<?xml version="1.0" encoding="UTF-8"?>
<testsuite name="src.feudalismTests.KnightTest" tests="22" skipped="0" failures="0" errors="0" timestamp="2024-03-15T09:38:37" hostname="dark-cable-rests-fin-01" time="0.033">
  <properties/>
  <testcase name="testGetRebellionCounter" classname="src.feudalismTests.KnightTest" time="0.0"/>
  <testcase name="testGetMoney" classname="src.feudalismTests.KnightTest" time="0.001"/>
  <testcase name="testGetScore" classname="src.feudalismTests.KnightTest" time="0.0"/>
  <testcase name="testGetwound" classname="src.feudalismTests.KnightTest" time="0.0"/>
  <testcase name="testGetHitsCounter" classname="src.feudalismTests.KnightTest" time="0.0"/>
  <testcase name="testSetMercenaries" classname="src.feudalismTests.KnightTest" time="0.0"/>
  <testcase name="testSetLocation" classname="src.feudalismTests.KnightTest" time="0.0"/>
  <testcase name="testGetLocation" classname="src.feudalismTests.KnightTest" time="0.015"/>
  <testcase name="testGetKill" classname="src.feudalismTests.KnightTest" time="0.001"/>
  <testcase name="testGetName" classname="src.feudalismTests.KnightTest" time="0.0"/>
  <testcase name="testGetRank" classname="src.feudalismTests.KnightTest" time="0.0"/>
  <testcase name="testSetFiefdoms" classname="src.feudalismTests.KnightTest" time="0.001"/>
  <testcase name="testGetFiefdoms" classname="src.feudalismTests.KnightTest" time="0.0"/>
  <testcase name="testSetRebellionCounter" classname="src.feudalismTests.KnightTest" time="0.0"/>
  <testcase name="testGetMercenaries" classname="src.feudalismTests.KnightTest" time="0.0"/>
  <testcase name="testSetHitsCounter" classname="src.feudalismTests.KnightTest" time="0.0"/>
  <testcase name="testSetKill" classname="src.feudalismTests.KnightTest" time="0.0"/>
  <testcase name="testSetName" classname="src.feudalismTests.KnightTest" time="0.0"/>
  <testcase name="testSetRank" classname="src.feudalismTests.KnightTest" time="0.001"/>
  <testcase name="testSetMoney" classname="src.feudalismTests.KnightTest" time="0.0"/>
  <testcase name="testSetScore" classname="src.feudalismTests.KnightTest" time="0.001"/>
  <testcase name="testSetWound" classname="src.feudalismTests.KnightTest" time="0.0"/>
  <system-out><![CDATA[Innexistent fiefdom: Anjou
Innexistent fiefdom: Ile-De-France
Innexistent fiefdom: Anjou
]]></system-out>
  <system-err><![CDATA[]]></system-err>
</testsuite>
