<?xml version="1.0" encoding="UTF-8"?>
<testsuite name="src.feudalismTests.FiefdomsTest" tests="23" skipped="0" failures="0" errors="0" timestamp="2024-03-15T09:38:37" hostname="dark-cable-rests-fin-01" time="0.087">
  <properties/>
  <testcase name="testGetOwner" classname="src.feudalismTests.FiefdomsTest" time="0.0"/>
  <testcase name="testGetValue" classname="src.feudalismTests.FiefdomsTest" time="0.001"/>
  <testcase name="testGetPersonalCastles" classname="src.feudalismTests.FiefdomsTest" time="0.0"/>
  <testcase name="testGetMoveVassals" classname="src.feudalismTests.FiefdomsTest" time="0.0"/>
  <testcase name="testSetNeighbors" classname="src.feudalismTests.FiefdomsTest" time="0.0"/>
  <testcase name="testSetIntruders" classname="src.feudalismTests.FiefdomsTest" time="0.063"/>
  <testcase name="testSetFiefdomCastles" classname="src.feudalismTests.FiefdomsTest" time="0.002"/>
  <testcase name="testSetPersonalCastles" classname="src.feudalismTests.FiefdomsTest" time="0.001"/>
  <testcase name="testIsKingdom" classname="src.feudalismTests.FiefdomsTest" time="0.007"/>
  <testcase name="testGetName" classname="src.feudalismTests.FiefdomsTest" time="0.001"/>
  <testcase name="testSetRebelliousVassals" classname="src.feudalismTests.FiefdomsTest" time="0.0"/>
  <testcase name="testGetFiefdomCastles" classname="src.feudalismTests.FiefdomsTest" time="0.0"/>
  <testcase name="testGetLoyalVassals" classname="src.feudalismTests.FiefdomsTest" time="0.0"/>
  <testcase name="testGetRebelliousVassals" classname="src.feudalismTests.FiefdomsTest" time="0.001"/>
  <testcase name="testSetMoveVassals" classname="src.feudalismTests.FiefdomsTest" time="0.0"/>
  <testcase name="testSetPeasants" classname="src.feudalismTests.FiefdomsTest" time="0.0"/>
  <testcase name="testGetPeasants" classname="src.feudalismTests.FiefdomsTest" time="0.0"/>
  <testcase name="testGetNeighbors" classname="src.feudalismTests.FiefdomsTest" time="0.0"/>
  <testcase name="testSetKingdom" classname="src.feudalismTests.FiefdomsTest" time="0.001"/>
  <testcase name="testSetName" classname="src.feudalismTests.FiefdomsTest" time="0.0"/>
  <testcase name="testGetIntruders" classname="src.feudalismTests.FiefdomsTest" time="0.0"/>
  <testcase name="testSetOwner" classname="src.feudalismTests.FiefdomsTest" time="0.0"/>
  <testcase name="testSetValue" classname="src.feudalismTests.FiefdomsTest" time="0.0"/>
  <system-out><![CDATA[09:38:37.768 [Test worker] INFO org.evosuite.runtime.instrumentation.EvoClassLoader - Seeing class for first time: src.FiefdomsPersistenceDelegate
09:38:37.768 [Test worker] INFO org.evosuite.runtime.instrumentation.EvoClassLoader - Instrumenting class 'src.FiefdomsPersistenceDelegate'.
09:38:37.769 [Test worker] INFO org.evosuite.runtime.instrumentation.EvoClassLoader - Error while loading class: java.lang.ClassNotFoundException: Class 'src/FiefdomsPersistenceDelegate.class' should be in target project, but could not be found!
09:38:37.769 [Test worker] INFO org.evosuite.runtime.instrumentation.EvoClassLoader - Seeing class for first time: src.FiefdomsBeanInfo
09:38:37.769 [Test worker] INFO org.evosuite.runtime.instrumentation.EvoClassLoader - Instrumenting class 'src.FiefdomsBeanInfo'.
09:38:37.770 [Test worker] INFO org.evosuite.runtime.instrumentation.EvoClassLoader - Error while loading class: java.lang.ClassNotFoundException: Class 'src/FiefdomsBeanInfo.class' should be in target project, but could not be found!
09:38:37.773 [Test worker] INFO org.evosuite.runtime.instrumentation.EvoClassLoader - Seeing class for first time: src.FiefdomsCustomizer
09:38:37.773 [Test worker] INFO org.evosuite.runtime.instrumentation.EvoClassLoader - Instrumenting class 'src.FiefdomsCustomizer'.
09:38:37.773 [Test worker] INFO org.evosuite.runtime.instrumentation.EvoClassLoader - Error while loading class: java.lang.ClassNotFoundException: Class 'src/FiefdomsCustomizer.class' should be in target project, but could not be found!
]]></system-out>
  <system-err><![CDATA[]]></system-err>
</testsuite>
