<?xml version="1.0" encoding="UTF-8"?>
<testsuite name="de.paragon.explorer.event.ExplorerFrameEventConverter_ESTest" tests="2" skipped="0" failures="1" errors="0" timestamp="2024-03-15T09:45:07" hostname="dark-cable-rests-fin-01" time="3.348">
  <properties/>
  <testcase name="testFailsToCreateExplorerFrameEventConverterThrowsHeadlessException()" classname="de.paragon.explorer.event.ExplorerFrameEventConverter_ESTest" time="3.084"/>
  <testcase name="initializationError" classname="de.paragon.explorer.event.ExplorerFrameEventConverter_ESTest" time="0.006">
    <failure message="org.junit.runners.model.InvalidTestClassError: Invalid test class 'de.paragon.explorer.event.ExplorerFrameEventConverter_ESTest':&#10;  1. No runnable methods" type="org.junit.runners.model.InvalidTestClassError">org.junit.runners.model.InvalidTestClassError: Invalid test class 'de.paragon.explorer.event.ExplorerFrameEventConverter_ESTest':
  1. No runnable methods
	at org.junit.runners.ParentRunner.validate(ParentRunner.java:525)
	at org.junit.runners.ParentRunner.&lt;init&gt;(ParentRunner.java:92)
	at org.junit.runners.BlockJUnit4ClassRunner.&lt;init&gt;(BlockJUnit4ClassRunner.java:74)
	at org.evosuite.runtime.EvoRunner.&lt;init&gt;(EvoRunner.java:76)
	at sun.reflect.NativeConstructorAccessorImpl.newInstance0(Native Method)
	at sun.reflect.NativeConstructorAccessorImpl.newInstance(NativeConstructorAccessorImpl.java:62)
	at sun.reflect.DelegatingConstructorAccessorImpl.newInstance(DelegatingConstructorAccessorImpl.java:45)
	at java.lang.reflect.Constructor.newInstance(Constructor.java:423)
	at org.junit.internal.builders.AnnotatedBuilder.buildRunner(AnnotatedBuilder.java:104)
	at org.junit.vintage.engine.discovery.DefensiveAllDefaultPossibilitiesBuilder$DefensiveAnnotatedBuilder.buildRunner(DefensiveAllDefaultPossibilitiesBuilder.java:114)
	at org.junit.internal.builders.AnnotatedBuilder.runnerForClass(AnnotatedBuilder.java:86)
	at org.junit.runners.model.RunnerBuilder.safeRunnerForClass(RunnerBuilder.java:70)
	at org.junit.internal.builders.AllDefaultPossibilitiesBuilder.runnerForClass(AllDefaultPossibilitiesBuilder.java:37)
	at org.junit.vintage.engine.discovery.DefensiveAllDefaultPossibilitiesBuilder.runnerForClass(DefensiveAllDefaultPossibilitiesBuilder.java:57)
	at org.junit.runners.model.RunnerBuilder.safeRunnerForClass(RunnerBuilder.java:70)
	at org.junit.vintage.engine.discovery.ClassSelectorResolver.resolveTestClass(ClassSelectorResolver.java:66)
	at org.junit.vintage.engine.discovery.ClassSelectorResolver.resolve(ClassSelectorResolver.java:47)
	at org.junit.platform.engine.support.discovery.EngineDiscoveryRequestResolution.lambda$resolve$2(EngineDiscoveryRequestResolution.java:134)
	at java.util.stream.ReferencePipeline$3$1.accept(ReferencePipeline.java:193)
	at java.util.ArrayList$ArrayListSpliterator.tryAdvance(ArrayList.java:1361)
	at java.util.stream.ReferencePipeline.forEachWithCancel(ReferencePipeline.java:126)
	at java.util.stream.AbstractPipeline.copyIntoWithCancel(AbstractPipeline.java:499)
	at java.util.stream.AbstractPipeline.copyInto(AbstractPipeline.java:486)
	at java.util.stream.AbstractPipeline.wrapAndCopyInto(AbstractPipeline.java:472)
	at java.util.stream.FindOps$FindOp.evaluateSequential(FindOps.java:152)
	at java.util.stream.AbstractPipeline.evaluate(AbstractPipeline.java:234)
	at java.util.stream.ReferencePipeline.findFirst(ReferencePipeline.java:531)
	at org.junit.platform.engine.support.discovery.EngineDiscoveryRequestResolution.resolve(EngineDiscoveryRequestResolution.java:185)
	at org.junit.platform.engine.support.discovery.EngineDiscoveryRequestResolution.resolve(EngineDiscoveryRequestResolution.java:125)
	at org.junit.platform.engine.support.discovery.EngineDiscoveryRequestResolution.resolveCompletely(EngineDiscoveryRequestResolution.java:91)
	at org.junit.platform.engine.support.discovery.EngineDiscoveryRequestResolution.run(EngineDiscoveryRequestResolution.java:82)
	at org.junit.platform.engine.support.discovery.EngineDiscoveryRequestResolver.resolve(EngineDiscoveryRequestResolver.java:113)
	at org.junit.vintage.engine.discovery.VintageDiscoverer.discover(VintageDiscoverer.java:42)
	at org.junit.vintage.engine.VintageTestEngine.discover(VintageTestEngine.java:64)
	at org.junit.platform.launcher.core.EngineDiscoveryOrchestrator.discoverEngineRoot(EngineDiscoveryOrchestrator.java:152)
	at org.junit.platform.launcher.core.EngineDiscoveryOrchestrator.discoverSafely(EngineDiscoveryOrchestrator.java:134)
	at org.junit.platform.launcher.core.EngineDiscoveryOrchestrator.discover(EngineDiscoveryOrchestrator.java:108)
	at org.junit.platform.launcher.core.EngineDiscoveryOrchestrator.discover(EngineDiscoveryOrchestrator.java:80)
	at org.junit.platform.launcher.core.DefaultLauncher.discover(DefaultLauncher.java:110)
	at org.junit.platform.launcher.core.DefaultLauncher.execute(DefaultLauncher.java:86)
	at org.junit.platform.launcher.core.DefaultLauncherSession$DelegatingLauncher.execute(DefaultLauncherSession.java:86)
	at org.gradle.api.internal.tasks.testing.junitplatform.JUnitPlatformTestClassProcessor$CollectAllTestClassesExecutor.processAllTestClasses(JUnitPlatformTestClassProcessor.java:119)
	at org.gradle.api.internal.tasks.testing.junitplatform.JUnitPlatformTestClassProcessor$CollectAllTestClassesExecutor.access$000(JUnitPlatformTestClassProcessor.java:94)
	at org.gradle.api.internal.tasks.testing.junitplatform.JUnitPlatformTestClassProcessor.stop(JUnitPlatformTestClassProcessor.java:89)
	at org.gradle.api.internal.tasks.testing.SuiteTestClassProcessor.stop(SuiteTestClassProcessor.java:62)
	at sun.reflect.NativeMethodAccessorImpl.invoke0(Native Method)
	at sun.reflect.NativeMethodAccessorImpl.invoke(NativeMethodAccessorImpl.java:62)
	at sun.reflect.DelegatingMethodAccessorImpl.invoke(DelegatingMethodAccessorImpl.java:43)
	at java.lang.reflect.Method.invoke(Method.java:498)
	at org.gradle.internal.dispatch.ReflectionDispatch.dispatch(ReflectionDispatch.java:36)
	at org.gradle.internal.dispatch.ReflectionDispatch.dispatch(ReflectionDispatch.java:24)
	at org.gradle.internal.dispatch.ContextClassLoaderDispatch.dispatch(ContextClassLoaderDispatch.java:33)
	at org.gradle.internal.dispatch.ProxyDispatchAdapter$DispatchingInvocationHandler.invoke(ProxyDispatchAdapter.java:94)
	at com.sun.proxy.$Proxy2.stop(Unknown Source)
	at org.gradle.api.internal.tasks.testing.worker.TestWorker$3.run(TestWorker.java:193)
	at org.gradle.api.internal.tasks.testing.worker.TestWorker.executeAndMaintainThreadName(TestWorker.java:129)
	at org.gradle.api.internal.tasks.testing.worker.TestWorker.execute(TestWorker.java:100)
	at org.gradle.api.internal.tasks.testing.worker.TestWorker.execute(TestWorker.java:60)
	at org.gradle.process.internal.worker.child.ActionExecutionWorker.execute(ActionExecutionWorker.java:56)
	at org.gradle.process.internal.worker.child.SystemApplicationClassLoaderWorker.call(SystemApplicationClassLoaderWorker.java:113)
	at org.gradle.process.internal.worker.child.SystemApplicationClassLoaderWorker.call(SystemApplicationClassLoaderWorker.java:65)
	at worker.org.gradle.process.internal.worker.GradleWorkerMain.run(GradleWorkerMain.java:69)
	at worker.org.gradle.process.internal.worker.GradleWorkerMain.main(GradleWorkerMain.java:74)
</failure>
  </testcase>
  <system-out><![CDATA[09:45:06.816 [Test worker] DEBUG org.evosuite.runtime.sandbox.MSecurityManager - Adding privileged thread: "Reference Handler"
09:45:06.816 [Test worker] DEBUG org.evosuite.runtime.sandbox.MSecurityManager - Adding privileged thread: "Finalizer"
09:45:06.816 [Test worker] DEBUG org.evosuite.runtime.sandbox.MSecurityManager - Adding privileged thread: "Signal Dispatcher"
09:45:06.816 [Test worker] DEBUG org.evosuite.runtime.sandbox.MSecurityManager - Adding privileged thread: "Java2D Disposer"
09:45:06.816 [Test worker] DEBUG org.evosuite.runtime.sandbox.MSecurityManager - Adding privileged thread: "Test worker"
09:45:06.816 [Test worker] DEBUG org.evosuite.runtime.sandbox.MSecurityManager - Adding privileged thread: "/127.0.0.1:53704 to /127.0.0.1:43367 workers"
09:45:06.816 [Test worker] DEBUG org.evosuite.runtime.sandbox.MSecurityManager - Adding privileged thread: "/127.0.0.1:53704 to /127.0.0.1:43367 workers Thread 2"
09:45:06.820 [Test worker] DEBUG org.evosuite.runtime.sandbox.MSecurityManager - Adding privileged thread: "/127.0.0.1:53704 to /127.0.0.1:43367 workers Thread 3"
09:45:07.077 [Test worker] ERROR org.evosuite.runtime.classhandling.ClassStateSupport - Found $jacocoInit in class de.paragon.explorer.event.FocusManager
09:45:07.105 [Test worker] ERROR org.evosuite.runtime.classhandling.ClassStateSupport - Class de.paragon.explorer.event.FocusManager was not instrumented by EvoSuite. This could happen if you are running JUnit tests in a way that is not handled by EvoSuite, in which some classes are loaded be reflection before the tests are run. Consult the EvoSuite documentation for possible workarounds for this issue.
09:45:07.105 [Test worker] ERROR org.evosuite.runtime.classhandling.ClassStateSupport - Class de.paragon.explorer.excp.FigureEventException was not instrumented by EvoSuite. This could happen if you are running JUnit tests in a way that is not handled by EvoSuite, in which some classes are loaded be reflection before the tests are run. Consult the EvoSuite documentation for possible workarounds for this issue.
09:45:07.105 [Test worker] ERROR org.evosuite.runtime.classhandling.ClassStateSupport - Class de.paragon.explorer.event.ObjectCopyDialogEventConverter was not instrumented by EvoSuite. This could happen if you are running JUnit tests in a way that is not handled by EvoSuite, in which some classes are loaded be reflection before the tests are run. Consult the EvoSuite documentation for possible workarounds for this issue.
09:45:07.105 [Test worker] ERROR org.evosuite.runtime.classhandling.ClassStateSupport - Class org.apache.log4j.DefaultCategoryFactory was not instrumented by EvoSuite. This could happen if you are running JUnit tests in a way that is not handled by EvoSuite, in which some classes are loaded be reflection before the tests are run. Consult the EvoSuite documentation for possible workarounds for this issue.
09:45:07.106 [Test worker] ERROR org.evosuite.runtime.classhandling.ClassStateSupport - Class org.apache.log4j.or.RendererMap was not instrumented by EvoSuite. This could happen if you are running JUnit tests in a way that is not handled by EvoSuite, in which some classes are loaded be reflection before the tests are run. Consult the EvoSuite documentation for possible workarounds for this issue.
09:45:07.106 [Test worker] ERROR org.evosuite.runtime.classhandling.ClassStateSupport - Class org.apache.log4j.Logger was not instrumented by EvoSuite. This could happen if you are running JUnit tests in a way that is not handled by EvoSuite, in which some classes are loaded be reflection before the tests are run. Consult the EvoSuite documentation for possible workarounds for this issue.
09:45:07.106 [Test worker] ERROR org.evosuite.runtime.classhandling.ClassStateSupport - Class de.paragon.explorer.figure.FigureStore was not instrumented by EvoSuite. This could happen if you are running JUnit tests in a way that is not handled by EvoSuite, in which some classes are loaded be reflection before the tests are run. Consult the EvoSuite documentation for possible workarounds for this issue.
09:45:07.106 [Test worker] ERROR org.evosuite.runtime.classhandling.ClassStateSupport - Class org.apache.log4j.Level was not instrumented by EvoSuite. This could happen if you are running JUnit tests in a way that is not handled by EvoSuite, in which some classes are loaded be reflection before the tests are run. Consult the EvoSuite documentation for possible workarounds for this issue.
09:45:07.106 [Test worker] ERROR org.evosuite.runtime.classhandling.ClassStateSupport - Class de.paragon.explorer.figure.ExplorerFigure was not instrumented by EvoSuite. This could happen if you are running JUnit tests in a way that is not handled by EvoSuite, in which some classes are loaded be reflection before the tests are run. Consult the EvoSuite documentation for possible workarounds for this issue.
09:45:07.106 [Test worker] ERROR org.evosuite.runtime.classhandling.ClassStateSupport - Class org.apache.log4j.helpers.LogLog was not instrumented by EvoSuite. This could happen if you are running JUnit tests in a way that is not handled by EvoSuite, in which some classes are loaded be reflection before the tests are run. Consult the EvoSuite documentation for possible workarounds for this issue.
09:45:07.106 [Test worker] ERROR org.evosuite.runtime.classhandling.ClassStateSupport - Class org.apache.log4j.Category was not instrumented by EvoSuite. This could happen if you are running JUnit tests in a way that is not handled by EvoSuite, in which some classes are loaded be reflection before the tests are run. Consult the EvoSuite documentation for possible workarounds for this issue.
09:45:07.107 [Test worker] ERROR org.evosuite.runtime.classhandling.ClassStateSupport - Class de.paragon.explorer.gui.ExplorerDrawingPanel was not instrumented by EvoSuite. This could happen if you are running JUnit tests in a way that is not handled by EvoSuite, in which some classes are loaded be reflection before the tests are run. Consult the EvoSuite documentation for possible workarounds for this issue.
09:45:07.107 [Test worker] ERROR org.evosuite.runtime.classhandling.ClassStateSupport - Class de.paragon.explorer.event.DrawEvent was not instrumented by EvoSuite. This could happen if you are running JUnit tests in a way that is not handled by EvoSuite, in which some classes are loaded be reflection before the tests are run. Consult the EvoSuite documentation for possible workarounds for this issue.
09:45:07.107 [Test worker] ERROR org.evosuite.runtime.classhandling.ClassStateSupport - Class de.paragon.explorer.event.ExplorerPopupActionConverter was not instrumented by EvoSuite. This could happen if you are running JUnit tests in a way that is not handled by EvoSuite, in which some classes are loaded be reflection before the tests are run. Consult the EvoSuite documentation for possible workarounds for this issue.
09:45:07.107 [Test worker] ERROR org.evosuite.runtime.classhandling.ClassStateSupport - Class de.paragon.explorer.event.ExplorerActionConverter was not instrumented by EvoSuite. This could happen if you are running JUnit tests in a way that is not handled by EvoSuite, in which some classes are loaded be reflection before the tests are run. Consult the EvoSuite documentation for possible workarounds for this issue.
09:45:07.108 [Test worker] ERROR org.evosuite.runtime.classhandling.ClassStateSupport - Class de.paragon.explorer.figure.FigureChangeEvent was not instrumented by EvoSuite. This could happen if you are running JUnit tests in a way that is not handled by EvoSuite, in which some classes are loaded be reflection before the tests are run. Consult the EvoSuite documentation for possible workarounds for this issue.
09:45:07.108 [Test worker] ERROR org.evosuite.runtime.classhandling.ClassStateSupport - Class org.apache.log4j.CategoryKey was not instrumented by EvoSuite. This could happen if you are running JUnit tests in a way that is not handled by EvoSuite, in which some classes are loaded be reflection before the tests are run. Consult the EvoSuite documentation for possible workarounds for this issue.
09:45:07.108 [Test worker] ERROR org.evosuite.runtime.classhandling.ClassStateSupport - Class de.paragon.explorer.popup.AttributePopupMenu was not instrumented by EvoSuite. This could happen if you are running JUnit tests in a way that is not handled by EvoSuite, in which some classes are loaded be reflection before the tests are run. Consult the EvoSuite documentation for possible workarounds for this issue.
09:45:07.108 [Test worker] ERROR org.evosuite.runtime.classhandling.ClassStateSupport - Class de.paragon.explorer.figure.ListBoxFigure was not instrumented by EvoSuite. This could happen if you are running JUnit tests in a way that is not handled by EvoSuite, in which some classes are loaded be reflection before the tests are run. Consult the EvoSuite documentation for possible workarounds for this issue.
09:45:07.108 [Test worker] ERROR org.evosuite.runtime.classhandling.ClassStateSupport - Class org.apache.log4j.or.DefaultRenderer was not instrumented by EvoSuite. This could happen if you are running JUnit tests in a way that is not handled by EvoSuite, in which some classes are loaded be reflection before the tests are run. Consult the EvoSuite documentation for possible workarounds for this issue.
09:45:07.108 [Test worker] ERROR org.evosuite.runtime.classhandling.ClassStateSupport - Class de.paragon.explorer.gui.DisplayBoxComposer was not instrumented by EvoSuite. This could happen if you are running JUnit tests in a way that is not handled by EvoSuite, in which some classes are loaded be reflection before the tests are run. Consult the EvoSuite documentation for possible workarounds for this issue.
09:45:07.108 [Test worker] ERROR org.evosuite.runtime.classhandling.ClassStateSupport - Class org.apache.log4j.PropertyWatchdog was not instrumented by EvoSuite. This could happen if you are running JUnit tests in a way that is not handled by EvoSuite, in which some classes are loaded be reflection before the tests are run. Consult the EvoSuite documentation for possible workarounds for this issue.
09:45:07.109 [Test worker] ERROR org.evosuite.runtime.classhandling.ClassStateSupport - Class de.paragon.explorer.figure.ColorRectangleFigure was not instrumented by EvoSuite. This could happen if you are running JUnit tests in a way that is not handled by EvoSuite, in which some classes are loaded be reflection before the tests are run. Consult the EvoSuite documentation for possible workarounds for this issue.
09:45:07.109 [Test worker] ERROR org.evosuite.runtime.classhandling.ClassStateSupport - Class org.apache.log4j.PropertyConfigurator was not instrumented by EvoSuite. This could happen if you are running JUnit tests in a way that is not handled by EvoSuite, in which some classes are loaded be reflection before the tests are run. Consult the EvoSuite documentation for possible workarounds for this issue.
09:45:07.109 [Test worker] ERROR org.evosuite.runtime.classhandling.ClassStateSupport - Class de.paragon.explorer.figure.ExplorerFieldListBoxFigure was not instrumented by EvoSuite. This could happen if you are running JUnit tests in a way that is not handled by EvoSuite, in which some classes are loaded be reflection before the tests are run. Consult the EvoSuite documentation for possible workarounds for this issue.
09:45:07.109 [Test worker] ERROR org.evosuite.runtime.classhandling.ClassStateSupport - Class org.apache.log4j.helpers.Loader was not instrumented by EvoSuite. This could happen if you are running JUnit tests in a way that is not handled by EvoSuite, in which some classes are loaded be reflection before the tests are run. Consult the EvoSuite documentation for possible workarounds for this issue.
09:45:07.110 [Test worker] ERROR org.evosuite.runtime.classhandling.ClassStateSupport - Class org.apache.log4j.ProvisionNode was not instrumented by EvoSuite. This could happen if you are running JUnit tests in a way that is not handled by EvoSuite, in which some classes are loaded be reflection before the tests are run. Consult the EvoSuite documentation for possible workarounds for this issue.
09:45:07.110 [Test worker] ERROR org.evosuite.runtime.classhandling.ClassStateSupport - Class org.apache.log4j.Hierarchy was not instrumented by EvoSuite. This could happen if you are running JUnit tests in a way that is not handled by EvoSuite, in which some classes are loaded be reflection before the tests are run. Consult the EvoSuite documentation for possible workarounds for this issue.
09:45:07.110 [Test worker] ERROR org.evosuite.runtime.classhandling.ClassStateSupport - Class org.apache.log4j.helpers.FileWatchdog was not instrumented by EvoSuite. This could happen if you are running JUnit tests in a way that is not handled by EvoSuite, in which some classes are loaded be reflection before the tests are run. Consult the EvoSuite documentation for possible workarounds for this issue.
09:45:07.110 [Test worker] ERROR org.evosuite.runtime.classhandling.ClassStateSupport - Class de.paragon.explorer.util.ExplorerManager was not instrumented by EvoSuite. This could happen if you are running JUnit tests in a way that is not handled by EvoSuite, in which some classes are loaded be reflection before the tests are run. Consult the EvoSuite documentation for possible workarounds for this issue.
09:45:07.110 [Test worker] ERROR org.evosuite.runtime.classhandling.ClassStateSupport - Class de.paragon.explorer.figure.CompositeFigure was not instrumented by EvoSuite. This could happen if you are running JUnit tests in a way that is not handled by EvoSuite, in which some classes are loaded be reflection before the tests are run. Consult the EvoSuite documentation for possible workarounds for this issue.
09:45:07.110 [Test worker] ERROR org.evosuite.runtime.classhandling.ClassStateSupport - Class de.paragon.explorer.util.LoggerFactory was not instrumented by EvoSuite. This could happen if you are running JUnit tests in a way that is not handled by EvoSuite, in which some classes are loaded be reflection before the tests are run. Consult the EvoSuite documentation for possible workarounds for this issue.
09:45:07.110 [Test worker] ERROR org.evosuite.runtime.classhandling.ClassStateSupport - Class de.paragon.explorer.figure.TextBoxFigure was not instrumented by EvoSuite. This could happen if you are running JUnit tests in a way that is not handled by EvoSuite, in which some classes are loaded be reflection before the tests are run. Consult the EvoSuite documentation for possible workarounds for this issue.
09:45:07.111 [Test worker] ERROR org.evosuite.runtime.classhandling.ClassStateSupport - Class de.paragon.explorer.excp.FigureException was not instrumented by EvoSuite. This could happen if you are running JUnit tests in a way that is not handled by EvoSuite, in which some classes are loaded be reflection before the tests are run. Consult the EvoSuite documentation for possible workarounds for this issue.
09:45:07.111 [Test worker] ERROR org.evosuite.runtime.classhandling.ClassStateSupport - Class de.paragon.explorer.event.ObjectViewDialogEventConverter was not instrumented by EvoSuite. This could happen if you are running JUnit tests in a way that is not handled by EvoSuite, in which some classes are loaded be reflection before the tests are run. Consult the EvoSuite documentation for possible workarounds for this issue.
09:45:07.111 [Test worker] ERROR org.evosuite.runtime.classhandling.ClassStateSupport - Class de.paragon.explorer.figure.AbstractFigure was not instrumented by EvoSuite. This could happen if you are running JUnit tests in a way that is not handled by EvoSuite, in which some classes are loaded be reflection before the tests are run. Consult the EvoSuite documentation for possible workarounds for this issue.
09:45:07.111 [Test worker] ERROR org.evosuite.runtime.classhandling.ClassStateSupport - Class de.paragon.explorer.event.ExplorerFrameEventConverter was not instrumented by EvoSuite. This could happen if you are running JUnit tests in a way that is not handled by EvoSuite, in which some classes are loaded be reflection before the tests are run. Consult the EvoSuite documentation for possible workarounds for this issue.
09:45:07.111 [Test worker] ERROR org.evosuite.runtime.classhandling.ClassStateSupport - Class de.paragon.explorer.figure.RectangleFigure was not instrumented by EvoSuite. This could happen if you are running JUnit tests in a way that is not handled by EvoSuite, in which some classes are loaded be reflection before the tests are run. Consult the EvoSuite documentation for possible workarounds for this issue.
09:45:07.111 [Test worker] ERROR org.evosuite.runtime.classhandling.ClassStateSupport - Class org.apache.log4j.spi.DefaultRepositorySelector was not instrumented by EvoSuite. This could happen if you are running JUnit tests in a way that is not handled by EvoSuite, in which some classes are loaded be reflection before the tests are run. Consult the EvoSuite documentation for possible workarounds for this issue.
09:45:07.111 [Test worker] ERROR org.evosuite.runtime.classhandling.ClassStateSupport - Class org.apache.log4j.spi.RootLogger was not instrumented by EvoSuite. This could happen if you are running JUnit tests in a way that is not handled by EvoSuite, in which some classes are loaded be reflection before the tests are run. Consult the EvoSuite documentation for possible workarounds for this issue.
09:45:07.111 [Test worker] ERROR org.evosuite.runtime.classhandling.ClassStateSupport - Class de.paragon.explorer.figure.StandardCompositeFigure was not instrumented by EvoSuite. This could happen if you are running JUnit tests in a way that is not handled by EvoSuite, in which some classes are loaded be reflection before the tests are run. Consult the EvoSuite documentation for possible workarounds for this issue.
09:45:07.111 [Test worker] ERROR org.evosuite.runtime.classhandling.ClassStateSupport - Class de.paragon.explorer.gui.NullDisplayBox was not instrumented by EvoSuite. This could happen if you are running JUnit tests in a way that is not handled by EvoSuite, in which some classes are loaded be reflection before the tests are run. Consult the EvoSuite documentation for possible workarounds for this issue.
09:45:07.111 [Test worker] ERROR org.evosuite.runtime.classhandling.ClassStateSupport - Class de.paragon.explorer.gui.ExplorerFrame was not instrumented by EvoSuite. This could happen if you are running JUnit tests in a way that is not handled by EvoSuite, in which some classes are loaded be reflection before the tests are run. Consult the EvoSuite documentation for possible workarounds for this issue.
09:45:07.112 [Test worker] ERROR org.evosuite.runtime.classhandling.ClassStateSupport - Class de.paragon.explorer.model.Model was not instrumented by EvoSuite. This could happen if you are running JUnit tests in a way that is not handled by EvoSuite, in which some classes are loaded be reflection before the tests are run. Consult the EvoSuite documentation for possible workarounds for this issue.
09:45:07.112 [Test worker] ERROR org.evosuite.runtime.classhandling.ClassStateSupport - Class de.paragon.explorer.excp.NoSuchFigureException was not instrumented by EvoSuite. This could happen if you are running JUnit tests in a way that is not handled by EvoSuite, in which some classes are loaded be reflection before the tests are run. Consult the EvoSuite documentation for possible workarounds for this issue.
09:45:07.112 [Test worker] ERROR org.evosuite.runtime.classhandling.ClassStateSupport - Class org.apache.log4j.Priority was not instrumented by EvoSuite. This could happen if you are running JUnit tests in a way that is not handled by EvoSuite, in which some classes are loaded be reflection before the tests are run. Consult the EvoSuite documentation for possible workarounds for this issue.
09:45:07.112 [Test worker] ERROR org.evosuite.runtime.classhandling.ClassStateSupport - Class de.paragon.explorer.event.AboutDialogEventConverter was not instrumented by EvoSuite. This could happen if you are running JUnit tests in a way that is not handled by EvoSuite, in which some classes are loaded be reflection before the tests are run. Consult the EvoSuite documentation for possible workarounds for this issue.
09:45:07.112 [Test worker] ERROR org.evosuite.runtime.classhandling.ClassStateSupport - Class de.paragon.explorer.figure.FigureChangeManager was not instrumented by EvoSuite. This could happen if you are running JUnit tests in a way that is not handled by EvoSuite, in which some classes are loaded be reflection before the tests are run. Consult the EvoSuite documentation for possible workarounds for this issue.
09:45:07.112 [Test worker] ERROR org.evosuite.runtime.classhandling.ClassStateSupport - Class org.apache.log4j.LogManager was not instrumented by EvoSuite. This could happen if you are running JUnit tests in a way that is not handled by EvoSuite, in which some classes are loaded be reflection before the tests are run. Consult the EvoSuite documentation for possible workarounds for this issue.
09:45:07.112 [Test worker] ERROR org.evosuite.runtime.classhandling.ClassStateSupport - Class org.apache.log4j.helpers.OptionConverter was not instrumented by EvoSuite. This could happen if you are running JUnit tests in a way that is not handled by EvoSuite, in which some classes are loaded be reflection before the tests are run. Consult the EvoSuite documentation for possible workarounds for this issue.
09:45:07.112 [Test worker] ERROR org.evosuite.runtime.classhandling.ClassStateSupport - Class de.paragon.explorer.popup.HeaderPopupMenu was not instrumented by EvoSuite. This could happen if you are running JUnit tests in a way that is not handled by EvoSuite, in which some classes are loaded be reflection before the tests are run. Consult the EvoSuite documentation for possible workarounds for this issue.
09:45:07.174 [Test worker] INFO org.evosuite.runtime.thread.ThreadStopper - Found new thread
09:45:10.148 [Test worker] INFO org.evosuite.runtime.thread.ThreadStopper - Thread is still alive: junit-jupiter-timeout-watcher
09:45:10.152 [Test worker] DEBUG org.evosuite.runtime.classhandling.ClassResetter - __STATIC_RESET() method does not exists in class de.paragon.explorer.event.ExplorerFrameEventConverter
09:45:10.152 [Test worker] DEBUG org.evosuite.runtime.classhandling.ClassResetter - __STATIC_RESET() method does not exists in class de.paragon.explorer.event.ExplorerActionConverter
09:45:10.152 [Test worker] DEBUG org.evosuite.runtime.classhandling.ClassResetter - __STATIC_RESET() method does not exists in class de.paragon.explorer.util.ExplorerManager
09:45:10.153 [Test worker] DEBUG org.evosuite.runtime.classhandling.ClassResetter - __STATIC_RESET() method does not exists in class de.paragon.explorer.event.ExplorerPopupActionConverter
09:45:10.153 [Test worker] DEBUG org.evosuite.runtime.classhandling.ClassResetter - __STATIC_RESET() method does not exists in class org.apache.log4j.Category
09:45:10.153 [Test worker] DEBUG org.evosuite.runtime.classhandling.ClassResetter - __STATIC_RESET() method does not exists in class org.apache.log4j.Logger
09:45:10.153 [Test worker] DEBUG org.evosuite.runtime.classhandling.ClassResetter - __STATIC_RESET() method does not exists in class org.apache.log4j.Priority
09:45:10.153 [Test worker] DEBUG org.evosuite.runtime.classhandling.ClassResetter - __STATIC_RESET() method does not exists in class org.apache.log4j.Level
09:45:10.154 [Test worker] DEBUG org.evosuite.runtime.classhandling.ClassResetter - __STATIC_RESET() method does not exists in class org.apache.log4j.helpers.OptionConverter
09:45:10.154 [Test worker] DEBUG org.evosuite.runtime.classhandling.ClassResetter - __STATIC_RESET() method does not exists in class org.apache.log4j.helpers.LogLog
09:45:10.154 [Test worker] DEBUG org.evosuite.runtime.classhandling.ClassResetter - __STATIC_RESET() method does not exists in class org.apache.log4j.helpers.Loader
09:45:10.154 [Test worker] DEBUG org.evosuite.runtime.classhandling.ClassResetter - __STATIC_RESET() method does not exists in class org.apache.log4j.Hierarchy
09:45:10.155 [Test worker] DEBUG org.evosuite.runtime.classhandling.ClassResetter - __STATIC_RESET() method does not exists in class org.apache.log4j.spi.RootLogger
09:45:10.155 [Test worker] DEBUG org.evosuite.runtime.classhandling.ClassResetter - __STATIC_RESET() method does not exists in class org.apache.log4j.or.DefaultRenderer
09:45:10.155 [Test worker] DEBUG org.evosuite.runtime.classhandling.ClassResetter - __STATIC_RESET() method does not exists in class org.apache.log4j.or.RendererMap
09:45:10.155 [Test worker] DEBUG org.evosuite.runtime.classhandling.ClassResetter - __STATIC_RESET() method does not exists in class org.apache.log4j.DefaultCategoryFactory
09:45:10.156 [Test worker] DEBUG org.evosuite.runtime.classhandling.ClassResetter - __STATIC_RESET() method does not exists in class org.apache.log4j.spi.DefaultRepositorySelector
09:45:10.156 [Test worker] DEBUG org.evosuite.runtime.classhandling.ClassResetter - __STATIC_RESET() method does not exists in class org.apache.log4j.PropertyConfigurator
09:45:10.156 [Test worker] DEBUG org.evosuite.runtime.classhandling.ClassResetter - __STATIC_RESET() method does not exists in class org.apache.log4j.LogManager
09:45:10.156 [Test worker] DEBUG org.evosuite.runtime.classhandling.ClassResetter - __STATIC_RESET() method does not exists in class de.paragon.explorer.util.LoggerFactory
09:45:10.156 [Test worker] DEBUG org.evosuite.runtime.classhandling.ClassResetter - __STATIC_RESET() method does not exists in class org.apache.log4j.CategoryKey
09:45:10.156 [Test worker] DEBUG org.evosuite.runtime.classhandling.ClassResetter - __STATIC_RESET() method does not exists in class org.apache.log4j.ProvisionNode
09:45:10.159 [Test worker] DEBUG org.evosuite.runtime.classhandling.ClassResetter - __STATIC_RESET() method does not exists in class de.paragon.explorer.Explorer
09:45:10.160 [Test worker] DEBUG org.evosuite.runtime.classhandling.ClassResetter - __STATIC_RESET() method does not exists in class de.paragon.explorer.model.Model
09:45:10.163 [Test worker] DEBUG org.evosuite.runtime.classhandling.ClassResetter - __STATIC_RESET() method does not exists in class de.paragon.explorer.model.ConnectionModel
09:45:10.163 [Test worker] DEBUG org.evosuite.runtime.classhandling.ClassResetter - __STATIC_RESET() method does not exists in class de.paragon.explorer.figure.AbstractFigure
09:45:10.163 [Test worker] DEBUG org.evosuite.runtime.classhandling.ClassResetter - __STATIC_RESET() method does not exists in class de.paragon.explorer.figure.CompositeFigure
09:45:10.164 [Test worker] DEBUG org.evosuite.runtime.classhandling.ClassResetter - __STATIC_RESET() method does not exists in class de.paragon.explorer.figure.StandardCompositeFigure
09:45:10.165 [Test worker] DEBUG org.evosuite.runtime.classhandling.ClassResetter - __STATIC_RESET() method does not exists in class de.paragon.explorer.figure.ExplorerFigure
09:45:10.165 [Test worker] DEBUG org.evosuite.runtime.classhandling.ClassResetter - __STATIC_RESET() method does not exists in class de.paragon.explorer.figure.FigureChangeManager
09:45:10.165 [Test worker] DEBUG org.evosuite.runtime.classhandling.ClassResetter - __STATIC_RESET() method does not exists in class de.paragon.explorer.figure.FigureStore
09:45:10.165 [Test worker] DEBUG org.evosuite.runtime.classhandling.ClassResetter - __STATIC_RESET() method does not exists in class de.paragon.explorer.gui.NullDisplayBox
09:45:10.166 [Test worker] DEBUG org.evosuite.runtime.classhandling.ClassResetter - __STATIC_RESET() method does not exists in class de.paragon.explorer.gui.DisplayBoxComposer
09:45:10.166 [Test worker] DEBUG org.evosuite.runtime.classhandling.ClassResetter - __STATIC_RESET() method does not exists in class de.paragon.explorer.gui.ExplorerFrame
09:45:10.166 [Test worker] DEBUG org.evosuite.runtime.classhandling.ClassResetter - __STATIC_RESET() method does not exists in class de.paragon.explorer.gui.ExplorerDrawingPanel
09:45:10.167 [Test worker] DEBUG org.evosuite.runtime.classhandling.ClassResetter - __STATIC_RESET() method does not exists in class de.paragon.explorer.popup.HeaderPopupMenu
09:45:10.169 [Test worker] DEBUG org.evosuite.runtime.classhandling.ClassResetter - __STATIC_RESET() method does not exists in class de.paragon.explorer.model.ExplorerModel
09:45:10.172 [Test worker] DEBUG org.evosuite.runtime.classhandling.ClassResetter - __STATIC_RESET() method does not exists in class de.paragon.explorer.util.StandardEnumerator
09:45:10.172 [Test worker] DEBUG org.evosuite.runtime.classhandling.ClassResetter - __STATIC_RESET() method does not exists in class de.paragon.explorer.model.ObjectModelPart
09:45:10.174 [Test worker] DEBUG org.evosuite.runtime.classhandling.ClassResetter - __STATIC_RESET() method does not exists in class de.paragon.explorer.model.AttributeModel
09:45:10.176 [Test worker] DEBUG org.evosuite.runtime.classhandling.ClassResetter - __STATIC_RESET() method does not exists in class de.paragon.explorer.model.ArrayAttributeModel
09:45:10.176 [Test worker] DEBUG org.evosuite.runtime.classhandling.ClassResetter - __STATIC_RESET() method does not exists in class de.paragon.explorer.figure.RectangleFigure
09:45:10.176 [Test worker] DEBUG org.evosuite.runtime.classhandling.ClassResetter - __STATIC_RESET() method does not exists in class de.paragon.explorer.figure.ColorRectangleFigure
09:45:10.176 [Test worker] DEBUG org.evosuite.runtime.classhandling.ClassResetter - __STATIC_RESET() method does not exists in class de.paragon.explorer.figure.TextBoxFigure
09:45:10.178 [Test worker] DEBUG org.evosuite.runtime.classhandling.ClassResetter - __STATIC_RESET() method does not exists in class de.paragon.explorer.gui.StandardRectangularDisplayBox
09:45:10.179 [Test worker] DEBUG org.evosuite.runtime.classhandling.ClassResetter - __STATIC_RESET() method does not exists in class de.paragon.explorer.model.ObjectHeaderModel
09:45:10.180 [Test worker] DEBUG org.evosuite.runtime.classhandling.ClassResetter - __STATIC_RESET() method does not exists in class de.paragon.explorer.model.ObjectModel
09:45:10.185 [Test worker] DEBUG org.evosuite.runtime.classhandling.ClassResetter - __STATIC_RESET() method does not exists in class de.paragon.explorer.figure.StandardConnectionFigure
09:45:10.185 [Test worker] DEBUG org.evosuite.runtime.classhandling.ClassResetter - __STATIC_RESET() method does not exists in class de.paragon.explorer.event.DrawEvent
09:45:10.185 [Test worker] DEBUG org.evosuite.runtime.classhandling.ClassResetter - __STATIC_RESET() method does not exists in class de.paragon.explorer.figure.FigureChangeEvent
09:45:10.188 [Test worker] DEBUG org.evosuite.runtime.classhandling.ClassResetter - __STATIC_RESET() method does not exists in class de.paragon.explorer.model.StandardAttributeModel
09:45:10.189 [Test worker] DEBUG org.evosuite.runtime.classhandling.ClassResetter - __STATIC_RESET() method does not exists in class de.paragon.explorer.util.AttributeTitleManager
09:45:10.189 [Test worker] DEBUG org.evosuite.runtime.classhandling.ClassResetter - __STATIC_RESET() method does not exists in class de.paragon.explorer.figure.ListBoxFigure
09:45:10.190 [Test worker] DEBUG org.evosuite.runtime.classhandling.ClassResetter - __STATIC_RESET() method does not exists in class de.paragon.explorer.figure.FilledRectangleFigure
09:45:10.191 [Test worker] DEBUG org.evosuite.runtime.classhandling.ClassResetter - __STATIC_RESET() method does not exists in class de.paragon.explorer.excp.FigureException
09:45:10.191 [Test worker] DEBUG org.evosuite.runtime.classhandling.ClassResetter - __STATIC_RESET() method does not exists in class de.paragon.explorer.excp.NoSuchFigureException
09:45:10.192 [Test worker] DEBUG org.evosuite.runtime.classhandling.ClassResetter - __STATIC_RESET() method does not exists in class de.paragon.explorer.util.ResourceBundleManager
09:45:10.193 [Test worker] DEBUG org.evosuite.runtime.classhandling.ClassResetter - __STATIC_RESET() method does not exists in class de.paragon.explorer.util.ResourceBundlePurchaser
09:45:10.193 [Test worker] DEBUG org.evosuite.runtime.classhandling.ClassResetter - __STATIC_RESET() method does not exists in class de.paragon.explorer.event.FocusManager
09:45:10.193 [Test worker] DEBUG org.evosuite.runtime.classhandling.ClassResetter - __STATIC_RESET() method does not exists in class de.paragon.explorer.figure.ExplorerFieldListBoxFigure
09:45:10.193 [Test worker] DEBUG org.evosuite.runtime.classhandling.ClassResetter - __STATIC_RESET() method does not exists in class de.paragon.explorer.excp.FigureEventException
09:45:10.194 [Test worker] DEBUG org.evosuite.runtime.classhandling.ClassResetter - __STATIC_RESET() method does not exists in class de.paragon.explorer.util.ExplorerColorManager
09:45:10.194 [Test worker] DEBUG org.evosuite.runtime.classhandling.ClassResetter - __STATIC_RESET() method does not exists in class de.paragon.explorer.util.ObjectViewManager
09:45:10.197 [Test worker] DEBUG org.evosuite.runtime.classhandling.ClassResetter - __STATIC_RESET() method does not exists in class de.paragon.explorer.util.PropertyManager
09:45:10.197 [Test worker] DEBUG org.evosuite.runtime.classhandling.ClassResetter - __STATIC_RESET() method does not exists in class de.paragon.explorer.util.ObjectTitleManager
09:45:10.198 [Test worker] DEBUG org.evosuite.runtime.classhandling.ClassResetter - __STATIC_RESET() method does not exists in class de.paragon.explorer.event.AboutDialogEventConverter
09:45:10.199 [Test worker] DEBUG org.evosuite.runtime.classhandling.ClassResetter - __STATIC_RESET() method does not exists in class de.paragon.explorer.model.NullObject
]]></system-out>
  <system-err><![CDATA[]]></system-err>
</testsuite>
