<?xml version="1.0" encoding="UTF-8"?>
<testsuite name="org.jcvi.jillion.assembly.consed.phd.DefaultPhdReadTag_ESTest" tests="36" skipped="0" failures="3" errors="0" timestamp="2024-03-15T09:54:45" hostname="dark-cable-rests-fin-01" time="0.835">
  <properties/>
  <testcase name="testGetFreeFormDataReturningEmptyString()" classname="org.jcvi.jillion.assembly.consed.phd.DefaultPhdReadTag_ESTest" time="0.114"/>
  <testcase name="testGetTypeReturningEmptyString()" classname="org.jcvi.jillion.assembly.consed.phd.DefaultPhdReadTag_ESTest" time="0.013"/>
  <testcase name="testGetSourceReturningNull()" classname="org.jcvi.jillion.assembly.consed.phd.DefaultPhdReadTag_ESTest" time="0.022"/>
  <testcase name="testEqualsAndEqualsReturningFalse10()" classname="org.jcvi.jillion.assembly.consed.phd.DefaultPhdReadTag_ESTest" time="0.019">
    <failure message="org.opentest4j.AssertionFailedError: expected: &lt;true&gt; but was: &lt;false&gt;" type="org.opentest4j.AssertionFailedError">org.opentest4j.AssertionFailedError: expected: &lt;true&gt; but was: &lt;false&gt;
	at org.junit.jupiter.api.AssertionUtils.fail(AssertionUtils.java:55)
	at org.junit.jupiter.api.AssertTrue.assertTrue(AssertTrue.java:40)
	at org.junit.jupiter.api.AssertTrue.assertTrue(AssertTrue.java:35)
	at org.junit.jupiter.api.Assertions.assertTrue(Assertions.java:179)
	at org.jcvi.jillion.assembly.consed.phd.DefaultPhdReadTag_ESTest.testEqualsAndEqualsReturningFalse10(DefaultPhdReadTag_ESTest.java:339)
	at sun.reflect.NativeMethodAccessorImpl.invoke0(Native Method)
	at sun.reflect.NativeMethodAccessorImpl.invoke(NativeMethodAccessorImpl.java:62)
	at sun.reflect.DelegatingMethodAccessorImpl.invoke(DelegatingMethodAccessorImpl.java:43)
	at java.lang.reflect.Method.invoke(Method.java:498)
	at org.junit.platform.commons.util.ReflectionUtils.invokeMethod(ReflectionUtils.java:725)
	at org.junit.jupiter.engine.execution.MethodInvocation.proceed(MethodInvocation.java:60)
	at org.junit.jupiter.engine.execution.InvocationInterceptorChain$ValidatingInvocation.proceed(InvocationInterceptorChain.java:131)
	at org.junit.jupiter.engine.extension.TimeoutInvocation.proceed(TimeoutInvocation.java:46)
	at org.junit.jupiter.engine.extension.TimeoutExtension.intercept(TimeoutExtension.java:149)
	at org.junit.jupiter.engine.extension.TimeoutExtension.interceptTestableMethod(TimeoutExtension.java:140)
	at org.junit.jupiter.engine.extension.TimeoutExtension.interceptTestMethod(TimeoutExtension.java:84)
	at org.junit.jupiter.engine.execution.ExecutableInvoker$ReflectiveInterceptorCall.lambda$ofVoidMethod$0(ExecutableInvoker.java:115)
	at org.junit.jupiter.engine.execution.ExecutableInvoker.lambda$invoke$0(ExecutableInvoker.java:105)
	at org.junit.jupiter.engine.execution.InvocationInterceptorChain$InterceptedInvocation.proceed(InvocationInterceptorChain.java:106)
	at org.junit.jupiter.engine.execution.InvocationInterceptorChain.proceed(InvocationInterceptorChain.java:64)
	at org.junit.jupiter.engine.execution.InvocationInterceptorChain.chainAndInvoke(InvocationInterceptorChain.java:45)
	at org.junit.jupiter.engine.execution.InvocationInterceptorChain.invoke(InvocationInterceptorChain.java:37)
	at org.junit.jupiter.engine.execution.ExecutableInvoker.invoke(ExecutableInvoker.java:104)
	at org.junit.jupiter.engine.execution.ExecutableInvoker.invoke(ExecutableInvoker.java:98)
	at org.junit.jupiter.engine.descriptor.TestMethodTestDescriptor.lambda$invokeTestMethod$7(TestMethodTestDescriptor.java:214)
	at org.junit.platform.engine.support.hierarchical.ThrowableCollector.execute(ThrowableCollector.java:73)
	at org.junit.jupiter.engine.descriptor.TestMethodTestDescriptor.invokeTestMethod(TestMethodTestDescriptor.java:210)
	at org.junit.jupiter.engine.descriptor.TestMethodTestDescriptor.execute(TestMethodTestDescriptor.java:135)
	at org.junit.jupiter.engine.descriptor.TestMethodTestDescriptor.execute(TestMethodTestDescriptor.java:66)
	at org.junit.platform.engine.support.hierarchical.NodeTestTask.lambda$executeRecursively$6(NodeTestTask.java:151)
	at org.junit.platform.engine.support.hierarchical.ThrowableCollector.execute(ThrowableCollector.java:73)
	at org.junit.platform.engine.support.hierarchical.NodeTestTask.lambda$executeRecursively$8(NodeTestTask.java:141)
	at org.junit.platform.engine.support.hierarchical.Node.around(Node.java:137)
	at org.junit.platform.engine.support.hierarchical.NodeTestTask.lambda$executeRecursively$9(NodeTestTask.java:139)
	at org.junit.platform.engine.support.hierarchical.ThrowableCollector.execute(ThrowableCollector.java:73)
	at org.junit.platform.engine.support.hierarchical.NodeTestTask.executeRecursively(NodeTestTask.java:138)
	at org.junit.platform.engine.support.hierarchical.NodeTestTask.execute(NodeTestTask.java:95)
	at java.util.ArrayList.forEach(ArrayList.java:1259)
	at org.junit.platform.engine.support.hierarchical.SameThreadHierarchicalTestExecutorService.invokeAll(SameThreadHierarchicalTestExecutorService.java:41)
	at org.junit.platform.engine.support.hierarchical.NodeTestTask.lambda$executeRecursively$6(NodeTestTask.java:155)
	at org.junit.platform.engine.support.hierarchical.ThrowableCollector.execute(ThrowableCollector.java:73)
	at org.junit.platform.engine.support.hierarchical.NodeTestTask.lambda$executeRecursively$8(NodeTestTask.java:141)
	at org.junit.platform.engine.support.hierarchical.Node.around(Node.java:137)
	at org.junit.platform.engine.support.hierarchical.NodeTestTask.lambda$executeRecursively$9(NodeTestTask.java:139)
	at org.junit.platform.engine.support.hierarchical.ThrowableCollector.execute(ThrowableCollector.java:73)
	at org.junit.platform.engine.support.hierarchical.NodeTestTask.executeRecursively(NodeTestTask.java:138)
	at org.junit.platform.engine.support.hierarchical.NodeTestTask.execute(NodeTestTask.java:95)
	at java.util.ArrayList.forEach(ArrayList.java:1259)
	at org.junit.platform.engine.support.hierarchical.SameThreadHierarchicalTestExecutorService.invokeAll(SameThreadHierarchicalTestExecutorService.java:41)
	at org.junit.platform.engine.support.hierarchical.NodeTestTask.lambda$executeRecursively$6(NodeTestTask.java:155)
	at org.junit.platform.engine.support.hierarchical.ThrowableCollector.execute(ThrowableCollector.java:73)
	at org.junit.platform.engine.support.hierarchical.NodeTestTask.lambda$executeRecursively$8(NodeTestTask.java:141)
	at org.junit.platform.engine.support.hierarchical.Node.around(Node.java:137)
	at org.junit.platform.engine.support.hierarchical.NodeTestTask.lambda$executeRecursively$9(NodeTestTask.java:139)
	at org.junit.platform.engine.support.hierarchical.ThrowableCollector.execute(ThrowableCollector.java:73)
	at org.junit.platform.engine.support.hierarchical.NodeTestTask.executeRecursively(NodeTestTask.java:138)
	at org.junit.platform.engine.support.hierarchical.NodeTestTask.execute(NodeTestTask.java:95)
	at org.junit.platform.engine.support.hierarchical.SameThreadHierarchicalTestExecutorService.submit(SameThreadHierarchicalTestExecutorService.java:35)
	at org.junit.platform.engine.support.hierarchical.HierarchicalTestExecutor.execute(HierarchicalTestExecutor.java:57)
	at org.junit.platform.engine.support.hierarchical.HierarchicalTestEngine.execute(HierarchicalTestEngine.java:54)
	at org.junit.platform.launcher.core.EngineExecutionOrchestrator.execute(EngineExecutionOrchestrator.java:107)
	at org.junit.platform.launcher.core.EngineExecutionOrchestrator.execute(EngineExecutionOrchestrator.java:88)
	at org.junit.platform.launcher.core.EngineExecutionOrchestrator.lambda$execute$0(EngineExecutionOrchestrator.java:54)
	at org.junit.platform.launcher.core.EngineExecutionOrchestrator.withInterceptedStreams(EngineExecutionOrchestrator.java:67)
	at org.junit.platform.launcher.core.EngineExecutionOrchestrator.execute(EngineExecutionOrchestrator.java:52)
	at org.junit.platform.launcher.core.DefaultLauncher.execute(DefaultLauncher.java:114)
	at org.junit.platform.launcher.core.DefaultLauncher.execute(DefaultLauncher.java:86)
	at org.junit.platform.launcher.core.DefaultLauncherSession$DelegatingLauncher.execute(DefaultLauncherSession.java:86)
	at org.gradle.api.internal.tasks.testing.junitplatform.JUnitPlatformTestClassProcessor$CollectAllTestClassesExecutor.processAllTestClasses(JUnitPlatformTestClassProcessor.java:119)
	at org.gradle.api.internal.tasks.testing.junitplatform.JUnitPlatformTestClassProcessor$CollectAllTestClassesExecutor.access$000(JUnitPlatformTestClassProcessor.java:94)
	at org.gradle.api.internal.tasks.testing.junitplatform.JUnitPlatformTestClassProcessor.stop(JUnitPlatformTestClassProcessor.java:89)
	at org.gradle.api.internal.tasks.testing.SuiteTestClassProcessor.stop(SuiteTestClassProcessor.java:62)
	at sun.reflect.NativeMethodAccessorImpl.invoke0(Native Method)
	at sun.reflect.NativeMethodAccessorImpl.invoke(NativeMethodAccessorImpl.java:62)
	at sun.reflect.DelegatingMethodAccessorImpl.invoke(DelegatingMethodAccessorImpl.java:43)
	at java.lang.reflect.Method.invoke(Method.java:498)
	at org.gradle.internal.dispatch.ReflectionDispatch.dispatch(ReflectionDispatch.java:36)
	at org.gradle.internal.dispatch.ReflectionDispatch.dispatch(ReflectionDispatch.java:24)
	at org.gradle.internal.dispatch.ContextClassLoaderDispatch.dispatch(ContextClassLoaderDispatch.java:33)
	at org.gradle.internal.dispatch.ProxyDispatchAdapter$DispatchingInvocationHandler.invoke(ProxyDispatchAdapter.java:94)
	at com.sun.proxy.$Proxy2.stop(Unknown Source)
	at org.gradle.api.internal.tasks.testing.worker.TestWorker$3.run(TestWorker.java:193)
	at org.gradle.api.internal.tasks.testing.worker.TestWorker.executeAndMaintainThreadName(TestWorker.java:129)
	at org.gradle.api.internal.tasks.testing.worker.TestWorker.execute(TestWorker.java:100)
	at org.gradle.api.internal.tasks.testing.worker.TestWorker.execute(TestWorker.java:60)
	at org.gradle.process.internal.worker.child.ActionExecutionWorker.execute(ActionExecutionWorker.java:56)
	at org.gradle.process.internal.worker.child.SystemApplicationClassLoaderWorker.call(SystemApplicationClassLoaderWorker.java:113)
	at org.gradle.process.internal.worker.child.SystemApplicationClassLoaderWorker.call(SystemApplicationClassLoaderWorker.java:65)
	at worker.org.gradle.process.internal.worker.GradleWorkerMain.run(GradleWorkerMain.java:69)
	at worker.org.gradle.process.internal.worker.GradleWorkerMain.main(GradleWorkerMain.java:74)
</failure>
  </testcase>
  <testcase name="testEqualsAndEqualsReturningFalse11()" classname="org.jcvi.jillion.assembly.consed.phd.DefaultPhdReadTag_ESTest" time="0.018"/>
  <testcase name="testEqualsAndEqualsReturningFalse12()" classname="org.jcvi.jillion.assembly.consed.phd.DefaultPhdReadTag_ESTest" time="0.019"/>
  <testcase name="testGetFreeFormDataReturningNull()" classname="org.jcvi.jillion.assembly.consed.phd.DefaultPhdReadTag_ESTest" time="0.01"/>
  <testcase name="testEqualsAndEqualsReturningTrue0()" classname="org.jcvi.jillion.assembly.consed.phd.DefaultPhdReadTag_ESTest" time="0.019"/>
  <testcase name="testEqualsAndEqualsReturningTrue1()" classname="org.jcvi.jillion.assembly.consed.phd.DefaultPhdReadTag_ESTest" time="0.006"/>
  <testcase name="testEqualsAndEqualsReturningTrue2()" classname="org.jcvi.jillion.assembly.consed.phd.DefaultPhdReadTag_ESTest" time="0.008"/>
  <testcase name="testEqualsAndEqualsReturningTrue3()" classname="org.jcvi.jillion.assembly.consed.phd.DefaultPhdReadTag_ESTest" time="0.022"/>
  <testcase name="testGetCommentReturningEmptyString()" classname="org.jcvi.jillion.assembly.consed.phd.DefaultPhdReadTag_ESTest" time="0.01"/>
  <testcase name="testGetDateReturningNonNull()" classname="org.jcvi.jillion.assembly.consed.phd.DefaultPhdReadTag_ESTest" time="0.017"/>
  <testcase name="testGetCommentReturningNull()" classname="org.jcvi.jillion.assembly.consed.phd.DefaultPhdReadTag_ESTest" time="0.008"/>
  <testcase name="testGetUngappedRange()" classname="org.jcvi.jillion.assembly.consed.phd.DefaultPhdReadTag_ESTest" time="0.012"/>
  <testcase name="testHashCode0()" classname="org.jcvi.jillion.assembly.consed.phd.DefaultPhdReadTag_ESTest" time="0.03"/>
  <testcase name="testHashCode1()" classname="org.jcvi.jillion.assembly.consed.phd.DefaultPhdReadTag_ESTest" time="0.01"/>
  <testcase name="testEqualsAndEqualsReturningFalse0()" classname="org.jcvi.jillion.assembly.consed.phd.DefaultPhdReadTag_ESTest" time="0.01"/>
  <testcase name="testEqualsAndEqualsReturningFalse1()" classname="org.jcvi.jillion.assembly.consed.phd.DefaultPhdReadTag_ESTest" time="0.018"/>
  <testcase name="testEqualsAndEqualsReturningFalse2()" classname="org.jcvi.jillion.assembly.consed.phd.DefaultPhdReadTag_ESTest" time="0.019"/>
  <testcase name="testEqualsAndEqualsReturningFalse3()" classname="org.jcvi.jillion.assembly.consed.phd.DefaultPhdReadTag_ESTest" time="0.013"/>
  <testcase name="testEqualsAndEqualsReturningFalse4()" classname="org.jcvi.jillion.assembly.consed.phd.DefaultPhdReadTag_ESTest" time="0.03"/>
  <testcase name="testEqualsAndEqualsReturningFalse5()" classname="org.jcvi.jillion.assembly.consed.phd.DefaultPhdReadTag_ESTest" time="0.008"/>
  <testcase name="testEqualsAndEqualsReturningFalse6()" classname="org.jcvi.jillion.assembly.consed.phd.DefaultPhdReadTag_ESTest" time="0.021"/>
  <testcase name="testEqualsAndEqualsReturningFalse7()" classname="org.jcvi.jillion.assembly.consed.phd.DefaultPhdReadTag_ESTest" time="0.02"/>
  <testcase name="testEqualsAndEqualsReturningFalse8()" classname="org.jcvi.jillion.assembly.consed.phd.DefaultPhdReadTag_ESTest" time="0.017"/>
  <testcase name="testEqualsAndEqualsReturningFalse9()" classname="org.jcvi.jillion.assembly.consed.phd.DefaultPhdReadTag_ESTest" time="0.009">
    <failure message="org.opentest4j.AssertionFailedError: expected: &lt;true&gt; but was: &lt;false&gt;" type="org.opentest4j.AssertionFailedError">org.opentest4j.AssertionFailedError: expected: &lt;true&gt; but was: &lt;false&gt;
	at org.junit.jupiter.api.AssertionUtils.fail(AssertionUtils.java:55)
	at org.junit.jupiter.api.AssertTrue.assertTrue(AssertTrue.java:40)
	at org.junit.jupiter.api.AssertTrue.assertTrue(AssertTrue.java:35)
	at org.junit.jupiter.api.Assertions.assertTrue(Assertions.java:179)
	at org.jcvi.jillion.assembly.consed.phd.DefaultPhdReadTag_ESTest.testEqualsAndEqualsReturningFalse9(DefaultPhdReadTag_ESTest.java:324)
	at sun.reflect.NativeMethodAccessorImpl.invoke0(Native Method)
	at sun.reflect.NativeMethodAccessorImpl.invoke(NativeMethodAccessorImpl.java:62)
	at sun.reflect.DelegatingMethodAccessorImpl.invoke(DelegatingMethodAccessorImpl.java:43)
	at java.lang.reflect.Method.invoke(Method.java:498)
	at org.junit.platform.commons.util.ReflectionUtils.invokeMethod(ReflectionUtils.java:725)
	at org.junit.jupiter.engine.execution.MethodInvocation.proceed(MethodInvocation.java:60)
	at org.junit.jupiter.engine.execution.InvocationInterceptorChain$ValidatingInvocation.proceed(InvocationInterceptorChain.java:131)
	at org.junit.jupiter.engine.extension.TimeoutInvocation.proceed(TimeoutInvocation.java:46)
	at org.junit.jupiter.engine.extension.TimeoutExtension.intercept(TimeoutExtension.java:149)
	at org.junit.jupiter.engine.extension.TimeoutExtension.interceptTestableMethod(TimeoutExtension.java:140)
	at org.junit.jupiter.engine.extension.TimeoutExtension.interceptTestMethod(TimeoutExtension.java:84)
	at org.junit.jupiter.engine.execution.ExecutableInvoker$ReflectiveInterceptorCall.lambda$ofVoidMethod$0(ExecutableInvoker.java:115)
	at org.junit.jupiter.engine.execution.ExecutableInvoker.lambda$invoke$0(ExecutableInvoker.java:105)
	at org.junit.jupiter.engine.execution.InvocationInterceptorChain$InterceptedInvocation.proceed(InvocationInterceptorChain.java:106)
	at org.junit.jupiter.engine.execution.InvocationInterceptorChain.proceed(InvocationInterceptorChain.java:64)
	at org.junit.jupiter.engine.execution.InvocationInterceptorChain.chainAndInvoke(InvocationInterceptorChain.java:45)
	at org.junit.jupiter.engine.execution.InvocationInterceptorChain.invoke(InvocationInterceptorChain.java:37)
	at org.junit.jupiter.engine.execution.ExecutableInvoker.invoke(ExecutableInvoker.java:104)
	at org.junit.jupiter.engine.execution.ExecutableInvoker.invoke(ExecutableInvoker.java:98)
	at org.junit.jupiter.engine.descriptor.TestMethodTestDescriptor.lambda$invokeTestMethod$7(TestMethodTestDescriptor.java:214)
	at org.junit.platform.engine.support.hierarchical.ThrowableCollector.execute(ThrowableCollector.java:73)
	at org.junit.jupiter.engine.descriptor.TestMethodTestDescriptor.invokeTestMethod(TestMethodTestDescriptor.java:210)
	at org.junit.jupiter.engine.descriptor.TestMethodTestDescriptor.execute(TestMethodTestDescriptor.java:135)
	at org.junit.jupiter.engine.descriptor.TestMethodTestDescriptor.execute(TestMethodTestDescriptor.java:66)
	at org.junit.platform.engine.support.hierarchical.NodeTestTask.lambda$executeRecursively$6(NodeTestTask.java:151)
	at org.junit.platform.engine.support.hierarchical.ThrowableCollector.execute(ThrowableCollector.java:73)
	at org.junit.platform.engine.support.hierarchical.NodeTestTask.lambda$executeRecursively$8(NodeTestTask.java:141)
	at org.junit.platform.engine.support.hierarchical.Node.around(Node.java:137)
	at org.junit.platform.engine.support.hierarchical.NodeTestTask.lambda$executeRecursively$9(NodeTestTask.java:139)
	at org.junit.platform.engine.support.hierarchical.ThrowableCollector.execute(ThrowableCollector.java:73)
	at org.junit.platform.engine.support.hierarchical.NodeTestTask.executeRecursively(NodeTestTask.java:138)
	at org.junit.platform.engine.support.hierarchical.NodeTestTask.execute(NodeTestTask.java:95)
	at java.util.ArrayList.forEach(ArrayList.java:1259)
	at org.junit.platform.engine.support.hierarchical.SameThreadHierarchicalTestExecutorService.invokeAll(SameThreadHierarchicalTestExecutorService.java:41)
	at org.junit.platform.engine.support.hierarchical.NodeTestTask.lambda$executeRecursively$6(NodeTestTask.java:155)
	at org.junit.platform.engine.support.hierarchical.ThrowableCollector.execute(ThrowableCollector.java:73)
	at org.junit.platform.engine.support.hierarchical.NodeTestTask.lambda$executeRecursively$8(NodeTestTask.java:141)
	at org.junit.platform.engine.support.hierarchical.Node.around(Node.java:137)
	at org.junit.platform.engine.support.hierarchical.NodeTestTask.lambda$executeRecursively$9(NodeTestTask.java:139)
	at org.junit.platform.engine.support.hierarchical.ThrowableCollector.execute(ThrowableCollector.java:73)
	at org.junit.platform.engine.support.hierarchical.NodeTestTask.executeRecursively(NodeTestTask.java:138)
	at org.junit.platform.engine.support.hierarchical.NodeTestTask.execute(NodeTestTask.java:95)
	at java.util.ArrayList.forEach(ArrayList.java:1259)
	at org.junit.platform.engine.support.hierarchical.SameThreadHierarchicalTestExecutorService.invokeAll(SameThreadHierarchicalTestExecutorService.java:41)
	at org.junit.platform.engine.support.hierarchical.NodeTestTask.lambda$executeRecursively$6(NodeTestTask.java:155)
	at org.junit.platform.engine.support.hierarchical.ThrowableCollector.execute(ThrowableCollector.java:73)
	at org.junit.platform.engine.support.hierarchical.NodeTestTask.lambda$executeRecursively$8(NodeTestTask.java:141)
	at org.junit.platform.engine.support.hierarchical.Node.around(Node.java:137)
	at org.junit.platform.engine.support.hierarchical.NodeTestTask.lambda$executeRecursively$9(NodeTestTask.java:139)
	at org.junit.platform.engine.support.hierarchical.ThrowableCollector.execute(ThrowableCollector.java:73)
	at org.junit.platform.engine.support.hierarchical.NodeTestTask.executeRecursively(NodeTestTask.java:138)
	at org.junit.platform.engine.support.hierarchical.NodeTestTask.execute(NodeTestTask.java:95)
	at org.junit.platform.engine.support.hierarchical.SameThreadHierarchicalTestExecutorService.submit(SameThreadHierarchicalTestExecutorService.java:35)
	at org.junit.platform.engine.support.hierarchical.HierarchicalTestExecutor.execute(HierarchicalTestExecutor.java:57)
	at org.junit.platform.engine.support.hierarchical.HierarchicalTestEngine.execute(HierarchicalTestEngine.java:54)
	at org.junit.platform.launcher.core.EngineExecutionOrchestrator.execute(EngineExecutionOrchestrator.java:107)
	at org.junit.platform.launcher.core.EngineExecutionOrchestrator.execute(EngineExecutionOrchestrator.java:88)
	at org.junit.platform.launcher.core.EngineExecutionOrchestrator.lambda$execute$0(EngineExecutionOrchestrator.java:54)
	at org.junit.platform.launcher.core.EngineExecutionOrchestrator.withInterceptedStreams(EngineExecutionOrchestrator.java:67)
	at org.junit.platform.launcher.core.EngineExecutionOrchestrator.execute(EngineExecutionOrchestrator.java:52)
	at org.junit.platform.launcher.core.DefaultLauncher.execute(DefaultLauncher.java:114)
	at org.junit.platform.launcher.core.DefaultLauncher.execute(DefaultLauncher.java:86)
	at org.junit.platform.launcher.core.DefaultLauncherSession$DelegatingLauncher.execute(DefaultLauncherSession.java:86)
	at org.gradle.api.internal.tasks.testing.junitplatform.JUnitPlatformTestClassProcessor$CollectAllTestClassesExecutor.processAllTestClasses(JUnitPlatformTestClassProcessor.java:119)
	at org.gradle.api.internal.tasks.testing.junitplatform.JUnitPlatformTestClassProcessor$CollectAllTestClassesExecutor.access$000(JUnitPlatformTestClassProcessor.java:94)
	at org.gradle.api.internal.tasks.testing.junitplatform.JUnitPlatformTestClassProcessor.stop(JUnitPlatformTestClassProcessor.java:89)
	at org.gradle.api.internal.tasks.testing.SuiteTestClassProcessor.stop(SuiteTestClassProcessor.java:62)
	at sun.reflect.NativeMethodAccessorImpl.invoke0(Native Method)
	at sun.reflect.NativeMethodAccessorImpl.invoke(NativeMethodAccessorImpl.java:62)
	at sun.reflect.DelegatingMethodAccessorImpl.invoke(DelegatingMethodAccessorImpl.java:43)
	at java.lang.reflect.Method.invoke(Method.java:498)
	at org.gradle.internal.dispatch.ReflectionDispatch.dispatch(ReflectionDispatch.java:36)
	at org.gradle.internal.dispatch.ReflectionDispatch.dispatch(ReflectionDispatch.java:24)
	at org.gradle.internal.dispatch.ContextClassLoaderDispatch.dispatch(ContextClassLoaderDispatch.java:33)
	at org.gradle.internal.dispatch.ProxyDispatchAdapter$DispatchingInvocationHandler.invoke(ProxyDispatchAdapter.java:94)
	at com.sun.proxy.$Proxy2.stop(Unknown Source)
	at org.gradle.api.internal.tasks.testing.worker.TestWorker$3.run(TestWorker.java:193)
	at org.gradle.api.internal.tasks.testing.worker.TestWorker.executeAndMaintainThreadName(TestWorker.java:129)
	at org.gradle.api.internal.tasks.testing.worker.TestWorker.execute(TestWorker.java:100)
	at org.gradle.api.internal.tasks.testing.worker.TestWorker.execute(TestWorker.java:60)
	at org.gradle.process.internal.worker.child.ActionExecutionWorker.execute(ActionExecutionWorker.java:56)
	at org.gradle.process.internal.worker.child.SystemApplicationClassLoaderWorker.call(SystemApplicationClassLoaderWorker.java:113)
	at org.gradle.process.internal.worker.child.SystemApplicationClassLoaderWorker.call(SystemApplicationClassLoaderWorker.java:65)
	at worker.org.gradle.process.internal.worker.GradleWorkerMain.run(GradleWorkerMain.java:69)
	at worker.org.gradle.process.internal.worker.GradleWorkerMain.main(GradleWorkerMain.java:74)
</failure>
  </testcase>
  <testcase name="testGetTypeReturningNull()" classname="org.jcvi.jillion.assembly.consed.phd.DefaultPhdReadTag_ESTest" time="0.041"/>
  <testcase name="testGetSourceReturningEmptyString()" classname="org.jcvi.jillion.assembly.consed.phd.DefaultPhdReadTag_ESTest" time="0.015"/>
  <testcase name="testGetSourceReturningNonEmptyString()" classname="org.jcvi.jillion.assembly.consed.phd.DefaultPhdReadTag_ESTest" time="0.021"/>
  <testcase name="testGetFreeFormDataReturningNonEmptyString()" classname="org.jcvi.jillion.assembly.consed.phd.DefaultPhdReadTag_ESTest" time="0.008"/>
  <testcase name="testGetCommentReturningNonEmptyString()" classname="org.jcvi.jillion.assembly.consed.phd.DefaultPhdReadTag_ESTest" time="0.018"/>
  <testcase name="testGetTypeReturningNonEmptyString()" classname="org.jcvi.jillion.assembly.consed.phd.DefaultPhdReadTag_ESTest" time="0.021"/>
  <testcase name="testGetDateReturningNull()" classname="org.jcvi.jillion.assembly.consed.phd.DefaultPhdReadTag_ESTest" time="0.021"/>
  <testcase name="testEqualsWithNull()" classname="org.jcvi.jillion.assembly.consed.phd.DefaultPhdReadTag_ESTest" time="0.02"/>
  <testcase name="initializationError" classname="org.jcvi.jillion.assembly.consed.phd.DefaultPhdReadTag_ESTest" time="0.0">
    <failure message="org.junit.runners.model.InvalidTestClassError: Invalid test class 'org.jcvi.jillion.assembly.consed.phd.DefaultPhdReadTag_ESTest':&#10;  1. No runnable methods" type="org.junit.runners.model.InvalidTestClassError">org.junit.runners.model.InvalidTestClassError: Invalid test class 'org.jcvi.jillion.assembly.consed.phd.DefaultPhdReadTag_ESTest':
  1. No runnable methods
	at org.junit.runners.ParentRunner.validate(ParentRunner.java:525)
	at org.junit.runners.ParentRunner.&lt;init&gt;(ParentRunner.java:92)
	at org.junit.runners.BlockJUnit4ClassRunner.&lt;init&gt;(BlockJUnit4ClassRunner.java:74)
	at org.evosuite.runtime.EvoRunner.&lt;init&gt;(EvoRunner.java:76)
	at sun.reflect.NativeConstructorAccessorImpl.newInstance0(Native Method)
	at sun.reflect.NativeConstructorAccessorImpl.newInstance(NativeConstructorAccessorImpl.java:62)
	at sun.reflect.DelegatingConstructorAccessorImpl.newInstance(DelegatingConstructorAccessorImpl.java:45)
	at java.lang.reflect.Constructor.newInstance(Constructor.java:423)
	at org.junit.internal.builders.AnnotatedBuilder.buildRunner(AnnotatedBuilder.java:104)
	at org.junit.vintage.engine.discovery.DefensiveAllDefaultPossibilitiesBuilder$DefensiveAnnotatedBuilder.buildRunner(DefensiveAllDefaultPossibilitiesBuilder.java:114)
	at org.junit.internal.builders.AnnotatedBuilder.runnerForClass(AnnotatedBuilder.java:86)
	at org.junit.runners.model.RunnerBuilder.safeRunnerForClass(RunnerBuilder.java:70)
	at org.junit.internal.builders.AllDefaultPossibilitiesBuilder.runnerForClass(AllDefaultPossibilitiesBuilder.java:37)
	at org.junit.vintage.engine.discovery.DefensiveAllDefaultPossibilitiesBuilder.runnerForClass(DefensiveAllDefaultPossibilitiesBuilder.java:57)
	at org.junit.runners.model.RunnerBuilder.safeRunnerForClass(RunnerBuilder.java:70)
	at org.junit.vintage.engine.discovery.ClassSelectorResolver.resolveTestClass(ClassSelectorResolver.java:66)
	at org.junit.vintage.engine.discovery.ClassSelectorResolver.resolve(ClassSelectorResolver.java:47)
	at org.junit.platform.engine.support.discovery.EngineDiscoveryRequestResolution.lambda$resolve$2(EngineDiscoveryRequestResolution.java:134)
	at java.util.stream.ReferencePipeline$3$1.accept(ReferencePipeline.java:193)
	at java.util.ArrayList$ArrayListSpliterator.tryAdvance(ArrayList.java:1361)
	at java.util.stream.ReferencePipeline.forEachWithCancel(ReferencePipeline.java:126)
	at java.util.stream.AbstractPipeline.copyIntoWithCancel(AbstractPipeline.java:499)
	at java.util.stream.AbstractPipeline.copyInto(AbstractPipeline.java:486)
	at java.util.stream.AbstractPipeline.wrapAndCopyInto(AbstractPipeline.java:472)
	at java.util.stream.FindOps$FindOp.evaluateSequential(FindOps.java:152)
	at java.util.stream.AbstractPipeline.evaluate(AbstractPipeline.java:234)
	at java.util.stream.ReferencePipeline.findFirst(ReferencePipeline.java:531)
	at org.junit.platform.engine.support.discovery.EngineDiscoveryRequestResolution.resolve(EngineDiscoveryRequestResolution.java:185)
	at org.junit.platform.engine.support.discovery.EngineDiscoveryRequestResolution.resolve(EngineDiscoveryRequestResolution.java:125)
	at org.junit.platform.engine.support.discovery.EngineDiscoveryRequestResolution.resolveCompletely(EngineDiscoveryRequestResolution.java:91)
	at org.junit.platform.engine.support.discovery.EngineDiscoveryRequestResolution.run(EngineDiscoveryRequestResolution.java:82)
	at org.junit.platform.engine.support.discovery.EngineDiscoveryRequestResolver.resolve(EngineDiscoveryRequestResolver.java:113)
	at org.junit.vintage.engine.discovery.VintageDiscoverer.discover(VintageDiscoverer.java:42)
	at org.junit.vintage.engine.VintageTestEngine.discover(VintageTestEngine.java:64)
	at org.junit.platform.launcher.core.EngineDiscoveryOrchestrator.discoverEngineRoot(EngineDiscoveryOrchestrator.java:152)
	at org.junit.platform.launcher.core.EngineDiscoveryOrchestrator.discoverSafely(EngineDiscoveryOrchestrator.java:134)
	at org.junit.platform.launcher.core.EngineDiscoveryOrchestrator.discover(EngineDiscoveryOrchestrator.java:108)
	at org.junit.platform.launcher.core.EngineDiscoveryOrchestrator.discover(EngineDiscoveryOrchestrator.java:80)
	at org.junit.platform.launcher.core.DefaultLauncher.discover(DefaultLauncher.java:110)
	at org.junit.platform.launcher.core.DefaultLauncher.execute(DefaultLauncher.java:86)
	at org.junit.platform.launcher.core.DefaultLauncherSession$DelegatingLauncher.execute(DefaultLauncherSession.java:86)
	at org.gradle.api.internal.tasks.testing.junitplatform.JUnitPlatformTestClassProcessor$CollectAllTestClassesExecutor.processAllTestClasses(JUnitPlatformTestClassProcessor.java:119)
	at org.gradle.api.internal.tasks.testing.junitplatform.JUnitPlatformTestClassProcessor$CollectAllTestClassesExecutor.access$000(JUnitPlatformTestClassProcessor.java:94)
	at org.gradle.api.internal.tasks.testing.junitplatform.JUnitPlatformTestClassProcessor.stop(JUnitPlatformTestClassProcessor.java:89)
	at org.gradle.api.internal.tasks.testing.SuiteTestClassProcessor.stop(SuiteTestClassProcessor.java:62)
	at sun.reflect.NativeMethodAccessorImpl.invoke0(Native Method)
	at sun.reflect.NativeMethodAccessorImpl.invoke(NativeMethodAccessorImpl.java:62)
	at sun.reflect.DelegatingMethodAccessorImpl.invoke(DelegatingMethodAccessorImpl.java:43)
	at java.lang.reflect.Method.invoke(Method.java:498)
	at org.gradle.internal.dispatch.ReflectionDispatch.dispatch(ReflectionDispatch.java:36)
	at org.gradle.internal.dispatch.ReflectionDispatch.dispatch(ReflectionDispatch.java:24)
	at org.gradle.internal.dispatch.ContextClassLoaderDispatch.dispatch(ContextClassLoaderDispatch.java:33)
	at org.gradle.internal.dispatch.ProxyDispatchAdapter$DispatchingInvocationHandler.invoke(ProxyDispatchAdapter.java:94)
	at com.sun.proxy.$Proxy2.stop(Unknown Source)
	at org.gradle.api.internal.tasks.testing.worker.TestWorker$3.run(TestWorker.java:193)
	at org.gradle.api.internal.tasks.testing.worker.TestWorker.executeAndMaintainThreadName(TestWorker.java:129)
	at org.gradle.api.internal.tasks.testing.worker.TestWorker.execute(TestWorker.java:100)
	at org.gradle.api.internal.tasks.testing.worker.TestWorker.execute(TestWorker.java:60)
	at org.gradle.process.internal.worker.child.ActionExecutionWorker.execute(ActionExecutionWorker.java:56)
	at org.gradle.process.internal.worker.child.SystemApplicationClassLoaderWorker.call(SystemApplicationClassLoaderWorker.java:113)
	at org.gradle.process.internal.worker.child.SystemApplicationClassLoaderWorker.call(SystemApplicationClassLoaderWorker.java:65)
	at worker.org.gradle.process.internal.worker.GradleWorkerMain.run(GradleWorkerMain.java:69)
	at worker.org.gradle.process.internal.worker.GradleWorkerMain.main(GradleWorkerMain.java:74)
</failure>
  </testcase>
  <system-out><![CDATA[09:54:45.687 [Test worker] WARN org.evosuite.runtime.sandbox.Sandbox - Sandbox can be initalized only once
09:54:45.768 [Test worker] ERROR org.evosuite.runtime.classhandling.ClassStateSupport - Found $jacocoInit in class org.jcvi.jillion.core.Range$EmptyIntRange
09:54:45.782 [Test worker] ERROR org.evosuite.runtime.classhandling.ClassStateSupport - Class org.jcvi.jillion.core.Range$EmptyIntRange was not instrumented by EvoSuite. This could happen if you are running JUnit tests in a way that is not handled by EvoSuite, in which some classes are loaded be reflection before the tests are run. Consult the EvoSuite documentation for possible workarounds for this issue.
09:54:45.783 [Test worker] ERROR org.evosuite.runtime.classhandling.ClassStateSupport - Class org.jcvi.jillion.core.Range$ByteRange was not instrumented by EvoSuite. This could happen if you are running JUnit tests in a way that is not handled by EvoSuite, in which some classes are loaded be reflection before the tests are run. Consult the EvoSuite documentation for possible workarounds for this issue.
09:54:45.784 [Test worker] ERROR org.evosuite.runtime.classhandling.ClassStateSupport - Class org.jcvi.jillion.core.Range$ShortRange was not instrumented by EvoSuite. This could happen if you are running JUnit tests in a way that is not handled by EvoSuite, in which some classes are loaded be reflection before the tests are run. Consult the EvoSuite documentation for possible workarounds for this issue.
09:54:45.784 [Test worker] ERROR org.evosuite.runtime.classhandling.ClassStateSupport - Class org.jcvi.jillion.core.Range$Builder was not instrumented by EvoSuite. This could happen if you are running JUnit tests in a way that is not handled by EvoSuite, in which some classes are loaded be reflection before the tests are run. Consult the EvoSuite documentation for possible workarounds for this issue.
09:54:45.785 [Test worker] ERROR org.evosuite.runtime.classhandling.ClassStateSupport - Class org.jcvi.jillion.core.io.IOUtil was not instrumented by EvoSuite. This could happen if you are running JUnit tests in a way that is not handled by EvoSuite, in which some classes are loaded be reflection before the tests are run. Consult the EvoSuite documentation for possible workarounds for this issue.
09:54:45.786 [Test worker] ERROR org.evosuite.runtime.classhandling.ClassStateSupport - Class org.jcvi.jillion.internal.core.util.Caches$AbstractReferencedCache was not instrumented by EvoSuite. This could happen if you are running JUnit tests in a way that is not handled by EvoSuite, in which some classes are loaded be reflection before the tests are run. Consult the EvoSuite documentation for possible workarounds for this issue.
09:54:45.786 [Test worker] ERROR org.evosuite.runtime.classhandling.ClassStateSupport - Class org.jcvi.jillion.internal.core.util.Caches$SoftReferenceCache was not instrumented by EvoSuite. This could happen if you are running JUnit tests in a way that is not handled by EvoSuite, in which some classes are loaded be reflection before the tests are run. Consult the EvoSuite documentation for possible workarounds for this issue.
09:54:45.787 [Test worker] ERROR org.evosuite.runtime.classhandling.ClassStateSupport - Class org.jcvi.jillion.core.Range was not instrumented by EvoSuite. This could happen if you are running JUnit tests in a way that is not handled by EvoSuite, in which some classes are loaded be reflection before the tests are run. Consult the EvoSuite documentation for possible workarounds for this issue.
09:54:45.787 [Test worker] ERROR org.evosuite.runtime.classhandling.ClassStateSupport - Class org.jcvi.jillion.core.Range$EmptyByteRange was not instrumented by EvoSuite. This could happen if you are running JUnit tests in a way that is not handled by EvoSuite, in which some classes are loaded be reflection before the tests are run. Consult the EvoSuite documentation for possible workarounds for this issue.
09:54:45.787 [Test worker] ERROR org.evosuite.runtime.classhandling.ClassStateSupport - Class org.jcvi.jillion.core.Range$UnsignedByteStartShortLengthRange was not instrumented by EvoSuite. This could happen if you are running JUnit tests in a way that is not handled by EvoSuite, in which some classes are loaded be reflection before the tests are run. Consult the EvoSuite documentation for possible workarounds for this issue.
09:54:45.788 [Test worker] ERROR org.evosuite.runtime.classhandling.ClassStateSupport - Class org.jcvi.jillion.core.Range$1 was not instrumented by EvoSuite. This could happen if you are running JUnit tests in a way that is not handled by EvoSuite, in which some classes are loaded be reflection before the tests are run. Consult the EvoSuite documentation for possible workarounds for this issue.
09:54:45.788 [Test worker] ERROR org.evosuite.runtime.classhandling.ClassStateSupport - Class org.jcvi.jillion.core.Range$RangeIterator was not instrumented by EvoSuite. This could happen if you are running JUnit tests in a way that is not handled by EvoSuite, in which some classes are loaded be reflection before the tests are run. Consult the EvoSuite documentation for possible workarounds for this issue.
09:54:45.789 [Test worker] ERROR org.evosuite.runtime.classhandling.ClassStateSupport - Class org.jcvi.jillion.core.util.MapUtil was not instrumented by EvoSuite. This could happen if you are running JUnit tests in a way that is not handled by EvoSuite, in which some classes are loaded be reflection before the tests are run. Consult the EvoSuite documentation for possible workarounds for this issue.
09:54:45.789 [Test worker] ERROR org.evosuite.runtime.classhandling.ClassStateSupport - Class org.jcvi.jillion.core.Range$UnsignedByteStartIntLengthRange was not instrumented by EvoSuite. This could happen if you are running JUnit tests in a way that is not handled by EvoSuite, in which some classes are loaded be reflection before the tests are run. Consult the EvoSuite documentation for possible workarounds for this issue.
09:54:45.789 [Test worker] ERROR org.evosuite.runtime.classhandling.ClassStateSupport - Class org.jcvi.jillion.internal.core.io.RandomAccessFileInputStream was not instrumented by EvoSuite. This could happen if you are running JUnit tests in a way that is not handled by EvoSuite, in which some classes are loaded be reflection before the tests are run. Consult the EvoSuite documentation for possible workarounds for this issue.
09:54:45.790 [Test worker] ERROR org.evosuite.runtime.classhandling.ClassStateSupport - Class org.jcvi.jillion.core.Range$UnsignedShortStartIntLengthRange was not instrumented by EvoSuite. This could happen if you are running JUnit tests in a way that is not handled by EvoSuite, in which some classes are loaded be reflection before the tests are run. Consult the EvoSuite documentation for possible workarounds for this issue.
09:54:45.790 [Test worker] ERROR org.evosuite.runtime.classhandling.ClassStateSupport - Class org.jcvi.jillion.core.Range$EmptyShortRange was not instrumented by EvoSuite. This could happen if you are running JUnit tests in a way that is not handled by EvoSuite, in which some classes are loaded be reflection before the tests are run. Consult the EvoSuite documentation for possible workarounds for this issue.
09:54:45.791 [Test worker] ERROR org.evosuite.runtime.classhandling.ClassStateSupport - Class org.jcvi.jillion.core.Range$CoordinateSystem was not instrumented by EvoSuite. This could happen if you are running JUnit tests in a way that is not handled by EvoSuite, in which some classes are loaded be reflection before the tests are run. Consult the EvoSuite documentation for possible workarounds for this issue.
09:54:45.791 [Test worker] ERROR org.evosuite.runtime.classhandling.ClassStateSupport - Class org.jcvi.jillion.core.Range$UnsignedIntStartLongLengthRange was not instrumented by EvoSuite. This could happen if you are running JUnit tests in a way that is not handled by EvoSuite, in which some classes are loaded be reflection before the tests are run. Consult the EvoSuite documentation for possible workarounds for this issue.
09:54:45.792 [Test worker] ERROR org.evosuite.runtime.classhandling.ClassStateSupport - Class org.jcvi.jillion.core.Range$LongRange was not instrumented by EvoSuite. This could happen if you are running JUnit tests in a way that is not handled by EvoSuite, in which some classes are loaded be reflection before the tests are run. Consult the EvoSuite documentation for possible workarounds for this issue.
09:54:45.792 [Test worker] ERROR org.evosuite.runtime.classhandling.ClassStateSupport - Class org.jcvi.jillion.core.Range$LongStartIntLengthRange was not instrumented by EvoSuite. This could happen if you are running JUnit tests in a way that is not handled by EvoSuite, in which some classes are loaded be reflection before the tests are run. Consult the EvoSuite documentation for possible workarounds for this issue.
09:54:45.792 [Test worker] ERROR org.evosuite.runtime.classhandling.ClassStateSupport - Class org.jcvi.jillion.core.Range$UnsignedIntStartIntLengthRange was not instrumented by EvoSuite. This could happen if you are running JUnit tests in a way that is not handled by EvoSuite, in which some classes are loaded be reflection before the tests are run. Consult the EvoSuite documentation for possible workarounds for this issue.
09:54:45.793 [Test worker] ERROR org.evosuite.runtime.classhandling.ClassStateSupport - Class org.jcvi.jillion.core.Range$IntRange was not instrumented by EvoSuite. This could happen if you are running JUnit tests in a way that is not handled by EvoSuite, in which some classes are loaded be reflection before the tests are run. Consult the EvoSuite documentation for possible workarounds for this issue.
09:54:45.794 [Test worker] ERROR org.evosuite.runtime.classhandling.ClassStateSupport - Class org.jcvi.jillion.assembly.consed.phd.DefaultPhdReadTag was not instrumented by EvoSuite. This could happen if you are running JUnit tests in a way that is not handled by EvoSuite, in which some classes are loaded be reflection before the tests are run. Consult the EvoSuite documentation for possible workarounds for this issue.
09:54:45.794 [Test worker] ERROR org.evosuite.runtime.classhandling.ClassStateSupport - Class org.jcvi.jillion.core.Range$UnsignedByteStartLongLengthRange was not instrumented by EvoSuite. This could happen if you are running JUnit tests in a way that is not handled by EvoSuite, in which some classes are loaded be reflection before the tests are run. Consult the EvoSuite documentation for possible workarounds for this issue.
09:54:45.794 [Test worker] ERROR org.evosuite.runtime.classhandling.ClassStateSupport - Class org.jcvi.jillion.core.Range$UnsignedShortStartShortLengthRange was not instrumented by EvoSuite. This could happen if you are running JUnit tests in a way that is not handled by EvoSuite, in which some classes are loaded be reflection before the tests are run. Consult the EvoSuite documentation for possible workarounds for this issue.
09:54:45.795 [Test worker] ERROR org.evosuite.runtime.classhandling.ClassStateSupport - Class org.jcvi.jillion.core.Range$EmptyLongRange was not instrumented by EvoSuite. This could happen if you are running JUnit tests in a way that is not handled by EvoSuite, in which some classes are loaded be reflection before the tests are run. Consult the EvoSuite documentation for possible workarounds for this issue.
09:54:45.795 [Test worker] ERROR org.evosuite.runtime.classhandling.ClassStateSupport - Class org.jcvi.jillion.internal.core.util.Caches was not instrumented by EvoSuite. This could happen if you are running JUnit tests in a way that is not handled by EvoSuite, in which some classes are loaded be reflection before the tests are run. Consult the EvoSuite documentation for possible workarounds for this issue.
09:54:45.795 [Test worker] ERROR org.evosuite.runtime.classhandling.ClassStateSupport - Class org.jcvi.jillion.core.Range$UnsignedShortStartLongLengthRange was not instrumented by EvoSuite. This could happen if you are running JUnit tests in a way that is not handled by EvoSuite, in which some classes are loaded be reflection before the tests are run. Consult the EvoSuite documentation for possible workarounds for this issue.
09:54:45.801 [Test worker] DEBUG org.evosuite.runtime.classhandling.ClassResetter - __STATIC_RESET() method does not exists in class org.jcvi.jillion.assembly.consed.phd.DefaultPhdReadTag
09:54:45.801 [Test worker] DEBUG org.evosuite.runtime.classhandling.ClassResetter - __STATIC_RESET() method does not exists in class org.jcvi.jillion.internal.core.util.Caches
09:54:45.805 [Test worker] DEBUG org.evosuite.runtime.classhandling.ClassResetter - __STATIC_RESET() method does not exists in class org.jcvi.jillion.internal.core.util.Caches$AbstractReferencedCache
09:54:45.806 [Test worker] DEBUG org.evosuite.runtime.classhandling.ClassResetter - __STATIC_RESET() method does not exists in class org.jcvi.jillion.internal.core.util.Caches$SoftReferenceCache
09:54:45.806 [Test worker] DEBUG org.evosuite.runtime.classhandling.ClassResetter - __STATIC_RESET() method does not exists in class org.jcvi.jillion.core.util.MapUtil
09:54:45.811 [Test worker] DEBUG org.evosuite.runtime.classhandling.ClassResetter - __STATIC_RESET() method does not exists in class org.jcvi.jillion.core.Range
09:54:45.812 [Test worker] DEBUG org.evosuite.runtime.classhandling.ClassResetter - __STATIC_RESET() method does not exists in class org.jcvi.jillion.core.Range$Builder
09:54:45.812 [Test worker] DEBUG org.evosuite.runtime.classhandling.ClassResetter - __STATIC_RESET() method does not exists in class org.jcvi.jillion.core.Range$ShortRange
09:54:45.813 [Test worker] DEBUG org.evosuite.runtime.classhandling.ClassResetter - __STATIC_RESET() method does not exists in class org.jcvi.jillion.core.Range$RangeIterator
09:54:45.814 [Test worker] DEBUG org.evosuite.runtime.classhandling.ClassResetter - __STATIC_RESET() method does not exists in class org.jcvi.jillion.core.Range$UnsignedByteStartShortLengthRange
09:54:45.814 [Test worker] DEBUG org.evosuite.runtime.classhandling.ClassResetter - __STATIC_RESET() method does not exists in class org.jcvi.jillion.core.io.IOUtil
09:54:45.816 [Test worker] DEBUG org.evosuite.runtime.classhandling.ClassResetter - __STATIC_RESET() method does not exists in class org.jcvi.jillion.core.Ranges
09:54:45.906 [Test worker] DEBUG org.evosuite.runtime.classhandling.ClassResetter - __STATIC_RESET() method does not exists in class org.jcvi.jillion.core.Range$Comparators
09:54:45.906 [Test worker] DEBUG org.evosuite.runtime.classhandling.ClassResetter - __STATIC_RESET() method does not exists in class org.jcvi.jillion.core.Range$EmptyByteRange
09:54:45.906 [Test worker] DEBUG org.evosuite.runtime.classhandling.ClassResetter - __STATIC_RESET() method does not exists in class org.jcvi.jillion.core.Range$UnsignedShortStartShortLengthRange
09:54:45.907 [Test worker] DEBUG org.evosuite.runtime.classhandling.ClassResetter - __STATIC_RESET() method does not exists in class org.jcvi.jillion.core.Range$ByteRange
09:54:45.907 [Test worker] DEBUG org.evosuite.runtime.classhandling.ClassResetter - __STATIC_RESET() method does not exists in class org.jcvi.jillion.core.Range$UnsignedIntStartIntLengthRange
09:54:45.907 [Test worker] DEBUG org.evosuite.runtime.classhandling.ClassResetter - __STATIC_RESET() method does not exists in class org.jcvi.jillion.core.Range$UnsignedByteStartIntLengthRange
09:54:45.907 [Test worker] DEBUG org.evosuite.runtime.classhandling.ClassResetter - __STATIC_RESET() method does not exists in class org.jcvi.jillion.core.Range$EmptyLongRange
09:54:45.907 [Test worker] DEBUG org.evosuite.runtime.classhandling.ClassResetter - __STATIC_RESET() method does not exists in class org.jcvi.jillion.core.Range$IntRange
09:54:45.907 [Test worker] DEBUG org.evosuite.runtime.classhandling.ClassResetter - __STATIC_RESET() method does not exists in class org.jcvi.jillion.core.Range$LongRange
09:54:45.908 [Test worker] DEBUG org.evosuite.runtime.classhandling.ClassResetter - __STATIC_RESET() method does not exists in class org.jcvi.jillion.core.Range$EmptyShortRange
09:54:45.909 [Test worker] DEBUG org.evosuite.runtime.classhandling.ClassResetter - __STATIC_RESET() method does not exists in class org.jcvi.jillion.internal.core.util.JillionUtil
09:54:45.909 [Test worker] DEBUG org.evosuite.runtime.classhandling.ClassResetter - __STATIC_RESET() method does not exists in class org.jcvi.jillion.core.Range$UnsignedByteStartLongLengthRange
09:54:45.909 [Test worker] DEBUG org.evosuite.runtime.classhandling.ClassResetter - __STATIC_RESET() method does not exists in class org.jcvi.jillion.core.Range$UnsignedShortStartLongLengthRange
09:54:45.909 [Test worker] DEBUG org.evosuite.runtime.classhandling.ClassResetter - __STATIC_RESET() method does not exists in class org.jcvi.jillion.core.Range$LongStartIntLengthRange
09:54:45.909 [Test worker] DEBUG org.evosuite.runtime.classhandling.ClassResetter - __STATIC_RESET() method does not exists in class org.jcvi.jillion.core.Range$UnsignedShortStartIntLengthRange
09:54:45.909 [Test worker] DEBUG org.evosuite.runtime.classhandling.ClassResetter - __STATIC_RESET() method does not exists in class org.jcvi.jillion.core.Range$EmptyIntRange
09:54:45.922 [Test worker] DEBUG org.evosuite.runtime.classhandling.ClassResetter - __STATIC_RESET() method does not exists in class org.jcvi.jillion.assembly.consed.phd.DefaultPhdReadTag
09:54:45.922 [Test worker] DEBUG org.evosuite.runtime.classhandling.ClassResetter - __STATIC_RESET() method does not exists in class org.jcvi.jillion.internal.core.util.Caches
09:54:45.922 [Test worker] DEBUG org.evosuite.runtime.classhandling.ClassResetter - __STATIC_RESET() method does not exists in class org.jcvi.jillion.internal.core.util.Caches$AbstractReferencedCache
09:54:45.922 [Test worker] DEBUG org.evosuite.runtime.classhandling.ClassResetter - __STATIC_RESET() method does not exists in class org.jcvi.jillion.internal.core.util.Caches$SoftReferenceCache
09:54:45.923 [Test worker] DEBUG org.evosuite.runtime.classhandling.ClassResetter - __STATIC_RESET() method does not exists in class org.jcvi.jillion.core.util.MapUtil
09:54:45.923 [Test worker] DEBUG org.evosuite.runtime.classhandling.ClassResetter - __STATIC_RESET() method does not exists in class org.jcvi.jillion.core.Range
09:54:45.923 [Test worker] DEBUG org.evosuite.runtime.classhandling.ClassResetter - __STATIC_RESET() method does not exists in class org.jcvi.jillion.core.Range$Builder
09:54:45.923 [Test worker] DEBUG org.evosuite.runtime.classhandling.ClassResetter - __STATIC_RESET() method does not exists in class org.jcvi.jillion.core.Range$ShortRange
09:54:45.923 [Test worker] DEBUG org.evosuite.runtime.classhandling.ClassResetter - __STATIC_RESET() method does not exists in class org.jcvi.jillion.core.Range$RangeIterator
09:54:45.923 [Test worker] DEBUG org.evosuite.runtime.classhandling.ClassResetter - __STATIC_RESET() method does not exists in class org.jcvi.jillion.core.Range$UnsignedByteStartShortLengthRange
09:54:45.924 [Test worker] DEBUG org.evosuite.runtime.classhandling.ClassResetter - __STATIC_RESET() method does not exists in class org.jcvi.jillion.core.io.IOUtil
09:54:45.924 [Test worker] DEBUG org.evosuite.runtime.classhandling.ClassResetter - __STATIC_RESET() method does not exists in class org.jcvi.jillion.core.Ranges
09:54:45.924 [Test worker] DEBUG org.evosuite.runtime.classhandling.ClassResetter - __STATIC_RESET() method does not exists in class org.jcvi.jillion.core.Range$Comparators
09:54:45.924 [Test worker] DEBUG org.evosuite.runtime.classhandling.ClassResetter - __STATIC_RESET() method does not exists in class org.jcvi.jillion.core.Range$EmptyByteRange
09:54:45.924 [Test worker] DEBUG org.evosuite.runtime.classhandling.ClassResetter - __STATIC_RESET() method does not exists in class org.jcvi.jillion.core.Range$UnsignedShortStartShortLengthRange
09:54:45.924 [Test worker] DEBUG org.evosuite.runtime.classhandling.ClassResetter - __STATIC_RESET() method does not exists in class org.jcvi.jillion.core.Range$ByteRange
09:54:45.924 [Test worker] DEBUG org.evosuite.runtime.classhandling.ClassResetter - __STATIC_RESET() method does not exists in class org.jcvi.jillion.core.Range$UnsignedIntStartIntLengthRange
09:54:45.925 [Test worker] DEBUG org.evosuite.runtime.classhandling.ClassResetter - __STATIC_RESET() method does not exists in class org.jcvi.jillion.core.Range$UnsignedByteStartIntLengthRange
09:54:45.925 [Test worker] DEBUG org.evosuite.runtime.classhandling.ClassResetter - __STATIC_RESET() method does not exists in class org.jcvi.jillion.core.Range$EmptyLongRange
09:54:45.925 [Test worker] DEBUG org.evosuite.runtime.classhandling.ClassResetter - __STATIC_RESET() method does not exists in class org.jcvi.jillion.core.Range$IntRange
09:54:45.925 [Test worker] DEBUG org.evosuite.runtime.classhandling.ClassResetter - __STATIC_RESET() method does not exists in class org.jcvi.jillion.core.Range$LongRange
09:54:45.925 [Test worker] DEBUG org.evosuite.runtime.classhandling.ClassResetter - __STATIC_RESET() method does not exists in class org.jcvi.jillion.core.Range$EmptyShortRange
09:54:45.925 [Test worker] DEBUG org.evosuite.runtime.classhandling.ClassResetter - __STATIC_RESET() method does not exists in class org.jcvi.jillion.internal.core.util.JillionUtil
09:54:45.925 [Test worker] DEBUG org.evosuite.runtime.classhandling.ClassResetter - __STATIC_RESET() method does not exists in class org.jcvi.jillion.core.Range$UnsignedByteStartLongLengthRange
09:54:45.925 [Test worker] DEBUG org.evosuite.runtime.classhandling.ClassResetter - __STATIC_RESET() method does not exists in class org.jcvi.jillion.core.Range$UnsignedShortStartLongLengthRange
09:54:45.926 [Test worker] DEBUG org.evosuite.runtime.classhandling.ClassResetter - __STATIC_RESET() method does not exists in class org.jcvi.jillion.core.Range$LongStartIntLengthRange
09:54:45.926 [Test worker] DEBUG org.evosuite.runtime.classhandling.ClassResetter - __STATIC_RESET() method does not exists in class org.jcvi.jillion.core.Range$UnsignedShortStartIntLengthRange
09:54:45.926 [Test worker] DEBUG org.evosuite.runtime.classhandling.ClassResetter - __STATIC_RESET() method does not exists in class org.jcvi.jillion.core.Range$EmptyIntRange
09:54:45.944 [Test worker] DEBUG org.evosuite.runtime.classhandling.ClassResetter - __STATIC_RESET() method does not exists in class org.jcvi.jillion.assembly.consed.phd.DefaultPhdReadTag
09:54:45.945 [Test worker] DEBUG org.evosuite.runtime.classhandling.ClassResetter - __STATIC_RESET() method does not exists in class org.jcvi.jillion.internal.core.util.Caches
09:54:45.945 [Test worker] DEBUG org.evosuite.runtime.classhandling.ClassResetter - __STATIC_RESET() method does not exists in class org.jcvi.jillion.internal.core.util.Caches$AbstractReferencedCache
09:54:45.945 [Test worker] DEBUG org.evosuite.runtime.classhandling.ClassResetter - __STATIC_RESET() method does not exists in class org.jcvi.jillion.internal.core.util.Caches$SoftReferenceCache
09:54:45.945 [Test worker] DEBUG org.evosuite.runtime.classhandling.ClassResetter - __STATIC_RESET() method does not exists in class org.jcvi.jillion.core.util.MapUtil
09:54:45.945 [Test worker] DEBUG org.evosuite.runtime.classhandling.ClassResetter - __STATIC_RESET() method does not exists in class org.jcvi.jillion.core.Range
09:54:45.946 [Test worker] DEBUG org.evosuite.runtime.classhandling.ClassResetter - __STATIC_RESET() method does not exists in class org.jcvi.jillion.core.Range$Builder
09:54:45.946 [Test worker] DEBUG org.evosuite.runtime.classhandling.ClassResetter - __STATIC_RESET() method does not exists in class org.jcvi.jillion.core.Range$ShortRange
09:54:45.946 [Test worker] DEBUG org.evosuite.runtime.classhandling.ClassResetter - __STATIC_RESET() method does not exists in class org.jcvi.jillion.core.Range$RangeIterator
09:54:45.946 [Test worker] DEBUG org.evosuite.runtime.classhandling.ClassResetter - __STATIC_RESET() method does not exists in class org.jcvi.jillion.core.Range$UnsignedByteStartShortLengthRange
09:54:45.946 [Test worker] DEBUG org.evosuite.runtime.classhandling.ClassResetter - __STATIC_RESET() method does not exists in class org.jcvi.jillion.core.io.IOUtil
09:54:45.946 [Test worker] DEBUG org.evosuite.runtime.classhandling.ClassResetter - __STATIC_RESET() method does not exists in class org.jcvi.jillion.core.Ranges
09:54:45.946 [Test worker] DEBUG org.evosuite.runtime.classhandling.ClassResetter - __STATIC_RESET() method does not exists in class org.jcvi.jillion.core.Range$Comparators
09:54:45.947 [Test worker] DEBUG org.evosuite.runtime.classhandling.ClassResetter - __STATIC_RESET() method does not exists in class org.jcvi.jillion.core.Range$EmptyByteRange
09:54:45.947 [Test worker] DEBUG org.evosuite.runtime.classhandling.ClassResetter - __STATIC_RESET() method does not exists in class org.jcvi.jillion.core.Range$UnsignedShortStartShortLengthRange
09:54:45.947 [Test worker] DEBUG org.evosuite.runtime.classhandling.ClassResetter - __STATIC_RESET() method does not exists in class org.jcvi.jillion.core.Range$ByteRange
09:54:45.947 [Test worker] DEBUG org.evosuite.runtime.classhandling.ClassResetter - __STATIC_RESET() method does not exists in class org.jcvi.jillion.core.Range$UnsignedIntStartIntLengthRange
09:54:45.947 [Test worker] DEBUG org.evosuite.runtime.classhandling.ClassResetter - __STATIC_RESET() method does not exists in class org.jcvi.jillion.core.Range$UnsignedByteStartIntLengthRange
09:54:45.947 [Test worker] DEBUG org.evosuite.runtime.classhandling.ClassResetter - __STATIC_RESET() method does not exists in class org.jcvi.jillion.core.Range$EmptyLongRange
09:54:45.947 [Test worker] DEBUG org.evosuite.runtime.classhandling.ClassResetter - __STATIC_RESET() method does not exists in class org.jcvi.jillion.core.Range$IntRange
09:54:45.947 [Test worker] DEBUG org.evosuite.runtime.classhandling.ClassResetter - __STATIC_RESET() method does not exists in class org.jcvi.jillion.core.Range$LongRange
09:54:45.948 [Test worker] DEBUG org.evosuite.runtime.classhandling.ClassResetter - __STATIC_RESET() method does not exists in class org.jcvi.jillion.core.Range$EmptyShortRange
09:54:45.948 [Test worker] DEBUG org.evosuite.runtime.classhandling.ClassResetter - __STATIC_RESET() method does not exists in class org.jcvi.jillion.internal.core.util.JillionUtil
09:54:45.948 [Test worker] DEBUG org.evosuite.runtime.classhandling.ClassResetter - __STATIC_RESET() method does not exists in class org.jcvi.jillion.core.Range$UnsignedByteStartLongLengthRange
09:54:45.948 [Test worker] DEBUG org.evosuite.runtime.classhandling.ClassResetter - __STATIC_RESET() method does not exists in class org.jcvi.jillion.core.Range$UnsignedShortStartLongLengthRange
09:54:45.948 [Test worker] DEBUG org.evosuite.runtime.classhandling.ClassResetter - __STATIC_RESET() method does not exists in class org.jcvi.jillion.core.Range$LongStartIntLengthRange
09:54:45.948 [Test worker] DEBUG org.evosuite.runtime.classhandling.ClassResetter - __STATIC_RESET() method does not exists in class org.jcvi.jillion.core.Range$UnsignedShortStartIntLengthRange
09:54:45.948 [Test worker] DEBUG org.evosuite.runtime.classhandling.ClassResetter - __STATIC_RESET() method does not exists in class org.jcvi.jillion.core.Range$EmptyIntRange
09:54:45.955 [Test worker] DEBUG org.evosuite.runtime.classhandling.ClassResetter - __STATIC_RESET() method does not exists in class org.jcvi.jillion.assembly.consed.phd.DefaultPhdReadTag
09:54:45.956 [Test worker] DEBUG org.evosuite.runtime.classhandling.ClassResetter - __STATIC_RESET() method does not exists in class org.jcvi.jillion.internal.core.util.Caches
09:54:45.956 [Test worker] DEBUG org.evosuite.runtime.classhandling.ClassResetter - __STATIC_RESET() method does not exists in class org.jcvi.jillion.internal.core.util.Caches$AbstractReferencedCache
09:54:45.956 [Test worker] DEBUG org.evosuite.runtime.classhandling.ClassResetter - __STATIC_RESET() method does not exists in class org.jcvi.jillion.internal.core.util.Caches$SoftReferenceCache
09:54:45.956 [Test worker] DEBUG org.evosuite.runtime.classhandling.ClassResetter - __STATIC_RESET() method does not exists in class org.jcvi.jillion.core.util.MapUtil
09:54:45.956 [Test worker] DEBUG org.evosuite.runtime.classhandling.ClassResetter - __STATIC_RESET() method does not exists in class org.jcvi.jillion.core.Range
09:54:45.956 [Test worker] DEBUG org.evosuite.runtime.classhandling.ClassResetter - __STATIC_RESET() method does not exists in class org.jcvi.jillion.core.Range$Builder
09:54:45.957 [Test worker] DEBUG org.evosuite.runtime.classhandling.ClassResetter - __STATIC_RESET() method does not exists in class org.jcvi.jillion.core.Range$ShortRange
09:54:45.957 [Test worker] DEBUG org.evosuite.runtime.classhandling.ClassResetter - __STATIC_RESET() method does not exists in class org.jcvi.jillion.core.Range$RangeIterator
09:54:45.957 [Test worker] DEBUG org.evosuite.runtime.classhandling.ClassResetter - __STATIC_RESET() method does not exists in class org.jcvi.jillion.core.Range$UnsignedByteStartShortLengthRange
09:54:45.957 [Test worker] DEBUG org.evosuite.runtime.classhandling.ClassResetter - __STATIC_RESET() method does not exists in class org.jcvi.jillion.core.io.IOUtil
09:54:45.957 [Test worker] DEBUG org.evosuite.runtime.classhandling.ClassResetter - __STATIC_RESET() method does not exists in class org.jcvi.jillion.core.Ranges
09:54:45.957 [Test worker] DEBUG org.evosuite.runtime.classhandling.ClassResetter - __STATIC_RESET() method does not exists in class org.jcvi.jillion.core.Range$Comparators
09:54:45.957 [Test worker] DEBUG org.evosuite.runtime.classhandling.ClassResetter - __STATIC_RESET() method does not exists in class org.jcvi.jillion.core.Range$EmptyByteRange
09:54:45.958 [Test worker] DEBUG org.evosuite.runtime.classhandling.ClassResetter - __STATIC_RESET() method does not exists in class org.jcvi.jillion.core.Range$UnsignedShortStartShortLengthRange
09:54:45.958 [Test worker] DEBUG org.evosuite.runtime.classhandling.ClassResetter - __STATIC_RESET() method does not exists in class org.jcvi.jillion.core.Range$ByteRange
09:54:45.958 [Test worker] DEBUG org.evosuite.runtime.classhandling.ClassResetter - __STATIC_RESET() method does not exists in class org.jcvi.jillion.core.Range$UnsignedIntStartIntLengthRange
09:54:45.958 [Test worker] DEBUG org.evosuite.runtime.classhandling.ClassResetter - __STATIC_RESET() method does not exists in class org.jcvi.jillion.core.Range$UnsignedByteStartIntLengthRange
09:54:45.958 [Test worker] DEBUG org.evosuite.runtime.classhandling.ClassResetter - __STATIC_RESET() method does not exists in class org.jcvi.jillion.core.Range$EmptyLongRange
09:54:45.958 [Test worker] DEBUG org.evosuite.runtime.classhandling.ClassResetter - __STATIC_RESET() method does not exists in class org.jcvi.jillion.core.Range$IntRange
09:54:45.958 [Test worker] DEBUG org.evosuite.runtime.classhandling.ClassResetter - __STATIC_RESET() method does not exists in class org.jcvi.jillion.core.Range$LongRange
09:54:45.959 [Test worker] DEBUG org.evosuite.runtime.classhandling.ClassResetter - __STATIC_RESET() method does not exists in class org.jcvi.jillion.core.Range$EmptyShortRange
09:54:45.959 [Test worker] DEBUG org.evosuite.runtime.classhandling.ClassResetter - __STATIC_RESET() method does not exists in class org.jcvi.jillion.internal.core.util.JillionUtil
09:54:45.959 [Test worker] DEBUG org.evosuite.runtime.classhandling.ClassResetter - __STATIC_RESET() method does not exists in class org.jcvi.jillion.core.Range$UnsignedByteStartLongLengthRange
09:54:45.959 [Test worker] DEBUG org.evosuite.runtime.classhandling.ClassResetter - __STATIC_RESET() method does not exists in class org.jcvi.jillion.core.Range$UnsignedShortStartLongLengthRange
09:54:45.959 [Test worker] DEBUG org.evosuite.runtime.classhandling.ClassResetter - __STATIC_RESET() method does not exists in class org.jcvi.jillion.core.Range$LongStartIntLengthRange
09:54:45.959 [Test worker] DEBUG org.evosuite.runtime.classhandling.ClassResetter - __STATIC_RESET() method does not exists in class org.jcvi.jillion.core.Range$UnsignedShortStartIntLengthRange
09:54:45.967 [Test worker] DEBUG org.evosuite.runtime.classhandling.ClassResetter - __STATIC_RESET() method does not exists in class org.jcvi.jillion.core.Range$EmptyIntRange
09:54:45.984 [Test worker] DEBUG org.evosuite.runtime.classhandling.ClassResetter - __STATIC_RESET() method does not exists in class org.jcvi.jillion.assembly.consed.phd.DefaultPhdReadTag
09:54:45.984 [Test worker] DEBUG org.evosuite.runtime.classhandling.ClassResetter - __STATIC_RESET() method does not exists in class org.jcvi.jillion.internal.core.util.Caches
09:54:45.985 [Test worker] DEBUG org.evosuite.runtime.classhandling.ClassResetter - __STATIC_RESET() method does not exists in class org.jcvi.jillion.internal.core.util.Caches$AbstractReferencedCache
09:54:45.985 [Test worker] DEBUG org.evosuite.runtime.classhandling.ClassResetter - __STATIC_RESET() method does not exists in class org.jcvi.jillion.internal.core.util.Caches$SoftReferenceCache
09:54:45.985 [Test worker] DEBUG org.evosuite.runtime.classhandling.ClassResetter - __STATIC_RESET() method does not exists in class org.jcvi.jillion.core.util.MapUtil
09:54:45.985 [Test worker] DEBUG org.evosuite.runtime.classhandling.ClassResetter - __STATIC_RESET() method does not exists in class org.jcvi.jillion.core.Range
09:54:45.985 [Test worker] DEBUG org.evosuite.runtime.classhandling.ClassResetter - __STATIC_RESET() method does not exists in class org.jcvi.jillion.core.Range$Builder
09:54:45.985 [Test worker] DEBUG org.evosuite.runtime.classhandling.ClassResetter - __STATIC_RESET() method does not exists in class org.jcvi.jillion.core.Range$ShortRange
09:54:45.985 [Test worker] DEBUG org.evosuite.runtime.classhandling.ClassResetter - __STATIC_RESET() method does not exists in class org.jcvi.jillion.core.Range$RangeIterator
09:54:45.985 [Test worker] DEBUG org.evosuite.runtime.classhandling.ClassResetter - __STATIC_RESET() method does not exists in class org.jcvi.jillion.core.Range$UnsignedByteStartShortLengthRange
09:54:45.986 [Test worker] DEBUG org.evosuite.runtime.classhandling.ClassResetter - __STATIC_RESET() method does not exists in class org.jcvi.jillion.core.io.IOUtil
09:54:45.986 [Test worker] DEBUG org.evosuite.runtime.classhandling.ClassResetter - __STATIC_RESET() method does not exists in class org.jcvi.jillion.core.Ranges
09:54:45.986 [Test worker] DEBUG org.evosuite.runtime.classhandling.ClassResetter - __STATIC_RESET() method does not exists in class org.jcvi.jillion.core.Range$Comparators
09:54:45.986 [Test worker] DEBUG org.evosuite.runtime.classhandling.ClassResetter - __STATIC_RESET() method does not exists in class org.jcvi.jillion.core.Range$EmptyByteRange
09:54:45.986 [Test worker] DEBUG org.evosuite.runtime.classhandling.ClassResetter - __STATIC_RESET() method does not exists in class org.jcvi.jillion.core.Range$UnsignedShortStartShortLengthRange
09:54:45.986 [Test worker] DEBUG org.evosuite.runtime.classhandling.ClassResetter - __STATIC_RESET() method does not exists in class org.jcvi.jillion.core.Range$ByteRange
09:54:45.986 [Test worker] DEBUG org.evosuite.runtime.classhandling.ClassResetter - __STATIC_RESET() method does not exists in class org.jcvi.jillion.core.Range$UnsignedIntStartIntLengthRange
09:54:45.986 [Test worker] DEBUG org.evosuite.runtime.classhandling.ClassResetter - __STATIC_RESET() method does not exists in class org.jcvi.jillion.core.Range$UnsignedByteStartIntLengthRange
09:54:45.987 [Test worker] DEBUG org.evosuite.runtime.classhandling.ClassResetter - __STATIC_RESET() method does not exists in class org.jcvi.jillion.core.Range$EmptyLongRange
09:54:45.987 [Test worker] DEBUG org.evosuite.runtime.classhandling.ClassResetter - __STATIC_RESET() method does not exists in class org.jcvi.jillion.core.Range$IntRange
09:54:45.987 [Test worker] DEBUG org.evosuite.runtime.classhandling.ClassResetter - __STATIC_RESET() method does not exists in class org.jcvi.jillion.core.Range$LongRange
09:54:45.987 [Test worker] DEBUG org.evosuite.runtime.classhandling.ClassResetter - __STATIC_RESET() method does not exists in class org.jcvi.jillion.core.Range$EmptyShortRange
09:54:45.987 [Test worker] DEBUG org.evosuite.runtime.classhandling.ClassResetter - __STATIC_RESET() method does not exists in class org.jcvi.jillion.internal.core.util.JillionUtil
09:54:45.987 [Test worker] DEBUG org.evosuite.runtime.classhandling.ClassResetter - __STATIC_RESET() method does not exists in class org.jcvi.jillion.core.Range$UnsignedByteStartLongLengthRange
09:54:45.987 [Test worker] DEBUG org.evosuite.runtime.classhandling.ClassResetter - __STATIC_RESET() method does not exists in class org.jcvi.jillion.core.Range$UnsignedShortStartLongLengthRange
09:54:45.987 [Test worker] DEBUG org.evosuite.runtime.classhandling.ClassResetter - __STATIC_RESET() method does not exists in class org.jcvi.jillion.core.Range$LongStartIntLengthRange
09:54:45.987 [Test worker] DEBUG org.evosuite.runtime.classhandling.ClassResetter - __STATIC_RESET() method does not exists in class org.jcvi.jillion.core.Range$UnsignedShortStartIntLengthRange
09:54:45.988 [Test worker] DEBUG org.evosuite.runtime.classhandling.ClassResetter - __STATIC_RESET() method does not exists in class org.jcvi.jillion.core.Range$EmptyIntRange
09:54:45.997 [Test worker] DEBUG org.evosuite.runtime.classhandling.ClassResetter - __STATIC_RESET() method does not exists in class org.jcvi.jillion.assembly.consed.phd.DefaultPhdReadTag
09:54:45.997 [Test worker] DEBUG org.evosuite.runtime.classhandling.ClassResetter - __STATIC_RESET() method does not exists in class org.jcvi.jillion.internal.core.util.Caches
09:54:45.997 [Test worker] DEBUG org.evosuite.runtime.classhandling.ClassResetter - __STATIC_RESET() method does not exists in class org.jcvi.jillion.internal.core.util.Caches$AbstractReferencedCache
09:54:45.997 [Test worker] DEBUG org.evosuite.runtime.classhandling.ClassResetter - __STATIC_RESET() method does not exists in class org.jcvi.jillion.internal.core.util.Caches$SoftReferenceCache
09:54:45.998 [Test worker] DEBUG org.evosuite.runtime.classhandling.ClassResetter - __STATIC_RESET() method does not exists in class org.jcvi.jillion.core.util.MapUtil
09:54:45.998 [Test worker] DEBUG org.evosuite.runtime.classhandling.ClassResetter - __STATIC_RESET() method does not exists in class org.jcvi.jillion.core.Range
09:54:45.998 [Test worker] DEBUG org.evosuite.runtime.classhandling.ClassResetter - __STATIC_RESET() method does not exists in class org.jcvi.jillion.core.Range$Builder
09:54:45.998 [Test worker] DEBUG org.evosuite.runtime.classhandling.ClassResetter - __STATIC_RESET() method does not exists in class org.jcvi.jillion.core.Range$ShortRange
09:54:45.998 [Test worker] DEBUG org.evosuite.runtime.classhandling.ClassResetter - __STATIC_RESET() method does not exists in class org.jcvi.jillion.core.Range$RangeIterator
09:54:45.998 [Test worker] DEBUG org.evosuite.runtime.classhandling.ClassResetter - __STATIC_RESET() method does not exists in class org.jcvi.jillion.core.Range$UnsignedByteStartShortLengthRange
09:54:45.998 [Test worker] DEBUG org.evosuite.runtime.classhandling.ClassResetter - __STATIC_RESET() method does not exists in class org.jcvi.jillion.core.io.IOUtil
09:54:45.998 [Test worker] DEBUG org.evosuite.runtime.classhandling.ClassResetter - __STATIC_RESET() method does not exists in class org.jcvi.jillion.core.Ranges
09:54:45.998 [Test worker] DEBUG org.evosuite.runtime.classhandling.ClassResetter - __STATIC_RESET() method does not exists in class org.jcvi.jillion.core.Range$Comparators
09:54:45.999 [Test worker] DEBUG org.evosuite.runtime.classhandling.ClassResetter - __STATIC_RESET() method does not exists in class org.jcvi.jillion.core.Range$EmptyByteRange
09:54:45.999 [Test worker] DEBUG org.evosuite.runtime.classhandling.ClassResetter - __STATIC_RESET() method does not exists in class org.jcvi.jillion.core.Range$UnsignedShortStartShortLengthRange
09:54:45.999 [Test worker] DEBUG org.evosuite.runtime.classhandling.ClassResetter - __STATIC_RESET() method does not exists in class org.jcvi.jillion.core.Range$ByteRange
09:54:45.999 [Test worker] DEBUG org.evosuite.runtime.classhandling.ClassResetter - __STATIC_RESET() method does not exists in class org.jcvi.jillion.core.Range$UnsignedIntStartIntLengthRange
09:54:46.000 [Test worker] DEBUG org.evosuite.runtime.classhandling.ClassResetter - __STATIC_RESET() method does not exists in class org.jcvi.jillion.core.Range$UnsignedByteStartIntLengthRange
09:54:46.000 [Test worker] DEBUG org.evosuite.runtime.classhandling.ClassResetter - __STATIC_RESET() method does not exists in class org.jcvi.jillion.core.Range$EmptyLongRange
09:54:46.000 [Test worker] DEBUG org.evosuite.runtime.classhandling.ClassResetter - __STATIC_RESET() method does not exists in class org.jcvi.jillion.core.Range$IntRange
09:54:46.000 [Test worker] DEBUG org.evosuite.runtime.classhandling.ClassResetter - __STATIC_RESET() method does not exists in class org.jcvi.jillion.core.Range$LongRange
09:54:46.000 [Test worker] DEBUG org.evosuite.runtime.classhandling.ClassResetter - __STATIC_RESET() method does not exists in class org.jcvi.jillion.core.Range$EmptyShortRange
09:54:46.007 [Test worker] DEBUG org.evosuite.runtime.classhandling.ClassResetter - __STATIC_RESET() method does not exists in class org.jcvi.jillion.internal.core.util.JillionUtil
09:54:46.008 [Test worker] DEBUG org.evosuite.runtime.classhandling.ClassResetter - __STATIC_RESET() method does not exists in class org.jcvi.jillion.core.Range$UnsignedByteStartLongLengthRange
09:54:46.008 [Test worker] DEBUG org.evosuite.runtime.classhandling.ClassResetter - __STATIC_RESET() method does not exists in class org.jcvi.jillion.core.Range$UnsignedShortStartLongLengthRange
09:54:46.008 [Test worker] DEBUG org.evosuite.runtime.classhandling.ClassResetter - __STATIC_RESET() method does not exists in class org.jcvi.jillion.core.Range$LongStartIntLengthRange
09:54:46.008 [Test worker] DEBUG org.evosuite.runtime.classhandling.ClassResetter - __STATIC_RESET() method does not exists in class org.jcvi.jillion.core.Range$UnsignedShortStartIntLengthRange
09:54:46.008 [Test worker] DEBUG org.evosuite.runtime.classhandling.ClassResetter - __STATIC_RESET() method does not exists in class org.jcvi.jillion.core.Range$EmptyIntRange
09:54:46.016 [Test worker] DEBUG org.evosuite.runtime.classhandling.ClassResetter - __STATIC_RESET() method does not exists in class org.jcvi.jillion.assembly.consed.phd.DefaultPhdReadTag
09:54:46.016 [Test worker] DEBUG org.evosuite.runtime.classhandling.ClassResetter - __STATIC_RESET() method does not exists in class org.jcvi.jillion.internal.core.util.Caches
09:54:46.016 [Test worker] DEBUG org.evosuite.runtime.classhandling.ClassResetter - __STATIC_RESET() method does not exists in class org.jcvi.jillion.internal.core.util.Caches$AbstractReferencedCache
09:54:46.016 [Test worker] DEBUG org.evosuite.runtime.classhandling.ClassResetter - __STATIC_RESET() method does not exists in class org.jcvi.jillion.internal.core.util.Caches$SoftReferenceCache
09:54:46.016 [Test worker] DEBUG org.evosuite.runtime.classhandling.ClassResetter - __STATIC_RESET() method does not exists in class org.jcvi.jillion.core.util.MapUtil
09:54:46.016 [Test worker] DEBUG org.evosuite.runtime.classhandling.ClassResetter - __STATIC_RESET() method does not exists in class org.jcvi.jillion.core.Range
09:54:46.016 [Test worker] DEBUG org.evosuite.runtime.classhandling.ClassResetter - __STATIC_RESET() method does not exists in class org.jcvi.jillion.core.Range$Builder
09:54:46.017 [Test worker] DEBUG org.evosuite.runtime.classhandling.ClassResetter - __STATIC_RESET() method does not exists in class org.jcvi.jillion.core.Range$ShortRange
09:54:46.017 [Test worker] DEBUG org.evosuite.runtime.classhandling.ClassResetter - __STATIC_RESET() method does not exists in class org.jcvi.jillion.core.Range$RangeIterator
09:54:46.017 [Test worker] DEBUG org.evosuite.runtime.classhandling.ClassResetter - __STATIC_RESET() method does not exists in class org.jcvi.jillion.core.Range$UnsignedByteStartShortLengthRange
09:54:46.017 [Test worker] DEBUG org.evosuite.runtime.classhandling.ClassResetter - __STATIC_RESET() method does not exists in class org.jcvi.jillion.core.io.IOUtil
09:54:46.017 [Test worker] DEBUG org.evosuite.runtime.classhandling.ClassResetter - __STATIC_RESET() method does not exists in class org.jcvi.jillion.core.Ranges
09:54:46.017 [Test worker] DEBUG org.evosuite.runtime.classhandling.ClassResetter - __STATIC_RESET() method does not exists in class org.jcvi.jillion.core.Range$Comparators
09:54:46.017 [Test worker] DEBUG org.evosuite.runtime.classhandling.ClassResetter - __STATIC_RESET() method does not exists in class org.jcvi.jillion.core.Range$EmptyByteRange
09:54:46.017 [Test worker] DEBUG org.evosuite.runtime.classhandling.ClassResetter - __STATIC_RESET() method does not exists in class org.jcvi.jillion.core.Range$UnsignedShortStartShortLengthRange
09:54:46.017 [Test worker] DEBUG org.evosuite.runtime.classhandling.ClassResetter - __STATIC_RESET() method does not exists in class org.jcvi.jillion.core.Range$ByteRange
09:54:46.018 [Test worker] DEBUG org.evosuite.runtime.classhandling.ClassResetter - __STATIC_RESET() method does not exists in class org.jcvi.jillion.core.Range$UnsignedIntStartIntLengthRange
09:54:46.018 [Test worker] DEBUG org.evosuite.runtime.classhandling.ClassResetter - __STATIC_RESET() method does not exists in class org.jcvi.jillion.core.Range$UnsignedByteStartIntLengthRange
09:54:46.018 [Test worker] DEBUG org.evosuite.runtime.classhandling.ClassResetter - __STATIC_RESET() method does not exists in class org.jcvi.jillion.core.Range$EmptyLongRange
09:54:46.018 [Test worker] DEBUG org.evosuite.runtime.classhandling.ClassResetter - __STATIC_RESET() method does not exists in class org.jcvi.jillion.core.Range$IntRange
09:54:46.018 [Test worker] DEBUG org.evosuite.runtime.classhandling.ClassResetter - __STATIC_RESET() method does not exists in class org.jcvi.jillion.core.Range$LongRange
09:54:46.018 [Test worker] DEBUG org.evosuite.runtime.classhandling.ClassResetter - __STATIC_RESET() method does not exists in class org.jcvi.jillion.core.Range$EmptyShortRange
09:54:46.018 [Test worker] DEBUG org.evosuite.runtime.classhandling.ClassResetter - __STATIC_RESET() method does not exists in class org.jcvi.jillion.internal.core.util.JillionUtil
09:54:46.018 [Test worker] DEBUG org.evosuite.runtime.classhandling.ClassResetter - __STATIC_RESET() method does not exists in class org.jcvi.jillion.core.Range$UnsignedByteStartLongLengthRange
09:54:46.019 [Test worker] DEBUG org.evosuite.runtime.classhandling.ClassResetter - __STATIC_RESET() method does not exists in class org.jcvi.jillion.core.Range$UnsignedShortStartLongLengthRange
09:54:46.019 [Test worker] DEBUG org.evosuite.runtime.classhandling.ClassResetter - __STATIC_RESET() method does not exists in class org.jcvi.jillion.core.Range$LongStartIntLengthRange
09:54:46.019 [Test worker] DEBUG org.evosuite.runtime.classhandling.ClassResetter - __STATIC_RESET() method does not exists in class org.jcvi.jillion.core.Range$UnsignedShortStartIntLengthRange
09:54:46.019 [Test worker] DEBUG org.evosuite.runtime.classhandling.ClassResetter - __STATIC_RESET() method does not exists in class org.jcvi.jillion.core.Range$EmptyIntRange
09:54:46.028 [Test worker] DEBUG org.evosuite.runtime.classhandling.ClassResetter - __STATIC_RESET() method does not exists in class org.jcvi.jillion.assembly.consed.phd.DefaultPhdReadTag
09:54:46.029 [Test worker] DEBUG org.evosuite.runtime.classhandling.ClassResetter - __STATIC_RESET() method does not exists in class org.jcvi.jillion.internal.core.util.Caches
09:54:46.029 [Test worker] DEBUG org.evosuite.runtime.classhandling.ClassResetter - __STATIC_RESET() method does not exists in class org.jcvi.jillion.internal.core.util.Caches$AbstractReferencedCache
09:54:46.029 [Test worker] DEBUG org.evosuite.runtime.classhandling.ClassResetter - __STATIC_RESET() method does not exists in class org.jcvi.jillion.internal.core.util.Caches$SoftReferenceCache
09:54:46.029 [Test worker] DEBUG org.evosuite.runtime.classhandling.ClassResetter - __STATIC_RESET() method does not exists in class org.jcvi.jillion.core.util.MapUtil
09:54:46.029 [Test worker] DEBUG org.evosuite.runtime.classhandling.ClassResetter - __STATIC_RESET() method does not exists in class org.jcvi.jillion.core.Range
09:54:46.030 [Test worker] DEBUG org.evosuite.runtime.classhandling.ClassResetter - __STATIC_RESET() method does not exists in class org.jcvi.jillion.core.Range$Builder
09:54:46.030 [Test worker] DEBUG org.evosuite.runtime.classhandling.ClassResetter - __STATIC_RESET() method does not exists in class org.jcvi.jillion.core.Range$ShortRange
09:54:46.030 [Test worker] DEBUG org.evosuite.runtime.classhandling.ClassResetter - __STATIC_RESET() method does not exists in class org.jcvi.jillion.core.Range$RangeIterator
09:54:46.030 [Test worker] DEBUG org.evosuite.runtime.classhandling.ClassResetter - __STATIC_RESET() method does not exists in class org.jcvi.jillion.core.Range$UnsignedByteStartShortLengthRange
09:54:46.030 [Test worker] DEBUG org.evosuite.runtime.classhandling.ClassResetter - __STATIC_RESET() method does not exists in class org.jcvi.jillion.core.io.IOUtil
09:54:46.030 [Test worker] DEBUG org.evosuite.runtime.classhandling.ClassResetter - __STATIC_RESET() method does not exists in class org.jcvi.jillion.core.Ranges
09:54:46.030 [Test worker] DEBUG org.evosuite.runtime.classhandling.ClassResetter - __STATIC_RESET() method does not exists in class org.jcvi.jillion.core.Range$Comparators
09:54:46.030 [Test worker] DEBUG org.evosuite.runtime.classhandling.ClassResetter - __STATIC_RESET() method does not exists in class org.jcvi.jillion.core.Range$EmptyByteRange
09:54:46.030 [Test worker] DEBUG org.evosuite.runtime.classhandling.ClassResetter - __STATIC_RESET() method does not exists in class org.jcvi.jillion.core.Range$UnsignedShortStartShortLengthRange
09:54:46.031 [Test worker] DEBUG org.evosuite.runtime.classhandling.ClassResetter - __STATIC_RESET() method does not exists in class org.jcvi.jillion.core.Range$ByteRange
09:54:46.031 [Test worker] DEBUG org.evosuite.runtime.classhandling.ClassResetter - __STATIC_RESET() method does not exists in class org.jcvi.jillion.core.Range$UnsignedIntStartIntLengthRange
09:54:46.031 [Test worker] DEBUG org.evosuite.runtime.classhandling.ClassResetter - __STATIC_RESET() method does not exists in class org.jcvi.jillion.core.Range$UnsignedByteStartIntLengthRange
09:54:46.031 [Test worker] DEBUG org.evosuite.runtime.classhandling.ClassResetter - __STATIC_RESET() method does not exists in class org.jcvi.jillion.core.Range$EmptyLongRange
09:54:46.031 [Test worker] DEBUG org.evosuite.runtime.classhandling.ClassResetter - __STATIC_RESET() method does not exists in class org.jcvi.jillion.core.Range$IntRange
09:54:46.031 [Test worker] DEBUG org.evosuite.runtime.classhandling.ClassResetter - __STATIC_RESET() method does not exists in class org.jcvi.jillion.core.Range$LongRange
09:54:46.031 [Test worker] DEBUG org.evosuite.runtime.classhandling.ClassResetter - __STATIC_RESET() method does not exists in class org.jcvi.jillion.core.Range$EmptyShortRange
09:54:46.031 [Test worker] DEBUG org.evosuite.runtime.classhandling.ClassResetter - __STATIC_RESET() method does not exists in class org.jcvi.jillion.internal.core.util.JillionUtil
09:54:46.031 [Test worker] DEBUG org.evosuite.runtime.classhandling.ClassResetter - __STATIC_RESET() method does not exists in class org.jcvi.jillion.core.Range$UnsignedByteStartLongLengthRange
09:54:46.031 [Test worker] DEBUG org.evosuite.runtime.classhandling.ClassResetter - __STATIC_RESET() method does not exists in class org.jcvi.jillion.core.Range$UnsignedShortStartLongLengthRange
09:54:46.032 [Test worker] DEBUG org.evosuite.runtime.classhandling.ClassResetter - __STATIC_RESET() method does not exists in class org.jcvi.jillion.core.Range$LongStartIntLengthRange
09:54:46.032 [Test worker] DEBUG org.evosuite.runtime.classhandling.ClassResetter - __STATIC_RESET() method does not exists in class org.jcvi.jillion.core.Range$UnsignedShortStartIntLengthRange
09:54:46.032 [Test worker] DEBUG org.evosuite.runtime.classhandling.ClassResetter - __STATIC_RESET() method does not exists in class org.jcvi.jillion.core.Range$EmptyIntRange
09:54:46.043 [Test worker] DEBUG org.evosuite.runtime.classhandling.ClassResetter - __STATIC_RESET() method does not exists in class org.jcvi.jillion.assembly.consed.phd.DefaultPhdReadTag
09:54:46.043 [Test worker] DEBUG org.evosuite.runtime.classhandling.ClassResetter - __STATIC_RESET() method does not exists in class org.jcvi.jillion.internal.core.util.Caches
09:54:46.043 [Test worker] DEBUG org.evosuite.runtime.classhandling.ClassResetter - __STATIC_RESET() method does not exists in class org.jcvi.jillion.internal.core.util.Caches$AbstractReferencedCache
09:54:46.044 [Test worker] DEBUG org.evosuite.runtime.classhandling.ClassResetter - __STATIC_RESET() method does not exists in class org.jcvi.jillion.internal.core.util.Caches$SoftReferenceCache
09:54:46.044 [Test worker] DEBUG org.evosuite.runtime.classhandling.ClassResetter - __STATIC_RESET() method does not exists in class org.jcvi.jillion.core.util.MapUtil
09:54:46.044 [Test worker] DEBUG org.evosuite.runtime.classhandling.ClassResetter - __STATIC_RESET() method does not exists in class org.jcvi.jillion.core.Range
09:54:46.044 [Test worker] DEBUG org.evosuite.runtime.classhandling.ClassResetter - __STATIC_RESET() method does not exists in class org.jcvi.jillion.core.Range$Builder
09:54:46.044 [Test worker] DEBUG org.evosuite.runtime.classhandling.ClassResetter - __STATIC_RESET() method does not exists in class org.jcvi.jillion.core.Range$ShortRange
09:54:46.044 [Test worker] DEBUG org.evosuite.runtime.classhandling.ClassResetter - __STATIC_RESET() method does not exists in class org.jcvi.jillion.core.Range$RangeIterator
09:54:46.044 [Test worker] DEBUG org.evosuite.runtime.classhandling.ClassResetter - __STATIC_RESET() method does not exists in class org.jcvi.jillion.core.Range$UnsignedByteStartShortLengthRange
09:54:46.044 [Test worker] DEBUG org.evosuite.runtime.classhandling.ClassResetter - __STATIC_RESET() method does not exists in class org.jcvi.jillion.core.io.IOUtil
09:54:46.044 [Test worker] DEBUG org.evosuite.runtime.classhandling.ClassResetter - __STATIC_RESET() method does not exists in class org.jcvi.jillion.core.Ranges
09:54:46.045 [Test worker] DEBUG org.evosuite.runtime.classhandling.ClassResetter - __STATIC_RESET() method does not exists in class org.jcvi.jillion.core.Range$Comparators
09:54:46.045 [Test worker] DEBUG org.evosuite.runtime.classhandling.ClassResetter - __STATIC_RESET() method does not exists in class org.jcvi.jillion.core.Range$EmptyByteRange
09:54:46.045 [Test worker] DEBUG org.evosuite.runtime.classhandling.ClassResetter - __STATIC_RESET() method does not exists in class org.jcvi.jillion.core.Range$UnsignedShortStartShortLengthRange
09:54:46.045 [Test worker] DEBUG org.evosuite.runtime.classhandling.ClassResetter - __STATIC_RESET() method does not exists in class org.jcvi.jillion.core.Range$ByteRange
09:54:46.045 [Test worker] DEBUG org.evosuite.runtime.classhandling.ClassResetter - __STATIC_RESET() method does not exists in class org.jcvi.jillion.core.Range$UnsignedIntStartIntLengthRange
09:54:46.045 [Test worker] DEBUG org.evosuite.runtime.classhandling.ClassResetter - __STATIC_RESET() method does not exists in class org.jcvi.jillion.core.Range$UnsignedByteStartIntLengthRange
09:54:46.045 [Test worker] DEBUG org.evosuite.runtime.classhandling.ClassResetter - __STATIC_RESET() method does not exists in class org.jcvi.jillion.core.Range$EmptyLongRange
09:54:46.045 [Test worker] DEBUG org.evosuite.runtime.classhandling.ClassResetter - __STATIC_RESET() method does not exists in class org.jcvi.jillion.core.Range$IntRange
09:54:46.045 [Test worker] DEBUG org.evosuite.runtime.classhandling.ClassResetter - __STATIC_RESET() method does not exists in class org.jcvi.jillion.core.Range$LongRange
09:54:46.045 [Test worker] DEBUG org.evosuite.runtime.classhandling.ClassResetter - __STATIC_RESET() method does not exists in class org.jcvi.jillion.core.Range$EmptyShortRange
09:54:46.045 [Test worker] DEBUG org.evosuite.runtime.classhandling.ClassResetter - __STATIC_RESET() method does not exists in class org.jcvi.jillion.internal.core.util.JillionUtil
09:54:46.046 [Test worker] DEBUG org.evosuite.runtime.classhandling.ClassResetter - __STATIC_RESET() method does not exists in class org.jcvi.jillion.core.Range$UnsignedByteStartLongLengthRange
09:54:46.046 [Test worker] DEBUG org.evosuite.runtime.classhandling.ClassResetter - __STATIC_RESET() method does not exists in class org.jcvi.jillion.core.Range$UnsignedShortStartLongLengthRange
09:54:46.046 [Test worker] DEBUG org.evosuite.runtime.classhandling.ClassResetter - __STATIC_RESET() method does not exists in class org.jcvi.jillion.core.Range$LongStartIntLengthRange
09:54:46.046 [Test worker] DEBUG org.evosuite.runtime.classhandling.ClassResetter - __STATIC_RESET() method does not exists in class org.jcvi.jillion.core.Range$UnsignedShortStartIntLengthRange
09:54:46.046 [Test worker] DEBUG org.evosuite.runtime.classhandling.ClassResetter - __STATIC_RESET() method does not exists in class org.jcvi.jillion.core.Range$EmptyIntRange
09:54:46.052 [Test worker] DEBUG org.evosuite.runtime.classhandling.ClassResetter - __STATIC_RESET() method does not exists in class org.jcvi.jillion.assembly.consed.phd.DefaultPhdReadTag
09:54:46.053 [Test worker] DEBUG org.evosuite.runtime.classhandling.ClassResetter - __STATIC_RESET() method does not exists in class org.jcvi.jillion.internal.core.util.Caches
09:54:46.053 [Test worker] DEBUG org.evosuite.runtime.classhandling.ClassResetter - __STATIC_RESET() method does not exists in class org.jcvi.jillion.internal.core.util.Caches$AbstractReferencedCache
09:54:46.053 [Test worker] DEBUG org.evosuite.runtime.classhandling.ClassResetter - __STATIC_RESET() method does not exists in class org.jcvi.jillion.internal.core.util.Caches$SoftReferenceCache
09:54:46.053 [Test worker] DEBUG org.evosuite.runtime.classhandling.ClassResetter - __STATIC_RESET() method does not exists in class org.jcvi.jillion.core.util.MapUtil
09:54:46.053 [Test worker] DEBUG org.evosuite.runtime.classhandling.ClassResetter - __STATIC_RESET() method does not exists in class org.jcvi.jillion.core.Range
09:54:46.053 [Test worker] DEBUG org.evosuite.runtime.classhandling.ClassResetter - __STATIC_RESET() method does not exists in class org.jcvi.jillion.core.Range$Builder
09:54:46.053 [Test worker] DEBUG org.evosuite.runtime.classhandling.ClassResetter - __STATIC_RESET() method does not exists in class org.jcvi.jillion.core.Range$ShortRange
09:54:46.053 [Test worker] DEBUG org.evosuite.runtime.classhandling.ClassResetter - __STATIC_RESET() method does not exists in class org.jcvi.jillion.core.Range$RangeIterator
09:54:46.053 [Test worker] DEBUG org.evosuite.runtime.classhandling.ClassResetter - __STATIC_RESET() method does not exists in class org.jcvi.jillion.core.Range$UnsignedByteStartShortLengthRange
09:54:46.053 [Test worker] DEBUG org.evosuite.runtime.classhandling.ClassResetter - __STATIC_RESET() method does not exists in class org.jcvi.jillion.core.io.IOUtil
09:54:46.054 [Test worker] DEBUG org.evosuite.runtime.classhandling.ClassResetter - __STATIC_RESET() method does not exists in class org.jcvi.jillion.core.Ranges
09:54:46.054 [Test worker] DEBUG org.evosuite.runtime.classhandling.ClassResetter - __STATIC_RESET() method does not exists in class org.jcvi.jillion.core.Range$Comparators
09:54:46.054 [Test worker] DEBUG org.evosuite.runtime.classhandling.ClassResetter - __STATIC_RESET() method does not exists in class org.jcvi.jillion.core.Range$EmptyByteRange
09:54:46.054 [Test worker] DEBUG org.evosuite.runtime.classhandling.ClassResetter - __STATIC_RESET() method does not exists in class org.jcvi.jillion.core.Range$UnsignedShortStartShortLengthRange
09:54:46.054 [Test worker] DEBUG org.evosuite.runtime.classhandling.ClassResetter - __STATIC_RESET() method does not exists in class org.jcvi.jillion.core.Range$ByteRange
09:54:46.054 [Test worker] DEBUG org.evosuite.runtime.classhandling.ClassResetter - __STATIC_RESET() method does not exists in class org.jcvi.jillion.core.Range$UnsignedIntStartIntLengthRange
09:54:46.054 [Test worker] DEBUG org.evosuite.runtime.classhandling.ClassResetter - __STATIC_RESET() method does not exists in class org.jcvi.jillion.core.Range$UnsignedByteStartIntLengthRange
09:54:46.054 [Test worker] DEBUG org.evosuite.runtime.classhandling.ClassResetter - __STATIC_RESET() method does not exists in class org.jcvi.jillion.core.Range$EmptyLongRange
09:54:46.054 [Test worker] DEBUG org.evosuite.runtime.classhandling.ClassResetter - __STATIC_RESET() method does not exists in class org.jcvi.jillion.core.Range$IntRange
09:54:46.055 [Test worker] DEBUG org.evosuite.runtime.classhandling.ClassResetter - __STATIC_RESET() method does not exists in class org.jcvi.jillion.core.Range$LongRange
09:54:46.055 [Test worker] DEBUG org.evosuite.runtime.classhandling.ClassResetter - __STATIC_RESET() method does not exists in class org.jcvi.jillion.core.Range$EmptyShortRange
09:54:46.055 [Test worker] DEBUG org.evosuite.runtime.classhandling.ClassResetter - __STATIC_RESET() method does not exists in class org.jcvi.jillion.internal.core.util.JillionUtil
09:54:46.055 [Test worker] DEBUG org.evosuite.runtime.classhandling.ClassResetter - __STATIC_RESET() method does not exists in class org.jcvi.jillion.core.Range$UnsignedByteStartLongLengthRange
09:54:46.055 [Test worker] DEBUG org.evosuite.runtime.classhandling.ClassResetter - __STATIC_RESET() method does not exists in class org.jcvi.jillion.core.Range$UnsignedShortStartLongLengthRange
09:54:46.055 [Test worker] DEBUG org.evosuite.runtime.classhandling.ClassResetter - __STATIC_RESET() method does not exists in class org.jcvi.jillion.core.Range$LongStartIntLengthRange
09:54:46.055 [Test worker] DEBUG org.evosuite.runtime.classhandling.ClassResetter - __STATIC_RESET() method does not exists in class org.jcvi.jillion.core.Range$UnsignedShortStartIntLengthRange
09:54:46.055 [Test worker] DEBUG org.evosuite.runtime.classhandling.ClassResetter - __STATIC_RESET() method does not exists in class org.jcvi.jillion.core.Range$EmptyIntRange
09:54:46.074 [Test worker] DEBUG org.evosuite.runtime.classhandling.ClassResetter - __STATIC_RESET() method does not exists in class org.jcvi.jillion.assembly.consed.phd.DefaultPhdReadTag
09:54:46.074 [Test worker] DEBUG org.evosuite.runtime.classhandling.ClassResetter - __STATIC_RESET() method does not exists in class org.jcvi.jillion.internal.core.util.Caches
09:54:46.074 [Test worker] DEBUG org.evosuite.runtime.classhandling.ClassResetter - __STATIC_RESET() method does not exists in class org.jcvi.jillion.internal.core.util.Caches$AbstractReferencedCache
09:54:46.074 [Test worker] DEBUG org.evosuite.runtime.classhandling.ClassResetter - __STATIC_RESET() method does not exists in class org.jcvi.jillion.internal.core.util.Caches$SoftReferenceCache
09:54:46.075 [Test worker] DEBUG org.evosuite.runtime.classhandling.ClassResetter - __STATIC_RESET() method does not exists in class org.jcvi.jillion.core.util.MapUtil
09:54:46.075 [Test worker] DEBUG org.evosuite.runtime.classhandling.ClassResetter - __STATIC_RESET() method does not exists in class org.jcvi.jillion.core.Range
09:54:46.075 [Test worker] DEBUG org.evosuite.runtime.classhandling.ClassResetter - __STATIC_RESET() method does not exists in class org.jcvi.jillion.core.Range$Builder
09:54:46.075 [Test worker] DEBUG org.evosuite.runtime.classhandling.ClassResetter - __STATIC_RESET() method does not exists in class org.jcvi.jillion.core.Range$ShortRange
09:54:46.075 [Test worker] DEBUG org.evosuite.runtime.classhandling.ClassResetter - __STATIC_RESET() method does not exists in class org.jcvi.jillion.core.Range$RangeIterator
09:54:46.075 [Test worker] DEBUG org.evosuite.runtime.classhandling.ClassResetter - __STATIC_RESET() method does not exists in class org.jcvi.jillion.core.Range$UnsignedByteStartShortLengthRange
09:54:46.075 [Test worker] DEBUG org.evosuite.runtime.classhandling.ClassResetter - __STATIC_RESET() method does not exists in class org.jcvi.jillion.core.io.IOUtil
09:54:46.075 [Test worker] DEBUG org.evosuite.runtime.classhandling.ClassResetter - __STATIC_RESET() method does not exists in class org.jcvi.jillion.core.Ranges
09:54:46.075 [Test worker] DEBUG org.evosuite.runtime.classhandling.ClassResetter - __STATIC_RESET() method does not exists in class org.jcvi.jillion.core.Range$Comparators
09:54:46.075 [Test worker] DEBUG org.evosuite.runtime.classhandling.ClassResetter - __STATIC_RESET() method does not exists in class org.jcvi.jillion.core.Range$EmptyByteRange
09:54:46.075 [Test worker] DEBUG org.evosuite.runtime.classhandling.ClassResetter - __STATIC_RESET() method does not exists in class org.jcvi.jillion.core.Range$UnsignedShortStartShortLengthRange
09:54:46.076 [Test worker] DEBUG org.evosuite.runtime.classhandling.ClassResetter - __STATIC_RESET() method does not exists in class org.jcvi.jillion.core.Range$ByteRange
09:54:46.076 [Test worker] DEBUG org.evosuite.runtime.classhandling.ClassResetter - __STATIC_RESET() method does not exists in class org.jcvi.jillion.core.Range$UnsignedIntStartIntLengthRange
09:54:46.076 [Test worker] DEBUG org.evosuite.runtime.classhandling.ClassResetter - __STATIC_RESET() method does not exists in class org.jcvi.jillion.core.Range$UnsignedByteStartIntLengthRange
09:54:46.076 [Test worker] DEBUG org.evosuite.runtime.classhandling.ClassResetter - __STATIC_RESET() method does not exists in class org.jcvi.jillion.core.Range$EmptyLongRange
09:54:46.077 [Test worker] DEBUG org.evosuite.runtime.classhandling.ClassResetter - __STATIC_RESET() method does not exists in class org.jcvi.jillion.core.Range$IntRange
09:54:46.077 [Test worker] DEBUG org.evosuite.runtime.classhandling.ClassResetter - __STATIC_RESET() method does not exists in class org.jcvi.jillion.core.Range$LongRange
09:54:46.077 [Test worker] DEBUG org.evosuite.runtime.classhandling.ClassResetter - __STATIC_RESET() method does not exists in class org.jcvi.jillion.core.Range$EmptyShortRange
09:54:46.077 [Test worker] DEBUG org.evosuite.runtime.classhandling.ClassResetter - __STATIC_RESET() method does not exists in class org.jcvi.jillion.internal.core.util.JillionUtil
09:54:46.077 [Test worker] DEBUG org.evosuite.runtime.classhandling.ClassResetter - __STATIC_RESET() method does not exists in class org.jcvi.jillion.core.Range$UnsignedByteStartLongLengthRange
09:54:46.077 [Test worker] DEBUG org.evosuite.runtime.classhandling.ClassResetter - __STATIC_RESET() method does not exists in class org.jcvi.jillion.core.Range$UnsignedShortStartLongLengthRange
09:54:46.077 [Test worker] DEBUG org.evosuite.runtime.classhandling.ClassResetter - __STATIC_RESET() method does not exists in class org.jcvi.jillion.core.Range$LongStartIntLengthRange
09:54:46.077 [Test worker] DEBUG org.evosuite.runtime.classhandling.ClassResetter - __STATIC_RESET() method does not exists in class org.jcvi.jillion.core.Range$UnsignedShortStartIntLengthRange
09:54:46.077 [Test worker] DEBUG org.evosuite.runtime.classhandling.ClassResetter - __STATIC_RESET() method does not exists in class org.jcvi.jillion.core.Range$EmptyIntRange
09:54:46.081 [Test worker] DEBUG org.evosuite.runtime.classhandling.ClassResetter - __STATIC_RESET() method does not exists in class org.jcvi.jillion.assembly.consed.phd.DefaultPhdReadTag
09:54:46.082 [Test worker] DEBUG org.evosuite.runtime.classhandling.ClassResetter - __STATIC_RESET() method does not exists in class org.jcvi.jillion.internal.core.util.Caches
09:54:46.082 [Test worker] DEBUG org.evosuite.runtime.classhandling.ClassResetter - __STATIC_RESET() method does not exists in class org.jcvi.jillion.internal.core.util.Caches$AbstractReferencedCache
09:54:46.082 [Test worker] DEBUG org.evosuite.runtime.classhandling.ClassResetter - __STATIC_RESET() method does not exists in class org.jcvi.jillion.internal.core.util.Caches$SoftReferenceCache
09:54:46.082 [Test worker] DEBUG org.evosuite.runtime.classhandling.ClassResetter - __STATIC_RESET() method does not exists in class org.jcvi.jillion.core.util.MapUtil
09:54:46.082 [Test worker] DEBUG org.evosuite.runtime.classhandling.ClassResetter - __STATIC_RESET() method does not exists in class org.jcvi.jillion.core.Range
09:54:46.083 [Test worker] DEBUG org.evosuite.runtime.classhandling.ClassResetter - __STATIC_RESET() method does not exists in class org.jcvi.jillion.core.Range$Builder
09:54:46.084 [Test worker] DEBUG org.evosuite.runtime.classhandling.ClassResetter - __STATIC_RESET() method does not exists in class org.jcvi.jillion.core.Range$ShortRange
09:54:46.087 [Test worker] DEBUG org.evosuite.runtime.classhandling.ClassResetter - __STATIC_RESET() method does not exists in class org.jcvi.jillion.core.Range$RangeIterator
09:54:46.087 [Test worker] DEBUG org.evosuite.runtime.classhandling.ClassResetter - __STATIC_RESET() method does not exists in class org.jcvi.jillion.core.Range$UnsignedByteStartShortLengthRange
09:54:46.087 [Test worker] DEBUG org.evosuite.runtime.classhandling.ClassResetter - __STATIC_RESET() method does not exists in class org.jcvi.jillion.core.io.IOUtil
09:54:46.087 [Test worker] DEBUG org.evosuite.runtime.classhandling.ClassResetter - __STATIC_RESET() method does not exists in class org.jcvi.jillion.core.Ranges
09:54:46.087 [Test worker] DEBUG org.evosuite.runtime.classhandling.ClassResetter - __STATIC_RESET() method does not exists in class org.jcvi.jillion.core.Range$Comparators
09:54:46.087 [Test worker] DEBUG org.evosuite.runtime.classhandling.ClassResetter - __STATIC_RESET() method does not exists in class org.jcvi.jillion.core.Range$EmptyByteRange
09:54:46.087 [Test worker] DEBUG org.evosuite.runtime.classhandling.ClassResetter - __STATIC_RESET() method does not exists in class org.jcvi.jillion.core.Range$UnsignedShortStartShortLengthRange
09:54:46.087 [Test worker] DEBUG org.evosuite.runtime.classhandling.ClassResetter - __STATIC_RESET() method does not exists in class org.jcvi.jillion.core.Range$ByteRange
09:54:46.088 [Test worker] DEBUG org.evosuite.runtime.classhandling.ClassResetter - __STATIC_RESET() method does not exists in class org.jcvi.jillion.core.Range$UnsignedIntStartIntLengthRange
09:54:46.088 [Test worker] DEBUG org.evosuite.runtime.classhandling.ClassResetter - __STATIC_RESET() method does not exists in class org.jcvi.jillion.core.Range$UnsignedByteStartIntLengthRange
09:54:46.088 [Test worker] DEBUG org.evosuite.runtime.classhandling.ClassResetter - __STATIC_RESET() method does not exists in class org.jcvi.jillion.core.Range$EmptyLongRange
09:54:46.088 [Test worker] DEBUG org.evosuite.runtime.classhandling.ClassResetter - __STATIC_RESET() method does not exists in class org.jcvi.jillion.core.Range$IntRange
09:54:46.088 [Test worker] DEBUG org.evosuite.runtime.classhandling.ClassResetter - __STATIC_RESET() method does not exists in class org.jcvi.jillion.core.Range$LongRange
09:54:46.088 [Test worker] DEBUG org.evosuite.runtime.classhandling.ClassResetter - __STATIC_RESET() method does not exists in class org.jcvi.jillion.core.Range$EmptyShortRange
09:54:46.088 [Test worker] DEBUG org.evosuite.runtime.classhandling.ClassResetter - __STATIC_RESET() method does not exists in class org.jcvi.jillion.internal.core.util.JillionUtil
09:54:46.088 [Test worker] DEBUG org.evosuite.runtime.classhandling.ClassResetter - __STATIC_RESET() method does not exists in class org.jcvi.jillion.core.Range$UnsignedByteStartLongLengthRange
09:54:46.088 [Test worker] DEBUG org.evosuite.runtime.classhandling.ClassResetter - __STATIC_RESET() method does not exists in class org.jcvi.jillion.core.Range$UnsignedShortStartLongLengthRange
09:54:46.088 [Test worker] DEBUG org.evosuite.runtime.classhandling.ClassResetter - __STATIC_RESET() method does not exists in class org.jcvi.jillion.core.Range$LongStartIntLengthRange
09:54:46.089 [Test worker] DEBUG org.evosuite.runtime.classhandling.ClassResetter - __STATIC_RESET() method does not exists in class org.jcvi.jillion.core.Range$UnsignedShortStartIntLengthRange
09:54:46.089 [Test worker] DEBUG org.evosuite.runtime.classhandling.ClassResetter - __STATIC_RESET() method does not exists in class org.jcvi.jillion.core.Range$EmptyIntRange
09:54:46.104 [Test worker] DEBUG org.evosuite.runtime.classhandling.ClassResetter - __STATIC_RESET() method does not exists in class org.jcvi.jillion.assembly.consed.phd.DefaultPhdReadTag
09:54:46.104 [Test worker] DEBUG org.evosuite.runtime.classhandling.ClassResetter - __STATIC_RESET() method does not exists in class org.jcvi.jillion.internal.core.util.Caches
09:54:46.105 [Test worker] DEBUG org.evosuite.runtime.classhandling.ClassResetter - __STATIC_RESET() method does not exists in class org.jcvi.jillion.internal.core.util.Caches$AbstractReferencedCache
09:54:46.105 [Test worker] DEBUG org.evosuite.runtime.classhandling.ClassResetter - __STATIC_RESET() method does not exists in class org.jcvi.jillion.internal.core.util.Caches$SoftReferenceCache
09:54:46.105 [Test worker] DEBUG org.evosuite.runtime.classhandling.ClassResetter - __STATIC_RESET() method does not exists in class org.jcvi.jillion.core.util.MapUtil
09:54:46.105 [Test worker] DEBUG org.evosuite.runtime.classhandling.ClassResetter - __STATIC_RESET() method does not exists in class org.jcvi.jillion.core.Range
09:54:46.105 [Test worker] DEBUG org.evosuite.runtime.classhandling.ClassResetter - __STATIC_RESET() method does not exists in class org.jcvi.jillion.core.Range$Builder
09:54:46.105 [Test worker] DEBUG org.evosuite.runtime.classhandling.ClassResetter - __STATIC_RESET() method does not exists in class org.jcvi.jillion.core.Range$ShortRange
09:54:46.105 [Test worker] DEBUG org.evosuite.runtime.classhandling.ClassResetter - __STATIC_RESET() method does not exists in class org.jcvi.jillion.core.Range$RangeIterator
09:54:46.105 [Test worker] DEBUG org.evosuite.runtime.classhandling.ClassResetter - __STATIC_RESET() method does not exists in class org.jcvi.jillion.core.Range$UnsignedByteStartShortLengthRange
09:54:46.105 [Test worker] DEBUG org.evosuite.runtime.classhandling.ClassResetter - __STATIC_RESET() method does not exists in class org.jcvi.jillion.core.io.IOUtil
09:54:46.106 [Test worker] DEBUG org.evosuite.runtime.classhandling.ClassResetter - __STATIC_RESET() method does not exists in class org.jcvi.jillion.core.Ranges
09:54:46.106 [Test worker] DEBUG org.evosuite.runtime.classhandling.ClassResetter - __STATIC_RESET() method does not exists in class org.jcvi.jillion.core.Range$Comparators
09:54:46.106 [Test worker] DEBUG org.evosuite.runtime.classhandling.ClassResetter - __STATIC_RESET() method does not exists in class org.jcvi.jillion.core.Range$EmptyByteRange
09:54:46.106 [Test worker] DEBUG org.evosuite.runtime.classhandling.ClassResetter - __STATIC_RESET() method does not exists in class org.jcvi.jillion.core.Range$UnsignedShortStartShortLengthRange
09:54:46.106 [Test worker] DEBUG org.evosuite.runtime.classhandling.ClassResetter - __STATIC_RESET() method does not exists in class org.jcvi.jillion.core.Range$ByteRange
09:54:46.106 [Test worker] DEBUG org.evosuite.runtime.classhandling.ClassResetter - __STATIC_RESET() method does not exists in class org.jcvi.jillion.core.Range$UnsignedIntStartIntLengthRange
09:54:46.106 [Test worker] DEBUG org.evosuite.runtime.classhandling.ClassResetter - __STATIC_RESET() method does not exists in class org.jcvi.jillion.core.Range$UnsignedByteStartIntLengthRange
09:54:46.106 [Test worker] DEBUG org.evosuite.runtime.classhandling.ClassResetter - __STATIC_RESET() method does not exists in class org.jcvi.jillion.core.Range$EmptyLongRange
09:54:46.106 [Test worker] DEBUG org.evosuite.runtime.classhandling.ClassResetter - __STATIC_RESET() method does not exists in class org.jcvi.jillion.core.Range$IntRange
09:54:46.106 [Test worker] DEBUG org.evosuite.runtime.classhandling.ClassResetter - __STATIC_RESET() method does not exists in class org.jcvi.jillion.core.Range$LongRange
09:54:46.107 [Test worker] DEBUG org.evosuite.runtime.classhandling.ClassResetter - __STATIC_RESET() method does not exists in class org.jcvi.jillion.core.Range$EmptyShortRange
09:54:46.107 [Test worker] DEBUG org.evosuite.runtime.classhandling.ClassResetter - __STATIC_RESET() method does not exists in class org.jcvi.jillion.internal.core.util.JillionUtil
09:54:46.107 [Test worker] DEBUG org.evosuite.runtime.classhandling.ClassResetter - __STATIC_RESET() method does not exists in class org.jcvi.jillion.core.Range$UnsignedByteStartLongLengthRange
09:54:46.107 [Test worker] DEBUG org.evosuite.runtime.classhandling.ClassResetter - __STATIC_RESET() method does not exists in class org.jcvi.jillion.core.Range$UnsignedShortStartLongLengthRange
09:54:46.107 [Test worker] DEBUG org.evosuite.runtime.classhandling.ClassResetter - __STATIC_RESET() method does not exists in class org.jcvi.jillion.core.Range$LongStartIntLengthRange
09:54:46.107 [Test worker] DEBUG org.evosuite.runtime.classhandling.ClassResetter - __STATIC_RESET() method does not exists in class org.jcvi.jillion.core.Range$UnsignedShortStartIntLengthRange
09:54:46.107 [Test worker] DEBUG org.evosuite.runtime.classhandling.ClassResetter - __STATIC_RESET() method does not exists in class org.jcvi.jillion.core.Range$EmptyIntRange
09:54:46.114 [Test worker] DEBUG org.evosuite.runtime.classhandling.ClassResetter - __STATIC_RESET() method does not exists in class org.jcvi.jillion.assembly.consed.phd.DefaultPhdReadTag
09:54:46.114 [Test worker] DEBUG org.evosuite.runtime.classhandling.ClassResetter - __STATIC_RESET() method does not exists in class org.jcvi.jillion.internal.core.util.Caches
09:54:46.114 [Test worker] DEBUG org.evosuite.runtime.classhandling.ClassResetter - __STATIC_RESET() method does not exists in class org.jcvi.jillion.internal.core.util.Caches$AbstractReferencedCache
09:54:46.114 [Test worker] DEBUG org.evosuite.runtime.classhandling.ClassResetter - __STATIC_RESET() method does not exists in class org.jcvi.jillion.internal.core.util.Caches$SoftReferenceCache
09:54:46.114 [Test worker] DEBUG org.evosuite.runtime.classhandling.ClassResetter - __STATIC_RESET() method does not exists in class org.jcvi.jillion.core.util.MapUtil
09:54:46.114 [Test worker] DEBUG org.evosuite.runtime.classhandling.ClassResetter - __STATIC_RESET() method does not exists in class org.jcvi.jillion.core.Range
09:54:46.115 [Test worker] DEBUG org.evosuite.runtime.classhandling.ClassResetter - __STATIC_RESET() method does not exists in class org.jcvi.jillion.core.Range$Builder
09:54:46.115 [Test worker] DEBUG org.evosuite.runtime.classhandling.ClassResetter - __STATIC_RESET() method does not exists in class org.jcvi.jillion.core.Range$ShortRange
09:54:46.115 [Test worker] DEBUG org.evosuite.runtime.classhandling.ClassResetter - __STATIC_RESET() method does not exists in class org.jcvi.jillion.core.Range$RangeIterator
09:54:46.115 [Test worker] DEBUG org.evosuite.runtime.classhandling.ClassResetter - __STATIC_RESET() method does not exists in class org.jcvi.jillion.core.Range$UnsignedByteStartShortLengthRange
09:54:46.115 [Test worker] DEBUG org.evosuite.runtime.classhandling.ClassResetter - __STATIC_RESET() method does not exists in class org.jcvi.jillion.core.io.IOUtil
09:54:46.115 [Test worker] DEBUG org.evosuite.runtime.classhandling.ClassResetter - __STATIC_RESET() method does not exists in class org.jcvi.jillion.core.Ranges
09:54:46.115 [Test worker] DEBUG org.evosuite.runtime.classhandling.ClassResetter - __STATIC_RESET() method does not exists in class org.jcvi.jillion.core.Range$Comparators
09:54:46.115 [Test worker] DEBUG org.evosuite.runtime.classhandling.ClassResetter - __STATIC_RESET() method does not exists in class org.jcvi.jillion.core.Range$EmptyByteRange
09:54:46.115 [Test worker] DEBUG org.evosuite.runtime.classhandling.ClassResetter - __STATIC_RESET() method does not exists in class org.jcvi.jillion.core.Range$UnsignedShortStartShortLengthRange
09:54:46.115 [Test worker] DEBUG org.evosuite.runtime.classhandling.ClassResetter - __STATIC_RESET() method does not exists in class org.jcvi.jillion.core.Range$ByteRange
09:54:46.115 [Test worker] DEBUG org.evosuite.runtime.classhandling.ClassResetter - __STATIC_RESET() method does not exists in class org.jcvi.jillion.core.Range$UnsignedIntStartIntLengthRange
09:54:46.115 [Test worker] DEBUG org.evosuite.runtime.classhandling.ClassResetter - __STATIC_RESET() method does not exists in class org.jcvi.jillion.core.Range$UnsignedByteStartIntLengthRange
09:54:46.116 [Test worker] DEBUG org.evosuite.runtime.classhandling.ClassResetter - __STATIC_RESET() method does not exists in class org.jcvi.jillion.core.Range$EmptyLongRange
09:54:46.116 [Test worker] DEBUG org.evosuite.runtime.classhandling.ClassResetter - __STATIC_RESET() method does not exists in class org.jcvi.jillion.core.Range$IntRange
09:54:46.116 [Test worker] DEBUG org.evosuite.runtime.classhandling.ClassResetter - __STATIC_RESET() method does not exists in class org.jcvi.jillion.core.Range$LongRange
09:54:46.116 [Test worker] DEBUG org.evosuite.runtime.classhandling.ClassResetter - __STATIC_RESET() method does not exists in class org.jcvi.jillion.core.Range$EmptyShortRange
09:54:46.116 [Test worker] DEBUG org.evosuite.runtime.classhandling.ClassResetter - __STATIC_RESET() method does not exists in class org.jcvi.jillion.internal.core.util.JillionUtil
09:54:46.116 [Test worker] DEBUG org.evosuite.runtime.classhandling.ClassResetter - __STATIC_RESET() method does not exists in class org.jcvi.jillion.core.Range$UnsignedByteStartLongLengthRange
09:54:46.116 [Test worker] DEBUG org.evosuite.runtime.classhandling.ClassResetter - __STATIC_RESET() method does not exists in class org.jcvi.jillion.core.Range$UnsignedShortStartLongLengthRange
09:54:46.116 [Test worker] DEBUG org.evosuite.runtime.classhandling.ClassResetter - __STATIC_RESET() method does not exists in class org.jcvi.jillion.core.Range$LongStartIntLengthRange
09:54:46.116 [Test worker] DEBUG org.evosuite.runtime.classhandling.ClassResetter - __STATIC_RESET() method does not exists in class org.jcvi.jillion.core.Range$UnsignedShortStartIntLengthRange
09:54:46.116 [Test worker] DEBUG org.evosuite.runtime.classhandling.ClassResetter - __STATIC_RESET() method does not exists in class org.jcvi.jillion.core.Range$EmptyIntRange
09:54:46.120 [Test worker] DEBUG org.evosuite.runtime.classhandling.ClassResetter - __STATIC_RESET() method does not exists in class org.jcvi.jillion.assembly.consed.phd.DefaultPhdReadTag
09:54:46.120 [Test worker] DEBUG org.evosuite.runtime.classhandling.ClassResetter - __STATIC_RESET() method does not exists in class org.jcvi.jillion.internal.core.util.Caches
09:54:46.120 [Test worker] DEBUG org.evosuite.runtime.classhandling.ClassResetter - __STATIC_RESET() method does not exists in class org.jcvi.jillion.internal.core.util.Caches$AbstractReferencedCache
09:54:46.120 [Test worker] DEBUG org.evosuite.runtime.classhandling.ClassResetter - __STATIC_RESET() method does not exists in class org.jcvi.jillion.internal.core.util.Caches$SoftReferenceCache
09:54:46.120 [Test worker] DEBUG org.evosuite.runtime.classhandling.ClassResetter - __STATIC_RESET() method does not exists in class org.jcvi.jillion.core.util.MapUtil
09:54:46.120 [Test worker] DEBUG org.evosuite.runtime.classhandling.ClassResetter - __STATIC_RESET() method does not exists in class org.jcvi.jillion.core.Range
09:54:46.127 [Test worker] DEBUG org.evosuite.runtime.classhandling.ClassResetter - __STATIC_RESET() method does not exists in class org.jcvi.jillion.core.Range$Builder
09:54:46.127 [Test worker] DEBUG org.evosuite.runtime.classhandling.ClassResetter - __STATIC_RESET() method does not exists in class org.jcvi.jillion.core.Range$ShortRange
09:54:46.127 [Test worker] DEBUG org.evosuite.runtime.classhandling.ClassResetter - __STATIC_RESET() method does not exists in class org.jcvi.jillion.core.Range$RangeIterator
09:54:46.127 [Test worker] DEBUG org.evosuite.runtime.classhandling.ClassResetter - __STATIC_RESET() method does not exists in class org.jcvi.jillion.core.Range$UnsignedByteStartShortLengthRange
09:54:46.127 [Test worker] DEBUG org.evosuite.runtime.classhandling.ClassResetter - __STATIC_RESET() method does not exists in class org.jcvi.jillion.core.io.IOUtil
09:54:46.127 [Test worker] DEBUG org.evosuite.runtime.classhandling.ClassResetter - __STATIC_RESET() method does not exists in class org.jcvi.jillion.core.Ranges
09:54:46.128 [Test worker] DEBUG org.evosuite.runtime.classhandling.ClassResetter - __STATIC_RESET() method does not exists in class org.jcvi.jillion.core.Range$Comparators
09:54:46.128 [Test worker] DEBUG org.evosuite.runtime.classhandling.ClassResetter - __STATIC_RESET() method does not exists in class org.jcvi.jillion.core.Range$EmptyByteRange
09:54:46.128 [Test worker] DEBUG org.evosuite.runtime.classhandling.ClassResetter - __STATIC_RESET() method does not exists in class org.jcvi.jillion.core.Range$UnsignedShortStartShortLengthRange
09:54:46.128 [Test worker] DEBUG org.evosuite.runtime.classhandling.ClassResetter - __STATIC_RESET() method does not exists in class org.jcvi.jillion.core.Range$ByteRange
09:54:46.128 [Test worker] DEBUG org.evosuite.runtime.classhandling.ClassResetter - __STATIC_RESET() method does not exists in class org.jcvi.jillion.core.Range$UnsignedIntStartIntLengthRange
09:54:46.128 [Test worker] DEBUG org.evosuite.runtime.classhandling.ClassResetter - __STATIC_RESET() method does not exists in class org.jcvi.jillion.core.Range$UnsignedByteStartIntLengthRange
09:54:46.128 [Test worker] DEBUG org.evosuite.runtime.classhandling.ClassResetter - __STATIC_RESET() method does not exists in class org.jcvi.jillion.core.Range$EmptyLongRange
09:54:46.128 [Test worker] DEBUG org.evosuite.runtime.classhandling.ClassResetter - __STATIC_RESET() method does not exists in class org.jcvi.jillion.core.Range$IntRange
09:54:46.128 [Test worker] DEBUG org.evosuite.runtime.classhandling.ClassResetter - __STATIC_RESET() method does not exists in class org.jcvi.jillion.core.Range$LongRange
09:54:46.128 [Test worker] DEBUG org.evosuite.runtime.classhandling.ClassResetter - __STATIC_RESET() method does not exists in class org.jcvi.jillion.core.Range$EmptyShortRange
09:54:46.128 [Test worker] DEBUG org.evosuite.runtime.classhandling.ClassResetter - __STATIC_RESET() method does not exists in class org.jcvi.jillion.internal.core.util.JillionUtil
09:54:46.129 [Test worker] DEBUG org.evosuite.runtime.classhandling.ClassResetter - __STATIC_RESET() method does not exists in class org.jcvi.jillion.core.Range$UnsignedByteStartLongLengthRange
09:54:46.129 [Test worker] DEBUG org.evosuite.runtime.classhandling.ClassResetter - __STATIC_RESET() method does not exists in class org.jcvi.jillion.core.Range$UnsignedShortStartLongLengthRange
09:54:46.129 [Test worker] DEBUG org.evosuite.runtime.classhandling.ClassResetter - __STATIC_RESET() method does not exists in class org.jcvi.jillion.core.Range$LongStartIntLengthRange
09:54:46.129 [Test worker] DEBUG org.evosuite.runtime.classhandling.ClassResetter - __STATIC_RESET() method does not exists in class org.jcvi.jillion.core.Range$UnsignedShortStartIntLengthRange
09:54:46.129 [Test worker] DEBUG org.evosuite.runtime.classhandling.ClassResetter - __STATIC_RESET() method does not exists in class org.jcvi.jillion.core.Range$EmptyIntRange
09:54:46.147 [Test worker] DEBUG org.evosuite.runtime.classhandling.ClassResetter - __STATIC_RESET() method does not exists in class org.jcvi.jillion.assembly.consed.phd.DefaultPhdReadTag
09:54:46.148 [Test worker] DEBUG org.evosuite.runtime.classhandling.ClassResetter - __STATIC_RESET() method does not exists in class org.jcvi.jillion.internal.core.util.Caches
09:54:46.148 [Test worker] DEBUG org.evosuite.runtime.classhandling.ClassResetter - __STATIC_RESET() method does not exists in class org.jcvi.jillion.internal.core.util.Caches$AbstractReferencedCache
09:54:46.148 [Test worker] DEBUG org.evosuite.runtime.classhandling.ClassResetter - __STATIC_RESET() method does not exists in class org.jcvi.jillion.internal.core.util.Caches$SoftReferenceCache
09:54:46.148 [Test worker] DEBUG org.evosuite.runtime.classhandling.ClassResetter - __STATIC_RESET() method does not exists in class org.jcvi.jillion.core.util.MapUtil
09:54:46.148 [Test worker] DEBUG org.evosuite.runtime.classhandling.ClassResetter - __STATIC_RESET() method does not exists in class org.jcvi.jillion.core.Range
09:54:46.149 [Test worker] DEBUG org.evosuite.runtime.classhandling.ClassResetter - __STATIC_RESET() method does not exists in class org.jcvi.jillion.core.Range$Builder
09:54:46.149 [Test worker] DEBUG org.evosuite.runtime.classhandling.ClassResetter - __STATIC_RESET() method does not exists in class org.jcvi.jillion.core.Range$ShortRange
09:54:46.149 [Test worker] DEBUG org.evosuite.runtime.classhandling.ClassResetter - __STATIC_RESET() method does not exists in class org.jcvi.jillion.core.Range$RangeIterator
09:54:46.149 [Test worker] DEBUG org.evosuite.runtime.classhandling.ClassResetter - __STATIC_RESET() method does not exists in class org.jcvi.jillion.core.Range$UnsignedByteStartShortLengthRange
09:54:46.149 [Test worker] DEBUG org.evosuite.runtime.classhandling.ClassResetter - __STATIC_RESET() method does not exists in class org.jcvi.jillion.core.io.IOUtil
09:54:46.149 [Test worker] DEBUG org.evosuite.runtime.classhandling.ClassResetter - __STATIC_RESET() method does not exists in class org.jcvi.jillion.core.Ranges
09:54:46.149 [Test worker] DEBUG org.evosuite.runtime.classhandling.ClassResetter - __STATIC_RESET() method does not exists in class org.jcvi.jillion.core.Range$Comparators
09:54:46.150 [Test worker] DEBUG org.evosuite.runtime.classhandling.ClassResetter - __STATIC_RESET() method does not exists in class org.jcvi.jillion.core.Range$EmptyByteRange
09:54:46.150 [Test worker] DEBUG org.evosuite.runtime.classhandling.ClassResetter - __STATIC_RESET() method does not exists in class org.jcvi.jillion.core.Range$UnsignedShortStartShortLengthRange
09:54:46.150 [Test worker] DEBUG org.evosuite.runtime.classhandling.ClassResetter - __STATIC_RESET() method does not exists in class org.jcvi.jillion.core.Range$ByteRange
09:54:46.150 [Test worker] DEBUG org.evosuite.runtime.classhandling.ClassResetter - __STATIC_RESET() method does not exists in class org.jcvi.jillion.core.Range$UnsignedIntStartIntLengthRange
09:54:46.150 [Test worker] DEBUG org.evosuite.runtime.classhandling.ClassResetter - __STATIC_RESET() method does not exists in class org.jcvi.jillion.core.Range$UnsignedByteStartIntLengthRange
09:54:46.150 [Test worker] DEBUG org.evosuite.runtime.classhandling.ClassResetter - __STATIC_RESET() method does not exists in class org.jcvi.jillion.core.Range$EmptyLongRange
09:54:46.150 [Test worker] DEBUG org.evosuite.runtime.classhandling.ClassResetter - __STATIC_RESET() method does not exists in class org.jcvi.jillion.core.Range$IntRange
09:54:46.151 [Test worker] DEBUG org.evosuite.runtime.classhandling.ClassResetter - __STATIC_RESET() method does not exists in class org.jcvi.jillion.core.Range$LongRange
09:54:46.151 [Test worker] DEBUG org.evosuite.runtime.classhandling.ClassResetter - __STATIC_RESET() method does not exists in class org.jcvi.jillion.core.Range$EmptyShortRange
09:54:46.151 [Test worker] DEBUG org.evosuite.runtime.classhandling.ClassResetter - __STATIC_RESET() method does not exists in class org.jcvi.jillion.internal.core.util.JillionUtil
09:54:46.151 [Test worker] DEBUG org.evosuite.runtime.classhandling.ClassResetter - __STATIC_RESET() method does not exists in class org.jcvi.jillion.core.Range$UnsignedByteStartLongLengthRange
09:54:46.151 [Test worker] DEBUG org.evosuite.runtime.classhandling.ClassResetter - __STATIC_RESET() method does not exists in class org.jcvi.jillion.core.Range$UnsignedShortStartLongLengthRange
09:54:46.151 [Test worker] DEBUG org.evosuite.runtime.classhandling.ClassResetter - __STATIC_RESET() method does not exists in class org.jcvi.jillion.core.Range$LongStartIntLengthRange
09:54:46.152 [Test worker] DEBUG org.evosuite.runtime.classhandling.ClassResetter - __STATIC_RESET() method does not exists in class org.jcvi.jillion.core.Range$UnsignedShortStartIntLengthRange
09:54:46.161 [Test worker] DEBUG org.evosuite.runtime.classhandling.ClassResetter - __STATIC_RESET() method does not exists in class org.jcvi.jillion.core.Range$EmptyIntRange
09:54:46.168 [Test worker] DEBUG org.evosuite.runtime.classhandling.ClassResetter - __STATIC_RESET() method does not exists in class org.jcvi.jillion.assembly.consed.phd.DefaultPhdReadTag
09:54:46.169 [Test worker] DEBUG org.evosuite.runtime.classhandling.ClassResetter - __STATIC_RESET() method does not exists in class org.jcvi.jillion.internal.core.util.Caches
09:54:46.169 [Test worker] DEBUG org.evosuite.runtime.classhandling.ClassResetter - __STATIC_RESET() method does not exists in class org.jcvi.jillion.internal.core.util.Caches$AbstractReferencedCache
09:54:46.169 [Test worker] DEBUG org.evosuite.runtime.classhandling.ClassResetter - __STATIC_RESET() method does not exists in class org.jcvi.jillion.internal.core.util.Caches$SoftReferenceCache
09:54:46.169 [Test worker] DEBUG org.evosuite.runtime.classhandling.ClassResetter - __STATIC_RESET() method does not exists in class org.jcvi.jillion.core.util.MapUtil
09:54:46.169 [Test worker] DEBUG org.evosuite.runtime.classhandling.ClassResetter - __STATIC_RESET() method does not exists in class org.jcvi.jillion.core.Range
09:54:46.169 [Test worker] DEBUG org.evosuite.runtime.classhandling.ClassResetter - __STATIC_RESET() method does not exists in class org.jcvi.jillion.core.Range$Builder
09:54:46.169 [Test worker] DEBUG org.evosuite.runtime.classhandling.ClassResetter - __STATIC_RESET() method does not exists in class org.jcvi.jillion.core.Range$ShortRange
09:54:46.169 [Test worker] DEBUG org.evosuite.runtime.classhandling.ClassResetter - __STATIC_RESET() method does not exists in class org.jcvi.jillion.core.Range$RangeIterator
09:54:46.169 [Test worker] DEBUG org.evosuite.runtime.classhandling.ClassResetter - __STATIC_RESET() method does not exists in class org.jcvi.jillion.core.Range$UnsignedByteStartShortLengthRange
09:54:46.170 [Test worker] DEBUG org.evosuite.runtime.classhandling.ClassResetter - __STATIC_RESET() method does not exists in class org.jcvi.jillion.core.io.IOUtil
09:54:46.170 [Test worker] DEBUG org.evosuite.runtime.classhandling.ClassResetter - __STATIC_RESET() method does not exists in class org.jcvi.jillion.core.Ranges
09:54:46.170 [Test worker] DEBUG org.evosuite.runtime.classhandling.ClassResetter - __STATIC_RESET() method does not exists in class org.jcvi.jillion.core.Range$Comparators
09:54:46.170 [Test worker] DEBUG org.evosuite.runtime.classhandling.ClassResetter - __STATIC_RESET() method does not exists in class org.jcvi.jillion.core.Range$EmptyByteRange
09:54:46.170 [Test worker] DEBUG org.evosuite.runtime.classhandling.ClassResetter - __STATIC_RESET() method does not exists in class org.jcvi.jillion.core.Range$UnsignedShortStartShortLengthRange
09:54:46.170 [Test worker] DEBUG org.evosuite.runtime.classhandling.ClassResetter - __STATIC_RESET() method does not exists in class org.jcvi.jillion.core.Range$ByteRange
09:54:46.170 [Test worker] DEBUG org.evosuite.runtime.classhandling.ClassResetter - __STATIC_RESET() method does not exists in class org.jcvi.jillion.core.Range$UnsignedIntStartIntLengthRange
09:54:46.170 [Test worker] DEBUG org.evosuite.runtime.classhandling.ClassResetter - __STATIC_RESET() method does not exists in class org.jcvi.jillion.core.Range$UnsignedByteStartIntLengthRange
09:54:46.171 [Test worker] DEBUG org.evosuite.runtime.classhandling.ClassResetter - __STATIC_RESET() method does not exists in class org.jcvi.jillion.core.Range$EmptyLongRange
09:54:46.171 [Test worker] DEBUG org.evosuite.runtime.classhandling.ClassResetter - __STATIC_RESET() method does not exists in class org.jcvi.jillion.core.Range$IntRange
09:54:46.171 [Test worker] DEBUG org.evosuite.runtime.classhandling.ClassResetter - __STATIC_RESET() method does not exists in class org.jcvi.jillion.core.Range$LongRange
09:54:46.171 [Test worker] DEBUG org.evosuite.runtime.classhandling.ClassResetter - __STATIC_RESET() method does not exists in class org.jcvi.jillion.core.Range$EmptyShortRange
09:54:46.171 [Test worker] DEBUG org.evosuite.runtime.classhandling.ClassResetter - __STATIC_RESET() method does not exists in class org.jcvi.jillion.internal.core.util.JillionUtil
09:54:46.171 [Test worker] DEBUG org.evosuite.runtime.classhandling.ClassResetter - __STATIC_RESET() method does not exists in class org.jcvi.jillion.core.Range$UnsignedByteStartLongLengthRange
09:54:46.171 [Test worker] DEBUG org.evosuite.runtime.classhandling.ClassResetter - __STATIC_RESET() method does not exists in class org.jcvi.jillion.core.Range$UnsignedShortStartLongLengthRange
09:54:46.171 [Test worker] DEBUG org.evosuite.runtime.classhandling.ClassResetter - __STATIC_RESET() method does not exists in class org.jcvi.jillion.core.Range$LongStartIntLengthRange
09:54:46.171 [Test worker] DEBUG org.evosuite.runtime.classhandling.ClassResetter - __STATIC_RESET() method does not exists in class org.jcvi.jillion.core.Range$UnsignedShortStartIntLengthRange
09:54:46.172 [Test worker] DEBUG org.evosuite.runtime.classhandling.ClassResetter - __STATIC_RESET() method does not exists in class org.jcvi.jillion.core.Range$EmptyIntRange
09:54:46.180 [Test worker] DEBUG org.evosuite.runtime.classhandling.ClassResetter - __STATIC_RESET() method does not exists in class org.jcvi.jillion.assembly.consed.phd.DefaultPhdReadTag
09:54:46.180 [Test worker] DEBUG org.evosuite.runtime.classhandling.ClassResetter - __STATIC_RESET() method does not exists in class org.jcvi.jillion.internal.core.util.Caches
09:54:46.180 [Test worker] DEBUG org.evosuite.runtime.classhandling.ClassResetter - __STATIC_RESET() method does not exists in class org.jcvi.jillion.internal.core.util.Caches$AbstractReferencedCache
09:54:46.180 [Test worker] DEBUG org.evosuite.runtime.classhandling.ClassResetter - __STATIC_RESET() method does not exists in class org.jcvi.jillion.internal.core.util.Caches$SoftReferenceCache
09:54:46.181 [Test worker] DEBUG org.evosuite.runtime.classhandling.ClassResetter - __STATIC_RESET() method does not exists in class org.jcvi.jillion.core.util.MapUtil
09:54:46.181 [Test worker] DEBUG org.evosuite.runtime.classhandling.ClassResetter - __STATIC_RESET() method does not exists in class org.jcvi.jillion.core.Range
09:54:46.181 [Test worker] DEBUG org.evosuite.runtime.classhandling.ClassResetter - __STATIC_RESET() method does not exists in class org.jcvi.jillion.core.Range$Builder
09:54:46.181 [Test worker] DEBUG org.evosuite.runtime.classhandling.ClassResetter - __STATIC_RESET() method does not exists in class org.jcvi.jillion.core.Range$ShortRange
09:54:46.181 [Test worker] DEBUG org.evosuite.runtime.classhandling.ClassResetter - __STATIC_RESET() method does not exists in class org.jcvi.jillion.core.Range$RangeIterator
09:54:46.181 [Test worker] DEBUG org.evosuite.runtime.classhandling.ClassResetter - __STATIC_RESET() method does not exists in class org.jcvi.jillion.core.Range$UnsignedByteStartShortLengthRange
09:54:46.181 [Test worker] DEBUG org.evosuite.runtime.classhandling.ClassResetter - __STATIC_RESET() method does not exists in class org.jcvi.jillion.core.io.IOUtil
09:54:46.181 [Test worker] DEBUG org.evosuite.runtime.classhandling.ClassResetter - __STATIC_RESET() method does not exists in class org.jcvi.jillion.core.Ranges
09:54:46.181 [Test worker] DEBUG org.evosuite.runtime.classhandling.ClassResetter - __STATIC_RESET() method does not exists in class org.jcvi.jillion.core.Range$Comparators
09:54:46.181 [Test worker] DEBUG org.evosuite.runtime.classhandling.ClassResetter - __STATIC_RESET() method does not exists in class org.jcvi.jillion.core.Range$EmptyByteRange
09:54:46.181 [Test worker] DEBUG org.evosuite.runtime.classhandling.ClassResetter - __STATIC_RESET() method does not exists in class org.jcvi.jillion.core.Range$UnsignedShortStartShortLengthRange
09:54:46.182 [Test worker] DEBUG org.evosuite.runtime.classhandling.ClassResetter - __STATIC_RESET() method does not exists in class org.jcvi.jillion.core.Range$ByteRange
09:54:46.182 [Test worker] DEBUG org.evosuite.runtime.classhandling.ClassResetter - __STATIC_RESET() method does not exists in class org.jcvi.jillion.core.Range$UnsignedIntStartIntLengthRange
09:54:46.182 [Test worker] DEBUG org.evosuite.runtime.classhandling.ClassResetter - __STATIC_RESET() method does not exists in class org.jcvi.jillion.core.Range$UnsignedByteStartIntLengthRange
09:54:46.182 [Test worker] DEBUG org.evosuite.runtime.classhandling.ClassResetter - __STATIC_RESET() method does not exists in class org.jcvi.jillion.core.Range$EmptyLongRange
09:54:46.182 [Test worker] DEBUG org.evosuite.runtime.classhandling.ClassResetter - __STATIC_RESET() method does not exists in class org.jcvi.jillion.core.Range$IntRange
09:54:46.182 [Test worker] DEBUG org.evosuite.runtime.classhandling.ClassResetter - __STATIC_RESET() method does not exists in class org.jcvi.jillion.core.Range$LongRange
09:54:46.182 [Test worker] DEBUG org.evosuite.runtime.classhandling.ClassResetter - __STATIC_RESET() method does not exists in class org.jcvi.jillion.core.Range$EmptyShortRange
09:54:46.182 [Test worker] DEBUG org.evosuite.runtime.classhandling.ClassResetter - __STATIC_RESET() method does not exists in class org.jcvi.jillion.internal.core.util.JillionUtil
09:54:46.182 [Test worker] DEBUG org.evosuite.runtime.classhandling.ClassResetter - __STATIC_RESET() method does not exists in class org.jcvi.jillion.core.Range$UnsignedByteStartLongLengthRange
09:54:46.182 [Test worker] DEBUG org.evosuite.runtime.classhandling.ClassResetter - __STATIC_RESET() method does not exists in class org.jcvi.jillion.core.Range$UnsignedShortStartLongLengthRange
09:54:46.182 [Test worker] DEBUG org.evosuite.runtime.classhandling.ClassResetter - __STATIC_RESET() method does not exists in class org.jcvi.jillion.core.Range$LongStartIntLengthRange
09:54:46.183 [Test worker] DEBUG org.evosuite.runtime.classhandling.ClassResetter - __STATIC_RESET() method does not exists in class org.jcvi.jillion.core.Range$UnsignedShortStartIntLengthRange
09:54:46.183 [Test worker] DEBUG org.evosuite.runtime.classhandling.ClassResetter - __STATIC_RESET() method does not exists in class org.jcvi.jillion.core.Range$EmptyIntRange
09:54:46.199 [Test worker] DEBUG org.evosuite.runtime.classhandling.ClassResetter - __STATIC_RESET() method does not exists in class org.jcvi.jillion.assembly.consed.phd.DefaultPhdReadTag
09:54:46.199 [Test worker] DEBUG org.evosuite.runtime.classhandling.ClassResetter - __STATIC_RESET() method does not exists in class org.jcvi.jillion.internal.core.util.Caches
09:54:46.199 [Test worker] DEBUG org.evosuite.runtime.classhandling.ClassResetter - __STATIC_RESET() method does not exists in class org.jcvi.jillion.internal.core.util.Caches$AbstractReferencedCache
09:54:46.200 [Test worker] DEBUG org.evosuite.runtime.classhandling.ClassResetter - __STATIC_RESET() method does not exists in class org.jcvi.jillion.internal.core.util.Caches$SoftReferenceCache
09:54:46.200 [Test worker] DEBUG org.evosuite.runtime.classhandling.ClassResetter - __STATIC_RESET() method does not exists in class org.jcvi.jillion.core.util.MapUtil
09:54:46.200 [Test worker] DEBUG org.evosuite.runtime.classhandling.ClassResetter - __STATIC_RESET() method does not exists in class org.jcvi.jillion.core.Range
09:54:46.200 [Test worker] DEBUG org.evosuite.runtime.classhandling.ClassResetter - __STATIC_RESET() method does not exists in class org.jcvi.jillion.core.Range$Builder
09:54:46.200 [Test worker] DEBUG org.evosuite.runtime.classhandling.ClassResetter - __STATIC_RESET() method does not exists in class org.jcvi.jillion.core.Range$ShortRange
09:54:46.200 [Test worker] DEBUG org.evosuite.runtime.classhandling.ClassResetter - __STATIC_RESET() method does not exists in class org.jcvi.jillion.core.Range$RangeIterator
09:54:46.200 [Test worker] DEBUG org.evosuite.runtime.classhandling.ClassResetter - __STATIC_RESET() method does not exists in class org.jcvi.jillion.core.Range$UnsignedByteStartShortLengthRange
09:54:46.200 [Test worker] DEBUG org.evosuite.runtime.classhandling.ClassResetter - __STATIC_RESET() method does not exists in class org.jcvi.jillion.core.io.IOUtil
09:54:46.200 [Test worker] DEBUG org.evosuite.runtime.classhandling.ClassResetter - __STATIC_RESET() method does not exists in class org.jcvi.jillion.core.Ranges
09:54:46.201 [Test worker] DEBUG org.evosuite.runtime.classhandling.ClassResetter - __STATIC_RESET() method does not exists in class org.jcvi.jillion.core.Range$Comparators
09:54:46.201 [Test worker] DEBUG org.evosuite.runtime.classhandling.ClassResetter - __STATIC_RESET() method does not exists in class org.jcvi.jillion.core.Range$EmptyByteRange
09:54:46.201 [Test worker] DEBUG org.evosuite.runtime.classhandling.ClassResetter - __STATIC_RESET() method does not exists in class org.jcvi.jillion.core.Range$UnsignedShortStartShortLengthRange
09:54:46.201 [Test worker] DEBUG org.evosuite.runtime.classhandling.ClassResetter - __STATIC_RESET() method does not exists in class org.jcvi.jillion.core.Range$ByteRange
09:54:46.201 [Test worker] DEBUG org.evosuite.runtime.classhandling.ClassResetter - __STATIC_RESET() method does not exists in class org.jcvi.jillion.core.Range$UnsignedIntStartIntLengthRange
09:54:46.201 [Test worker] DEBUG org.evosuite.runtime.classhandling.ClassResetter - __STATIC_RESET() method does not exists in class org.jcvi.jillion.core.Range$UnsignedByteStartIntLengthRange
09:54:46.201 [Test worker] DEBUG org.evosuite.runtime.classhandling.ClassResetter - __STATIC_RESET() method does not exists in class org.jcvi.jillion.core.Range$EmptyLongRange
09:54:46.201 [Test worker] DEBUG org.evosuite.runtime.classhandling.ClassResetter - __STATIC_RESET() method does not exists in class org.jcvi.jillion.core.Range$IntRange
09:54:46.201 [Test worker] DEBUG org.evosuite.runtime.classhandling.ClassResetter - __STATIC_RESET() method does not exists in class org.jcvi.jillion.core.Range$LongRange
09:54:46.201 [Test worker] DEBUG org.evosuite.runtime.classhandling.ClassResetter - __STATIC_RESET() method does not exists in class org.jcvi.jillion.core.Range$EmptyShortRange
09:54:46.202 [Test worker] DEBUG org.evosuite.runtime.classhandling.ClassResetter - __STATIC_RESET() method does not exists in class org.jcvi.jillion.internal.core.util.JillionUtil
09:54:46.202 [Test worker] DEBUG org.evosuite.runtime.classhandling.ClassResetter - __STATIC_RESET() method does not exists in class org.jcvi.jillion.core.Range$UnsignedByteStartLongLengthRange
09:54:46.202 [Test worker] DEBUG org.evosuite.runtime.classhandling.ClassResetter - __STATIC_RESET() method does not exists in class org.jcvi.jillion.core.Range$UnsignedShortStartLongLengthRange
09:54:46.202 [Test worker] DEBUG org.evosuite.runtime.classhandling.ClassResetter - __STATIC_RESET() method does not exists in class org.jcvi.jillion.core.Range$LongStartIntLengthRange
09:54:46.202 [Test worker] DEBUG org.evosuite.runtime.classhandling.ClassResetter - __STATIC_RESET() method does not exists in class org.jcvi.jillion.core.Range$UnsignedShortStartIntLengthRange
09:54:46.202 [Test worker] DEBUG org.evosuite.runtime.classhandling.ClassResetter - __STATIC_RESET() method does not exists in class org.jcvi.jillion.core.Range$EmptyIntRange
09:54:46.207 [Test worker] DEBUG org.evosuite.runtime.classhandling.ClassResetter - __STATIC_RESET() method does not exists in class org.jcvi.jillion.assembly.consed.phd.DefaultPhdReadTag
09:54:46.208 [Test worker] DEBUG org.evosuite.runtime.classhandling.ClassResetter - __STATIC_RESET() method does not exists in class org.jcvi.jillion.internal.core.util.Caches
09:54:46.208 [Test worker] DEBUG org.evosuite.runtime.classhandling.ClassResetter - __STATIC_RESET() method does not exists in class org.jcvi.jillion.internal.core.util.Caches$AbstractReferencedCache
09:54:46.208 [Test worker] DEBUG org.evosuite.runtime.classhandling.ClassResetter - __STATIC_RESET() method does not exists in class org.jcvi.jillion.internal.core.util.Caches$SoftReferenceCache
09:54:46.208 [Test worker] DEBUG org.evosuite.runtime.classhandling.ClassResetter - __STATIC_RESET() method does not exists in class org.jcvi.jillion.core.util.MapUtil
09:54:46.208 [Test worker] DEBUG org.evosuite.runtime.classhandling.ClassResetter - __STATIC_RESET() method does not exists in class org.jcvi.jillion.core.Range
09:54:46.208 [Test worker] DEBUG org.evosuite.runtime.classhandling.ClassResetter - __STATIC_RESET() method does not exists in class org.jcvi.jillion.core.Range$Builder
09:54:46.208 [Test worker] DEBUG org.evosuite.runtime.classhandling.ClassResetter - __STATIC_RESET() method does not exists in class org.jcvi.jillion.core.Range$ShortRange
09:54:46.209 [Test worker] DEBUG org.evosuite.runtime.classhandling.ClassResetter - __STATIC_RESET() method does not exists in class org.jcvi.jillion.core.Range$RangeIterator
09:54:46.209 [Test worker] DEBUG org.evosuite.runtime.classhandling.ClassResetter - __STATIC_RESET() method does not exists in class org.jcvi.jillion.core.Range$UnsignedByteStartShortLengthRange
09:54:46.209 [Test worker] DEBUG org.evosuite.runtime.classhandling.ClassResetter - __STATIC_RESET() method does not exists in class org.jcvi.jillion.core.io.IOUtil
09:54:46.209 [Test worker] DEBUG org.evosuite.runtime.classhandling.ClassResetter - __STATIC_RESET() method does not exists in class org.jcvi.jillion.core.Ranges
09:54:46.209 [Test worker] DEBUG org.evosuite.runtime.classhandling.ClassResetter - __STATIC_RESET() method does not exists in class org.jcvi.jillion.core.Range$Comparators
09:54:46.209 [Test worker] DEBUG org.evosuite.runtime.classhandling.ClassResetter - __STATIC_RESET() method does not exists in class org.jcvi.jillion.core.Range$EmptyByteRange
09:54:46.209 [Test worker] DEBUG org.evosuite.runtime.classhandling.ClassResetter - __STATIC_RESET() method does not exists in class org.jcvi.jillion.core.Range$UnsignedShortStartShortLengthRange
09:54:46.209 [Test worker] DEBUG org.evosuite.runtime.classhandling.ClassResetter - __STATIC_RESET() method does not exists in class org.jcvi.jillion.core.Range$ByteRange
09:54:46.209 [Test worker] DEBUG org.evosuite.runtime.classhandling.ClassResetter - __STATIC_RESET() method does not exists in class org.jcvi.jillion.core.Range$UnsignedIntStartIntLengthRange
09:54:46.210 [Test worker] DEBUG org.evosuite.runtime.classhandling.ClassResetter - __STATIC_RESET() method does not exists in class org.jcvi.jillion.core.Range$UnsignedByteStartIntLengthRange
09:54:46.210 [Test worker] DEBUG org.evosuite.runtime.classhandling.ClassResetter - __STATIC_RESET() method does not exists in class org.jcvi.jillion.core.Range$EmptyLongRange
09:54:46.210 [Test worker] DEBUG org.evosuite.runtime.classhandling.ClassResetter - __STATIC_RESET() method does not exists in class org.jcvi.jillion.core.Range$IntRange
09:54:46.210 [Test worker] DEBUG org.evosuite.runtime.classhandling.ClassResetter - __STATIC_RESET() method does not exists in class org.jcvi.jillion.core.Range$LongRange
09:54:46.210 [Test worker] DEBUG org.evosuite.runtime.classhandling.ClassResetter - __STATIC_RESET() method does not exists in class org.jcvi.jillion.core.Range$EmptyShortRange
09:54:46.210 [Test worker] DEBUG org.evosuite.runtime.classhandling.ClassResetter - __STATIC_RESET() method does not exists in class org.jcvi.jillion.internal.core.util.JillionUtil
09:54:46.210 [Test worker] DEBUG org.evosuite.runtime.classhandling.ClassResetter - __STATIC_RESET() method does not exists in class org.jcvi.jillion.core.Range$UnsignedByteStartLongLengthRange
09:54:46.210 [Test worker] DEBUG org.evosuite.runtime.classhandling.ClassResetter - __STATIC_RESET() method does not exists in class org.jcvi.jillion.core.Range$UnsignedShortStartLongLengthRange
09:54:46.210 [Test worker] DEBUG org.evosuite.runtime.classhandling.ClassResetter - __STATIC_RESET() method does not exists in class org.jcvi.jillion.core.Range$LongStartIntLengthRange
09:54:46.211 [Test worker] DEBUG org.evosuite.runtime.classhandling.ClassResetter - __STATIC_RESET() method does not exists in class org.jcvi.jillion.core.Range$UnsignedShortStartIntLengthRange
09:54:46.211 [Test worker] DEBUG org.evosuite.runtime.classhandling.ClassResetter - __STATIC_RESET() method does not exists in class org.jcvi.jillion.core.Range$EmptyIntRange
09:54:46.240 [Test worker] DEBUG org.evosuite.runtime.classhandling.ClassResetter - __STATIC_RESET() method does not exists in class org.jcvi.jillion.assembly.consed.phd.DefaultPhdReadTag
09:54:46.240 [Test worker] DEBUG org.evosuite.runtime.classhandling.ClassResetter - __STATIC_RESET() method does not exists in class org.jcvi.jillion.internal.core.util.Caches
09:54:46.240 [Test worker] DEBUG org.evosuite.runtime.classhandling.ClassResetter - __STATIC_RESET() method does not exists in class org.jcvi.jillion.internal.core.util.Caches$AbstractReferencedCache
09:54:46.240 [Test worker] DEBUG org.evosuite.runtime.classhandling.ClassResetter - __STATIC_RESET() method does not exists in class org.jcvi.jillion.internal.core.util.Caches$SoftReferenceCache
09:54:46.240 [Test worker] DEBUG org.evosuite.runtime.classhandling.ClassResetter - __STATIC_RESET() method does not exists in class org.jcvi.jillion.core.util.MapUtil
09:54:46.240 [Test worker] DEBUG org.evosuite.runtime.classhandling.ClassResetter - __STATIC_RESET() method does not exists in class org.jcvi.jillion.core.Range
09:54:46.241 [Test worker] DEBUG org.evosuite.runtime.classhandling.ClassResetter - __STATIC_RESET() method does not exists in class org.jcvi.jillion.core.Range$Builder
09:54:46.241 [Test worker] DEBUG org.evosuite.runtime.classhandling.ClassResetter - __STATIC_RESET() method does not exists in class org.jcvi.jillion.core.Range$ShortRange
09:54:46.241 [Test worker] DEBUG org.evosuite.runtime.classhandling.ClassResetter - __STATIC_RESET() method does not exists in class org.jcvi.jillion.core.Range$RangeIterator
09:54:46.241 [Test worker] DEBUG org.evosuite.runtime.classhandling.ClassResetter - __STATIC_RESET() method does not exists in class org.jcvi.jillion.core.Range$UnsignedByteStartShortLengthRange
09:54:46.241 [Test worker] DEBUG org.evosuite.runtime.classhandling.ClassResetter - __STATIC_RESET() method does not exists in class org.jcvi.jillion.core.io.IOUtil
09:54:46.241 [Test worker] DEBUG org.evosuite.runtime.classhandling.ClassResetter - __STATIC_RESET() method does not exists in class org.jcvi.jillion.core.Ranges
09:54:46.241 [Test worker] DEBUG org.evosuite.runtime.classhandling.ClassResetter - __STATIC_RESET() method does not exists in class org.jcvi.jillion.core.Range$Comparators
09:54:46.241 [Test worker] DEBUG org.evosuite.runtime.classhandling.ClassResetter - __STATIC_RESET() method does not exists in class org.jcvi.jillion.core.Range$EmptyByteRange
09:54:46.241 [Test worker] DEBUG org.evosuite.runtime.classhandling.ClassResetter - __STATIC_RESET() method does not exists in class org.jcvi.jillion.core.Range$UnsignedShortStartShortLengthRange
09:54:46.241 [Test worker] DEBUG org.evosuite.runtime.classhandling.ClassResetter - __STATIC_RESET() method does not exists in class org.jcvi.jillion.core.Range$ByteRange
09:54:46.241 [Test worker] DEBUG org.evosuite.runtime.classhandling.ClassResetter - __STATIC_RESET() method does not exists in class org.jcvi.jillion.core.Range$UnsignedIntStartIntLengthRange
09:54:46.241 [Test worker] DEBUG org.evosuite.runtime.classhandling.ClassResetter - __STATIC_RESET() method does not exists in class org.jcvi.jillion.core.Range$UnsignedByteStartIntLengthRange
09:54:46.242 [Test worker] DEBUG org.evosuite.runtime.classhandling.ClassResetter - __STATIC_RESET() method does not exists in class org.jcvi.jillion.core.Range$EmptyLongRange
09:54:46.242 [Test worker] DEBUG org.evosuite.runtime.classhandling.ClassResetter - __STATIC_RESET() method does not exists in class org.jcvi.jillion.core.Range$IntRange
09:54:46.242 [Test worker] DEBUG org.evosuite.runtime.classhandling.ClassResetter - __STATIC_RESET() method does not exists in class org.jcvi.jillion.core.Range$LongRange
09:54:46.242 [Test worker] DEBUG org.evosuite.runtime.classhandling.ClassResetter - __STATIC_RESET() method does not exists in class org.jcvi.jillion.core.Range$EmptyShortRange
09:54:46.242 [Test worker] DEBUG org.evosuite.runtime.classhandling.ClassResetter - __STATIC_RESET() method does not exists in class org.jcvi.jillion.internal.core.util.JillionUtil
09:54:46.242 [Test worker] DEBUG org.evosuite.runtime.classhandling.ClassResetter - __STATIC_RESET() method does not exists in class org.jcvi.jillion.core.Range$UnsignedByteStartLongLengthRange
09:54:46.242 [Test worker] DEBUG org.evosuite.runtime.classhandling.ClassResetter - __STATIC_RESET() method does not exists in class org.jcvi.jillion.core.Range$UnsignedShortStartLongLengthRange
09:54:46.242 [Test worker] DEBUG org.evosuite.runtime.classhandling.ClassResetter - __STATIC_RESET() method does not exists in class org.jcvi.jillion.core.Range$LongStartIntLengthRange
09:54:46.242 [Test worker] DEBUG org.evosuite.runtime.classhandling.ClassResetter - __STATIC_RESET() method does not exists in class org.jcvi.jillion.core.Range$UnsignedShortStartIntLengthRange
09:54:46.242 [Test worker] DEBUG org.evosuite.runtime.classhandling.ClassResetter - __STATIC_RESET() method does not exists in class org.jcvi.jillion.core.Range$EmptyIntRange
09:54:46.260 [Test worker] DEBUG org.evosuite.runtime.classhandling.ClassResetter - __STATIC_RESET() method does not exists in class org.jcvi.jillion.assembly.consed.phd.DefaultPhdReadTag
09:54:46.260 [Test worker] DEBUG org.evosuite.runtime.classhandling.ClassResetter - __STATIC_RESET() method does not exists in class org.jcvi.jillion.internal.core.util.Caches
09:54:46.260 [Test worker] DEBUG org.evosuite.runtime.classhandling.ClassResetter - __STATIC_RESET() method does not exists in class org.jcvi.jillion.internal.core.util.Caches$AbstractReferencedCache
09:54:46.260 [Test worker] DEBUG org.evosuite.runtime.classhandling.ClassResetter - __STATIC_RESET() method does not exists in class org.jcvi.jillion.internal.core.util.Caches$SoftReferenceCache
09:54:46.260 [Test worker] DEBUG org.evosuite.runtime.classhandling.ClassResetter - __STATIC_RESET() method does not exists in class org.jcvi.jillion.core.util.MapUtil
09:54:46.260 [Test worker] DEBUG org.evosuite.runtime.classhandling.ClassResetter - __STATIC_RESET() method does not exists in class org.jcvi.jillion.core.Range
09:54:46.260 [Test worker] DEBUG org.evosuite.runtime.classhandling.ClassResetter - __STATIC_RESET() method does not exists in class org.jcvi.jillion.core.Range$Builder
09:54:46.261 [Test worker] DEBUG org.evosuite.runtime.classhandling.ClassResetter - __STATIC_RESET() method does not exists in class org.jcvi.jillion.core.Range$ShortRange
09:54:46.261 [Test worker] DEBUG org.evosuite.runtime.classhandling.ClassResetter - __STATIC_RESET() method does not exists in class org.jcvi.jillion.core.Range$RangeIterator
09:54:46.270 [Test worker] DEBUG org.evosuite.runtime.classhandling.ClassResetter - __STATIC_RESET() method does not exists in class org.jcvi.jillion.core.Range$UnsignedByteStartShortLengthRange
09:54:46.271 [Test worker] DEBUG org.evosuite.runtime.classhandling.ClassResetter - __STATIC_RESET() method does not exists in class org.jcvi.jillion.core.io.IOUtil
09:54:46.271 [Test worker] DEBUG org.evosuite.runtime.classhandling.ClassResetter - __STATIC_RESET() method does not exists in class org.jcvi.jillion.core.Ranges
09:54:46.271 [Test worker] DEBUG org.evosuite.runtime.classhandling.ClassResetter - __STATIC_RESET() method does not exists in class org.jcvi.jillion.core.Range$Comparators
09:54:46.271 [Test worker] DEBUG org.evosuite.runtime.classhandling.ClassResetter - __STATIC_RESET() method does not exists in class org.jcvi.jillion.core.Range$EmptyByteRange
09:54:46.271 [Test worker] DEBUG org.evosuite.runtime.classhandling.ClassResetter - __STATIC_RESET() method does not exists in class org.jcvi.jillion.core.Range$UnsignedShortStartShortLengthRange
09:54:46.271 [Test worker] DEBUG org.evosuite.runtime.classhandling.ClassResetter - __STATIC_RESET() method does not exists in class org.jcvi.jillion.core.Range$ByteRange
09:54:46.271 [Test worker] DEBUG org.evosuite.runtime.classhandling.ClassResetter - __STATIC_RESET() method does not exists in class org.jcvi.jillion.core.Range$UnsignedIntStartIntLengthRange
09:54:46.271 [Test worker] DEBUG org.evosuite.runtime.classhandling.ClassResetter - __STATIC_RESET() method does not exists in class org.jcvi.jillion.core.Range$UnsignedByteStartIntLengthRange
09:54:46.272 [Test worker] DEBUG org.evosuite.runtime.classhandling.ClassResetter - __STATIC_RESET() method does not exists in class org.jcvi.jillion.core.Range$EmptyLongRange
09:54:46.272 [Test worker] DEBUG org.evosuite.runtime.classhandling.ClassResetter - __STATIC_RESET() method does not exists in class org.jcvi.jillion.core.Range$IntRange
09:54:46.272 [Test worker] DEBUG org.evosuite.runtime.classhandling.ClassResetter - __STATIC_RESET() method does not exists in class org.jcvi.jillion.core.Range$LongRange
09:54:46.272 [Test worker] DEBUG org.evosuite.runtime.classhandling.ClassResetter - __STATIC_RESET() method does not exists in class org.jcvi.jillion.core.Range$EmptyShortRange
09:54:46.272 [Test worker] DEBUG org.evosuite.runtime.classhandling.ClassResetter - __STATIC_RESET() method does not exists in class org.jcvi.jillion.internal.core.util.JillionUtil
09:54:46.272 [Test worker] DEBUG org.evosuite.runtime.classhandling.ClassResetter - __STATIC_RESET() method does not exists in class org.jcvi.jillion.core.Range$UnsignedByteStartLongLengthRange
09:54:46.272 [Test worker] DEBUG org.evosuite.runtime.classhandling.ClassResetter - __STATIC_RESET() method does not exists in class org.jcvi.jillion.core.Range$UnsignedShortStartLongLengthRange
09:54:46.272 [Test worker] DEBUG org.evosuite.runtime.classhandling.ClassResetter - __STATIC_RESET() method does not exists in class org.jcvi.jillion.core.Range$LongStartIntLengthRange
09:54:46.272 [Test worker] DEBUG org.evosuite.runtime.classhandling.ClassResetter - __STATIC_RESET() method does not exists in class org.jcvi.jillion.core.Range$UnsignedShortStartIntLengthRange
09:54:46.273 [Test worker] DEBUG org.evosuite.runtime.classhandling.ClassResetter - __STATIC_RESET() method does not exists in class org.jcvi.jillion.core.Range$EmptyIntRange
09:54:46.276 [Test worker] DEBUG org.evosuite.runtime.classhandling.ClassResetter - __STATIC_RESET() method does not exists in class org.jcvi.jillion.assembly.consed.phd.DefaultPhdReadTag
09:54:46.277 [Test worker] DEBUG org.evosuite.runtime.classhandling.ClassResetter - __STATIC_RESET() method does not exists in class org.jcvi.jillion.internal.core.util.Caches
09:54:46.277 [Test worker] DEBUG org.evosuite.runtime.classhandling.ClassResetter - __STATIC_RESET() method does not exists in class org.jcvi.jillion.internal.core.util.Caches$AbstractReferencedCache
09:54:46.277 [Test worker] DEBUG org.evosuite.runtime.classhandling.ClassResetter - __STATIC_RESET() method does not exists in class org.jcvi.jillion.internal.core.util.Caches$SoftReferenceCache
09:54:46.277 [Test worker] DEBUG org.evosuite.runtime.classhandling.ClassResetter - __STATIC_RESET() method does not exists in class org.jcvi.jillion.core.util.MapUtil
09:54:46.277 [Test worker] DEBUG org.evosuite.runtime.classhandling.ClassResetter - __STATIC_RESET() method does not exists in class org.jcvi.jillion.core.Range
09:54:46.277 [Test worker] DEBUG org.evosuite.runtime.classhandling.ClassResetter - __STATIC_RESET() method does not exists in class org.jcvi.jillion.core.Range$Builder
09:54:46.277 [Test worker] DEBUG org.evosuite.runtime.classhandling.ClassResetter - __STATIC_RESET() method does not exists in class org.jcvi.jillion.core.Range$ShortRange
09:54:46.277 [Test worker] DEBUG org.evosuite.runtime.classhandling.ClassResetter - __STATIC_RESET() method does not exists in class org.jcvi.jillion.core.Range$RangeIterator
09:54:46.277 [Test worker] DEBUG org.evosuite.runtime.classhandling.ClassResetter - __STATIC_RESET() method does not exists in class org.jcvi.jillion.core.Range$UnsignedByteStartShortLengthRange
09:54:46.277 [Test worker] DEBUG org.evosuite.runtime.classhandling.ClassResetter - __STATIC_RESET() method does not exists in class org.jcvi.jillion.core.io.IOUtil
09:54:46.277 [Test worker] DEBUG org.evosuite.runtime.classhandling.ClassResetter - __STATIC_RESET() method does not exists in class org.jcvi.jillion.core.Ranges
09:54:46.278 [Test worker] DEBUG org.evosuite.runtime.classhandling.ClassResetter - __STATIC_RESET() method does not exists in class org.jcvi.jillion.core.Range$Comparators
09:54:46.278 [Test worker] DEBUG org.evosuite.runtime.classhandling.ClassResetter - __STATIC_RESET() method does not exists in class org.jcvi.jillion.core.Range$EmptyByteRange
09:54:46.278 [Test worker] DEBUG org.evosuite.runtime.classhandling.ClassResetter - __STATIC_RESET() method does not exists in class org.jcvi.jillion.core.Range$UnsignedShortStartShortLengthRange
09:54:46.278 [Test worker] DEBUG org.evosuite.runtime.classhandling.ClassResetter - __STATIC_RESET() method does not exists in class org.jcvi.jillion.core.Range$ByteRange
09:54:46.278 [Test worker] DEBUG org.evosuite.runtime.classhandling.ClassResetter - __STATIC_RESET() method does not exists in class org.jcvi.jillion.core.Range$UnsignedIntStartIntLengthRange
09:54:46.281 [Test worker] DEBUG org.evosuite.runtime.classhandling.ClassResetter - __STATIC_RESET() method does not exists in class org.jcvi.jillion.core.Range$UnsignedByteStartIntLengthRange
09:54:46.281 [Test worker] DEBUG org.evosuite.runtime.classhandling.ClassResetter - __STATIC_RESET() method does not exists in class org.jcvi.jillion.core.Range$EmptyLongRange
09:54:46.281 [Test worker] DEBUG org.evosuite.runtime.classhandling.ClassResetter - __STATIC_RESET() method does not exists in class org.jcvi.jillion.core.Range$IntRange
09:54:46.281 [Test worker] DEBUG org.evosuite.runtime.classhandling.ClassResetter - __STATIC_RESET() method does not exists in class org.jcvi.jillion.core.Range$LongRange
09:54:46.282 [Test worker] DEBUG org.evosuite.runtime.classhandling.ClassResetter - __STATIC_RESET() method does not exists in class org.jcvi.jillion.core.Range$EmptyShortRange
09:54:46.282 [Test worker] DEBUG org.evosuite.runtime.classhandling.ClassResetter - __STATIC_RESET() method does not exists in class org.jcvi.jillion.internal.core.util.JillionUtil
09:54:46.282 [Test worker] DEBUG org.evosuite.runtime.classhandling.ClassResetter - __STATIC_RESET() method does not exists in class org.jcvi.jillion.core.Range$UnsignedByteStartLongLengthRange
09:54:46.282 [Test worker] DEBUG org.evosuite.runtime.classhandling.ClassResetter - __STATIC_RESET() method does not exists in class org.jcvi.jillion.core.Range$UnsignedShortStartLongLengthRange
09:54:46.282 [Test worker] DEBUG org.evosuite.runtime.classhandling.ClassResetter - __STATIC_RESET() method does not exists in class org.jcvi.jillion.core.Range$LongStartIntLengthRange
09:54:46.282 [Test worker] DEBUG org.evosuite.runtime.classhandling.ClassResetter - __STATIC_RESET() method does not exists in class org.jcvi.jillion.core.Range$UnsignedShortStartIntLengthRange
09:54:46.282 [Test worker] DEBUG org.evosuite.runtime.classhandling.ClassResetter - __STATIC_RESET() method does not exists in class org.jcvi.jillion.core.Range$EmptyIntRange
09:54:46.300 [Test worker] DEBUG org.evosuite.runtime.classhandling.ClassResetter - __STATIC_RESET() method does not exists in class org.jcvi.jillion.assembly.consed.phd.DefaultPhdReadTag
09:54:46.300 [Test worker] DEBUG org.evosuite.runtime.classhandling.ClassResetter - __STATIC_RESET() method does not exists in class org.jcvi.jillion.internal.core.util.Caches
09:54:46.301 [Test worker] DEBUG org.evosuite.runtime.classhandling.ClassResetter - __STATIC_RESET() method does not exists in class org.jcvi.jillion.internal.core.util.Caches$AbstractReferencedCache
09:54:46.301 [Test worker] DEBUG org.evosuite.runtime.classhandling.ClassResetter - __STATIC_RESET() method does not exists in class org.jcvi.jillion.internal.core.util.Caches$SoftReferenceCache
09:54:46.301 [Test worker] DEBUG org.evosuite.runtime.classhandling.ClassResetter - __STATIC_RESET() method does not exists in class org.jcvi.jillion.core.util.MapUtil
09:54:46.301 [Test worker] DEBUG org.evosuite.runtime.classhandling.ClassResetter - __STATIC_RESET() method does not exists in class org.jcvi.jillion.core.Range
09:54:46.301 [Test worker] DEBUG org.evosuite.runtime.classhandling.ClassResetter - __STATIC_RESET() method does not exists in class org.jcvi.jillion.core.Range$Builder
09:54:46.301 [Test worker] DEBUG org.evosuite.runtime.classhandling.ClassResetter - __STATIC_RESET() method does not exists in class org.jcvi.jillion.core.Range$ShortRange
09:54:46.301 [Test worker] DEBUG org.evosuite.runtime.classhandling.ClassResetter - __STATIC_RESET() method does not exists in class org.jcvi.jillion.core.Range$RangeIterator
09:54:46.301 [Test worker] DEBUG org.evosuite.runtime.classhandling.ClassResetter - __STATIC_RESET() method does not exists in class org.jcvi.jillion.core.Range$UnsignedByteStartShortLengthRange
09:54:46.301 [Test worker] DEBUG org.evosuite.runtime.classhandling.ClassResetter - __STATIC_RESET() method does not exists in class org.jcvi.jillion.core.io.IOUtil
09:54:46.301 [Test worker] DEBUG org.evosuite.runtime.classhandling.ClassResetter - __STATIC_RESET() method does not exists in class org.jcvi.jillion.core.Ranges
09:54:46.301 [Test worker] DEBUG org.evosuite.runtime.classhandling.ClassResetter - __STATIC_RESET() method does not exists in class org.jcvi.jillion.core.Range$Comparators
09:54:46.302 [Test worker] DEBUG org.evosuite.runtime.classhandling.ClassResetter - __STATIC_RESET() method does not exists in class org.jcvi.jillion.core.Range$EmptyByteRange
09:54:46.302 [Test worker] DEBUG org.evosuite.runtime.classhandling.ClassResetter - __STATIC_RESET() method does not exists in class org.jcvi.jillion.core.Range$UnsignedShortStartShortLengthRange
09:54:46.302 [Test worker] DEBUG org.evosuite.runtime.classhandling.ClassResetter - __STATIC_RESET() method does not exists in class org.jcvi.jillion.core.Range$ByteRange
09:54:46.302 [Test worker] DEBUG org.evosuite.runtime.classhandling.ClassResetter - __STATIC_RESET() method does not exists in class org.jcvi.jillion.core.Range$UnsignedIntStartIntLengthRange
09:54:46.302 [Test worker] DEBUG org.evosuite.runtime.classhandling.ClassResetter - __STATIC_RESET() method does not exists in class org.jcvi.jillion.core.Range$UnsignedByteStartIntLengthRange
09:54:46.302 [Test worker] DEBUG org.evosuite.runtime.classhandling.ClassResetter - __STATIC_RESET() method does not exists in class org.jcvi.jillion.core.Range$EmptyLongRange
09:54:46.302 [Test worker] DEBUG org.evosuite.runtime.classhandling.ClassResetter - __STATIC_RESET() method does not exists in class org.jcvi.jillion.core.Range$IntRange
09:54:46.303 [Test worker] DEBUG org.evosuite.runtime.classhandling.ClassResetter - __STATIC_RESET() method does not exists in class org.jcvi.jillion.core.Range$LongRange
09:54:46.303 [Test worker] DEBUG org.evosuite.runtime.classhandling.ClassResetter - __STATIC_RESET() method does not exists in class org.jcvi.jillion.core.Range$EmptyShortRange
09:54:46.303 [Test worker] DEBUG org.evosuite.runtime.classhandling.ClassResetter - __STATIC_RESET() method does not exists in class org.jcvi.jillion.internal.core.util.JillionUtil
09:54:46.303 [Test worker] DEBUG org.evosuite.runtime.classhandling.ClassResetter - __STATIC_RESET() method does not exists in class org.jcvi.jillion.core.Range$UnsignedByteStartLongLengthRange
09:54:46.303 [Test worker] DEBUG org.evosuite.runtime.classhandling.ClassResetter - __STATIC_RESET() method does not exists in class org.jcvi.jillion.core.Range$UnsignedShortStartLongLengthRange
09:54:46.303 [Test worker] DEBUG org.evosuite.runtime.classhandling.ClassResetter - __STATIC_RESET() method does not exists in class org.jcvi.jillion.core.Range$LongStartIntLengthRange
09:54:46.303 [Test worker] DEBUG org.evosuite.runtime.classhandling.ClassResetter - __STATIC_RESET() method does not exists in class org.jcvi.jillion.core.Range$UnsignedShortStartIntLengthRange
09:54:46.304 [Test worker] DEBUG org.evosuite.runtime.classhandling.ClassResetter - __STATIC_RESET() method does not exists in class org.jcvi.jillion.core.Range$EmptyIntRange
09:54:46.311 [Test worker] DEBUG org.evosuite.runtime.classhandling.ClassResetter - __STATIC_RESET() method does not exists in class org.jcvi.jillion.assembly.consed.phd.DefaultPhdReadTag
09:54:46.311 [Test worker] DEBUG org.evosuite.runtime.classhandling.ClassResetter - __STATIC_RESET() method does not exists in class org.jcvi.jillion.internal.core.util.Caches
09:54:46.311 [Test worker] DEBUG org.evosuite.runtime.classhandling.ClassResetter - __STATIC_RESET() method does not exists in class org.jcvi.jillion.internal.core.util.Caches$AbstractReferencedCache
09:54:46.312 [Test worker] DEBUG org.evosuite.runtime.classhandling.ClassResetter - __STATIC_RESET() method does not exists in class org.jcvi.jillion.internal.core.util.Caches$SoftReferenceCache
09:54:46.312 [Test worker] DEBUG org.evosuite.runtime.classhandling.ClassResetter - __STATIC_RESET() method does not exists in class org.jcvi.jillion.core.util.MapUtil
09:54:46.312 [Test worker] DEBUG org.evosuite.runtime.classhandling.ClassResetter - __STATIC_RESET() method does not exists in class org.jcvi.jillion.core.Range
09:54:46.312 [Test worker] DEBUG org.evosuite.runtime.classhandling.ClassResetter - __STATIC_RESET() method does not exists in class org.jcvi.jillion.core.Range$Builder
09:54:46.312 [Test worker] DEBUG org.evosuite.runtime.classhandling.ClassResetter - __STATIC_RESET() method does not exists in class org.jcvi.jillion.core.Range$ShortRange
09:54:46.313 [Test worker] DEBUG org.evosuite.runtime.classhandling.ClassResetter - __STATIC_RESET() method does not exists in class org.jcvi.jillion.core.Range$RangeIterator
09:54:46.313 [Test worker] DEBUG org.evosuite.runtime.classhandling.ClassResetter - __STATIC_RESET() method does not exists in class org.jcvi.jillion.core.Range$UnsignedByteStartShortLengthRange
09:54:46.313 [Test worker] DEBUG org.evosuite.runtime.classhandling.ClassResetter - __STATIC_RESET() method does not exists in class org.jcvi.jillion.core.io.IOUtil
09:54:46.313 [Test worker] DEBUG org.evosuite.runtime.classhandling.ClassResetter - __STATIC_RESET() method does not exists in class org.jcvi.jillion.core.Ranges
09:54:46.313 [Test worker] DEBUG org.evosuite.runtime.classhandling.ClassResetter - __STATIC_RESET() method does not exists in class org.jcvi.jillion.core.Range$Comparators
09:54:46.313 [Test worker] DEBUG org.evosuite.runtime.classhandling.ClassResetter - __STATIC_RESET() method does not exists in class org.jcvi.jillion.core.Range$EmptyByteRange
09:54:46.314 [Test worker] DEBUG org.evosuite.runtime.classhandling.ClassResetter - __STATIC_RESET() method does not exists in class org.jcvi.jillion.core.Range$UnsignedShortStartShortLengthRange
09:54:46.314 [Test worker] DEBUG org.evosuite.runtime.classhandling.ClassResetter - __STATIC_RESET() method does not exists in class org.jcvi.jillion.core.Range$ByteRange
09:54:46.314 [Test worker] DEBUG org.evosuite.runtime.classhandling.ClassResetter - __STATIC_RESET() method does not exists in class org.jcvi.jillion.core.Range$UnsignedIntStartIntLengthRange
09:54:46.314 [Test worker] DEBUG org.evosuite.runtime.classhandling.ClassResetter - __STATIC_RESET() method does not exists in class org.jcvi.jillion.core.Range$UnsignedByteStartIntLengthRange
09:54:46.323 [Test worker] DEBUG org.evosuite.runtime.classhandling.ClassResetter - __STATIC_RESET() method does not exists in class org.jcvi.jillion.core.Range$EmptyLongRange
09:54:46.323 [Test worker] DEBUG org.evosuite.runtime.classhandling.ClassResetter - __STATIC_RESET() method does not exists in class org.jcvi.jillion.core.Range$IntRange
09:54:46.323 [Test worker] DEBUG org.evosuite.runtime.classhandling.ClassResetter - __STATIC_RESET() method does not exists in class org.jcvi.jillion.core.Range$LongRange
09:54:46.323 [Test worker] DEBUG org.evosuite.runtime.classhandling.ClassResetter - __STATIC_RESET() method does not exists in class org.jcvi.jillion.core.Range$EmptyShortRange
09:54:46.324 [Test worker] DEBUG org.evosuite.runtime.classhandling.ClassResetter - __STATIC_RESET() method does not exists in class org.jcvi.jillion.internal.core.util.JillionUtil
09:54:46.324 [Test worker] DEBUG org.evosuite.runtime.classhandling.ClassResetter - __STATIC_RESET() method does not exists in class org.jcvi.jillion.core.Range$UnsignedByteStartLongLengthRange
09:54:46.324 [Test worker] DEBUG org.evosuite.runtime.classhandling.ClassResetter - __STATIC_RESET() method does not exists in class org.jcvi.jillion.core.Range$UnsignedShortStartLongLengthRange
09:54:46.324 [Test worker] DEBUG org.evosuite.runtime.classhandling.ClassResetter - __STATIC_RESET() method does not exists in class org.jcvi.jillion.core.Range$LongStartIntLengthRange
09:54:46.324 [Test worker] DEBUG org.evosuite.runtime.classhandling.ClassResetter - __STATIC_RESET() method does not exists in class org.jcvi.jillion.core.Range$UnsignedShortStartIntLengthRange
09:54:46.325 [Test worker] DEBUG org.evosuite.runtime.classhandling.ClassResetter - __STATIC_RESET() method does not exists in class org.jcvi.jillion.core.Range$EmptyIntRange
09:54:46.328 [Test worker] DEBUG org.evosuite.runtime.classhandling.ClassResetter - __STATIC_RESET() method does not exists in class org.jcvi.jillion.assembly.consed.phd.DefaultPhdReadTag
09:54:46.329 [Test worker] DEBUG org.evosuite.runtime.classhandling.ClassResetter - __STATIC_RESET() method does not exists in class org.jcvi.jillion.internal.core.util.Caches
09:54:46.329 [Test worker] DEBUG org.evosuite.runtime.classhandling.ClassResetter - __STATIC_RESET() method does not exists in class org.jcvi.jillion.internal.core.util.Caches$AbstractReferencedCache
09:54:46.329 [Test worker] DEBUG org.evosuite.runtime.classhandling.ClassResetter - __STATIC_RESET() method does not exists in class org.jcvi.jillion.internal.core.util.Caches$SoftReferenceCache
09:54:46.330 [Test worker] DEBUG org.evosuite.runtime.classhandling.ClassResetter - __STATIC_RESET() method does not exists in class org.jcvi.jillion.core.util.MapUtil
09:54:46.330 [Test worker] DEBUG org.evosuite.runtime.classhandling.ClassResetter - __STATIC_RESET() method does not exists in class org.jcvi.jillion.core.Range
09:54:46.330 [Test worker] DEBUG org.evosuite.runtime.classhandling.ClassResetter - __STATIC_RESET() method does not exists in class org.jcvi.jillion.core.Range$Builder
09:54:46.330 [Test worker] DEBUG org.evosuite.runtime.classhandling.ClassResetter - __STATIC_RESET() method does not exists in class org.jcvi.jillion.core.Range$ShortRange
09:54:46.330 [Test worker] DEBUG org.evosuite.runtime.classhandling.ClassResetter - __STATIC_RESET() method does not exists in class org.jcvi.jillion.core.Range$RangeIterator
09:54:46.330 [Test worker] DEBUG org.evosuite.runtime.classhandling.ClassResetter - __STATIC_RESET() method does not exists in class org.jcvi.jillion.core.Range$UnsignedByteStartShortLengthRange
09:54:46.331 [Test worker] DEBUG org.evosuite.runtime.classhandling.ClassResetter - __STATIC_RESET() method does not exists in class org.jcvi.jillion.core.io.IOUtil
09:54:46.331 [Test worker] DEBUG org.evosuite.runtime.classhandling.ClassResetter - __STATIC_RESET() method does not exists in class org.jcvi.jillion.core.Ranges
09:54:46.331 [Test worker] DEBUG org.evosuite.runtime.classhandling.ClassResetter - __STATIC_RESET() method does not exists in class org.jcvi.jillion.core.Range$Comparators
09:54:46.331 [Test worker] DEBUG org.evosuite.runtime.classhandling.ClassResetter - __STATIC_RESET() method does not exists in class org.jcvi.jillion.core.Range$EmptyByteRange
09:54:46.331 [Test worker] DEBUG org.evosuite.runtime.classhandling.ClassResetter - __STATIC_RESET() method does not exists in class org.jcvi.jillion.core.Range$UnsignedShortStartShortLengthRange
09:54:46.332 [Test worker] DEBUG org.evosuite.runtime.classhandling.ClassResetter - __STATIC_RESET() method does not exists in class org.jcvi.jillion.core.Range$ByteRange
09:54:46.332 [Test worker] DEBUG org.evosuite.runtime.classhandling.ClassResetter - __STATIC_RESET() method does not exists in class org.jcvi.jillion.core.Range$UnsignedIntStartIntLengthRange
09:54:46.332 [Test worker] DEBUG org.evosuite.runtime.classhandling.ClassResetter - __STATIC_RESET() method does not exists in class org.jcvi.jillion.core.Range$UnsignedByteStartIntLengthRange
09:54:46.332 [Test worker] DEBUG org.evosuite.runtime.classhandling.ClassResetter - __STATIC_RESET() method does not exists in class org.jcvi.jillion.core.Range$EmptyLongRange
09:54:46.332 [Test worker] DEBUG org.evosuite.runtime.classhandling.ClassResetter - __STATIC_RESET() method does not exists in class org.jcvi.jillion.core.Range$IntRange
09:54:46.332 [Test worker] DEBUG org.evosuite.runtime.classhandling.ClassResetter - __STATIC_RESET() method does not exists in class org.jcvi.jillion.core.Range$LongRange
09:54:46.333 [Test worker] DEBUG org.evosuite.runtime.classhandling.ClassResetter - __STATIC_RESET() method does not exists in class org.jcvi.jillion.core.Range$EmptyShortRange
09:54:46.333 [Test worker] DEBUG org.evosuite.runtime.classhandling.ClassResetter - __STATIC_RESET() method does not exists in class org.jcvi.jillion.internal.core.util.JillionUtil
09:54:46.333 [Test worker] DEBUG org.evosuite.runtime.classhandling.ClassResetter - __STATIC_RESET() method does not exists in class org.jcvi.jillion.core.Range$UnsignedByteStartLongLengthRange
09:54:46.334 [Test worker] DEBUG org.evosuite.runtime.classhandling.ClassResetter - __STATIC_RESET() method does not exists in class org.jcvi.jillion.core.Range$UnsignedShortStartLongLengthRange
09:54:46.334 [Test worker] DEBUG org.evosuite.runtime.classhandling.ClassResetter - __STATIC_RESET() method does not exists in class org.jcvi.jillion.core.Range$LongStartIntLengthRange
09:54:46.334 [Test worker] DEBUG org.evosuite.runtime.classhandling.ClassResetter - __STATIC_RESET() method does not exists in class org.jcvi.jillion.core.Range$UnsignedShortStartIntLengthRange
09:54:46.334 [Test worker] DEBUG org.evosuite.runtime.classhandling.ClassResetter - __STATIC_RESET() method does not exists in class org.jcvi.jillion.core.Range$EmptyIntRange
09:54:46.347 [Test worker] DEBUG org.evosuite.runtime.classhandling.ClassResetter - __STATIC_RESET() method does not exists in class org.jcvi.jillion.assembly.consed.phd.DefaultPhdReadTag
09:54:46.347 [Test worker] DEBUG org.evosuite.runtime.classhandling.ClassResetter - __STATIC_RESET() method does not exists in class org.jcvi.jillion.internal.core.util.Caches
09:54:46.348 [Test worker] DEBUG org.evosuite.runtime.classhandling.ClassResetter - __STATIC_RESET() method does not exists in class org.jcvi.jillion.internal.core.util.Caches$AbstractReferencedCache
09:54:46.348 [Test worker] DEBUG org.evosuite.runtime.classhandling.ClassResetter - __STATIC_RESET() method does not exists in class org.jcvi.jillion.internal.core.util.Caches$SoftReferenceCache
09:54:46.348 [Test worker] DEBUG org.evosuite.runtime.classhandling.ClassResetter - __STATIC_RESET() method does not exists in class org.jcvi.jillion.core.util.MapUtil
09:54:46.348 [Test worker] DEBUG org.evosuite.runtime.classhandling.ClassResetter - __STATIC_RESET() method does not exists in class org.jcvi.jillion.core.Range
09:54:46.348 [Test worker] DEBUG org.evosuite.runtime.classhandling.ClassResetter - __STATIC_RESET() method does not exists in class org.jcvi.jillion.core.Range$Builder
09:54:46.348 [Test worker] DEBUG org.evosuite.runtime.classhandling.ClassResetter - __STATIC_RESET() method does not exists in class org.jcvi.jillion.core.Range$ShortRange
09:54:46.349 [Test worker] DEBUG org.evosuite.runtime.classhandling.ClassResetter - __STATIC_RESET() method does not exists in class org.jcvi.jillion.core.Range$RangeIterator
09:54:46.349 [Test worker] DEBUG org.evosuite.runtime.classhandling.ClassResetter - __STATIC_RESET() method does not exists in class org.jcvi.jillion.core.Range$UnsignedByteStartShortLengthRange
09:54:46.349 [Test worker] DEBUG org.evosuite.runtime.classhandling.ClassResetter - __STATIC_RESET() method does not exists in class org.jcvi.jillion.core.io.IOUtil
09:54:46.349 [Test worker] DEBUG org.evosuite.runtime.classhandling.ClassResetter - __STATIC_RESET() method does not exists in class org.jcvi.jillion.core.Ranges
09:54:46.349 [Test worker] DEBUG org.evosuite.runtime.classhandling.ClassResetter - __STATIC_RESET() method does not exists in class org.jcvi.jillion.core.Range$Comparators
09:54:46.349 [Test worker] DEBUG org.evosuite.runtime.classhandling.ClassResetter - __STATIC_RESET() method does not exists in class org.jcvi.jillion.core.Range$EmptyByteRange
09:54:46.349 [Test worker] DEBUG org.evosuite.runtime.classhandling.ClassResetter - __STATIC_RESET() method does not exists in class org.jcvi.jillion.core.Range$UnsignedShortStartShortLengthRange
09:54:46.349 [Test worker] DEBUG org.evosuite.runtime.classhandling.ClassResetter - __STATIC_RESET() method does not exists in class org.jcvi.jillion.core.Range$ByteRange
09:54:46.350 [Test worker] DEBUG org.evosuite.runtime.classhandling.ClassResetter - __STATIC_RESET() method does not exists in class org.jcvi.jillion.core.Range$UnsignedIntStartIntLengthRange
09:54:46.350 [Test worker] DEBUG org.evosuite.runtime.classhandling.ClassResetter - __STATIC_RESET() method does not exists in class org.jcvi.jillion.core.Range$UnsignedByteStartIntLengthRange
09:54:46.350 [Test worker] DEBUG org.evosuite.runtime.classhandling.ClassResetter - __STATIC_RESET() method does not exists in class org.jcvi.jillion.core.Range$EmptyLongRange
09:54:46.351 [Test worker] DEBUG org.evosuite.runtime.classhandling.ClassResetter - __STATIC_RESET() method does not exists in class org.jcvi.jillion.core.Range$IntRange
09:54:46.351 [Test worker] DEBUG org.evosuite.runtime.classhandling.ClassResetter - __STATIC_RESET() method does not exists in class org.jcvi.jillion.core.Range$LongRange
09:54:46.351 [Test worker] DEBUG org.evosuite.runtime.classhandling.ClassResetter - __STATIC_RESET() method does not exists in class org.jcvi.jillion.core.Range$EmptyShortRange
09:54:46.351 [Test worker] DEBUG org.evosuite.runtime.classhandling.ClassResetter - __STATIC_RESET() method does not exists in class org.jcvi.jillion.internal.core.util.JillionUtil
09:54:46.351 [Test worker] DEBUG org.evosuite.runtime.classhandling.ClassResetter - __STATIC_RESET() method does not exists in class org.jcvi.jillion.core.Range$UnsignedByteStartLongLengthRange
09:54:46.352 [Test worker] DEBUG org.evosuite.runtime.classhandling.ClassResetter - __STATIC_RESET() method does not exists in class org.jcvi.jillion.core.Range$UnsignedShortStartLongLengthRange
09:54:46.352 [Test worker] DEBUG org.evosuite.runtime.classhandling.ClassResetter - __STATIC_RESET() method does not exists in class org.jcvi.jillion.core.Range$LongStartIntLengthRange
09:54:46.352 [Test worker] DEBUG org.evosuite.runtime.classhandling.ClassResetter - __STATIC_RESET() method does not exists in class org.jcvi.jillion.core.Range$UnsignedShortStartIntLengthRange
09:54:46.352 [Test worker] DEBUG org.evosuite.runtime.classhandling.ClassResetter - __STATIC_RESET() method does not exists in class org.jcvi.jillion.core.Range$EmptyIntRange
09:54:46.388 [Test worker] DEBUG org.evosuite.runtime.classhandling.ClassResetter - __STATIC_RESET() method does not exists in class org.jcvi.jillion.assembly.consed.phd.DefaultPhdReadTag
09:54:46.388 [Test worker] DEBUG org.evosuite.runtime.classhandling.ClassResetter - __STATIC_RESET() method does not exists in class org.jcvi.jillion.internal.core.util.Caches
09:54:46.388 [Test worker] DEBUG org.evosuite.runtime.classhandling.ClassResetter - __STATIC_RESET() method does not exists in class org.jcvi.jillion.internal.core.util.Caches$AbstractReferencedCache
09:54:46.388 [Test worker] DEBUG org.evosuite.runtime.classhandling.ClassResetter - __STATIC_RESET() method does not exists in class org.jcvi.jillion.internal.core.util.Caches$SoftReferenceCache
09:54:46.388 [Test worker] DEBUG org.evosuite.runtime.classhandling.ClassResetter - __STATIC_RESET() method does not exists in class org.jcvi.jillion.core.util.MapUtil
09:54:46.389 [Test worker] DEBUG org.evosuite.runtime.classhandling.ClassResetter - __STATIC_RESET() method does not exists in class org.jcvi.jillion.core.Range
09:54:46.389 [Test worker] DEBUG org.evosuite.runtime.classhandling.ClassResetter - __STATIC_RESET() method does not exists in class org.jcvi.jillion.core.Range$Builder
09:54:46.389 [Test worker] DEBUG org.evosuite.runtime.classhandling.ClassResetter - __STATIC_RESET() method does not exists in class org.jcvi.jillion.core.Range$ShortRange
09:54:46.389 [Test worker] DEBUG org.evosuite.runtime.classhandling.ClassResetter - __STATIC_RESET() method does not exists in class org.jcvi.jillion.core.Range$RangeIterator
09:54:46.389 [Test worker] DEBUG org.evosuite.runtime.classhandling.ClassResetter - __STATIC_RESET() method does not exists in class org.jcvi.jillion.core.Range$UnsignedByteStartShortLengthRange
09:54:46.389 [Test worker] DEBUG org.evosuite.runtime.classhandling.ClassResetter - __STATIC_RESET() method does not exists in class org.jcvi.jillion.core.io.IOUtil
09:54:46.389 [Test worker] DEBUG org.evosuite.runtime.classhandling.ClassResetter - __STATIC_RESET() method does not exists in class org.jcvi.jillion.core.Ranges
09:54:46.389 [Test worker] DEBUG org.evosuite.runtime.classhandling.ClassResetter - __STATIC_RESET() method does not exists in class org.jcvi.jillion.core.Range$Comparators
09:54:46.389 [Test worker] DEBUG org.evosuite.runtime.classhandling.ClassResetter - __STATIC_RESET() method does not exists in class org.jcvi.jillion.core.Range$EmptyByteRange
09:54:46.389 [Test worker] DEBUG org.evosuite.runtime.classhandling.ClassResetter - __STATIC_RESET() method does not exists in class org.jcvi.jillion.core.Range$UnsignedShortStartShortLengthRange
09:54:46.389 [Test worker] DEBUG org.evosuite.runtime.classhandling.ClassResetter - __STATIC_RESET() method does not exists in class org.jcvi.jillion.core.Range$ByteRange
09:54:46.389 [Test worker] DEBUG org.evosuite.runtime.classhandling.ClassResetter - __STATIC_RESET() method does not exists in class org.jcvi.jillion.core.Range$UnsignedIntStartIntLengthRange
09:54:46.389 [Test worker] DEBUG org.evosuite.runtime.classhandling.ClassResetter - __STATIC_RESET() method does not exists in class org.jcvi.jillion.core.Range$UnsignedByteStartIntLengthRange
09:54:46.390 [Test worker] DEBUG org.evosuite.runtime.classhandling.ClassResetter - __STATIC_RESET() method does not exists in class org.jcvi.jillion.core.Range$EmptyLongRange
09:54:46.390 [Test worker] DEBUG org.evosuite.runtime.classhandling.ClassResetter - __STATIC_RESET() method does not exists in class org.jcvi.jillion.core.Range$IntRange
09:54:46.390 [Test worker] DEBUG org.evosuite.runtime.classhandling.ClassResetter - __STATIC_RESET() method does not exists in class org.jcvi.jillion.core.Range$LongRange
09:54:46.390 [Test worker] DEBUG org.evosuite.runtime.classhandling.ClassResetter - __STATIC_RESET() method does not exists in class org.jcvi.jillion.core.Range$EmptyShortRange
09:54:46.390 [Test worker] DEBUG org.evosuite.runtime.classhandling.ClassResetter - __STATIC_RESET() method does not exists in class org.jcvi.jillion.internal.core.util.JillionUtil
09:54:46.390 [Test worker] DEBUG org.evosuite.runtime.classhandling.ClassResetter - __STATIC_RESET() method does not exists in class org.jcvi.jillion.core.Range$UnsignedByteStartLongLengthRange
09:54:46.391 [Test worker] DEBUG org.evosuite.runtime.classhandling.ClassResetter - __STATIC_RESET() method does not exists in class org.jcvi.jillion.core.Range$UnsignedShortStartLongLengthRange
09:54:46.391 [Test worker] DEBUG org.evosuite.runtime.classhandling.ClassResetter - __STATIC_RESET() method does not exists in class org.jcvi.jillion.core.Range$LongStartIntLengthRange
09:54:46.391 [Test worker] DEBUG org.evosuite.runtime.classhandling.ClassResetter - __STATIC_RESET() method does not exists in class org.jcvi.jillion.core.Range$UnsignedShortStartIntLengthRange
09:54:46.391 [Test worker] DEBUG org.evosuite.runtime.classhandling.ClassResetter - __STATIC_RESET() method does not exists in class org.jcvi.jillion.core.Range$EmptyIntRange
09:54:46.402 [Test worker] DEBUG org.evosuite.runtime.classhandling.ClassResetter - __STATIC_RESET() method does not exists in class org.jcvi.jillion.assembly.consed.phd.DefaultPhdReadTag
09:54:46.402 [Test worker] DEBUG org.evosuite.runtime.classhandling.ClassResetter - __STATIC_RESET() method does not exists in class org.jcvi.jillion.internal.core.util.Caches
09:54:46.403 [Test worker] DEBUG org.evosuite.runtime.classhandling.ClassResetter - __STATIC_RESET() method does not exists in class org.jcvi.jillion.internal.core.util.Caches$AbstractReferencedCache
09:54:46.403 [Test worker] DEBUG org.evosuite.runtime.classhandling.ClassResetter - __STATIC_RESET() method does not exists in class org.jcvi.jillion.internal.core.util.Caches$SoftReferenceCache
09:54:46.403 [Test worker] DEBUG org.evosuite.runtime.classhandling.ClassResetter - __STATIC_RESET() method does not exists in class org.jcvi.jillion.core.util.MapUtil
09:54:46.403 [Test worker] DEBUG org.evosuite.runtime.classhandling.ClassResetter - __STATIC_RESET() method does not exists in class org.jcvi.jillion.core.Range
09:54:46.405 [Test worker] DEBUG org.evosuite.runtime.classhandling.ClassResetter - __STATIC_RESET() method does not exists in class org.jcvi.jillion.core.Range$Builder
09:54:46.405 [Test worker] DEBUG org.evosuite.runtime.classhandling.ClassResetter - __STATIC_RESET() method does not exists in class org.jcvi.jillion.core.Range$ShortRange
09:54:46.405 [Test worker] DEBUG org.evosuite.runtime.classhandling.ClassResetter - __STATIC_RESET() method does not exists in class org.jcvi.jillion.core.Range$RangeIterator
09:54:46.405 [Test worker] DEBUG org.evosuite.runtime.classhandling.ClassResetter - __STATIC_RESET() method does not exists in class org.jcvi.jillion.core.Range$UnsignedByteStartShortLengthRange
09:54:46.406 [Test worker] DEBUG org.evosuite.runtime.classhandling.ClassResetter - __STATIC_RESET() method does not exists in class org.jcvi.jillion.core.io.IOUtil
09:54:46.406 [Test worker] DEBUG org.evosuite.runtime.classhandling.ClassResetter - __STATIC_RESET() method does not exists in class org.jcvi.jillion.core.Ranges
09:54:46.406 [Test worker] DEBUG org.evosuite.runtime.classhandling.ClassResetter - __STATIC_RESET() method does not exists in class org.jcvi.jillion.core.Range$Comparators
09:54:46.406 [Test worker] DEBUG org.evosuite.runtime.classhandling.ClassResetter - __STATIC_RESET() method does not exists in class org.jcvi.jillion.core.Range$EmptyByteRange
09:54:46.409 [Test worker] DEBUG org.evosuite.runtime.classhandling.ClassResetter - __STATIC_RESET() method does not exists in class org.jcvi.jillion.core.Range$UnsignedShortStartShortLengthRange
09:54:46.409 [Test worker] DEBUG org.evosuite.runtime.classhandling.ClassResetter - __STATIC_RESET() method does not exists in class org.jcvi.jillion.core.Range$ByteRange
09:54:46.409 [Test worker] DEBUG org.evosuite.runtime.classhandling.ClassResetter - __STATIC_RESET() method does not exists in class org.jcvi.jillion.core.Range$UnsignedIntStartIntLengthRange
09:54:46.409 [Test worker] DEBUG org.evosuite.runtime.classhandling.ClassResetter - __STATIC_RESET() method does not exists in class org.jcvi.jillion.core.Range$UnsignedByteStartIntLengthRange
09:54:46.410 [Test worker] DEBUG org.evosuite.runtime.classhandling.ClassResetter - __STATIC_RESET() method does not exists in class org.jcvi.jillion.core.Range$EmptyLongRange
09:54:46.410 [Test worker] DEBUG org.evosuite.runtime.classhandling.ClassResetter - __STATIC_RESET() method does not exists in class org.jcvi.jillion.core.Range$IntRange
09:54:46.410 [Test worker] DEBUG org.evosuite.runtime.classhandling.ClassResetter - __STATIC_RESET() method does not exists in class org.jcvi.jillion.core.Range$LongRange
09:54:46.410 [Test worker] DEBUG org.evosuite.runtime.classhandling.ClassResetter - __STATIC_RESET() method does not exists in class org.jcvi.jillion.core.Range$EmptyShortRange
09:54:46.410 [Test worker] DEBUG org.evosuite.runtime.classhandling.ClassResetter - __STATIC_RESET() method does not exists in class org.jcvi.jillion.internal.core.util.JillionUtil
09:54:46.410 [Test worker] DEBUG org.evosuite.runtime.classhandling.ClassResetter - __STATIC_RESET() method does not exists in class org.jcvi.jillion.core.Range$UnsignedByteStartLongLengthRange
09:54:46.411 [Test worker] DEBUG org.evosuite.runtime.classhandling.ClassResetter - __STATIC_RESET() method does not exists in class org.jcvi.jillion.core.Range$UnsignedShortStartLongLengthRange
09:54:46.411 [Test worker] DEBUG org.evosuite.runtime.classhandling.ClassResetter - __STATIC_RESET() method does not exists in class org.jcvi.jillion.core.Range$LongStartIntLengthRange
09:54:46.411 [Test worker] DEBUG org.evosuite.runtime.classhandling.ClassResetter - __STATIC_RESET() method does not exists in class org.jcvi.jillion.core.Range$UnsignedShortStartIntLengthRange
09:54:46.411 [Test worker] DEBUG org.evosuite.runtime.classhandling.ClassResetter - __STATIC_RESET() method does not exists in class org.jcvi.jillion.core.Range$EmptyIntRange
09:54:46.419 [Test worker] DEBUG org.evosuite.runtime.classhandling.ClassResetter - __STATIC_RESET() method does not exists in class org.jcvi.jillion.assembly.consed.phd.DefaultPhdReadTag
09:54:46.419 [Test worker] DEBUG org.evosuite.runtime.classhandling.ClassResetter - __STATIC_RESET() method does not exists in class org.jcvi.jillion.internal.core.util.Caches
09:54:46.420 [Test worker] DEBUG org.evosuite.runtime.classhandling.ClassResetter - __STATIC_RESET() method does not exists in class org.jcvi.jillion.internal.core.util.Caches$AbstractReferencedCache
09:54:46.430 [Test worker] DEBUG org.evosuite.runtime.classhandling.ClassResetter - __STATIC_RESET() method does not exists in class org.jcvi.jillion.internal.core.util.Caches$SoftReferenceCache
09:54:46.431 [Test worker] DEBUG org.evosuite.runtime.classhandling.ClassResetter - __STATIC_RESET() method does not exists in class org.jcvi.jillion.core.util.MapUtil
09:54:46.431 [Test worker] DEBUG org.evosuite.runtime.classhandling.ClassResetter - __STATIC_RESET() method does not exists in class org.jcvi.jillion.core.Range
09:54:46.431 [Test worker] DEBUG org.evosuite.runtime.classhandling.ClassResetter - __STATIC_RESET() method does not exists in class org.jcvi.jillion.core.Range$Builder
09:54:46.432 [Test worker] DEBUG org.evosuite.runtime.classhandling.ClassResetter - __STATIC_RESET() method does not exists in class org.jcvi.jillion.core.Range$ShortRange
09:54:46.432 [Test worker] DEBUG org.evosuite.runtime.classhandling.ClassResetter - __STATIC_RESET() method does not exists in class org.jcvi.jillion.core.Range$RangeIterator
09:54:46.432 [Test worker] DEBUG org.evosuite.runtime.classhandling.ClassResetter - __STATIC_RESET() method does not exists in class org.jcvi.jillion.core.Range$UnsignedByteStartShortLengthRange
09:54:46.432 [Test worker] DEBUG org.evosuite.runtime.classhandling.ClassResetter - __STATIC_RESET() method does not exists in class org.jcvi.jillion.core.io.IOUtil
09:54:46.432 [Test worker] DEBUG org.evosuite.runtime.classhandling.ClassResetter - __STATIC_RESET() method does not exists in class org.jcvi.jillion.core.Ranges
09:54:46.433 [Test worker] DEBUG org.evosuite.runtime.classhandling.ClassResetter - __STATIC_RESET() method does not exists in class org.jcvi.jillion.core.Range$Comparators
09:54:46.433 [Test worker] DEBUG org.evosuite.runtime.classhandling.ClassResetter - __STATIC_RESET() method does not exists in class org.jcvi.jillion.core.Range$EmptyByteRange
09:54:46.433 [Test worker] DEBUG org.evosuite.runtime.classhandling.ClassResetter - __STATIC_RESET() method does not exists in class org.jcvi.jillion.core.Range$UnsignedShortStartShortLengthRange
09:54:46.433 [Test worker] DEBUG org.evosuite.runtime.classhandling.ClassResetter - __STATIC_RESET() method does not exists in class org.jcvi.jillion.core.Range$ByteRange
09:54:46.433 [Test worker] DEBUG org.evosuite.runtime.classhandling.ClassResetter - __STATIC_RESET() method does not exists in class org.jcvi.jillion.core.Range$UnsignedIntStartIntLengthRange
09:54:46.433 [Test worker] DEBUG org.evosuite.runtime.classhandling.ClassResetter - __STATIC_RESET() method does not exists in class org.jcvi.jillion.core.Range$UnsignedByteStartIntLengthRange
09:54:46.434 [Test worker] DEBUG org.evosuite.runtime.classhandling.ClassResetter - __STATIC_RESET() method does not exists in class org.jcvi.jillion.core.Range$EmptyLongRange
09:54:46.434 [Test worker] DEBUG org.evosuite.runtime.classhandling.ClassResetter - __STATIC_RESET() method does not exists in class org.jcvi.jillion.core.Range$IntRange
09:54:46.434 [Test worker] DEBUG org.evosuite.runtime.classhandling.ClassResetter - __STATIC_RESET() method does not exists in class org.jcvi.jillion.core.Range$LongRange
09:54:46.434 [Test worker] DEBUG org.evosuite.runtime.classhandling.ClassResetter - __STATIC_RESET() method does not exists in class org.jcvi.jillion.core.Range$EmptyShortRange
09:54:46.434 [Test worker] DEBUG org.evosuite.runtime.classhandling.ClassResetter - __STATIC_RESET() method does not exists in class org.jcvi.jillion.internal.core.util.JillionUtil
09:54:46.435 [Test worker] DEBUG org.evosuite.runtime.classhandling.ClassResetter - __STATIC_RESET() method does not exists in class org.jcvi.jillion.core.Range$UnsignedByteStartLongLengthRange
09:54:46.435 [Test worker] DEBUG org.evosuite.runtime.classhandling.ClassResetter - __STATIC_RESET() method does not exists in class org.jcvi.jillion.core.Range$UnsignedShortStartLongLengthRange
09:54:46.435 [Test worker] DEBUG org.evosuite.runtime.classhandling.ClassResetter - __STATIC_RESET() method does not exists in class org.jcvi.jillion.core.Range$LongStartIntLengthRange
09:54:46.435 [Test worker] DEBUG org.evosuite.runtime.classhandling.ClassResetter - __STATIC_RESET() method does not exists in class org.jcvi.jillion.core.Range$UnsignedShortStartIntLengthRange
09:54:46.435 [Test worker] DEBUG org.evosuite.runtime.classhandling.ClassResetter - __STATIC_RESET() method does not exists in class org.jcvi.jillion.core.Range$EmptyIntRange
09:54:46.439 [Test worker] DEBUG org.evosuite.runtime.classhandling.ClassResetter - __STATIC_RESET() method does not exists in class org.jcvi.jillion.assembly.consed.phd.DefaultPhdReadTag
09:54:46.439 [Test worker] DEBUG org.evosuite.runtime.classhandling.ClassResetter - __STATIC_RESET() method does not exists in class org.jcvi.jillion.internal.core.util.Caches
09:54:46.440 [Test worker] DEBUG org.evosuite.runtime.classhandling.ClassResetter - __STATIC_RESET() method does not exists in class org.jcvi.jillion.internal.core.util.Caches$AbstractReferencedCache
09:54:46.440 [Test worker] DEBUG org.evosuite.runtime.classhandling.ClassResetter - __STATIC_RESET() method does not exists in class org.jcvi.jillion.internal.core.util.Caches$SoftReferenceCache
09:54:46.440 [Test worker] DEBUG org.evosuite.runtime.classhandling.ClassResetter - __STATIC_RESET() method does not exists in class org.jcvi.jillion.core.util.MapUtil
09:54:46.440 [Test worker] DEBUG org.evosuite.runtime.classhandling.ClassResetter - __STATIC_RESET() method does not exists in class org.jcvi.jillion.core.Range
09:54:46.440 [Test worker] DEBUG org.evosuite.runtime.classhandling.ClassResetter - __STATIC_RESET() method does not exists in class org.jcvi.jillion.core.Range$Builder
09:54:46.440 [Test worker] DEBUG org.evosuite.runtime.classhandling.ClassResetter - __STATIC_RESET() method does not exists in class org.jcvi.jillion.core.Range$ShortRange
09:54:46.441 [Test worker] DEBUG org.evosuite.runtime.classhandling.ClassResetter - __STATIC_RESET() method does not exists in class org.jcvi.jillion.core.Range$RangeIterator
09:54:46.441 [Test worker] DEBUG org.evosuite.runtime.classhandling.ClassResetter - __STATIC_RESET() method does not exists in class org.jcvi.jillion.core.Range$UnsignedByteStartShortLengthRange
09:54:46.441 [Test worker] DEBUG org.evosuite.runtime.classhandling.ClassResetter - __STATIC_RESET() method does not exists in class org.jcvi.jillion.core.io.IOUtil
09:54:46.441 [Test worker] DEBUG org.evosuite.runtime.classhandling.ClassResetter - __STATIC_RESET() method does not exists in class org.jcvi.jillion.core.Ranges
09:54:46.441 [Test worker] DEBUG org.evosuite.runtime.classhandling.ClassResetter - __STATIC_RESET() method does not exists in class org.jcvi.jillion.core.Range$Comparators
09:54:46.441 [Test worker] DEBUG org.evosuite.runtime.classhandling.ClassResetter - __STATIC_RESET() method does not exists in class org.jcvi.jillion.core.Range$EmptyByteRange
09:54:46.441 [Test worker] DEBUG org.evosuite.runtime.classhandling.ClassResetter - __STATIC_RESET() method does not exists in class org.jcvi.jillion.core.Range$UnsignedShortStartShortLengthRange
09:54:46.442 [Test worker] DEBUG org.evosuite.runtime.classhandling.ClassResetter - __STATIC_RESET() method does not exists in class org.jcvi.jillion.core.Range$ByteRange
09:54:46.442 [Test worker] DEBUG org.evosuite.runtime.classhandling.ClassResetter - __STATIC_RESET() method does not exists in class org.jcvi.jillion.core.Range$UnsignedIntStartIntLengthRange
09:54:46.442 [Test worker] DEBUG org.evosuite.runtime.classhandling.ClassResetter - __STATIC_RESET() method does not exists in class org.jcvi.jillion.core.Range$UnsignedByteStartIntLengthRange
09:54:46.442 [Test worker] DEBUG org.evosuite.runtime.classhandling.ClassResetter - __STATIC_RESET() method does not exists in class org.jcvi.jillion.core.Range$EmptyLongRange
09:54:46.442 [Test worker] DEBUG org.evosuite.runtime.classhandling.ClassResetter - __STATIC_RESET() method does not exists in class org.jcvi.jillion.core.Range$IntRange
09:54:46.442 [Test worker] DEBUG org.evosuite.runtime.classhandling.ClassResetter - __STATIC_RESET() method does not exists in class org.jcvi.jillion.core.Range$LongRange
09:54:46.443 [Test worker] DEBUG org.evosuite.runtime.classhandling.ClassResetter - __STATIC_RESET() method does not exists in class org.jcvi.jillion.core.Range$EmptyShortRange
09:54:46.443 [Test worker] DEBUG org.evosuite.runtime.classhandling.ClassResetter - __STATIC_RESET() method does not exists in class org.jcvi.jillion.internal.core.util.JillionUtil
09:54:46.443 [Test worker] DEBUG org.evosuite.runtime.classhandling.ClassResetter - __STATIC_RESET() method does not exists in class org.jcvi.jillion.core.Range$UnsignedByteStartLongLengthRange
09:54:46.443 [Test worker] DEBUG org.evosuite.runtime.classhandling.ClassResetter - __STATIC_RESET() method does not exists in class org.jcvi.jillion.core.Range$UnsignedShortStartLongLengthRange
09:54:46.443 [Test worker] DEBUG org.evosuite.runtime.classhandling.ClassResetter - __STATIC_RESET() method does not exists in class org.jcvi.jillion.core.Range$LongStartIntLengthRange
09:54:46.444 [Test worker] DEBUG org.evosuite.runtime.classhandling.ClassResetter - __STATIC_RESET() method does not exists in class org.jcvi.jillion.core.Range$UnsignedShortStartIntLengthRange
09:54:46.444 [Test worker] DEBUG org.evosuite.runtime.classhandling.ClassResetter - __STATIC_RESET() method does not exists in class org.jcvi.jillion.core.Range$EmptyIntRange
09:54:46.455 [Test worker] DEBUG org.evosuite.runtime.classhandling.ClassResetter - __STATIC_RESET() method does not exists in class org.jcvi.jillion.assembly.consed.phd.DefaultPhdReadTag
09:54:46.456 [Test worker] DEBUG org.evosuite.runtime.classhandling.ClassResetter - __STATIC_RESET() method does not exists in class org.jcvi.jillion.internal.core.util.Caches
09:54:46.456 [Test worker] DEBUG org.evosuite.runtime.classhandling.ClassResetter - __STATIC_RESET() method does not exists in class org.jcvi.jillion.internal.core.util.Caches$AbstractReferencedCache
09:54:46.456 [Test worker] DEBUG org.evosuite.runtime.classhandling.ClassResetter - __STATIC_RESET() method does not exists in class org.jcvi.jillion.internal.core.util.Caches$SoftReferenceCache
09:54:46.456 [Test worker] DEBUG org.evosuite.runtime.classhandling.ClassResetter - __STATIC_RESET() method does not exists in class org.jcvi.jillion.core.util.MapUtil
09:54:46.456 [Test worker] DEBUG org.evosuite.runtime.classhandling.ClassResetter - __STATIC_RESET() method does not exists in class org.jcvi.jillion.core.Range
09:54:46.457 [Test worker] DEBUG org.evosuite.runtime.classhandling.ClassResetter - __STATIC_RESET() method does not exists in class org.jcvi.jillion.core.Range$Builder
09:54:46.457 [Test worker] DEBUG org.evosuite.runtime.classhandling.ClassResetter - __STATIC_RESET() method does not exists in class org.jcvi.jillion.core.Range$ShortRange
09:54:46.457 [Test worker] DEBUG org.evosuite.runtime.classhandling.ClassResetter - __STATIC_RESET() method does not exists in class org.jcvi.jillion.core.Range$RangeIterator
09:54:46.457 [Test worker] DEBUG org.evosuite.runtime.classhandling.ClassResetter - __STATIC_RESET() method does not exists in class org.jcvi.jillion.core.Range$UnsignedByteStartShortLengthRange
09:54:46.457 [Test worker] DEBUG org.evosuite.runtime.classhandling.ClassResetter - __STATIC_RESET() method does not exists in class org.jcvi.jillion.core.io.IOUtil
09:54:46.457 [Test worker] DEBUG org.evosuite.runtime.classhandling.ClassResetter - __STATIC_RESET() method does not exists in class org.jcvi.jillion.core.Ranges
09:54:46.458 [Test worker] DEBUG org.evosuite.runtime.classhandling.ClassResetter - __STATIC_RESET() method does not exists in class org.jcvi.jillion.core.Range$Comparators
09:54:46.458 [Test worker] DEBUG org.evosuite.runtime.classhandling.ClassResetter - __STATIC_RESET() method does not exists in class org.jcvi.jillion.core.Range$EmptyByteRange
09:54:46.458 [Test worker] DEBUG org.evosuite.runtime.classhandling.ClassResetter - __STATIC_RESET() method does not exists in class org.jcvi.jillion.core.Range$UnsignedShortStartShortLengthRange
09:54:46.458 [Test worker] DEBUG org.evosuite.runtime.classhandling.ClassResetter - __STATIC_RESET() method does not exists in class org.jcvi.jillion.core.Range$ByteRange
09:54:46.458 [Test worker] DEBUG org.evosuite.runtime.classhandling.ClassResetter - __STATIC_RESET() method does not exists in class org.jcvi.jillion.core.Range$UnsignedIntStartIntLengthRange
09:54:46.458 [Test worker] DEBUG org.evosuite.runtime.classhandling.ClassResetter - __STATIC_RESET() method does not exists in class org.jcvi.jillion.core.Range$UnsignedByteStartIntLengthRange
09:54:46.459 [Test worker] DEBUG org.evosuite.runtime.classhandling.ClassResetter - __STATIC_RESET() method does not exists in class org.jcvi.jillion.core.Range$EmptyLongRange
09:54:46.459 [Test worker] DEBUG org.evosuite.runtime.classhandling.ClassResetter - __STATIC_RESET() method does not exists in class org.jcvi.jillion.core.Range$IntRange
09:54:46.459 [Test worker] DEBUG org.evosuite.runtime.classhandling.ClassResetter - __STATIC_RESET() method does not exists in class org.jcvi.jillion.core.Range$LongRange
09:54:46.459 [Test worker] DEBUG org.evosuite.runtime.classhandling.ClassResetter - __STATIC_RESET() method does not exists in class org.jcvi.jillion.core.Range$EmptyShortRange
09:54:46.459 [Test worker] DEBUG org.evosuite.runtime.classhandling.ClassResetter - __STATIC_RESET() method does not exists in class org.jcvi.jillion.internal.core.util.JillionUtil
09:54:46.463 [Test worker] DEBUG org.evosuite.runtime.classhandling.ClassResetter - __STATIC_RESET() method does not exists in class org.jcvi.jillion.core.Range$UnsignedByteStartLongLengthRange
09:54:46.463 [Test worker] DEBUG org.evosuite.runtime.classhandling.ClassResetter - __STATIC_RESET() method does not exists in class org.jcvi.jillion.core.Range$UnsignedShortStartLongLengthRange
09:54:46.464 [Test worker] DEBUG org.evosuite.runtime.classhandling.ClassResetter - __STATIC_RESET() method does not exists in class org.jcvi.jillion.core.Range$LongStartIntLengthRange
09:54:46.464 [Test worker] DEBUG org.evosuite.runtime.classhandling.ClassResetter - __STATIC_RESET() method does not exists in class org.jcvi.jillion.core.Range$UnsignedShortStartIntLengthRange
09:54:46.464 [Test worker] DEBUG org.evosuite.runtime.classhandling.ClassResetter - __STATIC_RESET() method does not exists in class org.jcvi.jillion.core.Range$EmptyIntRange
09:54:46.471 [Test worker] DEBUG org.evosuite.runtime.classhandling.ClassResetter - __STATIC_RESET() method does not exists in class org.jcvi.jillion.assembly.consed.phd.DefaultPhdReadTag
09:54:46.471 [Test worker] DEBUG org.evosuite.runtime.classhandling.ClassResetter - __STATIC_RESET() method does not exists in class org.jcvi.jillion.internal.core.util.Caches
09:54:46.482 [Test worker] DEBUG org.evosuite.runtime.classhandling.ClassResetter - __STATIC_RESET() method does not exists in class org.jcvi.jillion.internal.core.util.Caches$AbstractReferencedCache
09:54:46.483 [Test worker] DEBUG org.evosuite.runtime.classhandling.ClassResetter - __STATIC_RESET() method does not exists in class org.jcvi.jillion.internal.core.util.Caches$SoftReferenceCache
09:54:46.483 [Test worker] DEBUG org.evosuite.runtime.classhandling.ClassResetter - __STATIC_RESET() method does not exists in class org.jcvi.jillion.core.util.MapUtil
09:54:46.483 [Test worker] DEBUG org.evosuite.runtime.classhandling.ClassResetter - __STATIC_RESET() method does not exists in class org.jcvi.jillion.core.Range
09:54:46.483 [Test worker] DEBUG org.evosuite.runtime.classhandling.ClassResetter - __STATIC_RESET() method does not exists in class org.jcvi.jillion.core.Range$Builder
09:54:46.483 [Test worker] DEBUG org.evosuite.runtime.classhandling.ClassResetter - __STATIC_RESET() method does not exists in class org.jcvi.jillion.core.Range$ShortRange
09:54:46.484 [Test worker] DEBUG org.evosuite.runtime.classhandling.ClassResetter - __STATIC_RESET() method does not exists in class org.jcvi.jillion.core.Range$RangeIterator
09:54:46.484 [Test worker] DEBUG org.evosuite.runtime.classhandling.ClassResetter - __STATIC_RESET() method does not exists in class org.jcvi.jillion.core.Range$UnsignedByteStartShortLengthRange
09:54:46.484 [Test worker] DEBUG org.evosuite.runtime.classhandling.ClassResetter - __STATIC_RESET() method does not exists in class org.jcvi.jillion.core.io.IOUtil
09:54:46.484 [Test worker] DEBUG org.evosuite.runtime.classhandling.ClassResetter - __STATIC_RESET() method does not exists in class org.jcvi.jillion.core.Ranges
09:54:46.484 [Test worker] DEBUG org.evosuite.runtime.classhandling.ClassResetter - __STATIC_RESET() method does not exists in class org.jcvi.jillion.core.Range$Comparators
09:54:46.484 [Test worker] DEBUG org.evosuite.runtime.classhandling.ClassResetter - __STATIC_RESET() method does not exists in class org.jcvi.jillion.core.Range$EmptyByteRange
09:54:46.484 [Test worker] DEBUG org.evosuite.runtime.classhandling.ClassResetter - __STATIC_RESET() method does not exists in class org.jcvi.jillion.core.Range$UnsignedShortStartShortLengthRange
09:54:46.485 [Test worker] DEBUG org.evosuite.runtime.classhandling.ClassResetter - __STATIC_RESET() method does not exists in class org.jcvi.jillion.core.Range$ByteRange
09:54:46.485 [Test worker] DEBUG org.evosuite.runtime.classhandling.ClassResetter - __STATIC_RESET() method does not exists in class org.jcvi.jillion.core.Range$UnsignedIntStartIntLengthRange
09:54:46.485 [Test worker] DEBUG org.evosuite.runtime.classhandling.ClassResetter - __STATIC_RESET() method does not exists in class org.jcvi.jillion.core.Range$UnsignedByteStartIntLengthRange
09:54:46.485 [Test worker] DEBUG org.evosuite.runtime.classhandling.ClassResetter - __STATIC_RESET() method does not exists in class org.jcvi.jillion.core.Range$EmptyLongRange
09:54:46.485 [Test worker] DEBUG org.evosuite.runtime.classhandling.ClassResetter - __STATIC_RESET() method does not exists in class org.jcvi.jillion.core.Range$IntRange
09:54:46.485 [Test worker] DEBUG org.evosuite.runtime.classhandling.ClassResetter - __STATIC_RESET() method does not exists in class org.jcvi.jillion.core.Range$LongRange
09:54:46.486 [Test worker] DEBUG org.evosuite.runtime.classhandling.ClassResetter - __STATIC_RESET() method does not exists in class org.jcvi.jillion.core.Range$EmptyShortRange
09:54:46.486 [Test worker] DEBUG org.evosuite.runtime.classhandling.ClassResetter - __STATIC_RESET() method does not exists in class org.jcvi.jillion.internal.core.util.JillionUtil
09:54:46.486 [Test worker] DEBUG org.evosuite.runtime.classhandling.ClassResetter - __STATIC_RESET() method does not exists in class org.jcvi.jillion.core.Range$UnsignedByteStartLongLengthRange
09:54:46.486 [Test worker] DEBUG org.evosuite.runtime.classhandling.ClassResetter - __STATIC_RESET() method does not exists in class org.jcvi.jillion.core.Range$UnsignedShortStartLongLengthRange
09:54:46.486 [Test worker] DEBUG org.evosuite.runtime.classhandling.ClassResetter - __STATIC_RESET() method does not exists in class org.jcvi.jillion.core.Range$LongStartIntLengthRange
09:54:46.487 [Test worker] DEBUG org.evosuite.runtime.classhandling.ClassResetter - __STATIC_RESET() method does not exists in class org.jcvi.jillion.core.Range$UnsignedShortStartIntLengthRange
09:54:46.487 [Test worker] DEBUG org.evosuite.runtime.classhandling.ClassResetter - __STATIC_RESET() method does not exists in class org.jcvi.jillion.core.Range$EmptyIntRange
09:54:46.504 [Test worker] DEBUG org.evosuite.runtime.classhandling.ClassResetter - __STATIC_RESET() method does not exists in class org.jcvi.jillion.assembly.consed.phd.DefaultPhdReadTag
09:54:46.504 [Test worker] DEBUG org.evosuite.runtime.classhandling.ClassResetter - __STATIC_RESET() method does not exists in class org.jcvi.jillion.internal.core.util.Caches
09:54:46.504 [Test worker] DEBUG org.evosuite.runtime.classhandling.ClassResetter - __STATIC_RESET() method does not exists in class org.jcvi.jillion.internal.core.util.Caches$AbstractReferencedCache
09:54:46.505 [Test worker] DEBUG org.evosuite.runtime.classhandling.ClassResetter - __STATIC_RESET() method does not exists in class org.jcvi.jillion.internal.core.util.Caches$SoftReferenceCache
09:54:46.505 [Test worker] DEBUG org.evosuite.runtime.classhandling.ClassResetter - __STATIC_RESET() method does not exists in class org.jcvi.jillion.core.util.MapUtil
09:54:46.505 [Test worker] DEBUG org.evosuite.runtime.classhandling.ClassResetter - __STATIC_RESET() method does not exists in class org.jcvi.jillion.core.Range
09:54:46.505 [Test worker] DEBUG org.evosuite.runtime.classhandling.ClassResetter - __STATIC_RESET() method does not exists in class org.jcvi.jillion.core.Range$Builder
09:54:46.505 [Test worker] DEBUG org.evosuite.runtime.classhandling.ClassResetter - __STATIC_RESET() method does not exists in class org.jcvi.jillion.core.Range$ShortRange
09:54:46.505 [Test worker] DEBUG org.evosuite.runtime.classhandling.ClassResetter - __STATIC_RESET() method does not exists in class org.jcvi.jillion.core.Range$RangeIterator
09:54:46.505 [Test worker] DEBUG org.evosuite.runtime.classhandling.ClassResetter - __STATIC_RESET() method does not exists in class org.jcvi.jillion.core.Range$UnsignedByteStartShortLengthRange
09:54:46.506 [Test worker] DEBUG org.evosuite.runtime.classhandling.ClassResetter - __STATIC_RESET() method does not exists in class org.jcvi.jillion.core.io.IOUtil
09:54:46.506 [Test worker] DEBUG org.evosuite.runtime.classhandling.ClassResetter - __STATIC_RESET() method does not exists in class org.jcvi.jillion.core.Ranges
09:54:46.506 [Test worker] DEBUG org.evosuite.runtime.classhandling.ClassResetter - __STATIC_RESET() method does not exists in class org.jcvi.jillion.core.Range$Comparators
09:54:46.506 [Test worker] DEBUG org.evosuite.runtime.classhandling.ClassResetter - __STATIC_RESET() method does not exists in class org.jcvi.jillion.core.Range$EmptyByteRange
09:54:46.506 [Test worker] DEBUG org.evosuite.runtime.classhandling.ClassResetter - __STATIC_RESET() method does not exists in class org.jcvi.jillion.core.Range$UnsignedShortStartShortLengthRange
09:54:46.506 [Test worker] DEBUG org.evosuite.runtime.classhandling.ClassResetter - __STATIC_RESET() method does not exists in class org.jcvi.jillion.core.Range$ByteRange
09:54:46.507 [Test worker] DEBUG org.evosuite.runtime.classhandling.ClassResetter - __STATIC_RESET() method does not exists in class org.jcvi.jillion.core.Range$UnsignedIntStartIntLengthRange
09:54:46.507 [Test worker] DEBUG org.evosuite.runtime.classhandling.ClassResetter - __STATIC_RESET() method does not exists in class org.jcvi.jillion.core.Range$UnsignedByteStartIntLengthRange
09:54:46.507 [Test worker] DEBUG org.evosuite.runtime.classhandling.ClassResetter - __STATIC_RESET() method does not exists in class org.jcvi.jillion.core.Range$EmptyLongRange
09:54:46.507 [Test worker] DEBUG org.evosuite.runtime.classhandling.ClassResetter - __STATIC_RESET() method does not exists in class org.jcvi.jillion.core.Range$IntRange
09:54:46.507 [Test worker] DEBUG org.evosuite.runtime.classhandling.ClassResetter - __STATIC_RESET() method does not exists in class org.jcvi.jillion.core.Range$LongRange
09:54:46.508 [Test worker] DEBUG org.evosuite.runtime.classhandling.ClassResetter - __STATIC_RESET() method does not exists in class org.jcvi.jillion.core.Range$EmptyShortRange
09:54:46.508 [Test worker] DEBUG org.evosuite.runtime.classhandling.ClassResetter - __STATIC_RESET() method does not exists in class org.jcvi.jillion.internal.core.util.JillionUtil
09:54:46.508 [Test worker] DEBUG org.evosuite.runtime.classhandling.ClassResetter - __STATIC_RESET() method does not exists in class org.jcvi.jillion.core.Range$UnsignedByteStartLongLengthRange
09:54:46.508 [Test worker] DEBUG org.evosuite.runtime.classhandling.ClassResetter - __STATIC_RESET() method does not exists in class org.jcvi.jillion.core.Range$UnsignedShortStartLongLengthRange
09:54:46.508 [Test worker] DEBUG org.evosuite.runtime.classhandling.ClassResetter - __STATIC_RESET() method does not exists in class org.jcvi.jillion.core.Range$LongStartIntLengthRange
09:54:46.508 [Test worker] DEBUG org.evosuite.runtime.classhandling.ClassResetter - __STATIC_RESET() method does not exists in class org.jcvi.jillion.core.Range$UnsignedShortStartIntLengthRange
09:54:46.508 [Test worker] DEBUG org.evosuite.runtime.classhandling.ClassResetter - __STATIC_RESET() method does not exists in class org.jcvi.jillion.core.Range$EmptyIntRange
09:54:46.520 [Test worker] DEBUG org.evosuite.runtime.classhandling.ClassResetter - __STATIC_RESET() method does not exists in class org.jcvi.jillion.assembly.consed.phd.DefaultPhdReadTag
09:54:46.520 [Test worker] DEBUG org.evosuite.runtime.classhandling.ClassResetter - __STATIC_RESET() method does not exists in class org.jcvi.jillion.internal.core.util.Caches
09:54:46.521 [Test worker] DEBUG org.evosuite.runtime.classhandling.ClassResetter - __STATIC_RESET() method does not exists in class org.jcvi.jillion.internal.core.util.Caches$AbstractReferencedCache
09:54:46.521 [Test worker] DEBUG org.evosuite.runtime.classhandling.ClassResetter - __STATIC_RESET() method does not exists in class org.jcvi.jillion.internal.core.util.Caches$SoftReferenceCache
09:54:46.521 [Test worker] DEBUG org.evosuite.runtime.classhandling.ClassResetter - __STATIC_RESET() method does not exists in class org.jcvi.jillion.core.util.MapUtil
09:54:46.521 [Test worker] DEBUG org.evosuite.runtime.classhandling.ClassResetter - __STATIC_RESET() method does not exists in class org.jcvi.jillion.core.Range
09:54:46.521 [Test worker] DEBUG org.evosuite.runtime.classhandling.ClassResetter - __STATIC_RESET() method does not exists in class org.jcvi.jillion.core.Range$Builder
09:54:46.522 [Test worker] DEBUG org.evosuite.runtime.classhandling.ClassResetter - __STATIC_RESET() method does not exists in class org.jcvi.jillion.core.Range$ShortRange
09:54:46.522 [Test worker] DEBUG org.evosuite.runtime.classhandling.ClassResetter - __STATIC_RESET() method does not exists in class org.jcvi.jillion.core.Range$RangeIterator
09:54:46.522 [Test worker] DEBUG org.evosuite.runtime.classhandling.ClassResetter - __STATIC_RESET() method does not exists in class org.jcvi.jillion.core.Range$UnsignedByteStartShortLengthRange
09:54:46.522 [Test worker] DEBUG org.evosuite.runtime.classhandling.ClassResetter - __STATIC_RESET() method does not exists in class org.jcvi.jillion.core.io.IOUtil
09:54:46.522 [Test worker] DEBUG org.evosuite.runtime.classhandling.ClassResetter - __STATIC_RESET() method does not exists in class org.jcvi.jillion.core.Ranges
09:54:46.522 [Test worker] DEBUG org.evosuite.runtime.classhandling.ClassResetter - __STATIC_RESET() method does not exists in class org.jcvi.jillion.core.Range$Comparators
09:54:46.522 [Test worker] DEBUG org.evosuite.runtime.classhandling.ClassResetter - __STATIC_RESET() method does not exists in class org.jcvi.jillion.core.Range$EmptyByteRange
09:54:46.522 [Test worker] DEBUG org.evosuite.runtime.classhandling.ClassResetter - __STATIC_RESET() method does not exists in class org.jcvi.jillion.core.Range$UnsignedShortStartShortLengthRange
09:54:46.523 [Test worker] DEBUG org.evosuite.runtime.classhandling.ClassResetter - __STATIC_RESET() method does not exists in class org.jcvi.jillion.core.Range$ByteRange
09:54:46.523 [Test worker] DEBUG org.evosuite.runtime.classhandling.ClassResetter - __STATIC_RESET() method does not exists in class org.jcvi.jillion.core.Range$UnsignedIntStartIntLengthRange
09:54:46.523 [Test worker] DEBUG org.evosuite.runtime.classhandling.ClassResetter - __STATIC_RESET() method does not exists in class org.jcvi.jillion.core.Range$UnsignedByteStartIntLengthRange
09:54:46.523 [Test worker] DEBUG org.evosuite.runtime.classhandling.ClassResetter - __STATIC_RESET() method does not exists in class org.jcvi.jillion.core.Range$EmptyLongRange
09:54:46.523 [Test worker] DEBUG org.evosuite.runtime.classhandling.ClassResetter - __STATIC_RESET() method does not exists in class org.jcvi.jillion.core.Range$IntRange
09:54:46.523 [Test worker] DEBUG org.evosuite.runtime.classhandling.ClassResetter - __STATIC_RESET() method does not exists in class org.jcvi.jillion.core.Range$LongRange
09:54:46.523 [Test worker] DEBUG org.evosuite.runtime.classhandling.ClassResetter - __STATIC_RESET() method does not exists in class org.jcvi.jillion.core.Range$EmptyShortRange
09:54:46.524 [Test worker] DEBUG org.evosuite.runtime.classhandling.ClassResetter - __STATIC_RESET() method does not exists in class org.jcvi.jillion.internal.core.util.JillionUtil
09:54:46.524 [Test worker] DEBUG org.evosuite.runtime.classhandling.ClassResetter - __STATIC_RESET() method does not exists in class org.jcvi.jillion.core.Range$UnsignedByteStartLongLengthRange
09:54:46.524 [Test worker] DEBUG org.evosuite.runtime.classhandling.ClassResetter - __STATIC_RESET() method does not exists in class org.jcvi.jillion.core.Range$UnsignedShortStartLongLengthRange
09:54:46.534 [Test worker] DEBUG org.evosuite.runtime.classhandling.ClassResetter - __STATIC_RESET() method does not exists in class org.jcvi.jillion.core.Range$LongStartIntLengthRange
09:54:46.534 [Test worker] DEBUG org.evosuite.runtime.classhandling.ClassResetter - __STATIC_RESET() method does not exists in class org.jcvi.jillion.core.Range$UnsignedShortStartIntLengthRange
09:54:46.534 [Test worker] DEBUG org.evosuite.runtime.classhandling.ClassResetter - __STATIC_RESET() method does not exists in class org.jcvi.jillion.core.Range$EmptyIntRange
]]></system-out>
  <system-err><![CDATA[]]></system-err>
</testsuite>
