<?xml version="1.0" encoding="UTF-8"?>
<testsuite name="mygrid.web._AvailableJobsResponse_ESTest" tests="11" skipped="0" failures="1" errors="0" timestamp="2024-03-15T09:34:55" hostname="dark-cable-rests-fin-01" time="3.682">
  <properties/>
  <testcase name="testGetAvailableJobsResultReturningNull()" classname="mygrid.web._AvailableJobsResponse_ESTest" time="3.064"/>
  <testcase name="testEqualsWithNonNull()" classname="mygrid.web._AvailableJobsResponse_ESTest" time="0.027"/>
  <testcase name="testGetAvailableJobsResultReturningNonNull()" classname="mygrid.web._AvailableJobsResponse_ESTest" time="0.03"/>
  <testcase name="testEqualsReturningTrue()" classname="mygrid.web._AvailableJobsResponse_ESTest" time="0.025"/>
  <testcase name="testGetDeserializer()" classname="mygrid.web._AvailableJobsResponse_ESTest" time="0.046"/>
  <testcase name="testSetAvailableJobsResult()" classname="mygrid.web._AvailableJobsResponse_ESTest" time="0.027"/>
  <testcase name="testGetTypeDesc()" classname="mygrid.web._AvailableJobsResponse_ESTest" time="0.025"/>
  <testcase name="testHashCode()" classname="mygrid.web._AvailableJobsResponse_ESTest" time="0.025"/>
  <testcase name="testGetSerializer()" classname="mygrid.web._AvailableJobsResponse_ESTest" time="0.024"/>
  <testcase name="testEqualsReturningFalse()" classname="mygrid.web._AvailableJobsResponse_ESTest" time="0.022"/>
  <testcase name="initializationError" classname="mygrid.web._AvailableJobsResponse_ESTest" time="0.02">
    <failure message="org.junit.runners.model.InvalidTestClassError: Invalid test class 'mygrid.web._AvailableJobsResponse_ESTest':&#10;  1. No runnable methods" type="org.junit.runners.model.InvalidTestClassError">org.junit.runners.model.InvalidTestClassError: Invalid test class 'mygrid.web._AvailableJobsResponse_ESTest':
  1. No runnable methods
	at org.junit.runners.ParentRunner.validate(ParentRunner.java:525)
	at org.junit.runners.ParentRunner.&lt;init&gt;(ParentRunner.java:92)
	at org.junit.runners.BlockJUnit4ClassRunner.&lt;init&gt;(BlockJUnit4ClassRunner.java:74)
	at org.evosuite.runtime.EvoRunner.&lt;init&gt;(EvoRunner.java:76)
	at sun.reflect.NativeConstructorAccessorImpl.newInstance0(Native Method)
	at sun.reflect.NativeConstructorAccessorImpl.newInstance(NativeConstructorAccessorImpl.java:62)
	at sun.reflect.DelegatingConstructorAccessorImpl.newInstance(DelegatingConstructorAccessorImpl.java:45)
	at java.lang.reflect.Constructor.newInstance(Constructor.java:423)
	at org.junit.internal.builders.AnnotatedBuilder.buildRunner(AnnotatedBuilder.java:104)
	at org.junit.vintage.engine.discovery.DefensiveAllDefaultPossibilitiesBuilder$DefensiveAnnotatedBuilder.buildRunner(DefensiveAllDefaultPossibilitiesBuilder.java:114)
	at org.junit.internal.builders.AnnotatedBuilder.runnerForClass(AnnotatedBuilder.java:86)
	at org.junit.runners.model.RunnerBuilder.safeRunnerForClass(RunnerBuilder.java:70)
	at org.junit.internal.builders.AllDefaultPossibilitiesBuilder.runnerForClass(AllDefaultPossibilitiesBuilder.java:37)
	at org.junit.vintage.engine.discovery.DefensiveAllDefaultPossibilitiesBuilder.runnerForClass(DefensiveAllDefaultPossibilitiesBuilder.java:57)
	at org.junit.runners.model.RunnerBuilder.safeRunnerForClass(RunnerBuilder.java:70)
	at org.junit.vintage.engine.discovery.ClassSelectorResolver.resolveTestClass(ClassSelectorResolver.java:66)
	at org.junit.vintage.engine.discovery.ClassSelectorResolver.resolve(ClassSelectorResolver.java:47)
	at org.junit.platform.engine.support.discovery.EngineDiscoveryRequestResolution.lambda$resolve$2(EngineDiscoveryRequestResolution.java:134)
	at java.util.stream.ReferencePipeline$3$1.accept(ReferencePipeline.java:193)
	at java.util.ArrayList$ArrayListSpliterator.tryAdvance(ArrayList.java:1361)
	at java.util.stream.ReferencePipeline.forEachWithCancel(ReferencePipeline.java:126)
	at java.util.stream.AbstractPipeline.copyIntoWithCancel(AbstractPipeline.java:499)
	at java.util.stream.AbstractPipeline.copyInto(AbstractPipeline.java:486)
	at java.util.stream.AbstractPipeline.wrapAndCopyInto(AbstractPipeline.java:472)
	at java.util.stream.FindOps$FindOp.evaluateSequential(FindOps.java:152)
	at java.util.stream.AbstractPipeline.evaluate(AbstractPipeline.java:234)
	at java.util.stream.ReferencePipeline.findFirst(ReferencePipeline.java:531)
	at org.junit.platform.engine.support.discovery.EngineDiscoveryRequestResolution.resolve(EngineDiscoveryRequestResolution.java:185)
	at org.junit.platform.engine.support.discovery.EngineDiscoveryRequestResolution.resolve(EngineDiscoveryRequestResolution.java:125)
	at org.junit.platform.engine.support.discovery.EngineDiscoveryRequestResolution.resolveCompletely(EngineDiscoveryRequestResolution.java:91)
	at org.junit.platform.engine.support.discovery.EngineDiscoveryRequestResolution.run(EngineDiscoveryRequestResolution.java:82)
	at org.junit.platform.engine.support.discovery.EngineDiscoveryRequestResolver.resolve(EngineDiscoveryRequestResolver.java:113)
	at org.junit.vintage.engine.discovery.VintageDiscoverer.discover(VintageDiscoverer.java:42)
	at org.junit.vintage.engine.VintageTestEngine.discover(VintageTestEngine.java:64)
	at org.junit.platform.launcher.core.EngineDiscoveryOrchestrator.discoverEngineRoot(EngineDiscoveryOrchestrator.java:152)
	at org.junit.platform.launcher.core.EngineDiscoveryOrchestrator.discoverSafely(EngineDiscoveryOrchestrator.java:134)
	at org.junit.platform.launcher.core.EngineDiscoveryOrchestrator.discover(EngineDiscoveryOrchestrator.java:108)
	at org.junit.platform.launcher.core.EngineDiscoveryOrchestrator.discover(EngineDiscoveryOrchestrator.java:80)
	at org.junit.platform.launcher.core.DefaultLauncher.discover(DefaultLauncher.java:110)
	at org.junit.platform.launcher.core.DefaultLauncher.execute(DefaultLauncher.java:86)
	at org.junit.platform.launcher.core.DefaultLauncherSession$DelegatingLauncher.execute(DefaultLauncherSession.java:86)
	at org.gradle.api.internal.tasks.testing.junitplatform.JUnitPlatformTestClassProcessor$CollectAllTestClassesExecutor.processAllTestClasses(JUnitPlatformTestClassProcessor.java:119)
	at org.gradle.api.internal.tasks.testing.junitplatform.JUnitPlatformTestClassProcessor$CollectAllTestClassesExecutor.access$000(JUnitPlatformTestClassProcessor.java:94)
	at org.gradle.api.internal.tasks.testing.junitplatform.JUnitPlatformTestClassProcessor.stop(JUnitPlatformTestClassProcessor.java:89)
	at org.gradle.api.internal.tasks.testing.SuiteTestClassProcessor.stop(SuiteTestClassProcessor.java:62)
	at sun.reflect.NativeMethodAccessorImpl.invoke0(Native Method)
	at sun.reflect.NativeMethodAccessorImpl.invoke(NativeMethodAccessorImpl.java:62)
	at sun.reflect.DelegatingMethodAccessorImpl.invoke(DelegatingMethodAccessorImpl.java:43)
	at java.lang.reflect.Method.invoke(Method.java:498)
	at org.gradle.internal.dispatch.ReflectionDispatch.dispatch(ReflectionDispatch.java:36)
	at org.gradle.internal.dispatch.ReflectionDispatch.dispatch(ReflectionDispatch.java:24)
	at org.gradle.internal.dispatch.ContextClassLoaderDispatch.dispatch(ContextClassLoaderDispatch.java:33)
	at org.gradle.internal.dispatch.ProxyDispatchAdapter$DispatchingInvocationHandler.invoke(ProxyDispatchAdapter.java:94)
	at com.sun.proxy.$Proxy2.stop(Unknown Source)
	at org.gradle.api.internal.tasks.testing.worker.TestWorker$3.run(TestWorker.java:193)
	at org.gradle.api.internal.tasks.testing.worker.TestWorker.executeAndMaintainThreadName(TestWorker.java:129)
	at org.gradle.api.internal.tasks.testing.worker.TestWorker.execute(TestWorker.java:100)
	at org.gradle.api.internal.tasks.testing.worker.TestWorker.execute(TestWorker.java:60)
	at org.gradle.process.internal.worker.child.ActionExecutionWorker.execute(ActionExecutionWorker.java:56)
	at org.gradle.process.internal.worker.child.SystemApplicationClassLoaderWorker.call(SystemApplicationClassLoaderWorker.java:113)
	at org.gradle.process.internal.worker.child.SystemApplicationClassLoaderWorker.call(SystemApplicationClassLoaderWorker.java:65)
	at worker.org.gradle.process.internal.worker.GradleWorkerMain.run(GradleWorkerMain.java:69)
	at worker.org.gradle.process.internal.worker.GradleWorkerMain.main(GradleWorkerMain.java:74)
</failure>
  </testcase>
  <system-out><![CDATA[09:34:54.541 [Test worker] DEBUG org.evosuite.runtime.sandbox.MSecurityManager - Adding privileged thread: "Reference Handler"
09:34:54.541 [Test worker] DEBUG org.evosuite.runtime.sandbox.MSecurityManager - Adding privileged thread: "Finalizer"
09:34:54.541 [Test worker] DEBUG org.evosuite.runtime.sandbox.MSecurityManager - Adding privileged thread: "Signal Dispatcher"
09:34:54.541 [Test worker] DEBUG org.evosuite.runtime.sandbox.MSecurityManager - Adding privileged thread: "Java2D Disposer"
09:34:54.541 [Test worker] DEBUG org.evosuite.runtime.sandbox.MSecurityManager - Adding privileged thread: "Test worker"
09:34:54.541 [Test worker] DEBUG org.evosuite.runtime.sandbox.MSecurityManager - Adding privileged thread: "/127.0.0.1:47016 to /127.0.0.1:44231 workers"
09:34:54.542 [Test worker] DEBUG org.evosuite.runtime.sandbox.MSecurityManager - Adding privileged thread: "/127.0.0.1:47016 to /127.0.0.1:44231 workers Thread 2"
09:34:54.542 [Test worker] DEBUG org.evosuite.runtime.sandbox.MSecurityManager - Adding privileged thread: "/127.0.0.1:47016 to /127.0.0.1:44231 workers Thread 3"
09:34:54.685 [Test worker] INFO org.evosuite.runtime.instrumentation.EvoClassLoader - Seeing class for first time: org.apache.log4j.Category
09:34:54.686 [Test worker] INFO org.evosuite.runtime.instrumentation.EvoClassLoader - Instrumenting class 'org.apache.log4j.Category'.
09:34:54.708 [Test worker] INFO org.evosuite.runtime.instrumentation.MethodCallReplacementClassAdapter - Adding mock interface to class org/apache/log4j/Category
09:34:55.004 [Test worker] INFO org.evosuite.runtime.instrumentation.CreateClassResetClassAdapter - Found static initializer in class org/apache/log4j/Category
09:34:55.008 [Test worker] INFO org.evosuite.runtime.instrumentation.EvoClassLoader - Defined package (3): package org.apache.log4j, -380049628
09:34:55.008 [Test worker] INFO org.evosuite.runtime.instrumentation.EvoClassLoader - Seeing class for first time: org.apache.log4j.spi.AppenderAttachable
09:34:55.009 [Test worker] INFO org.evosuite.runtime.instrumentation.EvoClassLoader - Instrumenting class 'org.apache.log4j.spi.AppenderAttachable'.
09:34:55.010 [Test worker] INFO org.evosuite.runtime.instrumentation.EvoClassLoader - Defined package (3): package org.apache.log4j.spi, 916413410
09:34:55.011 [Test worker] INFO org.evosuite.runtime.instrumentation.EvoClassLoader - Keeping class: org.apache.log4j.spi.AppenderAttachable
09:34:55.011 [Test worker] INFO org.evosuite.runtime.instrumentation.EvoClassLoader - Keeping class: org.apache.log4j.Category
09:34:55.012 [Test worker] INFO org.evosuite.runtime.instrumentation.EvoClassLoader - Seeing class for first time: org.apache.commons.logging.impl.Log4JCategoryLog
09:34:55.012 [Test worker] INFO org.evosuite.runtime.instrumentation.EvoClassLoader - Instrumenting class 'org.apache.commons.logging.impl.Log4JCategoryLog'.
09:34:55.014 [Test worker] INFO org.evosuite.runtime.instrumentation.MethodCallReplacementClassAdapter - Adding mock interface to class org/apache/commons/logging/impl/Log4JCategoryLog
09:34:55.017 [Test worker] INFO org.evosuite.runtime.instrumentation.CreateClassResetClassAdapter - Found static initializer in class org/apache/commons/logging/impl/Log4JCategoryLog
09:34:55.019 [Test worker] INFO org.evosuite.runtime.instrumentation.EvoClassLoader - Keeping class: org.apache.commons.logging.impl.Log4JCategoryLog
09:34:55.019 [Test worker] INFO org.evosuite.runtime.instrumentation.EvoClassLoader - Seeing class for first time: org.apache.commons.logging.impl.Log4jFactory
09:34:55.019 [Test worker] INFO org.evosuite.runtime.instrumentation.EvoClassLoader - Instrumenting class 'org.apache.commons.logging.impl.Log4jFactory'.
09:34:55.021 [Test worker] INFO org.evosuite.runtime.instrumentation.MethodCallReplacementClassAdapter - Adding mock interface to class org/apache/commons/logging/impl/Log4jFactory
09:34:55.023 [Test worker] INFO org.evosuite.runtime.instrumentation.CreateClassResetClassAdapter - Creating brand-new static initializer in class org/apache/commons/logging/impl/Log4jFactory
09:34:55.024 [Test worker] INFO org.evosuite.runtime.instrumentation.EvoClassLoader - Keeping class: org.apache.commons.logging.impl.Log4jFactory
09:34:55.032 [Test worker] INFO org.evosuite.runtime.instrumentation.EvoClassLoader - Seeing class for first time: org.apache.log4j.Layout
09:34:55.032 [Test worker] INFO org.evosuite.runtime.instrumentation.EvoClassLoader - Instrumenting class 'org.apache.log4j.Layout'.
09:34:55.033 [Test worker] INFO org.evosuite.runtime.instrumentation.MethodCallReplacementClassAdapter - Adding mock interface to class org/apache/log4j/Layout
09:34:55.034 [Test worker] INFO org.evosuite.runtime.instrumentation.CreateClassResetClassAdapter - Found static initializer in class org/apache/log4j/Layout
09:34:55.035 [Test worker] INFO org.evosuite.runtime.instrumentation.EvoClassLoader - Seeing class for first time: org.apache.log4j.spi.OptionHandler
09:34:55.035 [Test worker] INFO org.evosuite.runtime.instrumentation.EvoClassLoader - Instrumenting class 'org.apache.log4j.spi.OptionHandler'.
09:34:55.037 [Test worker] INFO org.evosuite.runtime.instrumentation.EvoClassLoader - Keeping class: org.apache.log4j.spi.OptionHandler
09:34:55.037 [Test worker] INFO org.evosuite.runtime.instrumentation.EvoClassLoader - Keeping class: org.apache.log4j.Layout
09:34:55.037 [Test worker] INFO org.evosuite.runtime.instrumentation.EvoClassLoader - Seeing class for first time: org.apache.log4j.PatternLayout
09:34:55.037 [Test worker] INFO org.evosuite.runtime.instrumentation.EvoClassLoader - Instrumenting class 'org.apache.log4j.PatternLayout'.
09:34:55.039 [Test worker] INFO org.evosuite.runtime.instrumentation.MethodCallReplacementClassAdapter - Adding mock interface to class org/apache/log4j/PatternLayout
09:34:55.041 [Test worker] INFO org.evosuite.runtime.instrumentation.CreateClassResetClassAdapter - Creating brand-new static initializer in class org/apache/log4j/PatternLayout
09:34:55.042 [Test worker] INFO org.evosuite.runtime.instrumentation.CreateClassResetClassAdapter - Adding bytecode for initializing field DEFAULT_CONVERSION_PATTERN
09:34:55.042 [Test worker] INFO org.evosuite.runtime.instrumentation.CreateClassResetClassAdapter - Adding bytecode for initializing field TTCC_CONVERSION_PATTERN
09:34:55.043 [Test worker] INFO org.evosuite.runtime.instrumentation.EvoClassLoader - Keeping class: org.apache.log4j.PatternLayout
09:34:55.043 [Test worker] INFO org.evosuite.runtime.instrumentation.EvoClassLoader - Seeing class for first time: org.apache.log4j.Appender
09:34:55.043 [Test worker] INFO org.evosuite.runtime.instrumentation.EvoClassLoader - Instrumenting class 'org.apache.log4j.Appender'.
09:34:55.045 [Test worker] INFO org.evosuite.runtime.instrumentation.EvoClassLoader - Keeping class: org.apache.log4j.Appender
09:34:55.046 [Test worker] INFO org.evosuite.runtime.instrumentation.EvoClassLoader - Seeing class for first time: org.apache.log4j.Priority
09:34:55.046 [Test worker] INFO org.evosuite.runtime.instrumentation.EvoClassLoader - Instrumenting class 'org.apache.log4j.Priority'.
09:34:55.047 [Test worker] INFO org.evosuite.runtime.instrumentation.MethodCallReplacementClassAdapter - Adding mock interface to class org/apache/log4j/Priority
09:34:55.049 [Test worker] INFO org.evosuite.runtime.instrumentation.CreateClassResetClassAdapter - Found static initializer in class org/apache/log4j/Priority
09:34:55.050 [Test worker] INFO org.evosuite.runtime.instrumentation.EvoClassLoader - Keeping class: org.apache.log4j.Priority
09:34:55.050 [Test worker] INFO org.evosuite.runtime.instrumentation.EvoClassLoader - Seeing class for first time: org.apache.log4j.Level
09:34:55.050 [Test worker] INFO org.evosuite.runtime.instrumentation.EvoClassLoader - Instrumenting class 'org.apache.log4j.Level'.
09:34:55.052 [Test worker] INFO org.evosuite.runtime.instrumentation.MethodCallReplacementClassAdapter - Adding mock interface to class org/apache/log4j/Level
09:34:55.053 [Test worker] INFO org.evosuite.runtime.instrumentation.CreateClassResetClassAdapter - Found static initializer in class org/apache/log4j/Level
09:34:55.054 [Test worker] INFO org.evosuite.runtime.instrumentation.EvoClassLoader - Keeping class: org.apache.log4j.Level
09:34:55.054 [Test worker] INFO org.evosuite.runtime.instrumentation.EvoClassLoader - Seeing class for first time: org.apache.log4j.Logger
09:34:55.055 [Test worker] INFO org.evosuite.runtime.instrumentation.EvoClassLoader - Instrumenting class 'org.apache.log4j.Logger'.
09:34:55.056 [Test worker] INFO org.evosuite.runtime.instrumentation.MethodCallReplacementClassAdapter - Adding mock interface to class org/apache/log4j/Logger
09:34:55.057 [Test worker] INFO org.evosuite.runtime.instrumentation.CreateClassResetClassAdapter - Found static initializer in class org/apache/log4j/Logger
09:34:55.058 [Test worker] INFO org.evosuite.runtime.instrumentation.EvoClassLoader - Keeping class: org.apache.log4j.Logger
09:34:55.059 [Test worker] INFO org.evosuite.runtime.instrumentation.EvoClassLoader - Seeing class for first time: org.apache.log4j.LogManager
09:34:55.059 [Test worker] INFO org.evosuite.runtime.instrumentation.EvoClassLoader - Instrumenting class 'org.apache.log4j.LogManager'.
09:34:55.060 [Test worker] INFO org.evosuite.runtime.instrumentation.MethodCallReplacementClassAdapter - Adding mock interface to class org/apache/log4j/LogManager
09:34:55.064 [Test worker] INFO org.evosuite.runtime.instrumentation.CreateClassResetClassAdapter - Found static initializer in class org/apache/log4j/LogManager
09:34:55.066 [Test worker] INFO org.evosuite.runtime.instrumentation.EvoClassLoader - Keeping class: org.apache.log4j.LogManager
09:34:55.067 [Test worker] INFO org.evosuite.runtime.instrumentation.EvoClassLoader - Seeing class for first time: org.apache.log4j.spi.RootCategory
09:34:55.067 [Test worker] INFO org.evosuite.runtime.instrumentation.EvoClassLoader - Instrumenting class 'org.apache.log4j.spi.RootCategory'.
09:34:55.068 [Test worker] INFO org.evosuite.runtime.instrumentation.MethodCallReplacementClassAdapter - Adding mock interface to class org/apache/log4j/spi/RootCategory
09:34:55.070 [Test worker] INFO org.evosuite.runtime.instrumentation.CreateClassResetClassAdapter - Creating brand-new static initializer in class org/apache/log4j/spi/RootCategory
09:34:55.071 [Test worker] INFO org.evosuite.runtime.instrumentation.EvoClassLoader - Keeping class: org.apache.log4j.spi.RootCategory
09:34:55.071 [Test worker] INFO org.evosuite.runtime.instrumentation.EvoClassLoader - Seeing class for first time: org.apache.log4j.spi.LoggerRepository
09:34:55.071 [Test worker] INFO org.evosuite.runtime.instrumentation.EvoClassLoader - Instrumenting class 'org.apache.log4j.spi.LoggerRepository'.
09:34:55.073 [Test worker] INFO org.evosuite.runtime.instrumentation.EvoClassLoader - Keeping class: org.apache.log4j.spi.LoggerRepository
09:34:55.073 [Test worker] INFO org.evosuite.runtime.instrumentation.EvoClassLoader - Seeing class for first time: org.apache.log4j.spi.RepositorySelector
09:34:55.073 [Test worker] INFO org.evosuite.runtime.instrumentation.EvoClassLoader - Instrumenting class 'org.apache.log4j.spi.RepositorySelector'.
09:34:55.083 [Test worker] INFO org.evosuite.runtime.instrumentation.EvoClassLoader - Keeping class: org.apache.log4j.spi.RepositorySelector
09:34:55.083 [Test worker] INFO org.evosuite.runtime.instrumentation.EvoClassLoader - Seeing class for first time: org.apache.log4j.Hierarchy
09:34:55.084 [Test worker] INFO org.evosuite.runtime.instrumentation.EvoClassLoader - Instrumenting class 'org.apache.log4j.Hierarchy'.
09:34:55.086 [Test worker] INFO org.evosuite.runtime.instrumentation.MethodCallReplacementClassAdapter - Adding mock interface to class org/apache/log4j/Hierarchy
09:34:55.093 [Test worker] INFO org.evosuite.runtime.instrumentation.CreateClassResetClassAdapter - Creating brand-new static initializer in class org/apache/log4j/Hierarchy
09:34:55.094 [Test worker] INFO org.evosuite.runtime.instrumentation.EvoClassLoader - Seeing class for first time: org.apache.log4j.spi.RendererSupport
09:34:55.094 [Test worker] INFO org.evosuite.runtime.instrumentation.EvoClassLoader - Instrumenting class 'org.apache.log4j.spi.RendererSupport'.
09:34:55.096 [Test worker] INFO org.evosuite.runtime.instrumentation.EvoClassLoader - Keeping class: org.apache.log4j.spi.RendererSupport
09:34:55.096 [Test worker] INFO org.evosuite.runtime.instrumentation.EvoClassLoader - Keeping class: org.apache.log4j.Hierarchy
09:34:55.096 [Test worker] INFO org.evosuite.runtime.instrumentation.EvoClassLoader - Seeing class for first time: org.apache.log4j.spi.LoggerFactory
09:34:55.097 [Test worker] INFO org.evosuite.runtime.instrumentation.EvoClassLoader - Instrumenting class 'org.apache.log4j.spi.LoggerFactory'.
09:34:55.098 [Test worker] INFO org.evosuite.runtime.instrumentation.EvoClassLoader - Keeping class: org.apache.log4j.spi.LoggerFactory
09:34:55.100 [Test worker] INFO org.evosuite.runtime.instrumentation.EvoClassLoader - Seeing class for first time: org.apache.log4j.or.RendererMap
09:34:55.101 [Test worker] INFO org.evosuite.runtime.instrumentation.EvoClassLoader - Instrumenting class 'org.apache.log4j.or.RendererMap'.
09:34:55.102 [Test worker] INFO org.evosuite.runtime.instrumentation.MethodCallReplacementClassAdapter - Adding mock interface to class org/apache/log4j/or/RendererMap
09:34:55.106 [Test worker] INFO org.evosuite.runtime.instrumentation.CreateClassResetClassAdapter - Found static initializer in class org/apache/log4j/or/RendererMap
09:34:55.106 [Test worker] INFO org.evosuite.runtime.instrumentation.EvoClassLoader - Defined package (3): package org.apache.log4j.or, -524627731
09:34:55.107 [Test worker] INFO org.evosuite.runtime.instrumentation.EvoClassLoader - Keeping class: org.apache.log4j.or.RendererMap
09:34:55.107 [Test worker] INFO org.evosuite.runtime.instrumentation.EvoClassLoader - Seeing class for first time: org.apache.log4j.or.ObjectRenderer
09:34:55.107 [Test worker] INFO org.evosuite.runtime.instrumentation.EvoClassLoader - Instrumenting class 'org.apache.log4j.or.ObjectRenderer'.
09:34:55.109 [Test worker] INFO org.evosuite.runtime.instrumentation.EvoClassLoader - Keeping class: org.apache.log4j.or.ObjectRenderer
09:34:55.109 [Test worker] INFO org.evosuite.runtime.instrumentation.EvoClassLoader - Seeing class for first time: org.apache.log4j.or.DefaultRenderer
09:34:55.109 [Test worker] INFO org.evosuite.runtime.instrumentation.EvoClassLoader - Instrumenting class 'org.apache.log4j.or.DefaultRenderer'.
09:34:55.110 [Test worker] INFO org.evosuite.runtime.instrumentation.MethodCallReplacementClassAdapter - Adding mock interface to class org/apache/log4j/or/DefaultRenderer
09:34:55.111 [Test worker] INFO org.evosuite.runtime.instrumentation.CreateClassResetClassAdapter - Creating brand-new static initializer in class org/apache/log4j/or/DefaultRenderer
09:34:55.112 [Test worker] INFO org.evosuite.runtime.instrumentation.EvoClassLoader - Keeping class: org.apache.log4j.or.DefaultRenderer
09:34:55.112 [Test worker] INFO org.evosuite.runtime.instrumentation.EvoClassLoader - Seeing class for first time: org.apache.log4j.DefaultCategoryFactory
09:34:55.112 [Test worker] INFO org.evosuite.runtime.instrumentation.EvoClassLoader - Instrumenting class 'org.apache.log4j.DefaultCategoryFactory'.
09:34:55.113 [Test worker] INFO org.evosuite.runtime.instrumentation.MethodCallReplacementClassAdapter - Adding mock interface to class org/apache/log4j/DefaultCategoryFactory
09:34:55.114 [Test worker] INFO org.evosuite.runtime.instrumentation.CreateClassResetClassAdapter - Creating brand-new static initializer in class org/apache/log4j/DefaultCategoryFactory
09:34:55.115 [Test worker] INFO org.evosuite.runtime.instrumentation.EvoClassLoader - Keeping class: org.apache.log4j.DefaultCategoryFactory
09:34:55.115 [Test worker] INFO org.evosuite.runtime.instrumentation.EvoClassLoader - Seeing class for first time: org.apache.log4j.spi.DefaultRepositorySelector
09:34:55.115 [Test worker] INFO org.evosuite.runtime.instrumentation.EvoClassLoader - Instrumenting class 'org.apache.log4j.spi.DefaultRepositorySelector'.
09:34:55.116 [Test worker] INFO org.evosuite.runtime.instrumentation.MethodCallReplacementClassAdapter - Adding mock interface to class org/apache/log4j/spi/DefaultRepositorySelector
09:34:55.117 [Test worker] INFO org.evosuite.runtime.instrumentation.CreateClassResetClassAdapter - Creating brand-new static initializer in class org/apache/log4j/spi/DefaultRepositorySelector
09:34:55.119 [Test worker] INFO org.evosuite.runtime.instrumentation.EvoClassLoader - Keeping class: org.apache.log4j.spi.DefaultRepositorySelector
09:34:55.120 [Test worker] INFO org.evosuite.runtime.instrumentation.EvoClassLoader - Seeing class for first time: org.apache.log4j.helpers.OptionConverter
09:34:55.120 [Test worker] INFO org.evosuite.runtime.instrumentation.EvoClassLoader - Instrumenting class 'org.apache.log4j.helpers.OptionConverter'.
09:34:55.122 [Test worker] INFO org.evosuite.runtime.instrumentation.MethodCallReplacementClassAdapter - Adding mock interface to class org/apache/log4j/helpers/OptionConverter
09:34:55.138 [Test worker] INFO org.evosuite.runtime.instrumentation.CreateClassResetClassAdapter - Found static initializer in class org/apache/log4j/helpers/OptionConverter
09:34:55.139 [Test worker] INFO org.evosuite.runtime.instrumentation.EvoClassLoader - Defined package (3): package org.apache.log4j.helpers, -2053146181
09:34:55.140 [Test worker] INFO org.evosuite.runtime.instrumentation.EvoClassLoader - Keeping class: org.apache.log4j.helpers.OptionConverter
09:34:55.141 [Test worker] INFO org.evosuite.runtime.instrumentation.EvoClassLoader - Seeing class for first time: org.apache.log4j.spi.Configurator
09:34:55.142 [Test worker] INFO org.evosuite.runtime.instrumentation.EvoClassLoader - Instrumenting class 'org.apache.log4j.spi.Configurator'.
09:34:55.143 [Test worker] INFO org.evosuite.runtime.instrumentation.EvoClassLoader - Keeping class: org.apache.log4j.spi.Configurator
09:34:55.144 [Test worker] INFO org.evosuite.runtime.instrumentation.EvoClassLoader - Seeing class for first time: org.apache.log4j.helpers.Loader
09:34:55.144 [Test worker] INFO org.evosuite.runtime.instrumentation.EvoClassLoader - Instrumenting class 'org.apache.log4j.helpers.Loader'.
09:34:55.145 [Test worker] INFO org.evosuite.runtime.instrumentation.MethodCallReplacementClassAdapter - Adding mock interface to class org/apache/log4j/helpers/Loader
09:34:55.147 [Test worker] INFO org.evosuite.runtime.instrumentation.CreateClassResetClassAdapter - Found static initializer in class org/apache/log4j/helpers/Loader
09:34:55.149 [Test worker] INFO org.evosuite.runtime.instrumentation.EvoClassLoader - Keeping class: org.apache.log4j.helpers.Loader
09:34:55.150 [Test worker] INFO org.evosuite.runtime.instrumentation.EvoClassLoader - Seeing class for first time: org.apache.log4j.helpers.LogLog
09:34:55.150 [Test worker] INFO org.evosuite.runtime.instrumentation.EvoClassLoader - Instrumenting class 'org.apache.log4j.helpers.LogLog'.
09:34:55.151 [Test worker] INFO org.evosuite.runtime.instrumentation.MethodCallReplacementClassAdapter - Adding mock interface to class org/apache/log4j/helpers/LogLog
09:34:55.153 [Test worker] INFO org.evosuite.runtime.instrumentation.CreateClassResetClassAdapter - Found static initializer in class org/apache/log4j/helpers/LogLog
09:34:55.154 [Test worker] INFO org.evosuite.runtime.instrumentation.EvoClassLoader - Keeping class: org.apache.log4j.helpers.LogLog
09:34:55.156 [Test worker] INFO org.evosuite.runtime.instrumentation.EvoClassLoader - Seeing class for first time: org.apache.log4j.CategoryKey
09:34:55.156 [Test worker] INFO org.evosuite.runtime.instrumentation.EvoClassLoader - Instrumenting class 'org.apache.log4j.CategoryKey'.
09:34:55.157 [Test worker] INFO org.evosuite.runtime.instrumentation.MethodCallReplacementClassAdapter - Adding mock interface to class org/apache/log4j/CategoryKey
09:34:55.159 [Test worker] INFO org.evosuite.runtime.instrumentation.CreateClassResetClassAdapter - Creating brand-new static initializer in class org/apache/log4j/CategoryKey
09:34:55.159 [Test worker] INFO org.evosuite.runtime.instrumentation.CreateClassResetClassAdapter - Adding bytecode for initializing field class$org$apache$log4j$CategoryKey
09:34:55.159 [Test worker] INFO org.evosuite.runtime.instrumentation.EvoClassLoader - Keeping class: org.apache.log4j.CategoryKey
09:34:55.160 [Test worker] INFO org.evosuite.runtime.instrumentation.EvoClassLoader - Seeing class for first time: org.apache.log4j.ProvisionNode
09:34:55.160 [Test worker] INFO org.evosuite.runtime.instrumentation.EvoClassLoader - Instrumenting class 'org.apache.log4j.ProvisionNode'.
09:34:55.161 [Test worker] INFO org.evosuite.runtime.instrumentation.MethodCallReplacementClassAdapter - Adding mock interface to class org/apache/log4j/ProvisionNode
09:34:55.163 [Test worker] INFO org.evosuite.runtime.instrumentation.CreateClassResetClassAdapter - Creating brand-new static initializer in class org/apache/log4j/ProvisionNode
09:34:55.163 [Test worker] INFO org.evosuite.runtime.instrumentation.EvoClassLoader - Keeping class: org.apache.log4j.ProvisionNode
09:34:55.164 [Test worker] INFO org.evosuite.runtime.instrumentation.EvoClassLoader - Seeing class for first time: org.apache.log4j.helpers.NullEnumeration
09:34:55.164 [Test worker] INFO org.evosuite.runtime.instrumentation.EvoClassLoader - Instrumenting class 'org.apache.log4j.helpers.NullEnumeration'.
09:34:55.165 [Test worker] INFO org.evosuite.runtime.instrumentation.MethodCallReplacementClassAdapter - Adding mock interface to class org/apache/log4j/helpers/NullEnumeration
09:34:55.166 [Test worker] INFO org.evosuite.runtime.instrumentation.CreateClassResetClassAdapter - Found static initializer in class org/apache/log4j/helpers/NullEnumeration
09:34:55.167 [Test worker] INFO org.evosuite.runtime.instrumentation.EvoClassLoader - Keeping class: org.apache.log4j.helpers.NullEnumeration
09:34:55.167 [Test worker] INFO org.evosuite.runtime.instrumentation.EvoClassLoader - Seeing class for first time: org.apache.log4j.ConsoleAppender
09:34:55.168 [Test worker] INFO org.evosuite.runtime.instrumentation.EvoClassLoader - Instrumenting class 'org.apache.log4j.ConsoleAppender'.
09:34:55.169 [Test worker] INFO org.evosuite.runtime.instrumentation.MethodCallReplacementClassAdapter - Adding mock interface to class org/apache/log4j/ConsoleAppender
09:34:55.170 [Test worker] INFO org.evosuite.runtime.instrumentation.CreateClassResetClassAdapter - Creating brand-new static initializer in class org/apache/log4j/ConsoleAppender
09:34:55.171 [Test worker] INFO org.evosuite.runtime.instrumentation.CreateClassResetClassAdapter - Adding bytecode for initializing field SYSTEM_OUT
09:34:55.171 [Test worker] INFO org.evosuite.runtime.instrumentation.CreateClassResetClassAdapter - Adding bytecode for initializing field SYSTEM_ERR
09:34:55.171 [Test worker] INFO org.evosuite.runtime.instrumentation.EvoClassLoader - Seeing class for first time: org.apache.log4j.WriterAppender
09:34:55.171 [Test worker] INFO org.evosuite.runtime.instrumentation.EvoClassLoader - Instrumenting class 'org.apache.log4j.WriterAppender'.
09:34:55.173 [Test worker] INFO org.evosuite.runtime.instrumentation.MethodCallReplacementClassAdapter - Adding mock interface to class org/apache/log4j/WriterAppender
09:34:55.176 [Test worker] INFO org.evosuite.runtime.instrumentation.CreateClassResetClassAdapter - Creating brand-new static initializer in class org/apache/log4j/WriterAppender
09:34:55.177 [Test worker] INFO org.evosuite.runtime.instrumentation.EvoClassLoader - Seeing class for first time: org.apache.log4j.AppenderSkeleton
09:34:55.177 [Test worker] INFO org.evosuite.runtime.instrumentation.EvoClassLoader - Instrumenting class 'org.apache.log4j.AppenderSkeleton'.
09:34:55.179 [Test worker] INFO org.evosuite.runtime.instrumentation.MethodCallReplacementClassAdapter - Adding mock interface to class org/apache/log4j/AppenderSkeleton
09:34:55.181 [Test worker] INFO org.evosuite.runtime.instrumentation.CreateClassResetClassAdapter - Creating brand-new static initializer in class org/apache/log4j/AppenderSkeleton
09:34:55.182 [Test worker] INFO org.evosuite.runtime.instrumentation.EvoClassLoader - Keeping class: org.apache.log4j.AppenderSkeleton
09:34:55.183 [Test worker] INFO org.evosuite.runtime.instrumentation.EvoClassLoader - Keeping class: org.apache.log4j.WriterAppender
09:34:55.183 [Test worker] INFO org.evosuite.runtime.instrumentation.EvoClassLoader - Keeping class: org.apache.log4j.ConsoleAppender
09:34:55.183 [Test worker] INFO org.evosuite.runtime.instrumentation.EvoClassLoader - Seeing class for first time: org.apache.log4j.spi.ErrorHandler
09:34:55.183 [Test worker] INFO org.evosuite.runtime.instrumentation.EvoClassLoader - Instrumenting class 'org.apache.log4j.spi.ErrorHandler'.
09:34:55.185 [Test worker] INFO org.evosuite.runtime.instrumentation.EvoClassLoader - Keeping class: org.apache.log4j.spi.ErrorHandler
09:34:55.187 [Test worker] INFO org.evosuite.runtime.instrumentation.EvoClassLoader - Seeing class for first time: org.apache.log4j.helpers.PatternParser
09:34:55.187 [Test worker] INFO org.evosuite.runtime.instrumentation.EvoClassLoader - Instrumenting class 'org.apache.log4j.helpers.PatternParser'.
09:34:55.189 [Test worker] INFO org.evosuite.runtime.instrumentation.MethodCallReplacementClassAdapter - Adding mock interface to class org/apache/log4j/helpers/PatternParser
09:34:55.210 [Test worker] INFO org.evosuite.runtime.instrumentation.CreateClassResetClassAdapter - Creating brand-new static initializer in class org/apache/log4j/helpers/PatternParser
09:34:55.211 [Test worker] INFO org.evosuite.runtime.instrumentation.CreateClassResetClassAdapter - Adding bytecode for initializing field ESCAPE_CHAR
09:34:55.211 [Test worker] INFO org.evosuite.runtime.instrumentation.CreateClassResetClassAdapter - Adding bytecode for initializing field LITERAL_STATE
09:34:55.211 [Test worker] INFO org.evosuite.runtime.instrumentation.CreateClassResetClassAdapter - Adding bytecode for initializing field CONVERTER_STATE
09:34:55.211 [Test worker] INFO org.evosuite.runtime.instrumentation.CreateClassResetClassAdapter - Adding bytecode for initializing field MINUS_STATE
09:34:55.211 [Test worker] INFO org.evosuite.runtime.instrumentation.CreateClassResetClassAdapter - Adding bytecode for initializing field DOT_STATE
09:34:55.211 [Test worker] INFO org.evosuite.runtime.instrumentation.CreateClassResetClassAdapter - Adding bytecode for initializing field MIN_STATE
09:34:55.212 [Test worker] INFO org.evosuite.runtime.instrumentation.CreateClassResetClassAdapter - Adding bytecode for initializing field MAX_STATE
09:34:55.212 [Test worker] INFO org.evosuite.runtime.instrumentation.CreateClassResetClassAdapter - Adding bytecode for initializing field FULL_LOCATION_CONVERTER
09:34:55.212 [Test worker] INFO org.evosuite.runtime.instrumentation.CreateClassResetClassAdapter - Adding bytecode for initializing field METHOD_LOCATION_CONVERTER
09:34:55.212 [Test worker] INFO org.evosuite.runtime.instrumentation.CreateClassResetClassAdapter - Adding bytecode for initializing field CLASS_LOCATION_CONVERTER
09:34:55.212 [Test worker] INFO org.evosuite.runtime.instrumentation.CreateClassResetClassAdapter - Adding bytecode for initializing field LINE_LOCATION_CONVERTER
09:34:55.213 [Test worker] INFO org.evosuite.runtime.instrumentation.CreateClassResetClassAdapter - Adding bytecode for initializing field FILE_LOCATION_CONVERTER
09:34:55.213 [Test worker] INFO org.evosuite.runtime.instrumentation.CreateClassResetClassAdapter - Adding bytecode for initializing field RELATIVE_TIME_CONVERTER
09:34:55.213 [Test worker] INFO org.evosuite.runtime.instrumentation.CreateClassResetClassAdapter - Adding bytecode for initializing field THREAD_CONVERTER
09:34:55.213 [Test worker] INFO org.evosuite.runtime.instrumentation.CreateClassResetClassAdapter - Adding bytecode for initializing field LEVEL_CONVERTER
09:34:55.213 [Test worker] INFO org.evosuite.runtime.instrumentation.CreateClassResetClassAdapter - Adding bytecode for initializing field NDC_CONVERTER
09:34:55.213 [Test worker] INFO org.evosuite.runtime.instrumentation.CreateClassResetClassAdapter - Adding bytecode for initializing field MESSAGE_CONVERTER
09:34:55.214 [Test worker] INFO org.evosuite.runtime.instrumentation.CreateClassResetClassAdapter - Adding bytecode for initializing field class$java$text$DateFormat
09:34:55.215 [Test worker] INFO org.evosuite.runtime.instrumentation.EvoClassLoader - Keeping class: org.apache.log4j.helpers.PatternParser
09:34:55.215 [Test worker] INFO org.evosuite.runtime.instrumentation.EvoClassLoader - Seeing class for first time: org.apache.log4j.helpers.PatternConverter
09:34:55.215 [Test worker] INFO org.evosuite.runtime.instrumentation.EvoClassLoader - Instrumenting class 'org.apache.log4j.helpers.PatternConverter'.
09:34:55.216 [Test worker] INFO org.evosuite.runtime.instrumentation.MethodCallReplacementClassAdapter - Adding mock interface to class org/apache/log4j/helpers/PatternConverter
09:34:55.218 [Test worker] INFO org.evosuite.runtime.instrumentation.CreateClassResetClassAdapter - Found static initializer in class org/apache/log4j/helpers/PatternConverter
09:34:55.219 [Test worker] INFO org.evosuite.runtime.instrumentation.EvoClassLoader - Keeping class: org.apache.log4j.helpers.PatternConverter
09:34:55.219 [Test worker] INFO org.evosuite.runtime.instrumentation.EvoClassLoader - Seeing class for first time: org.apache.log4j.helpers.PatternParser$LiteralPatternConverter
09:34:55.219 [Test worker] INFO org.evosuite.runtime.instrumentation.EvoClassLoader - Instrumenting class 'org.apache.log4j.helpers.PatternParser$LiteralPatternConverter'.
09:34:55.220 [Test worker] INFO org.evosuite.runtime.instrumentation.MethodCallReplacementClassAdapter - Adding mock interface to class org/apache/log4j/helpers/PatternParser$LiteralPatternConverter
09:34:55.221 [Test worker] INFO org.evosuite.runtime.instrumentation.CreateClassResetClassAdapter - Creating brand-new static initializer in class org/apache/log4j/helpers/PatternParser$LiteralPatternConverter
09:34:55.221 [Test worker] INFO org.evosuite.runtime.instrumentation.EvoClassLoader - Keeping class: org.apache.log4j.helpers.PatternParser$LiteralPatternConverter
09:34:55.222 [Test worker] INFO org.evosuite.runtime.instrumentation.EvoClassLoader - Seeing class for first time: org.apache.log4j.helpers.PatternParser$CategoryPatternConverter
09:34:55.222 [Test worker] INFO org.evosuite.runtime.instrumentation.EvoClassLoader - Instrumenting class 'org.apache.log4j.helpers.PatternParser$CategoryPatternConverter'.
09:34:55.223 [Test worker] INFO org.evosuite.runtime.instrumentation.MethodCallReplacementClassAdapter - Adding mock interface to class org/apache/log4j/helpers/PatternParser$CategoryPatternConverter
09:34:55.224 [Test worker] INFO org.evosuite.runtime.instrumentation.CreateClassResetClassAdapter - Creating brand-new static initializer in class org/apache/log4j/helpers/PatternParser$CategoryPatternConverter
09:34:55.224 [Test worker] INFO org.evosuite.runtime.instrumentation.EvoClassLoader - Seeing class for first time: org.apache.log4j.helpers.PatternParser$NamedPatternConverter
09:34:55.224 [Test worker] INFO org.evosuite.runtime.instrumentation.EvoClassLoader - Instrumenting class 'org.apache.log4j.helpers.PatternParser$NamedPatternConverter'.
09:34:55.225 [Test worker] INFO org.evosuite.runtime.instrumentation.MethodCallReplacementClassAdapter - Adding mock interface to class org/apache/log4j/helpers/PatternParser$NamedPatternConverter
09:34:55.226 [Test worker] INFO org.evosuite.runtime.instrumentation.CreateClassResetClassAdapter - Creating brand-new static initializer in class org/apache/log4j/helpers/PatternParser$NamedPatternConverter
09:34:55.226 [Test worker] INFO org.evosuite.runtime.instrumentation.EvoClassLoader - Keeping class: org.apache.log4j.helpers.PatternParser$NamedPatternConverter
09:34:55.226 [Test worker] INFO org.evosuite.runtime.instrumentation.EvoClassLoader - Keeping class: org.apache.log4j.helpers.PatternParser$CategoryPatternConverter
09:34:55.227 [Test worker] INFO org.evosuite.runtime.instrumentation.EvoClassLoader - Seeing class for first time: org.apache.log4j.helpers.PatternParser$ClassNamePatternConverter
09:34:55.227 [Test worker] INFO org.evosuite.runtime.instrumentation.EvoClassLoader - Instrumenting class 'org.apache.log4j.helpers.PatternParser$ClassNamePatternConverter'.
09:34:55.228 [Test worker] INFO org.evosuite.runtime.instrumentation.MethodCallReplacementClassAdapter - Adding mock interface to class org/apache/log4j/helpers/PatternParser$ClassNamePatternConverter
09:34:55.228 [Test worker] INFO org.evosuite.runtime.instrumentation.CreateClassResetClassAdapter - Creating brand-new static initializer in class org/apache/log4j/helpers/PatternParser$ClassNamePatternConverter
09:34:55.229 [Test worker] INFO org.evosuite.runtime.instrumentation.EvoClassLoader - Keeping class: org.apache.log4j.helpers.PatternParser$ClassNamePatternConverter
09:34:55.229 [Test worker] INFO org.evosuite.runtime.instrumentation.EvoClassLoader - Seeing class for first time: org.apache.log4j.helpers.ISO8601DateFormat
09:34:55.229 [Test worker] INFO org.evosuite.runtime.instrumentation.EvoClassLoader - Instrumenting class 'org.apache.log4j.helpers.ISO8601DateFormat'.
09:34:55.230 [Test worker] INFO org.evosuite.runtime.instrumentation.MethodCallReplacementClassAdapter - Adding mock interface to class org/apache/log4j/helpers/ISO8601DateFormat
09:34:55.232 [Test worker] INFO org.evosuite.runtime.instrumentation.CreateClassResetClassAdapter - Found static initializer in class org/apache/log4j/helpers/ISO8601DateFormat
09:34:55.232 [Test worker] INFO org.evosuite.runtime.instrumentation.EvoClassLoader - Seeing class for first time: org.apache.log4j.helpers.AbsoluteTimeDateFormat
09:34:55.232 [Test worker] INFO org.evosuite.runtime.instrumentation.EvoClassLoader - Instrumenting class 'org.apache.log4j.helpers.AbsoluteTimeDateFormat'.
09:34:55.233 [Test worker] INFO org.evosuite.runtime.instrumentation.MethodCallReplacementClassAdapter - Adding mock interface to class org/apache/log4j/helpers/AbsoluteTimeDateFormat
09:34:55.235 [Test worker] INFO org.evosuite.runtime.instrumentation.CreateClassResetClassAdapter - Found static initializer in class org/apache/log4j/helpers/AbsoluteTimeDateFormat
09:34:55.235 [Test worker] INFO org.evosuite.runtime.instrumentation.EvoClassLoader - Keeping class: org.apache.log4j.helpers.AbsoluteTimeDateFormat
09:34:55.235 [Test worker] INFO org.evosuite.runtime.instrumentation.EvoClassLoader - Keeping class: org.apache.log4j.helpers.ISO8601DateFormat
09:34:55.236 [Test worker] INFO org.evosuite.runtime.instrumentation.EvoClassLoader - Seeing class for first time: org.apache.log4j.helpers.DateTimeDateFormat
09:34:55.236 [Test worker] INFO org.evosuite.runtime.instrumentation.EvoClassLoader - Instrumenting class 'org.apache.log4j.helpers.DateTimeDateFormat'.
09:34:55.236 [Test worker] INFO org.evosuite.runtime.instrumentation.MethodCallReplacementClassAdapter - Adding mock interface to class org/apache/log4j/helpers/DateTimeDateFormat
09:34:55.237 [Test worker] INFO org.evosuite.runtime.instrumentation.CreateClassResetClassAdapter - Creating brand-new static initializer in class org/apache/log4j/helpers/DateTimeDateFormat
09:34:55.238 [Test worker] INFO org.evosuite.runtime.instrumentation.EvoClassLoader - Keeping class: org.apache.log4j.helpers.DateTimeDateFormat
09:34:55.238 [Test worker] INFO org.evosuite.runtime.instrumentation.EvoClassLoader - Seeing class for first time: org.apache.log4j.helpers.PatternParser$DatePatternConverter
09:34:55.238 [Test worker] INFO org.evosuite.runtime.instrumentation.EvoClassLoader - Instrumenting class 'org.apache.log4j.helpers.PatternParser$DatePatternConverter'.
09:34:55.239 [Test worker] INFO org.evosuite.runtime.instrumentation.MethodCallReplacementClassAdapter - Adding mock interface to class org/apache/log4j/helpers/PatternParser$DatePatternConverter
09:34:55.241 [Test worker] INFO org.evosuite.runtime.instrumentation.CreateClassResetClassAdapter - Creating brand-new static initializer in class org/apache/log4j/helpers/PatternParser$DatePatternConverter
09:34:55.242 [Test worker] INFO org.evosuite.runtime.instrumentation.EvoClassLoader - Keeping class: org.apache.log4j.helpers.PatternParser$DatePatternConverter
09:34:55.242 [Test worker] INFO org.evosuite.runtime.instrumentation.EvoClassLoader - Seeing class for first time: org.apache.log4j.helpers.PatternParser$LocationPatternConverter
09:34:55.242 [Test worker] INFO org.evosuite.runtime.instrumentation.EvoClassLoader - Instrumenting class 'org.apache.log4j.helpers.PatternParser$LocationPatternConverter'.
09:34:55.243 [Test worker] INFO org.evosuite.runtime.instrumentation.MethodCallReplacementClassAdapter - Adding mock interface to class org/apache/log4j/helpers/PatternParser$LocationPatternConverter
09:34:55.244 [Test worker] INFO org.evosuite.runtime.instrumentation.CreateClassResetClassAdapter - Creating brand-new static initializer in class org/apache/log4j/helpers/PatternParser$LocationPatternConverter
09:34:55.244 [Test worker] INFO org.evosuite.runtime.instrumentation.EvoClassLoader - Keeping class: org.apache.log4j.helpers.PatternParser$LocationPatternConverter
09:34:55.244 [Test worker] INFO org.evosuite.runtime.instrumentation.EvoClassLoader - Seeing class for first time: org.apache.log4j.helpers.PatternParser$BasicPatternConverter
09:34:55.244 [Test worker] INFO org.evosuite.runtime.instrumentation.EvoClassLoader - Instrumenting class 'org.apache.log4j.helpers.PatternParser$BasicPatternConverter'.
09:34:55.245 [Test worker] INFO org.evosuite.runtime.instrumentation.MethodCallReplacementClassAdapter - Adding mock interface to class org/apache/log4j/helpers/PatternParser$BasicPatternConverter
09:34:55.246 [Test worker] INFO org.evosuite.runtime.instrumentation.CreateClassResetClassAdapter - Creating brand-new static initializer in class org/apache/log4j/helpers/PatternParser$BasicPatternConverter
09:34:55.246 [Test worker] INFO org.evosuite.runtime.instrumentation.EvoClassLoader - Keeping class: org.apache.log4j.helpers.PatternParser$BasicPatternConverter
09:34:55.246 [Test worker] INFO org.evosuite.runtime.instrumentation.EvoClassLoader - Seeing class for first time: org.apache.log4j.helpers.PatternParser$MDCPatternConverter
09:34:55.246 [Test worker] INFO org.evosuite.runtime.instrumentation.EvoClassLoader - Instrumenting class 'org.apache.log4j.helpers.PatternParser$MDCPatternConverter'.
09:34:55.247 [Test worker] INFO org.evosuite.runtime.instrumentation.MethodCallReplacementClassAdapter - Adding mock interface to class org/apache/log4j/helpers/PatternParser$MDCPatternConverter
09:34:55.248 [Test worker] INFO org.evosuite.runtime.instrumentation.CreateClassResetClassAdapter - Creating brand-new static initializer in class org/apache/log4j/helpers/PatternParser$MDCPatternConverter
09:34:55.248 [Test worker] INFO org.evosuite.runtime.instrumentation.EvoClassLoader - Keeping class: org.apache.log4j.helpers.PatternParser$MDCPatternConverter
09:34:55.249 [Test worker] INFO org.evosuite.runtime.instrumentation.EvoClassLoader - Seeing class for first time: org.apache.log4j.helpers.FormattingInfo
09:34:55.249 [Test worker] INFO org.evosuite.runtime.instrumentation.EvoClassLoader - Instrumenting class 'org.apache.log4j.helpers.FormattingInfo'.
09:34:55.250 [Test worker] INFO org.evosuite.runtime.instrumentation.MethodCallReplacementClassAdapter - Adding mock interface to class org/apache/log4j/helpers/FormattingInfo
09:34:55.251 [Test worker] INFO org.evosuite.runtime.instrumentation.CreateClassResetClassAdapter - Creating brand-new static initializer in class org/apache/log4j/helpers/FormattingInfo
09:34:55.251 [Test worker] INFO org.evosuite.runtime.instrumentation.EvoClassLoader - Keeping class: org.apache.log4j.helpers.FormattingInfo
09:34:55.259 [Test worker] INFO org.evosuite.runtime.instrumentation.EvoClassLoader - Seeing class for first time: org.apache.log4j.helpers.OnlyOnceErrorHandler
09:34:55.259 [Test worker] INFO org.evosuite.runtime.instrumentation.EvoClassLoader - Instrumenting class 'org.apache.log4j.helpers.OnlyOnceErrorHandler'.
09:34:55.260 [Test worker] INFO org.evosuite.runtime.instrumentation.MethodCallReplacementClassAdapter - Adding mock interface to class org/apache/log4j/helpers/OnlyOnceErrorHandler
09:34:55.262 [Test worker] INFO org.evosuite.runtime.instrumentation.CreateClassResetClassAdapter - Creating brand-new static initializer in class org/apache/log4j/helpers/OnlyOnceErrorHandler
09:34:55.262 [Test worker] INFO org.evosuite.runtime.instrumentation.EvoClassLoader - Keeping class: org.apache.log4j.helpers.OnlyOnceErrorHandler
09:34:55.263 [Test worker] INFO org.evosuite.runtime.instrumentation.EvoClassLoader - Seeing class for first time: org.apache.log4j.helpers.QuietWriter
09:34:55.263 [Test worker] INFO org.evosuite.runtime.instrumentation.EvoClassLoader - Instrumenting class 'org.apache.log4j.helpers.QuietWriter'.
09:34:55.264 [Test worker] INFO org.evosuite.runtime.instrumentation.MethodCallReplacementClassAdapter - Adding mock interface to class org/apache/log4j/helpers/QuietWriter
09:34:55.266 [Test worker] INFO org.evosuite.runtime.instrumentation.CreateClassResetClassAdapter - Creating brand-new static initializer in class org/apache/log4j/helpers/QuietWriter
09:34:55.267 [Test worker] INFO org.evosuite.runtime.instrumentation.EvoClassLoader - Keeping class: org.apache.log4j.helpers.QuietWriter
09:34:55.267 [Test worker] INFO org.evosuite.runtime.instrumentation.EvoClassLoader - Seeing class for first time: org.apache.log4j.helpers.AppenderAttachableImpl
09:34:55.268 [Test worker] INFO org.evosuite.runtime.instrumentation.EvoClassLoader - Instrumenting class 'org.apache.log4j.helpers.AppenderAttachableImpl'.
09:34:55.269 [Test worker] INFO org.evosuite.runtime.instrumentation.MethodCallReplacementClassAdapter - Adding mock interface to class org/apache/log4j/helpers/AppenderAttachableImpl
09:34:55.279 [Test worker] INFO org.evosuite.runtime.instrumentation.CreateClassResetClassAdapter - Creating brand-new static initializer in class org/apache/log4j/helpers/AppenderAttachableImpl
09:34:55.280 [Test worker] INFO org.evosuite.runtime.instrumentation.EvoClassLoader - Keeping class: org.apache.log4j.helpers.AppenderAttachableImpl
09:34:55.526 [Test worker] ERROR org.evosuite.runtime.classhandling.ClassStateSupport - Found $jacocoInit in class org.apache.axis.encoding.ser.BaseDeserializerFactory
09:34:55.564 [Test worker] ERROR org.evosuite.runtime.classhandling.ClassStateSupport - Class org.apache.axis.encoding.ser.BaseDeserializerFactory was not instrumented by EvoSuite. This could happen if you are running JUnit tests in a way that is not handled by EvoSuite, in which some classes are loaded be reflection before the tests are run. Consult the EvoSuite documentation for possible workarounds for this issue.
09:34:55.564 [Test worker] ERROR org.evosuite.runtime.classhandling.ClassStateSupport - Class org.apache.log4j.helpers.PatternConverter was not instrumented by EvoSuite. This could happen if you are running JUnit tests in a way that is not handled by EvoSuite, in which some classes are loaded be reflection before the tests are run. Consult the EvoSuite documentation for possible workarounds for this issue.
09:34:55.564 [Test worker] ERROR org.evosuite.runtime.classhandling.ClassStateSupport - Class mygrid.web._AvailableJobsResponse was not instrumented by EvoSuite. This could happen if you are running JUnit tests in a way that is not handled by EvoSuite, in which some classes are loaded be reflection before the tests are run. Consult the EvoSuite documentation for possible workarounds for this issue.
09:34:55.565 [Test worker] ERROR org.evosuite.runtime.classhandling.ClassStateSupport - Class org.apache.log4j.DefaultCategoryFactory was not instrumented by EvoSuite. This could happen if you are running JUnit tests in a way that is not handled by EvoSuite, in which some classes are loaded be reflection before the tests are run. Consult the EvoSuite documentation for possible workarounds for this issue.
09:34:55.565 [Test worker] ERROR org.evosuite.runtime.classhandling.ClassStateSupport - Class org.apache.log4j.helpers.AbsoluteTimeDateFormat was not instrumented by EvoSuite. This could happen if you are running JUnit tests in a way that is not handled by EvoSuite, in which some classes are loaded be reflection before the tests are run. Consult the EvoSuite documentation for possible workarounds for this issue.
09:34:55.565 [Test worker] ERROR org.evosuite.runtime.classhandling.ClassStateSupport - Class org.apache.log4j.AppenderSkeleton was not instrumented by EvoSuite. This could happen if you are running JUnit tests in a way that is not handled by EvoSuite, in which some classes are loaded be reflection before the tests are run. Consult the EvoSuite documentation for possible workarounds for this issue.
09:34:55.565 [Test worker] ERROR org.evosuite.runtime.classhandling.ClassStateSupport - Class org.apache.log4j.or.RendererMap was not instrumented by EvoSuite. This could happen if you are running JUnit tests in a way that is not handled by EvoSuite, in which some classes are loaded be reflection before the tests are run. Consult the EvoSuite documentation for possible workarounds for this issue.
09:34:55.566 [Test worker] ERROR org.evosuite.runtime.classhandling.ClassStateSupport - Class org.apache.axis.description.FieldDesc was not instrumented by EvoSuite. This could happen if you are running JUnit tests in a way that is not handled by EvoSuite, in which some classes are loaded be reflection before the tests are run. Consult the EvoSuite documentation for possible workarounds for this issue.
09:34:55.566 [Test worker] ERROR org.evosuite.runtime.classhandling.ClassStateSupport - Class org.apache.axis.InternalException was not instrumented by EvoSuite. This could happen if you are running JUnit tests in a way that is not handled by EvoSuite, in which some classes are loaded be reflection before the tests are run. Consult the EvoSuite documentation for possible workarounds for this issue.
09:34:55.566 [Test worker] ERROR org.evosuite.runtime.classhandling.ClassStateSupport - Class org.apache.log4j.Logger was not instrumented by EvoSuite. This could happen if you are running JUnit tests in a way that is not handled by EvoSuite, in which some classes are loaded be reflection before the tests are run. Consult the EvoSuite documentation for possible workarounds for this issue.
09:34:55.566 [Test worker] ERROR org.evosuite.runtime.classhandling.ClassStateSupport - Class org.apache.axis.wsdl.fromJava.Types was not instrumented by EvoSuite. This could happen if you are running JUnit tests in a way that is not handled by EvoSuite, in which some classes are loaded be reflection before the tests are run. Consult the EvoSuite documentation for possible workarounds for this issue.
09:34:55.566 [Test worker] ERROR org.evosuite.runtime.classhandling.ClassStateSupport - Class org.apache.log4j.helpers.PatternParser$ClassNamePatternConverter was not instrumented by EvoSuite. This could happen if you are running JUnit tests in a way that is not handled by EvoSuite, in which some classes are loaded be reflection before the tests are run. Consult the EvoSuite documentation for possible workarounds for this issue.
09:34:55.566 [Test worker] ERROR org.evosuite.runtime.classhandling.ClassStateSupport - Class org.apache.log4j.Level was not instrumented by EvoSuite. This could happen if you are running JUnit tests in a way that is not handled by EvoSuite, in which some classes are loaded be reflection before the tests are run. Consult the EvoSuite documentation for possible workarounds for this issue.
09:34:55.567 [Test worker] ERROR org.evosuite.runtime.classhandling.ClassStateSupport - Class org.apache.log4j.helpers.DateTimeDateFormat was not instrumented by EvoSuite. This could happen if you are running JUnit tests in a way that is not handled by EvoSuite, in which some classes are loaded be reflection before the tests are run. Consult the EvoSuite documentation for possible workarounds for this issue.
09:34:55.567 [Test worker] ERROR org.evosuite.runtime.classhandling.ClassStateSupport - Class org.apache.log4j.helpers.PatternParser was not instrumented by EvoSuite. This could happen if you are running JUnit tests in a way that is not handled by EvoSuite, in which some classes are loaded be reflection before the tests are run. Consult the EvoSuite documentation for possible workarounds for this issue.
09:34:55.567 [Test worker] ERROR org.evosuite.runtime.classhandling.ClassStateSupport - Class org.apache.log4j.helpers.QuietWriter was not instrumented by EvoSuite. This could happen if you are running JUnit tests in a way that is not handled by EvoSuite, in which some classes are loaded be reflection before the tests are run. Consult the EvoSuite documentation for possible workarounds for this issue.
09:34:55.567 [Test worker] ERROR org.evosuite.runtime.classhandling.ClassStateSupport - Class org.apache.axis.message.SOAPFault was not instrumented by EvoSuite. This could happen if you are running JUnit tests in a way that is not handled by EvoSuite, in which some classes are loaded be reflection before the tests are run. Consult the EvoSuite documentation for possible workarounds for this issue.
09:34:55.567 [Test worker] ERROR org.evosuite.runtime.classhandling.ClassStateSupport - Class org.apache.log4j.helpers.LogLog was not instrumented by EvoSuite. This could happen if you are running JUnit tests in a way that is not handled by EvoSuite, in which some classes are loaded be reflection before the tests are run. Consult the EvoSuite documentation for possible workarounds for this issue.
09:34:55.567 [Test worker] ERROR org.evosuite.runtime.classhandling.ClassStateSupport - Class org.apache.log4j.Category was not instrumented by EvoSuite. This could happen if you are running JUnit tests in a way that is not handled by EvoSuite, in which some classes are loaded be reflection before the tests are run. Consult the EvoSuite documentation for possible workarounds for this issue.
09:34:55.567 [Test worker] ERROR org.evosuite.runtime.classhandling.ClassStateSupport - Class org.apache.axis.description.TypeDesc was not instrumented by EvoSuite. This could happen if you are running JUnit tests in a way that is not handled by EvoSuite, in which some classes are loaded be reflection before the tests are run. Consult the EvoSuite documentation for possible workarounds for this issue.
09:34:55.568 [Test worker] ERROR org.evosuite.runtime.classhandling.ClassStateSupport - Class org.apache.axis.components.logger.LogFactory$1 was not instrumented by EvoSuite. This could happen if you are running JUnit tests in a way that is not handled by EvoSuite, in which some classes are loaded be reflection before the tests are run. Consult the EvoSuite documentation for possible workarounds for this issue.
09:34:55.568 [Test worker] ERROR org.evosuite.runtime.classhandling.ClassStateSupport - Class org.apache.log4j.spi.RootCategory was not instrumented by EvoSuite. This could happen if you are running JUnit tests in a way that is not handled by EvoSuite, in which some classes are loaded be reflection before the tests are run. Consult the EvoSuite documentation for possible workarounds for this issue.
09:34:55.568 [Test worker] ERROR org.evosuite.runtime.classhandling.ClassStateSupport - Class org.apache.log4j.helpers.ISO8601DateFormat was not instrumented by EvoSuite. This could happen if you are running JUnit tests in a way that is not handled by EvoSuite, in which some classes are loaded be reflection before the tests are run. Consult the EvoSuite documentation for possible workarounds for this issue.
09:34:55.568 [Test worker] ERROR org.evosuite.runtime.classhandling.ClassStateSupport - Class org.apache.axis.message.EnvelopeHandler was not instrumented by EvoSuite. This could happen if you are running JUnit tests in a way that is not handled by EvoSuite, in which some classes are loaded be reflection before the tests are run. Consult the EvoSuite documentation for possible workarounds for this issue.
09:34:55.568 [Test worker] ERROR org.evosuite.runtime.classhandling.ClassStateSupport - Class org.apache.axis.soap.SOAP11Constants was not instrumented by EvoSuite. This could happen if you are running JUnit tests in a way that is not handled by EvoSuite, in which some classes are loaded be reflection before the tests are run. Consult the EvoSuite documentation for possible workarounds for this issue.
09:34:55.568 [Test worker] ERROR org.evosuite.runtime.classhandling.ClassStateSupport - Class org.apache.log4j.helpers.PatternParser$LocationPatternConverter was not instrumented by EvoSuite. This could happen if you are running JUnit tests in a way that is not handled by EvoSuite, in which some classes are loaded be reflection before the tests are run. Consult the EvoSuite documentation for possible workarounds for this issue.
09:34:55.568 [Test worker] ERROR org.evosuite.runtime.classhandling.ClassStateSupport - Class org.apache.log4j.CategoryKey was not instrumented by EvoSuite. This could happen if you are running JUnit tests in a way that is not handled by EvoSuite, in which some classes are loaded be reflection before the tests are run. Consult the EvoSuite documentation for possible workarounds for this issue.
09:34:55.569 [Test worker] ERROR org.evosuite.runtime.classhandling.ClassStateSupport - Class org.apache.log4j.ConsoleAppender was not instrumented by EvoSuite. This could happen if you are running JUnit tests in a way that is not handled by EvoSuite, in which some classes are loaded be reflection before the tests are run. Consult the EvoSuite documentation for possible workarounds for this issue.
09:34:55.569 [Test worker] ERROR org.evosuite.runtime.classhandling.ClassStateSupport - Class org.apache.axis.message.MessageElement was not instrumented by EvoSuite. This could happen if you are running JUnit tests in a way that is not handled by EvoSuite, in which some classes are loaded be reflection before the tests are run. Consult the EvoSuite documentation for possible workarounds for this issue.
09:34:55.569 [Test worker] ERROR org.evosuite.runtime.classhandling.ClassStateSupport - Class org.apache.log4j.helpers.PatternParser$BasicPatternConverter was not instrumented by EvoSuite. This could happen if you are running JUnit tests in a way that is not handled by EvoSuite, in which some classes are loaded be reflection before the tests are run. Consult the EvoSuite documentation for possible workarounds for this issue.
09:34:55.569 [Test worker] ERROR org.evosuite.runtime.classhandling.ClassStateSupport - Class org.apache.axis.encoding.ser.BeanDeserializer was not instrumented by EvoSuite. This could happen if you are running JUnit tests in a way that is not handled by EvoSuite, in which some classes are loaded be reflection before the tests are run. Consult the EvoSuite documentation for possible workarounds for this issue.
09:34:55.569 [Test worker] ERROR org.evosuite.runtime.classhandling.ClassStateSupport - Class org.apache.log4j.WriterAppender was not instrumented by EvoSuite. This could happen if you are running JUnit tests in a way that is not handled by EvoSuite, in which some classes are loaded be reflection before the tests are run. Consult the EvoSuite documentation for possible workarounds for this issue.
09:34:55.569 [Test worker] ERROR org.evosuite.runtime.classhandling.ClassStateSupport - Class org.apache.axis.description.ElementDesc was not instrumented by EvoSuite. This could happen if you are running JUnit tests in a way that is not handled by EvoSuite, in which some classes are loaded be reflection before the tests are run. Consult the EvoSuite documentation for possible workarounds for this issue.
09:34:55.569 [Test worker] ERROR org.evosuite.runtime.classhandling.ClassStateSupport - Class org.apache.log4j.Layout was not instrumented by EvoSuite. This could happen if you are running JUnit tests in a way that is not handled by EvoSuite, in which some classes are loaded be reflection before the tests are run. Consult the EvoSuite documentation for possible workarounds for this issue.
09:34:55.569 [Test worker] ERROR org.evosuite.runtime.classhandling.ClassStateSupport - Class mygrid.web.ArrayOfJob was not instrumented by EvoSuite. This could happen if you are running JUnit tests in a way that is not handled by EvoSuite, in which some classes are loaded be reflection before the tests are run. Consult the EvoSuite documentation for possible workarounds for this issue.
09:34:55.570 [Test worker] ERROR org.evosuite.runtime.classhandling.ClassStateSupport - Class org.apache.log4j.or.DefaultRenderer was not instrumented by EvoSuite. This could happen if you are running JUnit tests in a way that is not handled by EvoSuite, in which some classes are loaded be reflection before the tests are run. Consult the EvoSuite documentation for possible workarounds for this issue.
09:34:55.570 [Test worker] ERROR org.evosuite.runtime.classhandling.ClassStateSupport - Class org.apache.axis.utils.BeanUtils$1 was not instrumented by EvoSuite. This could happen if you are running JUnit tests in a way that is not handled by EvoSuite, in which some classes are loaded be reflection before the tests are run. Consult the EvoSuite documentation for possible workarounds for this issue.
09:34:55.570 [Test worker] ERROR org.evosuite.runtime.classhandling.ClassStateSupport - Class org.apache.axis.encoding.DeserializerImpl was not instrumented by EvoSuite. This could happen if you are running JUnit tests in a way that is not handled by EvoSuite, in which some classes are loaded be reflection before the tests are run. Consult the EvoSuite documentation for possible workarounds for this issue.
09:34:55.570 [Test worker] ERROR org.evosuite.runtime.classhandling.ClassStateSupport - Class org.apache.axis.encoding.SerializationContext was not instrumented by EvoSuite. This could happen if you are running JUnit tests in a way that is not handled by EvoSuite, in which some classes are loaded be reflection before the tests are run. Consult the EvoSuite documentation for possible workarounds for this issue.
09:34:55.570 [Test worker] ERROR org.evosuite.runtime.classhandling.ClassStateSupport - Class org.apache.axis.encoding.DeserializationContext was not instrumented by EvoSuite. This could happen if you are running JUnit tests in a way that is not handled by EvoSuite, in which some classes are loaded be reflection before the tests are run. Consult the EvoSuite documentation for possible workarounds for this issue.
09:34:55.571 [Test worker] ERROR org.evosuite.runtime.classhandling.ClassStateSupport - Class org.apache.log4j.helpers.OnlyOnceErrorHandler was not instrumented by EvoSuite. This could happen if you are running JUnit tests in a way that is not handled by EvoSuite, in which some classes are loaded be reflection before the tests are run. Consult the EvoSuite documentation for possible workarounds for this issue.
09:34:55.571 [Test worker] ERROR org.evosuite.runtime.classhandling.ClassStateSupport - Class org.apache.axis.message.SOAPBodyElement was not instrumented by EvoSuite. This could happen if you are running JUnit tests in a way that is not handled by EvoSuite, in which some classes are loaded be reflection before the tests are run. Consult the EvoSuite documentation for possible workarounds for this issue.
09:34:55.571 [Test worker] ERROR org.evosuite.runtime.classhandling.ClassStateSupport - Class org.apache.log4j.PropertyConfigurator was not instrumented by EvoSuite. This could happen if you are running JUnit tests in a way that is not handled by EvoSuite, in which some classes are loaded be reflection before the tests are run. Consult the EvoSuite documentation for possible workarounds for this issue.
09:34:55.572 [Test worker] ERROR org.evosuite.runtime.classhandling.ClassStateSupport - Class org.apache.log4j.helpers.Loader was not instrumented by EvoSuite. This could happen if you are running JUnit tests in a way that is not handled by EvoSuite, in which some classes are loaded be reflection before the tests are run. Consult the EvoSuite documentation for possible workarounds for this issue.
09:34:55.572 [Test worker] ERROR org.evosuite.runtime.classhandling.ClassStateSupport - Class org.apache.log4j.ProvisionNode was not instrumented by EvoSuite. This could happen if you are running JUnit tests in a way that is not handled by EvoSuite, in which some classes are loaded be reflection before the tests are run. Consult the EvoSuite documentation for possible workarounds for this issue.
09:34:55.572 [Test worker] ERROR org.evosuite.runtime.classhandling.ClassStateSupport - Class org.apache.axis.encoding.ser.BeanDeserializerFactory was not instrumented by EvoSuite. This could happen if you are running JUnit tests in a way that is not handled by EvoSuite, in which some classes are loaded be reflection before the tests are run. Consult the EvoSuite documentation for possible workarounds for this issue.
09:34:55.572 [Test worker] ERROR org.evosuite.runtime.classhandling.ClassStateSupport - Class org.apache.log4j.Hierarchy was not instrumented by EvoSuite. This could happen if you are running JUnit tests in a way that is not handled by EvoSuite, in which some classes are loaded be reflection before the tests are run. Consult the EvoSuite documentation for possible workarounds for this issue.
09:34:55.572 [Test worker] ERROR org.evosuite.runtime.classhandling.ClassStateSupport - Class org.apache.log4j.helpers.PatternParser$NamedPatternConverter was not instrumented by EvoSuite. This could happen if you are running JUnit tests in a way that is not handled by EvoSuite, in which some classes are loaded be reflection before the tests are run. Consult the EvoSuite documentation for possible workarounds for this issue.
09:34:55.572 [Test worker] ERROR org.evosuite.runtime.classhandling.ClassStateSupport - Class org.apache.axis.AxisFault was not instrumented by EvoSuite. This could happen if you are running JUnit tests in a way that is not handled by EvoSuite, in which some classes are loaded be reflection before the tests are run. Consult the EvoSuite documentation for possible workarounds for this issue.
09:34:55.572 [Test worker] ERROR org.evosuite.runtime.classhandling.ClassStateSupport - Class org.apache.log4j.helpers.PatternParser$CategoryPatternConverter was not instrumented by EvoSuite. This could happen if you are running JUnit tests in a way that is not handled by EvoSuite, in which some classes are loaded be reflection before the tests are run. Consult the EvoSuite documentation for possible workarounds for this issue.
09:34:55.573 [Test worker] ERROR org.evosuite.runtime.classhandling.ClassStateSupport - Class org.apache.commons.logging.impl.Log4jFactory was not instrumented by EvoSuite. This could happen if you are running JUnit tests in a way that is not handled by EvoSuite, in which some classes are loaded be reflection before the tests are run. Consult the EvoSuite documentation for possible workarounds for this issue.
09:34:55.573 [Test worker] ERROR org.evosuite.runtime.classhandling.ClassStateSupport - Class org.apache.commons.logging.impl.Log4JCategoryLog was not instrumented by EvoSuite. This could happen if you are running JUnit tests in a way that is not handled by EvoSuite, in which some classes are loaded be reflection before the tests are run. Consult the EvoSuite documentation for possible workarounds for this issue.
09:34:55.573 [Test worker] ERROR org.evosuite.runtime.classhandling.ClassStateSupport - Class org.apache.axis.encoding.ser.BeanSerializer was not instrumented by EvoSuite. This could happen if you are running JUnit tests in a way that is not handled by EvoSuite, in which some classes are loaded be reflection before the tests are run. Consult the EvoSuite documentation for possible workarounds for this issue.
09:34:55.573 [Test worker] ERROR org.evosuite.runtime.classhandling.ClassStateSupport - Class mygrid.web.Job was not instrumented by EvoSuite. This could happen if you are running JUnit tests in a way that is not handled by EvoSuite, in which some classes are loaded be reflection before the tests are run. Consult the EvoSuite documentation for possible workarounds for this issue.
09:34:55.573 [Test worker] ERROR org.evosuite.runtime.classhandling.ClassStateSupport - Class org.apache.log4j.helpers.NullEnumeration was not instrumented by EvoSuite. This could happen if you are running JUnit tests in a way that is not handled by EvoSuite, in which some classes are loaded be reflection before the tests are run. Consult the EvoSuite documentation for possible workarounds for this issue.
09:34:55.573 [Test worker] ERROR org.evosuite.runtime.classhandling.ClassStateSupport - Class org.apache.log4j.helpers.PatternParser$LiteralPatternConverter was not instrumented by EvoSuite. This could happen if you are running JUnit tests in a way that is not handled by EvoSuite, in which some classes are loaded be reflection before the tests are run. Consult the EvoSuite documentation for possible workarounds for this issue.
09:34:55.574 [Test worker] ERROR org.evosuite.runtime.classhandling.ClassStateSupport - Class org.apache.axis.message.NodeImpl was not instrumented by EvoSuite. This could happen if you are running JUnit tests in a way that is not handled by EvoSuite, in which some classes are loaded be reflection before the tests are run. Consult the EvoSuite documentation for possible workarounds for this issue.
09:34:55.574 [Test worker] ERROR org.evosuite.runtime.classhandling.ClassStateSupport - Class org.apache.axis.utils.BeanPropertyDescriptor was not instrumented by EvoSuite. This could happen if you are running JUnit tests in a way that is not handled by EvoSuite, in which some classes are loaded be reflection before the tests are run. Consult the EvoSuite documentation for possible workarounds for this issue.
09:34:55.574 [Test worker] ERROR org.evosuite.runtime.classhandling.ClassStateSupport - Class org.apache.log4j.spi.DefaultRepositorySelector was not instrumented by EvoSuite. This could happen if you are running JUnit tests in a way that is not handled by EvoSuite, in which some classes are loaded be reflection before the tests are run. Consult the EvoSuite documentation for possible workarounds for this issue.
09:34:55.574 [Test worker] ERROR org.evosuite.runtime.classhandling.ClassStateSupport - Class org.apache.axis.components.logger.LogFactory was not instrumented by EvoSuite. This could happen if you are running JUnit tests in a way that is not handled by EvoSuite, in which some classes are loaded be reflection before the tests are run. Consult the EvoSuite documentation for possible workarounds for this issue.
09:34:55.575 [Test worker] ERROR org.evosuite.runtime.classhandling.ClassStateSupport - Class org.apache.axis.message.SOAPHandler was not instrumented by EvoSuite. This could happen if you are running JUnit tests in a way that is not handled by EvoSuite, in which some classes are loaded be reflection before the tests are run. Consult the EvoSuite documentation for possible workarounds for this issue.
09:34:55.575 [Test worker] ERROR org.evosuite.runtime.classhandling.ClassStateSupport - Class org.apache.log4j.helpers.PatternParser$DatePatternConverter was not instrumented by EvoSuite. This could happen if you are running JUnit tests in a way that is not handled by EvoSuite, in which some classes are loaded be reflection before the tests are run. Consult the EvoSuite documentation for possible workarounds for this issue.
09:34:55.575 [Test worker] ERROR org.evosuite.runtime.classhandling.ClassStateSupport - Class org.apache.log4j.helpers.PatternParser$MDCPatternConverter was not instrumented by EvoSuite. This could happen if you are running JUnit tests in a way that is not handled by EvoSuite, in which some classes are loaded be reflection before the tests are run. Consult the EvoSuite documentation for possible workarounds for this issue.
09:34:55.575 [Test worker] ERROR org.evosuite.runtime.classhandling.ClassStateSupport - Class org.apache.axis.utils.BeanUtils was not instrumented by EvoSuite. This could happen if you are running JUnit tests in a way that is not handled by EvoSuite, in which some classes are loaded be reflection before the tests are run. Consult the EvoSuite documentation for possible workarounds for this issue.
09:34:55.575 [Test worker] ERROR org.evosuite.runtime.classhandling.ClassStateSupport - Class org.apache.log4j.Priority was not instrumented by EvoSuite. This could happen if you are running JUnit tests in a way that is not handled by EvoSuite, in which some classes are loaded be reflection before the tests are run. Consult the EvoSuite documentation for possible workarounds for this issue.
09:34:55.575 [Test worker] ERROR org.evosuite.runtime.classhandling.ClassStateSupport - Class org.apache.log4j.PatternLayout was not instrumented by EvoSuite. This could happen if you are running JUnit tests in a way that is not handled by EvoSuite, in which some classes are loaded be reflection before the tests are run. Consult the EvoSuite documentation for possible workarounds for this issue.
09:34:55.575 [Test worker] ERROR org.evosuite.runtime.classhandling.ClassStateSupport - Class org.apache.log4j.helpers.AppenderAttachableImpl was not instrumented by EvoSuite. This could happen if you are running JUnit tests in a way that is not handled by EvoSuite, in which some classes are loaded be reflection before the tests are run. Consult the EvoSuite documentation for possible workarounds for this issue.
09:34:55.576 [Test worker] ERROR org.evosuite.runtime.classhandling.ClassStateSupport - Class org.apache.log4j.LogManager was not instrumented by EvoSuite. This could happen if you are running JUnit tests in a way that is not handled by EvoSuite, in which some classes are loaded be reflection before the tests are run. Consult the EvoSuite documentation for possible workarounds for this issue.
09:34:55.576 [Test worker] ERROR org.evosuite.runtime.classhandling.ClassStateSupport - Class org.apache.log4j.helpers.OptionConverter was not instrumented by EvoSuite. This could happen if you are running JUnit tests in a way that is not handled by EvoSuite, in which some classes are loaded be reflection before the tests are run. Consult the EvoSuite documentation for possible workarounds for this issue.
09:34:55.576 [Test worker] ERROR org.evosuite.runtime.classhandling.ClassStateSupport - Class org.apache.log4j.helpers.FormattingInfo was not instrumented by EvoSuite. This could happen if you are running JUnit tests in a way that is not handled by EvoSuite, in which some classes are loaded be reflection before the tests are run. Consult the EvoSuite documentation for possible workarounds for this issue.
09:34:55.576 [Test worker] ERROR org.evosuite.runtime.classhandling.ClassStateSupport - Class org.apache.axis.encoding.ser.BaseFactory was not instrumented by EvoSuite. This could happen if you are running JUnit tests in a way that is not handled by EvoSuite, in which some classes are loaded be reflection before the tests are run. Consult the EvoSuite documentation for possible workarounds for this issue.
09:34:55.633 [Test worker] INFO org.evosuite.runtime.thread.ThreadStopper - Found new thread
09:34:58.604 [Test worker] INFO org.evosuite.runtime.thread.ThreadStopper - Thread is still alive: junit-jupiter-timeout-watcher
09:34:58.610 [Test worker] DEBUG org.evosuite.runtime.classhandling.ClassResetter - __STATIC_RESET() method does not exists in class org.apache.axis.description.TypeDesc
09:34:58.611 [Test worker] DEBUG org.evosuite.runtime.classhandling.ClassResetter - __STATIC_RESET() method does not exists in class org.apache.axis.description.FieldDesc
09:34:58.612 [Test worker] DEBUG org.evosuite.runtime.classhandling.ClassResetter - __STATIC_RESET() method does not exists in class org.apache.axis.description.ElementDesc
09:34:58.613 [Test worker] DEBUG org.evosuite.runtime.classhandling.ClassResetter - __STATIC_RESET() method does not exists in class mygrid.web._AvailableJobsResponse
09:34:58.614 [Test worker] DEBUG org.evosuite.runtime.classhandling.ClassResetter - __STATIC_RESET() method does not exists in class org.apache.axis.message.SOAPHandler
09:34:58.614 [Test worker] DEBUG org.evosuite.runtime.classhandling.ClassResetter - __STATIC_RESET() method does not exists in class org.apache.axis.components.logger.LogFactory$1
09:34:58.615 [Test worker] DEBUG org.evosuite.runtime.classhandling.ClassResetter - __STATIC_RESET() method does not exists in class org.apache.commons.logging.impl.Log4jFactory
09:34:58.615 [Test worker] DEBUG org.evosuite.runtime.classhandling.ClassResetter - __STATIC_RESET() method does not exists in class org.apache.axis.components.logger.LogFactory
09:34:58.616 [Test worker] DEBUG org.evosuite.runtime.classhandling.ClassResetter - __STATIC_RESET() method does not exists in class org.apache.commons.logging.impl.Log4JCategoryLog
09:34:58.617 [Test worker] DEBUG org.evosuite.runtime.classhandling.ClassResetter - __STATIC_RESET() method does not exists in class org.apache.log4j.Category
09:34:58.617 [Test worker] DEBUG org.evosuite.runtime.classhandling.ClassResetter - __STATIC_RESET() method does not exists in class org.apache.log4j.Hierarchy
09:34:58.618 [Test worker] DEBUG org.evosuite.runtime.classhandling.ClassResetter - __STATIC_RESET() method does not exists in class org.apache.log4j.Priority
09:34:58.618 [Test worker] DEBUG org.evosuite.runtime.classhandling.ClassResetter - __STATIC_RESET() method does not exists in class org.apache.log4j.Level
09:34:58.618 [Test worker] DEBUG org.evosuite.runtime.classhandling.ClassResetter - __STATIC_RESET() method does not exists in class org.apache.log4j.Logger
09:34:58.619 [Test worker] DEBUG org.evosuite.runtime.classhandling.ClassResetter - __STATIC_RESET() method does not exists in class org.apache.log4j.spi.RootCategory
09:34:58.619 [Test worker] DEBUG org.evosuite.runtime.classhandling.ClassResetter - __STATIC_RESET() method does not exists in class org.apache.log4j.or.DefaultRenderer
09:34:58.619 [Test worker] DEBUG org.evosuite.runtime.classhandling.ClassResetter - __STATIC_RESET() method does not exists in class org.apache.log4j.or.RendererMap
09:34:58.620 [Test worker] DEBUG org.evosuite.runtime.classhandling.ClassResetter - __STATIC_RESET() method does not exists in class org.apache.log4j.DefaultCategoryFactory
09:34:58.620 [Test worker] DEBUG org.evosuite.runtime.classhandling.ClassResetter - __STATIC_RESET() method does not exists in class org.apache.log4j.spi.DefaultRepositorySelector
09:34:58.621 [Test worker] DEBUG org.evosuite.runtime.classhandling.ClassResetter - __STATIC_RESET() method does not exists in class org.apache.log4j.helpers.OptionConverter
09:34:58.621 [Test worker] DEBUG org.evosuite.runtime.classhandling.ClassResetter - __STATIC_RESET() method does not exists in class org.apache.log4j.helpers.Loader
09:34:58.621 [Test worker] DEBUG org.evosuite.runtime.classhandling.ClassResetter - __STATIC_RESET() method does not exists in class org.apache.log4j.helpers.LogLog
09:34:58.622 [Test worker] DEBUG org.evosuite.runtime.classhandling.ClassResetter - __STATIC_RESET() method does not exists in class org.apache.log4j.PropertyConfigurator
09:34:58.622 [Test worker] DEBUG org.evosuite.runtime.classhandling.ClassResetter - __STATIC_RESET() method does not exists in class org.apache.log4j.LogManager
09:34:58.623 [Test worker] DEBUG org.evosuite.runtime.classhandling.ClassResetter - __STATIC_RESET() method does not exists in class org.apache.log4j.CategoryKey
09:34:58.623 [Test worker] DEBUG org.evosuite.runtime.classhandling.ClassResetter - __STATIC_RESET() method does not exists in class org.apache.log4j.ProvisionNode
09:34:58.624 [Test worker] DEBUG org.evosuite.runtime.classhandling.ClassResetter - __STATIC_RESET() method does not exists in class org.apache.log4j.helpers.NullEnumeration
09:34:58.624 [Test worker] DEBUG org.evosuite.runtime.classhandling.ClassResetter - __STATIC_RESET() method does not exists in class org.apache.log4j.AppenderSkeleton
09:34:58.624 [Test worker] DEBUG org.evosuite.runtime.classhandling.ClassResetter - __STATIC_RESET() method does not exists in class org.apache.log4j.WriterAppender
09:34:58.625 [Test worker] DEBUG org.evosuite.runtime.classhandling.ClassResetter - __STATIC_RESET() method does not exists in class org.apache.log4j.ConsoleAppender
09:34:58.625 [Test worker] DEBUG org.evosuite.runtime.classhandling.ClassResetter - __STATIC_RESET() method does not exists in class org.apache.log4j.Layout
09:34:58.626 [Test worker] DEBUG org.evosuite.runtime.classhandling.ClassResetter - __STATIC_RESET() method does not exists in class org.apache.log4j.PatternLayout
09:34:58.626 [Test worker] DEBUG org.evosuite.runtime.classhandling.ClassResetter - __STATIC_RESET() method does not exists in class org.apache.log4j.helpers.PatternParser
09:34:58.627 [Test worker] DEBUG org.evosuite.runtime.classhandling.ClassResetter - __STATIC_RESET() method does not exists in class org.apache.log4j.helpers.FormattingInfo
09:34:58.627 [Test worker] DEBUG org.evosuite.runtime.classhandling.ClassResetter - __STATIC_RESET() method does not exists in class org.apache.log4j.helpers.PatternConverter
09:34:58.627 [Test worker] DEBUG org.evosuite.runtime.classhandling.ClassResetter - __STATIC_RESET() method does not exists in class org.apache.log4j.helpers.PatternParser$BasicPatternConverter
09:34:58.628 [Test worker] DEBUG org.evosuite.runtime.classhandling.ClassResetter - __STATIC_RESET() method does not exists in class org.apache.log4j.helpers.PatternParser$LiteralPatternConverter
09:34:58.628 [Test worker] DEBUG org.evosuite.runtime.classhandling.ClassResetter - __STATIC_RESET() method does not exists in class org.apache.log4j.helpers.PatternParser$NamedPatternConverter
09:34:58.628 [Test worker] DEBUG org.evosuite.runtime.classhandling.ClassResetter - __STATIC_RESET() method does not exists in class org.apache.log4j.helpers.PatternParser$CategoryPatternConverter
09:34:58.628 [Test worker] DEBUG org.evosuite.runtime.classhandling.ClassResetter - __STATIC_RESET() method does not exists in class org.apache.log4j.helpers.OnlyOnceErrorHandler
09:34:58.629 [Test worker] DEBUG org.evosuite.runtime.classhandling.ClassResetter - __STATIC_RESET() method does not exists in class org.apache.log4j.helpers.QuietWriter
09:34:58.629 [Test worker] DEBUG org.evosuite.runtime.classhandling.ClassResetter - __STATIC_RESET() method does not exists in class org.apache.log4j.helpers.AppenderAttachableImpl
09:34:58.629 [Test worker] DEBUG org.evosuite.runtime.classhandling.ClassResetter - __STATIC_RESET() method does not exists in class org.apache.axis.encoding.DeserializerImpl
09:34:58.629 [Test worker] DEBUG org.evosuite.runtime.classhandling.ClassResetter - __STATIC_RESET() method does not exists in class org.apache.axis.encoding.ser.BeanDeserializer
09:34:58.630 [Test worker] DEBUG org.evosuite.runtime.classhandling.ClassResetter - __STATIC_RESET() method does not exists in class org.apache.axis.encoding.ser.BaseFactory
09:34:58.630 [Test worker] DEBUG org.evosuite.runtime.classhandling.ClassResetter - __STATIC_RESET() method does not exists in class org.apache.axis.encoding.ser.BaseDeserializerFactory
09:34:58.630 [Test worker] DEBUG org.evosuite.runtime.classhandling.ClassResetter - __STATIC_RESET() method does not exists in class org.apache.axis.encoding.ser.BeanDeserializerFactory
09:34:58.630 [Test worker] DEBUG org.evosuite.runtime.classhandling.ClassResetter - __STATIC_RESET() method does not exists in class org.apache.axis.utils.BeanUtils
09:34:58.631 [Test worker] DEBUG org.evosuite.runtime.classhandling.ClassResetter - __STATIC_RESET() method does not exists in class org.apache.axis.utils.BeanUtils$1
09:34:58.631 [Test worker] DEBUG org.evosuite.runtime.classhandling.ClassResetter - __STATIC_RESET() method does not exists in class org.apache.axis.AxisFault
09:34:58.631 [Test worker] DEBUG org.evosuite.runtime.classhandling.ClassResetter - __STATIC_RESET() method does not exists in class org.apache.axis.utils.BeanPropertyDescriptor
09:34:58.631 [Test worker] DEBUG org.evosuite.runtime.classhandling.ClassResetter - __STATIC_RESET() method does not exists in class org.apache.axis.encoding.ser.BeanSerializer
09:34:58.632 [Test worker] DEBUG org.evosuite.runtime.classhandling.ClassResetter - __STATIC_RESET() method does not exists in class mygrid.web.ArrayOfJob
09:34:58.632 [Test worker] DEBUG org.evosuite.runtime.classhandling.ClassResetter - __STATIC_RESET() method does not exists in class mygrid.web.Job
09:34:58.634 [Test worker] DEBUG org.evosuite.runtime.classhandling.ClassResetter - __STATIC_RESET() method does not exists in class mygrid.web.Processor
09:34:58.635 [Test worker] DEBUG org.evosuite.runtime.classhandling.ClassResetter - __STATIC_RESET() method does not exists in class mygrid.web.ArrayOfContextElement
09:34:58.636 [Test worker] DEBUG org.evosuite.runtime.classhandling.ClassResetter - __STATIC_RESET() method does not exists in class mygrid.web.ContextElement
09:34:58.638 [Test worker] DEBUG org.evosuite.runtime.classhandling.ClassResetter - __STATIC_RESET() method does not exists in class mygrid.web.Discriminator
09:34:58.642 [Test worker] DEBUG org.evosuite.runtime.classhandling.ClassResetter - __STATIC_RESET() method does not exists in class mygrid.web.ArrayOfString
09:34:58.644 [Test worker] DEBUG org.evosuite.runtime.classhandling.ClassResetter - __STATIC_RESET() method does not exists in class mygrid.web.Dependency
09:34:58.645 [Test worker] DEBUG org.evosuite.runtime.classhandling.ClassResetter - __STATIC_RESET() method does not exists in class mygrid.web.ArrayOfDependency
09:34:58.645 [Test worker] DEBUG org.evosuite.runtime.classhandling.ClassResetter - __STATIC_RESET() method does not exists in class mygrid.web.GridJobStatus
09:34:58.664 [Test worker] DEBUG org.evosuite.runtime.classhandling.ClassResetter - __STATIC_RESET() method does not exists in class org.apache.axis.description.TypeDesc
09:34:58.665 [Test worker] DEBUG org.evosuite.runtime.classhandling.ClassResetter - __STATIC_RESET() method does not exists in class org.apache.axis.description.FieldDesc
09:34:58.665 [Test worker] DEBUG org.evosuite.runtime.classhandling.ClassResetter - __STATIC_RESET() method does not exists in class org.apache.axis.description.ElementDesc
09:34:58.665 [Test worker] DEBUG org.evosuite.runtime.classhandling.ClassResetter - __STATIC_RESET() method does not exists in class mygrid.web._AvailableJobsResponse
09:34:58.666 [Test worker] DEBUG org.evosuite.runtime.classhandling.ClassResetter - __STATIC_RESET() method does not exists in class org.apache.axis.message.SOAPHandler
09:34:58.666 [Test worker] DEBUG org.evosuite.runtime.classhandling.ClassResetter - __STATIC_RESET() method does not exists in class org.apache.axis.components.logger.LogFactory$1
09:34:58.666 [Test worker] DEBUG org.evosuite.runtime.classhandling.ClassResetter - __STATIC_RESET() method does not exists in class org.apache.commons.logging.impl.Log4jFactory
09:34:58.667 [Test worker] DEBUG org.evosuite.runtime.classhandling.ClassResetter - __STATIC_RESET() method does not exists in class org.apache.axis.components.logger.LogFactory
09:34:58.667 [Test worker] DEBUG org.evosuite.runtime.classhandling.ClassResetter - __STATIC_RESET() method does not exists in class org.apache.commons.logging.impl.Log4JCategoryLog
09:34:58.668 [Test worker] DEBUG org.evosuite.runtime.classhandling.ClassResetter - __STATIC_RESET() method does not exists in class org.apache.log4j.Category
09:34:58.668 [Test worker] DEBUG org.evosuite.runtime.classhandling.ClassResetter - __STATIC_RESET() method does not exists in class org.apache.log4j.Hierarchy
09:34:58.668 [Test worker] DEBUG org.evosuite.runtime.classhandling.ClassResetter - __STATIC_RESET() method does not exists in class org.apache.log4j.Priority
09:34:58.669 [Test worker] DEBUG org.evosuite.runtime.classhandling.ClassResetter - __STATIC_RESET() method does not exists in class org.apache.log4j.Level
09:34:58.669 [Test worker] DEBUG org.evosuite.runtime.classhandling.ClassResetter - __STATIC_RESET() method does not exists in class org.apache.log4j.Logger
09:34:58.669 [Test worker] DEBUG org.evosuite.runtime.classhandling.ClassResetter - __STATIC_RESET() method does not exists in class org.apache.log4j.spi.RootCategory
09:34:58.670 [Test worker] DEBUG org.evosuite.runtime.classhandling.ClassResetter - __STATIC_RESET() method does not exists in class org.apache.log4j.or.DefaultRenderer
09:34:58.670 [Test worker] DEBUG org.evosuite.runtime.classhandling.ClassResetter - __STATIC_RESET() method does not exists in class org.apache.log4j.or.RendererMap
09:34:58.671 [Test worker] DEBUG org.evosuite.runtime.classhandling.ClassResetter - __STATIC_RESET() method does not exists in class org.apache.log4j.DefaultCategoryFactory
09:34:58.671 [Test worker] DEBUG org.evosuite.runtime.classhandling.ClassResetter - __STATIC_RESET() method does not exists in class org.apache.log4j.spi.DefaultRepositorySelector
09:34:58.671 [Test worker] DEBUG org.evosuite.runtime.classhandling.ClassResetter - __STATIC_RESET() method does not exists in class org.apache.log4j.helpers.OptionConverter
09:34:58.672 [Test worker] DEBUG org.evosuite.runtime.classhandling.ClassResetter - __STATIC_RESET() method does not exists in class org.apache.log4j.helpers.Loader
09:34:58.672 [Test worker] DEBUG org.evosuite.runtime.classhandling.ClassResetter - __STATIC_RESET() method does not exists in class org.apache.log4j.helpers.LogLog
09:34:58.673 [Test worker] DEBUG org.evosuite.runtime.classhandling.ClassResetter - __STATIC_RESET() method does not exists in class org.apache.log4j.PropertyConfigurator
09:34:58.673 [Test worker] DEBUG org.evosuite.runtime.classhandling.ClassResetter - __STATIC_RESET() method does not exists in class org.apache.log4j.LogManager
09:34:58.673 [Test worker] DEBUG org.evosuite.runtime.classhandling.ClassResetter - __STATIC_RESET() method does not exists in class org.apache.log4j.CategoryKey
09:34:58.674 [Test worker] DEBUG org.evosuite.runtime.classhandling.ClassResetter - __STATIC_RESET() method does not exists in class org.apache.log4j.ProvisionNode
09:34:58.674 [Test worker] DEBUG org.evosuite.runtime.classhandling.ClassResetter - __STATIC_RESET() method does not exists in class org.apache.log4j.helpers.NullEnumeration
09:34:58.674 [Test worker] DEBUG org.evosuite.runtime.classhandling.ClassResetter - __STATIC_RESET() method does not exists in class org.apache.log4j.AppenderSkeleton
09:34:58.675 [Test worker] DEBUG org.evosuite.runtime.classhandling.ClassResetter - __STATIC_RESET() method does not exists in class org.apache.log4j.WriterAppender
09:34:58.675 [Test worker] DEBUG org.evosuite.runtime.classhandling.ClassResetter - __STATIC_RESET() method does not exists in class org.apache.log4j.ConsoleAppender
09:34:58.676 [Test worker] DEBUG org.evosuite.runtime.classhandling.ClassResetter - __STATIC_RESET() method does not exists in class org.apache.log4j.Layout
09:34:58.676 [Test worker] DEBUG org.evosuite.runtime.classhandling.ClassResetter - __STATIC_RESET() method does not exists in class org.apache.log4j.PatternLayout
09:34:58.676 [Test worker] DEBUG org.evosuite.runtime.classhandling.ClassResetter - __STATIC_RESET() method does not exists in class org.apache.log4j.helpers.PatternParser
09:34:58.677 [Test worker] DEBUG org.evosuite.runtime.classhandling.ClassResetter - __STATIC_RESET() method does not exists in class org.apache.log4j.helpers.FormattingInfo
09:34:58.677 [Test worker] DEBUG org.evosuite.runtime.classhandling.ClassResetter - __STATIC_RESET() method does not exists in class org.apache.log4j.helpers.PatternConverter
09:34:58.677 [Test worker] DEBUG org.evosuite.runtime.classhandling.ClassResetter - __STATIC_RESET() method does not exists in class org.apache.log4j.helpers.PatternParser$BasicPatternConverter
09:34:58.678 [Test worker] DEBUG org.evosuite.runtime.classhandling.ClassResetter - __STATIC_RESET() method does not exists in class org.apache.log4j.helpers.PatternParser$LiteralPatternConverter
09:34:58.678 [Test worker] DEBUG org.evosuite.runtime.classhandling.ClassResetter - __STATIC_RESET() method does not exists in class org.apache.log4j.helpers.PatternParser$NamedPatternConverter
09:34:58.678 [Test worker] DEBUG org.evosuite.runtime.classhandling.ClassResetter - __STATIC_RESET() method does not exists in class org.apache.log4j.helpers.PatternParser$CategoryPatternConverter
09:34:58.679 [Test worker] DEBUG org.evosuite.runtime.classhandling.ClassResetter - __STATIC_RESET() method does not exists in class org.apache.log4j.helpers.OnlyOnceErrorHandler
09:34:58.679 [Test worker] DEBUG org.evosuite.runtime.classhandling.ClassResetter - __STATIC_RESET() method does not exists in class org.apache.log4j.helpers.QuietWriter
09:34:58.679 [Test worker] DEBUG org.evosuite.runtime.classhandling.ClassResetter - __STATIC_RESET() method does not exists in class org.apache.log4j.helpers.AppenderAttachableImpl
09:34:58.680 [Test worker] DEBUG org.evosuite.runtime.classhandling.ClassResetter - __STATIC_RESET() method does not exists in class org.apache.axis.encoding.DeserializerImpl
09:34:58.680 [Test worker] DEBUG org.evosuite.runtime.classhandling.ClassResetter - __STATIC_RESET() method does not exists in class org.apache.axis.encoding.ser.BeanDeserializer
09:34:58.680 [Test worker] DEBUG org.evosuite.runtime.classhandling.ClassResetter - __STATIC_RESET() method does not exists in class org.apache.axis.encoding.ser.BaseFactory
09:34:58.681 [Test worker] DEBUG org.evosuite.runtime.classhandling.ClassResetter - __STATIC_RESET() method does not exists in class org.apache.axis.encoding.ser.BaseDeserializerFactory
09:34:58.681 [Test worker] DEBUG org.evosuite.runtime.classhandling.ClassResetter - __STATIC_RESET() method does not exists in class org.apache.axis.encoding.ser.BeanDeserializerFactory
09:34:58.682 [Test worker] DEBUG org.evosuite.runtime.classhandling.ClassResetter - __STATIC_RESET() method does not exists in class org.apache.axis.utils.BeanUtils
09:34:58.682 [Test worker] DEBUG org.evosuite.runtime.classhandling.ClassResetter - __STATIC_RESET() method does not exists in class org.apache.axis.utils.BeanUtils$1
09:34:58.682 [Test worker] DEBUG org.evosuite.runtime.classhandling.ClassResetter - __STATIC_RESET() method does not exists in class org.apache.axis.AxisFault
09:34:58.683 [Test worker] DEBUG org.evosuite.runtime.classhandling.ClassResetter - __STATIC_RESET() method does not exists in class org.apache.axis.utils.BeanPropertyDescriptor
09:34:58.683 [Test worker] DEBUG org.evosuite.runtime.classhandling.ClassResetter - __STATIC_RESET() method does not exists in class org.apache.axis.encoding.ser.BeanSerializer
09:34:58.683 [Test worker] DEBUG org.evosuite.runtime.classhandling.ClassResetter - __STATIC_RESET() method does not exists in class mygrid.web.ArrayOfJob
09:34:58.684 [Test worker] DEBUG org.evosuite.runtime.classhandling.ClassResetter - __STATIC_RESET() method does not exists in class mygrid.web.Job
09:34:58.684 [Test worker] DEBUG org.evosuite.runtime.classhandling.ClassResetter - __STATIC_RESET() method does not exists in class mygrid.web.Processor
09:34:58.684 [Test worker] DEBUG org.evosuite.runtime.classhandling.ClassResetter - __STATIC_RESET() method does not exists in class mygrid.web.ArrayOfContextElement
09:34:58.685 [Test worker] DEBUG org.evosuite.runtime.classhandling.ClassResetter - __STATIC_RESET() method does not exists in class mygrid.web.ContextElement
09:34:58.685 [Test worker] DEBUG org.evosuite.runtime.classhandling.ClassResetter - __STATIC_RESET() method does not exists in class mygrid.web.Discriminator
09:34:58.685 [Test worker] DEBUG org.evosuite.runtime.classhandling.ClassResetter - __STATIC_RESET() method does not exists in class mygrid.web.ArrayOfString
09:34:58.686 [Test worker] DEBUG org.evosuite.runtime.classhandling.ClassResetter - __STATIC_RESET() method does not exists in class mygrid.web.Dependency
09:34:58.686 [Test worker] DEBUG org.evosuite.runtime.classhandling.ClassResetter - __STATIC_RESET() method does not exists in class mygrid.web.ArrayOfDependency
09:34:58.686 [Test worker] DEBUG org.evosuite.runtime.classhandling.ClassResetter - __STATIC_RESET() method does not exists in class mygrid.web.GridJobStatus
09:34:58.695 [Test worker] DEBUG org.evosuite.runtime.classhandling.ClassResetter - __STATIC_RESET() method does not exists in class org.apache.axis.description.TypeDesc
09:34:58.696 [Test worker] DEBUG org.evosuite.runtime.classhandling.ClassResetter - __STATIC_RESET() method does not exists in class org.apache.axis.description.FieldDesc
09:34:58.696 [Test worker] DEBUG org.evosuite.runtime.classhandling.ClassResetter - __STATIC_RESET() method does not exists in class org.apache.axis.description.ElementDesc
09:34:58.697 [Test worker] DEBUG org.evosuite.runtime.classhandling.ClassResetter - __STATIC_RESET() method does not exists in class mygrid.web._AvailableJobsResponse
09:34:58.697 [Test worker] DEBUG org.evosuite.runtime.classhandling.ClassResetter - __STATIC_RESET() method does not exists in class org.apache.axis.message.SOAPHandler
09:34:58.698 [Test worker] DEBUG org.evosuite.runtime.classhandling.ClassResetter - __STATIC_RESET() method does not exists in class org.apache.axis.components.logger.LogFactory$1
09:34:58.698 [Test worker] DEBUG org.evosuite.runtime.classhandling.ClassResetter - __STATIC_RESET() method does not exists in class org.apache.commons.logging.impl.Log4jFactory
09:34:58.699 [Test worker] DEBUG org.evosuite.runtime.classhandling.ClassResetter - __STATIC_RESET() method does not exists in class org.apache.axis.components.logger.LogFactory
09:34:58.699 [Test worker] DEBUG org.evosuite.runtime.classhandling.ClassResetter - __STATIC_RESET() method does not exists in class org.apache.commons.logging.impl.Log4JCategoryLog
09:34:58.700 [Test worker] DEBUG org.evosuite.runtime.classhandling.ClassResetter - __STATIC_RESET() method does not exists in class org.apache.log4j.Category
09:34:58.700 [Test worker] DEBUG org.evosuite.runtime.classhandling.ClassResetter - __STATIC_RESET() method does not exists in class org.apache.log4j.Hierarchy
09:34:58.701 [Test worker] DEBUG org.evosuite.runtime.classhandling.ClassResetter - __STATIC_RESET() method does not exists in class org.apache.log4j.Priority
09:34:58.701 [Test worker] DEBUG org.evosuite.runtime.classhandling.ClassResetter - __STATIC_RESET() method does not exists in class org.apache.log4j.Level
09:34:58.701 [Test worker] DEBUG org.evosuite.runtime.classhandling.ClassResetter - __STATIC_RESET() method does not exists in class org.apache.log4j.Logger
09:34:58.702 [Test worker] DEBUG org.evosuite.runtime.classhandling.ClassResetter - __STATIC_RESET() method does not exists in class org.apache.log4j.spi.RootCategory
09:34:58.702 [Test worker] DEBUG org.evosuite.runtime.classhandling.ClassResetter - __STATIC_RESET() method does not exists in class org.apache.log4j.or.DefaultRenderer
09:34:58.702 [Test worker] DEBUG org.evosuite.runtime.classhandling.ClassResetter - __STATIC_RESET() method does not exists in class org.apache.log4j.or.RendererMap
09:34:58.703 [Test worker] DEBUG org.evosuite.runtime.classhandling.ClassResetter - __STATIC_RESET() method does not exists in class org.apache.log4j.DefaultCategoryFactory
09:34:58.703 [Test worker] DEBUG org.evosuite.runtime.classhandling.ClassResetter - __STATIC_RESET() method does not exists in class org.apache.log4j.spi.DefaultRepositorySelector
09:34:58.703 [Test worker] DEBUG org.evosuite.runtime.classhandling.ClassResetter - __STATIC_RESET() method does not exists in class org.apache.log4j.helpers.OptionConverter
09:34:58.704 [Test worker] DEBUG org.evosuite.runtime.classhandling.ClassResetter - __STATIC_RESET() method does not exists in class org.apache.log4j.helpers.Loader
09:34:58.704 [Test worker] DEBUG org.evosuite.runtime.classhandling.ClassResetter - __STATIC_RESET() method does not exists in class org.apache.log4j.helpers.LogLog
09:34:58.704 [Test worker] DEBUG org.evosuite.runtime.classhandling.ClassResetter - __STATIC_RESET() method does not exists in class org.apache.log4j.PropertyConfigurator
09:34:58.704 [Test worker] DEBUG org.evosuite.runtime.classhandling.ClassResetter - __STATIC_RESET() method does not exists in class org.apache.log4j.LogManager
09:34:58.705 [Test worker] DEBUG org.evosuite.runtime.classhandling.ClassResetter - __STATIC_RESET() method does not exists in class org.apache.log4j.CategoryKey
09:34:58.705 [Test worker] DEBUG org.evosuite.runtime.classhandling.ClassResetter - __STATIC_RESET() method does not exists in class org.apache.log4j.ProvisionNode
09:34:58.705 [Test worker] DEBUG org.evosuite.runtime.classhandling.ClassResetter - __STATIC_RESET() method does not exists in class org.apache.log4j.helpers.NullEnumeration
09:34:58.705 [Test worker] DEBUG org.evosuite.runtime.classhandling.ClassResetter - __STATIC_RESET() method does not exists in class org.apache.log4j.AppenderSkeleton
09:34:58.706 [Test worker] DEBUG org.evosuite.runtime.classhandling.ClassResetter - __STATIC_RESET() method does not exists in class org.apache.log4j.WriterAppender
09:34:58.706 [Test worker] DEBUG org.evosuite.runtime.classhandling.ClassResetter - __STATIC_RESET() method does not exists in class org.apache.log4j.ConsoleAppender
09:34:58.706 [Test worker] DEBUG org.evosuite.runtime.classhandling.ClassResetter - __STATIC_RESET() method does not exists in class org.apache.log4j.Layout
09:34:58.707 [Test worker] DEBUG org.evosuite.runtime.classhandling.ClassResetter - __STATIC_RESET() method does not exists in class org.apache.log4j.PatternLayout
09:34:58.708 [Test worker] DEBUG org.evosuite.runtime.classhandling.ClassResetter - __STATIC_RESET() method does not exists in class org.apache.log4j.helpers.PatternParser
09:34:58.708 [Test worker] DEBUG org.evosuite.runtime.classhandling.ClassResetter - __STATIC_RESET() method does not exists in class org.apache.log4j.helpers.FormattingInfo
09:34:58.709 [Test worker] DEBUG org.evosuite.runtime.classhandling.ClassResetter - __STATIC_RESET() method does not exists in class org.apache.log4j.helpers.PatternConverter
09:34:58.709 [Test worker] DEBUG org.evosuite.runtime.classhandling.ClassResetter - __STATIC_RESET() method does not exists in class org.apache.log4j.helpers.PatternParser$BasicPatternConverter
09:34:58.709 [Test worker] DEBUG org.evosuite.runtime.classhandling.ClassResetter - __STATIC_RESET() method does not exists in class org.apache.log4j.helpers.PatternParser$LiteralPatternConverter
09:34:58.710 [Test worker] DEBUG org.evosuite.runtime.classhandling.ClassResetter - __STATIC_RESET() method does not exists in class org.apache.log4j.helpers.PatternParser$NamedPatternConverter
09:34:58.710 [Test worker] DEBUG org.evosuite.runtime.classhandling.ClassResetter - __STATIC_RESET() method does not exists in class org.apache.log4j.helpers.PatternParser$CategoryPatternConverter
09:34:58.710 [Test worker] DEBUG org.evosuite.runtime.classhandling.ClassResetter - __STATIC_RESET() method does not exists in class org.apache.log4j.helpers.OnlyOnceErrorHandler
09:34:58.711 [Test worker] DEBUG org.evosuite.runtime.classhandling.ClassResetter - __STATIC_RESET() method does not exists in class org.apache.log4j.helpers.QuietWriter
09:34:58.711 [Test worker] DEBUG org.evosuite.runtime.classhandling.ClassResetter - __STATIC_RESET() method does not exists in class org.apache.log4j.helpers.AppenderAttachableImpl
09:34:58.712 [Test worker] DEBUG org.evosuite.runtime.classhandling.ClassResetter - __STATIC_RESET() method does not exists in class org.apache.axis.encoding.DeserializerImpl
09:34:58.712 [Test worker] DEBUG org.evosuite.runtime.classhandling.ClassResetter - __STATIC_RESET() method does not exists in class org.apache.axis.encoding.ser.BeanDeserializer
09:34:58.712 [Test worker] DEBUG org.evosuite.runtime.classhandling.ClassResetter - __STATIC_RESET() method does not exists in class org.apache.axis.encoding.ser.BaseFactory
09:34:58.713 [Test worker] DEBUG org.evosuite.runtime.classhandling.ClassResetter - __STATIC_RESET() method does not exists in class org.apache.axis.encoding.ser.BaseDeserializerFactory
09:34:58.713 [Test worker] DEBUG org.evosuite.runtime.classhandling.ClassResetter - __STATIC_RESET() method does not exists in class org.apache.axis.encoding.ser.BeanDeserializerFactory
09:34:58.714 [Test worker] DEBUG org.evosuite.runtime.classhandling.ClassResetter - __STATIC_RESET() method does not exists in class org.apache.axis.utils.BeanUtils
09:34:58.714 [Test worker] DEBUG org.evosuite.runtime.classhandling.ClassResetter - __STATIC_RESET() method does not exists in class org.apache.axis.utils.BeanUtils$1
09:34:58.714 [Test worker] DEBUG org.evosuite.runtime.classhandling.ClassResetter - __STATIC_RESET() method does not exists in class org.apache.axis.AxisFault
09:34:58.715 [Test worker] DEBUG org.evosuite.runtime.classhandling.ClassResetter - __STATIC_RESET() method does not exists in class org.apache.axis.utils.BeanPropertyDescriptor
09:34:58.715 [Test worker] DEBUG org.evosuite.runtime.classhandling.ClassResetter - __STATIC_RESET() method does not exists in class org.apache.axis.encoding.ser.BeanSerializer
09:34:58.715 [Test worker] DEBUG org.evosuite.runtime.classhandling.ClassResetter - __STATIC_RESET() method does not exists in class mygrid.web.ArrayOfJob
09:34:58.716 [Test worker] DEBUG org.evosuite.runtime.classhandling.ClassResetter - __STATIC_RESET() method does not exists in class mygrid.web.Job
09:34:58.716 [Test worker] DEBUG org.evosuite.runtime.classhandling.ClassResetter - __STATIC_RESET() method does not exists in class mygrid.web.Processor
09:34:58.716 [Test worker] DEBUG org.evosuite.runtime.classhandling.ClassResetter - __STATIC_RESET() method does not exists in class mygrid.web.ArrayOfContextElement
09:34:58.716 [Test worker] DEBUG org.evosuite.runtime.classhandling.ClassResetter - __STATIC_RESET() method does not exists in class mygrid.web.ContextElement
09:34:58.717 [Test worker] DEBUG org.evosuite.runtime.classhandling.ClassResetter - __STATIC_RESET() method does not exists in class mygrid.web.Discriminator
09:34:58.717 [Test worker] DEBUG org.evosuite.runtime.classhandling.ClassResetter - __STATIC_RESET() method does not exists in class mygrid.web.ArrayOfString
09:34:58.717 [Test worker] DEBUG org.evosuite.runtime.classhandling.ClassResetter - __STATIC_RESET() method does not exists in class mygrid.web.Dependency
09:34:58.718 [Test worker] DEBUG org.evosuite.runtime.classhandling.ClassResetter - __STATIC_RESET() method does not exists in class mygrid.web.ArrayOfDependency
09:34:58.718 [Test worker] DEBUG org.evosuite.runtime.classhandling.ClassResetter - __STATIC_RESET() method does not exists in class mygrid.web.GridJobStatus
09:34:58.723 [Test worker] DEBUG org.evosuite.runtime.classhandling.ClassResetter - __STATIC_RESET() method does not exists in class org.apache.axis.description.TypeDesc
09:34:58.723 [Test worker] DEBUG org.evosuite.runtime.classhandling.ClassResetter - __STATIC_RESET() method does not exists in class org.apache.axis.description.FieldDesc
09:34:58.724 [Test worker] DEBUG org.evosuite.runtime.classhandling.ClassResetter - __STATIC_RESET() method does not exists in class org.apache.axis.description.ElementDesc
09:34:58.724 [Test worker] DEBUG org.evosuite.runtime.classhandling.ClassResetter - __STATIC_RESET() method does not exists in class mygrid.web._AvailableJobsResponse
09:34:58.724 [Test worker] DEBUG org.evosuite.runtime.classhandling.ClassResetter - __STATIC_RESET() method does not exists in class org.apache.axis.message.SOAPHandler
09:34:58.725 [Test worker] DEBUG org.evosuite.runtime.classhandling.ClassResetter - __STATIC_RESET() method does not exists in class org.apache.axis.components.logger.LogFactory$1
09:34:58.725 [Test worker] DEBUG org.evosuite.runtime.classhandling.ClassResetter - __STATIC_RESET() method does not exists in class org.apache.commons.logging.impl.Log4jFactory
09:34:58.725 [Test worker] DEBUG org.evosuite.runtime.classhandling.ClassResetter - __STATIC_RESET() method does not exists in class org.apache.axis.components.logger.LogFactory
09:34:58.726 [Test worker] DEBUG org.evosuite.runtime.classhandling.ClassResetter - __STATIC_RESET() method does not exists in class org.apache.commons.logging.impl.Log4JCategoryLog
09:34:58.726 [Test worker] DEBUG org.evosuite.runtime.classhandling.ClassResetter - __STATIC_RESET() method does not exists in class org.apache.log4j.Category
09:34:58.726 [Test worker] DEBUG org.evosuite.runtime.classhandling.ClassResetter - __STATIC_RESET() method does not exists in class org.apache.log4j.Hierarchy
09:34:58.727 [Test worker] DEBUG org.evosuite.runtime.classhandling.ClassResetter - __STATIC_RESET() method does not exists in class org.apache.log4j.Priority
09:34:58.727 [Test worker] DEBUG org.evosuite.runtime.classhandling.ClassResetter - __STATIC_RESET() method does not exists in class org.apache.log4j.Level
09:34:58.727 [Test worker] DEBUG org.evosuite.runtime.classhandling.ClassResetter - __STATIC_RESET() method does not exists in class org.apache.log4j.Logger
09:34:58.728 [Test worker] DEBUG org.evosuite.runtime.classhandling.ClassResetter - __STATIC_RESET() method does not exists in class org.apache.log4j.spi.RootCategory
09:34:58.728 [Test worker] DEBUG org.evosuite.runtime.classhandling.ClassResetter - __STATIC_RESET() method does not exists in class org.apache.log4j.or.DefaultRenderer
09:34:58.728 [Test worker] DEBUG org.evosuite.runtime.classhandling.ClassResetter - __STATIC_RESET() method does not exists in class org.apache.log4j.or.RendererMap
09:34:58.729 [Test worker] DEBUG org.evosuite.runtime.classhandling.ClassResetter - __STATIC_RESET() method does not exists in class org.apache.log4j.DefaultCategoryFactory
09:34:58.729 [Test worker] DEBUG org.evosuite.runtime.classhandling.ClassResetter - __STATIC_RESET() method does not exists in class org.apache.log4j.spi.DefaultRepositorySelector
09:34:58.729 [Test worker] DEBUG org.evosuite.runtime.classhandling.ClassResetter - __STATIC_RESET() method does not exists in class org.apache.log4j.helpers.OptionConverter
09:34:58.730 [Test worker] DEBUG org.evosuite.runtime.classhandling.ClassResetter - __STATIC_RESET() method does not exists in class org.apache.log4j.helpers.Loader
09:34:58.730 [Test worker] DEBUG org.evosuite.runtime.classhandling.ClassResetter - __STATIC_RESET() method does not exists in class org.apache.log4j.helpers.LogLog
09:34:58.730 [Test worker] DEBUG org.evosuite.runtime.classhandling.ClassResetter - __STATIC_RESET() method does not exists in class org.apache.log4j.PropertyConfigurator
09:34:58.731 [Test worker] DEBUG org.evosuite.runtime.classhandling.ClassResetter - __STATIC_RESET() method does not exists in class org.apache.log4j.LogManager
09:34:58.731 [Test worker] DEBUG org.evosuite.runtime.classhandling.ClassResetter - __STATIC_RESET() method does not exists in class org.apache.log4j.CategoryKey
09:34:58.731 [Test worker] DEBUG org.evosuite.runtime.classhandling.ClassResetter - __STATIC_RESET() method does not exists in class org.apache.log4j.ProvisionNode
09:34:58.732 [Test worker] DEBUG org.evosuite.runtime.classhandling.ClassResetter - __STATIC_RESET() method does not exists in class org.apache.log4j.helpers.NullEnumeration
09:34:58.732 [Test worker] DEBUG org.evosuite.runtime.classhandling.ClassResetter - __STATIC_RESET() method does not exists in class org.apache.log4j.AppenderSkeleton
09:34:58.732 [Test worker] DEBUG org.evosuite.runtime.classhandling.ClassResetter - __STATIC_RESET() method does not exists in class org.apache.log4j.WriterAppender
09:34:58.733 [Test worker] DEBUG org.evosuite.runtime.classhandling.ClassResetter - __STATIC_RESET() method does not exists in class org.apache.log4j.ConsoleAppender
09:34:58.733 [Test worker] DEBUG org.evosuite.runtime.classhandling.ClassResetter - __STATIC_RESET() method does not exists in class org.apache.log4j.Layout
09:34:58.734 [Test worker] DEBUG org.evosuite.runtime.classhandling.ClassResetter - __STATIC_RESET() method does not exists in class org.apache.log4j.PatternLayout
09:34:58.734 [Test worker] DEBUG org.evosuite.runtime.classhandling.ClassResetter - __STATIC_RESET() method does not exists in class org.apache.log4j.helpers.PatternParser
09:34:58.734 [Test worker] DEBUG org.evosuite.runtime.classhandling.ClassResetter - __STATIC_RESET() method does not exists in class org.apache.log4j.helpers.FormattingInfo
09:34:58.735 [Test worker] DEBUG org.evosuite.runtime.classhandling.ClassResetter - __STATIC_RESET() method does not exists in class org.apache.log4j.helpers.PatternConverter
09:34:58.735 [Test worker] DEBUG org.evosuite.runtime.classhandling.ClassResetter - __STATIC_RESET() method does not exists in class org.apache.log4j.helpers.PatternParser$BasicPatternConverter
09:34:58.735 [Test worker] DEBUG org.evosuite.runtime.classhandling.ClassResetter - __STATIC_RESET() method does not exists in class org.apache.log4j.helpers.PatternParser$LiteralPatternConverter
09:34:58.736 [Test worker] DEBUG org.evosuite.runtime.classhandling.ClassResetter - __STATIC_RESET() method does not exists in class org.apache.log4j.helpers.PatternParser$NamedPatternConverter
09:34:58.736 [Test worker] DEBUG org.evosuite.runtime.classhandling.ClassResetter - __STATIC_RESET() method does not exists in class org.apache.log4j.helpers.PatternParser$CategoryPatternConverter
09:34:58.736 [Test worker] DEBUG org.evosuite.runtime.classhandling.ClassResetter - __STATIC_RESET() method does not exists in class org.apache.log4j.helpers.OnlyOnceErrorHandler
09:34:58.737 [Test worker] DEBUG org.evosuite.runtime.classhandling.ClassResetter - __STATIC_RESET() method does not exists in class org.apache.log4j.helpers.QuietWriter
09:34:58.737 [Test worker] DEBUG org.evosuite.runtime.classhandling.ClassResetter - __STATIC_RESET() method does not exists in class org.apache.log4j.helpers.AppenderAttachableImpl
09:34:58.737 [Test worker] DEBUG org.evosuite.runtime.classhandling.ClassResetter - __STATIC_RESET() method does not exists in class org.apache.axis.encoding.DeserializerImpl
09:34:58.738 [Test worker] DEBUG org.evosuite.runtime.classhandling.ClassResetter - __STATIC_RESET() method does not exists in class org.apache.axis.encoding.ser.BeanDeserializer
09:34:58.738 [Test worker] DEBUG org.evosuite.runtime.classhandling.ClassResetter - __STATIC_RESET() method does not exists in class org.apache.axis.encoding.ser.BaseFactory
09:34:58.738 [Test worker] DEBUG org.evosuite.runtime.classhandling.ClassResetter - __STATIC_RESET() method does not exists in class org.apache.axis.encoding.ser.BaseDeserializerFactory
09:34:58.739 [Test worker] DEBUG org.evosuite.runtime.classhandling.ClassResetter - __STATIC_RESET() method does not exists in class org.apache.axis.encoding.ser.BeanDeserializerFactory
09:34:58.739 [Test worker] DEBUG org.evosuite.runtime.classhandling.ClassResetter - __STATIC_RESET() method does not exists in class org.apache.axis.utils.BeanUtils
09:34:58.740 [Test worker] DEBUG org.evosuite.runtime.classhandling.ClassResetter - __STATIC_RESET() method does not exists in class org.apache.axis.utils.BeanUtils$1
09:34:58.740 [Test worker] DEBUG org.evosuite.runtime.classhandling.ClassResetter - __STATIC_RESET() method does not exists in class org.apache.axis.AxisFault
09:34:58.740 [Test worker] DEBUG org.evosuite.runtime.classhandling.ClassResetter - __STATIC_RESET() method does not exists in class org.apache.axis.utils.BeanPropertyDescriptor
09:34:58.741 [Test worker] DEBUG org.evosuite.runtime.classhandling.ClassResetter - __STATIC_RESET() method does not exists in class org.apache.axis.encoding.ser.BeanSerializer
09:34:58.741 [Test worker] DEBUG org.evosuite.runtime.classhandling.ClassResetter - __STATIC_RESET() method does not exists in class mygrid.web.ArrayOfJob
09:34:58.741 [Test worker] DEBUG org.evosuite.runtime.classhandling.ClassResetter - __STATIC_RESET() method does not exists in class mygrid.web.Job
09:34:58.742 [Test worker] DEBUG org.evosuite.runtime.classhandling.ClassResetter - __STATIC_RESET() method does not exists in class mygrid.web.Processor
09:34:58.742 [Test worker] DEBUG org.evosuite.runtime.classhandling.ClassResetter - __STATIC_RESET() method does not exists in class mygrid.web.ArrayOfContextElement
09:34:58.742 [Test worker] DEBUG org.evosuite.runtime.classhandling.ClassResetter - __STATIC_RESET() method does not exists in class mygrid.web.ContextElement
09:34:58.743 [Test worker] DEBUG org.evosuite.runtime.classhandling.ClassResetter - __STATIC_RESET() method does not exists in class mygrid.web.Discriminator
09:34:58.743 [Test worker] DEBUG org.evosuite.runtime.classhandling.ClassResetter - __STATIC_RESET() method does not exists in class mygrid.web.ArrayOfString
09:34:58.743 [Test worker] DEBUG org.evosuite.runtime.classhandling.ClassResetter - __STATIC_RESET() method does not exists in class mygrid.web.Dependency
09:34:58.744 [Test worker] DEBUG org.evosuite.runtime.classhandling.ClassResetter - __STATIC_RESET() method does not exists in class mygrid.web.ArrayOfDependency
09:34:58.744 [Test worker] DEBUG org.evosuite.runtime.classhandling.ClassResetter - __STATIC_RESET() method does not exists in class mygrid.web.GridJobStatus
09:34:58.752 [Test worker] INFO org.evosuite.runtime.instrumentation.EvoClassLoader - Seeing class for first time: mygrid.web._AvailableJobsResponseBeanInfo
09:34:58.753 [Test worker] INFO org.evosuite.runtime.instrumentation.EvoClassLoader - Instrumenting class 'mygrid.web._AvailableJobsResponseBeanInfo'.
09:34:58.754 [Test worker] INFO org.evosuite.runtime.instrumentation.EvoClassLoader - Error while loading class: java.lang.ClassNotFoundException: Class 'mygrid/web/_AvailableJobsResponseBeanInfo.class' should be in target project, but could not be found!
09:34:58.759 [Test worker] INFO org.evosuite.runtime.instrumentation.EvoClassLoader - Seeing class for first time: mygrid.web._AvailableJobsResponseCustomizer
09:34:58.760 [Test worker] INFO org.evosuite.runtime.instrumentation.EvoClassLoader - Instrumenting class 'mygrid.web._AvailableJobsResponseCustomizer'.
09:34:58.760 [Test worker] INFO org.evosuite.runtime.instrumentation.EvoClassLoader - Error while loading class: java.lang.ClassNotFoundException: Class 'mygrid/web/_AvailableJobsResponseCustomizer.class' should be in target project, but could not be found!
09:34:58.768 [Test worker] DEBUG org.evosuite.runtime.classhandling.ClassResetter - __STATIC_RESET() method does not exists in class org.apache.axis.description.TypeDesc
09:34:58.768 [Test worker] DEBUG org.evosuite.runtime.classhandling.ClassResetter - __STATIC_RESET() method does not exists in class org.apache.axis.description.FieldDesc
09:34:58.769 [Test worker] DEBUG org.evosuite.runtime.classhandling.ClassResetter - __STATIC_RESET() method does not exists in class org.apache.axis.description.ElementDesc
09:34:58.769 [Test worker] DEBUG org.evosuite.runtime.classhandling.ClassResetter - __STATIC_RESET() method does not exists in class mygrid.web._AvailableJobsResponse
09:34:58.770 [Test worker] DEBUG org.evosuite.runtime.classhandling.ClassResetter - __STATIC_RESET() method does not exists in class org.apache.axis.message.SOAPHandler
09:34:58.770 [Test worker] DEBUG org.evosuite.runtime.classhandling.ClassResetter - __STATIC_RESET() method does not exists in class org.apache.axis.components.logger.LogFactory$1
09:34:58.770 [Test worker] DEBUG org.evosuite.runtime.classhandling.ClassResetter - __STATIC_RESET() method does not exists in class org.apache.commons.logging.impl.Log4jFactory
09:34:58.771 [Test worker] DEBUG org.evosuite.runtime.classhandling.ClassResetter - __STATIC_RESET() method does not exists in class org.apache.axis.components.logger.LogFactory
09:34:58.771 [Test worker] DEBUG org.evosuite.runtime.classhandling.ClassResetter - __STATIC_RESET() method does not exists in class org.apache.commons.logging.impl.Log4JCategoryLog
09:34:58.772 [Test worker] DEBUG org.evosuite.runtime.classhandling.ClassResetter - __STATIC_RESET() method does not exists in class org.apache.log4j.Category
09:34:58.772 [Test worker] DEBUG org.evosuite.runtime.classhandling.ClassResetter - __STATIC_RESET() method does not exists in class org.apache.log4j.Hierarchy
09:34:58.773 [Test worker] DEBUG org.evosuite.runtime.classhandling.ClassResetter - __STATIC_RESET() method does not exists in class org.apache.log4j.Priority
09:34:58.773 [Test worker] DEBUG org.evosuite.runtime.classhandling.ClassResetter - __STATIC_RESET() method does not exists in class org.apache.log4j.Level
09:34:58.774 [Test worker] DEBUG org.evosuite.runtime.classhandling.ClassResetter - __STATIC_RESET() method does not exists in class org.apache.log4j.Logger
09:34:58.774 [Test worker] DEBUG org.evosuite.runtime.classhandling.ClassResetter - __STATIC_RESET() method does not exists in class org.apache.log4j.spi.RootCategory
09:34:58.774 [Test worker] DEBUG org.evosuite.runtime.classhandling.ClassResetter - __STATIC_RESET() method does not exists in class org.apache.log4j.or.DefaultRenderer
09:34:58.775 [Test worker] DEBUG org.evosuite.runtime.classhandling.ClassResetter - __STATIC_RESET() method does not exists in class org.apache.log4j.or.RendererMap
09:34:58.775 [Test worker] DEBUG org.evosuite.runtime.classhandling.ClassResetter - __STATIC_RESET() method does not exists in class org.apache.log4j.DefaultCategoryFactory
09:34:58.775 [Test worker] DEBUG org.evosuite.runtime.classhandling.ClassResetter - __STATIC_RESET() method does not exists in class org.apache.log4j.spi.DefaultRepositorySelector
09:34:58.776 [Test worker] DEBUG org.evosuite.runtime.classhandling.ClassResetter - __STATIC_RESET() method does not exists in class org.apache.log4j.helpers.OptionConverter
09:34:58.776 [Test worker] DEBUG org.evosuite.runtime.classhandling.ClassResetter - __STATIC_RESET() method does not exists in class org.apache.log4j.helpers.Loader
09:34:58.777 [Test worker] DEBUG org.evosuite.runtime.classhandling.ClassResetter - __STATIC_RESET() method does not exists in class org.apache.log4j.helpers.LogLog
09:34:58.777 [Test worker] DEBUG org.evosuite.runtime.classhandling.ClassResetter - __STATIC_RESET() method does not exists in class org.apache.log4j.PropertyConfigurator
09:34:58.778 [Test worker] DEBUG org.evosuite.runtime.classhandling.ClassResetter - __STATIC_RESET() method does not exists in class org.apache.log4j.LogManager
09:34:58.778 [Test worker] DEBUG org.evosuite.runtime.classhandling.ClassResetter - __STATIC_RESET() method does not exists in class org.apache.log4j.CategoryKey
09:34:58.778 [Test worker] DEBUG org.evosuite.runtime.classhandling.ClassResetter - __STATIC_RESET() method does not exists in class org.apache.log4j.ProvisionNode
09:34:58.779 [Test worker] DEBUG org.evosuite.runtime.classhandling.ClassResetter - __STATIC_RESET() method does not exists in class org.apache.log4j.helpers.NullEnumeration
09:34:58.779 [Test worker] DEBUG org.evosuite.runtime.classhandling.ClassResetter - __STATIC_RESET() method does not exists in class org.apache.log4j.AppenderSkeleton
09:34:58.780 [Test worker] DEBUG org.evosuite.runtime.classhandling.ClassResetter - __STATIC_RESET() method does not exists in class org.apache.log4j.WriterAppender
09:34:58.780 [Test worker] DEBUG org.evosuite.runtime.classhandling.ClassResetter - __STATIC_RESET() method does not exists in class org.apache.log4j.ConsoleAppender
09:34:58.780 [Test worker] DEBUG org.evosuite.runtime.classhandling.ClassResetter - __STATIC_RESET() method does not exists in class org.apache.log4j.Layout
09:34:58.781 [Test worker] DEBUG org.evosuite.runtime.classhandling.ClassResetter - __STATIC_RESET() method does not exists in class org.apache.log4j.PatternLayout
09:34:58.781 [Test worker] DEBUG org.evosuite.runtime.classhandling.ClassResetter - __STATIC_RESET() method does not exists in class org.apache.log4j.helpers.PatternParser
09:34:58.781 [Test worker] DEBUG org.evosuite.runtime.classhandling.ClassResetter - __STATIC_RESET() method does not exists in class org.apache.log4j.helpers.FormattingInfo
09:34:58.782 [Test worker] DEBUG org.evosuite.runtime.classhandling.ClassResetter - __STATIC_RESET() method does not exists in class org.apache.log4j.helpers.PatternConverter
09:34:58.782 [Test worker] DEBUG org.evosuite.runtime.classhandling.ClassResetter - __STATIC_RESET() method does not exists in class org.apache.log4j.helpers.PatternParser$BasicPatternConverter
09:34:58.783 [Test worker] DEBUG org.evosuite.runtime.classhandling.ClassResetter - __STATIC_RESET() method does not exists in class org.apache.log4j.helpers.PatternParser$LiteralPatternConverter
09:34:58.783 [Test worker] DEBUG org.evosuite.runtime.classhandling.ClassResetter - __STATIC_RESET() method does not exists in class org.apache.log4j.helpers.PatternParser$NamedPatternConverter
09:34:58.784 [Test worker] DEBUG org.evosuite.runtime.classhandling.ClassResetter - __STATIC_RESET() method does not exists in class org.apache.log4j.helpers.PatternParser$CategoryPatternConverter
09:34:58.784 [Test worker] DEBUG org.evosuite.runtime.classhandling.ClassResetter - __STATIC_RESET() method does not exists in class org.apache.log4j.helpers.OnlyOnceErrorHandler
09:34:58.784 [Test worker] DEBUG org.evosuite.runtime.classhandling.ClassResetter - __STATIC_RESET() method does not exists in class org.apache.log4j.helpers.QuietWriter
09:34:58.785 [Test worker] DEBUG org.evosuite.runtime.classhandling.ClassResetter - __STATIC_RESET() method does not exists in class org.apache.log4j.helpers.AppenderAttachableImpl
09:34:58.785 [Test worker] DEBUG org.evosuite.runtime.classhandling.ClassResetter - __STATIC_RESET() method does not exists in class org.apache.axis.encoding.DeserializerImpl
09:34:58.785 [Test worker] DEBUG org.evosuite.runtime.classhandling.ClassResetter - __STATIC_RESET() method does not exists in class org.apache.axis.encoding.ser.BeanDeserializer
09:34:58.786 [Test worker] DEBUG org.evosuite.runtime.classhandling.ClassResetter - __STATIC_RESET() method does not exists in class org.apache.axis.encoding.ser.BaseFactory
09:34:58.786 [Test worker] DEBUG org.evosuite.runtime.classhandling.ClassResetter - __STATIC_RESET() method does not exists in class org.apache.axis.encoding.ser.BaseDeserializerFactory
09:34:58.787 [Test worker] DEBUG org.evosuite.runtime.classhandling.ClassResetter - __STATIC_RESET() method does not exists in class org.apache.axis.encoding.ser.BeanDeserializerFactory
09:34:58.787 [Test worker] DEBUG org.evosuite.runtime.classhandling.ClassResetter - __STATIC_RESET() method does not exists in class org.apache.axis.utils.BeanUtils
09:34:58.787 [Test worker] DEBUG org.evosuite.runtime.classhandling.ClassResetter - __STATIC_RESET() method does not exists in class org.apache.axis.utils.BeanUtils$1
09:34:58.788 [Test worker] DEBUG org.evosuite.runtime.classhandling.ClassResetter - __STATIC_RESET() method does not exists in class org.apache.axis.AxisFault
09:34:58.788 [Test worker] DEBUG org.evosuite.runtime.classhandling.ClassResetter - __STATIC_RESET() method does not exists in class org.apache.axis.utils.BeanPropertyDescriptor
09:34:58.788 [Test worker] DEBUG org.evosuite.runtime.classhandling.ClassResetter - __STATIC_RESET() method does not exists in class org.apache.axis.encoding.ser.BeanSerializer
09:34:58.789 [Test worker] DEBUG org.evosuite.runtime.classhandling.ClassResetter - __STATIC_RESET() method does not exists in class mygrid.web.ArrayOfJob
09:34:58.789 [Test worker] DEBUG org.evosuite.runtime.classhandling.ClassResetter - __STATIC_RESET() method does not exists in class mygrid.web.Job
09:34:58.789 [Test worker] DEBUG org.evosuite.runtime.classhandling.ClassResetter - __STATIC_RESET() method does not exists in class mygrid.web.Processor
09:34:58.790 [Test worker] DEBUG org.evosuite.runtime.classhandling.ClassResetter - __STATIC_RESET() method does not exists in class mygrid.web.ArrayOfContextElement
09:34:58.790 [Test worker] DEBUG org.evosuite.runtime.classhandling.ClassResetter - __STATIC_RESET() method does not exists in class mygrid.web.ContextElement
09:34:58.791 [Test worker] DEBUG org.evosuite.runtime.classhandling.ClassResetter - __STATIC_RESET() method does not exists in class mygrid.web.Discriminator
09:34:58.791 [Test worker] DEBUG org.evosuite.runtime.classhandling.ClassResetter - __STATIC_RESET() method does not exists in class mygrid.web.ArrayOfString
09:34:58.791 [Test worker] DEBUG org.evosuite.runtime.classhandling.ClassResetter - __STATIC_RESET() method does not exists in class mygrid.web.Dependency
09:34:58.792 [Test worker] DEBUG org.evosuite.runtime.classhandling.ClassResetter - __STATIC_RESET() method does not exists in class mygrid.web.ArrayOfDependency
09:34:58.792 [Test worker] DEBUG org.evosuite.runtime.classhandling.ClassResetter - __STATIC_RESET() method does not exists in class mygrid.web.GridJobStatus
09:34:58.799 [Test worker] DEBUG org.evosuite.runtime.classhandling.ClassResetter - __STATIC_RESET() method does not exists in class org.apache.axis.description.TypeDesc
09:34:58.800 [Test worker] DEBUG org.evosuite.runtime.classhandling.ClassResetter - __STATIC_RESET() method does not exists in class org.apache.axis.description.FieldDesc
09:34:58.800 [Test worker] DEBUG org.evosuite.runtime.classhandling.ClassResetter - __STATIC_RESET() method does not exists in class org.apache.axis.description.ElementDesc
09:34:58.801 [Test worker] DEBUG org.evosuite.runtime.classhandling.ClassResetter - __STATIC_RESET() method does not exists in class mygrid.web._AvailableJobsResponse
09:34:58.801 [Test worker] DEBUG org.evosuite.runtime.classhandling.ClassResetter - __STATIC_RESET() method does not exists in class org.apache.axis.message.SOAPHandler
09:34:58.801 [Test worker] DEBUG org.evosuite.runtime.classhandling.ClassResetter - __STATIC_RESET() method does not exists in class org.apache.axis.components.logger.LogFactory$1
09:34:58.802 [Test worker] DEBUG org.evosuite.runtime.classhandling.ClassResetter - __STATIC_RESET() method does not exists in class org.apache.commons.logging.impl.Log4jFactory
09:34:58.802 [Test worker] DEBUG org.evosuite.runtime.classhandling.ClassResetter - __STATIC_RESET() method does not exists in class org.apache.axis.components.logger.LogFactory
09:34:58.802 [Test worker] DEBUG org.evosuite.runtime.classhandling.ClassResetter - __STATIC_RESET() method does not exists in class org.apache.commons.logging.impl.Log4JCategoryLog
09:34:58.803 [Test worker] DEBUG org.evosuite.runtime.classhandling.ClassResetter - __STATIC_RESET() method does not exists in class org.apache.log4j.Category
09:34:58.803 [Test worker] DEBUG org.evosuite.runtime.classhandling.ClassResetter - __STATIC_RESET() method does not exists in class org.apache.log4j.Hierarchy
09:34:58.804 [Test worker] DEBUG org.evosuite.runtime.classhandling.ClassResetter - __STATIC_RESET() method does not exists in class org.apache.log4j.Priority
09:34:58.804 [Test worker] DEBUG org.evosuite.runtime.classhandling.ClassResetter - __STATIC_RESET() method does not exists in class org.apache.log4j.Level
09:34:58.805 [Test worker] DEBUG org.evosuite.runtime.classhandling.ClassResetter - __STATIC_RESET() method does not exists in class org.apache.log4j.Logger
09:34:58.805 [Test worker] DEBUG org.evosuite.runtime.classhandling.ClassResetter - __STATIC_RESET() method does not exists in class org.apache.log4j.spi.RootCategory
09:34:58.805 [Test worker] DEBUG org.evosuite.runtime.classhandling.ClassResetter - __STATIC_RESET() method does not exists in class org.apache.log4j.or.DefaultRenderer
09:34:58.805 [Test worker] DEBUG org.evosuite.runtime.classhandling.ClassResetter - __STATIC_RESET() method does not exists in class org.apache.log4j.or.RendererMap
09:34:58.806 [Test worker] DEBUG org.evosuite.runtime.classhandling.ClassResetter - __STATIC_RESET() method does not exists in class org.apache.log4j.DefaultCategoryFactory
09:34:58.806 [Test worker] DEBUG org.evosuite.runtime.classhandling.ClassResetter - __STATIC_RESET() method does not exists in class org.apache.log4j.spi.DefaultRepositorySelector
09:34:58.807 [Test worker] DEBUG org.evosuite.runtime.classhandling.ClassResetter - __STATIC_RESET() method does not exists in class org.apache.log4j.helpers.OptionConverter
09:34:58.807 [Test worker] DEBUG org.evosuite.runtime.classhandling.ClassResetter - __STATIC_RESET() method does not exists in class org.apache.log4j.helpers.Loader
09:34:58.807 [Test worker] DEBUG org.evosuite.runtime.classhandling.ClassResetter - __STATIC_RESET() method does not exists in class org.apache.log4j.helpers.LogLog
09:34:58.808 [Test worker] DEBUG org.evosuite.runtime.classhandling.ClassResetter - __STATIC_RESET() method does not exists in class org.apache.log4j.PropertyConfigurator
09:34:58.808 [Test worker] DEBUG org.evosuite.runtime.classhandling.ClassResetter - __STATIC_RESET() method does not exists in class org.apache.log4j.LogManager
09:34:58.808 [Test worker] DEBUG org.evosuite.runtime.classhandling.ClassResetter - __STATIC_RESET() method does not exists in class org.apache.log4j.CategoryKey
09:34:58.809 [Test worker] DEBUG org.evosuite.runtime.classhandling.ClassResetter - __STATIC_RESET() method does not exists in class org.apache.log4j.ProvisionNode
09:34:58.809 [Test worker] DEBUG org.evosuite.runtime.classhandling.ClassResetter - __STATIC_RESET() method does not exists in class org.apache.log4j.helpers.NullEnumeration
09:34:58.809 [Test worker] DEBUG org.evosuite.runtime.classhandling.ClassResetter - __STATIC_RESET() method does not exists in class org.apache.log4j.AppenderSkeleton
09:34:58.810 [Test worker] DEBUG org.evosuite.runtime.classhandling.ClassResetter - __STATIC_RESET() method does not exists in class org.apache.log4j.WriterAppender
09:34:58.810 [Test worker] DEBUG org.evosuite.runtime.classhandling.ClassResetter - __STATIC_RESET() method does not exists in class org.apache.log4j.ConsoleAppender
09:34:58.810 [Test worker] DEBUG org.evosuite.runtime.classhandling.ClassResetter - __STATIC_RESET() method does not exists in class org.apache.log4j.Layout
09:34:58.811 [Test worker] DEBUG org.evosuite.runtime.classhandling.ClassResetter - __STATIC_RESET() method does not exists in class org.apache.log4j.PatternLayout
09:34:58.811 [Test worker] DEBUG org.evosuite.runtime.classhandling.ClassResetter - __STATIC_RESET() method does not exists in class org.apache.log4j.helpers.PatternParser
09:34:58.811 [Test worker] DEBUG org.evosuite.runtime.classhandling.ClassResetter - __STATIC_RESET() method does not exists in class org.apache.log4j.helpers.FormattingInfo
09:34:58.812 [Test worker] DEBUG org.evosuite.runtime.classhandling.ClassResetter - __STATIC_RESET() method does not exists in class org.apache.log4j.helpers.PatternConverter
09:34:58.812 [Test worker] DEBUG org.evosuite.runtime.classhandling.ClassResetter - __STATIC_RESET() method does not exists in class org.apache.log4j.helpers.PatternParser$BasicPatternConverter
09:34:58.813 [Test worker] DEBUG org.evosuite.runtime.classhandling.ClassResetter - __STATIC_RESET() method does not exists in class org.apache.log4j.helpers.PatternParser$LiteralPatternConverter
09:34:58.813 [Test worker] DEBUG org.evosuite.runtime.classhandling.ClassResetter - __STATIC_RESET() method does not exists in class org.apache.log4j.helpers.PatternParser$NamedPatternConverter
09:34:58.813 [Test worker] DEBUG org.evosuite.runtime.classhandling.ClassResetter - __STATIC_RESET() method does not exists in class org.apache.log4j.helpers.PatternParser$CategoryPatternConverter
09:34:58.814 [Test worker] DEBUG org.evosuite.runtime.classhandling.ClassResetter - __STATIC_RESET() method does not exists in class org.apache.log4j.helpers.OnlyOnceErrorHandler
09:34:58.814 [Test worker] DEBUG org.evosuite.runtime.classhandling.ClassResetter - __STATIC_RESET() method does not exists in class org.apache.log4j.helpers.QuietWriter
09:34:58.814 [Test worker] DEBUG org.evosuite.runtime.classhandling.ClassResetter - __STATIC_RESET() method does not exists in class org.apache.log4j.helpers.AppenderAttachableImpl
09:34:58.815 [Test worker] DEBUG org.evosuite.runtime.classhandling.ClassResetter - __STATIC_RESET() method does not exists in class org.apache.axis.encoding.DeserializerImpl
09:34:58.815 [Test worker] DEBUG org.evosuite.runtime.classhandling.ClassResetter - __STATIC_RESET() method does not exists in class org.apache.axis.encoding.ser.BeanDeserializer
09:34:58.815 [Test worker] DEBUG org.evosuite.runtime.classhandling.ClassResetter - __STATIC_RESET() method does not exists in class org.apache.axis.encoding.ser.BaseFactory
09:34:58.816 [Test worker] DEBUG org.evosuite.runtime.classhandling.ClassResetter - __STATIC_RESET() method does not exists in class org.apache.axis.encoding.ser.BaseDeserializerFactory
09:34:58.816 [Test worker] DEBUG org.evosuite.runtime.classhandling.ClassResetter - __STATIC_RESET() method does not exists in class org.apache.axis.encoding.ser.BeanDeserializerFactory
09:34:58.816 [Test worker] DEBUG org.evosuite.runtime.classhandling.ClassResetter - __STATIC_RESET() method does not exists in class org.apache.axis.utils.BeanUtils
09:34:58.817 [Test worker] DEBUG org.evosuite.runtime.classhandling.ClassResetter - __STATIC_RESET() method does not exists in class org.apache.axis.utils.BeanUtils$1
09:34:58.817 [Test worker] DEBUG org.evosuite.runtime.classhandling.ClassResetter - __STATIC_RESET() method does not exists in class org.apache.axis.AxisFault
09:34:58.817 [Test worker] DEBUG org.evosuite.runtime.classhandling.ClassResetter - __STATIC_RESET() method does not exists in class org.apache.axis.utils.BeanPropertyDescriptor
09:34:58.818 [Test worker] DEBUG org.evosuite.runtime.classhandling.ClassResetter - __STATIC_RESET() method does not exists in class org.apache.axis.encoding.ser.BeanSerializer
09:34:58.818 [Test worker] DEBUG org.evosuite.runtime.classhandling.ClassResetter - __STATIC_RESET() method does not exists in class mygrid.web.ArrayOfJob
09:34:58.818 [Test worker] DEBUG org.evosuite.runtime.classhandling.ClassResetter - __STATIC_RESET() method does not exists in class mygrid.web.Job
09:34:58.819 [Test worker] DEBUG org.evosuite.runtime.classhandling.ClassResetter - __STATIC_RESET() method does not exists in class mygrid.web.Processor
09:34:58.819 [Test worker] DEBUG org.evosuite.runtime.classhandling.ClassResetter - __STATIC_RESET() method does not exists in class mygrid.web.ArrayOfContextElement
09:34:58.819 [Test worker] DEBUG org.evosuite.runtime.classhandling.ClassResetter - __STATIC_RESET() method does not exists in class mygrid.web.ContextElement
09:34:58.820 [Test worker] DEBUG org.evosuite.runtime.classhandling.ClassResetter - __STATIC_RESET() method does not exists in class mygrid.web.Discriminator
09:34:58.820 [Test worker] DEBUG org.evosuite.runtime.classhandling.ClassResetter - __STATIC_RESET() method does not exists in class mygrid.web.ArrayOfString
09:34:58.820 [Test worker] DEBUG org.evosuite.runtime.classhandling.ClassResetter - __STATIC_RESET() method does not exists in class mygrid.web.Dependency
09:34:58.821 [Test worker] DEBUG org.evosuite.runtime.classhandling.ClassResetter - __STATIC_RESET() method does not exists in class mygrid.web.ArrayOfDependency
09:34:58.821 [Test worker] DEBUG org.evosuite.runtime.classhandling.ClassResetter - __STATIC_RESET() method does not exists in class mygrid.web.GridJobStatus
09:34:58.828 [Test worker] DEBUG org.evosuite.runtime.classhandling.ClassResetter - __STATIC_RESET() method does not exists in class org.apache.axis.description.TypeDesc
09:34:58.829 [Test worker] DEBUG org.evosuite.runtime.classhandling.ClassResetter - __STATIC_RESET() method does not exists in class org.apache.axis.description.FieldDesc
09:34:58.829 [Test worker] DEBUG org.evosuite.runtime.classhandling.ClassResetter - __STATIC_RESET() method does not exists in class org.apache.axis.description.ElementDesc
09:34:58.830 [Test worker] DEBUG org.evosuite.runtime.classhandling.ClassResetter - __STATIC_RESET() method does not exists in class mygrid.web._AvailableJobsResponse
09:34:58.830 [Test worker] DEBUG org.evosuite.runtime.classhandling.ClassResetter - __STATIC_RESET() method does not exists in class org.apache.axis.message.SOAPHandler
09:34:58.830 [Test worker] DEBUG org.evosuite.runtime.classhandling.ClassResetter - __STATIC_RESET() method does not exists in class org.apache.axis.components.logger.LogFactory$1
09:34:58.830 [Test worker] DEBUG org.evosuite.runtime.classhandling.ClassResetter - __STATIC_RESET() method does not exists in class org.apache.commons.logging.impl.Log4jFactory
09:34:58.831 [Test worker] DEBUG org.evosuite.runtime.classhandling.ClassResetter - __STATIC_RESET() method does not exists in class org.apache.axis.components.logger.LogFactory
09:34:58.831 [Test worker] DEBUG org.evosuite.runtime.classhandling.ClassResetter - __STATIC_RESET() method does not exists in class org.apache.commons.logging.impl.Log4JCategoryLog
09:34:58.831 [Test worker] DEBUG org.evosuite.runtime.classhandling.ClassResetter - __STATIC_RESET() method does not exists in class org.apache.log4j.Category
09:34:58.832 [Test worker] DEBUG org.evosuite.runtime.classhandling.ClassResetter - __STATIC_RESET() method does not exists in class org.apache.log4j.Hierarchy
09:34:58.832 [Test worker] DEBUG org.evosuite.runtime.classhandling.ClassResetter - __STATIC_RESET() method does not exists in class org.apache.log4j.Priority
09:34:58.833 [Test worker] DEBUG org.evosuite.runtime.classhandling.ClassResetter - __STATIC_RESET() method does not exists in class org.apache.log4j.Level
09:34:58.833 [Test worker] DEBUG org.evosuite.runtime.classhandling.ClassResetter - __STATIC_RESET() method does not exists in class org.apache.log4j.Logger
09:34:58.833 [Test worker] DEBUG org.evosuite.runtime.classhandling.ClassResetter - __STATIC_RESET() method does not exists in class org.apache.log4j.spi.RootCategory
09:34:58.834 [Test worker] DEBUG org.evosuite.runtime.classhandling.ClassResetter - __STATIC_RESET() method does not exists in class org.apache.log4j.or.DefaultRenderer
09:34:58.834 [Test worker] DEBUG org.evosuite.runtime.classhandling.ClassResetter - __STATIC_RESET() method does not exists in class org.apache.log4j.or.RendererMap
09:34:58.834 [Test worker] DEBUG org.evosuite.runtime.classhandling.ClassResetter - __STATIC_RESET() method does not exists in class org.apache.log4j.DefaultCategoryFactory
09:34:58.835 [Test worker] DEBUG org.evosuite.runtime.classhandling.ClassResetter - __STATIC_RESET() method does not exists in class org.apache.log4j.spi.DefaultRepositorySelector
09:34:58.835 [Test worker] DEBUG org.evosuite.runtime.classhandling.ClassResetter - __STATIC_RESET() method does not exists in class org.apache.log4j.helpers.OptionConverter
09:34:58.835 [Test worker] DEBUG org.evosuite.runtime.classhandling.ClassResetter - __STATIC_RESET() method does not exists in class org.apache.log4j.helpers.Loader
09:34:58.836 [Test worker] DEBUG org.evosuite.runtime.classhandling.ClassResetter - __STATIC_RESET() method does not exists in class org.apache.log4j.helpers.LogLog
09:34:58.836 [Test worker] DEBUG org.evosuite.runtime.classhandling.ClassResetter - __STATIC_RESET() method does not exists in class org.apache.log4j.PropertyConfigurator
09:34:58.836 [Test worker] DEBUG org.evosuite.runtime.classhandling.ClassResetter - __STATIC_RESET() method does not exists in class org.apache.log4j.LogManager
09:34:58.837 [Test worker] DEBUG org.evosuite.runtime.classhandling.ClassResetter - __STATIC_RESET() method does not exists in class org.apache.log4j.CategoryKey
09:34:58.837 [Test worker] DEBUG org.evosuite.runtime.classhandling.ClassResetter - __STATIC_RESET() method does not exists in class org.apache.log4j.ProvisionNode
09:34:58.837 [Test worker] DEBUG org.evosuite.runtime.classhandling.ClassResetter - __STATIC_RESET() method does not exists in class org.apache.log4j.helpers.NullEnumeration
09:34:58.838 [Test worker] DEBUG org.evosuite.runtime.classhandling.ClassResetter - __STATIC_RESET() method does not exists in class org.apache.log4j.AppenderSkeleton
09:34:58.838 [Test worker] DEBUG org.evosuite.runtime.classhandling.ClassResetter - __STATIC_RESET() method does not exists in class org.apache.log4j.WriterAppender
09:34:58.838 [Test worker] DEBUG org.evosuite.runtime.classhandling.ClassResetter - __STATIC_RESET() method does not exists in class org.apache.log4j.ConsoleAppender
09:34:58.839 [Test worker] DEBUG org.evosuite.runtime.classhandling.ClassResetter - __STATIC_RESET() method does not exists in class org.apache.log4j.Layout
09:34:58.839 [Test worker] DEBUG org.evosuite.runtime.classhandling.ClassResetter - __STATIC_RESET() method does not exists in class org.apache.log4j.PatternLayout
09:34:58.839 [Test worker] DEBUG org.evosuite.runtime.classhandling.ClassResetter - __STATIC_RESET() method does not exists in class org.apache.log4j.helpers.PatternParser
09:34:58.840 [Test worker] DEBUG org.evosuite.runtime.classhandling.ClassResetter - __STATIC_RESET() method does not exists in class org.apache.log4j.helpers.FormattingInfo
09:34:58.840 [Test worker] DEBUG org.evosuite.runtime.classhandling.ClassResetter - __STATIC_RESET() method does not exists in class org.apache.log4j.helpers.PatternConverter
09:34:58.840 [Test worker] DEBUG org.evosuite.runtime.classhandling.ClassResetter - __STATIC_RESET() method does not exists in class org.apache.log4j.helpers.PatternParser$BasicPatternConverter
09:34:58.841 [Test worker] DEBUG org.evosuite.runtime.classhandling.ClassResetter - __STATIC_RESET() method does not exists in class org.apache.log4j.helpers.PatternParser$LiteralPatternConverter
09:34:58.841 [Test worker] DEBUG org.evosuite.runtime.classhandling.ClassResetter - __STATIC_RESET() method does not exists in class org.apache.log4j.helpers.PatternParser$NamedPatternConverter
09:34:58.841 [Test worker] DEBUG org.evosuite.runtime.classhandling.ClassResetter - __STATIC_RESET() method does not exists in class org.apache.log4j.helpers.PatternParser$CategoryPatternConverter
09:34:58.842 [Test worker] DEBUG org.evosuite.runtime.classhandling.ClassResetter - __STATIC_RESET() method does not exists in class org.apache.log4j.helpers.OnlyOnceErrorHandler
09:34:58.842 [Test worker] DEBUG org.evosuite.runtime.classhandling.ClassResetter - __STATIC_RESET() method does not exists in class org.apache.log4j.helpers.QuietWriter
09:34:58.842 [Test worker] DEBUG org.evosuite.runtime.classhandling.ClassResetter - __STATIC_RESET() method does not exists in class org.apache.log4j.helpers.AppenderAttachableImpl
09:34:58.843 [Test worker] DEBUG org.evosuite.runtime.classhandling.ClassResetter - __STATIC_RESET() method does not exists in class org.apache.axis.encoding.DeserializerImpl
09:34:58.843 [Test worker] DEBUG org.evosuite.runtime.classhandling.ClassResetter - __STATIC_RESET() method does not exists in class org.apache.axis.encoding.ser.BeanDeserializer
09:34:58.844 [Test worker] DEBUG org.evosuite.runtime.classhandling.ClassResetter - __STATIC_RESET() method does not exists in class org.apache.axis.encoding.ser.BaseFactory
09:34:58.844 [Test worker] DEBUG org.evosuite.runtime.classhandling.ClassResetter - __STATIC_RESET() method does not exists in class org.apache.axis.encoding.ser.BaseDeserializerFactory
09:34:58.844 [Test worker] DEBUG org.evosuite.runtime.classhandling.ClassResetter - __STATIC_RESET() method does not exists in class org.apache.axis.encoding.ser.BeanDeserializerFactory
09:34:58.844 [Test worker] DEBUG org.evosuite.runtime.classhandling.ClassResetter - __STATIC_RESET() method does not exists in class org.apache.axis.utils.BeanUtils
09:34:58.845 [Test worker] DEBUG org.evosuite.runtime.classhandling.ClassResetter - __STATIC_RESET() method does not exists in class org.apache.axis.utils.BeanUtils$1
09:34:58.845 [Test worker] DEBUG org.evosuite.runtime.classhandling.ClassResetter - __STATIC_RESET() method does not exists in class org.apache.axis.AxisFault
09:34:58.845 [Test worker] DEBUG org.evosuite.runtime.classhandling.ClassResetter - __STATIC_RESET() method does not exists in class org.apache.axis.utils.BeanPropertyDescriptor
09:34:58.846 [Test worker] DEBUG org.evosuite.runtime.classhandling.ClassResetter - __STATIC_RESET() method does not exists in class org.apache.axis.encoding.ser.BeanSerializer
09:34:58.846 [Test worker] DEBUG org.evosuite.runtime.classhandling.ClassResetter - __STATIC_RESET() method does not exists in class mygrid.web.ArrayOfJob
09:34:58.846 [Test worker] DEBUG org.evosuite.runtime.classhandling.ClassResetter - __STATIC_RESET() method does not exists in class mygrid.web.Job
09:34:58.847 [Test worker] DEBUG org.evosuite.runtime.classhandling.ClassResetter - __STATIC_RESET() method does not exists in class mygrid.web.Processor
09:34:58.847 [Test worker] DEBUG org.evosuite.runtime.classhandling.ClassResetter - __STATIC_RESET() method does not exists in class mygrid.web.ArrayOfContextElement
09:34:58.847 [Test worker] DEBUG org.evosuite.runtime.classhandling.ClassResetter - __STATIC_RESET() method does not exists in class mygrid.web.ContextElement
09:34:58.848 [Test worker] DEBUG org.evosuite.runtime.classhandling.ClassResetter - __STATIC_RESET() method does not exists in class mygrid.web.Discriminator
09:34:58.848 [Test worker] DEBUG org.evosuite.runtime.classhandling.ClassResetter - __STATIC_RESET() method does not exists in class mygrid.web.ArrayOfString
09:34:58.848 [Test worker] DEBUG org.evosuite.runtime.classhandling.ClassResetter - __STATIC_RESET() method does not exists in class mygrid.web.Dependency
09:34:58.849 [Test worker] DEBUG org.evosuite.runtime.classhandling.ClassResetter - __STATIC_RESET() method does not exists in class mygrid.web.ArrayOfDependency
09:34:58.849 [Test worker] DEBUG org.evosuite.runtime.classhandling.ClassResetter - __STATIC_RESET() method does not exists in class mygrid.web.GridJobStatus
09:34:58.855 [Test worker] DEBUG org.evosuite.runtime.classhandling.ClassResetter - __STATIC_RESET() method does not exists in class org.apache.axis.description.TypeDesc
09:34:58.855 [Test worker] DEBUG org.evosuite.runtime.classhandling.ClassResetter - __STATIC_RESET() method does not exists in class org.apache.axis.description.FieldDesc
09:34:58.856 [Test worker] DEBUG org.evosuite.runtime.classhandling.ClassResetter - __STATIC_RESET() method does not exists in class org.apache.axis.description.ElementDesc
09:34:58.856 [Test worker] DEBUG org.evosuite.runtime.classhandling.ClassResetter - __STATIC_RESET() method does not exists in class mygrid.web._AvailableJobsResponse
09:34:58.856 [Test worker] DEBUG org.evosuite.runtime.classhandling.ClassResetter - __STATIC_RESET() method does not exists in class org.apache.axis.message.SOAPHandler
09:34:58.857 [Test worker] DEBUG org.evosuite.runtime.classhandling.ClassResetter - __STATIC_RESET() method does not exists in class org.apache.axis.components.logger.LogFactory$1
09:34:58.857 [Test worker] DEBUG org.evosuite.runtime.classhandling.ClassResetter - __STATIC_RESET() method does not exists in class org.apache.commons.logging.impl.Log4jFactory
09:34:58.857 [Test worker] DEBUG org.evosuite.runtime.classhandling.ClassResetter - __STATIC_RESET() method does not exists in class org.apache.axis.components.logger.LogFactory
09:34:58.858 [Test worker] DEBUG org.evosuite.runtime.classhandling.ClassResetter - __STATIC_RESET() method does not exists in class org.apache.commons.logging.impl.Log4JCategoryLog
09:34:58.858 [Test worker] DEBUG org.evosuite.runtime.classhandling.ClassResetter - __STATIC_RESET() method does not exists in class org.apache.log4j.Category
09:34:58.858 [Test worker] DEBUG org.evosuite.runtime.classhandling.ClassResetter - __STATIC_RESET() method does not exists in class org.apache.log4j.Hierarchy
09:34:58.859 [Test worker] DEBUG org.evosuite.runtime.classhandling.ClassResetter - __STATIC_RESET() method does not exists in class org.apache.log4j.Priority
09:34:58.859 [Test worker] DEBUG org.evosuite.runtime.classhandling.ClassResetter - __STATIC_RESET() method does not exists in class org.apache.log4j.Level
09:34:58.859 [Test worker] DEBUG org.evosuite.runtime.classhandling.ClassResetter - __STATIC_RESET() method does not exists in class org.apache.log4j.Logger
09:34:58.860 [Test worker] DEBUG org.evosuite.runtime.classhandling.ClassResetter - __STATIC_RESET() method does not exists in class org.apache.log4j.spi.RootCategory
09:34:58.860 [Test worker] DEBUG org.evosuite.runtime.classhandling.ClassResetter - __STATIC_RESET() method does not exists in class org.apache.log4j.or.DefaultRenderer
09:34:58.860 [Test worker] DEBUG org.evosuite.runtime.classhandling.ClassResetter - __STATIC_RESET() method does not exists in class org.apache.log4j.or.RendererMap
09:34:58.861 [Test worker] DEBUG org.evosuite.runtime.classhandling.ClassResetter - __STATIC_RESET() method does not exists in class org.apache.log4j.DefaultCategoryFactory
09:34:58.861 [Test worker] DEBUG org.evosuite.runtime.classhandling.ClassResetter - __STATIC_RESET() method does not exists in class org.apache.log4j.spi.DefaultRepositorySelector
09:34:58.861 [Test worker] DEBUG org.evosuite.runtime.classhandling.ClassResetter - __STATIC_RESET() method does not exists in class org.apache.log4j.helpers.OptionConverter
09:34:58.862 [Test worker] DEBUG org.evosuite.runtime.classhandling.ClassResetter - __STATIC_RESET() method does not exists in class org.apache.log4j.helpers.Loader
09:34:58.862 [Test worker] DEBUG org.evosuite.runtime.classhandling.ClassResetter - __STATIC_RESET() method does not exists in class org.apache.log4j.helpers.LogLog
09:34:58.862 [Test worker] DEBUG org.evosuite.runtime.classhandling.ClassResetter - __STATIC_RESET() method does not exists in class org.apache.log4j.PropertyConfigurator
09:34:58.863 [Test worker] DEBUG org.evosuite.runtime.classhandling.ClassResetter - __STATIC_RESET() method does not exists in class org.apache.log4j.LogManager
09:34:58.863 [Test worker] DEBUG org.evosuite.runtime.classhandling.ClassResetter - __STATIC_RESET() method does not exists in class org.apache.log4j.CategoryKey
09:34:58.863 [Test worker] DEBUG org.evosuite.runtime.classhandling.ClassResetter - __STATIC_RESET() method does not exists in class org.apache.log4j.ProvisionNode
09:34:58.864 [Test worker] DEBUG org.evosuite.runtime.classhandling.ClassResetter - __STATIC_RESET() method does not exists in class org.apache.log4j.helpers.NullEnumeration
09:34:58.864 [Test worker] DEBUG org.evosuite.runtime.classhandling.ClassResetter - __STATIC_RESET() method does not exists in class org.apache.log4j.AppenderSkeleton
09:34:58.864 [Test worker] DEBUG org.evosuite.runtime.classhandling.ClassResetter - __STATIC_RESET() method does not exists in class org.apache.log4j.WriterAppender
09:34:58.865 [Test worker] DEBUG org.evosuite.runtime.classhandling.ClassResetter - __STATIC_RESET() method does not exists in class org.apache.log4j.ConsoleAppender
09:34:58.865 [Test worker] DEBUG org.evosuite.runtime.classhandling.ClassResetter - __STATIC_RESET() method does not exists in class org.apache.log4j.Layout
09:34:58.865 [Test worker] DEBUG org.evosuite.runtime.classhandling.ClassResetter - __STATIC_RESET() method does not exists in class org.apache.log4j.PatternLayout
09:34:58.866 [Test worker] DEBUG org.evosuite.runtime.classhandling.ClassResetter - __STATIC_RESET() method does not exists in class org.apache.log4j.helpers.PatternParser
09:34:58.866 [Test worker] DEBUG org.evosuite.runtime.classhandling.ClassResetter - __STATIC_RESET() method does not exists in class org.apache.log4j.helpers.FormattingInfo
09:34:58.866 [Test worker] DEBUG org.evosuite.runtime.classhandling.ClassResetter - __STATIC_RESET() method does not exists in class org.apache.log4j.helpers.PatternConverter
09:34:58.867 [Test worker] DEBUG org.evosuite.runtime.classhandling.ClassResetter - __STATIC_RESET() method does not exists in class org.apache.log4j.helpers.PatternParser$BasicPatternConverter
09:34:58.867 [Test worker] DEBUG org.evosuite.runtime.classhandling.ClassResetter - __STATIC_RESET() method does not exists in class org.apache.log4j.helpers.PatternParser$LiteralPatternConverter
09:34:58.867 [Test worker] DEBUG org.evosuite.runtime.classhandling.ClassResetter - __STATIC_RESET() method does not exists in class org.apache.log4j.helpers.PatternParser$NamedPatternConverter
09:34:58.868 [Test worker] DEBUG org.evosuite.runtime.classhandling.ClassResetter - __STATIC_RESET() method does not exists in class org.apache.log4j.helpers.PatternParser$CategoryPatternConverter
09:34:58.868 [Test worker] DEBUG org.evosuite.runtime.classhandling.ClassResetter - __STATIC_RESET() method does not exists in class org.apache.log4j.helpers.OnlyOnceErrorHandler
09:34:58.868 [Test worker] DEBUG org.evosuite.runtime.classhandling.ClassResetter - __STATIC_RESET() method does not exists in class org.apache.log4j.helpers.QuietWriter
09:34:58.868 [Test worker] DEBUG org.evosuite.runtime.classhandling.ClassResetter - __STATIC_RESET() method does not exists in class org.apache.log4j.helpers.AppenderAttachableImpl
09:34:58.869 [Test worker] DEBUG org.evosuite.runtime.classhandling.ClassResetter - __STATIC_RESET() method does not exists in class org.apache.axis.encoding.DeserializerImpl
09:34:58.869 [Test worker] DEBUG org.evosuite.runtime.classhandling.ClassResetter - __STATIC_RESET() method does not exists in class org.apache.axis.encoding.ser.BeanDeserializer
09:34:58.869 [Test worker] DEBUG org.evosuite.runtime.classhandling.ClassResetter - __STATIC_RESET() method does not exists in class org.apache.axis.encoding.ser.BaseFactory
09:34:58.870 [Test worker] DEBUG org.evosuite.runtime.classhandling.ClassResetter - __STATIC_RESET() method does not exists in class org.apache.axis.encoding.ser.BaseDeserializerFactory
09:34:58.870 [Test worker] DEBUG org.evosuite.runtime.classhandling.ClassResetter - __STATIC_RESET() method does not exists in class org.apache.axis.encoding.ser.BeanDeserializerFactory
09:34:58.870 [Test worker] DEBUG org.evosuite.runtime.classhandling.ClassResetter - __STATIC_RESET() method does not exists in class org.apache.axis.utils.BeanUtils
09:34:58.871 [Test worker] DEBUG org.evosuite.runtime.classhandling.ClassResetter - __STATIC_RESET() method does not exists in class org.apache.axis.utils.BeanUtils$1
09:34:58.871 [Test worker] DEBUG org.evosuite.runtime.classhandling.ClassResetter - __STATIC_RESET() method does not exists in class org.apache.axis.AxisFault
09:34:58.871 [Test worker] DEBUG org.evosuite.runtime.classhandling.ClassResetter - __STATIC_RESET() method does not exists in class org.apache.axis.utils.BeanPropertyDescriptor
09:34:58.872 [Test worker] DEBUG org.evosuite.runtime.classhandling.ClassResetter - __STATIC_RESET() method does not exists in class org.apache.axis.encoding.ser.BeanSerializer
09:34:58.872 [Test worker] DEBUG org.evosuite.runtime.classhandling.ClassResetter - __STATIC_RESET() method does not exists in class mygrid.web.ArrayOfJob
09:34:58.872 [Test worker] DEBUG org.evosuite.runtime.classhandling.ClassResetter - __STATIC_RESET() method does not exists in class mygrid.web.Job
09:34:58.873 [Test worker] DEBUG org.evosuite.runtime.classhandling.ClassResetter - __STATIC_RESET() method does not exists in class mygrid.web.Processor
09:34:58.873 [Test worker] DEBUG org.evosuite.runtime.classhandling.ClassResetter - __STATIC_RESET() method does not exists in class mygrid.web.ArrayOfContextElement
09:34:58.874 [Test worker] DEBUG org.evosuite.runtime.classhandling.ClassResetter - __STATIC_RESET() method does not exists in class mygrid.web.ContextElement
09:34:58.874 [Test worker] DEBUG org.evosuite.runtime.classhandling.ClassResetter - __STATIC_RESET() method does not exists in class mygrid.web.Discriminator
09:34:58.874 [Test worker] DEBUG org.evosuite.runtime.classhandling.ClassResetter - __STATIC_RESET() method does not exists in class mygrid.web.ArrayOfString
09:34:58.875 [Test worker] DEBUG org.evosuite.runtime.classhandling.ClassResetter - __STATIC_RESET() method does not exists in class mygrid.web.Dependency
09:34:58.875 [Test worker] DEBUG org.evosuite.runtime.classhandling.ClassResetter - __STATIC_RESET() method does not exists in class mygrid.web.ArrayOfDependency
09:34:58.875 [Test worker] DEBUG org.evosuite.runtime.classhandling.ClassResetter - __STATIC_RESET() method does not exists in class mygrid.web.GridJobStatus
09:34:58.881 [Test worker] DEBUG org.evosuite.runtime.classhandling.ClassResetter - __STATIC_RESET() method does not exists in class org.apache.axis.description.TypeDesc
09:34:58.881 [Test worker] DEBUG org.evosuite.runtime.classhandling.ClassResetter - __STATIC_RESET() method does not exists in class org.apache.axis.description.FieldDesc
09:34:58.881 [Test worker] DEBUG org.evosuite.runtime.classhandling.ClassResetter - __STATIC_RESET() method does not exists in class org.apache.axis.description.ElementDesc
09:34:58.882 [Test worker] DEBUG org.evosuite.runtime.classhandling.ClassResetter - __STATIC_RESET() method does not exists in class mygrid.web._AvailableJobsResponse
09:34:58.882 [Test worker] DEBUG org.evosuite.runtime.classhandling.ClassResetter - __STATIC_RESET() method does not exists in class org.apache.axis.message.SOAPHandler
09:34:58.882 [Test worker] DEBUG org.evosuite.runtime.classhandling.ClassResetter - __STATIC_RESET() method does not exists in class org.apache.axis.components.logger.LogFactory$1
09:34:58.883 [Test worker] DEBUG org.evosuite.runtime.classhandling.ClassResetter - __STATIC_RESET() method does not exists in class org.apache.commons.logging.impl.Log4jFactory
09:34:58.883 [Test worker] DEBUG org.evosuite.runtime.classhandling.ClassResetter - __STATIC_RESET() method does not exists in class org.apache.axis.components.logger.LogFactory
09:34:58.883 [Test worker] DEBUG org.evosuite.runtime.classhandling.ClassResetter - __STATIC_RESET() method does not exists in class org.apache.commons.logging.impl.Log4JCategoryLog
09:34:58.884 [Test worker] DEBUG org.evosuite.runtime.classhandling.ClassResetter - __STATIC_RESET() method does not exists in class org.apache.log4j.Category
09:34:58.884 [Test worker] DEBUG org.evosuite.runtime.classhandling.ClassResetter - __STATIC_RESET() method does not exists in class org.apache.log4j.Hierarchy
09:34:58.884 [Test worker] DEBUG org.evosuite.runtime.classhandling.ClassResetter - __STATIC_RESET() method does not exists in class org.apache.log4j.Priority
09:34:58.885 [Test worker] DEBUG org.evosuite.runtime.classhandling.ClassResetter - __STATIC_RESET() method does not exists in class org.apache.log4j.Level
09:34:58.885 [Test worker] DEBUG org.evosuite.runtime.classhandling.ClassResetter - __STATIC_RESET() method does not exists in class org.apache.log4j.Logger
09:34:58.885 [Test worker] DEBUG org.evosuite.runtime.classhandling.ClassResetter - __STATIC_RESET() method does not exists in class org.apache.log4j.spi.RootCategory
09:34:58.886 [Test worker] DEBUG org.evosuite.runtime.classhandling.ClassResetter - __STATIC_RESET() method does not exists in class org.apache.log4j.or.DefaultRenderer
09:34:58.886 [Test worker] DEBUG org.evosuite.runtime.classhandling.ClassResetter - __STATIC_RESET() method does not exists in class org.apache.log4j.or.RendererMap
09:34:58.887 [Test worker] DEBUG org.evosuite.runtime.classhandling.ClassResetter - __STATIC_RESET() method does not exists in class org.apache.log4j.DefaultCategoryFactory
09:34:58.887 [Test worker] DEBUG org.evosuite.runtime.classhandling.ClassResetter - __STATIC_RESET() method does not exists in class org.apache.log4j.spi.DefaultRepositorySelector
09:34:58.887 [Test worker] DEBUG org.evosuite.runtime.classhandling.ClassResetter - __STATIC_RESET() method does not exists in class org.apache.log4j.helpers.OptionConverter
09:34:58.888 [Test worker] DEBUG org.evosuite.runtime.classhandling.ClassResetter - __STATIC_RESET() method does not exists in class org.apache.log4j.helpers.Loader
09:34:58.888 [Test worker] DEBUG org.evosuite.runtime.classhandling.ClassResetter - __STATIC_RESET() method does not exists in class org.apache.log4j.helpers.LogLog
09:34:58.888 [Test worker] DEBUG org.evosuite.runtime.classhandling.ClassResetter - __STATIC_RESET() method does not exists in class org.apache.log4j.PropertyConfigurator
09:34:58.888 [Test worker] DEBUG org.evosuite.runtime.classhandling.ClassResetter - __STATIC_RESET() method does not exists in class org.apache.log4j.LogManager
09:34:58.889 [Test worker] DEBUG org.evosuite.runtime.classhandling.ClassResetter - __STATIC_RESET() method does not exists in class org.apache.log4j.CategoryKey
09:34:58.889 [Test worker] DEBUG org.evosuite.runtime.classhandling.ClassResetter - __STATIC_RESET() method does not exists in class org.apache.log4j.ProvisionNode
09:34:58.889 [Test worker] DEBUG org.evosuite.runtime.classhandling.ClassResetter - __STATIC_RESET() method does not exists in class org.apache.log4j.helpers.NullEnumeration
09:34:58.890 [Test worker] DEBUG org.evosuite.runtime.classhandling.ClassResetter - __STATIC_RESET() method does not exists in class org.apache.log4j.AppenderSkeleton
09:34:58.890 [Test worker] DEBUG org.evosuite.runtime.classhandling.ClassResetter - __STATIC_RESET() method does not exists in class org.apache.log4j.WriterAppender
09:34:58.890 [Test worker] DEBUG org.evosuite.runtime.classhandling.ClassResetter - __STATIC_RESET() method does not exists in class org.apache.log4j.ConsoleAppender
09:34:58.891 [Test worker] DEBUG org.evosuite.runtime.classhandling.ClassResetter - __STATIC_RESET() method does not exists in class org.apache.log4j.Layout
09:34:58.891 [Test worker] DEBUG org.evosuite.runtime.classhandling.ClassResetter - __STATIC_RESET() method does not exists in class org.apache.log4j.PatternLayout
09:34:58.891 [Test worker] DEBUG org.evosuite.runtime.classhandling.ClassResetter - __STATIC_RESET() method does not exists in class org.apache.log4j.helpers.PatternParser
09:34:58.892 [Test worker] DEBUG org.evosuite.runtime.classhandling.ClassResetter - __STATIC_RESET() method does not exists in class org.apache.log4j.helpers.FormattingInfo
09:34:58.892 [Test worker] DEBUG org.evosuite.runtime.classhandling.ClassResetter - __STATIC_RESET() method does not exists in class org.apache.log4j.helpers.PatternConverter
09:34:58.892 [Test worker] DEBUG org.evosuite.runtime.classhandling.ClassResetter - __STATIC_RESET() method does not exists in class org.apache.log4j.helpers.PatternParser$BasicPatternConverter
09:34:58.893 [Test worker] DEBUG org.evosuite.runtime.classhandling.ClassResetter - __STATIC_RESET() method does not exists in class org.apache.log4j.helpers.PatternParser$LiteralPatternConverter
09:34:58.893 [Test worker] DEBUG org.evosuite.runtime.classhandling.ClassResetter - __STATIC_RESET() method does not exists in class org.apache.log4j.helpers.PatternParser$NamedPatternConverter
09:34:58.894 [Test worker] DEBUG org.evosuite.runtime.classhandling.ClassResetter - __STATIC_RESET() method does not exists in class org.apache.log4j.helpers.PatternParser$CategoryPatternConverter
09:34:58.894 [Test worker] DEBUG org.evosuite.runtime.classhandling.ClassResetter - __STATIC_RESET() method does not exists in class org.apache.log4j.helpers.OnlyOnceErrorHandler
09:34:58.894 [Test worker] DEBUG org.evosuite.runtime.classhandling.ClassResetter - __STATIC_RESET() method does not exists in class org.apache.log4j.helpers.QuietWriter
09:34:58.895 [Test worker] DEBUG org.evosuite.runtime.classhandling.ClassResetter - __STATIC_RESET() method does not exists in class org.apache.log4j.helpers.AppenderAttachableImpl
09:34:58.895 [Test worker] DEBUG org.evosuite.runtime.classhandling.ClassResetter - __STATIC_RESET() method does not exists in class org.apache.axis.encoding.DeserializerImpl
09:34:58.895 [Test worker] DEBUG org.evosuite.runtime.classhandling.ClassResetter - __STATIC_RESET() method does not exists in class org.apache.axis.encoding.ser.BeanDeserializer
09:34:58.896 [Test worker] DEBUG org.evosuite.runtime.classhandling.ClassResetter - __STATIC_RESET() method does not exists in class org.apache.axis.encoding.ser.BaseFactory
09:34:58.896 [Test worker] DEBUG org.evosuite.runtime.classhandling.ClassResetter - __STATIC_RESET() method does not exists in class org.apache.axis.encoding.ser.BaseDeserializerFactory
09:34:58.896 [Test worker] DEBUG org.evosuite.runtime.classhandling.ClassResetter - __STATIC_RESET() method does not exists in class org.apache.axis.encoding.ser.BeanDeserializerFactory
09:34:58.897 [Test worker] DEBUG org.evosuite.runtime.classhandling.ClassResetter - __STATIC_RESET() method does not exists in class org.apache.axis.utils.BeanUtils
09:34:58.897 [Test worker] DEBUG org.evosuite.runtime.classhandling.ClassResetter - __STATIC_RESET() method does not exists in class org.apache.axis.utils.BeanUtils$1
09:34:58.897 [Test worker] DEBUG org.evosuite.runtime.classhandling.ClassResetter - __STATIC_RESET() method does not exists in class org.apache.axis.AxisFault
09:34:58.898 [Test worker] DEBUG org.evosuite.runtime.classhandling.ClassResetter - __STATIC_RESET() method does not exists in class org.apache.axis.utils.BeanPropertyDescriptor
09:34:58.898 [Test worker] DEBUG org.evosuite.runtime.classhandling.ClassResetter - __STATIC_RESET() method does not exists in class org.apache.axis.encoding.ser.BeanSerializer
09:34:58.898 [Test worker] DEBUG org.evosuite.runtime.classhandling.ClassResetter - __STATIC_RESET() method does not exists in class mygrid.web.ArrayOfJob
09:34:58.899 [Test worker] DEBUG org.evosuite.runtime.classhandling.ClassResetter - __STATIC_RESET() method does not exists in class mygrid.web.Job
09:34:58.899 [Test worker] DEBUG org.evosuite.runtime.classhandling.ClassResetter - __STATIC_RESET() method does not exists in class mygrid.web.Processor
09:34:58.899 [Test worker] DEBUG org.evosuite.runtime.classhandling.ClassResetter - __STATIC_RESET() method does not exists in class mygrid.web.ArrayOfContextElement
09:34:58.900 [Test worker] DEBUG org.evosuite.runtime.classhandling.ClassResetter - __STATIC_RESET() method does not exists in class mygrid.web.ContextElement
09:34:58.900 [Test worker] DEBUG org.evosuite.runtime.classhandling.ClassResetter - __STATIC_RESET() method does not exists in class mygrid.web.Discriminator
09:34:58.900 [Test worker] DEBUG org.evosuite.runtime.classhandling.ClassResetter - __STATIC_RESET() method does not exists in class mygrid.web.ArrayOfString
09:34:58.901 [Test worker] DEBUG org.evosuite.runtime.classhandling.ClassResetter - __STATIC_RESET() method does not exists in class mygrid.web.Dependency
09:34:58.901 [Test worker] DEBUG org.evosuite.runtime.classhandling.ClassResetter - __STATIC_RESET() method does not exists in class mygrid.web.ArrayOfDependency
09:34:58.901 [Test worker] DEBUG org.evosuite.runtime.classhandling.ClassResetter - __STATIC_RESET() method does not exists in class mygrid.web.GridJobStatus
09:34:58.907 [Test worker] DEBUG org.evosuite.runtime.classhandling.ClassResetter - __STATIC_RESET() method does not exists in class org.apache.axis.description.TypeDesc
09:34:58.907 [Test worker] DEBUG org.evosuite.runtime.classhandling.ClassResetter - __STATIC_RESET() method does not exists in class org.apache.axis.description.FieldDesc
09:34:58.908 [Test worker] DEBUG org.evosuite.runtime.classhandling.ClassResetter - __STATIC_RESET() method does not exists in class org.apache.axis.description.ElementDesc
09:34:58.908 [Test worker] DEBUG org.evosuite.runtime.classhandling.ClassResetter - __STATIC_RESET() method does not exists in class mygrid.web._AvailableJobsResponse
09:34:58.908 [Test worker] DEBUG org.evosuite.runtime.classhandling.ClassResetter - __STATIC_RESET() method does not exists in class org.apache.axis.message.SOAPHandler
09:34:58.909 [Test worker] DEBUG org.evosuite.runtime.classhandling.ClassResetter - __STATIC_RESET() method does not exists in class org.apache.axis.components.logger.LogFactory$1
09:34:58.909 [Test worker] DEBUG org.evosuite.runtime.classhandling.ClassResetter - __STATIC_RESET() method does not exists in class org.apache.commons.logging.impl.Log4jFactory
09:34:58.909 [Test worker] DEBUG org.evosuite.runtime.classhandling.ClassResetter - __STATIC_RESET() method does not exists in class org.apache.axis.components.logger.LogFactory
09:34:58.909 [Test worker] DEBUG org.evosuite.runtime.classhandling.ClassResetter - __STATIC_RESET() method does not exists in class org.apache.commons.logging.impl.Log4JCategoryLog
09:34:58.910 [Test worker] DEBUG org.evosuite.runtime.classhandling.ClassResetter - __STATIC_RESET() method does not exists in class org.apache.log4j.Category
09:34:58.910 [Test worker] DEBUG org.evosuite.runtime.classhandling.ClassResetter - __STATIC_RESET() method does not exists in class org.apache.log4j.Hierarchy
09:34:58.910 [Test worker] DEBUG org.evosuite.runtime.classhandling.ClassResetter - __STATIC_RESET() method does not exists in class org.apache.log4j.Priority
09:34:58.911 [Test worker] DEBUG org.evosuite.runtime.classhandling.ClassResetter - __STATIC_RESET() method does not exists in class org.apache.log4j.Level
09:34:58.911 [Test worker] DEBUG org.evosuite.runtime.classhandling.ClassResetter - __STATIC_RESET() method does not exists in class org.apache.log4j.Logger
09:34:58.911 [Test worker] DEBUG org.evosuite.runtime.classhandling.ClassResetter - __STATIC_RESET() method does not exists in class org.apache.log4j.spi.RootCategory
09:34:58.911 [Test worker] DEBUG org.evosuite.runtime.classhandling.ClassResetter - __STATIC_RESET() method does not exists in class org.apache.log4j.or.DefaultRenderer
09:34:58.912 [Test worker] DEBUG org.evosuite.runtime.classhandling.ClassResetter - __STATIC_RESET() method does not exists in class org.apache.log4j.or.RendererMap
09:34:58.912 [Test worker] DEBUG org.evosuite.runtime.classhandling.ClassResetter - __STATIC_RESET() method does not exists in class org.apache.log4j.DefaultCategoryFactory
09:34:58.912 [Test worker] DEBUG org.evosuite.runtime.classhandling.ClassResetter - __STATIC_RESET() method does not exists in class org.apache.log4j.spi.DefaultRepositorySelector
09:34:58.913 [Test worker] DEBUG org.evosuite.runtime.classhandling.ClassResetter - __STATIC_RESET() method does not exists in class org.apache.log4j.helpers.OptionConverter
09:34:58.913 [Test worker] DEBUG org.evosuite.runtime.classhandling.ClassResetter - __STATIC_RESET() method does not exists in class org.apache.log4j.helpers.Loader
09:34:58.913 [Test worker] DEBUG org.evosuite.runtime.classhandling.ClassResetter - __STATIC_RESET() method does not exists in class org.apache.log4j.helpers.LogLog
09:34:58.914 [Test worker] DEBUG org.evosuite.runtime.classhandling.ClassResetter - __STATIC_RESET() method does not exists in class org.apache.log4j.PropertyConfigurator
09:34:58.914 [Test worker] DEBUG org.evosuite.runtime.classhandling.ClassResetter - __STATIC_RESET() method does not exists in class org.apache.log4j.LogManager
09:34:58.914 [Test worker] DEBUG org.evosuite.runtime.classhandling.ClassResetter - __STATIC_RESET() method does not exists in class org.apache.log4j.CategoryKey
09:34:58.915 [Test worker] DEBUG org.evosuite.runtime.classhandling.ClassResetter - __STATIC_RESET() method does not exists in class org.apache.log4j.ProvisionNode
09:34:58.915 [Test worker] DEBUG org.evosuite.runtime.classhandling.ClassResetter - __STATIC_RESET() method does not exists in class org.apache.log4j.helpers.NullEnumeration
09:34:58.915 [Test worker] DEBUG org.evosuite.runtime.classhandling.ClassResetter - __STATIC_RESET() method does not exists in class org.apache.log4j.AppenderSkeleton
09:34:58.916 [Test worker] DEBUG org.evosuite.runtime.classhandling.ClassResetter - __STATIC_RESET() method does not exists in class org.apache.log4j.WriterAppender
09:34:58.916 [Test worker] DEBUG org.evosuite.runtime.classhandling.ClassResetter - __STATIC_RESET() method does not exists in class org.apache.log4j.ConsoleAppender
09:34:58.916 [Test worker] DEBUG org.evosuite.runtime.classhandling.ClassResetter - __STATIC_RESET() method does not exists in class org.apache.log4j.Layout
09:34:58.917 [Test worker] DEBUG org.evosuite.runtime.classhandling.ClassResetter - __STATIC_RESET() method does not exists in class org.apache.log4j.PatternLayout
09:34:58.917 [Test worker] DEBUG org.evosuite.runtime.classhandling.ClassResetter - __STATIC_RESET() method does not exists in class org.apache.log4j.helpers.PatternParser
09:34:58.917 [Test worker] DEBUG org.evosuite.runtime.classhandling.ClassResetter - __STATIC_RESET() method does not exists in class org.apache.log4j.helpers.FormattingInfo
09:34:58.917 [Test worker] DEBUG org.evosuite.runtime.classhandling.ClassResetter - __STATIC_RESET() method does not exists in class org.apache.log4j.helpers.PatternConverter
09:34:58.918 [Test worker] DEBUG org.evosuite.runtime.classhandling.ClassResetter - __STATIC_RESET() method does not exists in class org.apache.log4j.helpers.PatternParser$BasicPatternConverter
09:34:58.918 [Test worker] DEBUG org.evosuite.runtime.classhandling.ClassResetter - __STATIC_RESET() method does not exists in class org.apache.log4j.helpers.PatternParser$LiteralPatternConverter
09:34:58.918 [Test worker] DEBUG org.evosuite.runtime.classhandling.ClassResetter - __STATIC_RESET() method does not exists in class org.apache.log4j.helpers.PatternParser$NamedPatternConverter
09:34:58.919 [Test worker] DEBUG org.evosuite.runtime.classhandling.ClassResetter - __STATIC_RESET() method does not exists in class org.apache.log4j.helpers.PatternParser$CategoryPatternConverter
09:34:58.919 [Test worker] DEBUG org.evosuite.runtime.classhandling.ClassResetter - __STATIC_RESET() method does not exists in class org.apache.log4j.helpers.OnlyOnceErrorHandler
09:34:58.919 [Test worker] DEBUG org.evosuite.runtime.classhandling.ClassResetter - __STATIC_RESET() method does not exists in class org.apache.log4j.helpers.QuietWriter
09:34:58.920 [Test worker] DEBUG org.evosuite.runtime.classhandling.ClassResetter - __STATIC_RESET() method does not exists in class org.apache.log4j.helpers.AppenderAttachableImpl
09:34:58.920 [Test worker] DEBUG org.evosuite.runtime.classhandling.ClassResetter - __STATIC_RESET() method does not exists in class org.apache.axis.encoding.DeserializerImpl
09:34:58.920 [Test worker] DEBUG org.evosuite.runtime.classhandling.ClassResetter - __STATIC_RESET() method does not exists in class org.apache.axis.encoding.ser.BeanDeserializer
09:34:58.920 [Test worker] DEBUG org.evosuite.runtime.classhandling.ClassResetter - __STATIC_RESET() method does not exists in class org.apache.axis.encoding.ser.BaseFactory
09:34:58.921 [Test worker] DEBUG org.evosuite.runtime.classhandling.ClassResetter - __STATIC_RESET() method does not exists in class org.apache.axis.encoding.ser.BaseDeserializerFactory
09:34:58.921 [Test worker] DEBUG org.evosuite.runtime.classhandling.ClassResetter - __STATIC_RESET() method does not exists in class org.apache.axis.encoding.ser.BeanDeserializerFactory
09:34:58.921 [Test worker] DEBUG org.evosuite.runtime.classhandling.ClassResetter - __STATIC_RESET() method does not exists in class org.apache.axis.utils.BeanUtils
09:34:58.922 [Test worker] DEBUG org.evosuite.runtime.classhandling.ClassResetter - __STATIC_RESET() method does not exists in class org.apache.axis.utils.BeanUtils$1
09:34:58.922 [Test worker] DEBUG org.evosuite.runtime.classhandling.ClassResetter - __STATIC_RESET() method does not exists in class org.apache.axis.AxisFault
09:34:58.922 [Test worker] DEBUG org.evosuite.runtime.classhandling.ClassResetter - __STATIC_RESET() method does not exists in class org.apache.axis.utils.BeanPropertyDescriptor
09:34:58.923 [Test worker] DEBUG org.evosuite.runtime.classhandling.ClassResetter - __STATIC_RESET() method does not exists in class org.apache.axis.encoding.ser.BeanSerializer
09:34:58.923 [Test worker] DEBUG org.evosuite.runtime.classhandling.ClassResetter - __STATIC_RESET() method does not exists in class mygrid.web.ArrayOfJob
09:34:58.923 [Test worker] DEBUG org.evosuite.runtime.classhandling.ClassResetter - __STATIC_RESET() method does not exists in class mygrid.web.Job
09:34:58.923 [Test worker] DEBUG org.evosuite.runtime.classhandling.ClassResetter - __STATIC_RESET() method does not exists in class mygrid.web.Processor
09:34:58.924 [Test worker] DEBUG org.evosuite.runtime.classhandling.ClassResetter - __STATIC_RESET() method does not exists in class mygrid.web.ArrayOfContextElement
09:34:58.924 [Test worker] DEBUG org.evosuite.runtime.classhandling.ClassResetter - __STATIC_RESET() method does not exists in class mygrid.web.ContextElement
09:34:58.924 [Test worker] DEBUG org.evosuite.runtime.classhandling.ClassResetter - __STATIC_RESET() method does not exists in class mygrid.web.Discriminator
09:34:58.924 [Test worker] DEBUG org.evosuite.runtime.classhandling.ClassResetter - __STATIC_RESET() method does not exists in class mygrid.web.ArrayOfString
09:34:58.925 [Test worker] DEBUG org.evosuite.runtime.classhandling.ClassResetter - __STATIC_RESET() method does not exists in class mygrid.web.Dependency
09:34:58.925 [Test worker] DEBUG org.evosuite.runtime.classhandling.ClassResetter - __STATIC_RESET() method does not exists in class mygrid.web.ArrayOfDependency
09:34:58.925 [Test worker] DEBUG org.evosuite.runtime.classhandling.ClassResetter - __STATIC_RESET() method does not exists in class mygrid.web.GridJobStatus
]]></system-out>
  <system-err><![CDATA[]]></system-err>
</testsuite>
