<?xml version="1.0" encoding="UTF-8"?>
<testsuite name="org.templateit.WorkbookParser_ESTest" tests="3" skipped="0" failures="1" errors="0" timestamp="2024-03-15T09:57:52" hostname="dark-cable-rests-fin-01" time="0.337">
  <properties/>
  <testcase name="testParseTakingNoArguments()" classname="org.templateit.WorkbookParser_ESTest" time="0.151"/>
  <testcase name="testParseTakingSet()" classname="org.templateit.WorkbookParser_ESTest" time="0.067"/>
  <testcase name="initializationError" classname="org.templateit.WorkbookParser_ESTest" time="0.001">
    <failure message="org.junit.runners.model.InvalidTestClassError: Invalid test class 'org.templateit.WorkbookParser_ESTest':&#10;  1. No runnable methods" type="org.junit.runners.model.InvalidTestClassError">org.junit.runners.model.InvalidTestClassError: Invalid test class 'org.templateit.WorkbookParser_ESTest':
  1. No runnable methods
	at org.junit.runners.ParentRunner.validate(ParentRunner.java:525)
	at org.junit.runners.ParentRunner.&lt;init&gt;(ParentRunner.java:92)
	at org.junit.runners.BlockJUnit4ClassRunner.&lt;init&gt;(BlockJUnit4ClassRunner.java:74)
	at org.evosuite.runtime.EvoRunner.&lt;init&gt;(EvoRunner.java:76)
	at sun.reflect.NativeConstructorAccessorImpl.newInstance0(Native Method)
	at sun.reflect.NativeConstructorAccessorImpl.newInstance(NativeConstructorAccessorImpl.java:62)
	at sun.reflect.DelegatingConstructorAccessorImpl.newInstance(DelegatingConstructorAccessorImpl.java:45)
	at java.lang.reflect.Constructor.newInstance(Constructor.java:423)
	at org.junit.internal.builders.AnnotatedBuilder.buildRunner(AnnotatedBuilder.java:104)
	at org.junit.vintage.engine.discovery.DefensiveAllDefaultPossibilitiesBuilder$DefensiveAnnotatedBuilder.buildRunner(DefensiveAllDefaultPossibilitiesBuilder.java:114)
	at org.junit.internal.builders.AnnotatedBuilder.runnerForClass(AnnotatedBuilder.java:86)
	at org.junit.runners.model.RunnerBuilder.safeRunnerForClass(RunnerBuilder.java:70)
	at org.junit.internal.builders.AllDefaultPossibilitiesBuilder.runnerForClass(AllDefaultPossibilitiesBuilder.java:37)
	at org.junit.vintage.engine.discovery.DefensiveAllDefaultPossibilitiesBuilder.runnerForClass(DefensiveAllDefaultPossibilitiesBuilder.java:57)
	at org.junit.runners.model.RunnerBuilder.safeRunnerForClass(RunnerBuilder.java:70)
	at org.junit.vintage.engine.discovery.ClassSelectorResolver.resolveTestClass(ClassSelectorResolver.java:66)
	at org.junit.vintage.engine.discovery.ClassSelectorResolver.resolve(ClassSelectorResolver.java:47)
	at org.junit.platform.engine.support.discovery.EngineDiscoveryRequestResolution.lambda$resolve$2(EngineDiscoveryRequestResolution.java:134)
	at java.util.stream.ReferencePipeline$3$1.accept(ReferencePipeline.java:193)
	at java.util.ArrayList$ArrayListSpliterator.tryAdvance(ArrayList.java:1361)
	at java.util.stream.ReferencePipeline.forEachWithCancel(ReferencePipeline.java:126)
	at java.util.stream.AbstractPipeline.copyIntoWithCancel(AbstractPipeline.java:499)
	at java.util.stream.AbstractPipeline.copyInto(AbstractPipeline.java:486)
	at java.util.stream.AbstractPipeline.wrapAndCopyInto(AbstractPipeline.java:472)
	at java.util.stream.FindOps$FindOp.evaluateSequential(FindOps.java:152)
	at java.util.stream.AbstractPipeline.evaluate(AbstractPipeline.java:234)
	at java.util.stream.ReferencePipeline.findFirst(ReferencePipeline.java:531)
	at org.junit.platform.engine.support.discovery.EngineDiscoveryRequestResolution.resolve(EngineDiscoveryRequestResolution.java:185)
	at org.junit.platform.engine.support.discovery.EngineDiscoveryRequestResolution.resolve(EngineDiscoveryRequestResolution.java:125)
	at org.junit.platform.engine.support.discovery.EngineDiscoveryRequestResolution.resolveCompletely(EngineDiscoveryRequestResolution.java:91)
	at org.junit.platform.engine.support.discovery.EngineDiscoveryRequestResolution.run(EngineDiscoveryRequestResolution.java:82)
	at org.junit.platform.engine.support.discovery.EngineDiscoveryRequestResolver.resolve(EngineDiscoveryRequestResolver.java:113)
	at org.junit.vintage.engine.discovery.VintageDiscoverer.discover(VintageDiscoverer.java:42)
	at org.junit.vintage.engine.VintageTestEngine.discover(VintageTestEngine.java:64)
	at org.junit.platform.launcher.core.EngineDiscoveryOrchestrator.discoverEngineRoot(EngineDiscoveryOrchestrator.java:152)
	at org.junit.platform.launcher.core.EngineDiscoveryOrchestrator.discoverSafely(EngineDiscoveryOrchestrator.java:134)
	at org.junit.platform.launcher.core.EngineDiscoveryOrchestrator.discover(EngineDiscoveryOrchestrator.java:108)
	at org.junit.platform.launcher.core.EngineDiscoveryOrchestrator.discover(EngineDiscoveryOrchestrator.java:80)
	at org.junit.platform.launcher.core.DefaultLauncher.discover(DefaultLauncher.java:110)
	at org.junit.platform.launcher.core.DefaultLauncher.execute(DefaultLauncher.java:86)
	at org.junit.platform.launcher.core.DefaultLauncherSession$DelegatingLauncher.execute(DefaultLauncherSession.java:86)
	at org.gradle.api.internal.tasks.testing.junitplatform.JUnitPlatformTestClassProcessor$CollectAllTestClassesExecutor.processAllTestClasses(JUnitPlatformTestClassProcessor.java:119)
	at org.gradle.api.internal.tasks.testing.junitplatform.JUnitPlatformTestClassProcessor$CollectAllTestClassesExecutor.access$000(JUnitPlatformTestClassProcessor.java:94)
	at org.gradle.api.internal.tasks.testing.junitplatform.JUnitPlatformTestClassProcessor.stop(JUnitPlatformTestClassProcessor.java:89)
	at org.gradle.api.internal.tasks.testing.SuiteTestClassProcessor.stop(SuiteTestClassProcessor.java:62)
	at sun.reflect.NativeMethodAccessorImpl.invoke0(Native Method)
	at sun.reflect.NativeMethodAccessorImpl.invoke(NativeMethodAccessorImpl.java:62)
	at sun.reflect.DelegatingMethodAccessorImpl.invoke(DelegatingMethodAccessorImpl.java:43)
	at java.lang.reflect.Method.invoke(Method.java:498)
	at org.gradle.internal.dispatch.ReflectionDispatch.dispatch(ReflectionDispatch.java:36)
	at org.gradle.internal.dispatch.ReflectionDispatch.dispatch(ReflectionDispatch.java:24)
	at org.gradle.internal.dispatch.ContextClassLoaderDispatch.dispatch(ContextClassLoaderDispatch.java:33)
	at org.gradle.internal.dispatch.ProxyDispatchAdapter$DispatchingInvocationHandler.invoke(ProxyDispatchAdapter.java:94)
	at com.sun.proxy.$Proxy2.stop(Unknown Source)
	at org.gradle.api.internal.tasks.testing.worker.TestWorker$3.run(TestWorker.java:193)
	at org.gradle.api.internal.tasks.testing.worker.TestWorker.executeAndMaintainThreadName(TestWorker.java:129)
	at org.gradle.api.internal.tasks.testing.worker.TestWorker.execute(TestWorker.java:100)
	at org.gradle.api.internal.tasks.testing.worker.TestWorker.execute(TestWorker.java:60)
	at org.gradle.process.internal.worker.child.ActionExecutionWorker.execute(ActionExecutionWorker.java:56)
	at org.gradle.process.internal.worker.child.SystemApplicationClassLoaderWorker.call(SystemApplicationClassLoaderWorker.java:113)
	at org.gradle.process.internal.worker.child.SystemApplicationClassLoaderWorker.call(SystemApplicationClassLoaderWorker.java:65)
	at worker.org.gradle.process.internal.worker.GradleWorkerMain.run(GradleWorkerMain.java:69)
	at worker.org.gradle.process.internal.worker.GradleWorkerMain.main(GradleWorkerMain.java:74)
</failure>
  </testcase>
  <system-out><![CDATA[09:57:51.229 [Test worker] WARN org.evosuite.runtime.sandbox.Sandbox - Sandbox can be initalized only once
09:57:51.631 [Test worker] INFO org.evosuite.runtime.instrumentation.EvoClassLoader - Seeing class for first time: org.apache.log4j.ConsoleAppender
09:57:51.632 [Test worker] INFO org.evosuite.runtime.instrumentation.EvoClassLoader - Instrumenting class 'org.apache.log4j.ConsoleAppender'.
09:57:51.652 [Test worker] INFO org.evosuite.runtime.instrumentation.MethodCallReplacementClassAdapter - Adding mock interface to class org/apache/log4j/ConsoleAppender
09:57:51.944 [Test worker] INFO org.evosuite.runtime.instrumentation.CreateClassResetClassAdapter - Creating brand-new static initializer in class org/apache/log4j/ConsoleAppender
09:57:51.945 [Test worker] INFO org.evosuite.runtime.instrumentation.CreateClassResetClassAdapter - Adding bytecode for initializing field SYSTEM_OUT
09:57:51.946 [Test worker] INFO org.evosuite.runtime.instrumentation.CreateClassResetClassAdapter - Adding bytecode for initializing field SYSTEM_ERR
09:57:51.949 [Test worker] INFO org.evosuite.runtime.instrumentation.EvoClassLoader - Seeing class for first time: org.apache.log4j.WriterAppender
09:57:51.949 [Test worker] INFO org.evosuite.runtime.instrumentation.EvoClassLoader - Instrumenting class 'org.apache.log4j.WriterAppender'.
09:57:51.959 [Test worker] INFO org.evosuite.runtime.instrumentation.MethodCallReplacementClassAdapter - Adding mock interface to class org/apache/log4j/WriterAppender
09:57:51.970 [Test worker] INFO org.evosuite.runtime.instrumentation.CreateClassResetClassAdapter - Creating brand-new static initializer in class org/apache/log4j/WriterAppender
09:57:51.971 [Test worker] INFO org.evosuite.runtime.instrumentation.EvoClassLoader - Seeing class for first time: org.apache.log4j.AppenderSkeleton
09:57:51.971 [Test worker] INFO org.evosuite.runtime.instrumentation.EvoClassLoader - Instrumenting class 'org.apache.log4j.AppenderSkeleton'.
09:57:51.973 [Test worker] INFO org.evosuite.runtime.instrumentation.MethodCallReplacementClassAdapter - Adding mock interface to class org/apache/log4j/AppenderSkeleton
09:57:51.977 [Test worker] INFO org.evosuite.runtime.instrumentation.CreateClassResetClassAdapter - Creating brand-new static initializer in class org/apache/log4j/AppenderSkeleton
09:57:51.977 [Test worker] INFO org.evosuite.runtime.instrumentation.EvoClassLoader - Seeing class for first time: org.apache.log4j.Appender
09:57:51.978 [Test worker] INFO org.evosuite.runtime.instrumentation.EvoClassLoader - Instrumenting class 'org.apache.log4j.Appender'.
09:57:51.980 [Test worker] INFO org.evosuite.runtime.instrumentation.EvoClassLoader - Keeping class: org.apache.log4j.Appender
09:57:51.980 [Test worker] INFO org.evosuite.runtime.instrumentation.EvoClassLoader - Seeing class for first time: org.apache.log4j.spi.OptionHandler
09:57:51.980 [Test worker] INFO org.evosuite.runtime.instrumentation.EvoClassLoader - Instrumenting class 'org.apache.log4j.spi.OptionHandler'.
09:57:51.982 [Test worker] INFO org.evosuite.runtime.instrumentation.EvoClassLoader - Keeping class: org.apache.log4j.spi.OptionHandler
09:57:51.982 [Test worker] INFO org.evosuite.runtime.instrumentation.EvoClassLoader - Keeping class: org.apache.log4j.AppenderSkeleton
09:57:51.982 [Test worker] INFO org.evosuite.runtime.instrumentation.EvoClassLoader - Keeping class: org.apache.log4j.WriterAppender
09:57:51.982 [Test worker] INFO org.evosuite.runtime.instrumentation.EvoClassLoader - Keeping class: org.apache.log4j.ConsoleAppender
09:57:52.104 [Test worker] ERROR org.evosuite.runtime.classhandling.ClassStateSupport - Found $jacocoInit in class org.apache.poi.hssf.record.PasswordRev4Record
09:57:52.165 [Test worker] ERROR org.evosuite.runtime.classhandling.ClassStateSupport - Class org.apache.poi.hssf.record.PasswordRev4Record was not instrumented by EvoSuite. This could happen if you are running JUnit tests in a way that is not handled by EvoSuite, in which some classes are loaded be reflection before the tests are run. Consult the EvoSuite documentation for possible workarounds for this issue.
09:57:52.166 [Test worker] ERROR org.evosuite.runtime.classhandling.ClassStateSupport - Class org.apache.poi.hssf.record.DefaultColWidthRecord was not instrumented by EvoSuite. This could happen if you are running JUnit tests in a way that is not handled by EvoSuite, in which some classes are loaded be reflection before the tests are run. Consult the EvoSuite documentation for possible workarounds for this issue.
09:57:52.166 [Test worker] ERROR org.evosuite.runtime.classhandling.ClassStateSupport - Class org.apache.poi.hssf.record.ArrayRecord was not instrumented by EvoSuite. This could happen if you are running JUnit tests in a way that is not handled by EvoSuite, in which some classes are loaded be reflection before the tests are run. Consult the EvoSuite documentation for possible workarounds for this issue.
09:57:52.166 [Test worker] ERROR org.evosuite.runtime.classhandling.ClassStateSupport - Class org.apache.poi.hssf.record.DateWindow1904Record was not instrumented by EvoSuite. This could happen if you are running JUnit tests in a way that is not handled by EvoSuite, in which some classes are loaded be reflection before the tests are run. Consult the EvoSuite documentation for possible workarounds for this issue.
09:57:52.166 [Test worker] ERROR org.evosuite.runtime.classhandling.ClassStateSupport - Class org.apache.poi.hssf.util.PaneInformation was not instrumented by EvoSuite. This could happen if you are running JUnit tests in a way that is not handled by EvoSuite, in which some classes are loaded be reflection before the tests are run. Consult the EvoSuite documentation for possible workarounds for this issue.
09:57:52.166 [Test worker] ERROR org.evosuite.runtime.classhandling.ClassStateSupport - Class org.apache.poi.hpsf.VariantTypeException was not instrumented by EvoSuite. This could happen if you are running JUnit tests in a way that is not handled by EvoSuite, in which some classes are loaded be reflection before the tests are run. Consult the EvoSuite documentation for possible workarounds for this issue.
09:57:52.166 [Test worker] ERROR org.evosuite.runtime.classhandling.ClassStateSupport - Class org.apache.log4j.Level was not instrumented by EvoSuite. This could happen if you are running JUnit tests in a way that is not handled by EvoSuite, in which some classes are loaded be reflection before the tests are run. Consult the EvoSuite documentation for possible workarounds for this issue.
09:57:52.166 [Test worker] ERROR org.evosuite.runtime.classhandling.ClassStateSupport - Class org.apache.poi.hssf.usermodel.HSSFSheet was not instrumented by EvoSuite. This could happen if you are running JUnit tests in a way that is not handled by EvoSuite, in which some classes are loaded be reflection before the tests are run. Consult the EvoSuite documentation for possible workarounds for this issue.
09:57:52.166 [Test worker] ERROR org.evosuite.runtime.classhandling.ClassStateSupport - Class org.apache.poi.hssf.record.PageBreakRecord was not instrumented by EvoSuite. This could happen if you are running JUnit tests in a way that is not handled by EvoSuite, in which some classes are loaded be reflection before the tests are run. Consult the EvoSuite documentation for possible workarounds for this issue.
09:57:52.166 [Test worker] ERROR org.evosuite.runtime.classhandling.ClassStateSupport - Class org.apache.poi.hssf.record.StyleRecord was not instrumented by EvoSuite. This could happen if you are running JUnit tests in a way that is not handled by EvoSuite, in which some classes are loaded be reflection before the tests are run. Consult the EvoSuite documentation for possible workarounds for this issue.
09:57:52.166 [Test worker] ERROR org.evosuite.runtime.classhandling.ClassStateSupport - Class org.apache.poi.hssf.record.PrintSetupRecord was not instrumented by EvoSuite. This could happen if you are running JUnit tests in a way that is not handled by EvoSuite, in which some classes are loaded be reflection before the tests are run. Consult the EvoSuite documentation for possible workarounds for this issue.
09:57:52.167 [Test worker] ERROR org.evosuite.runtime.classhandling.ClassStateSupport - Class org.apache.poi.hssf.record.Record was not instrumented by EvoSuite. This could happen if you are running JUnit tests in a way that is not handled by EvoSuite, in which some classes are loaded be reflection before the tests are run. Consult the EvoSuite documentation for possible workarounds for this issue.
09:57:52.167 [Test worker] ERROR org.evosuite.runtime.classhandling.ClassStateSupport - Class org.apache.poi.POIDocument was not instrumented by EvoSuite. This could happen if you are running JUnit tests in a way that is not handled by EvoSuite, in which some classes are loaded be reflection before the tests are run. Consult the EvoSuite documentation for possible workarounds for this issue.
09:57:52.167 [Test worker] ERROR org.evosuite.runtime.classhandling.ClassStateSupport - Class org.apache.poi.hssf.record.aggregates.RecordAggregate was not instrumented by EvoSuite. This could happen if you are running JUnit tests in a way that is not handled by EvoSuite, in which some classes are loaded be reflection before the tests are run. Consult the EvoSuite documentation for possible workarounds for this issue.
09:57:52.167 [Test worker] ERROR org.evosuite.runtime.classhandling.ClassStateSupport - Class org.apache.poi.hssf.usermodel.HSSFHeader was not instrumented by EvoSuite. This could happen if you are running JUnit tests in a way that is not handled by EvoSuite, in which some classes are loaded be reflection before the tests are run. Consult the EvoSuite documentation for possible workarounds for this issue.
09:57:52.167 [Test worker] ERROR org.evosuite.runtime.classhandling.ClassStateSupport - Class org.apache.poi.hssf.record.PrecisionRecord was not instrumented by EvoSuite. This could happen if you are running JUnit tests in a way that is not handled by EvoSuite, in which some classes are loaded be reflection before the tests are run. Consult the EvoSuite documentation for possible workarounds for this issue.
09:57:52.167 [Test worker] ERROR org.evosuite.runtime.classhandling.ClassStateSupport - Class org.apache.poi.hssf.record.TopMarginRecord was not instrumented by EvoSuite. This could happen if you are running JUnit tests in a way that is not handled by EvoSuite, in which some classes are loaded be reflection before the tests are run. Consult the EvoSuite documentation for possible workarounds for this issue.
09:57:52.167 [Test worker] ERROR org.evosuite.runtime.classhandling.ClassStateSupport - Class org.apache.poi.hssf.record.FnGroupCountRecord was not instrumented by EvoSuite. This could happen if you are running JUnit tests in a way that is not handled by EvoSuite, in which some classes are loaded be reflection before the tests are run. Consult the EvoSuite documentation for possible workarounds for this issue.
09:57:52.167 [Test worker] ERROR org.evosuite.runtime.classhandling.ClassStateSupport - Class org.apache.poi.ddf.EscherBlipRecord was not instrumented by EvoSuite. This could happen if you are running JUnit tests in a way that is not handled by EvoSuite, in which some classes are loaded be reflection before the tests are run. Consult the EvoSuite documentation for possible workarounds for this issue.
09:57:52.167 [Test worker] ERROR org.evosuite.runtime.classhandling.ClassStateSupport - Class org.apache.poi.hssf.record.HorizontalPageBreakRecord was not instrumented by EvoSuite. This could happen if you are running JUnit tests in a way that is not handled by EvoSuite, in which some classes are loaded be reflection before the tests are run. Consult the EvoSuite documentation for possible workarounds for this issue.
09:57:52.167 [Test worker] ERROR org.evosuite.runtime.classhandling.ClassStateSupport - Class org.apache.poi.hssf.record.WindowTwoRecord was not instrumented by EvoSuite. This could happen if you are running JUnit tests in a way that is not handled by EvoSuite, in which some classes are loaded be reflection before the tests are run. Consult the EvoSuite documentation for possible workarounds for this issue.
09:57:52.168 [Test worker] ERROR org.evosuite.runtime.classhandling.ClassStateSupport - Class org.apache.poi.ddf.EscherSplitMenuColorsRecord was not instrumented by EvoSuite. This could happen if you are running JUnit tests in a way that is not handled by EvoSuite, in which some classes are loaded be reflection before the tests are run. Consult the EvoSuite documentation for possible workarounds for this issue.
09:57:52.168 [Test worker] ERROR org.evosuite.runtime.classhandling.ClassStateSupport - Class org.apache.poi.hssf.usermodel.HSSFDataValidation was not instrumented by EvoSuite. This could happen if you are running JUnit tests in a way that is not handled by EvoSuite, in which some classes are loaded be reflection before the tests are run. Consult the EvoSuite documentation for possible workarounds for this issue.
09:57:52.168 [Test worker] ERROR org.evosuite.runtime.classhandling.ClassStateSupport - Class org.apache.poi.hssf.record.HeaderRecord was not instrumented by EvoSuite. This could happen if you are running JUnit tests in a way that is not handled by EvoSuite, in which some classes are loaded be reflection before the tests are run. Consult the EvoSuite documentation for possible workarounds for this issue.
09:57:52.168 [Test worker] ERROR org.evosuite.runtime.classhandling.ClassStateSupport - Class org.apache.poi.hssf.record.UnicodeString was not instrumented by EvoSuite. This could happen if you are running JUnit tests in a way that is not handled by EvoSuite, in which some classes are loaded be reflection before the tests are run. Consult the EvoSuite documentation for possible workarounds for this issue.
09:57:52.168 [Test worker] ERROR org.evosuite.runtime.classhandling.ClassStateSupport - Class org.apache.poi.hssf.record.IterationRecord was not instrumented by EvoSuite. This could happen if you are running JUnit tests in a way that is not handled by EvoSuite, in which some classes are loaded be reflection before the tests are run. Consult the EvoSuite documentation for possible workarounds for this issue.
09:57:52.168 [Test worker] ERROR org.evosuite.runtime.classhandling.ClassStateSupport - Class org.apache.log4j.Hierarchy was not instrumented by EvoSuite. This could happen if you are running JUnit tests in a way that is not handled by EvoSuite, in which some classes are loaded be reflection before the tests are run. Consult the EvoSuite documentation for possible workarounds for this issue.
09:57:52.168 [Test worker] ERROR org.evosuite.runtime.classhandling.ClassStateSupport - Class org.apache.poi.hssf.record.RecordFormatException was not instrumented by EvoSuite. This could happen if you are running JUnit tests in a way that is not handled by EvoSuite, in which some classes are loaded be reflection before the tests are run. Consult the EvoSuite documentation for possible workarounds for this issue.
09:57:52.168 [Test worker] ERROR org.evosuite.runtime.classhandling.ClassStateSupport - Class org.apache.poi.hssf.record.ExternSheetRecord$RefSubRecord was not instrumented by EvoSuite. This could happen if you are running JUnit tests in a way that is not handled by EvoSuite, in which some classes are loaded be reflection before the tests are run. Consult the EvoSuite documentation for possible workarounds for this issue.
09:57:52.168 [Test worker] ERROR org.evosuite.runtime.classhandling.ClassStateSupport - Class org.apache.poi.hssf.record.BOFRecord was not instrumented by EvoSuite. This could happen if you are running JUnit tests in a way that is not handled by EvoSuite, in which some classes are loaded be reflection before the tests are run. Consult the EvoSuite documentation for possible workarounds for this issue.
09:57:52.168 [Test worker] ERROR org.evosuite.runtime.classhandling.ClassStateSupport - Class org.apache.poi.hssf.record.FontRecord was not instrumented by EvoSuite. This could happen if you are running JUnit tests in a way that is not handled by EvoSuite, in which some classes are loaded be reflection before the tests are run. Consult the EvoSuite documentation for possible workarounds for this issue.
09:57:52.169 [Test worker] ERROR org.evosuite.runtime.classhandling.ClassStateSupport - Class org.apache.poi.hssf.usermodel.HSSFShape was not instrumented by EvoSuite. This could happen if you are running JUnit tests in a way that is not handled by EvoSuite, in which some classes are loaded be reflection before the tests are run. Consult the EvoSuite documentation for possible workarounds for this issue.
09:57:52.169 [Test worker] ERROR org.evosuite.runtime.classhandling.ClassStateSupport - Class org.apache.poi.hpsf.SpecialPropertySet was not instrumented by EvoSuite. This could happen if you are running JUnit tests in a way that is not handled by EvoSuite, in which some classes are loaded be reflection before the tests are run. Consult the EvoSuite documentation for possible workarounds for this issue.
09:57:52.169 [Test worker] ERROR org.evosuite.runtime.classhandling.ClassStateSupport - Class org.apache.poi.hssf.record.SharedValueRecordBase was not instrumented by EvoSuite. This could happen if you are running JUnit tests in a way that is not handled by EvoSuite, in which some classes are loaded be reflection before the tests are run. Consult the EvoSuite documentation for possible workarounds for this issue.
09:57:52.169 [Test worker] ERROR org.evosuite.runtime.classhandling.ClassStateSupport - Class org.apache.log4j.spi.DefaultRepositorySelector was not instrumented by EvoSuite. This could happen if you are running JUnit tests in a way that is not handled by EvoSuite, in which some classes are loaded be reflection before the tests are run. Consult the EvoSuite documentation for possible workarounds for this issue.
09:57:52.169 [Test worker] ERROR org.evosuite.runtime.classhandling.ClassStateSupport - Class org.apache.poi.hssf.record.InterfaceEndRecord was not instrumented by EvoSuite. This could happen if you are running JUnit tests in a way that is not handled by EvoSuite, in which some classes are loaded be reflection before the tests are run. Consult the EvoSuite documentation for possible workarounds for this issue.
09:57:52.169 [Test worker] ERROR org.evosuite.runtime.classhandling.ClassStateSupport - Class org.apache.poi.util.BitFieldFactory was not instrumented by EvoSuite. This could happen if you are running JUnit tests in a way that is not handled by EvoSuite, in which some classes are loaded be reflection before the tests are run. Consult the EvoSuite documentation for possible workarounds for this issue.
09:57:52.169 [Test worker] ERROR org.evosuite.runtime.classhandling.ClassStateSupport - Class org.apache.poi.hssf.record.PasswordRecord was not instrumented by EvoSuite. This could happen if you are running JUnit tests in a way that is not handled by EvoSuite, in which some classes are loaded be reflection before the tests are run. Consult the EvoSuite documentation for possible workarounds for this issue.
09:57:52.169 [Test worker] ERROR org.evosuite.runtime.classhandling.ClassStateSupport - Class org.apache.poi.hssf.record.PaletteRecord was not instrumented by EvoSuite. This could happen if you are running JUnit tests in a way that is not handled by EvoSuite, in which some classes are loaded be reflection before the tests are run. Consult the EvoSuite documentation for possible workarounds for this issue.
09:57:52.169 [Test worker] ERROR org.evosuite.runtime.classhandling.ClassStateSupport - Class org.apache.poi.hssf.record.WSBoolRecord was not instrumented by EvoSuite. This could happen if you are running JUnit tests in a way that is not handled by EvoSuite, in which some classes are loaded be reflection before the tests are run. Consult the EvoSuite documentation for possible workarounds for this issue.
09:57:52.169 [Test worker] ERROR org.evosuite.runtime.classhandling.ClassStateSupport - Class org.apache.poi.hssf.util.CellRangeAddressBase was not instrumented by EvoSuite. This could happen if you are running JUnit tests in a way that is not handled by EvoSuite, in which some classes are loaded be reflection before the tests are run. Consult the EvoSuite documentation for possible workarounds for this issue.
09:57:52.170 [Test worker] ERROR org.evosuite.runtime.classhandling.ClassStateSupport - Class org.apache.poi.hssf.record.RightMarginRecord was not instrumented by EvoSuite. This could happen if you are running JUnit tests in a way that is not handled by EvoSuite, in which some classes are loaded be reflection before the tests are run. Consult the EvoSuite documentation for possible workarounds for this issue.
09:57:52.170 [Test worker] ERROR org.evosuite.runtime.classhandling.ClassStateSupport - Class org.apache.poi.hssf.record.BottomMarginRecord was not instrumented by EvoSuite. This could happen if you are running JUnit tests in a way that is not handled by EvoSuite, in which some classes are loaded be reflection before the tests are run. Consult the EvoSuite documentation for possible workarounds for this issue.
09:57:52.170 [Test worker] ERROR org.evosuite.runtime.classhandling.ClassStateSupport - Class org.apache.poi.poifs.filesystem.EntryNode was not instrumented by EvoSuite. This could happen if you are running JUnit tests in a way that is not handled by EvoSuite, in which some classes are loaded be reflection before the tests are run. Consult the EvoSuite documentation for possible workarounds for this issue.
09:57:52.170 [Test worker] ERROR org.evosuite.runtime.classhandling.ClassStateSupport - Class org.apache.poi.hssf.usermodel.HSSFPrintSetup was not instrumented by EvoSuite. This could happen if you are running JUnit tests in a way that is not handled by EvoSuite, in which some classes are loaded be reflection before the tests are run. Consult the EvoSuite documentation for possible workarounds for this issue.
09:57:52.170 [Test worker] ERROR org.evosuite.runtime.classhandling.ClassStateSupport - Class org.apache.poi.hssf.usermodel.HSSFPatriarch was not instrumented by EvoSuite. This could happen if you are running JUnit tests in a way that is not handled by EvoSuite, in which some classes are loaded be reflection before the tests are run. Consult the EvoSuite documentation for possible workarounds for this issue.
09:57:52.170 [Test worker] ERROR org.evosuite.runtime.classhandling.ClassStateSupport - Class org.apache.poi.hssf.record.EscherAggregate was not instrumented by EvoSuite. This could happen if you are running JUnit tests in a way that is not handled by EvoSuite, in which some classes are loaded be reflection before the tests are run. Consult the EvoSuite documentation for possible workarounds for this issue.
09:57:52.170 [Test worker] ERROR org.evosuite.runtime.classhandling.ClassStateSupport - Class org.apache.log4j.helpers.OptionConverter was not instrumented by EvoSuite. This could happen if you are running JUnit tests in a way that is not handled by EvoSuite, in which some classes are loaded be reflection before the tests are run. Consult the EvoSuite documentation for possible workarounds for this issue.
09:57:52.170 [Test worker] ERROR org.evosuite.runtime.classhandling.ClassStateSupport - Class org.apache.poi.poifs.filesystem.DocumentInputStream was not instrumented by EvoSuite. This could happen if you are running JUnit tests in a way that is not handled by EvoSuite, in which some classes are loaded be reflection before the tests are run. Consult the EvoSuite documentation for possible workarounds for this issue.
09:57:52.170 [Test worker] ERROR org.evosuite.runtime.classhandling.ClassStateSupport - Class org.apache.poi.hssf.record.VCenterRecord was not instrumented by EvoSuite. This could happen if you are running JUnit tests in a way that is not handled by EvoSuite, in which some classes are loaded be reflection before the tests are run. Consult the EvoSuite documentation for possible workarounds for this issue.
09:57:52.171 [Test worker] ERROR org.evosuite.runtime.classhandling.ClassStateSupport - Class org.templateit.Reference was not instrumented by EvoSuite. This could happen if you are running JUnit tests in a way that is not handled by EvoSuite, in which some classes are loaded be reflection before the tests are run. Consult the EvoSuite documentation for possible workarounds for this issue.
09:57:52.171 [Test worker] ERROR org.evosuite.runtime.classhandling.ClassStateSupport - Class org.apache.poi.hpsf.SummaryInformation was not instrumented by EvoSuite. This could happen if you are running JUnit tests in a way that is not handled by EvoSuite, in which some classes are loaded be reflection before the tests are run. Consult the EvoSuite documentation for possible workarounds for this issue.
09:57:52.171 [Test worker] ERROR org.evosuite.runtime.classhandling.ClassStateSupport - Class org.apache.poi.util.NullLogger was not instrumented by EvoSuite. This could happen if you are running JUnit tests in a way that is not handled by EvoSuite, in which some classes are loaded be reflection before the tests are run. Consult the EvoSuite documentation for possible workarounds for this issue.
09:57:52.171 [Test worker] ERROR org.evosuite.runtime.classhandling.ClassStateSupport - Class org.apache.poi.hssf.model.LinkTable$CRNBlock was not instrumented by EvoSuite. This could happen if you are running JUnit tests in a way that is not handled by EvoSuite, in which some classes are loaded be reflection before the tests are run. Consult the EvoSuite documentation for possible workarounds for this issue.
09:57:52.171 [Test worker] ERROR org.evosuite.runtime.classhandling.ClassStateSupport - Class org.apache.log4j.Category was not instrumented by EvoSuite. This could happen if you are running JUnit tests in a way that is not handled by EvoSuite, in which some classes are loaded be reflection before the tests are run. Consult the EvoSuite documentation for possible workarounds for this issue.
09:57:52.171 [Test worker] ERROR org.evosuite.runtime.classhandling.ClassStateSupport - Class org.apache.poi.ddf.EscherContainerRecord was not instrumented by EvoSuite. This could happen if you are running JUnit tests in a way that is not handled by EvoSuite, in which some classes are loaded be reflection before the tests are run. Consult the EvoSuite documentation for possible workarounds for this issue.
09:57:52.171 [Test worker] ERROR org.evosuite.runtime.classhandling.ClassStateSupport - Class org.apache.poi.hssf.record.ProtectionRev4Record was not instrumented by EvoSuite. This could happen if you are running JUnit tests in a way that is not handled by EvoSuite, in which some classes are loaded be reflection before the tests are run. Consult the EvoSuite documentation for possible workarounds for this issue.
09:57:52.171 [Test worker] ERROR org.evosuite.runtime.classhandling.ClassStateSupport - Class org.apache.poi.hssf.record.EOFRecord was not instrumented by EvoSuite. This could happen if you are running JUnit tests in a way that is not handled by EvoSuite, in which some classes are loaded be reflection before the tests are run. Consult the EvoSuite documentation for possible workarounds for this issue.
09:57:52.171 [Test worker] ERROR org.evosuite.runtime.classhandling.ClassStateSupport - Class org.apache.poi.hssf.usermodel.HSSFRow$CellIterator was not instrumented by EvoSuite. This could happen if you are running JUnit tests in a way that is not handled by EvoSuite, in which some classes are loaded be reflection before the tests are run. Consult the EvoSuite documentation for possible workarounds for this issue.
09:57:52.172 [Test worker] ERROR org.evosuite.runtime.classhandling.ClassStateSupport - Class org.apache.poi.util.POILogger was not instrumented by EvoSuite. This could happen if you are running JUnit tests in a way that is not handled by EvoSuite, in which some classes are loaded be reflection before the tests are run. Consult the EvoSuite documentation for possible workarounds for this issue.
09:57:52.172 [Test worker] ERROR org.evosuite.runtime.classhandling.ClassStateSupport - Class org.apache.poi.ddf.EscherProperty was not instrumented by EvoSuite. This could happen if you are running JUnit tests in a way that is not handled by EvoSuite, in which some classes are loaded be reflection before the tests are run. Consult the EvoSuite documentation for possible workarounds for this issue.
09:57:52.172 [Test worker] ERROR org.evosuite.runtime.classhandling.ClassStateSupport - Class org.apache.poi.hssf.record.HCenterRecord was not instrumented by EvoSuite. This could happen if you are running JUnit tests in a way that is not handled by EvoSuite, in which some classes are loaded be reflection before the tests are run. Consult the EvoSuite documentation for possible workarounds for this issue.
09:57:52.172 [Test worker] ERROR org.evosuite.runtime.classhandling.ClassStateSupport - Class org.apache.poi.hssf.record.SharedFormulaRecord was not instrumented by EvoSuite. This could happen if you are running JUnit tests in a way that is not handled by EvoSuite, in which some classes are loaded be reflection before the tests are run. Consult the EvoSuite documentation for possible workarounds for this issue.
09:57:52.172 [Test worker] ERROR org.evosuite.runtime.classhandling.ClassStateSupport - Class org.apache.poi.hssf.record.BackupRecord was not instrumented by EvoSuite. This could happen if you are running JUnit tests in a way that is not handled by EvoSuite, in which some classes are loaded be reflection before the tests are run. Consult the EvoSuite documentation for possible workarounds for this issue.
09:57:52.172 [Test worker] ERROR org.evosuite.runtime.classhandling.ClassStateSupport - Class org.apache.poi.hssf.record.ColumnInfoRecord was not instrumented by EvoSuite. This could happen if you are running JUnit tests in a way that is not handled by EvoSuite, in which some classes are loaded be reflection before the tests are run. Consult the EvoSuite documentation for possible workarounds for this issue.
09:57:52.172 [Test worker] ERROR org.evosuite.runtime.classhandling.ClassStateSupport - Class org.apache.poi.hssf.usermodel.HSSFFont was not instrumented by EvoSuite. This could happen if you are running JUnit tests in a way that is not handled by EvoSuite, in which some classes are loaded be reflection before the tests are run. Consult the EvoSuite documentation for possible workarounds for this issue.
09:57:52.172 [Test worker] ERROR org.evosuite.runtime.classhandling.ClassStateSupport - Class org.apache.poi.hssf.record.WriteAccessRecord was not instrumented by EvoSuite. This could happen if you are running JUnit tests in a way that is not handled by EvoSuite, in which some classes are loaded be reflection before the tests are run. Consult the EvoSuite documentation for possible workarounds for this issue.
09:57:52.172 [Test worker] ERROR org.evosuite.runtime.classhandling.ClassStateSupport - Class org.apache.poi.ddf.EscherDggRecord was not instrumented by EvoSuite. This could happen if you are running JUnit tests in a way that is not handled by EvoSuite, in which some classes are loaded be reflection before the tests are run. Consult the EvoSuite documentation for possible workarounds for this issue.
09:57:52.172 [Test worker] ERROR org.evosuite.runtime.classhandling.ClassStateSupport - Class org.apache.log4j.PropertyWatchdog was not instrumented by EvoSuite. This could happen if you are running JUnit tests in a way that is not handled by EvoSuite, in which some classes are loaded be reflection before the tests are run. Consult the EvoSuite documentation for possible workarounds for this issue.
09:57:52.173 [Test worker] ERROR org.evosuite.runtime.classhandling.ClassStateSupport - Class org.apache.poi.hssf.record.ExternalNameRecord was not instrumented by EvoSuite. This could happen if you are running JUnit tests in a way that is not handled by EvoSuite, in which some classes are loaded be reflection before the tests are run. Consult the EvoSuite documentation for possible workarounds for this issue.
09:57:52.173 [Test worker] ERROR org.evosuite.runtime.classhandling.ClassStateSupport - Class org.apache.poi.hpsf.UnsupportedVariantTypeException was not instrumented by EvoSuite. This could happen if you are running JUnit tests in a way that is not handled by EvoSuite, in which some classes are loaded be reflection before the tests are run. Consult the EvoSuite documentation for possible workarounds for this issue.
09:57:52.173 [Test worker] ERROR org.evosuite.runtime.classhandling.ClassStateSupport - Class org.apache.poi.hssf.model.Workbook was not instrumented by EvoSuite. This could happen if you are running JUnit tests in a way that is not handled by EvoSuite, in which some classes are loaded be reflection before the tests are run. Consult the EvoSuite documentation for possible workarounds for this issue.
09:57:52.173 [Test worker] ERROR org.evosuite.runtime.classhandling.ClassStateSupport - Class org.apache.poi.ddf.EscherBoolProperty was not instrumented by EvoSuite. This could happen if you are running JUnit tests in a way that is not handled by EvoSuite, in which some classes are loaded be reflection before the tests are run. Consult the EvoSuite documentation for possible workarounds for this issue.
09:57:52.173 [Test worker] ERROR org.evosuite.runtime.classhandling.ClassStateSupport - Class org.apache.poi.hssf.util.Region was not instrumented by EvoSuite. This could happen if you are running JUnit tests in a way that is not handled by EvoSuite, in which some classes are loaded be reflection before the tests are run. Consult the EvoSuite documentation for possible workarounds for this issue.
09:57:52.173 [Test worker] ERROR org.evosuite.runtime.classhandling.ClassStateSupport - Class org.apache.poi.hssf.record.NameRecord was not instrumented by EvoSuite. This could happen if you are running JUnit tests in a way that is not handled by EvoSuite, in which some classes are loaded be reflection before the tests are run. Consult the EvoSuite documentation for possible workarounds for this issue.
09:57:52.173 [Test worker] ERROR org.evosuite.runtime.classhandling.ClassStateSupport - Class org.apache.poi.hssf.model.Sheet was not instrumented by EvoSuite. This could happen if you are running JUnit tests in a way that is not handled by EvoSuite, in which some classes are loaded be reflection before the tests are run. Consult the EvoSuite documentation for possible workarounds for this issue.
09:57:52.173 [Test worker] ERROR org.evosuite.runtime.classhandling.ClassStateSupport - Class org.apache.poi.hssf.record.aggregates.ConditionalFormattingTable was not instrumented by EvoSuite. This could happen if you are running JUnit tests in a way that is not handled by EvoSuite, in which some classes are loaded be reflection before the tests are run. Consult the EvoSuite documentation for possible workarounds for this issue.
09:57:52.173 [Test worker] ERROR org.evosuite.runtime.classhandling.ClassStateSupport - Class org.apache.poi.poifs.filesystem.POIFSFileSystem was not instrumented by EvoSuite. This could happen if you are running JUnit tests in a way that is not handled by EvoSuite, in which some classes are loaded be reflection before the tests are run. Consult the EvoSuite documentation for possible workarounds for this issue.
09:57:52.173 [Test worker] ERROR org.evosuite.runtime.classhandling.ClassStateSupport - Class org.apache.poi.hpsf.PropertySet was not instrumented by EvoSuite. This could happen if you are running JUnit tests in a way that is not handled by EvoSuite, in which some classes are loaded be reflection before the tests are run. Consult the EvoSuite documentation for possible workarounds for this issue.
09:57:52.173 [Test worker] ERROR org.evosuite.runtime.classhandling.ClassStateSupport - Class org.apache.poi.hssf.record.IndexRecord was not instrumented by EvoSuite. This could happen if you are running JUnit tests in a way that is not handled by EvoSuite, in which some classes are loaded be reflection before the tests are run. Consult the EvoSuite documentation for possible workarounds for this issue.
09:57:52.174 [Test worker] ERROR org.evosuite.runtime.classhandling.ClassStateSupport - Class org.apache.poi.hssf.util.CellRangeAddress was not instrumented by EvoSuite. This could happen if you are running JUnit tests in a way that is not handled by EvoSuite, in which some classes are loaded be reflection before the tests are run. Consult the EvoSuite documentation for possible workarounds for this issue.
09:57:52.174 [Test worker] ERROR org.evosuite.runtime.classhandling.ClassStateSupport - Class org.apache.poi.hssf.record.DSFRecord was not instrumented by EvoSuite. This could happen if you are running JUnit tests in a way that is not handled by EvoSuite, in which some classes are loaded be reflection before the tests are run. Consult the EvoSuite documentation for possible workarounds for this issue.
09:57:52.174 [Test worker] ERROR org.evosuite.runtime.classhandling.ClassStateSupport - Class org.templateit.TemplateSheet was not instrumented by EvoSuite. This could happen if you are running JUnit tests in a way that is not handled by EvoSuite, in which some classes are loaded be reflection before the tests are run. Consult the EvoSuite documentation for possible workarounds for this issue.
09:57:52.174 [Test worker] ERROR org.evosuite.runtime.classhandling.ClassStateSupport - Class org.apache.log4j.Priority was not instrumented by EvoSuite. This could happen if you are running JUnit tests in a way that is not handled by EvoSuite, in which some classes are loaded be reflection before the tests are run. Consult the EvoSuite documentation for possible workarounds for this issue.
09:57:52.174 [Test worker] ERROR org.evosuite.runtime.classhandling.ClassStateSupport - Class org.templateit.MergeRegion was not instrumented by EvoSuite. This could happen if you are running JUnit tests in a way that is not handled by EvoSuite, in which some classes are loaded be reflection before the tests are run. Consult the EvoSuite documentation for possible workarounds for this issue.
09:57:52.174 [Test worker] ERROR org.evosuite.runtime.classhandling.ClassStateSupport - Class org.apache.poi.hssf.record.FileSharingRecord was not instrumented by EvoSuite. This could happen if you are running JUnit tests in a way that is not handled by EvoSuite, in which some classes are loaded be reflection before the tests are run. Consult the EvoSuite documentation for possible workarounds for this issue.
09:57:52.174 [Test worker] ERROR org.evosuite.runtime.classhandling.ClassStateSupport - Class org.apache.poi.hssf.usermodel.HSSFFooter was not instrumented by EvoSuite. This could happen if you are running JUnit tests in a way that is not handled by EvoSuite, in which some classes are loaded be reflection before the tests are run. Consult the EvoSuite documentation for possible workarounds for this issue.
09:57:52.174 [Test worker] ERROR org.evosuite.runtime.classhandling.ClassStateSupport - Class org.apache.poi.hssf.record.DimensionsRecord was not instrumented by EvoSuite. This could happen if you are running JUnit tests in a way that is not handled by EvoSuite, in which some classes are loaded be reflection before the tests are run. Consult the EvoSuite documentation for possible workarounds for this issue.
09:57:52.174 [Test worker] ERROR org.evosuite.runtime.classhandling.ClassStateSupport - Class org.apache.log4j.LogManager was not instrumented by EvoSuite. This could happen if you are running JUnit tests in a way that is not handled by EvoSuite, in which some classes are loaded be reflection before the tests are run. Consult the EvoSuite documentation for possible workarounds for this issue.
09:57:52.174 [Test worker] ERROR org.evosuite.runtime.classhandling.ClassStateSupport - Class org.apache.poi.hssf.usermodel.HSSFName was not instrumented by EvoSuite. This could happen if you are running JUnit tests in a way that is not handled by EvoSuite, in which some classes are loaded be reflection before the tests are run. Consult the EvoSuite documentation for possible workarounds for this issue.
09:57:52.175 [Test worker] ERROR org.evosuite.runtime.classhandling.ClassStateSupport - Class org.apache.poi.hpsf.HPSFException was not instrumented by EvoSuite. This could happen if you are running JUnit tests in a way that is not handled by EvoSuite, in which some classes are loaded be reflection before the tests are run. Consult the EvoSuite documentation for possible workarounds for this issue.
09:57:52.175 [Test worker] ERROR org.evosuite.runtime.classhandling.ClassStateSupport - Class org.apache.poi.hssf.record.aggregates.MergedCellsTable was not instrumented by EvoSuite. This could happen if you are running JUnit tests in a way that is not handled by EvoSuite, in which some classes are loaded be reflection before the tests are run. Consult the EvoSuite documentation for possible workarounds for this issue.
09:57:52.175 [Test worker] ERROR org.evosuite.runtime.classhandling.ClassStateSupport - Class org.apache.poi.hssf.record.WindowProtectRecord was not instrumented by EvoSuite. This could happen if you are running JUnit tests in a way that is not handled by EvoSuite, in which some classes are loaded be reflection before the tests are run. Consult the EvoSuite documentation for possible workarounds for this issue.
09:57:52.175 [Test worker] ERROR org.evosuite.runtime.classhandling.ClassStateSupport - Class org.apache.poi.hssf.record.GutsRecord was not instrumented by EvoSuite. This could happen if you are running JUnit tests in a way that is not handled by EvoSuite, in which some classes are loaded be reflection before the tests are run. Consult the EvoSuite documentation for possible workarounds for this issue.
09:57:52.175 [Test worker] ERROR org.evosuite.runtime.classhandling.ClassStateSupport - Class org.apache.poi.hssf.record.MergeCellsRecord was not instrumented by EvoSuite. This could happen if you are running JUnit tests in a way that is not handled by EvoSuite, in which some classes are loaded be reflection before the tests are run. Consult the EvoSuite documentation for possible workarounds for this issue.
09:57:52.175 [Test worker] ERROR org.evosuite.runtime.classhandling.ClassStateSupport - Class org.apache.log4j.DefaultCategoryFactory was not instrumented by EvoSuite. This could happen if you are running JUnit tests in a way that is not handled by EvoSuite, in which some classes are loaded be reflection before the tests are run. Consult the EvoSuite documentation for possible workarounds for this issue.
09:57:52.175 [Test worker] ERROR org.evosuite.runtime.classhandling.ClassStateSupport - Class org.templateit.Region was not instrumented by EvoSuite. This could happen if you are running JUnit tests in a way that is not handled by EvoSuite, in which some classes are loaded be reflection before the tests are run. Consult the EvoSuite documentation for possible workarounds for this issue.
09:57:52.175 [Test worker] ERROR org.evosuite.runtime.classhandling.ClassStateSupport - Class org.apache.poi.hssf.record.FormatRecord was not instrumented by EvoSuite. This could happen if you are running JUnit tests in a way that is not handled by EvoSuite, in which some classes are loaded be reflection before the tests are run. Consult the EvoSuite documentation for possible workarounds for this issue.
09:57:52.175 [Test worker] ERROR org.evosuite.runtime.classhandling.ClassStateSupport - Class org.apache.poi.hssf.usermodel.HSSFRow was not instrumented by EvoSuite. This could happen if you are running JUnit tests in a way that is not handled by EvoSuite, in which some classes are loaded be reflection before the tests are run. Consult the EvoSuite documentation for possible workarounds for this issue.
09:57:52.175 [Test worker] ERROR org.evosuite.runtime.classhandling.ClassStateSupport - Class org.apache.log4j.or.RendererMap was not instrumented by EvoSuite. This could happen if you are running JUnit tests in a way that is not handled by EvoSuite, in which some classes are loaded be reflection before the tests are run. Consult the EvoSuite documentation for possible workarounds for this issue.
09:57:52.175 [Test worker] ERROR org.evosuite.runtime.classhandling.ClassStateSupport - Class org.apache.poi.hpsf.DocumentSummaryInformation was not instrumented by EvoSuite. This could happen if you are running JUnit tests in a way that is not handled by EvoSuite, in which some classes are loaded be reflection before the tests are run. Consult the EvoSuite documentation for possible workarounds for this issue.
09:57:52.175 [Test worker] ERROR org.evosuite.runtime.classhandling.ClassStateSupport - Class org.apache.poi.hssf.record.FooterRecord was not instrumented by EvoSuite. This could happen if you are running JUnit tests in a way that is not handled by EvoSuite, in which some classes are loaded be reflection before the tests are run. Consult the EvoSuite documentation for possible workarounds for this issue.
09:57:52.176 [Test worker] ERROR org.evosuite.runtime.classhandling.ClassStateSupport - Class org.apache.poi.hpsf.WritingNotSupportedException was not instrumented by EvoSuite. This could happen if you are running JUnit tests in a way that is not handled by EvoSuite, in which some classes are loaded be reflection before the tests are run. Consult the EvoSuite documentation for possible workarounds for this issue.
09:57:52.176 [Test worker] ERROR org.evosuite.runtime.classhandling.ClassStateSupport - Class org.apache.poi.hssf.record.formula.NameXPtg was not instrumented by EvoSuite. This could happen if you are running JUnit tests in a way that is not handled by EvoSuite, in which some classes are loaded be reflection before the tests are run. Consult the EvoSuite documentation for possible workarounds for this issue.
09:57:52.176 [Test worker] ERROR org.evosuite.runtime.classhandling.ClassStateSupport - Class org.apache.poi.hssf.record.BookBoolRecord was not instrumented by EvoSuite. This could happen if you are running JUnit tests in a way that is not handled by EvoSuite, in which some classes are loaded be reflection before the tests are run. Consult the EvoSuite documentation for possible workarounds for this issue.
09:57:52.176 [Test worker] ERROR org.evosuite.runtime.classhandling.ClassStateSupport - Class org.apache.poi.hssf.record.HideObjRecord was not instrumented by EvoSuite. This could happen if you are running JUnit tests in a way that is not handled by EvoSuite, in which some classes are loaded be reflection before the tests are run. Consult the EvoSuite documentation for possible workarounds for this issue.
09:57:52.176 [Test worker] ERROR org.evosuite.runtime.classhandling.ClassStateSupport - Class org.apache.poi.hssf.record.aggregates.RowRecordsAggregate was not instrumented by EvoSuite. This could happen if you are running JUnit tests in a way that is not handled by EvoSuite, in which some classes are loaded be reflection before the tests are run. Consult the EvoSuite documentation for possible workarounds for this issue.
09:57:52.176 [Test worker] ERROR org.evosuite.runtime.classhandling.ClassStateSupport - Class org.apache.poi.hssf.util.CellRangeAddress8Bit was not instrumented by EvoSuite. This could happen if you are running JUnit tests in a way that is not handled by EvoSuite, in which some classes are loaded be reflection before the tests are run. Consult the EvoSuite documentation for possible workarounds for this issue.
09:57:52.176 [Test worker] ERROR org.evosuite.runtime.classhandling.ClassStateSupport - Class org.apache.poi.hssf.record.formula.Ptg was not instrumented by EvoSuite. This could happen if you are running JUnit tests in a way that is not handled by EvoSuite, in which some classes are loaded be reflection before the tests are run. Consult the EvoSuite documentation for possible workarounds for this issue.
09:57:52.176 [Test worker] ERROR org.evosuite.runtime.classhandling.ClassStateSupport - Class org.apache.poi.hssf.record.aggregates.ColumnInfoRecordsAggregate was not instrumented by EvoSuite. This could happen if you are running JUnit tests in a way that is not handled by EvoSuite, in which some classes are loaded be reflection before the tests are run. Consult the EvoSuite documentation for possible workarounds for this issue.
09:57:52.176 [Test worker] ERROR org.evosuite.runtime.classhandling.ClassStateSupport - Class org.apache.poi.hssf.record.AbstractEscherHolderRecord was not instrumented by EvoSuite. This could happen if you are running JUnit tests in a way that is not handled by EvoSuite, in which some classes are loaded be reflection before the tests are run. Consult the EvoSuite documentation for possible workarounds for this issue.
09:57:52.176 [Test worker] ERROR org.evosuite.runtime.classhandling.ClassStateSupport - Class org.apache.poi.hssf.record.PrintHeadersRecord was not instrumented by EvoSuite. This could happen if you are running JUnit tests in a way that is not handled by EvoSuite, in which some classes are loaded be reflection before the tests are run. Consult the EvoSuite documentation for possible workarounds for this issue.
09:57:52.176 [Test worker] ERROR org.evosuite.runtime.classhandling.ClassStateSupport - Class org.apache.poi.ddf.EscherBitmapBlip was not instrumented by EvoSuite. This could happen if you are running JUnit tests in a way that is not handled by EvoSuite, in which some classes are loaded be reflection before the tests are run. Consult the EvoSuite documentation for possible workarounds for this issue.
09:57:52.176 [Test worker] ERROR org.evosuite.runtime.classhandling.ClassStateSupport - Class org.apache.poi.util.StringUtil was not instrumented by EvoSuite. This could happen if you are running JUnit tests in a way that is not handled by EvoSuite, in which some classes are loaded be reflection before the tests are run. Consult the EvoSuite documentation for possible workarounds for this issue.
09:57:52.177 [Test worker] ERROR org.evosuite.runtime.classhandling.ClassStateSupport - Class org.apache.poi.hssf.record.BoundSheetRecord$1 was not instrumented by EvoSuite. This could happen if you are running JUnit tests in a way that is not handled by EvoSuite, in which some classes are loaded be reflection before the tests are run. Consult the EvoSuite documentation for possible workarounds for this issue.
09:57:52.177 [Test worker] ERROR org.evosuite.runtime.classhandling.ClassStateSupport - Class org.apache.poi.hssf.record.MMSRecord was not instrumented by EvoSuite. This could happen if you are running JUnit tests in a way that is not handled by EvoSuite, in which some classes are loaded be reflection before the tests are run. Consult the EvoSuite documentation for possible workarounds for this issue.
09:57:52.177 [Test worker] ERROR org.evosuite.runtime.classhandling.ClassStateSupport - Class org.apache.poi.hssf.usermodel.HSSFSheetConditionalFormatting was not instrumented by EvoSuite. This could happen if you are running JUnit tests in a way that is not handled by EvoSuite, in which some classes are loaded be reflection before the tests are run. Consult the EvoSuite documentation for possible workarounds for this issue.
09:57:52.177 [Test worker] ERROR org.evosuite.runtime.classhandling.ClassStateSupport - Class org.apache.poi.poifs.filesystem.DirectoryNode was not instrumented by EvoSuite. This could happen if you are running JUnit tests in a way that is not handled by EvoSuite, in which some classes are loaded be reflection before the tests are run. Consult the EvoSuite documentation for possible workarounds for this issue.
09:57:52.177 [Test worker] ERROR org.evosuite.runtime.classhandling.ClassStateSupport - Class org.apache.poi.hssf.record.DBCellRecord was not instrumented by EvoSuite. This could happen if you are running JUnit tests in a way that is not handled by EvoSuite, in which some classes are loaded be reflection before the tests are run. Consult the EvoSuite documentation for possible workarounds for this issue.
09:57:52.177 [Test worker] ERROR org.evosuite.runtime.classhandling.ClassStateSupport - Class org.apache.poi.hssf.usermodel.HSSFRichTextString was not instrumented by EvoSuite. This could happen if you are running JUnit tests in a way that is not handled by EvoSuite, in which some classes are loaded be reflection before the tests are run. Consult the EvoSuite documentation for possible workarounds for this issue.
09:57:52.177 [Test worker] ERROR org.evosuite.runtime.classhandling.ClassStateSupport - Class org.apache.log4j.CategoryKey was not instrumented by EvoSuite. This could happen if you are running JUnit tests in a way that is not handled by EvoSuite, in which some classes are loaded be reflection before the tests are run. Consult the EvoSuite documentation for possible workarounds for this issue.
09:57:52.177 [Test worker] ERROR org.evosuite.runtime.classhandling.ClassStateSupport - Class org.apache.poi.hssf.model.LinkTable was not instrumented by EvoSuite. This could happen if you are running JUnit tests in a way that is not handled by EvoSuite, in which some classes are loaded be reflection before the tests are run. Consult the EvoSuite documentation for possible workarounds for this issue.
09:57:52.177 [Test worker] ERROR org.evosuite.runtime.classhandling.ClassStateSupport - Class org.apache.poi.util.IntMapper was not instrumented by EvoSuite. This could happen if you are running JUnit tests in a way that is not handled by EvoSuite, in which some classes are loaded be reflection before the tests are run. Consult the EvoSuite documentation for possible workarounds for this issue.
09:57:52.177 [Test worker] ERROR org.evosuite.runtime.classhandling.ClassStateSupport - Class org.apache.poi.hssf.record.CalcCountRecord was not instrumented by EvoSuite. This could happen if you are running JUnit tests in a way that is not handled by EvoSuite, in which some classes are loaded be reflection before the tests are run. Consult the EvoSuite documentation for possible workarounds for this issue.
09:57:52.177 [Test worker] ERROR org.evosuite.runtime.classhandling.ClassStateSupport - Class org.apache.poi.hssf.usermodel.HSSFWorkbook was not instrumented by EvoSuite. This could happen if you are running JUnit tests in a way that is not handled by EvoSuite, in which some classes are loaded be reflection before the tests are run. Consult the EvoSuite documentation for possible workarounds for this issue.
09:57:52.178 [Test worker] ERROR org.evosuite.runtime.classhandling.ClassStateSupport - Class org.apache.poi.hssf.record.CodepageRecord was not instrumented by EvoSuite. This could happen if you are running JUnit tests in a way that is not handled by EvoSuite, in which some classes are loaded be reflection before the tests are run. Consult the EvoSuite documentation for possible workarounds for this issue.
09:57:52.178 [Test worker] ERROR org.evosuite.runtime.classhandling.ClassStateSupport - Class org.apache.log4j.helpers.Loader was not instrumented by EvoSuite. This could happen if you are running JUnit tests in a way that is not handled by EvoSuite, in which some classes are loaded be reflection before the tests are run. Consult the EvoSuite documentation for possible workarounds for this issue.
09:57:52.178 [Test worker] ERROR org.evosuite.runtime.classhandling.ClassStateSupport - Class org.apache.log4j.ProvisionNode was not instrumented by EvoSuite. This could happen if you are running JUnit tests in a way that is not handled by EvoSuite, in which some classes are loaded be reflection before the tests are run. Consult the EvoSuite documentation for possible workarounds for this issue.
09:57:52.178 [Test worker] ERROR org.evosuite.runtime.classhandling.ClassStateSupport - Class org.templateit.WorkbookParser was not instrumented by EvoSuite. This could happen if you are running JUnit tests in a way that is not handled by EvoSuite, in which some classes are loaded be reflection before the tests are run. Consult the EvoSuite documentation for possible workarounds for this issue.
09:57:52.178 [Test worker] ERROR org.evosuite.runtime.classhandling.ClassStateSupport - Class org.apache.log4j.helpers.FileWatchdog was not instrumented by EvoSuite. This could happen if you are running JUnit tests in a way that is not handled by EvoSuite, in which some classes are loaded be reflection before the tests are run. Consult the EvoSuite documentation for possible workarounds for this issue.
09:57:52.178 [Test worker] ERROR org.evosuite.runtime.classhandling.ClassStateSupport - Class org.templateit.TemplateWorkbook was not instrumented by EvoSuite. This could happen if you are running JUnit tests in a way that is not handled by EvoSuite, in which some classes are loaded be reflection before the tests are run. Consult the EvoSuite documentation for possible workarounds for this issue.
09:57:52.178 [Test worker] ERROR org.evosuite.runtime.classhandling.ClassStateSupport - Class org.apache.poi.hssf.usermodel.HSSFPalette was not instrumented by EvoSuite. This could happen if you are running JUnit tests in a way that is not handled by EvoSuite, in which some classes are loaded be reflection before the tests are run. Consult the EvoSuite documentation for possible workarounds for this issue.
09:57:52.178 [Test worker] ERROR org.evosuite.runtime.classhandling.ClassStateSupport - Class org.apache.log4j.spi.RootLogger was not instrumented by EvoSuite. This could happen if you are running JUnit tests in a way that is not handled by EvoSuite, in which some classes are loaded be reflection before the tests are run. Consult the EvoSuite documentation for possible workarounds for this issue.
09:57:52.178 [Test worker] ERROR org.evosuite.runtime.classhandling.ClassStateSupport - Class org.apache.poi.hssf.record.aggregates.SharedValueManager was not instrumented by EvoSuite. This could happen if you are running JUnit tests in a way that is not handled by EvoSuite, in which some classes are loaded be reflection before the tests are run. Consult the EvoSuite documentation for possible workarounds for this issue.
09:57:52.178 [Test worker] ERROR org.evosuite.runtime.classhandling.ClassStateSupport - Class org.apache.poi.hssf.record.ExtSSTRecord was not instrumented by EvoSuite. This could happen if you are running JUnit tests in a way that is not handled by EvoSuite, in which some classes are loaded be reflection before the tests are run. Consult the EvoSuite documentation for possible workarounds for this issue.
09:57:52.178 [Test worker] ERROR org.evosuite.runtime.classhandling.ClassStateSupport - Class org.apache.poi.hssf.record.TableRecord was not instrumented by EvoSuite. This could happen if you are running JUnit tests in a way that is not handled by EvoSuite, in which some classes are loaded be reflection before the tests are run. Consult the EvoSuite documentation for possible workarounds for this issue.
09:57:52.178 [Test worker] ERROR org.evosuite.runtime.classhandling.ClassStateSupport - Class org.apache.poi.util.POILogFactory was not instrumented by EvoSuite. This could happen if you are running JUnit tests in a way that is not handled by EvoSuite, in which some classes are loaded be reflection before the tests are run. Consult the EvoSuite documentation for possible workarounds for this issue.
09:57:52.179 [Test worker] ERROR org.evosuite.runtime.classhandling.ClassStateSupport - Class org.apache.poi.hssf.record.RefreshAllRecord was not instrumented by EvoSuite. This could happen if you are running JUnit tests in a way that is not handled by EvoSuite, in which some classes are loaded be reflection before the tests are run. Consult the EvoSuite documentation for possible workarounds for this issue.
09:57:52.179 [Test worker] ERROR org.evosuite.runtime.classhandling.ClassStateSupport - Class org.apache.poi.util.BitField was not instrumented by EvoSuite. This could happen if you are running JUnit tests in a way that is not handled by EvoSuite, in which some classes are loaded be reflection before the tests are run. Consult the EvoSuite documentation for possible workarounds for this issue.
09:57:52.179 [Test worker] ERROR org.evosuite.runtime.classhandling.ClassStateSupport - Class org.apache.poi.hssf.record.LeftMarginRecord was not instrumented by EvoSuite. This could happen if you are running JUnit tests in a way that is not handled by EvoSuite, in which some classes are loaded be reflection before the tests are run. Consult the EvoSuite documentation for possible workarounds for this issue.
09:57:52.179 [Test worker] ERROR org.evosuite.runtime.classhandling.ClassStateSupport - Class org.apache.poi.hssf.record.formula.OperandPtg was not instrumented by EvoSuite. This could happen if you are running JUnit tests in a way that is not handled by EvoSuite, in which some classes are loaded be reflection before the tests are run. Consult the EvoSuite documentation for possible workarounds for this issue.
09:57:52.179 [Test worker] ERROR org.evosuite.runtime.classhandling.ClassStateSupport - Class org.apache.poi.hssf.record.SSTDeserializer was not instrumented by EvoSuite. This could happen if you are running JUnit tests in a way that is not handled by EvoSuite, in which some classes are loaded be reflection before the tests are run. Consult the EvoSuite documentation for possible workarounds for this issue.
09:57:52.179 [Test worker] ERROR org.evosuite.runtime.classhandling.ClassStateSupport - Class org.apache.poi.hssf.record.GridsetRecord was not instrumented by EvoSuite. This could happen if you are running JUnit tests in a way that is not handled by EvoSuite, in which some classes are loaded be reflection before the tests are run. Consult the EvoSuite documentation for possible workarounds for this issue.
09:57:52.179 [Test worker] ERROR org.evosuite.runtime.classhandling.ClassStateSupport - Class org.apache.poi.hssf.record.DefaultRowHeightRecord was not instrumented by EvoSuite. This could happen if you are running JUnit tests in a way that is not handled by EvoSuite, in which some classes are loaded be reflection before the tests are run. Consult the EvoSuite documentation for possible workarounds for this issue.
09:57:52.179 [Test worker] ERROR org.evosuite.runtime.classhandling.ClassStateSupport - Class org.apache.poi.hssf.record.VerticalPageBreakRecord was not instrumented by EvoSuite. This could happen if you are running JUnit tests in a way that is not handled by EvoSuite, in which some classes are loaded be reflection before the tests are run. Consult the EvoSuite documentation for possible workarounds for this issue.
09:57:52.179 [Test worker] ERROR org.evosuite.runtime.classhandling.ClassStateSupport - Class org.apache.log4j.Logger was not instrumented by EvoSuite. This could happen if you are running JUnit tests in a way that is not handled by EvoSuite, in which some classes are loaded be reflection before the tests are run. Consult the EvoSuite documentation for possible workarounds for this issue.
09:57:52.179 [Test worker] ERROR org.evosuite.runtime.classhandling.ClassStateSupport - Class org.apache.poi.hpsf.MutablePropertySet was not instrumented by EvoSuite. This could happen if you are running JUnit tests in a way that is not handled by EvoSuite, in which some classes are loaded be reflection before the tests are run. Consult the EvoSuite documentation for possible workarounds for this issue.
09:57:52.180 [Test worker] ERROR org.evosuite.runtime.classhandling.ClassStateSupport - Class org.apache.poi.ddf.EscherRGBProperty was not instrumented by EvoSuite. This could happen if you are running JUnit tests in a way that is not handled by EvoSuite, in which some classes are loaded be reflection before the tests are run. Consult the EvoSuite documentation for possible workarounds for this issue.
09:57:52.180 [Test worker] ERROR org.evosuite.runtime.classhandling.ClassStateSupport - Class org.apache.log4j.helpers.LogLog was not instrumented by EvoSuite. This could happen if you are running JUnit tests in a way that is not handled by EvoSuite, in which some classes are loaded be reflection before the tests are run. Consult the EvoSuite documentation for possible workarounds for this issue.
09:57:52.180 [Test worker] ERROR org.evosuite.runtime.classhandling.ClassStateSupport - Class org.apache.poi.ddf.EscherBSERecord was not instrumented by EvoSuite. This could happen if you are running JUnit tests in a way that is not handled by EvoSuite, in which some classes are loaded be reflection before the tests are run. Consult the EvoSuite documentation for possible workarounds for this issue.
09:57:52.180 [Test worker] ERROR org.evosuite.runtime.classhandling.ClassStateSupport - Class org.apache.poi.ddf.EscherOptRecord was not instrumented by EvoSuite. This could happen if you are running JUnit tests in a way that is not handled by EvoSuite, in which some classes are loaded be reflection before the tests are run. Consult the EvoSuite documentation for possible workarounds for this issue.
09:57:52.180 [Test worker] ERROR org.evosuite.runtime.classhandling.ClassStateSupport - Class org.apache.poi.hssf.record.aggregates.DataValidityTable was not instrumented by EvoSuite. This could happen if you are running JUnit tests in a way that is not handled by EvoSuite, in which some classes are loaded be reflection before the tests are run. Consult the EvoSuite documentation for possible workarounds for this issue.
09:57:52.180 [Test worker] ERROR org.evosuite.runtime.classhandling.ClassStateSupport - Class org.apache.poi.hssf.record.aggregates.PageSettingsBlock was not instrumented by EvoSuite. This could happen if you are running JUnit tests in a way that is not handled by EvoSuite, in which some classes are loaded be reflection before the tests are run. Consult the EvoSuite documentation for possible workarounds for this issue.
09:57:52.180 [Test worker] ERROR org.evosuite.runtime.classhandling.ClassStateSupport - Class org.apache.poi.ddf.EscherSimpleProperty was not instrumented by EvoSuite. This could happen if you are running JUnit tests in a way that is not handled by EvoSuite, in which some classes are loaded be reflection before the tests are run. Consult the EvoSuite documentation for possible workarounds for this issue.
09:57:52.180 [Test worker] ERROR org.evosuite.runtime.classhandling.ClassStateSupport - Class org.apache.poi.hssf.record.RefModeRecord was not instrumented by EvoSuite. This could happen if you are running JUnit tests in a way that is not handled by EvoSuite, in which some classes are loaded be reflection before the tests are run. Consult the EvoSuite documentation for possible workarounds for this issue.
09:57:52.180 [Test worker] ERROR org.evosuite.runtime.classhandling.ClassStateSupport - Class org.apache.poi.hssf.record.BoundSheetRecord was not instrumented by EvoSuite. This could happen if you are running JUnit tests in a way that is not handled by EvoSuite, in which some classes are loaded be reflection before the tests are run. Consult the EvoSuite documentation for possible workarounds for this issue.
09:57:52.180 [Test worker] ERROR org.evosuite.runtime.classhandling.ClassStateSupport - Class org.apache.poi.hssf.record.CountryRecord was not instrumented by EvoSuite. This could happen if you are running JUnit tests in a way that is not handled by EvoSuite, in which some classes are loaded be reflection before the tests are run. Consult the EvoSuite documentation for possible workarounds for this issue.
09:57:52.180 [Test worker] ERROR org.evosuite.runtime.classhandling.ClassStateSupport - Class org.apache.poi.hssf.usermodel.HSSFComment was not instrumented by EvoSuite. This could happen if you are running JUnit tests in a way that is not handled by EvoSuite, in which some classes are loaded be reflection before the tests are run. Consult the EvoSuite documentation for possible workarounds for this issue.
09:57:52.181 [Test worker] ERROR org.evosuite.runtime.classhandling.ClassStateSupport - Class org.apache.log4j.or.DefaultRenderer was not instrumented by EvoSuite. This could happen if you are running JUnit tests in a way that is not handled by EvoSuite, in which some classes are loaded be reflection before the tests are run. Consult the EvoSuite documentation for possible workarounds for this issue.
09:57:52.181 [Test worker] ERROR org.evosuite.runtime.classhandling.ClassStateSupport - Class org.apache.poi.hssf.record.RecordBase was not instrumented by EvoSuite. This could happen if you are running JUnit tests in a way that is not handled by EvoSuite, in which some classes are loaded be reflection before the tests are run. Consult the EvoSuite documentation for possible workarounds for this issue.
09:57:52.181 [Test worker] ERROR org.evosuite.runtime.classhandling.ClassStateSupport - Class org.apache.poi.hssf.record.PrintGridlinesRecord was not instrumented by EvoSuite. This could happen if you are running JUnit tests in a way that is not handled by EvoSuite, in which some classes are loaded be reflection before the tests are run. Consult the EvoSuite documentation for possible workarounds for this issue.
09:57:52.181 [Test worker] ERROR org.evosuite.runtime.classhandling.ClassStateSupport - Class org.apache.poi.hssf.record.ExternSheetRecord was not instrumented by EvoSuite. This could happen if you are running JUnit tests in a way that is not handled by EvoSuite, in which some classes are loaded be reflection before the tests are run. Consult the EvoSuite documentation for possible workarounds for this issue.
09:57:52.181 [Test worker] ERROR org.evosuite.runtime.classhandling.ClassStateSupport - Class org.apache.poi.hssf.usermodel.HSSFTextbox was not instrumented by EvoSuite. This could happen if you are running JUnit tests in a way that is not handled by EvoSuite, in which some classes are loaded be reflection before the tests are run. Consult the EvoSuite documentation for possible workarounds for this issue.
09:57:52.181 [Test worker] ERROR org.evosuite.runtime.classhandling.ClassStateSupport - Class org.apache.log4j.PropertyConfigurator was not instrumented by EvoSuite. This could happen if you are running JUnit tests in a way that is not handled by EvoSuite, in which some classes are loaded be reflection before the tests are run. Consult the EvoSuite documentation for possible workarounds for this issue.
09:57:52.181 [Test worker] ERROR org.evosuite.runtime.classhandling.ClassStateSupport - Class org.apache.poi.hssf.record.CalcModeRecord was not instrumented by EvoSuite. This could happen if you are running JUnit tests in a way that is not handled by EvoSuite, in which some classes are loaded be reflection before the tests are run. Consult the EvoSuite documentation for possible workarounds for this issue.
09:57:52.181 [Test worker] ERROR org.evosuite.runtime.classhandling.ClassStateSupport - Class org.apache.poi.hssf.record.SelectionRecord was not instrumented by EvoSuite. This could happen if you are running JUnit tests in a way that is not handled by EvoSuite, in which some classes are loaded be reflection before the tests are run. Consult the EvoSuite documentation for possible workarounds for this issue.
09:57:52.181 [Test worker] ERROR org.evosuite.runtime.classhandling.ClassStateSupport - Class org.apache.poi.ddf.EscherRecord was not instrumented by EvoSuite. This could happen if you are running JUnit tests in a way that is not handled by EvoSuite, in which some classes are loaded be reflection before the tests are run. Consult the EvoSuite documentation for possible workarounds for this issue.
09:57:52.181 [Test worker] ERROR org.evosuite.runtime.classhandling.ClassStateSupport - Class org.apache.poi.hssf.usermodel.HSSFSimpleShape was not instrumented by EvoSuite. This could happen if you are running JUnit tests in a way that is not handled by EvoSuite, in which some classes are loaded be reflection before the tests are run. Consult the EvoSuite documentation for possible workarounds for this issue.
09:57:52.181 [Test worker] ERROR org.evosuite.runtime.classhandling.ClassStateSupport - Class org.apache.poi.hssf.record.aggregates.ValueRecordsAggregate was not instrumented by EvoSuite. This could happen if you are running JUnit tests in a way that is not handled by EvoSuite, in which some classes are loaded be reflection before the tests are run. Consult the EvoSuite documentation for possible workarounds for this issue.
09:57:52.182 [Test worker] ERROR org.evosuite.runtime.classhandling.ClassStateSupport - Class org.apache.poi.hssf.record.UseSelFSRecord was not instrumented by EvoSuite. This could happen if you are running JUnit tests in a way that is not handled by EvoSuite, in which some classes are loaded be reflection before the tests are run. Consult the EvoSuite documentation for possible workarounds for this issue.
09:57:52.182 [Test worker] ERROR org.evosuite.runtime.classhandling.ClassStateSupport - Class org.apache.poi.hssf.usermodel.HSSFRow$MissingCellPolicy was not instrumented by EvoSuite. This could happen if you are running JUnit tests in a way that is not handled by EvoSuite, in which some classes are loaded be reflection before the tests are run. Consult the EvoSuite documentation for possible workarounds for this issue.
09:57:52.182 [Test worker] ERROR org.evosuite.runtime.classhandling.ClassStateSupport - Class org.apache.poi.hssf.record.WindowOneRecord was not instrumented by EvoSuite. This could happen if you are running JUnit tests in a way that is not handled by EvoSuite, in which some classes are loaded be reflection before the tests are run. Consult the EvoSuite documentation for possible workarounds for this issue.
09:57:52.182 [Test worker] ERROR org.evosuite.runtime.classhandling.ClassStateSupport - Class org.apache.poi.hssf.model.WorkbookRecordList was not instrumented by EvoSuite. This could happen if you are running JUnit tests in a way that is not handled by EvoSuite, in which some classes are loaded be reflection before the tests are run. Consult the EvoSuite documentation for possible workarounds for this issue.
09:57:52.182 [Test worker] ERROR org.evosuite.runtime.classhandling.ClassStateSupport - Class org.apache.poi.hssf.record.WriteProtectRecord was not instrumented by EvoSuite. This could happen if you are running JUnit tests in a way that is not handled by EvoSuite, in which some classes are loaded be reflection before the tests are run. Consult the EvoSuite documentation for possible workarounds for this issue.
09:57:52.182 [Test worker] ERROR org.evosuite.runtime.classhandling.ClassStateSupport - Class org.apache.poi.hssf.record.DeltaRecord was not instrumented by EvoSuite. This could happen if you are running JUnit tests in a way that is not handled by EvoSuite, in which some classes are loaded be reflection before the tests are run. Consult the EvoSuite documentation for possible workarounds for this issue.
09:57:52.182 [Test worker] ERROR org.evosuite.runtime.classhandling.ClassStateSupport - Class org.apache.poi.hssf.record.ProtectRecord was not instrumented by EvoSuite. This could happen if you are running JUnit tests in a way that is not handled by EvoSuite, in which some classes are loaded be reflection before the tests are run. Consult the EvoSuite documentation for possible workarounds for this issue.
09:57:52.182 [Test worker] ERROR org.evosuite.runtime.classhandling.ClassStateSupport - Class org.apache.poi.hssf.record.InterfaceHdrRecord was not instrumented by EvoSuite. This could happen if you are running JUnit tests in a way that is not handled by EvoSuite, in which some classes are loaded be reflection before the tests are run. Consult the EvoSuite documentation for possible workarounds for this issue.
09:57:52.182 [Test worker] ERROR org.evosuite.runtime.classhandling.ClassStateSupport - Class org.apache.poi.hssf.usermodel.HeaderFooter was not instrumented by EvoSuite. This could happen if you are running JUnit tests in a way that is not handled by EvoSuite, in which some classes are loaded be reflection before the tests are run. Consult the EvoSuite documentation for possible workarounds for this issue.
09:57:52.182 [Test worker] ERROR org.evosuite.runtime.classhandling.ClassStateSupport - Class org.apache.poi.hssf.record.SupBookRecord was not instrumented by EvoSuite. This could happen if you are running JUnit tests in a way that is not handled by EvoSuite, in which some classes are loaded be reflection before the tests are run. Consult the EvoSuite documentation for possible workarounds for this issue.
09:57:52.182 [Test worker] ERROR org.evosuite.runtime.classhandling.ClassStateSupport - Class org.apache.poi.hssf.record.SSTRecord was not instrumented by EvoSuite. This could happen if you are running JUnit tests in a way that is not handled by EvoSuite, in which some classes are loaded be reflection before the tests are run. Consult the EvoSuite documentation for possible workarounds for this issue.
09:57:52.183 [Test worker] ERROR org.evosuite.runtime.classhandling.ClassStateSupport - Class org.apache.poi.hssf.record.TabIdRecord was not instrumented by EvoSuite. This could happen if you are running JUnit tests in a way that is not handled by EvoSuite, in which some classes are loaded be reflection before the tests are run. Consult the EvoSuite documentation for possible workarounds for this issue.
09:57:52.183 [Test worker] ERROR org.evosuite.runtime.classhandling.ClassStateSupport - Class org.apache.poi.hssf.usermodel.HSSFCellStyle was not instrumented by EvoSuite. This could happen if you are running JUnit tests in a way that is not handled by EvoSuite, in which some classes are loaded be reflection before the tests are run. Consult the EvoSuite documentation for possible workarounds for this issue.
09:57:52.183 [Test worker] ERROR org.evosuite.runtime.classhandling.ClassStateSupport - Class org.apache.poi.hssf.usermodel.HSSFDataFormat was not instrumented by EvoSuite. This could happen if you are running JUnit tests in a way that is not handled by EvoSuite, in which some classes are loaded be reflection before the tests are run. Consult the EvoSuite documentation for possible workarounds for this issue.
09:57:52.183 [Test worker] ERROR org.evosuite.runtime.classhandling.ClassStateSupport - Class org.apache.poi.hssf.model.LinkTable$ExternalBookBlock was not instrumented by EvoSuite. This could happen if you are running JUnit tests in a way that is not handled by EvoSuite, in which some classes are loaded be reflection before the tests are run. Consult the EvoSuite documentation for possible workarounds for this issue.
09:57:52.183 [Test worker] ERROR org.evosuite.runtime.classhandling.ClassStateSupport - Class org.apache.poi.hssf.record.SaveRecalcRecord was not instrumented by EvoSuite. This could happen if you are running JUnit tests in a way that is not handled by EvoSuite, in which some classes are loaded be reflection before the tests are run. Consult the EvoSuite documentation for possible workarounds for this issue.
09:57:52.183 [Test worker] ERROR org.evosuite.runtime.classhandling.ClassStateSupport - Class org.apache.poi.hssf.record.ExtendedFormatRecord was not instrumented by EvoSuite. This could happen if you are running JUnit tests in a way that is not handled by EvoSuite, in which some classes are loaded be reflection before the tests are run. Consult the EvoSuite documentation for possible workarounds for this issue.
09:57:52.183 [Test worker] ERROR org.evosuite.runtime.classhandling.ClassStateSupport - Class org.apache.poi.hssf.record.UncalcedRecord was not instrumented by EvoSuite. This could happen if you are running JUnit tests in a way that is not handled by EvoSuite, in which some classes are loaded be reflection before the tests are run. Consult the EvoSuite documentation for possible workarounds for this issue.
09:57:52.191 [Test worker] DEBUG org.evosuite.runtime.classhandling.ClassResetter - __STATIC_RESET() method does not exists in class org.apache.log4j.Category
09:57:52.191 [Test worker] DEBUG org.evosuite.runtime.classhandling.ClassResetter - __STATIC_RESET() method does not exists in class org.apache.log4j.Logger
09:57:52.191 [Test worker] DEBUG org.evosuite.runtime.classhandling.ClassResetter - __STATIC_RESET() method does not exists in class org.apache.log4j.Hierarchy
09:57:52.192 [Test worker] DEBUG org.evosuite.runtime.classhandling.ClassResetter - __STATIC_RESET() method does not exists in class org.apache.log4j.spi.RootLogger
09:57:52.206 [Test worker] DEBUG org.evosuite.runtime.classhandling.ClassResetter - __STATIC_RESET() method does not exists in class org.apache.log4j.Priority
09:57:52.207 [Test worker] DEBUG org.evosuite.runtime.classhandling.ClassResetter - __STATIC_RESET() method does not exists in class org.apache.log4j.Level
09:57:52.207 [Test worker] DEBUG org.evosuite.runtime.classhandling.ClassResetter - __STATIC_RESET() method does not exists in class org.apache.log4j.or.DefaultRenderer
09:57:52.207 [Test worker] DEBUG org.evosuite.runtime.classhandling.ClassResetter - __STATIC_RESET() method does not exists in class org.apache.log4j.or.RendererMap
09:57:52.207 [Test worker] DEBUG org.evosuite.runtime.classhandling.ClassResetter - __STATIC_RESET() method does not exists in class org.apache.log4j.DefaultCategoryFactory
09:57:52.207 [Test worker] DEBUG org.evosuite.runtime.classhandling.ClassResetter - __STATIC_RESET() method does not exists in class org.apache.log4j.spi.DefaultRepositorySelector
09:57:52.207 [Test worker] DEBUG org.evosuite.runtime.classhandling.ClassResetter - __STATIC_RESET() method does not exists in class org.apache.log4j.helpers.OptionConverter
09:57:52.207 [Test worker] DEBUG org.evosuite.runtime.classhandling.ClassResetter - __STATIC_RESET() method does not exists in class org.apache.log4j.helpers.Loader
09:57:52.208 [Test worker] DEBUG org.evosuite.runtime.classhandling.ClassResetter - __STATIC_RESET() method does not exists in class org.apache.log4j.helpers.LogLog
09:57:52.208 [Test worker] DEBUG org.evosuite.runtime.classhandling.ClassResetter - __STATIC_RESET() method does not exists in class org.apache.log4j.PropertyConfigurator
09:57:52.208 [Test worker] DEBUG org.evosuite.runtime.classhandling.ClassResetter - __STATIC_RESET() method does not exists in class org.apache.log4j.LogManager
09:57:52.208 [Test worker] DEBUG org.evosuite.runtime.classhandling.ClassResetter - __STATIC_RESET() method does not exists in class org.apache.log4j.CategoryKey
09:57:52.208 [Test worker] DEBUG org.evosuite.runtime.classhandling.ClassResetter - __STATIC_RESET() method does not exists in class org.apache.log4j.ProvisionNode
09:57:52.208 [Test worker] DEBUG org.evosuite.runtime.classhandling.ClassResetter - __STATIC_RESET() method does not exists in class org.templateit.WorkbookParser
09:57:52.210 [Test worker] DEBUG org.evosuite.runtime.classhandling.ClassResetter - __STATIC_RESET() method does not exists in class org.templateit.OpMatcher
09:57:52.210 [Test worker] DEBUG org.evosuite.runtime.classhandling.ClassResetter - __STATIC_RESET() method does not exists in class org.templateit.TemplateWorkbook
09:57:52.210 [Test worker] DEBUG org.evosuite.runtime.classhandling.ClassResetter - __STATIC_RESET() method does not exists in class org.apache.poi.util.POILogger
09:57:52.210 [Test worker] DEBUG org.evosuite.runtime.classhandling.ClassResetter - __STATIC_RESET() method does not exists in class org.apache.poi.util.NullLogger
09:57:52.210 [Test worker] DEBUG org.evosuite.runtime.classhandling.ClassResetter - __STATIC_RESET() method does not exists in class org.apache.poi.util.POILogFactory
09:57:52.211 [Test worker] DEBUG org.evosuite.runtime.classhandling.ClassResetter - __STATIC_RESET() method does not exists in class org.apache.poi.poifs.filesystem.POIFSFileSystem
09:57:52.212 [Test worker] DEBUG org.evosuite.runtime.classhandling.ClassResetter - __STATIC_RESET() method does not exists in class org.apache.poi.poifs.property.PropertyTable
09:57:52.213 [Test worker] DEBUG org.evosuite.runtime.classhandling.ClassResetter - __STATIC_RESET() method does not exists in class org.apache.poi.poifs.property.Property
09:57:52.214 [Test worker] DEBUG org.evosuite.runtime.classhandling.ClassResetter - __STATIC_RESET() method does not exists in class org.apache.poi.poifs.property.DirectoryProperty
09:57:52.214 [Test worker] DEBUG org.evosuite.runtime.classhandling.ClassResetter - __STATIC_RESET() method does not exists in class org.apache.poi.poifs.property.RootProperty
09:57:52.217 [Test worker] DEBUG org.evosuite.runtime.classhandling.ClassResetter - __STATIC_RESET() method does not exists in class org.apache.poi.util.ShortField
09:57:52.218 [Test worker] DEBUG org.evosuite.runtime.classhandling.ClassResetter - __STATIC_RESET() method does not exists in class org.apache.poi.util.ByteField
09:57:52.219 [Test worker] DEBUG org.evosuite.runtime.classhandling.ClassResetter - __STATIC_RESET() method does not exists in class org.apache.poi.util.IntegerField
09:57:52.222 [Test worker] DEBUG org.evosuite.runtime.classhandling.ClassResetter - __STATIC_RESET() method does not exists in class org.apache.poi.util.LittleEndian
09:57:52.223 [Test worker] DEBUG org.evosuite.runtime.classhandling.ClassResetter - __STATIC_RESET() method does not exists in class org.apache.poi.hpsf.ClassID
09:57:52.225 [Test worker] DEBUG org.evosuite.runtime.classhandling.ClassResetter - __STATIC_RESET() method does not exists in class org.apache.poi.poifs.storage.SmallDocumentBlock
09:57:52.225 [Test worker] DEBUG org.evosuite.runtime.classhandling.ClassResetter - __STATIC_RESET() method does not exists in class org.apache.poi.poifs.filesystem.EntryNode
09:57:52.225 [Test worker] DEBUG org.evosuite.runtime.classhandling.ClassResetter - __STATIC_RESET() method does not exists in class org.apache.poi.poifs.filesystem.DirectoryNode
09:57:52.226 [Test worker] DEBUG org.evosuite.runtime.classhandling.ClassResetter - __STATIC_RESET() method does not exists in class org.apache.poi.poifs.filesystem.POIFSDocumentPath
09:57:52.226 [Test worker] DEBUG org.evosuite.runtime.classhandling.ClassResetter - __STATIC_RESET() method does not exists in class org.apache.poi.POIDocument
09:57:52.226 [Test worker] DEBUG org.evosuite.runtime.classhandling.ClassResetter - __STATIC_RESET() method does not exists in class org.apache.poi.hssf.usermodel.HSSFWorkbook
09:57:52.226 [Test worker] DEBUG org.evosuite.runtime.classhandling.ClassResetter - __STATIC_RESET() method does not exists in class org.apache.poi.hssf.model.Workbook
09:57:52.226 [Test worker] DEBUG org.evosuite.runtime.classhandling.ClassResetter - __STATIC_RESET() method does not exists in class org.apache.poi.hssf.model.WorkbookRecordList
09:57:52.227 [Test worker] DEBUG org.evosuite.runtime.classhandling.ClassResetter - __STATIC_RESET() method does not exists in class org.apache.poi.hssf.record.RecordBase
09:57:52.227 [Test worker] DEBUG org.evosuite.runtime.classhandling.ClassResetter - __STATIC_RESET() method does not exists in class org.apache.poi.hssf.record.Record
09:57:52.227 [Test worker] DEBUG org.evosuite.runtime.classhandling.ClassResetter - __STATIC_RESET() method does not exists in class org.apache.poi.hssf.record.BOFRecord
09:57:52.227 [Test worker] DEBUG org.evosuite.runtime.classhandling.ClassResetter - __STATIC_RESET() method does not exists in class org.apache.poi.hssf.record.InterfaceHdrRecord
09:57:52.227 [Test worker] DEBUG org.evosuite.runtime.classhandling.ClassResetter - __STATIC_RESET() method does not exists in class org.apache.poi.hssf.record.MMSRecord
09:57:52.227 [Test worker] DEBUG org.evosuite.runtime.classhandling.ClassResetter - __STATIC_RESET() method does not exists in class org.apache.poi.hssf.record.InterfaceEndRecord
09:57:52.227 [Test worker] DEBUG org.evosuite.runtime.classhandling.ClassResetter - __STATIC_RESET() method does not exists in class org.apache.poi.hssf.record.WriteAccessRecord
09:57:52.228 [Test worker] DEBUG org.evosuite.runtime.classhandling.ClassResetter - __STATIC_RESET() method does not exists in class org.apache.poi.hssf.record.CodepageRecord
09:57:52.228 [Test worker] DEBUG org.evosuite.runtime.classhandling.ClassResetter - __STATIC_RESET() method does not exists in class org.apache.poi.hssf.record.DSFRecord
09:57:52.228 [Test worker] DEBUG org.evosuite.runtime.classhandling.ClassResetter - __STATIC_RESET() method does not exists in class org.apache.poi.hssf.record.TabIdRecord
09:57:52.228 [Test worker] DEBUG org.evosuite.runtime.classhandling.ClassResetter - __STATIC_RESET() method does not exists in class org.apache.poi.hssf.record.FnGroupCountRecord
09:57:52.228 [Test worker] DEBUG org.evosuite.runtime.classhandling.ClassResetter - __STATIC_RESET() method does not exists in class org.apache.poi.hssf.record.WindowProtectRecord
09:57:52.228 [Test worker] DEBUG org.evosuite.runtime.classhandling.ClassResetter - __STATIC_RESET() method does not exists in class org.apache.poi.hssf.record.ProtectRecord
09:57:52.228 [Test worker] DEBUG org.evosuite.runtime.classhandling.ClassResetter - __STATIC_RESET() method does not exists in class org.apache.poi.hssf.record.PasswordRecord
09:57:52.229 [Test worker] DEBUG org.evosuite.runtime.classhandling.ClassResetter - __STATIC_RESET() method does not exists in class org.apache.poi.hssf.record.ProtectionRev4Record
09:57:52.229 [Test worker] DEBUG org.evosuite.runtime.classhandling.ClassResetter - __STATIC_RESET() method does not exists in class org.apache.poi.hssf.record.PasswordRev4Record
09:57:52.229 [Test worker] DEBUG org.evosuite.runtime.classhandling.ClassResetter - __STATIC_RESET() method does not exists in class org.apache.poi.util.BitFieldFactory
09:57:52.229 [Test worker] DEBUG org.evosuite.runtime.classhandling.ClassResetter - __STATIC_RESET() method does not exists in class org.apache.poi.util.BitField
09:57:52.229 [Test worker] DEBUG org.evosuite.runtime.classhandling.ClassResetter - __STATIC_RESET() method does not exists in class org.apache.poi.hssf.record.WindowOneRecord
09:57:52.229 [Test worker] DEBUG org.evosuite.runtime.classhandling.ClassResetter - __STATIC_RESET() method does not exists in class org.apache.poi.hssf.record.BackupRecord
09:57:52.229 [Test worker] DEBUG org.evosuite.runtime.classhandling.ClassResetter - __STATIC_RESET() method does not exists in class org.apache.poi.hssf.record.HideObjRecord
09:57:52.229 [Test worker] DEBUG org.evosuite.runtime.classhandling.ClassResetter - __STATIC_RESET() method does not exists in class org.apache.poi.hssf.record.DateWindow1904Record
09:57:52.230 [Test worker] DEBUG org.evosuite.runtime.classhandling.ClassResetter - __STATIC_RESET() method does not exists in class org.apache.poi.hssf.record.PrecisionRecord
09:57:52.230 [Test worker] DEBUG org.evosuite.runtime.classhandling.ClassResetter - __STATIC_RESET() method does not exists in class org.apache.poi.hssf.record.RefreshAllRecord
09:57:52.230 [Test worker] DEBUG org.evosuite.runtime.classhandling.ClassResetter - __STATIC_RESET() method does not exists in class org.apache.poi.hssf.record.BookBoolRecord
09:57:52.230 [Test worker] DEBUG org.evosuite.runtime.classhandling.ClassResetter - __STATIC_RESET() method does not exists in class org.apache.poi.hssf.record.FontRecord
09:57:52.230 [Test worker] DEBUG org.evosuite.runtime.classhandling.ClassResetter - __STATIC_RESET() method does not exists in class org.apache.poi.hssf.record.FormatRecord
09:57:52.230 [Test worker] DEBUG org.evosuite.runtime.classhandling.ClassResetter - __STATIC_RESET() method does not exists in class org.apache.poi.util.StringUtil
09:57:52.230 [Test worker] DEBUG org.evosuite.runtime.classhandling.ClassResetter - __STATIC_RESET() method does not exists in class org.apache.poi.hssf.record.ExtendedFormatRecord
09:57:52.231 [Test worker] DEBUG org.evosuite.runtime.classhandling.ClassResetter - __STATIC_RESET() method does not exists in class org.apache.poi.hssf.record.StyleRecord
09:57:52.231 [Test worker] DEBUG org.evosuite.runtime.classhandling.ClassResetter - __STATIC_RESET() method does not exists in class org.apache.poi.hssf.record.UseSelFSRecord
09:57:52.231 [Test worker] DEBUG org.evosuite.runtime.classhandling.ClassResetter - __STATIC_RESET() method does not exists in class org.apache.poi.hssf.record.BoundSheetRecord$1
09:57:52.231 [Test worker] DEBUG org.evosuite.runtime.classhandling.ClassResetter - __STATIC_RESET() method does not exists in class org.apache.poi.hssf.record.BoundSheetRecord
09:57:52.231 [Test worker] DEBUG org.evosuite.runtime.classhandling.ClassResetter - __STATIC_RESET() method does not exists in class org.apache.poi.hssf.record.CountryRecord
09:57:52.231 [Test worker] DEBUG org.evosuite.runtime.classhandling.ClassResetter - __STATIC_RESET() method does not exists in class org.apache.poi.hssf.model.LinkTable
09:57:52.231 [Test worker] DEBUG org.evosuite.runtime.classhandling.ClassResetter - __STATIC_RESET() method does not exists in class org.apache.poi.hssf.model.LinkTable$ExternalBookBlock
09:57:52.232 [Test worker] DEBUG org.evosuite.runtime.classhandling.ClassResetter - __STATIC_RESET() method does not exists in class org.apache.poi.hssf.record.SupBookRecord
09:57:52.232 [Test worker] DEBUG org.evosuite.runtime.classhandling.ClassResetter - __STATIC_RESET() method does not exists in class org.apache.poi.hssf.record.ExternSheetRecord
09:57:52.232 [Test worker] DEBUG org.evosuite.runtime.classhandling.ClassResetter - __STATIC_RESET() method does not exists in class org.apache.poi.hssf.record.ExternSheetRecord$RefSubRecord
09:57:52.232 [Test worker] DEBUG org.evosuite.runtime.classhandling.ClassResetter - __STATIC_RESET() method does not exists in class org.apache.poi.hssf.record.UnicodeString
09:57:52.232 [Test worker] DEBUG org.evosuite.runtime.classhandling.ClassResetter - __STATIC_RESET() method does not exists in class org.apache.poi.hssf.record.SSTRecord
09:57:52.232 [Test worker] DEBUG org.evosuite.runtime.classhandling.ClassResetter - __STATIC_RESET() method does not exists in class org.apache.poi.util.IntMapper
09:57:52.232 [Test worker] DEBUG org.evosuite.runtime.classhandling.ClassResetter - __STATIC_RESET() method does not exists in class org.apache.poi.hssf.record.SSTDeserializer
09:57:52.232 [Test worker] DEBUG org.evosuite.runtime.classhandling.ClassResetter - __STATIC_RESET() method does not exists in class org.apache.poi.hssf.record.ExtSSTRecord
09:57:52.233 [Test worker] DEBUG org.evosuite.runtime.classhandling.ClassResetter - __STATIC_RESET() method does not exists in class org.apache.poi.hssf.record.EOFRecord
09:57:52.233 [Test worker] DEBUG org.evosuite.runtime.classhandling.ClassResetter - __STATIC_RESET() method does not exists in class org.apache.poi.hssf.usermodel.HSSFRow$MissingCellPolicy
09:57:52.233 [Test worker] DEBUG org.evosuite.runtime.classhandling.ClassResetter - __STATIC_RESET() method does not exists in class org.apache.poi.hssf.usermodel.HSSFRow
09:57:52.255 [Test worker] DEBUG org.evosuite.runtime.classhandling.ClassResetter - __STATIC_RESET() method does not exists in class org.apache.poi.poifs.storage.HeaderBlockReader
09:57:52.256 [Test worker] DEBUG org.evosuite.runtime.classhandling.ClassResetter - __STATIC_RESET() method does not exists in class org.apache.poi.util.IOUtils
09:57:52.259 [Test worker] DEBUG org.evosuite.runtime.classhandling.ClassResetter - __STATIC_RESET() method does not exists in class org.apache.poi.poifs.filesystem.POIFSDocument
09:57:52.259 [Test worker] DEBUG org.evosuite.runtime.classhandling.ClassResetter - __STATIC_RESET() method does not exists in class org.apache.poi.poifs.property.DocumentProperty
09:57:52.262 [Test worker] DEBUG org.evosuite.runtime.classhandling.ClassResetter - __STATIC_RESET() method does not exists in class org.apache.poi.poifs.filesystem.POIFSDocument$SmallBlockStore
09:57:52.262 [Test worker] DEBUG org.evosuite.runtime.classhandling.ClassResetter - __STATIC_RESET() method does not exists in class org.apache.poi.poifs.filesystem.POIFSDocument$BigBlockStore
09:57:52.263 [Test worker] DEBUG org.evosuite.runtime.classhandling.ClassResetter - __STATIC_RESET() method does not exists in class org.apache.poi.poifs.filesystem.DocumentNode
09:57:52.263 [Test worker] DEBUG org.evosuite.runtime.classhandling.ClassResetter - __STATIC_RESET() method does not exists in class org.apache.poi.hssf.usermodel.HSSFFont
09:57:52.263 [Test worker] DEBUG org.evosuite.runtime.classhandling.ClassResetter - __STATIC_RESET() method does not exists in class org.apache.poi.poifs.storage.BigBlock
09:57:52.264 [Test worker] DEBUG org.evosuite.runtime.classhandling.ClassResetter - __STATIC_RESET() method does not exists in class org.apache.poi.poifs.storage.PropertyBlock
09:57:52.265 [Test worker] DEBUG org.evosuite.runtime.classhandling.ClassResetter - __STATIC_RESET() method does not exists in class org.apache.poi.poifs.storage.PropertyBlock$1
09:57:52.268 [Test worker] DEBUG org.evosuite.runtime.classhandling.ClassResetter - __STATIC_RESET() method does not exists in class org.apache.poi.poifs.storage.SmallBlockTableWriter
09:57:52.268 [Test worker] DEBUG org.evosuite.runtime.classhandling.ClassResetter - __STATIC_RESET() method does not exists in class org.apache.poi.poifs.storage.BlockAllocationTableWriter
09:57:52.270 [Test worker] DEBUG org.evosuite.runtime.classhandling.ClassResetter - __STATIC_RESET() method does not exists in class org.apache.poi.util.IntList
09:57:52.271 [Test worker] DEBUG org.evosuite.runtime.classhandling.ClassResetter - __STATIC_RESET() method does not exists in class org.apache.poi.poifs.storage.BATBlock
09:57:52.273 [Test worker] DEBUG org.evosuite.runtime.classhandling.ClassResetter - __STATIC_RESET() method does not exists in class org.apache.poi.poifs.storage.HeaderBlockWriter
09:57:52.274 [Test worker] DEBUG org.evosuite.runtime.classhandling.ClassResetter - __STATIC_RESET() method does not exists in class org.apache.poi.util.LongField
09:57:52.274 [Test worker] DEBUG org.evosuite.runtime.classhandling.ClassResetter - __STATIC_RESET() method does not exists in class org.apache.poi.hssf.usermodel.HSSFSheet
09:57:52.286 [Test worker] DEBUG org.evosuite.runtime.classhandling.ClassResetter - __STATIC_RESET() method does not exists in class org.apache.poi.hssf.model.Sheet
09:57:52.287 [Test worker] DEBUG org.evosuite.runtime.classhandling.ClassResetter - __STATIC_RESET() method does not exists in class org.apache.poi.hssf.record.aggregates.RecordAggregate
09:57:52.287 [Test worker] DEBUG org.evosuite.runtime.classhandling.ClassResetter - __STATIC_RESET() method does not exists in class org.apache.poi.hssf.record.aggregates.MergedCellsTable
09:57:52.287 [Test worker] DEBUG org.evosuite.runtime.classhandling.ClassResetter - __STATIC_RESET() method does not exists in class org.apache.poi.hssf.record.CalcModeRecord
09:57:52.287 [Test worker] DEBUG org.evosuite.runtime.classhandling.ClassResetter - __STATIC_RESET() method does not exists in class org.apache.poi.hssf.record.CalcCountRecord
09:57:52.287 [Test worker] DEBUG org.evosuite.runtime.classhandling.ClassResetter - __STATIC_RESET() method does not exists in class org.apache.poi.hssf.record.RefModeRecord
09:57:52.288 [Test worker] DEBUG org.evosuite.runtime.classhandling.ClassResetter - __STATIC_RESET() method does not exists in class org.apache.poi.hssf.record.IterationRecord
09:57:52.288 [Test worker] DEBUG org.evosuite.runtime.classhandling.ClassResetter - __STATIC_RESET() method does not exists in class org.apache.poi.hssf.record.DeltaRecord
09:57:52.288 [Test worker] DEBUG org.evosuite.runtime.classhandling.ClassResetter - __STATIC_RESET() method does not exists in class org.apache.poi.hssf.record.SaveRecalcRecord
09:57:52.288 [Test worker] DEBUG org.evosuite.runtime.classhandling.ClassResetter - __STATIC_RESET() method does not exists in class org.apache.poi.hssf.record.PrintHeadersRecord
09:57:52.288 [Test worker] DEBUG org.evosuite.runtime.classhandling.ClassResetter - __STATIC_RESET() method does not exists in class org.apache.poi.hssf.record.PrintGridlinesRecord
09:57:52.288 [Test worker] DEBUG org.evosuite.runtime.classhandling.ClassResetter - __STATIC_RESET() method does not exists in class org.apache.poi.hssf.record.GridsetRecord
09:57:52.288 [Test worker] DEBUG org.evosuite.runtime.classhandling.ClassResetter - __STATIC_RESET() method does not exists in class org.apache.poi.hssf.record.GutsRecord
09:57:52.289 [Test worker] DEBUG org.evosuite.runtime.classhandling.ClassResetter - __STATIC_RESET() method does not exists in class org.apache.poi.hssf.record.DefaultRowHeightRecord
09:57:52.289 [Test worker] DEBUG org.evosuite.runtime.classhandling.ClassResetter - __STATIC_RESET() method does not exists in class org.apache.poi.hssf.record.WSBoolRecord
09:57:52.289 [Test worker] DEBUG org.evosuite.runtime.classhandling.ClassResetter - __STATIC_RESET() method does not exists in class org.apache.poi.hssf.record.aggregates.PageSettingsBlock
09:57:52.289 [Test worker] DEBUG org.evosuite.runtime.classhandling.ClassResetter - __STATIC_RESET() method does not exists in class org.apache.poi.hssf.record.PageBreakRecord
09:57:52.289 [Test worker] DEBUG org.evosuite.runtime.classhandling.ClassResetter - __STATIC_RESET() method does not exists in class org.apache.poi.hssf.record.HorizontalPageBreakRecord
09:57:52.289 [Test worker] DEBUG org.evosuite.runtime.classhandling.ClassResetter - __STATIC_RESET() method does not exists in class org.apache.poi.hssf.record.VerticalPageBreakRecord
09:57:52.289 [Test worker] DEBUG org.evosuite.runtime.classhandling.ClassResetter - __STATIC_RESET() method does not exists in class org.apache.poi.hssf.record.HeaderRecord
09:57:52.289 [Test worker] DEBUG org.evosuite.runtime.classhandling.ClassResetter - __STATIC_RESET() method does not exists in class org.apache.poi.hssf.record.FooterRecord
09:57:52.290 [Test worker] DEBUG org.evosuite.runtime.classhandling.ClassResetter - __STATIC_RESET() method does not exists in class org.apache.poi.hssf.record.HCenterRecord
09:57:52.290 [Test worker] DEBUG org.evosuite.runtime.classhandling.ClassResetter - __STATIC_RESET() method does not exists in class org.apache.poi.hssf.record.VCenterRecord
09:57:52.290 [Test worker] DEBUG org.evosuite.runtime.classhandling.ClassResetter - __STATIC_RESET() method does not exists in class org.apache.poi.hssf.record.PrintSetupRecord
09:57:52.290 [Test worker] DEBUG org.evosuite.runtime.classhandling.ClassResetter - __STATIC_RESET() method does not exists in class org.apache.poi.hssf.record.DefaultColWidthRecord
09:57:52.290 [Test worker] DEBUG org.evosuite.runtime.classhandling.ClassResetter - __STATIC_RESET() method does not exists in class org.apache.poi.hssf.record.aggregates.ColumnInfoRecordsAggregate
09:57:52.290 [Test worker] DEBUG org.evosuite.runtime.classhandling.ClassResetter - __STATIC_RESET() method does not exists in class org.apache.poi.hssf.record.DimensionsRecord
09:57:52.290 [Test worker] DEBUG org.evosuite.runtime.classhandling.ClassResetter - __STATIC_RESET() method does not exists in class org.apache.poi.hssf.record.aggregates.RowRecordsAggregate
09:57:52.290 [Test worker] DEBUG org.evosuite.runtime.classhandling.ClassResetter - __STATIC_RESET() method does not exists in class org.apache.poi.hssf.record.aggregates.SharedValueManager
09:57:52.291 [Test worker] DEBUG org.evosuite.runtime.classhandling.ClassResetter - __STATIC_RESET() method does not exists in class org.apache.poi.hssf.record.aggregates.ValueRecordsAggregate
09:57:52.291 [Test worker] DEBUG org.evosuite.runtime.classhandling.ClassResetter - __STATIC_RESET() method does not exists in class org.apache.poi.hssf.record.WindowTwoRecord
09:57:52.291 [Test worker] DEBUG org.evosuite.runtime.classhandling.ClassResetter - __STATIC_RESET() method does not exists in class org.apache.poi.hssf.record.SelectionRecord
09:57:52.291 [Test worker] DEBUG org.evosuite.runtime.classhandling.ClassResetter - __STATIC_RESET() method does not exists in class org.apache.poi.hssf.util.CellRangeAddressBase
09:57:52.291 [Test worker] DEBUG org.evosuite.runtime.classhandling.ClassResetter - __STATIC_RESET() method does not exists in class org.apache.poi.hssf.util.CellRangeAddress8Bit
09:57:52.292 [Test worker] DEBUG org.evosuite.runtime.classhandling.ClassResetter - __STATIC_RESET() method does not exists in class org.templateit.Template
09:57:52.293 [Test worker] DEBUG org.evosuite.runtime.classhandling.ClassResetter - __STATIC_RESET() method does not exists in class org.templateit.StaticTemplate
09:57:52.293 [Test worker] DEBUG org.evosuite.runtime.classhandling.ClassResetter - __STATIC_RESET() method does not exists in class org.templateit.Region
09:57:52.293 [Test worker] DEBUG org.evosuite.runtime.classhandling.ClassResetter - __STATIC_RESET() method does not exists in class org.apache.poi.ddf.EscherRecord
09:57:52.293 [Test worker] DEBUG org.evosuite.runtime.classhandling.ClassResetter - __STATIC_RESET() method does not exists in class org.apache.poi.ddf.EscherContainerRecord
09:57:52.294 [Test worker] DEBUG org.evosuite.runtime.classhandling.ClassResetter - __STATIC_RESET() method does not exists in class org.apache.poi.ddf.EscherDggRecord
09:57:52.294 [Test worker] DEBUG org.evosuite.runtime.classhandling.ClassResetter - __STATIC_RESET() method does not exists in class org.apache.poi.ddf.EscherOptRecord
09:57:52.294 [Test worker] DEBUG org.evosuite.runtime.classhandling.ClassResetter - __STATIC_RESET() method does not exists in class org.apache.poi.ddf.EscherSplitMenuColorsRecord
09:57:52.294 [Test worker] DEBUG org.evosuite.runtime.classhandling.ClassResetter - __STATIC_RESET() method does not exists in class org.apache.poi.hssf.model.DrawingManager2
09:57:52.294 [Test worker] DEBUG org.evosuite.runtime.classhandling.ClassResetter - __STATIC_RESET() method does not exists in class org.apache.poi.ddf.EscherProperty
09:57:52.295 [Test worker] DEBUG org.evosuite.runtime.classhandling.ClassResetter - __STATIC_RESET() method does not exists in class org.apache.poi.ddf.EscherSimpleProperty
09:57:52.295 [Test worker] DEBUG org.evosuite.runtime.classhandling.ClassResetter - __STATIC_RESET() method does not exists in class org.apache.poi.ddf.EscherBoolProperty
09:57:52.295 [Test worker] DEBUG org.evosuite.runtime.classhandling.ClassResetter - __STATIC_RESET() method does not exists in class org.apache.poi.ddf.EscherRGBProperty
09:57:52.295 [Test worker] DEBUG org.evosuite.runtime.classhandling.ClassResetter - __STATIC_RESET() method does not exists in class org.apache.poi.hssf.record.AbstractEscherHolderRecord
09:57:52.296 [Test worker] DEBUG org.evosuite.runtime.classhandling.ClassResetter - __STATIC_RESET() method does not exists in class org.apache.poi.hssf.record.DrawingGroupRecord
09:57:52.297 [Test worker] DEBUG org.evosuite.runtime.classhandling.ClassResetter - __STATIC_RESET() method does not exists in class org.apache.poi.hssf.record.EscherAggregate
09:57:52.301 [Test worker] DEBUG org.evosuite.runtime.classhandling.ClassResetter - __STATIC_RESET() method does not exists in class org.apache.poi.hssf.usermodel.HSSFPatriarch
09:57:52.301 [Test worker] DEBUG org.evosuite.runtime.classhandling.ClassResetter - __STATIC_RESET() method does not exists in class org.templateit.TemplateSheet
09:57:52.302 [Test worker] DEBUG org.evosuite.runtime.classhandling.ClassResetter - __STATIC_RESET() method does not exists in class org.apache.poi.hssf.record.SCLRecord
09:57:52.302 [Test worker] DEBUG org.evosuite.runtime.classhandling.ClassResetter - __STATIC_RESET() method does not exists in class org.apache.poi.hssf.record.UnknownRecord
09:57:52.303 [Test worker] DEBUG org.evosuite.runtime.classhandling.ClassResetter - __STATIC_RESET() method does not exists in class org.apache.poi.hssf.util.CellReference
09:57:52.303 [Test worker] DEBUG org.evosuite.runtime.classhandling.ClassResetter - __STATIC_RESET() method does not exists in class org.templateit.Parameter
09:57:52.303 [Test worker] DEBUG org.evosuite.runtime.classhandling.ClassResetter - __STATIC_RESET() method does not exists in class org.templateit.Reference
09:57:52.304 [Test worker] DEBUG org.evosuite.runtime.classhandling.ClassResetter - __STATIC_RESET() method does not exists in class org.apache.poi.hssf.usermodel.HSSFPalette
09:57:52.304 [Test worker] DEBUG org.evosuite.runtime.classhandling.ClassResetter - __STATIC_RESET() method does not exists in class org.apache.poi.hssf.record.PaletteRecord
09:57:52.305 [Test worker] DEBUG org.evosuite.runtime.classhandling.ClassResetter - __STATIC_RESET() method does not exists in class org.apache.poi.hssf.record.PColor
09:57:52.305 [Test worker] DEBUG org.evosuite.runtime.classhandling.ClassResetter - __STATIC_RESET() method does not exists in class org.apache.poi.hssf.record.FileSharingRecord
09:57:52.306 [Test worker] DEBUG org.evosuite.runtime.classhandling.ClassResetter - __STATIC_RESET() method does not exists in class org.apache.poi.hssf.record.WriteProtectRecord
09:57:52.306 [Test worker] DEBUG org.evosuite.runtime.classhandling.ClassResetter - __STATIC_RESET() method does not exists in class org.apache.poi.hssf.usermodel.HSSFDataFormat
09:57:52.306 [Test worker] DEBUG org.evosuite.runtime.classhandling.ClassResetter - __STATIC_RESET() method does not exists in class org.apache.poi.ddf.EscherBlipRecord
09:57:52.306 [Test worker] DEBUG org.evosuite.runtime.classhandling.ClassResetter - __STATIC_RESET() method does not exists in class org.apache.poi.ddf.EscherBitmapBlip
09:57:52.306 [Test worker] DEBUG org.evosuite.runtime.classhandling.ClassResetter - __STATIC_RESET() method does not exists in class org.apache.poi.ddf.EscherBSERecord
09:57:52.307 [Test worker] DEBUG org.evosuite.runtime.classhandling.ClassResetter - __STATIC_RESET() method does not exists in class org.apache.poi.hssf.record.RecordInputStream
09:57:52.307 [Test worker] DEBUG org.evosuite.runtime.classhandling.ClassResetter - __STATIC_RESET() method does not exists in class org.apache.poi.hssf.record.RecordFormatException
09:57:52.308 [Test worker] DEBUG org.evosuite.runtime.classhandling.ClassResetter - __STATIC_RESET() method does not exists in class org.apache.poi.hssf.record.SSTRecordSizeCalculator
09:57:52.309 [Test worker] DEBUG org.evosuite.runtime.classhandling.ClassResetter - __STATIC_RESET() method does not exists in class org.apache.poi.hssf.record.UnicodeString$UnicodeRecordStats
09:57:52.313 [Test worker] DEBUG org.evosuite.runtime.classhandling.ClassResetter - __STATIC_RESET() method does not exists in class org.apache.poi.hssf.record.SSTSerializer
09:57:52.314 [Test worker] DEBUG org.evosuite.runtime.classhandling.ClassResetter - __STATIC_RESET() method does not exists in class org.apache.poi.hssf.record.SSTRecordHeader
09:57:52.314 [Test worker] DEBUG org.evosuite.runtime.classhandling.ClassResetter - __STATIC_RESET() method does not exists in class org.apache.poi.poifs.filesystem.POIFSFileSystem$CloseIgnoringInputStream
09:57:52.315 [Test worker] DEBUG org.evosuite.runtime.classhandling.ClassResetter - __STATIC_RESET() method does not exists in class org.apache.poi.hssf.usermodel.HSSFCellStyle
09:57:52.315 [Test worker] DEBUG org.evosuite.runtime.classhandling.ClassResetter - __STATIC_RESET() method does not exists in class org.apache.poi.hssf.record.NameRecord
09:57:52.315 [Test worker] DEBUG org.evosuite.runtime.classhandling.ClassResetter - __STATIC_RESET() method does not exists in class org.apache.poi.hssf.record.formula.Ptg
09:57:52.315 [Test worker] DEBUG org.evosuite.runtime.classhandling.ClassResetter - __STATIC_RESET() method does not exists in class org.apache.poi.hssf.usermodel.HSSFName
09:57:52.315 [Test worker] DEBUG org.evosuite.runtime.classhandling.ClassResetter - __STATIC_RESET() method does not exists in class org.apache.poi.hssf.usermodel.HSSFPrintSetup
09:57:52.315 [Test worker] DEBUG org.evosuite.runtime.classhandling.ClassResetter - __STATIC_RESET() method does not exists in class org.apache.poi.hssf.usermodel.HSSFSheetConditionalFormatting
09:57:52.315 [Test worker] DEBUG org.evosuite.runtime.classhandling.ClassResetter - __STATIC_RESET() method does not exists in class org.apache.poi.hssf.record.aggregates.ConditionalFormattingTable
09:57:52.317 [Test worker] DEBUG org.evosuite.runtime.classhandling.ClassResetter - __STATIC_RESET() method does not exists in class org.apache.poi.hssf.model.RecordOrderer
09:57:52.317 [Test worker] DEBUG org.evosuite.runtime.classhandling.ClassResetter - __STATIC_RESET() method does not exists in class org.apache.poi.hssf.record.aggregates.DataValidityTable
09:57:52.317 [Test worker] DEBUG org.evosuite.runtime.classhandling.ClassResetter - __STATIC_RESET() method does not exists in class org.apache.poi.util.LittleEndian$BufferUnderrunException
09:57:52.317 [Test worker] DEBUG org.evosuite.runtime.classhandling.ClassResetter - __STATIC_RESET() method does not exists in class org.apache.poi.hssf.record.formula.OperandPtg
09:57:52.318 [Test worker] DEBUG org.evosuite.runtime.classhandling.ClassResetter - __STATIC_RESET() method does not exists in class org.apache.poi.hssf.record.formula.AreaPtgBase
09:57:52.318 [Test worker] DEBUG org.evosuite.runtime.classhandling.ClassResetter - __STATIC_RESET() method does not exists in class org.apache.poi.hssf.record.formula.Area3DPtg
09:57:52.321 [Test worker] DEBUG org.evosuite.runtime.classhandling.ClassResetter - __STATIC_RESET() method does not exists in class org.apache.poi.hssf.util.AreaReference
09:57:52.323 [Test worker] DEBUG org.evosuite.runtime.classhandling.ClassResetter - __STATIC_RESET() method does not exists in class org.apache.poi.hssf.util.RangeAddress
09:57:52.323 [Test worker] DEBUG org.evosuite.runtime.classhandling.ClassResetter - __STATIC_RESET() method does not exists in class org.apache.poi.hssf.record.formula.RefPtgBase
09:57:52.324 [Test worker] DEBUG org.evosuite.runtime.classhandling.ClassResetter - __STATIC_RESET() method does not exists in class org.apache.poi.hssf.record.formula.Ref3DPtg
09:57:52.325 [Test worker] DEBUG org.evosuite.runtime.classhandling.ClassResetter - __STATIC_RESET() method does not exists in class org.apache.poi.hssf.usermodel.HeaderFooter$Field
09:57:52.325 [Test worker] DEBUG org.evosuite.runtime.classhandling.ClassResetter - __STATIC_RESET() method does not exists in class org.apache.poi.hssf.usermodel.HeaderFooter$PairField
09:57:52.325 [Test worker] DEBUG org.evosuite.runtime.classhandling.ClassResetter - __STATIC_RESET() method does not exists in class org.apache.poi.hssf.usermodel.HeaderFooter
09:57:52.325 [Test worker] DEBUG org.evosuite.runtime.classhandling.ClassResetter - __STATIC_RESET() method does not exists in class org.apache.poi.hssf.usermodel.HSSFHeader
09:57:52.326 [Test worker] DEBUG org.evosuite.runtime.classhandling.ClassResetter - __STATIC_RESET() method does not exists in class org.apache.poi.poifs.storage.DocumentBlock
09:57:52.327 [Test worker] DEBUG org.evosuite.runtime.classhandling.ClassResetter - __STATIC_RESET() method does not exists in class org.apache.poi.poifs.property.DirectoryProperty$PropertyComparator
09:57:52.328 [Test worker] DEBUG org.evosuite.runtime.classhandling.ClassResetter - __STATIC_RESET() method does not exists in class org.apache.poi.hssf.usermodel.HSSFWorkbook$SheetRecordCollector
09:57:52.329 [Test worker] DEBUG org.evosuite.runtime.classhandling.ClassResetter - __STATIC_RESET() method does not exists in class org.apache.poi.hssf.record.aggregates.RecordAggregate$PositionTrackingVisitor
09:57:52.331 [Test worker] DEBUG org.evosuite.runtime.classhandling.ClassResetter - __STATIC_RESET() method does not exists in class org.apache.poi.hssf.record.aggregates.RecordAggregate$RecordSizingVisitor
09:57:52.331 [Test worker] DEBUG org.evosuite.runtime.classhandling.ClassResetter - __STATIC_RESET() method does not exists in class org.apache.poi.hssf.record.IndexRecord
09:57:52.331 [Test worker] DEBUG org.evosuite.runtime.classhandling.ClassResetter - __STATIC_RESET() method does not exists in class org.apache.poi.hssf.util.Region
09:57:52.332 [Test worker] DEBUG org.evosuite.runtime.classhandling.ClassResetter - __STATIC_RESET() method does not exists in class org.apache.poi.hssf.model.Sheet$RecordCloner
09:57:52.332 [Test worker] DEBUG org.evosuite.runtime.classhandling.ClassResetter - __STATIC_RESET() method does not exists in class org.apache.poi.hssf.model.RecordStream
09:57:52.333 [Test worker] DEBUG org.evosuite.runtime.classhandling.ClassResetter - __STATIC_RESET() method does not exists in class org.apache.poi.hssf.record.ColumnInfoRecord
09:57:52.333 [Test worker] DEBUG org.evosuite.runtime.classhandling.ClassResetter - __STATIC_RESET() method does not exists in class org.apache.poi.hssf.record.formula.FormulaShifter
09:57:52.334 [Test worker] DEBUG org.evosuite.runtime.classhandling.ClassResetter - __STATIC_RESET() method does not exists in class org.apache.poi.hssf.record.RowRecord
09:57:52.336 [Test worker] DEBUG org.evosuite.runtime.classhandling.ClassResetter - __STATIC_RESET() method does not exists in class org.apache.poi.hssf.record.PaneRecord
09:57:52.350 [Test worker] DEBUG org.evosuite.runtime.classhandling.ClassResetter - __STATIC_RESET() method does not exists in class org.apache.log4j.Category
09:57:52.351 [Test worker] DEBUG org.evosuite.runtime.classhandling.ClassResetter - __STATIC_RESET() method does not exists in class org.apache.log4j.Logger
09:57:52.351 [Test worker] DEBUG org.evosuite.runtime.classhandling.ClassResetter - __STATIC_RESET() method does not exists in class org.apache.log4j.Hierarchy
09:57:52.351 [Test worker] DEBUG org.evosuite.runtime.classhandling.ClassResetter - __STATIC_RESET() method does not exists in class org.apache.log4j.spi.RootLogger
09:57:52.351 [Test worker] DEBUG org.evosuite.runtime.classhandling.ClassResetter - __STATIC_RESET() method does not exists in class org.apache.log4j.Priority
09:57:52.351 [Test worker] DEBUG org.evosuite.runtime.classhandling.ClassResetter - __STATIC_RESET() method does not exists in class org.apache.log4j.Level
09:57:52.351 [Test worker] DEBUG org.evosuite.runtime.classhandling.ClassResetter - __STATIC_RESET() method does not exists in class org.apache.log4j.or.DefaultRenderer
09:57:52.351 [Test worker] DEBUG org.evosuite.runtime.classhandling.ClassResetter - __STATIC_RESET() method does not exists in class org.apache.log4j.or.RendererMap
09:57:52.351 [Test worker] DEBUG org.evosuite.runtime.classhandling.ClassResetter - __STATIC_RESET() method does not exists in class org.apache.log4j.DefaultCategoryFactory
09:57:52.352 [Test worker] DEBUG org.evosuite.runtime.classhandling.ClassResetter - __STATIC_RESET() method does not exists in class org.apache.log4j.spi.DefaultRepositorySelector
09:57:52.352 [Test worker] DEBUG org.evosuite.runtime.classhandling.ClassResetter - __STATIC_RESET() method does not exists in class org.apache.log4j.helpers.OptionConverter
09:57:52.352 [Test worker] DEBUG org.evosuite.runtime.classhandling.ClassResetter - __STATIC_RESET() method does not exists in class org.apache.log4j.helpers.Loader
09:57:52.352 [Test worker] DEBUG org.evosuite.runtime.classhandling.ClassResetter - __STATIC_RESET() method does not exists in class org.apache.log4j.helpers.LogLog
09:57:52.352 [Test worker] DEBUG org.evosuite.runtime.classhandling.ClassResetter - __STATIC_RESET() method does not exists in class org.apache.log4j.PropertyConfigurator
09:57:52.352 [Test worker] DEBUG org.evosuite.runtime.classhandling.ClassResetter - __STATIC_RESET() method does not exists in class org.apache.log4j.LogManager
09:57:52.352 [Test worker] DEBUG org.evosuite.runtime.classhandling.ClassResetter - __STATIC_RESET() method does not exists in class org.apache.log4j.CategoryKey
09:57:52.352 [Test worker] DEBUG org.evosuite.runtime.classhandling.ClassResetter - __STATIC_RESET() method does not exists in class org.apache.log4j.ProvisionNode
09:57:52.353 [Test worker] DEBUG org.evosuite.runtime.classhandling.ClassResetter - __STATIC_RESET() method does not exists in class org.templateit.WorkbookParser
09:57:52.353 [Test worker] DEBUG org.evosuite.runtime.classhandling.ClassResetter - __STATIC_RESET() method does not exists in class org.templateit.OpMatcher
09:57:52.353 [Test worker] DEBUG org.evosuite.runtime.classhandling.ClassResetter - __STATIC_RESET() method does not exists in class org.templateit.TemplateWorkbook
09:57:52.353 [Test worker] DEBUG org.evosuite.runtime.classhandling.ClassResetter - __STATIC_RESET() method does not exists in class org.apache.poi.util.POILogger
09:57:52.353 [Test worker] DEBUG org.evosuite.runtime.classhandling.ClassResetter - __STATIC_RESET() method does not exists in class org.apache.poi.util.NullLogger
09:57:52.353 [Test worker] DEBUG org.evosuite.runtime.classhandling.ClassResetter - __STATIC_RESET() method does not exists in class org.apache.poi.util.POILogFactory
09:57:52.353 [Test worker] DEBUG org.evosuite.runtime.classhandling.ClassResetter - __STATIC_RESET() method does not exists in class org.apache.poi.poifs.filesystem.POIFSFileSystem
09:57:52.354 [Test worker] DEBUG org.evosuite.runtime.classhandling.ClassResetter - __STATIC_RESET() method does not exists in class org.apache.poi.poifs.property.PropertyTable
09:57:52.354 [Test worker] DEBUG org.evosuite.runtime.classhandling.ClassResetter - __STATIC_RESET() method does not exists in class org.apache.poi.poifs.property.Property
09:57:52.354 [Test worker] DEBUG org.evosuite.runtime.classhandling.ClassResetter - __STATIC_RESET() method does not exists in class org.apache.poi.poifs.property.DirectoryProperty
09:57:52.354 [Test worker] DEBUG org.evosuite.runtime.classhandling.ClassResetter - __STATIC_RESET() method does not exists in class org.apache.poi.poifs.property.RootProperty
09:57:52.354 [Test worker] DEBUG org.evosuite.runtime.classhandling.ClassResetter - __STATIC_RESET() method does not exists in class org.apache.poi.util.ShortField
09:57:52.354 [Test worker] DEBUG org.evosuite.runtime.classhandling.ClassResetter - __STATIC_RESET() method does not exists in class org.apache.poi.util.ByteField
09:57:52.354 [Test worker] DEBUG org.evosuite.runtime.classhandling.ClassResetter - __STATIC_RESET() method does not exists in class org.apache.poi.util.IntegerField
09:57:52.354 [Test worker] DEBUG org.evosuite.runtime.classhandling.ClassResetter - __STATIC_RESET() method does not exists in class org.apache.poi.util.LittleEndian
09:57:52.355 [Test worker] DEBUG org.evosuite.runtime.classhandling.ClassResetter - __STATIC_RESET() method does not exists in class org.apache.poi.hpsf.ClassID
09:57:52.355 [Test worker] DEBUG org.evosuite.runtime.classhandling.ClassResetter - __STATIC_RESET() method does not exists in class org.apache.poi.poifs.storage.SmallDocumentBlock
09:57:52.355 [Test worker] DEBUG org.evosuite.runtime.classhandling.ClassResetter - __STATIC_RESET() method does not exists in class org.apache.poi.poifs.filesystem.EntryNode
09:57:52.355 [Test worker] DEBUG org.evosuite.runtime.classhandling.ClassResetter - __STATIC_RESET() method does not exists in class org.apache.poi.poifs.filesystem.DirectoryNode
09:57:52.356 [Test worker] DEBUG org.evosuite.runtime.classhandling.ClassResetter - __STATIC_RESET() method does not exists in class org.apache.poi.poifs.filesystem.POIFSDocumentPath
09:57:52.375 [Test worker] DEBUG org.evosuite.runtime.classhandling.ClassResetter - __STATIC_RESET() method does not exists in class org.apache.poi.POIDocument
09:57:52.375 [Test worker] DEBUG org.evosuite.runtime.classhandling.ClassResetter - __STATIC_RESET() method does not exists in class org.apache.poi.hssf.usermodel.HSSFWorkbook
09:57:52.375 [Test worker] DEBUG org.evosuite.runtime.classhandling.ClassResetter - __STATIC_RESET() method does not exists in class org.apache.poi.hssf.model.Workbook
09:57:52.375 [Test worker] DEBUG org.evosuite.runtime.classhandling.ClassResetter - __STATIC_RESET() method does not exists in class org.apache.poi.hssf.model.WorkbookRecordList
09:57:52.375 [Test worker] DEBUG org.evosuite.runtime.classhandling.ClassResetter - __STATIC_RESET() method does not exists in class org.apache.poi.hssf.record.RecordBase
09:57:52.375 [Test worker] DEBUG org.evosuite.runtime.classhandling.ClassResetter - __STATIC_RESET() method does not exists in class org.apache.poi.hssf.record.Record
09:57:52.375 [Test worker] DEBUG org.evosuite.runtime.classhandling.ClassResetter - __STATIC_RESET() method does not exists in class org.apache.poi.hssf.record.BOFRecord
09:57:52.375 [Test worker] DEBUG org.evosuite.runtime.classhandling.ClassResetter - __STATIC_RESET() method does not exists in class org.apache.poi.hssf.record.InterfaceHdrRecord
09:57:52.375 [Test worker] DEBUG org.evosuite.runtime.classhandling.ClassResetter - __STATIC_RESET() method does not exists in class org.apache.poi.hssf.record.MMSRecord
09:57:52.376 [Test worker] DEBUG org.evosuite.runtime.classhandling.ClassResetter - __STATIC_RESET() method does not exists in class org.apache.poi.hssf.record.InterfaceEndRecord
09:57:52.376 [Test worker] DEBUG org.evosuite.runtime.classhandling.ClassResetter - __STATIC_RESET() method does not exists in class org.apache.poi.hssf.record.WriteAccessRecord
09:57:52.376 [Test worker] DEBUG org.evosuite.runtime.classhandling.ClassResetter - __STATIC_RESET() method does not exists in class org.apache.poi.hssf.record.CodepageRecord
09:57:52.376 [Test worker] DEBUG org.evosuite.runtime.classhandling.ClassResetter - __STATIC_RESET() method does not exists in class org.apache.poi.hssf.record.DSFRecord
09:57:52.376 [Test worker] DEBUG org.evosuite.runtime.classhandling.ClassResetter - __STATIC_RESET() method does not exists in class org.apache.poi.hssf.record.TabIdRecord
09:57:52.376 [Test worker] DEBUG org.evosuite.runtime.classhandling.ClassResetter - __STATIC_RESET() method does not exists in class org.apache.poi.hssf.record.FnGroupCountRecord
09:57:52.376 [Test worker] DEBUG org.evosuite.runtime.classhandling.ClassResetter - __STATIC_RESET() method does not exists in class org.apache.poi.hssf.record.WindowProtectRecord
09:57:52.376 [Test worker] DEBUG org.evosuite.runtime.classhandling.ClassResetter - __STATIC_RESET() method does not exists in class org.apache.poi.hssf.record.ProtectRecord
09:57:52.377 [Test worker] DEBUG org.evosuite.runtime.classhandling.ClassResetter - __STATIC_RESET() method does not exists in class org.apache.poi.hssf.record.PasswordRecord
09:57:52.377 [Test worker] DEBUG org.evosuite.runtime.classhandling.ClassResetter - __STATIC_RESET() method does not exists in class org.apache.poi.hssf.record.ProtectionRev4Record
09:57:52.377 [Test worker] DEBUG org.evosuite.runtime.classhandling.ClassResetter - __STATIC_RESET() method does not exists in class org.apache.poi.hssf.record.PasswordRev4Record
09:57:52.377 [Test worker] DEBUG org.evosuite.runtime.classhandling.ClassResetter - __STATIC_RESET() method does not exists in class org.apache.poi.util.BitFieldFactory
09:57:52.377 [Test worker] DEBUG org.evosuite.runtime.classhandling.ClassResetter - __STATIC_RESET() method does not exists in class org.apache.poi.util.BitField
09:57:52.377 [Test worker] DEBUG org.evosuite.runtime.classhandling.ClassResetter - __STATIC_RESET() method does not exists in class org.apache.poi.hssf.record.WindowOneRecord
09:57:52.377 [Test worker] DEBUG org.evosuite.runtime.classhandling.ClassResetter - __STATIC_RESET() method does not exists in class org.apache.poi.hssf.record.BackupRecord
09:57:52.377 [Test worker] DEBUG org.evosuite.runtime.classhandling.ClassResetter - __STATIC_RESET() method does not exists in class org.apache.poi.hssf.record.HideObjRecord
09:57:52.378 [Test worker] DEBUG org.evosuite.runtime.classhandling.ClassResetter - __STATIC_RESET() method does not exists in class org.apache.poi.hssf.record.DateWindow1904Record
09:57:52.378 [Test worker] DEBUG org.evosuite.runtime.classhandling.ClassResetter - __STATIC_RESET() method does not exists in class org.apache.poi.hssf.record.PrecisionRecord
09:57:52.378 [Test worker] DEBUG org.evosuite.runtime.classhandling.ClassResetter - __STATIC_RESET() method does not exists in class org.apache.poi.hssf.record.RefreshAllRecord
09:57:52.378 [Test worker] DEBUG org.evosuite.runtime.classhandling.ClassResetter - __STATIC_RESET() method does not exists in class org.apache.poi.hssf.record.BookBoolRecord
09:57:52.378 [Test worker] DEBUG org.evosuite.runtime.classhandling.ClassResetter - __STATIC_RESET() method does not exists in class org.apache.poi.hssf.record.FontRecord
09:57:52.378 [Test worker] DEBUG org.evosuite.runtime.classhandling.ClassResetter - __STATIC_RESET() method does not exists in class org.apache.poi.hssf.record.FormatRecord
09:57:52.378 [Test worker] DEBUG org.evosuite.runtime.classhandling.ClassResetter - __STATIC_RESET() method does not exists in class org.apache.poi.util.StringUtil
09:57:52.378 [Test worker] DEBUG org.evosuite.runtime.classhandling.ClassResetter - __STATIC_RESET() method does not exists in class org.apache.poi.hssf.record.ExtendedFormatRecord
09:57:52.379 [Test worker] DEBUG org.evosuite.runtime.classhandling.ClassResetter - __STATIC_RESET() method does not exists in class org.apache.poi.hssf.record.StyleRecord
09:57:52.379 [Test worker] DEBUG org.evosuite.runtime.classhandling.ClassResetter - __STATIC_RESET() method does not exists in class org.apache.poi.hssf.record.UseSelFSRecord
09:57:52.379 [Test worker] DEBUG org.evosuite.runtime.classhandling.ClassResetter - __STATIC_RESET() method does not exists in class org.apache.poi.hssf.record.BoundSheetRecord$1
09:57:52.379 [Test worker] DEBUG org.evosuite.runtime.classhandling.ClassResetter - __STATIC_RESET() method does not exists in class org.apache.poi.hssf.record.BoundSheetRecord
09:57:52.379 [Test worker] DEBUG org.evosuite.runtime.classhandling.ClassResetter - __STATIC_RESET() method does not exists in class org.apache.poi.hssf.record.CountryRecord
09:57:52.379 [Test worker] DEBUG org.evosuite.runtime.classhandling.ClassResetter - __STATIC_RESET() method does not exists in class org.apache.poi.hssf.model.LinkTable
09:57:52.379 [Test worker] DEBUG org.evosuite.runtime.classhandling.ClassResetter - __STATIC_RESET() method does not exists in class org.apache.poi.hssf.model.LinkTable$ExternalBookBlock
09:57:52.379 [Test worker] DEBUG org.evosuite.runtime.classhandling.ClassResetter - __STATIC_RESET() method does not exists in class org.apache.poi.hssf.record.SupBookRecord
09:57:52.380 [Test worker] DEBUG org.evosuite.runtime.classhandling.ClassResetter - __STATIC_RESET() method does not exists in class org.apache.poi.hssf.record.ExternSheetRecord
09:57:52.380 [Test worker] DEBUG org.evosuite.runtime.classhandling.ClassResetter - __STATIC_RESET() method does not exists in class org.apache.poi.hssf.record.ExternSheetRecord$RefSubRecord
09:57:52.380 [Test worker] DEBUG org.evosuite.runtime.classhandling.ClassResetter - __STATIC_RESET() method does not exists in class org.apache.poi.hssf.record.UnicodeString
09:57:52.380 [Test worker] DEBUG org.evosuite.runtime.classhandling.ClassResetter - __STATIC_RESET() method does not exists in class org.apache.poi.hssf.record.SSTRecord
09:57:52.380 [Test worker] DEBUG org.evosuite.runtime.classhandling.ClassResetter - __STATIC_RESET() method does not exists in class org.apache.poi.util.IntMapper
09:57:52.380 [Test worker] DEBUG org.evosuite.runtime.classhandling.ClassResetter - __STATIC_RESET() method does not exists in class org.apache.poi.hssf.record.SSTDeserializer
09:57:52.380 [Test worker] DEBUG org.evosuite.runtime.classhandling.ClassResetter - __STATIC_RESET() method does not exists in class org.apache.poi.hssf.record.ExtSSTRecord
09:57:52.380 [Test worker] DEBUG org.evosuite.runtime.classhandling.ClassResetter - __STATIC_RESET() method does not exists in class org.apache.poi.hssf.record.EOFRecord
09:57:52.381 [Test worker] DEBUG org.evosuite.runtime.classhandling.ClassResetter - __STATIC_RESET() method does not exists in class org.apache.poi.hssf.usermodel.HSSFRow$MissingCellPolicy
09:57:52.381 [Test worker] DEBUG org.evosuite.runtime.classhandling.ClassResetter - __STATIC_RESET() method does not exists in class org.apache.poi.hssf.usermodel.HSSFRow
09:57:52.381 [Test worker] DEBUG org.evosuite.runtime.classhandling.ClassResetter - __STATIC_RESET() method does not exists in class org.apache.poi.poifs.storage.HeaderBlockReader
09:57:52.381 [Test worker] DEBUG org.evosuite.runtime.classhandling.ClassResetter - __STATIC_RESET() method does not exists in class org.apache.poi.util.IOUtils
09:57:52.381 [Test worker] DEBUG org.evosuite.runtime.classhandling.ClassResetter - __STATIC_RESET() method does not exists in class org.apache.poi.poifs.filesystem.POIFSDocument
09:57:52.381 [Test worker] DEBUG org.evosuite.runtime.classhandling.ClassResetter - __STATIC_RESET() method does not exists in class org.apache.poi.poifs.property.DocumentProperty
09:57:52.381 [Test worker] DEBUG org.evosuite.runtime.classhandling.ClassResetter - __STATIC_RESET() method does not exists in class org.apache.poi.poifs.filesystem.POIFSDocument$SmallBlockStore
09:57:52.381 [Test worker] DEBUG org.evosuite.runtime.classhandling.ClassResetter - __STATIC_RESET() method does not exists in class org.apache.poi.poifs.filesystem.POIFSDocument$BigBlockStore
09:57:52.382 [Test worker] DEBUG org.evosuite.runtime.classhandling.ClassResetter - __STATIC_RESET() method does not exists in class org.apache.poi.poifs.filesystem.DocumentNode
09:57:52.382 [Test worker] DEBUG org.evosuite.runtime.classhandling.ClassResetter - __STATIC_RESET() method does not exists in class org.apache.poi.hssf.usermodel.HSSFFont
09:57:52.382 [Test worker] DEBUG org.evosuite.runtime.classhandling.ClassResetter - __STATIC_RESET() method does not exists in class org.apache.poi.poifs.storage.BigBlock
09:57:52.382 [Test worker] DEBUG org.evosuite.runtime.classhandling.ClassResetter - __STATIC_RESET() method does not exists in class org.apache.poi.poifs.storage.PropertyBlock
09:57:52.382 [Test worker] DEBUG org.evosuite.runtime.classhandling.ClassResetter - __STATIC_RESET() method does not exists in class org.apache.poi.poifs.storage.PropertyBlock$1
09:57:52.382 [Test worker] DEBUG org.evosuite.runtime.classhandling.ClassResetter - __STATIC_RESET() method does not exists in class org.apache.poi.poifs.storage.SmallBlockTableWriter
09:57:52.382 [Test worker] DEBUG org.evosuite.runtime.classhandling.ClassResetter - __STATIC_RESET() method does not exists in class org.apache.poi.poifs.storage.BlockAllocationTableWriter
09:57:52.382 [Test worker] DEBUG org.evosuite.runtime.classhandling.ClassResetter - __STATIC_RESET() method does not exists in class org.apache.poi.util.IntList
09:57:52.383 [Test worker] DEBUG org.evosuite.runtime.classhandling.ClassResetter - __STATIC_RESET() method does not exists in class org.apache.poi.poifs.storage.BATBlock
09:57:52.383 [Test worker] DEBUG org.evosuite.runtime.classhandling.ClassResetter - __STATIC_RESET() method does not exists in class org.apache.poi.poifs.storage.HeaderBlockWriter
09:57:52.383 [Test worker] DEBUG org.evosuite.runtime.classhandling.ClassResetter - __STATIC_RESET() method does not exists in class org.apache.poi.util.LongField
09:57:52.383 [Test worker] DEBUG org.evosuite.runtime.classhandling.ClassResetter - __STATIC_RESET() method does not exists in class org.apache.poi.hssf.usermodel.HSSFSheet
09:57:52.383 [Test worker] DEBUG org.evosuite.runtime.classhandling.ClassResetter - __STATIC_RESET() method does not exists in class org.apache.poi.hssf.model.Sheet
09:57:52.383 [Test worker] DEBUG org.evosuite.runtime.classhandling.ClassResetter - __STATIC_RESET() method does not exists in class org.apache.poi.hssf.record.aggregates.RecordAggregate
09:57:52.383 [Test worker] DEBUG org.evosuite.runtime.classhandling.ClassResetter - __STATIC_RESET() method does not exists in class org.apache.poi.hssf.record.aggregates.MergedCellsTable
09:57:52.383 [Test worker] DEBUG org.evosuite.runtime.classhandling.ClassResetter - __STATIC_RESET() method does not exists in class org.apache.poi.hssf.record.CalcModeRecord
09:57:52.384 [Test worker] DEBUG org.evosuite.runtime.classhandling.ClassResetter - __STATIC_RESET() method does not exists in class org.apache.poi.hssf.record.CalcCountRecord
09:57:52.384 [Test worker] DEBUG org.evosuite.runtime.classhandling.ClassResetter - __STATIC_RESET() method does not exists in class org.apache.poi.hssf.record.RefModeRecord
09:57:52.384 [Test worker] DEBUG org.evosuite.runtime.classhandling.ClassResetter - __STATIC_RESET() method does not exists in class org.apache.poi.hssf.record.IterationRecord
09:57:52.384 [Test worker] DEBUG org.evosuite.runtime.classhandling.ClassResetter - __STATIC_RESET() method does not exists in class org.apache.poi.hssf.record.DeltaRecord
09:57:52.384 [Test worker] DEBUG org.evosuite.runtime.classhandling.ClassResetter - __STATIC_RESET() method does not exists in class org.apache.poi.hssf.record.SaveRecalcRecord
09:57:52.384 [Test worker] DEBUG org.evosuite.runtime.classhandling.ClassResetter - __STATIC_RESET() method does not exists in class org.apache.poi.hssf.record.PrintHeadersRecord
09:57:52.384 [Test worker] DEBUG org.evosuite.runtime.classhandling.ClassResetter - __STATIC_RESET() method does not exists in class org.apache.poi.hssf.record.PrintGridlinesRecord
09:57:52.384 [Test worker] DEBUG org.evosuite.runtime.classhandling.ClassResetter - __STATIC_RESET() method does not exists in class org.apache.poi.hssf.record.GridsetRecord
09:57:52.384 [Test worker] DEBUG org.evosuite.runtime.classhandling.ClassResetter - __STATIC_RESET() method does not exists in class org.apache.poi.hssf.record.GutsRecord
09:57:52.385 [Test worker] DEBUG org.evosuite.runtime.classhandling.ClassResetter - __STATIC_RESET() method does not exists in class org.apache.poi.hssf.record.DefaultRowHeightRecord
09:57:52.385 [Test worker] DEBUG org.evosuite.runtime.classhandling.ClassResetter - __STATIC_RESET() method does not exists in class org.apache.poi.hssf.record.WSBoolRecord
09:57:52.385 [Test worker] DEBUG org.evosuite.runtime.classhandling.ClassResetter - __STATIC_RESET() method does not exists in class org.apache.poi.hssf.record.aggregates.PageSettingsBlock
09:57:52.385 [Test worker] DEBUG org.evosuite.runtime.classhandling.ClassResetter - __STATIC_RESET() method does not exists in class org.apache.poi.hssf.record.PageBreakRecord
09:57:52.385 [Test worker] DEBUG org.evosuite.runtime.classhandling.ClassResetter - __STATIC_RESET() method does not exists in class org.apache.poi.hssf.record.HorizontalPageBreakRecord
09:57:52.385 [Test worker] DEBUG org.evosuite.runtime.classhandling.ClassResetter - __STATIC_RESET() method does not exists in class org.apache.poi.hssf.record.VerticalPageBreakRecord
09:57:52.385 [Test worker] DEBUG org.evosuite.runtime.classhandling.ClassResetter - __STATIC_RESET() method does not exists in class org.apache.poi.hssf.record.HeaderRecord
09:57:52.385 [Test worker] DEBUG org.evosuite.runtime.classhandling.ClassResetter - __STATIC_RESET() method does not exists in class org.apache.poi.hssf.record.FooterRecord
09:57:52.386 [Test worker] DEBUG org.evosuite.runtime.classhandling.ClassResetter - __STATIC_RESET() method does not exists in class org.apache.poi.hssf.record.HCenterRecord
09:57:52.386 [Test worker] DEBUG org.evosuite.runtime.classhandling.ClassResetter - __STATIC_RESET() method does not exists in class org.apache.poi.hssf.record.VCenterRecord
09:57:52.386 [Test worker] DEBUG org.evosuite.runtime.classhandling.ClassResetter - __STATIC_RESET() method does not exists in class org.apache.poi.hssf.record.PrintSetupRecord
09:57:52.386 [Test worker] DEBUG org.evosuite.runtime.classhandling.ClassResetter - __STATIC_RESET() method does not exists in class org.apache.poi.hssf.record.DefaultColWidthRecord
09:57:52.386 [Test worker] DEBUG org.evosuite.runtime.classhandling.ClassResetter - __STATIC_RESET() method does not exists in class org.apache.poi.hssf.record.aggregates.ColumnInfoRecordsAggregate
09:57:52.386 [Test worker] DEBUG org.evosuite.runtime.classhandling.ClassResetter - __STATIC_RESET() method does not exists in class org.apache.poi.hssf.record.DimensionsRecord
09:57:52.397 [Test worker] DEBUG org.evosuite.runtime.classhandling.ClassResetter - __STATIC_RESET() method does not exists in class org.apache.poi.hssf.record.aggregates.RowRecordsAggregate
09:57:52.398 [Test worker] DEBUG org.evosuite.runtime.classhandling.ClassResetter - __STATIC_RESET() method does not exists in class org.apache.poi.hssf.record.aggregates.SharedValueManager
09:57:52.398 [Test worker] DEBUG org.evosuite.runtime.classhandling.ClassResetter - __STATIC_RESET() method does not exists in class org.apache.poi.hssf.record.aggregates.ValueRecordsAggregate
09:57:52.398 [Test worker] DEBUG org.evosuite.runtime.classhandling.ClassResetter - __STATIC_RESET() method does not exists in class org.apache.poi.hssf.record.WindowTwoRecord
09:57:52.398 [Test worker] DEBUG org.evosuite.runtime.classhandling.ClassResetter - __STATIC_RESET() method does not exists in class org.apache.poi.hssf.record.SelectionRecord
09:57:52.398 [Test worker] DEBUG org.evosuite.runtime.classhandling.ClassResetter - __STATIC_RESET() method does not exists in class org.apache.poi.hssf.util.CellRangeAddressBase
09:57:52.398 [Test worker] DEBUG org.evosuite.runtime.classhandling.ClassResetter - __STATIC_RESET() method does not exists in class org.apache.poi.hssf.util.CellRangeAddress8Bit
09:57:52.398 [Test worker] DEBUG org.evosuite.runtime.classhandling.ClassResetter - __STATIC_RESET() method does not exists in class org.templateit.Template
09:57:52.398 [Test worker] DEBUG org.evosuite.runtime.classhandling.ClassResetter - __STATIC_RESET() method does not exists in class org.templateit.StaticTemplate
09:57:52.398 [Test worker] DEBUG org.evosuite.runtime.classhandling.ClassResetter - __STATIC_RESET() method does not exists in class org.templateit.Region
09:57:52.399 [Test worker] DEBUG org.evosuite.runtime.classhandling.ClassResetter - __STATIC_RESET() method does not exists in class org.apache.poi.ddf.EscherRecord
09:57:52.399 [Test worker] DEBUG org.evosuite.runtime.classhandling.ClassResetter - __STATIC_RESET() method does not exists in class org.apache.poi.ddf.EscherContainerRecord
09:57:52.399 [Test worker] DEBUG org.evosuite.runtime.classhandling.ClassResetter - __STATIC_RESET() method does not exists in class org.apache.poi.ddf.EscherDggRecord
09:57:52.399 [Test worker] DEBUG org.evosuite.runtime.classhandling.ClassResetter - __STATIC_RESET() method does not exists in class org.apache.poi.ddf.EscherOptRecord
09:57:52.399 [Test worker] DEBUG org.evosuite.runtime.classhandling.ClassResetter - __STATIC_RESET() method does not exists in class org.apache.poi.ddf.EscherSplitMenuColorsRecord
09:57:52.399 [Test worker] DEBUG org.evosuite.runtime.classhandling.ClassResetter - __STATIC_RESET() method does not exists in class org.apache.poi.hssf.model.DrawingManager2
09:57:52.399 [Test worker] DEBUG org.evosuite.runtime.classhandling.ClassResetter - __STATIC_RESET() method does not exists in class org.apache.poi.ddf.EscherProperty
09:57:52.399 [Test worker] DEBUG org.evosuite.runtime.classhandling.ClassResetter - __STATIC_RESET() method does not exists in class org.apache.poi.ddf.EscherSimpleProperty
09:57:52.399 [Test worker] DEBUG org.evosuite.runtime.classhandling.ClassResetter - __STATIC_RESET() method does not exists in class org.apache.poi.ddf.EscherBoolProperty
09:57:52.399 [Test worker] DEBUG org.evosuite.runtime.classhandling.ClassResetter - __STATIC_RESET() method does not exists in class org.apache.poi.ddf.EscherRGBProperty
09:57:52.399 [Test worker] DEBUG org.evosuite.runtime.classhandling.ClassResetter - __STATIC_RESET() method does not exists in class org.apache.poi.hssf.record.AbstractEscherHolderRecord
09:57:52.399 [Test worker] DEBUG org.evosuite.runtime.classhandling.ClassResetter - __STATIC_RESET() method does not exists in class org.apache.poi.hssf.record.DrawingGroupRecord
09:57:52.399 [Test worker] DEBUG org.evosuite.runtime.classhandling.ClassResetter - __STATIC_RESET() method does not exists in class org.apache.poi.hssf.record.EscherAggregate
09:57:52.400 [Test worker] DEBUG org.evosuite.runtime.classhandling.ClassResetter - __STATIC_RESET() method does not exists in class org.apache.poi.hssf.usermodel.HSSFPatriarch
09:57:52.400 [Test worker] DEBUG org.evosuite.runtime.classhandling.ClassResetter - __STATIC_RESET() method does not exists in class org.templateit.TemplateSheet
09:57:52.400 [Test worker] DEBUG org.evosuite.runtime.classhandling.ClassResetter - __STATIC_RESET() method does not exists in class org.apache.poi.hssf.record.SCLRecord
09:57:52.400 [Test worker] DEBUG org.evosuite.runtime.classhandling.ClassResetter - __STATIC_RESET() method does not exists in class org.apache.poi.hssf.record.UnknownRecord
09:57:52.400 [Test worker] DEBUG org.evosuite.runtime.classhandling.ClassResetter - __STATIC_RESET() method does not exists in class org.apache.poi.hssf.util.CellReference
09:57:52.400 [Test worker] DEBUG org.evosuite.runtime.classhandling.ClassResetter - __STATIC_RESET() method does not exists in class org.templateit.Parameter
09:57:52.400 [Test worker] DEBUG org.evosuite.runtime.classhandling.ClassResetter - __STATIC_RESET() method does not exists in class org.templateit.Reference
09:57:52.400 [Test worker] DEBUG org.evosuite.runtime.classhandling.ClassResetter - __STATIC_RESET() method does not exists in class org.apache.poi.hssf.usermodel.HSSFPalette
09:57:52.400 [Test worker] DEBUG org.evosuite.runtime.classhandling.ClassResetter - __STATIC_RESET() method does not exists in class org.apache.poi.hssf.record.PaletteRecord
09:57:52.400 [Test worker] DEBUG org.evosuite.runtime.classhandling.ClassResetter - __STATIC_RESET() method does not exists in class org.apache.poi.hssf.record.PColor
09:57:52.401 [Test worker] DEBUG org.evosuite.runtime.classhandling.ClassResetter - __STATIC_RESET() method does not exists in class org.apache.poi.hssf.record.FileSharingRecord
09:57:52.401 [Test worker] DEBUG org.evosuite.runtime.classhandling.ClassResetter - __STATIC_RESET() method does not exists in class org.apache.poi.hssf.record.WriteProtectRecord
09:57:52.401 [Test worker] DEBUG org.evosuite.runtime.classhandling.ClassResetter - __STATIC_RESET() method does not exists in class org.apache.poi.hssf.usermodel.HSSFDataFormat
09:57:52.401 [Test worker] DEBUG org.evosuite.runtime.classhandling.ClassResetter - __STATIC_RESET() method does not exists in class org.apache.poi.ddf.EscherBlipRecord
09:57:52.401 [Test worker] DEBUG org.evosuite.runtime.classhandling.ClassResetter - __STATIC_RESET() method does not exists in class org.apache.poi.ddf.EscherBitmapBlip
09:57:52.401 [Test worker] DEBUG org.evosuite.runtime.classhandling.ClassResetter - __STATIC_RESET() method does not exists in class org.apache.poi.ddf.EscherBSERecord
09:57:52.401 [Test worker] DEBUG org.evosuite.runtime.classhandling.ClassResetter - __STATIC_RESET() method does not exists in class org.apache.poi.hssf.record.RecordInputStream
09:57:52.401 [Test worker] DEBUG org.evosuite.runtime.classhandling.ClassResetter - __STATIC_RESET() method does not exists in class org.apache.poi.hssf.record.RecordFormatException
09:57:52.401 [Test worker] DEBUG org.evosuite.runtime.classhandling.ClassResetter - __STATIC_RESET() method does not exists in class org.apache.poi.hssf.record.SSTRecordSizeCalculator
09:57:52.401 [Test worker] DEBUG org.evosuite.runtime.classhandling.ClassResetter - __STATIC_RESET() method does not exists in class org.apache.poi.hssf.record.UnicodeString$UnicodeRecordStats
09:57:52.401 [Test worker] DEBUG org.evosuite.runtime.classhandling.ClassResetter - __STATIC_RESET() method does not exists in class org.apache.poi.hssf.record.SSTSerializer
09:57:52.402 [Test worker] DEBUG org.evosuite.runtime.classhandling.ClassResetter - __STATIC_RESET() method does not exists in class org.apache.poi.hssf.record.SSTRecordHeader
09:57:52.402 [Test worker] DEBUG org.evosuite.runtime.classhandling.ClassResetter - __STATIC_RESET() method does not exists in class org.apache.poi.poifs.filesystem.POIFSFileSystem$CloseIgnoringInputStream
09:57:52.402 [Test worker] DEBUG org.evosuite.runtime.classhandling.ClassResetter - __STATIC_RESET() method does not exists in class org.apache.poi.hssf.usermodel.HSSFCellStyle
09:57:52.402 [Test worker] DEBUG org.evosuite.runtime.classhandling.ClassResetter - __STATIC_RESET() method does not exists in class org.apache.poi.hssf.record.NameRecord
09:57:52.402 [Test worker] DEBUG org.evosuite.runtime.classhandling.ClassResetter - __STATIC_RESET() method does not exists in class org.apache.poi.hssf.record.formula.Ptg
09:57:52.402 [Test worker] DEBUG org.evosuite.runtime.classhandling.ClassResetter - __STATIC_RESET() method does not exists in class org.apache.poi.hssf.usermodel.HSSFName
09:57:52.402 [Test worker] DEBUG org.evosuite.runtime.classhandling.ClassResetter - __STATIC_RESET() method does not exists in class org.apache.poi.hssf.usermodel.HSSFPrintSetup
09:57:52.402 [Test worker] DEBUG org.evosuite.runtime.classhandling.ClassResetter - __STATIC_RESET() method does not exists in class org.apache.poi.hssf.usermodel.HSSFSheetConditionalFormatting
09:57:52.402 [Test worker] DEBUG org.evosuite.runtime.classhandling.ClassResetter - __STATIC_RESET() method does not exists in class org.apache.poi.hssf.record.aggregates.ConditionalFormattingTable
09:57:52.403 [Test worker] DEBUG org.evosuite.runtime.classhandling.ClassResetter - __STATIC_RESET() method does not exists in class org.apache.poi.hssf.model.RecordOrderer
09:57:52.403 [Test worker] DEBUG org.evosuite.runtime.classhandling.ClassResetter - __STATIC_RESET() method does not exists in class org.apache.poi.hssf.record.aggregates.DataValidityTable
09:57:52.403 [Test worker] DEBUG org.evosuite.runtime.classhandling.ClassResetter - __STATIC_RESET() method does not exists in class org.apache.poi.util.LittleEndian$BufferUnderrunException
09:57:52.403 [Test worker] DEBUG org.evosuite.runtime.classhandling.ClassResetter - __STATIC_RESET() method does not exists in class org.apache.poi.hssf.record.formula.OperandPtg
09:57:52.403 [Test worker] DEBUG org.evosuite.runtime.classhandling.ClassResetter - __STATIC_RESET() method does not exists in class org.apache.poi.hssf.record.formula.AreaPtgBase
09:57:52.403 [Test worker] DEBUG org.evosuite.runtime.classhandling.ClassResetter - __STATIC_RESET() method does not exists in class org.apache.poi.hssf.record.formula.Area3DPtg
09:57:52.403 [Test worker] DEBUG org.evosuite.runtime.classhandling.ClassResetter - __STATIC_RESET() method does not exists in class org.apache.poi.hssf.util.AreaReference
09:57:52.403 [Test worker] DEBUG org.evosuite.runtime.classhandling.ClassResetter - __STATIC_RESET() method does not exists in class org.apache.poi.hssf.util.RangeAddress
09:57:52.403 [Test worker] DEBUG org.evosuite.runtime.classhandling.ClassResetter - __STATIC_RESET() method does not exists in class org.apache.poi.hssf.record.formula.RefPtgBase
09:57:52.404 [Test worker] DEBUG org.evosuite.runtime.classhandling.ClassResetter - __STATIC_RESET() method does not exists in class org.apache.poi.hssf.record.formula.Ref3DPtg
09:57:52.404 [Test worker] DEBUG org.evosuite.runtime.classhandling.ClassResetter - __STATIC_RESET() method does not exists in class org.apache.poi.hssf.usermodel.HeaderFooter$Field
09:57:52.404 [Test worker] DEBUG org.evosuite.runtime.classhandling.ClassResetter - __STATIC_RESET() method does not exists in class org.apache.poi.hssf.usermodel.HeaderFooter$PairField
09:57:52.404 [Test worker] DEBUG org.evosuite.runtime.classhandling.ClassResetter - __STATIC_RESET() method does not exists in class org.apache.poi.hssf.usermodel.HeaderFooter
09:57:52.404 [Test worker] DEBUG org.evosuite.runtime.classhandling.ClassResetter - __STATIC_RESET() method does not exists in class org.apache.poi.hssf.usermodel.HSSFHeader
09:57:52.404 [Test worker] DEBUG org.evosuite.runtime.classhandling.ClassResetter - __STATIC_RESET() method does not exists in class org.apache.poi.poifs.storage.DocumentBlock
09:57:52.404 [Test worker] DEBUG org.evosuite.runtime.classhandling.ClassResetter - __STATIC_RESET() method does not exists in class org.apache.poi.poifs.property.DirectoryProperty$PropertyComparator
09:57:52.404 [Test worker] DEBUG org.evosuite.runtime.classhandling.ClassResetter - __STATIC_RESET() method does not exists in class org.apache.poi.hssf.usermodel.HSSFWorkbook$SheetRecordCollector
09:57:52.404 [Test worker] DEBUG org.evosuite.runtime.classhandling.ClassResetter - __STATIC_RESET() method does not exists in class org.apache.poi.hssf.record.aggregates.RecordAggregate$PositionTrackingVisitor
09:57:52.405 [Test worker] DEBUG org.evosuite.runtime.classhandling.ClassResetter - __STATIC_RESET() method does not exists in class org.apache.poi.hssf.record.aggregates.RecordAggregate$RecordSizingVisitor
09:57:52.405 [Test worker] DEBUG org.evosuite.runtime.classhandling.ClassResetter - __STATIC_RESET() method does not exists in class org.apache.poi.hssf.record.IndexRecord
09:57:52.405 [Test worker] DEBUG org.evosuite.runtime.classhandling.ClassResetter - __STATIC_RESET() method does not exists in class org.apache.poi.hssf.util.Region
09:57:52.405 [Test worker] DEBUG org.evosuite.runtime.classhandling.ClassResetter - __STATIC_RESET() method does not exists in class org.apache.poi.hssf.model.Sheet$RecordCloner
09:57:52.405 [Test worker] DEBUG org.evosuite.runtime.classhandling.ClassResetter - __STATIC_RESET() method does not exists in class org.apache.poi.hssf.model.RecordStream
09:57:52.405 [Test worker] DEBUG org.evosuite.runtime.classhandling.ClassResetter - __STATIC_RESET() method does not exists in class org.apache.poi.hssf.record.ColumnInfoRecord
09:57:52.405 [Test worker] DEBUG org.evosuite.runtime.classhandling.ClassResetter - __STATIC_RESET() method does not exists in class org.apache.poi.hssf.record.formula.FormulaShifter
09:57:52.405 [Test worker] DEBUG org.evosuite.runtime.classhandling.ClassResetter - __STATIC_RESET() method does not exists in class org.apache.poi.hssf.record.RowRecord
09:57:52.405 [Test worker] DEBUG org.evosuite.runtime.classhandling.ClassResetter - __STATIC_RESET() method does not exists in class org.apache.poi.hssf.record.PaneRecord
]]></system-out>
  <system-err><![CDATA[log4j:ERROR A "org.apache.log4j.ConsoleAppender" object is not assignable to a "org.apache.log4j.Appender" variable.
log4j:ERROR The class "org.apache.log4j.Appender" was loaded by 
log4j:ERROR [sun.misc.Launcher$AppClassLoader@659e0bfd] whereas object of type 
log4j:ERROR "org.apache.log4j.ConsoleAppender" was loaded by [org.evosuite.runtime.instrumentation.EvoClassLoader@2a140ce5].
log4j:ERROR Could not instantiate appender named "A1".
]]></system-err>
</testsuite>
