<?xml version="1.0" encoding="UTF-8"?>
<testsuite name="com.browsersoft.openhre.hl7.impl.regular.ExpressionImpl_ESTest" tests="24" skipped="0" failures="1" errors="0" timestamp="2024-03-15T09:31:09" hostname="dark-cable-rests-fin-01" time="0.447">
  <properties/>
  <testcase name="testGetItemReturningExpressionPartWhereGetElementIDIsNegative()" classname="com.browsersoft.openhre.hl7.impl.regular.ExpressionImpl_ESTest" time="0.195"/>
  <testcase name="testReadFromStringForDebugAndToStringTakingExpressionElementMapperAndToStringTakingExpressionElementMapperWithExpressionElementMapperWhereSizeIsZero0()" classname="com.browsersoft.openhre.hl7.impl.regular.ExpressionImpl_ESTest" time="0.005"/>
  <testcase name="testReadFromStringForDebugAndToStringTakingExpressionElementMapperAndToStringTakingExpressionElementMapperWithExpressionElementMapperWhereSizeIsZero1()" classname="com.browsersoft.openhre.hl7.impl.regular.ExpressionImpl_ESTest" time="0.006"/>
  <testcase name="testSetItemWithNegative()" classname="com.browsersoft.openhre.hl7.impl.regular.ExpressionImpl_ESTest" time="0.009"/>
  <testcase name="testRemoveItemWithNegative()" classname="com.browsersoft.openhre.hl7.impl.regular.ExpressionImpl_ESTest" time="0.005"/>
  <testcase name="testGetNumberOfElementTypesReturningZero()" classname="com.browsersoft.openhre.hl7.impl.regular.ExpressionImpl_ESTest" time="0.005"/>
  <testcase name="testSizeReturningZero()" classname="com.browsersoft.openhre.hl7.impl.regular.ExpressionImpl_ESTest" time="0.01"/>
  <testcase name="testGetItemReturningExpressionPartWhereGetTypeIsPositive()" classname="com.browsersoft.openhre.hl7.impl.regular.ExpressionImpl_ESTest" time="0.011"/>
  <testcase name="testReadFromStringForDebugAndToStringTakingExpressionElementMapperAndToStringTakingExpressionElementMapperWithNull0()" classname="com.browsersoft.openhre.hl7.impl.regular.ExpressionImpl_ESTest" time="0.017"/>
  <testcase name="testReadFromStringForDebugAndToStringTakingExpressionElementMapperAndToStringTakingExpressionElementMapperWithNull1()" classname="com.browsersoft.openhre.hl7.impl.regular.ExpressionImpl_ESTest" time="0.013"/>
  <testcase name="testGetItemReturningExpressionPartWhereGetTypeIsNegative()" classname="com.browsersoft.openhre.hl7.impl.regular.ExpressionImpl_ESTest" time="0.007"/>
  <testcase name="testGetItem()" classname="com.browsersoft.openhre.hl7.impl.regular.ExpressionImpl_ESTest" time="0.026"/>
  <testcase name="testGetNumberOfElementTypesReturningPositive()" classname="com.browsersoft.openhre.hl7.impl.regular.ExpressionImpl_ESTest" time="0.007"/>
  <testcase name="testGetNumberOfElementTypesReturningNegative()" classname="com.browsersoft.openhre.hl7.impl.regular.ExpressionImpl_ESTest" time="0.005"/>
  <testcase name="testGetItemWithNegative()" classname="com.browsersoft.openhre.hl7.impl.regular.ExpressionImpl_ESTest" time="0.004"/>
  <testcase name="testRemoveItem()" classname="com.browsersoft.openhre.hl7.impl.regular.ExpressionImpl_ESTest" time="0.005"/>
  <testcase name="testReadFromStringForDebugAndSetItem()" classname="com.browsersoft.openhre.hl7.impl.regular.ExpressionImpl_ESTest" time="0.004"/>
  <testcase name="testClearAll()" classname="com.browsersoft.openhre.hl7.impl.regular.ExpressionImpl_ESTest" time="0.004"/>
  <testcase name="testToStringTakingNoArgumentsReturningEmptyString()" classname="com.browsersoft.openhre.hl7.impl.regular.ExpressionImpl_ESTest" time="0.013"/>
  <testcase name="testSetItem()" classname="com.browsersoft.openhre.hl7.impl.regular.ExpressionImpl_ESTest" time="0.004"/>
  <testcase name="testToStringTakingNoArgumentsReturningNonEmptyString()" classname="com.browsersoft.openhre.hl7.impl.regular.ExpressionImpl_ESTest" time="0.004"/>
  <testcase name="testSizeReturningPositive()" classname="com.browsersoft.openhre.hl7.impl.regular.ExpressionImpl_ESTest" time="0.004"/>
  <testcase name="testGetItemReturningExpressionPartWhereGetElementIDIsPositive()" classname="com.browsersoft.openhre.hl7.impl.regular.ExpressionImpl_ESTest" time="0.004"/>
  <testcase name="initializationError" classname="com.browsersoft.openhre.hl7.impl.regular.ExpressionImpl_ESTest" time="0.0">
    <failure message="org.junit.runners.model.InvalidTestClassError: Invalid test class 'com.browsersoft.openhre.hl7.impl.regular.ExpressionImpl_ESTest':&#10;  1. No runnable methods" type="org.junit.runners.model.InvalidTestClassError">org.junit.runners.model.InvalidTestClassError: Invalid test class 'com.browsersoft.openhre.hl7.impl.regular.ExpressionImpl_ESTest':
  1. No runnable methods
	at org.junit.runners.ParentRunner.validate(ParentRunner.java:525)
	at org.junit.runners.ParentRunner.&lt;init&gt;(ParentRunner.java:92)
	at org.junit.runners.BlockJUnit4ClassRunner.&lt;init&gt;(BlockJUnit4ClassRunner.java:74)
	at org.evosuite.runtime.EvoRunner.&lt;init&gt;(EvoRunner.java:76)
	at sun.reflect.NativeConstructorAccessorImpl.newInstance0(Native Method)
	at sun.reflect.NativeConstructorAccessorImpl.newInstance(NativeConstructorAccessorImpl.java:62)
	at sun.reflect.DelegatingConstructorAccessorImpl.newInstance(DelegatingConstructorAccessorImpl.java:45)
	at java.lang.reflect.Constructor.newInstance(Constructor.java:423)
	at org.junit.internal.builders.AnnotatedBuilder.buildRunner(AnnotatedBuilder.java:104)
	at org.junit.vintage.engine.discovery.DefensiveAllDefaultPossibilitiesBuilder$DefensiveAnnotatedBuilder.buildRunner(DefensiveAllDefaultPossibilitiesBuilder.java:114)
	at org.junit.internal.builders.AnnotatedBuilder.runnerForClass(AnnotatedBuilder.java:86)
	at org.junit.runners.model.RunnerBuilder.safeRunnerForClass(RunnerBuilder.java:70)
	at org.junit.internal.builders.AllDefaultPossibilitiesBuilder.runnerForClass(AllDefaultPossibilitiesBuilder.java:37)
	at org.junit.vintage.engine.discovery.DefensiveAllDefaultPossibilitiesBuilder.runnerForClass(DefensiveAllDefaultPossibilitiesBuilder.java:57)
	at org.junit.runners.model.RunnerBuilder.safeRunnerForClass(RunnerBuilder.java:70)
	at org.junit.vintage.engine.discovery.ClassSelectorResolver.resolveTestClass(ClassSelectorResolver.java:66)
	at org.junit.vintage.engine.discovery.ClassSelectorResolver.resolve(ClassSelectorResolver.java:47)
	at org.junit.platform.engine.support.discovery.EngineDiscoveryRequestResolution.lambda$resolve$2(EngineDiscoveryRequestResolution.java:134)
	at java.util.stream.ReferencePipeline$3$1.accept(ReferencePipeline.java:193)
	at java.util.ArrayList$ArrayListSpliterator.tryAdvance(ArrayList.java:1361)
	at java.util.stream.ReferencePipeline.forEachWithCancel(ReferencePipeline.java:126)
	at java.util.stream.AbstractPipeline.copyIntoWithCancel(AbstractPipeline.java:499)
	at java.util.stream.AbstractPipeline.copyInto(AbstractPipeline.java:486)
	at java.util.stream.AbstractPipeline.wrapAndCopyInto(AbstractPipeline.java:472)
	at java.util.stream.FindOps$FindOp.evaluateSequential(FindOps.java:152)
	at java.util.stream.AbstractPipeline.evaluate(AbstractPipeline.java:234)
	at java.util.stream.ReferencePipeline.findFirst(ReferencePipeline.java:531)
	at org.junit.platform.engine.support.discovery.EngineDiscoveryRequestResolution.resolve(EngineDiscoveryRequestResolution.java:185)
	at org.junit.platform.engine.support.discovery.EngineDiscoveryRequestResolution.resolve(EngineDiscoveryRequestResolution.java:125)
	at org.junit.platform.engine.support.discovery.EngineDiscoveryRequestResolution.resolveCompletely(EngineDiscoveryRequestResolution.java:91)
	at org.junit.platform.engine.support.discovery.EngineDiscoveryRequestResolution.run(EngineDiscoveryRequestResolution.java:82)
	at org.junit.platform.engine.support.discovery.EngineDiscoveryRequestResolver.resolve(EngineDiscoveryRequestResolver.java:113)
	at org.junit.vintage.engine.discovery.VintageDiscoverer.discover(VintageDiscoverer.java:42)
	at org.junit.vintage.engine.VintageTestEngine.discover(VintageTestEngine.java:64)
	at org.junit.platform.launcher.core.EngineDiscoveryOrchestrator.discoverEngineRoot(EngineDiscoveryOrchestrator.java:152)
	at org.junit.platform.launcher.core.EngineDiscoveryOrchestrator.discoverSafely(EngineDiscoveryOrchestrator.java:134)
	at org.junit.platform.launcher.core.EngineDiscoveryOrchestrator.discover(EngineDiscoveryOrchestrator.java:108)
	at org.junit.platform.launcher.core.EngineDiscoveryOrchestrator.discover(EngineDiscoveryOrchestrator.java:80)
	at org.junit.platform.launcher.core.DefaultLauncher.discover(DefaultLauncher.java:110)
	at org.junit.platform.launcher.core.DefaultLauncher.execute(DefaultLauncher.java:86)
	at org.junit.platform.launcher.core.DefaultLauncherSession$DelegatingLauncher.execute(DefaultLauncherSession.java:86)
	at org.gradle.api.internal.tasks.testing.junitplatform.JUnitPlatformTestClassProcessor$CollectAllTestClassesExecutor.processAllTestClasses(JUnitPlatformTestClassProcessor.java:119)
	at org.gradle.api.internal.tasks.testing.junitplatform.JUnitPlatformTestClassProcessor$CollectAllTestClassesExecutor.access$000(JUnitPlatformTestClassProcessor.java:94)
	at org.gradle.api.internal.tasks.testing.junitplatform.JUnitPlatformTestClassProcessor.stop(JUnitPlatformTestClassProcessor.java:89)
	at org.gradle.api.internal.tasks.testing.SuiteTestClassProcessor.stop(SuiteTestClassProcessor.java:62)
	at sun.reflect.NativeMethodAccessorImpl.invoke0(Native Method)
	at sun.reflect.NativeMethodAccessorImpl.invoke(NativeMethodAccessorImpl.java:62)
	at sun.reflect.DelegatingMethodAccessorImpl.invoke(DelegatingMethodAccessorImpl.java:43)
	at java.lang.reflect.Method.invoke(Method.java:498)
	at org.gradle.internal.dispatch.ReflectionDispatch.dispatch(ReflectionDispatch.java:36)
	at org.gradle.internal.dispatch.ReflectionDispatch.dispatch(ReflectionDispatch.java:24)
	at org.gradle.internal.dispatch.ContextClassLoaderDispatch.dispatch(ContextClassLoaderDispatch.java:33)
	at org.gradle.internal.dispatch.ProxyDispatchAdapter$DispatchingInvocationHandler.invoke(ProxyDispatchAdapter.java:94)
	at com.sun.proxy.$Proxy2.stop(Unknown Source)
	at org.gradle.api.internal.tasks.testing.worker.TestWorker$3.run(TestWorker.java:193)
	at org.gradle.api.internal.tasks.testing.worker.TestWorker.executeAndMaintainThreadName(TestWorker.java:129)
	at org.gradle.api.internal.tasks.testing.worker.TestWorker.execute(TestWorker.java:100)
	at org.gradle.api.internal.tasks.testing.worker.TestWorker.execute(TestWorker.java:60)
	at org.gradle.process.internal.worker.child.ActionExecutionWorker.execute(ActionExecutionWorker.java:56)
	at org.gradle.process.internal.worker.child.SystemApplicationClassLoaderWorker.call(SystemApplicationClassLoaderWorker.java:113)
	at org.gradle.process.internal.worker.child.SystemApplicationClassLoaderWorker.call(SystemApplicationClassLoaderWorker.java:65)
	at worker.org.gradle.process.internal.worker.GradleWorkerMain.run(GradleWorkerMain.java:69)
	at worker.org.gradle.process.internal.worker.GradleWorkerMain.main(GradleWorkerMain.java:74)
</failure>
  </testcase>
  <system-out><![CDATA[09:31:09.236 [Test worker] WARN org.evosuite.runtime.sandbox.Sandbox - Sandbox can be initalized only once
09:31:09.243 [Test worker] ERROR org.evosuite.runtime.classhandling.ClassStateSupport - Found $jacocoInit in class com.browsersoft.openhre.hl7.impl.regular.ExpressionImpl
09:31:09.244 [Test worker] ERROR org.evosuite.runtime.classhandling.ClassStateSupport - Class com.browsersoft.openhre.hl7.impl.regular.ExpressionImpl was not instrumented by EvoSuite. This could happen if you are running JUnit tests in a way that is not handled by EvoSuite, in which some classes are loaded be reflection before the tests are run. Consult the EvoSuite documentation for possible workarounds for this issue.
09:31:09.244 [Test worker] ERROR org.evosuite.runtime.classhandling.ClassStateSupport - Class com.browsersoft.openhre.hl7.impl.regular.ExpressionPartImpl was not instrumented by EvoSuite. This could happen if you are running JUnit tests in a way that is not handled by EvoSuite, in which some classes are loaded be reflection before the tests are run. Consult the EvoSuite documentation for possible workarounds for this issue.
09:31:09.244 [Test worker] ERROR org.evosuite.runtime.classhandling.ClassStateSupport - Class com.browsersoft.openhre.hl7.impl.regular.ExpressionElementMapperImpl was not instrumented by EvoSuite. This could happen if you are running JUnit tests in a way that is not handled by EvoSuite, in which some classes are loaded be reflection before the tests are run. Consult the EvoSuite documentation for possible workarounds for this issue.
09:31:09.254 [Test worker] DEBUG org.evosuite.runtime.classhandling.ClassResetter - __STATIC_RESET() method does not exists in class com.browsersoft.openhre.hl7.impl.regular.ExpressionImpl
09:31:09.255 [Test worker] DEBUG org.evosuite.runtime.classhandling.ClassResetter - __STATIC_RESET() method does not exists in class com.browsersoft.openhre.hl7.impl.regular.ExpressionPartImpl
09:31:09.263 [Test worker] DEBUG org.evosuite.runtime.classhandling.ClassResetter - __STATIC_RESET() method does not exists in class com.browsersoft.openhre.hl7.impl.regular.MessageTracerImpl
09:31:09.265 [Test worker] DEBUG org.evosuite.runtime.classhandling.ClassResetter - __STATIC_RESET() method does not exists in class com.browsersoft.openhre.hl7.impl.config.HL7MessageImpl
09:31:09.265 [Test worker] DEBUG org.evosuite.runtime.classhandling.ClassResetter - __STATIC_RESET() method does not exists in class com.browsersoft.openhre.hl7.impl.regular.ExpressionElementMapperImpl
09:31:09.266 [Test worker] DEBUG org.evosuite.runtime.classhandling.ClassResetter - __STATIC_RESET() method does not exists in class com.browsersoft.openhre.hl7.impl.regular.ExpressionElementMapperItemImpl
09:31:09.267 [Test worker] DEBUG org.evosuite.runtime.classhandling.ClassResetter - __STATIC_RESET() method does not exists in class com.browsersoft.openhre.hl7.impl.config.HL7MessageGroupItemImpl
09:31:09.268 [Test worker] DEBUG org.evosuite.runtime.classhandling.ClassResetter - __STATIC_RESET() method does not exists in class com.browsersoft.openhre.hl7.impl.config.HL7MessageGroupImpl
09:31:09.270 [Test worker] DEBUG org.evosuite.runtime.classhandling.ClassResetter - __STATIC_RESET() method does not exists in class com.browsersoft.openhre.hl7.impl.config.HL7MessageSegmentImpl
09:31:09.272 [Test worker] DEBUG org.evosuite.runtime.classhandling.ClassResetter - __STATIC_RESET() method does not exists in class com.browsersoft.openhre.hl7.impl.config.HL7MessageMapImpl
09:31:09.274 [Test worker] DEBUG org.evosuite.runtime.classhandling.ClassResetter - __STATIC_RESET() method does not exists in class com.browsersoft.openhre.hl7.impl.regular.ExpressionMatrixImpl
09:31:09.278 [Test worker] DEBUG org.evosuite.runtime.classhandling.ClassResetter - __STATIC_RESET() method does not exists in class com.browsersoft.openhre.hl7.impl.config.HL7SegmentImpl
09:31:09.280 [Test worker] DEBUG org.evosuite.runtime.classhandling.ClassResetter - __STATIC_RESET() method does not exists in class com.browsersoft.openhre.hl7.impl.config.HL7FieldListImpl
09:31:09.296 [Test worker] DEBUG org.evosuite.runtime.classhandling.ClassResetter - __STATIC_RESET() method does not exists in class com.browsersoft.openhre.hl7.impl.parser.HL7CheckerImpl
09:31:09.298 [Test worker] DEBUG org.evosuite.runtime.classhandling.ClassResetter - __STATIC_RESET() method does not exists in class com.browsersoft.openhre.hl7.impl.parser.HL7ParserImpl
09:31:09.300 [Test worker] DEBUG org.evosuite.runtime.classhandling.ClassResetter - __STATIC_RESET() method does not exists in class com.browsersoft.openhre.hl7.impl.parser.HL7CheckerStateImpl
09:31:09.303 [Test worker] DEBUG org.evosuite.runtime.classhandling.ClassResetter - __STATIC_RESET() method does not exists in class com.browsersoft.openhre.hl7.impl.parser.HL7SAXEventGeneratorImpl
09:31:09.306 [Test worker] DEBUG org.evosuite.runtime.classhandling.ClassResetter - __STATIC_RESET() method does not exists in class com.browsersoft.openhre.hl7.impl.parser.HL72XMLImpl
09:31:09.308 [Test worker] DEBUG org.evosuite.runtime.classhandling.ClassResetter - __STATIC_RESET() method does not exists in class com.browsersoft.openhre.hl7.impl.parser.XMLUtils
09:31:09.310 [Test worker] DEBUG org.evosuite.runtime.classhandling.ClassResetter - __STATIC_RESET() method does not exists in class com.browsersoft.openhre.hl7.impl.config.HL7SegmentMapImpl
09:31:09.318 [Test worker] DEBUG org.evosuite.runtime.classhandling.ClassResetter - __STATIC_RESET() method does not exists in class com.browsersoft.openhre.hl7.impl.regular.ExpressionMatrixBuilderImpl
09:31:09.319 [Test worker] DEBUG org.evosuite.runtime.classhandling.ClassResetter - __STATIC_RESET() method does not exists in class com.browsersoft.openhre.hl7.impl.regular.NodeStack
09:31:09.319 [Test worker] DEBUG org.evosuite.runtime.classhandling.ClassResetter - __STATIC_RESET() method does not exists in class com.browsersoft.openhre.hl7.impl.regular.ExpressionNodeList
09:31:09.319 [Test worker] DEBUG org.evosuite.runtime.classhandling.ClassResetter - __STATIC_RESET() method does not exists in class com.browsersoft.openhre.hl7.api.regular.InvalidExpressionException
09:31:09.321 [Test worker] DEBUG org.evosuite.runtime.classhandling.ClassResetter - __STATIC_RESET() method does not exists in class com.browsersoft.openhre.hl7.impl.config.HL7FieldImpl
09:31:09.323 [Test worker] DEBUG org.evosuite.runtime.classhandling.ClassResetter - __STATIC_RESET() method does not exists in class com.browsersoft.openhre.hl7.impl.config.HL7VersionConfigurationMapImpl
09:31:09.324 [Test worker] DEBUG org.evosuite.runtime.classhandling.ClassResetter - __STATIC_RESET() method does not exists in class com.browsersoft.openhre.hl7.impl.regular.ConnectionList
09:31:09.324 [Test worker] DEBUG org.evosuite.runtime.classhandling.ClassResetter - __STATIC_RESET() method does not exists in class com.browsersoft.openhre.hl7.impl.regular.Connection
09:31:09.325 [Test worker] DEBUG org.evosuite.runtime.classhandling.ClassResetter - __STATIC_RESET() method does not exists in class org.apache.axis.components.logger.LogFactory$1
09:31:09.329 [Test worker] DEBUG org.evosuite.runtime.classhandling.ClassResetter - __STATIC_RESET() method does not exists in class org.apache.axis.components.logger.LogFactory
09:31:09.329 [Test worker] DEBUG org.evosuite.runtime.classhandling.ClassResetter - __STATIC_RESET() method does not exists in class org.apache.log4j.Level
09:31:09.329 [Test worker] DEBUG org.evosuite.runtime.classhandling.ClassResetter - __STATIC_RESET() method does not exists in class org.apache.log4j.Priority
09:31:09.331 [Test worker] DEBUG org.evosuite.runtime.classhandling.ClassResetter - __STATIC_RESET() method does not exists in class org.apache.commons.logging.impl.Log4JLogger
09:31:09.331 [Test worker] DEBUG org.evosuite.runtime.classhandling.ClassResetter - __STATIC_RESET() method does not exists in class org.apache.log4j.Category
09:31:09.331 [Test worker] DEBUG org.evosuite.runtime.classhandling.ClassResetter - __STATIC_RESET() method does not exists in class org.apache.log4j.Logger
09:31:09.331 [Test worker] DEBUG org.evosuite.runtime.classhandling.ClassResetter - __STATIC_RESET() method does not exists in class org.apache.log4j.Hierarchy
09:31:09.331 [Test worker] DEBUG org.evosuite.runtime.classhandling.ClassResetter - __STATIC_RESET() method does not exists in class org.apache.log4j.spi.RootCategory
09:31:09.331 [Test worker] DEBUG org.evosuite.runtime.classhandling.ClassResetter - __STATIC_RESET() method does not exists in class org.apache.log4j.or.DefaultRenderer
09:31:09.331 [Test worker] DEBUG org.evosuite.runtime.classhandling.ClassResetter - __STATIC_RESET() method does not exists in class org.apache.log4j.or.RendererMap
09:31:09.331 [Test worker] DEBUG org.evosuite.runtime.classhandling.ClassResetter - __STATIC_RESET() method does not exists in class org.apache.log4j.DefaultCategoryFactory
09:31:09.331 [Test worker] DEBUG org.evosuite.runtime.classhandling.ClassResetter - __STATIC_RESET() method does not exists in class org.apache.log4j.spi.DefaultRepositorySelector
09:31:09.331 [Test worker] DEBUG org.evosuite.runtime.classhandling.ClassResetter - __STATIC_RESET() method does not exists in class org.apache.log4j.helpers.OptionConverter
09:31:09.331 [Test worker] DEBUG org.evosuite.runtime.classhandling.ClassResetter - __STATIC_RESET() method does not exists in class org.apache.log4j.helpers.Loader
09:31:09.331 [Test worker] DEBUG org.evosuite.runtime.classhandling.ClassResetter - __STATIC_RESET() method does not exists in class org.apache.log4j.helpers.LogLog
09:31:09.331 [Test worker] DEBUG org.evosuite.runtime.classhandling.ClassResetter - __STATIC_RESET() method does not exists in class org.apache.log4j.PropertyConfigurator
09:31:09.331 [Test worker] DEBUG org.evosuite.runtime.classhandling.ClassResetter - __STATIC_RESET() method does not exists in class org.apache.log4j.LogManager
09:31:09.332 [Test worker] DEBUG org.evosuite.runtime.classhandling.ClassResetter - __STATIC_RESET() method does not exists in class org.apache.log4j.CategoryKey
09:31:09.332 [Test worker] DEBUG org.evosuite.runtime.classhandling.ClassResetter - __STATIC_RESET() method does not exists in class org.apache.log4j.ProvisionNode
09:31:09.342 [Test worker] DEBUG org.evosuite.runtime.classhandling.ClassResetter - __STATIC_RESET() method does not exists in class org.apache.axis.handlers.BasicHandler
09:31:09.357 [Test worker] DEBUG org.evosuite.runtime.classhandling.ClassResetter - __STATIC_RESET() method does not exists in class org.apache.axis.AxisEngine
09:31:09.363 [Test worker] DEBUG org.evosuite.runtime.classhandling.ClassResetter - __STATIC_RESET() method does not exists in class org.apache.axis.server.AxisServer
09:31:09.377 [Test worker] DEBUG org.evosuite.runtime.classhandling.ClassResetter - __STATIC_RESET() method does not exists in class org.apache.axis.AxisProperties
09:31:09.378 [Test worker] DEBUG org.evosuite.runtime.classhandling.ClassResetter - __STATIC_RESET() method does not exists in class org.apache.commons.discovery.resource.names.ResourceNameDiscoverImpl
09:31:09.380 [Test worker] DEBUG org.evosuite.runtime.classhandling.ClassResetter - __STATIC_RESET() method does not exists in class org.apache.commons.discovery.log.SimpleLog
09:31:09.383 [Test worker] DEBUG org.evosuite.runtime.classhandling.ClassResetter - __STATIC_RESET() method does not exists in class org.apache.commons.discovery.log.DiscoveryLogFactory
09:31:09.384 [Test worker] DEBUG org.evosuite.runtime.classhandling.ClassResetter - __STATIC_RESET() method does not exists in class org.apache.commons.discovery.tools.ClassUtils
09:31:09.385 [Test worker] DEBUG org.evosuite.runtime.classhandling.ClassResetter - __STATIC_RESET() method does not exists in class org.apache.commons.discovery.resource.names.DiscoverNamesInAlternateManagedProperties
09:31:09.385 [Test worker] DEBUG org.evosuite.runtime.classhandling.ClassResetter - __STATIC_RESET() method does not exists in class org.apache.commons.discovery.resource.names.DiscoverMappedNames
09:31:09.387 [Test worker] DEBUG org.evosuite.runtime.classhandling.ClassResetter - __STATIC_RESET() method does not exists in class org.apache.axis.configuration.EngineConfigurationFactoryFinder
09:31:09.389 [Test worker] DEBUG org.evosuite.runtime.classhandling.ClassResetter - __STATIC_RESET() method does not exists in class org.apache.axis.configuration.EngineConfigurationFactoryFinder$1
09:31:09.391 [Test worker] DEBUG org.evosuite.runtime.classhandling.ClassResetter - __STATIC_RESET() method does not exists in class org.apache.commons.discovery.resource.names.NameDiscoverers
09:31:09.392 [Test worker] DEBUG org.evosuite.runtime.classhandling.ClassResetter - __STATIC_RESET() method does not exists in class org.apache.commons.discovery.resource.names.DiscoverNamesInManagedProperties
09:31:09.396 [Test worker] DEBUG org.evosuite.runtime.classhandling.ClassResetter - __STATIC_RESET() method does not exists in class org.apache.commons.discovery.resource.names.DiscoverNamesInFile
09:31:09.398 [Test worker] DEBUG org.evosuite.runtime.classhandling.ClassResetter - __STATIC_RESET() method does not exists in class org.apache.commons.discovery.resource.names.DiscoverServiceNames
09:31:09.400 [Test worker] DEBUG org.evosuite.runtime.classhandling.ClassResetter - __STATIC_RESET() method does not exists in class org.apache.commons.discovery.resource.ResourceDiscoverImpl
09:31:09.403 [Test worker] DEBUG org.evosuite.runtime.classhandling.ClassResetter - __STATIC_RESET() method does not exists in class org.apache.commons.discovery.resource.DiscoverResources
09:31:09.404 [Test worker] DEBUG org.evosuite.runtime.classhandling.ClassResetter - __STATIC_RESET() method does not exists in class org.apache.commons.discovery.resource.names.NameDiscoverers$1
09:31:09.412 [Test worker] DEBUG org.evosuite.runtime.classhandling.ClassResetter - __STATIC_RESET() method does not exists in class org.apache.xalan.processor.XSLTElementDef
09:31:09.441 [Test worker] DEBUG org.evosuite.runtime.classhandling.ClassResetter - __STATIC_RESET() method does not exists in class org.apache.xalan.processor.XSLTSchema
09:31:09.444 [Test worker] DEBUG org.evosuite.runtime.classhandling.ClassResetter - __STATIC_RESET() method does not exists in class com.browsersoft.openhre.hl7.impl.regular.ExpressionImpl
09:31:09.444 [Test worker] DEBUG org.evosuite.runtime.classhandling.ClassResetter - __STATIC_RESET() method does not exists in class com.browsersoft.openhre.hl7.impl.regular.ExpressionPartImpl
09:31:09.444 [Test worker] DEBUG org.evosuite.runtime.classhandling.ClassResetter - __STATIC_RESET() method does not exists in class com.browsersoft.openhre.hl7.impl.regular.MessageTracerImpl
09:31:09.444 [Test worker] DEBUG org.evosuite.runtime.classhandling.ClassResetter - __STATIC_RESET() method does not exists in class com.browsersoft.openhre.hl7.impl.config.HL7MessageImpl
09:31:09.444 [Test worker] DEBUG org.evosuite.runtime.classhandling.ClassResetter - __STATIC_RESET() method does not exists in class com.browsersoft.openhre.hl7.impl.regular.ExpressionElementMapperImpl
09:31:09.445 [Test worker] DEBUG org.evosuite.runtime.classhandling.ClassResetter - __STATIC_RESET() method does not exists in class com.browsersoft.openhre.hl7.impl.regular.ExpressionElementMapperItemImpl
09:31:09.445 [Test worker] DEBUG org.evosuite.runtime.classhandling.ClassResetter - __STATIC_RESET() method does not exists in class com.browsersoft.openhre.hl7.impl.config.HL7MessageGroupItemImpl
09:31:09.445 [Test worker] DEBUG org.evosuite.runtime.classhandling.ClassResetter - __STATIC_RESET() method does not exists in class com.browsersoft.openhre.hl7.impl.config.HL7MessageGroupImpl
09:31:09.445 [Test worker] DEBUG org.evosuite.runtime.classhandling.ClassResetter - __STATIC_RESET() method does not exists in class com.browsersoft.openhre.hl7.impl.config.HL7MessageSegmentImpl
09:31:09.445 [Test worker] DEBUG org.evosuite.runtime.classhandling.ClassResetter - __STATIC_RESET() method does not exists in class com.browsersoft.openhre.hl7.impl.config.HL7MessageMapImpl
09:31:09.445 [Test worker] DEBUG org.evosuite.runtime.classhandling.ClassResetter - __STATIC_RESET() method does not exists in class com.browsersoft.openhre.hl7.impl.regular.ExpressionMatrixImpl
09:31:09.445 [Test worker] DEBUG org.evosuite.runtime.classhandling.ClassResetter - __STATIC_RESET() method does not exists in class com.browsersoft.openhre.hl7.impl.config.HL7SegmentImpl
09:31:09.445 [Test worker] DEBUG org.evosuite.runtime.classhandling.ClassResetter - __STATIC_RESET() method does not exists in class com.browsersoft.openhre.hl7.impl.config.HL7FieldListImpl
09:31:09.445 [Test worker] DEBUG org.evosuite.runtime.classhandling.ClassResetter - __STATIC_RESET() method does not exists in class com.browsersoft.openhre.hl7.impl.parser.HL7CheckerImpl
09:31:09.445 [Test worker] DEBUG org.evosuite.runtime.classhandling.ClassResetter - __STATIC_RESET() method does not exists in class com.browsersoft.openhre.hl7.impl.parser.HL7ParserImpl
09:31:09.445 [Test worker] DEBUG org.evosuite.runtime.classhandling.ClassResetter - __STATIC_RESET() method does not exists in class com.browsersoft.openhre.hl7.impl.parser.HL7CheckerStateImpl
09:31:09.445 [Test worker] DEBUG org.evosuite.runtime.classhandling.ClassResetter - __STATIC_RESET() method does not exists in class com.browsersoft.openhre.hl7.impl.parser.HL7SAXEventGeneratorImpl
09:31:09.445 [Test worker] DEBUG org.evosuite.runtime.classhandling.ClassResetter - __STATIC_RESET() method does not exists in class com.browsersoft.openhre.hl7.impl.parser.HL72XMLImpl
09:31:09.445 [Test worker] DEBUG org.evosuite.runtime.classhandling.ClassResetter - __STATIC_RESET() method does not exists in class com.browsersoft.openhre.hl7.impl.parser.XMLUtils
09:31:09.445 [Test worker] DEBUG org.evosuite.runtime.classhandling.ClassResetter - __STATIC_RESET() method does not exists in class com.browsersoft.openhre.hl7.impl.config.HL7SegmentMapImpl
09:31:09.445 [Test worker] DEBUG org.evosuite.runtime.classhandling.ClassResetter - __STATIC_RESET() method does not exists in class com.browsersoft.openhre.hl7.impl.regular.ExpressionMatrixBuilderImpl
09:31:09.445 [Test worker] DEBUG org.evosuite.runtime.classhandling.ClassResetter - __STATIC_RESET() method does not exists in class com.browsersoft.openhre.hl7.impl.regular.NodeStack
09:31:09.445 [Test worker] DEBUG org.evosuite.runtime.classhandling.ClassResetter - __STATIC_RESET() method does not exists in class com.browsersoft.openhre.hl7.impl.regular.ExpressionNodeList
09:31:09.445 [Test worker] DEBUG org.evosuite.runtime.classhandling.ClassResetter - __STATIC_RESET() method does not exists in class com.browsersoft.openhre.hl7.api.regular.InvalidExpressionException
09:31:09.445 [Test worker] DEBUG org.evosuite.runtime.classhandling.ClassResetter - __STATIC_RESET() method does not exists in class com.browsersoft.openhre.hl7.impl.config.HL7FieldImpl
09:31:09.445 [Test worker] DEBUG org.evosuite.runtime.classhandling.ClassResetter - __STATIC_RESET() method does not exists in class com.browsersoft.openhre.hl7.impl.config.HL7VersionConfigurationMapImpl
09:31:09.445 [Test worker] DEBUG org.evosuite.runtime.classhandling.ClassResetter - __STATIC_RESET() method does not exists in class com.browsersoft.openhre.hl7.impl.regular.ConnectionList
09:31:09.445 [Test worker] DEBUG org.evosuite.runtime.classhandling.ClassResetter - __STATIC_RESET() method does not exists in class com.browsersoft.openhre.hl7.impl.regular.Connection
09:31:09.445 [Test worker] DEBUG org.evosuite.runtime.classhandling.ClassResetter - __STATIC_RESET() method does not exists in class org.apache.axis.components.logger.LogFactory$1
09:31:09.445 [Test worker] DEBUG org.evosuite.runtime.classhandling.ClassResetter - __STATIC_RESET() method does not exists in class org.apache.axis.components.logger.LogFactory
09:31:09.445 [Test worker] DEBUG org.evosuite.runtime.classhandling.ClassResetter - __STATIC_RESET() method does not exists in class org.apache.log4j.Level
09:31:09.445 [Test worker] DEBUG org.evosuite.runtime.classhandling.ClassResetter - __STATIC_RESET() method does not exists in class org.apache.log4j.Priority
09:31:09.445 [Test worker] DEBUG org.evosuite.runtime.classhandling.ClassResetter - __STATIC_RESET() method does not exists in class org.apache.commons.logging.impl.Log4JLogger
09:31:09.445 [Test worker] DEBUG org.evosuite.runtime.classhandling.ClassResetter - __STATIC_RESET() method does not exists in class org.apache.log4j.Category
09:31:09.445 [Test worker] DEBUG org.evosuite.runtime.classhandling.ClassResetter - __STATIC_RESET() method does not exists in class org.apache.log4j.Logger
09:31:09.445 [Test worker] DEBUG org.evosuite.runtime.classhandling.ClassResetter - __STATIC_RESET() method does not exists in class org.apache.log4j.Hierarchy
09:31:09.446 [Test worker] DEBUG org.evosuite.runtime.classhandling.ClassResetter - __STATIC_RESET() method does not exists in class org.apache.log4j.spi.RootCategory
09:31:09.446 [Test worker] DEBUG org.evosuite.runtime.classhandling.ClassResetter - __STATIC_RESET() method does not exists in class org.apache.log4j.or.DefaultRenderer
09:31:09.446 [Test worker] DEBUG org.evosuite.runtime.classhandling.ClassResetter - __STATIC_RESET() method does not exists in class org.apache.log4j.or.RendererMap
09:31:09.446 [Test worker] DEBUG org.evosuite.runtime.classhandling.ClassResetter - __STATIC_RESET() method does not exists in class org.apache.log4j.DefaultCategoryFactory
09:31:09.446 [Test worker] DEBUG org.evosuite.runtime.classhandling.ClassResetter - __STATIC_RESET() method does not exists in class org.apache.log4j.spi.DefaultRepositorySelector
09:31:09.446 [Test worker] DEBUG org.evosuite.runtime.classhandling.ClassResetter - __STATIC_RESET() method does not exists in class org.apache.log4j.helpers.OptionConverter
09:31:09.446 [Test worker] DEBUG org.evosuite.runtime.classhandling.ClassResetter - __STATIC_RESET() method does not exists in class org.apache.log4j.helpers.Loader
09:31:09.446 [Test worker] DEBUG org.evosuite.runtime.classhandling.ClassResetter - __STATIC_RESET() method does not exists in class org.apache.log4j.helpers.LogLog
09:31:09.446 [Test worker] DEBUG org.evosuite.runtime.classhandling.ClassResetter - __STATIC_RESET() method does not exists in class org.apache.log4j.PropertyConfigurator
09:31:09.446 [Test worker] DEBUG org.evosuite.runtime.classhandling.ClassResetter - __STATIC_RESET() method does not exists in class org.apache.log4j.LogManager
09:31:09.446 [Test worker] DEBUG org.evosuite.runtime.classhandling.ClassResetter - __STATIC_RESET() method does not exists in class org.apache.log4j.CategoryKey
09:31:09.446 [Test worker] DEBUG org.evosuite.runtime.classhandling.ClassResetter - __STATIC_RESET() method does not exists in class org.apache.log4j.ProvisionNode
09:31:09.446 [Test worker] DEBUG org.evosuite.runtime.classhandling.ClassResetter - __STATIC_RESET() method does not exists in class org.apache.axis.handlers.BasicHandler
09:31:09.446 [Test worker] DEBUG org.evosuite.runtime.classhandling.ClassResetter - __STATIC_RESET() method does not exists in class org.apache.axis.AxisEngine
09:31:09.446 [Test worker] DEBUG org.evosuite.runtime.classhandling.ClassResetter - __STATIC_RESET() method does not exists in class org.apache.axis.server.AxisServer
09:31:09.446 [Test worker] DEBUG org.evosuite.runtime.classhandling.ClassResetter - __STATIC_RESET() method does not exists in class org.apache.axis.AxisProperties
09:31:09.446 [Test worker] DEBUG org.evosuite.runtime.classhandling.ClassResetter - __STATIC_RESET() method does not exists in class org.apache.commons.discovery.resource.names.ResourceNameDiscoverImpl
09:31:09.446 [Test worker] DEBUG org.evosuite.runtime.classhandling.ClassResetter - __STATIC_RESET() method does not exists in class org.apache.commons.discovery.log.SimpleLog
09:31:09.446 [Test worker] DEBUG org.evosuite.runtime.classhandling.ClassResetter - __STATIC_RESET() method does not exists in class org.apache.commons.discovery.log.DiscoveryLogFactory
09:31:09.446 [Test worker] DEBUG org.evosuite.runtime.classhandling.ClassResetter - __STATIC_RESET() method does not exists in class org.apache.commons.discovery.tools.ClassUtils
09:31:09.446 [Test worker] DEBUG org.evosuite.runtime.classhandling.ClassResetter - __STATIC_RESET() method does not exists in class org.apache.commons.discovery.resource.names.DiscoverNamesInAlternateManagedProperties
09:31:09.446 [Test worker] DEBUG org.evosuite.runtime.classhandling.ClassResetter - __STATIC_RESET() method does not exists in class org.apache.commons.discovery.resource.names.DiscoverMappedNames
09:31:09.446 [Test worker] DEBUG org.evosuite.runtime.classhandling.ClassResetter - __STATIC_RESET() method does not exists in class org.apache.axis.configuration.EngineConfigurationFactoryFinder
09:31:09.446 [Test worker] DEBUG org.evosuite.runtime.classhandling.ClassResetter - __STATIC_RESET() method does not exists in class org.apache.axis.configuration.EngineConfigurationFactoryFinder$1
09:31:09.446 [Test worker] DEBUG org.evosuite.runtime.classhandling.ClassResetter - __STATIC_RESET() method does not exists in class org.apache.commons.discovery.resource.names.NameDiscoverers
09:31:09.446 [Test worker] DEBUG org.evosuite.runtime.classhandling.ClassResetter - __STATIC_RESET() method does not exists in class org.apache.commons.discovery.resource.names.DiscoverNamesInManagedProperties
09:31:09.446 [Test worker] DEBUG org.evosuite.runtime.classhandling.ClassResetter - __STATIC_RESET() method does not exists in class org.apache.commons.discovery.resource.names.DiscoverNamesInFile
09:31:09.446 [Test worker] DEBUG org.evosuite.runtime.classhandling.ClassResetter - __STATIC_RESET() method does not exists in class org.apache.commons.discovery.resource.names.DiscoverServiceNames
09:31:09.446 [Test worker] DEBUG org.evosuite.runtime.classhandling.ClassResetter - __STATIC_RESET() method does not exists in class org.apache.commons.discovery.resource.ResourceDiscoverImpl
09:31:09.446 [Test worker] DEBUG org.evosuite.runtime.classhandling.ClassResetter - __STATIC_RESET() method does not exists in class org.apache.commons.discovery.resource.DiscoverResources
09:31:09.446 [Test worker] DEBUG org.evosuite.runtime.classhandling.ClassResetter - __STATIC_RESET() method does not exists in class org.apache.commons.discovery.resource.names.NameDiscoverers$1
09:31:09.446 [Test worker] DEBUG org.evosuite.runtime.classhandling.ClassResetter - __STATIC_RESET() method does not exists in class org.apache.xalan.processor.XSLTElementDef
09:31:09.447 [Test worker] DEBUG org.evosuite.runtime.classhandling.ClassResetter - __STATIC_RESET() method does not exists in class org.apache.xalan.processor.XSLTSchema
09:31:09.451 [Test worker] DEBUG org.evosuite.runtime.classhandling.ClassResetter - __STATIC_RESET() method does not exists in class com.browsersoft.openhre.hl7.impl.regular.ExpressionImpl
09:31:09.451 [Test worker] DEBUG org.evosuite.runtime.classhandling.ClassResetter - __STATIC_RESET() method does not exists in class com.browsersoft.openhre.hl7.impl.regular.ExpressionPartImpl
09:31:09.451 [Test worker] DEBUG org.evosuite.runtime.classhandling.ClassResetter - __STATIC_RESET() method does not exists in class com.browsersoft.openhre.hl7.impl.regular.MessageTracerImpl
09:31:09.451 [Test worker] DEBUG org.evosuite.runtime.classhandling.ClassResetter - __STATIC_RESET() method does not exists in class com.browsersoft.openhre.hl7.impl.config.HL7MessageImpl
09:31:09.451 [Test worker] DEBUG org.evosuite.runtime.classhandling.ClassResetter - __STATIC_RESET() method does not exists in class com.browsersoft.openhre.hl7.impl.regular.ExpressionElementMapperImpl
09:31:09.451 [Test worker] DEBUG org.evosuite.runtime.classhandling.ClassResetter - __STATIC_RESET() method does not exists in class com.browsersoft.openhre.hl7.impl.regular.ExpressionElementMapperItemImpl
09:31:09.451 [Test worker] DEBUG org.evosuite.runtime.classhandling.ClassResetter - __STATIC_RESET() method does not exists in class com.browsersoft.openhre.hl7.impl.config.HL7MessageGroupItemImpl
09:31:09.451 [Test worker] DEBUG org.evosuite.runtime.classhandling.ClassResetter - __STATIC_RESET() method does not exists in class com.browsersoft.openhre.hl7.impl.config.HL7MessageGroupImpl
09:31:09.451 [Test worker] DEBUG org.evosuite.runtime.classhandling.ClassResetter - __STATIC_RESET() method does not exists in class com.browsersoft.openhre.hl7.impl.config.HL7MessageSegmentImpl
09:31:09.451 [Test worker] DEBUG org.evosuite.runtime.classhandling.ClassResetter - __STATIC_RESET() method does not exists in class com.browsersoft.openhre.hl7.impl.config.HL7MessageMapImpl
09:31:09.451 [Test worker] DEBUG org.evosuite.runtime.classhandling.ClassResetter - __STATIC_RESET() method does not exists in class com.browsersoft.openhre.hl7.impl.regular.ExpressionMatrixImpl
09:31:09.451 [Test worker] DEBUG org.evosuite.runtime.classhandling.ClassResetter - __STATIC_RESET() method does not exists in class com.browsersoft.openhre.hl7.impl.config.HL7SegmentImpl
09:31:09.451 [Test worker] DEBUG org.evosuite.runtime.classhandling.ClassResetter - __STATIC_RESET() method does not exists in class com.browsersoft.openhre.hl7.impl.config.HL7FieldListImpl
09:31:09.451 [Test worker] DEBUG org.evosuite.runtime.classhandling.ClassResetter - __STATIC_RESET() method does not exists in class com.browsersoft.openhre.hl7.impl.parser.HL7CheckerImpl
09:31:09.451 [Test worker] DEBUG org.evosuite.runtime.classhandling.ClassResetter - __STATIC_RESET() method does not exists in class com.browsersoft.openhre.hl7.impl.parser.HL7ParserImpl
09:31:09.451 [Test worker] DEBUG org.evosuite.runtime.classhandling.ClassResetter - __STATIC_RESET() method does not exists in class com.browsersoft.openhre.hl7.impl.parser.HL7CheckerStateImpl
09:31:09.451 [Test worker] DEBUG org.evosuite.runtime.classhandling.ClassResetter - __STATIC_RESET() method does not exists in class com.browsersoft.openhre.hl7.impl.parser.HL7SAXEventGeneratorImpl
09:31:09.451 [Test worker] DEBUG org.evosuite.runtime.classhandling.ClassResetter - __STATIC_RESET() method does not exists in class com.browsersoft.openhre.hl7.impl.parser.HL72XMLImpl
09:31:09.452 [Test worker] DEBUG org.evosuite.runtime.classhandling.ClassResetter - __STATIC_RESET() method does not exists in class com.browsersoft.openhre.hl7.impl.parser.XMLUtils
09:31:09.452 [Test worker] DEBUG org.evosuite.runtime.classhandling.ClassResetter - __STATIC_RESET() method does not exists in class com.browsersoft.openhre.hl7.impl.config.HL7SegmentMapImpl
09:31:09.452 [Test worker] DEBUG org.evosuite.runtime.classhandling.ClassResetter - __STATIC_RESET() method does not exists in class com.browsersoft.openhre.hl7.impl.regular.ExpressionMatrixBuilderImpl
09:31:09.452 [Test worker] DEBUG org.evosuite.runtime.classhandling.ClassResetter - __STATIC_RESET() method does not exists in class com.browsersoft.openhre.hl7.impl.regular.NodeStack
09:31:09.452 [Test worker] DEBUG org.evosuite.runtime.classhandling.ClassResetter - __STATIC_RESET() method does not exists in class com.browsersoft.openhre.hl7.impl.regular.ExpressionNodeList
09:31:09.452 [Test worker] DEBUG org.evosuite.runtime.classhandling.ClassResetter - __STATIC_RESET() method does not exists in class com.browsersoft.openhre.hl7.api.regular.InvalidExpressionException
09:31:09.452 [Test worker] DEBUG org.evosuite.runtime.classhandling.ClassResetter - __STATIC_RESET() method does not exists in class com.browsersoft.openhre.hl7.impl.config.HL7FieldImpl
09:31:09.452 [Test worker] DEBUG org.evosuite.runtime.classhandling.ClassResetter - __STATIC_RESET() method does not exists in class com.browsersoft.openhre.hl7.impl.config.HL7VersionConfigurationMapImpl
09:31:09.452 [Test worker] DEBUG org.evosuite.runtime.classhandling.ClassResetter - __STATIC_RESET() method does not exists in class com.browsersoft.openhre.hl7.impl.regular.ConnectionList
09:31:09.452 [Test worker] DEBUG org.evosuite.runtime.classhandling.ClassResetter - __STATIC_RESET() method does not exists in class com.browsersoft.openhre.hl7.impl.regular.Connection
09:31:09.452 [Test worker] DEBUG org.evosuite.runtime.classhandling.ClassResetter - __STATIC_RESET() method does not exists in class org.apache.axis.components.logger.LogFactory$1
09:31:09.452 [Test worker] DEBUG org.evosuite.runtime.classhandling.ClassResetter - __STATIC_RESET() method does not exists in class org.apache.axis.components.logger.LogFactory
09:31:09.452 [Test worker] DEBUG org.evosuite.runtime.classhandling.ClassResetter - __STATIC_RESET() method does not exists in class org.apache.log4j.Level
09:31:09.452 [Test worker] DEBUG org.evosuite.runtime.classhandling.ClassResetter - __STATIC_RESET() method does not exists in class org.apache.log4j.Priority
09:31:09.452 [Test worker] DEBUG org.evosuite.runtime.classhandling.ClassResetter - __STATIC_RESET() method does not exists in class org.apache.commons.logging.impl.Log4JLogger
09:31:09.452 [Test worker] DEBUG org.evosuite.runtime.classhandling.ClassResetter - __STATIC_RESET() method does not exists in class org.apache.log4j.Category
09:31:09.452 [Test worker] DEBUG org.evosuite.runtime.classhandling.ClassResetter - __STATIC_RESET() method does not exists in class org.apache.log4j.Logger
09:31:09.452 [Test worker] DEBUG org.evosuite.runtime.classhandling.ClassResetter - __STATIC_RESET() method does not exists in class org.apache.log4j.Hierarchy
09:31:09.452 [Test worker] DEBUG org.evosuite.runtime.classhandling.ClassResetter - __STATIC_RESET() method does not exists in class org.apache.log4j.spi.RootCategory
09:31:09.452 [Test worker] DEBUG org.evosuite.runtime.classhandling.ClassResetter - __STATIC_RESET() method does not exists in class org.apache.log4j.or.DefaultRenderer
09:31:09.452 [Test worker] DEBUG org.evosuite.runtime.classhandling.ClassResetter - __STATIC_RESET() method does not exists in class org.apache.log4j.or.RendererMap
09:31:09.452 [Test worker] DEBUG org.evosuite.runtime.classhandling.ClassResetter - __STATIC_RESET() method does not exists in class org.apache.log4j.DefaultCategoryFactory
09:31:09.452 [Test worker] DEBUG org.evosuite.runtime.classhandling.ClassResetter - __STATIC_RESET() method does not exists in class org.apache.log4j.spi.DefaultRepositorySelector
09:31:09.452 [Test worker] DEBUG org.evosuite.runtime.classhandling.ClassResetter - __STATIC_RESET() method does not exists in class org.apache.log4j.helpers.OptionConverter
09:31:09.452 [Test worker] DEBUG org.evosuite.runtime.classhandling.ClassResetter - __STATIC_RESET() method does not exists in class org.apache.log4j.helpers.Loader
09:31:09.452 [Test worker] DEBUG org.evosuite.runtime.classhandling.ClassResetter - __STATIC_RESET() method does not exists in class org.apache.log4j.helpers.LogLog
09:31:09.452 [Test worker] DEBUG org.evosuite.runtime.classhandling.ClassResetter - __STATIC_RESET() method does not exists in class org.apache.log4j.PropertyConfigurator
09:31:09.452 [Test worker] DEBUG org.evosuite.runtime.classhandling.ClassResetter - __STATIC_RESET() method does not exists in class org.apache.log4j.LogManager
09:31:09.452 [Test worker] DEBUG org.evosuite.runtime.classhandling.ClassResetter - __STATIC_RESET() method does not exists in class org.apache.log4j.CategoryKey
09:31:09.452 [Test worker] DEBUG org.evosuite.runtime.classhandling.ClassResetter - __STATIC_RESET() method does not exists in class org.apache.log4j.ProvisionNode
09:31:09.452 [Test worker] DEBUG org.evosuite.runtime.classhandling.ClassResetter - __STATIC_RESET() method does not exists in class org.apache.axis.handlers.BasicHandler
09:31:09.452 [Test worker] DEBUG org.evosuite.runtime.classhandling.ClassResetter - __STATIC_RESET() method does not exists in class org.apache.axis.AxisEngine
09:31:09.452 [Test worker] DEBUG org.evosuite.runtime.classhandling.ClassResetter - __STATIC_RESET() method does not exists in class org.apache.axis.server.AxisServer
09:31:09.452 [Test worker] DEBUG org.evosuite.runtime.classhandling.ClassResetter - __STATIC_RESET() method does not exists in class org.apache.axis.AxisProperties
09:31:09.452 [Test worker] DEBUG org.evosuite.runtime.classhandling.ClassResetter - __STATIC_RESET() method does not exists in class org.apache.commons.discovery.resource.names.ResourceNameDiscoverImpl
09:31:09.453 [Test worker] DEBUG org.evosuite.runtime.classhandling.ClassResetter - __STATIC_RESET() method does not exists in class org.apache.commons.discovery.log.SimpleLog
09:31:09.453 [Test worker] DEBUG org.evosuite.runtime.classhandling.ClassResetter - __STATIC_RESET() method does not exists in class org.apache.commons.discovery.log.DiscoveryLogFactory
09:31:09.453 [Test worker] DEBUG org.evosuite.runtime.classhandling.ClassResetter - __STATIC_RESET() method does not exists in class org.apache.commons.discovery.tools.ClassUtils
09:31:09.453 [Test worker] DEBUG org.evosuite.runtime.classhandling.ClassResetter - __STATIC_RESET() method does not exists in class org.apache.commons.discovery.resource.names.DiscoverNamesInAlternateManagedProperties
09:31:09.453 [Test worker] DEBUG org.evosuite.runtime.classhandling.ClassResetter - __STATIC_RESET() method does not exists in class org.apache.commons.discovery.resource.names.DiscoverMappedNames
09:31:09.453 [Test worker] DEBUG org.evosuite.runtime.classhandling.ClassResetter - __STATIC_RESET() method does not exists in class org.apache.axis.configuration.EngineConfigurationFactoryFinder
09:31:09.453 [Test worker] DEBUG org.evosuite.runtime.classhandling.ClassResetter - __STATIC_RESET() method does not exists in class org.apache.axis.configuration.EngineConfigurationFactoryFinder$1
09:31:09.453 [Test worker] DEBUG org.evosuite.runtime.classhandling.ClassResetter - __STATIC_RESET() method does not exists in class org.apache.commons.discovery.resource.names.NameDiscoverers
09:31:09.453 [Test worker] DEBUG org.evosuite.runtime.classhandling.ClassResetter - __STATIC_RESET() method does not exists in class org.apache.commons.discovery.resource.names.DiscoverNamesInManagedProperties
09:31:09.453 [Test worker] DEBUG org.evosuite.runtime.classhandling.ClassResetter - __STATIC_RESET() method does not exists in class org.apache.commons.discovery.resource.names.DiscoverNamesInFile
09:31:09.453 [Test worker] DEBUG org.evosuite.runtime.classhandling.ClassResetter - __STATIC_RESET() method does not exists in class org.apache.commons.discovery.resource.names.DiscoverServiceNames
09:31:09.453 [Test worker] DEBUG org.evosuite.runtime.classhandling.ClassResetter - __STATIC_RESET() method does not exists in class org.apache.commons.discovery.resource.ResourceDiscoverImpl
09:31:09.453 [Test worker] DEBUG org.evosuite.runtime.classhandling.ClassResetter - __STATIC_RESET() method does not exists in class org.apache.commons.discovery.resource.DiscoverResources
09:31:09.453 [Test worker] DEBUG org.evosuite.runtime.classhandling.ClassResetter - __STATIC_RESET() method does not exists in class org.apache.commons.discovery.resource.names.NameDiscoverers$1
09:31:09.453 [Test worker] DEBUG org.evosuite.runtime.classhandling.ClassResetter - __STATIC_RESET() method does not exists in class org.apache.xalan.processor.XSLTElementDef
09:31:09.453 [Test worker] DEBUG org.evosuite.runtime.classhandling.ClassResetter - __STATIC_RESET() method does not exists in class org.apache.xalan.processor.XSLTSchema
09:31:09.461 [Test worker] DEBUG org.evosuite.runtime.classhandling.ClassResetter - __STATIC_RESET() method does not exists in class com.browsersoft.openhre.hl7.impl.regular.ExpressionImpl
09:31:09.461 [Test worker] DEBUG org.evosuite.runtime.classhandling.ClassResetter - __STATIC_RESET() method does not exists in class com.browsersoft.openhre.hl7.impl.regular.ExpressionPartImpl
09:31:09.461 [Test worker] DEBUG org.evosuite.runtime.classhandling.ClassResetter - __STATIC_RESET() method does not exists in class com.browsersoft.openhre.hl7.impl.regular.MessageTracerImpl
09:31:09.461 [Test worker] DEBUG org.evosuite.runtime.classhandling.ClassResetter - __STATIC_RESET() method does not exists in class com.browsersoft.openhre.hl7.impl.config.HL7MessageImpl
09:31:09.461 [Test worker] DEBUG org.evosuite.runtime.classhandling.ClassResetter - __STATIC_RESET() method does not exists in class com.browsersoft.openhre.hl7.impl.regular.ExpressionElementMapperImpl
09:31:09.461 [Test worker] DEBUG org.evosuite.runtime.classhandling.ClassResetter - __STATIC_RESET() method does not exists in class com.browsersoft.openhre.hl7.impl.regular.ExpressionElementMapperItemImpl
09:31:09.461 [Test worker] DEBUG org.evosuite.runtime.classhandling.ClassResetter - __STATIC_RESET() method does not exists in class com.browsersoft.openhre.hl7.impl.config.HL7MessageGroupItemImpl
09:31:09.461 [Test worker] DEBUG org.evosuite.runtime.classhandling.ClassResetter - __STATIC_RESET() method does not exists in class com.browsersoft.openhre.hl7.impl.config.HL7MessageGroupImpl
09:31:09.461 [Test worker] DEBUG org.evosuite.runtime.classhandling.ClassResetter - __STATIC_RESET() method does not exists in class com.browsersoft.openhre.hl7.impl.config.HL7MessageSegmentImpl
09:31:09.461 [Test worker] DEBUG org.evosuite.runtime.classhandling.ClassResetter - __STATIC_RESET() method does not exists in class com.browsersoft.openhre.hl7.impl.config.HL7MessageMapImpl
09:31:09.461 [Test worker] DEBUG org.evosuite.runtime.classhandling.ClassResetter - __STATIC_RESET() method does not exists in class com.browsersoft.openhre.hl7.impl.regular.ExpressionMatrixImpl
09:31:09.461 [Test worker] DEBUG org.evosuite.runtime.classhandling.ClassResetter - __STATIC_RESET() method does not exists in class com.browsersoft.openhre.hl7.impl.config.HL7SegmentImpl
09:31:09.461 [Test worker] DEBUG org.evosuite.runtime.classhandling.ClassResetter - __STATIC_RESET() method does not exists in class com.browsersoft.openhre.hl7.impl.config.HL7FieldListImpl
09:31:09.462 [Test worker] DEBUG org.evosuite.runtime.classhandling.ClassResetter - __STATIC_RESET() method does not exists in class com.browsersoft.openhre.hl7.impl.parser.HL7CheckerImpl
09:31:09.462 [Test worker] DEBUG org.evosuite.runtime.classhandling.ClassResetter - __STATIC_RESET() method does not exists in class com.browsersoft.openhre.hl7.impl.parser.HL7ParserImpl
09:31:09.462 [Test worker] DEBUG org.evosuite.runtime.classhandling.ClassResetter - __STATIC_RESET() method does not exists in class com.browsersoft.openhre.hl7.impl.parser.HL7CheckerStateImpl
09:31:09.462 [Test worker] DEBUG org.evosuite.runtime.classhandling.ClassResetter - __STATIC_RESET() method does not exists in class com.browsersoft.openhre.hl7.impl.parser.HL7SAXEventGeneratorImpl
09:31:09.462 [Test worker] DEBUG org.evosuite.runtime.classhandling.ClassResetter - __STATIC_RESET() method does not exists in class com.browsersoft.openhre.hl7.impl.parser.HL72XMLImpl
09:31:09.462 [Test worker] DEBUG org.evosuite.runtime.classhandling.ClassResetter - __STATIC_RESET() method does not exists in class com.browsersoft.openhre.hl7.impl.parser.XMLUtils
09:31:09.462 [Test worker] DEBUG org.evosuite.runtime.classhandling.ClassResetter - __STATIC_RESET() method does not exists in class com.browsersoft.openhre.hl7.impl.config.HL7SegmentMapImpl
09:31:09.462 [Test worker] DEBUG org.evosuite.runtime.classhandling.ClassResetter - __STATIC_RESET() method does not exists in class com.browsersoft.openhre.hl7.impl.regular.ExpressionMatrixBuilderImpl
09:31:09.462 [Test worker] DEBUG org.evosuite.runtime.classhandling.ClassResetter - __STATIC_RESET() method does not exists in class com.browsersoft.openhre.hl7.impl.regular.NodeStack
09:31:09.462 [Test worker] DEBUG org.evosuite.runtime.classhandling.ClassResetter - __STATIC_RESET() method does not exists in class com.browsersoft.openhre.hl7.impl.regular.ExpressionNodeList
09:31:09.462 [Test worker] DEBUG org.evosuite.runtime.classhandling.ClassResetter - __STATIC_RESET() method does not exists in class com.browsersoft.openhre.hl7.api.regular.InvalidExpressionException
09:31:09.462 [Test worker] DEBUG org.evosuite.runtime.classhandling.ClassResetter - __STATIC_RESET() method does not exists in class com.browsersoft.openhre.hl7.impl.config.HL7FieldImpl
09:31:09.462 [Test worker] DEBUG org.evosuite.runtime.classhandling.ClassResetter - __STATIC_RESET() method does not exists in class com.browsersoft.openhre.hl7.impl.config.HL7VersionConfigurationMapImpl
09:31:09.462 [Test worker] DEBUG org.evosuite.runtime.classhandling.ClassResetter - __STATIC_RESET() method does not exists in class com.browsersoft.openhre.hl7.impl.regular.ConnectionList
09:31:09.462 [Test worker] DEBUG org.evosuite.runtime.classhandling.ClassResetter - __STATIC_RESET() method does not exists in class com.browsersoft.openhre.hl7.impl.regular.Connection
09:31:09.462 [Test worker] DEBUG org.evosuite.runtime.classhandling.ClassResetter - __STATIC_RESET() method does not exists in class org.apache.axis.components.logger.LogFactory$1
09:31:09.462 [Test worker] DEBUG org.evosuite.runtime.classhandling.ClassResetter - __STATIC_RESET() method does not exists in class org.apache.axis.components.logger.LogFactory
09:31:09.462 [Test worker] DEBUG org.evosuite.runtime.classhandling.ClassResetter - __STATIC_RESET() method does not exists in class org.apache.log4j.Level
09:31:09.462 [Test worker] DEBUG org.evosuite.runtime.classhandling.ClassResetter - __STATIC_RESET() method does not exists in class org.apache.log4j.Priority
09:31:09.462 [Test worker] DEBUG org.evosuite.runtime.classhandling.ClassResetter - __STATIC_RESET() method does not exists in class org.apache.commons.logging.impl.Log4JLogger
09:31:09.462 [Test worker] DEBUG org.evosuite.runtime.classhandling.ClassResetter - __STATIC_RESET() method does not exists in class org.apache.log4j.Category
09:31:09.462 [Test worker] DEBUG org.evosuite.runtime.classhandling.ClassResetter - __STATIC_RESET() method does not exists in class org.apache.log4j.Logger
09:31:09.462 [Test worker] DEBUG org.evosuite.runtime.classhandling.ClassResetter - __STATIC_RESET() method does not exists in class org.apache.log4j.Hierarchy
09:31:09.462 [Test worker] DEBUG org.evosuite.runtime.classhandling.ClassResetter - __STATIC_RESET() method does not exists in class org.apache.log4j.spi.RootCategory
09:31:09.462 [Test worker] DEBUG org.evosuite.runtime.classhandling.ClassResetter - __STATIC_RESET() method does not exists in class org.apache.log4j.or.DefaultRenderer
09:31:09.462 [Test worker] DEBUG org.evosuite.runtime.classhandling.ClassResetter - __STATIC_RESET() method does not exists in class org.apache.log4j.or.RendererMap
09:31:09.462 [Test worker] DEBUG org.evosuite.runtime.classhandling.ClassResetter - __STATIC_RESET() method does not exists in class org.apache.log4j.DefaultCategoryFactory
09:31:09.462 [Test worker] DEBUG org.evosuite.runtime.classhandling.ClassResetter - __STATIC_RESET() method does not exists in class org.apache.log4j.spi.DefaultRepositorySelector
09:31:09.462 [Test worker] DEBUG org.evosuite.runtime.classhandling.ClassResetter - __STATIC_RESET() method does not exists in class org.apache.log4j.helpers.OptionConverter
09:31:09.462 [Test worker] DEBUG org.evosuite.runtime.classhandling.ClassResetter - __STATIC_RESET() method does not exists in class org.apache.log4j.helpers.Loader
09:31:09.462 [Test worker] DEBUG org.evosuite.runtime.classhandling.ClassResetter - __STATIC_RESET() method does not exists in class org.apache.log4j.helpers.LogLog
09:31:09.462 [Test worker] DEBUG org.evosuite.runtime.classhandling.ClassResetter - __STATIC_RESET() method does not exists in class org.apache.log4j.PropertyConfigurator
09:31:09.462 [Test worker] DEBUG org.evosuite.runtime.classhandling.ClassResetter - __STATIC_RESET() method does not exists in class org.apache.log4j.LogManager
09:31:09.463 [Test worker] DEBUG org.evosuite.runtime.classhandling.ClassResetter - __STATIC_RESET() method does not exists in class org.apache.log4j.CategoryKey
09:31:09.463 [Test worker] DEBUG org.evosuite.runtime.classhandling.ClassResetter - __STATIC_RESET() method does not exists in class org.apache.log4j.ProvisionNode
09:31:09.463 [Test worker] DEBUG org.evosuite.runtime.classhandling.ClassResetter - __STATIC_RESET() method does not exists in class org.apache.axis.handlers.BasicHandler
09:31:09.463 [Test worker] DEBUG org.evosuite.runtime.classhandling.ClassResetter - __STATIC_RESET() method does not exists in class org.apache.axis.AxisEngine
09:31:09.463 [Test worker] DEBUG org.evosuite.runtime.classhandling.ClassResetter - __STATIC_RESET() method does not exists in class org.apache.axis.server.AxisServer
09:31:09.463 [Test worker] DEBUG org.evosuite.runtime.classhandling.ClassResetter - __STATIC_RESET() method does not exists in class org.apache.axis.AxisProperties
09:31:09.463 [Test worker] DEBUG org.evosuite.runtime.classhandling.ClassResetter - __STATIC_RESET() method does not exists in class org.apache.commons.discovery.resource.names.ResourceNameDiscoverImpl
09:31:09.463 [Test worker] DEBUG org.evosuite.runtime.classhandling.ClassResetter - __STATIC_RESET() method does not exists in class org.apache.commons.discovery.log.SimpleLog
09:31:09.463 [Test worker] DEBUG org.evosuite.runtime.classhandling.ClassResetter - __STATIC_RESET() method does not exists in class org.apache.commons.discovery.log.DiscoveryLogFactory
09:31:09.463 [Test worker] DEBUG org.evosuite.runtime.classhandling.ClassResetter - __STATIC_RESET() method does not exists in class org.apache.commons.discovery.tools.ClassUtils
09:31:09.463 [Test worker] DEBUG org.evosuite.runtime.classhandling.ClassResetter - __STATIC_RESET() method does not exists in class org.apache.commons.discovery.resource.names.DiscoverNamesInAlternateManagedProperties
09:31:09.463 [Test worker] DEBUG org.evosuite.runtime.classhandling.ClassResetter - __STATIC_RESET() method does not exists in class org.apache.commons.discovery.resource.names.DiscoverMappedNames
09:31:09.463 [Test worker] DEBUG org.evosuite.runtime.classhandling.ClassResetter - __STATIC_RESET() method does not exists in class org.apache.axis.configuration.EngineConfigurationFactoryFinder
09:31:09.463 [Test worker] DEBUG org.evosuite.runtime.classhandling.ClassResetter - __STATIC_RESET() method does not exists in class org.apache.axis.configuration.EngineConfigurationFactoryFinder$1
09:31:09.463 [Test worker] DEBUG org.evosuite.runtime.classhandling.ClassResetter - __STATIC_RESET() method does not exists in class org.apache.commons.discovery.resource.names.NameDiscoverers
09:31:09.463 [Test worker] DEBUG org.evosuite.runtime.classhandling.ClassResetter - __STATIC_RESET() method does not exists in class org.apache.commons.discovery.resource.names.DiscoverNamesInManagedProperties
09:31:09.463 [Test worker] DEBUG org.evosuite.runtime.classhandling.ClassResetter - __STATIC_RESET() method does not exists in class org.apache.commons.discovery.resource.names.DiscoverNamesInFile
09:31:09.463 [Test worker] DEBUG org.evosuite.runtime.classhandling.ClassResetter - __STATIC_RESET() method does not exists in class org.apache.commons.discovery.resource.names.DiscoverServiceNames
09:31:09.463 [Test worker] DEBUG org.evosuite.runtime.classhandling.ClassResetter - __STATIC_RESET() method does not exists in class org.apache.commons.discovery.resource.ResourceDiscoverImpl
09:31:09.463 [Test worker] DEBUG org.evosuite.runtime.classhandling.ClassResetter - __STATIC_RESET() method does not exists in class org.apache.commons.discovery.resource.DiscoverResources
09:31:09.463 [Test worker] DEBUG org.evosuite.runtime.classhandling.ClassResetter - __STATIC_RESET() method does not exists in class org.apache.commons.discovery.resource.names.NameDiscoverers$1
09:31:09.463 [Test worker] DEBUG org.evosuite.runtime.classhandling.ClassResetter - __STATIC_RESET() method does not exists in class org.apache.xalan.processor.XSLTElementDef
09:31:09.463 [Test worker] DEBUG org.evosuite.runtime.classhandling.ClassResetter - __STATIC_RESET() method does not exists in class org.apache.xalan.processor.XSLTSchema
09:31:09.467 [Test worker] DEBUG org.evosuite.runtime.classhandling.ClassResetter - __STATIC_RESET() method does not exists in class com.browsersoft.openhre.hl7.impl.regular.ExpressionImpl
09:31:09.467 [Test worker] DEBUG org.evosuite.runtime.classhandling.ClassResetter - __STATIC_RESET() method does not exists in class com.browsersoft.openhre.hl7.impl.regular.ExpressionPartImpl
09:31:09.467 [Test worker] DEBUG org.evosuite.runtime.classhandling.ClassResetter - __STATIC_RESET() method does not exists in class com.browsersoft.openhre.hl7.impl.regular.MessageTracerImpl
09:31:09.467 [Test worker] DEBUG org.evosuite.runtime.classhandling.ClassResetter - __STATIC_RESET() method does not exists in class com.browsersoft.openhre.hl7.impl.config.HL7MessageImpl
09:31:09.467 [Test worker] DEBUG org.evosuite.runtime.classhandling.ClassResetter - __STATIC_RESET() method does not exists in class com.browsersoft.openhre.hl7.impl.regular.ExpressionElementMapperImpl
09:31:09.467 [Test worker] DEBUG org.evosuite.runtime.classhandling.ClassResetter - __STATIC_RESET() method does not exists in class com.browsersoft.openhre.hl7.impl.regular.ExpressionElementMapperItemImpl
09:31:09.467 [Test worker] DEBUG org.evosuite.runtime.classhandling.ClassResetter - __STATIC_RESET() method does not exists in class com.browsersoft.openhre.hl7.impl.config.HL7MessageGroupItemImpl
09:31:09.467 [Test worker] DEBUG org.evosuite.runtime.classhandling.ClassResetter - __STATIC_RESET() method does not exists in class com.browsersoft.openhre.hl7.impl.config.HL7MessageGroupImpl
09:31:09.467 [Test worker] DEBUG org.evosuite.runtime.classhandling.ClassResetter - __STATIC_RESET() method does not exists in class com.browsersoft.openhre.hl7.impl.config.HL7MessageSegmentImpl
09:31:09.467 [Test worker] DEBUG org.evosuite.runtime.classhandling.ClassResetter - __STATIC_RESET() method does not exists in class com.browsersoft.openhre.hl7.impl.config.HL7MessageMapImpl
09:31:09.467 [Test worker] DEBUG org.evosuite.runtime.classhandling.ClassResetter - __STATIC_RESET() method does not exists in class com.browsersoft.openhre.hl7.impl.regular.ExpressionMatrixImpl
09:31:09.467 [Test worker] DEBUG org.evosuite.runtime.classhandling.ClassResetter - __STATIC_RESET() method does not exists in class com.browsersoft.openhre.hl7.impl.config.HL7SegmentImpl
09:31:09.467 [Test worker] DEBUG org.evosuite.runtime.classhandling.ClassResetter - __STATIC_RESET() method does not exists in class com.browsersoft.openhre.hl7.impl.config.HL7FieldListImpl
09:31:09.467 [Test worker] DEBUG org.evosuite.runtime.classhandling.ClassResetter - __STATIC_RESET() method does not exists in class com.browsersoft.openhre.hl7.impl.parser.HL7CheckerImpl
09:31:09.467 [Test worker] DEBUG org.evosuite.runtime.classhandling.ClassResetter - __STATIC_RESET() method does not exists in class com.browsersoft.openhre.hl7.impl.parser.HL7ParserImpl
09:31:09.467 [Test worker] DEBUG org.evosuite.runtime.classhandling.ClassResetter - __STATIC_RESET() method does not exists in class com.browsersoft.openhre.hl7.impl.parser.HL7CheckerStateImpl
09:31:09.467 [Test worker] DEBUG org.evosuite.runtime.classhandling.ClassResetter - __STATIC_RESET() method does not exists in class com.browsersoft.openhre.hl7.impl.parser.HL7SAXEventGeneratorImpl
09:31:09.467 [Test worker] DEBUG org.evosuite.runtime.classhandling.ClassResetter - __STATIC_RESET() method does not exists in class com.browsersoft.openhre.hl7.impl.parser.HL72XMLImpl
09:31:09.467 [Test worker] DEBUG org.evosuite.runtime.classhandling.ClassResetter - __STATIC_RESET() method does not exists in class com.browsersoft.openhre.hl7.impl.parser.XMLUtils
09:31:09.467 [Test worker] DEBUG org.evosuite.runtime.classhandling.ClassResetter - __STATIC_RESET() method does not exists in class com.browsersoft.openhre.hl7.impl.config.HL7SegmentMapImpl
09:31:09.467 [Test worker] DEBUG org.evosuite.runtime.classhandling.ClassResetter - __STATIC_RESET() method does not exists in class com.browsersoft.openhre.hl7.impl.regular.ExpressionMatrixBuilderImpl
09:31:09.467 [Test worker] DEBUG org.evosuite.runtime.classhandling.ClassResetter - __STATIC_RESET() method does not exists in class com.browsersoft.openhre.hl7.impl.regular.NodeStack
09:31:09.467 [Test worker] DEBUG org.evosuite.runtime.classhandling.ClassResetter - __STATIC_RESET() method does not exists in class com.browsersoft.openhre.hl7.impl.regular.ExpressionNodeList
09:31:09.467 [Test worker] DEBUG org.evosuite.runtime.classhandling.ClassResetter - __STATIC_RESET() method does not exists in class com.browsersoft.openhre.hl7.api.regular.InvalidExpressionException
09:31:09.467 [Test worker] DEBUG org.evosuite.runtime.classhandling.ClassResetter - __STATIC_RESET() method does not exists in class com.browsersoft.openhre.hl7.impl.config.HL7FieldImpl
09:31:09.467 [Test worker] DEBUG org.evosuite.runtime.classhandling.ClassResetter - __STATIC_RESET() method does not exists in class com.browsersoft.openhre.hl7.impl.config.HL7VersionConfigurationMapImpl
09:31:09.467 [Test worker] DEBUG org.evosuite.runtime.classhandling.ClassResetter - __STATIC_RESET() method does not exists in class com.browsersoft.openhre.hl7.impl.regular.ConnectionList
09:31:09.467 [Test worker] DEBUG org.evosuite.runtime.classhandling.ClassResetter - __STATIC_RESET() method does not exists in class com.browsersoft.openhre.hl7.impl.regular.Connection
09:31:09.468 [Test worker] DEBUG org.evosuite.runtime.classhandling.ClassResetter - __STATIC_RESET() method does not exists in class org.apache.axis.components.logger.LogFactory$1
09:31:09.468 [Test worker] DEBUG org.evosuite.runtime.classhandling.ClassResetter - __STATIC_RESET() method does not exists in class org.apache.axis.components.logger.LogFactory
09:31:09.468 [Test worker] DEBUG org.evosuite.runtime.classhandling.ClassResetter - __STATIC_RESET() method does not exists in class org.apache.log4j.Level
09:31:09.468 [Test worker] DEBUG org.evosuite.runtime.classhandling.ClassResetter - __STATIC_RESET() method does not exists in class org.apache.log4j.Priority
09:31:09.468 [Test worker] DEBUG org.evosuite.runtime.classhandling.ClassResetter - __STATIC_RESET() method does not exists in class org.apache.commons.logging.impl.Log4JLogger
09:31:09.468 [Test worker] DEBUG org.evosuite.runtime.classhandling.ClassResetter - __STATIC_RESET() method does not exists in class org.apache.log4j.Category
09:31:09.468 [Test worker] DEBUG org.evosuite.runtime.classhandling.ClassResetter - __STATIC_RESET() method does not exists in class org.apache.log4j.Logger
09:31:09.468 [Test worker] DEBUG org.evosuite.runtime.classhandling.ClassResetter - __STATIC_RESET() method does not exists in class org.apache.log4j.Hierarchy
09:31:09.468 [Test worker] DEBUG org.evosuite.runtime.classhandling.ClassResetter - __STATIC_RESET() method does not exists in class org.apache.log4j.spi.RootCategory
09:31:09.468 [Test worker] DEBUG org.evosuite.runtime.classhandling.ClassResetter - __STATIC_RESET() method does not exists in class org.apache.log4j.or.DefaultRenderer
09:31:09.468 [Test worker] DEBUG org.evosuite.runtime.classhandling.ClassResetter - __STATIC_RESET() method does not exists in class org.apache.log4j.or.RendererMap
09:31:09.468 [Test worker] DEBUG org.evosuite.runtime.classhandling.ClassResetter - __STATIC_RESET() method does not exists in class org.apache.log4j.DefaultCategoryFactory
09:31:09.468 [Test worker] DEBUG org.evosuite.runtime.classhandling.ClassResetter - __STATIC_RESET() method does not exists in class org.apache.log4j.spi.DefaultRepositorySelector
09:31:09.468 [Test worker] DEBUG org.evosuite.runtime.classhandling.ClassResetter - __STATIC_RESET() method does not exists in class org.apache.log4j.helpers.OptionConverter
09:31:09.468 [Test worker] DEBUG org.evosuite.runtime.classhandling.ClassResetter - __STATIC_RESET() method does not exists in class org.apache.log4j.helpers.Loader
09:31:09.468 [Test worker] DEBUG org.evosuite.runtime.classhandling.ClassResetter - __STATIC_RESET() method does not exists in class org.apache.log4j.helpers.LogLog
09:31:09.468 [Test worker] DEBUG org.evosuite.runtime.classhandling.ClassResetter - __STATIC_RESET() method does not exists in class org.apache.log4j.PropertyConfigurator
09:31:09.468 [Test worker] DEBUG org.evosuite.runtime.classhandling.ClassResetter - __STATIC_RESET() method does not exists in class org.apache.log4j.LogManager
09:31:09.468 [Test worker] DEBUG org.evosuite.runtime.classhandling.ClassResetter - __STATIC_RESET() method does not exists in class org.apache.log4j.CategoryKey
09:31:09.468 [Test worker] DEBUG org.evosuite.runtime.classhandling.ClassResetter - __STATIC_RESET() method does not exists in class org.apache.log4j.ProvisionNode
09:31:09.468 [Test worker] DEBUG org.evosuite.runtime.classhandling.ClassResetter - __STATIC_RESET() method does not exists in class org.apache.axis.handlers.BasicHandler
09:31:09.468 [Test worker] DEBUG org.evosuite.runtime.classhandling.ClassResetter - __STATIC_RESET() method does not exists in class org.apache.axis.AxisEngine
09:31:09.468 [Test worker] DEBUG org.evosuite.runtime.classhandling.ClassResetter - __STATIC_RESET() method does not exists in class org.apache.axis.server.AxisServer
09:31:09.468 [Test worker] DEBUG org.evosuite.runtime.classhandling.ClassResetter - __STATIC_RESET() method does not exists in class org.apache.axis.AxisProperties
09:31:09.468 [Test worker] DEBUG org.evosuite.runtime.classhandling.ClassResetter - __STATIC_RESET() method does not exists in class org.apache.commons.discovery.resource.names.ResourceNameDiscoverImpl
09:31:09.468 [Test worker] DEBUG org.evosuite.runtime.classhandling.ClassResetter - __STATIC_RESET() method does not exists in class org.apache.commons.discovery.log.SimpleLog
09:31:09.468 [Test worker] DEBUG org.evosuite.runtime.classhandling.ClassResetter - __STATIC_RESET() method does not exists in class org.apache.commons.discovery.log.DiscoveryLogFactory
09:31:09.468 [Test worker] DEBUG org.evosuite.runtime.classhandling.ClassResetter - __STATIC_RESET() method does not exists in class org.apache.commons.discovery.tools.ClassUtils
09:31:09.468 [Test worker] DEBUG org.evosuite.runtime.classhandling.ClassResetter - __STATIC_RESET() method does not exists in class org.apache.commons.discovery.resource.names.DiscoverNamesInAlternateManagedProperties
09:31:09.468 [Test worker] DEBUG org.evosuite.runtime.classhandling.ClassResetter - __STATIC_RESET() method does not exists in class org.apache.commons.discovery.resource.names.DiscoverMappedNames
09:31:09.469 [Test worker] DEBUG org.evosuite.runtime.classhandling.ClassResetter - __STATIC_RESET() method does not exists in class org.apache.axis.configuration.EngineConfigurationFactoryFinder
09:31:09.469 [Test worker] DEBUG org.evosuite.runtime.classhandling.ClassResetter - __STATIC_RESET() method does not exists in class org.apache.axis.configuration.EngineConfigurationFactoryFinder$1
09:31:09.469 [Test worker] DEBUG org.evosuite.runtime.classhandling.ClassResetter - __STATIC_RESET() method does not exists in class org.apache.commons.discovery.resource.names.NameDiscoverers
09:31:09.469 [Test worker] DEBUG org.evosuite.runtime.classhandling.ClassResetter - __STATIC_RESET() method does not exists in class org.apache.commons.discovery.resource.names.DiscoverNamesInManagedProperties
09:31:09.469 [Test worker] DEBUG org.evosuite.runtime.classhandling.ClassResetter - __STATIC_RESET() method does not exists in class org.apache.commons.discovery.resource.names.DiscoverNamesInFile
09:31:09.469 [Test worker] DEBUG org.evosuite.runtime.classhandling.ClassResetter - __STATIC_RESET() method does not exists in class org.apache.commons.discovery.resource.names.DiscoverServiceNames
09:31:09.469 [Test worker] DEBUG org.evosuite.runtime.classhandling.ClassResetter - __STATIC_RESET() method does not exists in class org.apache.commons.discovery.resource.ResourceDiscoverImpl
09:31:09.469 [Test worker] DEBUG org.evosuite.runtime.classhandling.ClassResetter - __STATIC_RESET() method does not exists in class org.apache.commons.discovery.resource.DiscoverResources
09:31:09.469 [Test worker] DEBUG org.evosuite.runtime.classhandling.ClassResetter - __STATIC_RESET() method does not exists in class org.apache.commons.discovery.resource.names.NameDiscoverers$1
09:31:09.469 [Test worker] DEBUG org.evosuite.runtime.classhandling.ClassResetter - __STATIC_RESET() method does not exists in class org.apache.xalan.processor.XSLTElementDef
09:31:09.469 [Test worker] DEBUG org.evosuite.runtime.classhandling.ClassResetter - __STATIC_RESET() method does not exists in class org.apache.xalan.processor.XSLTSchema
09:31:09.473 [Test worker] DEBUG org.evosuite.runtime.classhandling.ClassResetter - __STATIC_RESET() method does not exists in class com.browsersoft.openhre.hl7.impl.regular.ExpressionImpl
09:31:09.473 [Test worker] DEBUG org.evosuite.runtime.classhandling.ClassResetter - __STATIC_RESET() method does not exists in class com.browsersoft.openhre.hl7.impl.regular.ExpressionPartImpl
09:31:09.473 [Test worker] DEBUG org.evosuite.runtime.classhandling.ClassResetter - __STATIC_RESET() method does not exists in class com.browsersoft.openhre.hl7.impl.regular.MessageTracerImpl
09:31:09.473 [Test worker] DEBUG org.evosuite.runtime.classhandling.ClassResetter - __STATIC_RESET() method does not exists in class com.browsersoft.openhre.hl7.impl.config.HL7MessageImpl
09:31:09.473 [Test worker] DEBUG org.evosuite.runtime.classhandling.ClassResetter - __STATIC_RESET() method does not exists in class com.browsersoft.openhre.hl7.impl.regular.ExpressionElementMapperImpl
09:31:09.473 [Test worker] DEBUG org.evosuite.runtime.classhandling.ClassResetter - __STATIC_RESET() method does not exists in class com.browsersoft.openhre.hl7.impl.regular.ExpressionElementMapperItemImpl
09:31:09.473 [Test worker] DEBUG org.evosuite.runtime.classhandling.ClassResetter - __STATIC_RESET() method does not exists in class com.browsersoft.openhre.hl7.impl.config.HL7MessageGroupItemImpl
09:31:09.473 [Test worker] DEBUG org.evosuite.runtime.classhandling.ClassResetter - __STATIC_RESET() method does not exists in class com.browsersoft.openhre.hl7.impl.config.HL7MessageGroupImpl
09:31:09.473 [Test worker] DEBUG org.evosuite.runtime.classhandling.ClassResetter - __STATIC_RESET() method does not exists in class com.browsersoft.openhre.hl7.impl.config.HL7MessageSegmentImpl
09:31:09.473 [Test worker] DEBUG org.evosuite.runtime.classhandling.ClassResetter - __STATIC_RESET() method does not exists in class com.browsersoft.openhre.hl7.impl.config.HL7MessageMapImpl
09:31:09.473 [Test worker] DEBUG org.evosuite.runtime.classhandling.ClassResetter - __STATIC_RESET() method does not exists in class com.browsersoft.openhre.hl7.impl.regular.ExpressionMatrixImpl
09:31:09.473 [Test worker] DEBUG org.evosuite.runtime.classhandling.ClassResetter - __STATIC_RESET() method does not exists in class com.browsersoft.openhre.hl7.impl.config.HL7SegmentImpl
09:31:09.473 [Test worker] DEBUG org.evosuite.runtime.classhandling.ClassResetter - __STATIC_RESET() method does not exists in class com.browsersoft.openhre.hl7.impl.config.HL7FieldListImpl
09:31:09.473 [Test worker] DEBUG org.evosuite.runtime.classhandling.ClassResetter - __STATIC_RESET() method does not exists in class com.browsersoft.openhre.hl7.impl.parser.HL7CheckerImpl
09:31:09.473 [Test worker] DEBUG org.evosuite.runtime.classhandling.ClassResetter - __STATIC_RESET() method does not exists in class com.browsersoft.openhre.hl7.impl.parser.HL7ParserImpl
09:31:09.474 [Test worker] DEBUG org.evosuite.runtime.classhandling.ClassResetter - __STATIC_RESET() method does not exists in class com.browsersoft.openhre.hl7.impl.parser.HL7CheckerStateImpl
09:31:09.474 [Test worker] DEBUG org.evosuite.runtime.classhandling.ClassResetter - __STATIC_RESET() method does not exists in class com.browsersoft.openhre.hl7.impl.parser.HL7SAXEventGeneratorImpl
09:31:09.474 [Test worker] DEBUG org.evosuite.runtime.classhandling.ClassResetter - __STATIC_RESET() method does not exists in class com.browsersoft.openhre.hl7.impl.parser.HL72XMLImpl
09:31:09.474 [Test worker] DEBUG org.evosuite.runtime.classhandling.ClassResetter - __STATIC_RESET() method does not exists in class com.browsersoft.openhre.hl7.impl.parser.XMLUtils
09:31:09.474 [Test worker] DEBUG org.evosuite.runtime.classhandling.ClassResetter - __STATIC_RESET() method does not exists in class com.browsersoft.openhre.hl7.impl.config.HL7SegmentMapImpl
09:31:09.474 [Test worker] DEBUG org.evosuite.runtime.classhandling.ClassResetter - __STATIC_RESET() method does not exists in class com.browsersoft.openhre.hl7.impl.regular.ExpressionMatrixBuilderImpl
09:31:09.474 [Test worker] DEBUG org.evosuite.runtime.classhandling.ClassResetter - __STATIC_RESET() method does not exists in class com.browsersoft.openhre.hl7.impl.regular.NodeStack
09:31:09.474 [Test worker] DEBUG org.evosuite.runtime.classhandling.ClassResetter - __STATIC_RESET() method does not exists in class com.browsersoft.openhre.hl7.impl.regular.ExpressionNodeList
09:31:09.474 [Test worker] DEBUG org.evosuite.runtime.classhandling.ClassResetter - __STATIC_RESET() method does not exists in class com.browsersoft.openhre.hl7.api.regular.InvalidExpressionException
09:31:09.474 [Test worker] DEBUG org.evosuite.runtime.classhandling.ClassResetter - __STATIC_RESET() method does not exists in class com.browsersoft.openhre.hl7.impl.config.HL7FieldImpl
09:31:09.474 [Test worker] DEBUG org.evosuite.runtime.classhandling.ClassResetter - __STATIC_RESET() method does not exists in class com.browsersoft.openhre.hl7.impl.config.HL7VersionConfigurationMapImpl
09:31:09.474 [Test worker] DEBUG org.evosuite.runtime.classhandling.ClassResetter - __STATIC_RESET() method does not exists in class com.browsersoft.openhre.hl7.impl.regular.ConnectionList
09:31:09.474 [Test worker] DEBUG org.evosuite.runtime.classhandling.ClassResetter - __STATIC_RESET() method does not exists in class com.browsersoft.openhre.hl7.impl.regular.Connection
09:31:09.474 [Test worker] DEBUG org.evosuite.runtime.classhandling.ClassResetter - __STATIC_RESET() method does not exists in class org.apache.axis.components.logger.LogFactory$1
09:31:09.474 [Test worker] DEBUG org.evosuite.runtime.classhandling.ClassResetter - __STATIC_RESET() method does not exists in class org.apache.axis.components.logger.LogFactory
09:31:09.474 [Test worker] DEBUG org.evosuite.runtime.classhandling.ClassResetter - __STATIC_RESET() method does not exists in class org.apache.log4j.Level
09:31:09.474 [Test worker] DEBUG org.evosuite.runtime.classhandling.ClassResetter - __STATIC_RESET() method does not exists in class org.apache.log4j.Priority
09:31:09.474 [Test worker] DEBUG org.evosuite.runtime.classhandling.ClassResetter - __STATIC_RESET() method does not exists in class org.apache.commons.logging.impl.Log4JLogger
09:31:09.474 [Test worker] DEBUG org.evosuite.runtime.classhandling.ClassResetter - __STATIC_RESET() method does not exists in class org.apache.log4j.Category
09:31:09.474 [Test worker] DEBUG org.evosuite.runtime.classhandling.ClassResetter - __STATIC_RESET() method does not exists in class org.apache.log4j.Logger
09:31:09.474 [Test worker] DEBUG org.evosuite.runtime.classhandling.ClassResetter - __STATIC_RESET() method does not exists in class org.apache.log4j.Hierarchy
09:31:09.474 [Test worker] DEBUG org.evosuite.runtime.classhandling.ClassResetter - __STATIC_RESET() method does not exists in class org.apache.log4j.spi.RootCategory
09:31:09.474 [Test worker] DEBUG org.evosuite.runtime.classhandling.ClassResetter - __STATIC_RESET() method does not exists in class org.apache.log4j.or.DefaultRenderer
09:31:09.474 [Test worker] DEBUG org.evosuite.runtime.classhandling.ClassResetter - __STATIC_RESET() method does not exists in class org.apache.log4j.or.RendererMap
09:31:09.474 [Test worker] DEBUG org.evosuite.runtime.classhandling.ClassResetter - __STATIC_RESET() method does not exists in class org.apache.log4j.DefaultCategoryFactory
09:31:09.474 [Test worker] DEBUG org.evosuite.runtime.classhandling.ClassResetter - __STATIC_RESET() method does not exists in class org.apache.log4j.spi.DefaultRepositorySelector
09:31:09.474 [Test worker] DEBUG org.evosuite.runtime.classhandling.ClassResetter - __STATIC_RESET() method does not exists in class org.apache.log4j.helpers.OptionConverter
09:31:09.474 [Test worker] DEBUG org.evosuite.runtime.classhandling.ClassResetter - __STATIC_RESET() method does not exists in class org.apache.log4j.helpers.Loader
09:31:09.475 [Test worker] DEBUG org.evosuite.runtime.classhandling.ClassResetter - __STATIC_RESET() method does not exists in class org.apache.log4j.helpers.LogLog
09:31:09.475 [Test worker] DEBUG org.evosuite.runtime.classhandling.ClassResetter - __STATIC_RESET() method does not exists in class org.apache.log4j.PropertyConfigurator
09:31:09.475 [Test worker] DEBUG org.evosuite.runtime.classhandling.ClassResetter - __STATIC_RESET() method does not exists in class org.apache.log4j.LogManager
09:31:09.475 [Test worker] DEBUG org.evosuite.runtime.classhandling.ClassResetter - __STATIC_RESET() method does not exists in class org.apache.log4j.CategoryKey
09:31:09.475 [Test worker] DEBUG org.evosuite.runtime.classhandling.ClassResetter - __STATIC_RESET() method does not exists in class org.apache.log4j.ProvisionNode
09:31:09.475 [Test worker] DEBUG org.evosuite.runtime.classhandling.ClassResetter - __STATIC_RESET() method does not exists in class org.apache.axis.handlers.BasicHandler
09:31:09.475 [Test worker] DEBUG org.evosuite.runtime.classhandling.ClassResetter - __STATIC_RESET() method does not exists in class org.apache.axis.AxisEngine
09:31:09.475 [Test worker] DEBUG org.evosuite.runtime.classhandling.ClassResetter - __STATIC_RESET() method does not exists in class org.apache.axis.server.AxisServer
09:31:09.475 [Test worker] DEBUG org.evosuite.runtime.classhandling.ClassResetter - __STATIC_RESET() method does not exists in class org.apache.axis.AxisProperties
09:31:09.475 [Test worker] DEBUG org.evosuite.runtime.classhandling.ClassResetter - __STATIC_RESET() method does not exists in class org.apache.commons.discovery.resource.names.ResourceNameDiscoverImpl
09:31:09.475 [Test worker] DEBUG org.evosuite.runtime.classhandling.ClassResetter - __STATIC_RESET() method does not exists in class org.apache.commons.discovery.log.SimpleLog
09:31:09.475 [Test worker] DEBUG org.evosuite.runtime.classhandling.ClassResetter - __STATIC_RESET() method does not exists in class org.apache.commons.discovery.log.DiscoveryLogFactory
09:31:09.475 [Test worker] DEBUG org.evosuite.runtime.classhandling.ClassResetter - __STATIC_RESET() method does not exists in class org.apache.commons.discovery.tools.ClassUtils
09:31:09.475 [Test worker] DEBUG org.evosuite.runtime.classhandling.ClassResetter - __STATIC_RESET() method does not exists in class org.apache.commons.discovery.resource.names.DiscoverNamesInAlternateManagedProperties
09:31:09.475 [Test worker] DEBUG org.evosuite.runtime.classhandling.ClassResetter - __STATIC_RESET() method does not exists in class org.apache.commons.discovery.resource.names.DiscoverMappedNames
09:31:09.475 [Test worker] DEBUG org.evosuite.runtime.classhandling.ClassResetter - __STATIC_RESET() method does not exists in class org.apache.axis.configuration.EngineConfigurationFactoryFinder
09:31:09.475 [Test worker] DEBUG org.evosuite.runtime.classhandling.ClassResetter - __STATIC_RESET() method does not exists in class org.apache.axis.configuration.EngineConfigurationFactoryFinder$1
09:31:09.475 [Test worker] DEBUG org.evosuite.runtime.classhandling.ClassResetter - __STATIC_RESET() method does not exists in class org.apache.commons.discovery.resource.names.NameDiscoverers
09:31:09.475 [Test worker] DEBUG org.evosuite.runtime.classhandling.ClassResetter - __STATIC_RESET() method does not exists in class org.apache.commons.discovery.resource.names.DiscoverNamesInManagedProperties
09:31:09.475 [Test worker] DEBUG org.evosuite.runtime.classhandling.ClassResetter - __STATIC_RESET() method does not exists in class org.apache.commons.discovery.resource.names.DiscoverNamesInFile
09:31:09.475 [Test worker] DEBUG org.evosuite.runtime.classhandling.ClassResetter - __STATIC_RESET() method does not exists in class org.apache.commons.discovery.resource.names.DiscoverServiceNames
09:31:09.475 [Test worker] DEBUG org.evosuite.runtime.classhandling.ClassResetter - __STATIC_RESET() method does not exists in class org.apache.commons.discovery.resource.ResourceDiscoverImpl
09:31:09.475 [Test worker] DEBUG org.evosuite.runtime.classhandling.ClassResetter - __STATIC_RESET() method does not exists in class org.apache.commons.discovery.resource.DiscoverResources
09:31:09.475 [Test worker] DEBUG org.evosuite.runtime.classhandling.ClassResetter - __STATIC_RESET() method does not exists in class org.apache.commons.discovery.resource.names.NameDiscoverers$1
09:31:09.475 [Test worker] DEBUG org.evosuite.runtime.classhandling.ClassResetter - __STATIC_RESET() method does not exists in class org.apache.xalan.processor.XSLTElementDef
09:31:09.475 [Test worker] DEBUG org.evosuite.runtime.classhandling.ClassResetter - __STATIC_RESET() method does not exists in class org.apache.xalan.processor.XSLTSchema
09:31:09.484 [Test worker] DEBUG org.evosuite.runtime.classhandling.ClassResetter - __STATIC_RESET() method does not exists in class com.browsersoft.openhre.hl7.impl.regular.ExpressionImpl
09:31:09.484 [Test worker] DEBUG org.evosuite.runtime.classhandling.ClassResetter - __STATIC_RESET() method does not exists in class com.browsersoft.openhre.hl7.impl.regular.ExpressionPartImpl
09:31:09.484 [Test worker] DEBUG org.evosuite.runtime.classhandling.ClassResetter - __STATIC_RESET() method does not exists in class com.browsersoft.openhre.hl7.impl.regular.MessageTracerImpl
09:31:09.484 [Test worker] DEBUG org.evosuite.runtime.classhandling.ClassResetter - __STATIC_RESET() method does not exists in class com.browsersoft.openhre.hl7.impl.config.HL7MessageImpl
09:31:09.484 [Test worker] DEBUG org.evosuite.runtime.classhandling.ClassResetter - __STATIC_RESET() method does not exists in class com.browsersoft.openhre.hl7.impl.regular.ExpressionElementMapperImpl
09:31:09.484 [Test worker] DEBUG org.evosuite.runtime.classhandling.ClassResetter - __STATIC_RESET() method does not exists in class com.browsersoft.openhre.hl7.impl.regular.ExpressionElementMapperItemImpl
09:31:09.484 [Test worker] DEBUG org.evosuite.runtime.classhandling.ClassResetter - __STATIC_RESET() method does not exists in class com.browsersoft.openhre.hl7.impl.config.HL7MessageGroupItemImpl
09:31:09.484 [Test worker] DEBUG org.evosuite.runtime.classhandling.ClassResetter - __STATIC_RESET() method does not exists in class com.browsersoft.openhre.hl7.impl.config.HL7MessageGroupImpl
09:31:09.484 [Test worker] DEBUG org.evosuite.runtime.classhandling.ClassResetter - __STATIC_RESET() method does not exists in class com.browsersoft.openhre.hl7.impl.config.HL7MessageSegmentImpl
09:31:09.484 [Test worker] DEBUG org.evosuite.runtime.classhandling.ClassResetter - __STATIC_RESET() method does not exists in class com.browsersoft.openhre.hl7.impl.config.HL7MessageMapImpl
09:31:09.484 [Test worker] DEBUG org.evosuite.runtime.classhandling.ClassResetter - __STATIC_RESET() method does not exists in class com.browsersoft.openhre.hl7.impl.regular.ExpressionMatrixImpl
09:31:09.484 [Test worker] DEBUG org.evosuite.runtime.classhandling.ClassResetter - __STATIC_RESET() method does not exists in class com.browsersoft.openhre.hl7.impl.config.HL7SegmentImpl
09:31:09.484 [Test worker] DEBUG org.evosuite.runtime.classhandling.ClassResetter - __STATIC_RESET() method does not exists in class com.browsersoft.openhre.hl7.impl.config.HL7FieldListImpl
09:31:09.484 [Test worker] DEBUG org.evosuite.runtime.classhandling.ClassResetter - __STATIC_RESET() method does not exists in class com.browsersoft.openhre.hl7.impl.parser.HL7CheckerImpl
09:31:09.484 [Test worker] DEBUG org.evosuite.runtime.classhandling.ClassResetter - __STATIC_RESET() method does not exists in class com.browsersoft.openhre.hl7.impl.parser.HL7ParserImpl
09:31:09.484 [Test worker] DEBUG org.evosuite.runtime.classhandling.ClassResetter - __STATIC_RESET() method does not exists in class com.browsersoft.openhre.hl7.impl.parser.HL7CheckerStateImpl
09:31:09.484 [Test worker] DEBUG org.evosuite.runtime.classhandling.ClassResetter - __STATIC_RESET() method does not exists in class com.browsersoft.openhre.hl7.impl.parser.HL7SAXEventGeneratorImpl
09:31:09.484 [Test worker] DEBUG org.evosuite.runtime.classhandling.ClassResetter - __STATIC_RESET() method does not exists in class com.browsersoft.openhre.hl7.impl.parser.HL72XMLImpl
09:31:09.484 [Test worker] DEBUG org.evosuite.runtime.classhandling.ClassResetter - __STATIC_RESET() method does not exists in class com.browsersoft.openhre.hl7.impl.parser.XMLUtils
09:31:09.485 [Test worker] DEBUG org.evosuite.runtime.classhandling.ClassResetter - __STATIC_RESET() method does not exists in class com.browsersoft.openhre.hl7.impl.config.HL7SegmentMapImpl
09:31:09.485 [Test worker] DEBUG org.evosuite.runtime.classhandling.ClassResetter - __STATIC_RESET() method does not exists in class com.browsersoft.openhre.hl7.impl.regular.ExpressionMatrixBuilderImpl
09:31:09.485 [Test worker] DEBUG org.evosuite.runtime.classhandling.ClassResetter - __STATIC_RESET() method does not exists in class com.browsersoft.openhre.hl7.impl.regular.NodeStack
09:31:09.485 [Test worker] DEBUG org.evosuite.runtime.classhandling.ClassResetter - __STATIC_RESET() method does not exists in class com.browsersoft.openhre.hl7.impl.regular.ExpressionNodeList
09:31:09.485 [Test worker] DEBUG org.evosuite.runtime.classhandling.ClassResetter - __STATIC_RESET() method does not exists in class com.browsersoft.openhre.hl7.api.regular.InvalidExpressionException
09:31:09.485 [Test worker] DEBUG org.evosuite.runtime.classhandling.ClassResetter - __STATIC_RESET() method does not exists in class com.browsersoft.openhre.hl7.impl.config.HL7FieldImpl
09:31:09.485 [Test worker] DEBUG org.evosuite.runtime.classhandling.ClassResetter - __STATIC_RESET() method does not exists in class com.browsersoft.openhre.hl7.impl.config.HL7VersionConfigurationMapImpl
09:31:09.485 [Test worker] DEBUG org.evosuite.runtime.classhandling.ClassResetter - __STATIC_RESET() method does not exists in class com.browsersoft.openhre.hl7.impl.regular.ConnectionList
09:31:09.485 [Test worker] DEBUG org.evosuite.runtime.classhandling.ClassResetter - __STATIC_RESET() method does not exists in class com.browsersoft.openhre.hl7.impl.regular.Connection
09:31:09.485 [Test worker] DEBUG org.evosuite.runtime.classhandling.ClassResetter - __STATIC_RESET() method does not exists in class org.apache.axis.components.logger.LogFactory$1
09:31:09.485 [Test worker] DEBUG org.evosuite.runtime.classhandling.ClassResetter - __STATIC_RESET() method does not exists in class org.apache.axis.components.logger.LogFactory
09:31:09.485 [Test worker] DEBUG org.evosuite.runtime.classhandling.ClassResetter - __STATIC_RESET() method does not exists in class org.apache.log4j.Level
09:31:09.485 [Test worker] DEBUG org.evosuite.runtime.classhandling.ClassResetter - __STATIC_RESET() method does not exists in class org.apache.log4j.Priority
09:31:09.485 [Test worker] DEBUG org.evosuite.runtime.classhandling.ClassResetter - __STATIC_RESET() method does not exists in class org.apache.commons.logging.impl.Log4JLogger
09:31:09.485 [Test worker] DEBUG org.evosuite.runtime.classhandling.ClassResetter - __STATIC_RESET() method does not exists in class org.apache.log4j.Category
09:31:09.485 [Test worker] DEBUG org.evosuite.runtime.classhandling.ClassResetter - __STATIC_RESET() method does not exists in class org.apache.log4j.Logger
09:31:09.485 [Test worker] DEBUG org.evosuite.runtime.classhandling.ClassResetter - __STATIC_RESET() method does not exists in class org.apache.log4j.Hierarchy
09:31:09.485 [Test worker] DEBUG org.evosuite.runtime.classhandling.ClassResetter - __STATIC_RESET() method does not exists in class org.apache.log4j.spi.RootCategory
09:31:09.485 [Test worker] DEBUG org.evosuite.runtime.classhandling.ClassResetter - __STATIC_RESET() method does not exists in class org.apache.log4j.or.DefaultRenderer
09:31:09.485 [Test worker] DEBUG org.evosuite.runtime.classhandling.ClassResetter - __STATIC_RESET() method does not exists in class org.apache.log4j.or.RendererMap
09:31:09.485 [Test worker] DEBUG org.evosuite.runtime.classhandling.ClassResetter - __STATIC_RESET() method does not exists in class org.apache.log4j.DefaultCategoryFactory
09:31:09.485 [Test worker] DEBUG org.evosuite.runtime.classhandling.ClassResetter - __STATIC_RESET() method does not exists in class org.apache.log4j.spi.DefaultRepositorySelector
09:31:09.485 [Test worker] DEBUG org.evosuite.runtime.classhandling.ClassResetter - __STATIC_RESET() method does not exists in class org.apache.log4j.helpers.OptionConverter
09:31:09.485 [Test worker] DEBUG org.evosuite.runtime.classhandling.ClassResetter - __STATIC_RESET() method does not exists in class org.apache.log4j.helpers.Loader
09:31:09.485 [Test worker] DEBUG org.evosuite.runtime.classhandling.ClassResetter - __STATIC_RESET() method does not exists in class org.apache.log4j.helpers.LogLog
09:31:09.485 [Test worker] DEBUG org.evosuite.runtime.classhandling.ClassResetter - __STATIC_RESET() method does not exists in class org.apache.log4j.PropertyConfigurator
09:31:09.486 [Test worker] DEBUG org.evosuite.runtime.classhandling.ClassResetter - __STATIC_RESET() method does not exists in class org.apache.log4j.LogManager
09:31:09.486 [Test worker] DEBUG org.evosuite.runtime.classhandling.ClassResetter - __STATIC_RESET() method does not exists in class org.apache.log4j.CategoryKey
09:31:09.486 [Test worker] DEBUG org.evosuite.runtime.classhandling.ClassResetter - __STATIC_RESET() method does not exists in class org.apache.log4j.ProvisionNode
09:31:09.486 [Test worker] DEBUG org.evosuite.runtime.classhandling.ClassResetter - __STATIC_RESET() method does not exists in class org.apache.axis.handlers.BasicHandler
09:31:09.486 [Test worker] DEBUG org.evosuite.runtime.classhandling.ClassResetter - __STATIC_RESET() method does not exists in class org.apache.axis.AxisEngine
09:31:09.486 [Test worker] DEBUG org.evosuite.runtime.classhandling.ClassResetter - __STATIC_RESET() method does not exists in class org.apache.axis.server.AxisServer
09:31:09.486 [Test worker] DEBUG org.evosuite.runtime.classhandling.ClassResetter - __STATIC_RESET() method does not exists in class org.apache.axis.AxisProperties
09:31:09.486 [Test worker] DEBUG org.evosuite.runtime.classhandling.ClassResetter - __STATIC_RESET() method does not exists in class org.apache.commons.discovery.resource.names.ResourceNameDiscoverImpl
09:31:09.486 [Test worker] DEBUG org.evosuite.runtime.classhandling.ClassResetter - __STATIC_RESET() method does not exists in class org.apache.commons.discovery.log.SimpleLog
09:31:09.486 [Test worker] DEBUG org.evosuite.runtime.classhandling.ClassResetter - __STATIC_RESET() method does not exists in class org.apache.commons.discovery.log.DiscoveryLogFactory
09:31:09.486 [Test worker] DEBUG org.evosuite.runtime.classhandling.ClassResetter - __STATIC_RESET() method does not exists in class org.apache.commons.discovery.tools.ClassUtils
09:31:09.486 [Test worker] DEBUG org.evosuite.runtime.classhandling.ClassResetter - __STATIC_RESET() method does not exists in class org.apache.commons.discovery.resource.names.DiscoverNamesInAlternateManagedProperties
09:31:09.486 [Test worker] DEBUG org.evosuite.runtime.classhandling.ClassResetter - __STATIC_RESET() method does not exists in class org.apache.commons.discovery.resource.names.DiscoverMappedNames
09:31:09.486 [Test worker] DEBUG org.evosuite.runtime.classhandling.ClassResetter - __STATIC_RESET() method does not exists in class org.apache.axis.configuration.EngineConfigurationFactoryFinder
09:31:09.486 [Test worker] DEBUG org.evosuite.runtime.classhandling.ClassResetter - __STATIC_RESET() method does not exists in class org.apache.axis.configuration.EngineConfigurationFactoryFinder$1
09:31:09.486 [Test worker] DEBUG org.evosuite.runtime.classhandling.ClassResetter - __STATIC_RESET() method does not exists in class org.apache.commons.discovery.resource.names.NameDiscoverers
09:31:09.486 [Test worker] DEBUG org.evosuite.runtime.classhandling.ClassResetter - __STATIC_RESET() method does not exists in class org.apache.commons.discovery.resource.names.DiscoverNamesInManagedProperties
09:31:09.486 [Test worker] DEBUG org.evosuite.runtime.classhandling.ClassResetter - __STATIC_RESET() method does not exists in class org.apache.commons.discovery.resource.names.DiscoverNamesInFile
09:31:09.486 [Test worker] DEBUG org.evosuite.runtime.classhandling.ClassResetter - __STATIC_RESET() method does not exists in class org.apache.commons.discovery.resource.names.DiscoverServiceNames
09:31:09.486 [Test worker] DEBUG org.evosuite.runtime.classhandling.ClassResetter - __STATIC_RESET() method does not exists in class org.apache.commons.discovery.resource.ResourceDiscoverImpl
09:31:09.486 [Test worker] DEBUG org.evosuite.runtime.classhandling.ClassResetter - __STATIC_RESET() method does not exists in class org.apache.commons.discovery.resource.DiscoverResources
09:31:09.486 [Test worker] DEBUG org.evosuite.runtime.classhandling.ClassResetter - __STATIC_RESET() method does not exists in class org.apache.commons.discovery.resource.names.NameDiscoverers$1
09:31:09.486 [Test worker] DEBUG org.evosuite.runtime.classhandling.ClassResetter - __STATIC_RESET() method does not exists in class org.apache.xalan.processor.XSLTElementDef
09:31:09.486 [Test worker] DEBUG org.evosuite.runtime.classhandling.ClassResetter - __STATIC_RESET() method does not exists in class org.apache.xalan.processor.XSLTSchema
09:31:09.490 [Test worker] DEBUG org.evosuite.runtime.classhandling.ClassResetter - __STATIC_RESET() method does not exists in class com.browsersoft.openhre.hl7.impl.regular.ExpressionImpl
09:31:09.490 [Test worker] DEBUG org.evosuite.runtime.classhandling.ClassResetter - __STATIC_RESET() method does not exists in class com.browsersoft.openhre.hl7.impl.regular.ExpressionPartImpl
09:31:09.490 [Test worker] DEBUG org.evosuite.runtime.classhandling.ClassResetter - __STATIC_RESET() method does not exists in class com.browsersoft.openhre.hl7.impl.regular.MessageTracerImpl
09:31:09.490 [Test worker] DEBUG org.evosuite.runtime.classhandling.ClassResetter - __STATIC_RESET() method does not exists in class com.browsersoft.openhre.hl7.impl.config.HL7MessageImpl
09:31:09.490 [Test worker] DEBUG org.evosuite.runtime.classhandling.ClassResetter - __STATIC_RESET() method does not exists in class com.browsersoft.openhre.hl7.impl.regular.ExpressionElementMapperImpl
09:31:09.490 [Test worker] DEBUG org.evosuite.runtime.classhandling.ClassResetter - __STATIC_RESET() method does not exists in class com.browsersoft.openhre.hl7.impl.regular.ExpressionElementMapperItemImpl
09:31:09.490 [Test worker] DEBUG org.evosuite.runtime.classhandling.ClassResetter - __STATIC_RESET() method does not exists in class com.browsersoft.openhre.hl7.impl.config.HL7MessageGroupItemImpl
09:31:09.490 [Test worker] DEBUG org.evosuite.runtime.classhandling.ClassResetter - __STATIC_RESET() method does not exists in class com.browsersoft.openhre.hl7.impl.config.HL7MessageGroupImpl
09:31:09.490 [Test worker] DEBUG org.evosuite.runtime.classhandling.ClassResetter - __STATIC_RESET() method does not exists in class com.browsersoft.openhre.hl7.impl.config.HL7MessageSegmentImpl
09:31:09.490 [Test worker] DEBUG org.evosuite.runtime.classhandling.ClassResetter - __STATIC_RESET() method does not exists in class com.browsersoft.openhre.hl7.impl.config.HL7MessageMapImpl
09:31:09.490 [Test worker] DEBUG org.evosuite.runtime.classhandling.ClassResetter - __STATIC_RESET() method does not exists in class com.browsersoft.openhre.hl7.impl.regular.ExpressionMatrixImpl
09:31:09.491 [Test worker] DEBUG org.evosuite.runtime.classhandling.ClassResetter - __STATIC_RESET() method does not exists in class com.browsersoft.openhre.hl7.impl.config.HL7SegmentImpl
09:31:09.491 [Test worker] DEBUG org.evosuite.runtime.classhandling.ClassResetter - __STATIC_RESET() method does not exists in class com.browsersoft.openhre.hl7.impl.config.HL7FieldListImpl
09:31:09.491 [Test worker] DEBUG org.evosuite.runtime.classhandling.ClassResetter - __STATIC_RESET() method does not exists in class com.browsersoft.openhre.hl7.impl.parser.HL7CheckerImpl
09:31:09.491 [Test worker] DEBUG org.evosuite.runtime.classhandling.ClassResetter - __STATIC_RESET() method does not exists in class com.browsersoft.openhre.hl7.impl.parser.HL7ParserImpl
09:31:09.491 [Test worker] DEBUG org.evosuite.runtime.classhandling.ClassResetter - __STATIC_RESET() method does not exists in class com.browsersoft.openhre.hl7.impl.parser.HL7CheckerStateImpl
09:31:09.491 [Test worker] DEBUG org.evosuite.runtime.classhandling.ClassResetter - __STATIC_RESET() method does not exists in class com.browsersoft.openhre.hl7.impl.parser.HL7SAXEventGeneratorImpl
09:31:09.491 [Test worker] DEBUG org.evosuite.runtime.classhandling.ClassResetter - __STATIC_RESET() method does not exists in class com.browsersoft.openhre.hl7.impl.parser.HL72XMLImpl
09:31:09.491 [Test worker] DEBUG org.evosuite.runtime.classhandling.ClassResetter - __STATIC_RESET() method does not exists in class com.browsersoft.openhre.hl7.impl.parser.XMLUtils
09:31:09.491 [Test worker] DEBUG org.evosuite.runtime.classhandling.ClassResetter - __STATIC_RESET() method does not exists in class com.browsersoft.openhre.hl7.impl.config.HL7SegmentMapImpl
09:31:09.491 [Test worker] DEBUG org.evosuite.runtime.classhandling.ClassResetter - __STATIC_RESET() method does not exists in class com.browsersoft.openhre.hl7.impl.regular.ExpressionMatrixBuilderImpl
09:31:09.491 [Test worker] DEBUG org.evosuite.runtime.classhandling.ClassResetter - __STATIC_RESET() method does not exists in class com.browsersoft.openhre.hl7.impl.regular.NodeStack
09:31:09.491 [Test worker] DEBUG org.evosuite.runtime.classhandling.ClassResetter - __STATIC_RESET() method does not exists in class com.browsersoft.openhre.hl7.impl.regular.ExpressionNodeList
09:31:09.491 [Test worker] DEBUG org.evosuite.runtime.classhandling.ClassResetter - __STATIC_RESET() method does not exists in class com.browsersoft.openhre.hl7.api.regular.InvalidExpressionException
09:31:09.491 [Test worker] DEBUG org.evosuite.runtime.classhandling.ClassResetter - __STATIC_RESET() method does not exists in class com.browsersoft.openhre.hl7.impl.config.HL7FieldImpl
09:31:09.491 [Test worker] DEBUG org.evosuite.runtime.classhandling.ClassResetter - __STATIC_RESET() method does not exists in class com.browsersoft.openhre.hl7.impl.config.HL7VersionConfigurationMapImpl
09:31:09.491 [Test worker] DEBUG org.evosuite.runtime.classhandling.ClassResetter - __STATIC_RESET() method does not exists in class com.browsersoft.openhre.hl7.impl.regular.ConnectionList
09:31:09.491 [Test worker] DEBUG org.evosuite.runtime.classhandling.ClassResetter - __STATIC_RESET() method does not exists in class com.browsersoft.openhre.hl7.impl.regular.Connection
09:31:09.491 [Test worker] DEBUG org.evosuite.runtime.classhandling.ClassResetter - __STATIC_RESET() method does not exists in class org.apache.axis.components.logger.LogFactory$1
09:31:09.491 [Test worker] DEBUG org.evosuite.runtime.classhandling.ClassResetter - __STATIC_RESET() method does not exists in class org.apache.axis.components.logger.LogFactory
09:31:09.491 [Test worker] DEBUG org.evosuite.runtime.classhandling.ClassResetter - __STATIC_RESET() method does not exists in class org.apache.log4j.Level
09:31:09.491 [Test worker] DEBUG org.evosuite.runtime.classhandling.ClassResetter - __STATIC_RESET() method does not exists in class org.apache.log4j.Priority
09:31:09.491 [Test worker] DEBUG org.evosuite.runtime.classhandling.ClassResetter - __STATIC_RESET() method does not exists in class org.apache.commons.logging.impl.Log4JLogger
09:31:09.491 [Test worker] DEBUG org.evosuite.runtime.classhandling.ClassResetter - __STATIC_RESET() method does not exists in class org.apache.log4j.Category
09:31:09.491 [Test worker] DEBUG org.evosuite.runtime.classhandling.ClassResetter - __STATIC_RESET() method does not exists in class org.apache.log4j.Logger
09:31:09.492 [Test worker] DEBUG org.evosuite.runtime.classhandling.ClassResetter - __STATIC_RESET() method does not exists in class org.apache.log4j.Hierarchy
09:31:09.492 [Test worker] DEBUG org.evosuite.runtime.classhandling.ClassResetter - __STATIC_RESET() method does not exists in class org.apache.log4j.spi.RootCategory
09:31:09.492 [Test worker] DEBUG org.evosuite.runtime.classhandling.ClassResetter - __STATIC_RESET() method does not exists in class org.apache.log4j.or.DefaultRenderer
09:31:09.492 [Test worker] DEBUG org.evosuite.runtime.classhandling.ClassResetter - __STATIC_RESET() method does not exists in class org.apache.log4j.or.RendererMap
09:31:09.492 [Test worker] DEBUG org.evosuite.runtime.classhandling.ClassResetter - __STATIC_RESET() method does not exists in class org.apache.log4j.DefaultCategoryFactory
09:31:09.492 [Test worker] DEBUG org.evosuite.runtime.classhandling.ClassResetter - __STATIC_RESET() method does not exists in class org.apache.log4j.spi.DefaultRepositorySelector
09:31:09.492 [Test worker] DEBUG org.evosuite.runtime.classhandling.ClassResetter - __STATIC_RESET() method does not exists in class org.apache.log4j.helpers.OptionConverter
09:31:09.492 [Test worker] DEBUG org.evosuite.runtime.classhandling.ClassResetter - __STATIC_RESET() method does not exists in class org.apache.log4j.helpers.Loader
09:31:09.492 [Test worker] DEBUG org.evosuite.runtime.classhandling.ClassResetter - __STATIC_RESET() method does not exists in class org.apache.log4j.helpers.LogLog
09:31:09.492 [Test worker] DEBUG org.evosuite.runtime.classhandling.ClassResetter - __STATIC_RESET() method does not exists in class org.apache.log4j.PropertyConfigurator
09:31:09.492 [Test worker] DEBUG org.evosuite.runtime.classhandling.ClassResetter - __STATIC_RESET() method does not exists in class org.apache.log4j.LogManager
09:31:09.492 [Test worker] DEBUG org.evosuite.runtime.classhandling.ClassResetter - __STATIC_RESET() method does not exists in class org.apache.log4j.CategoryKey
09:31:09.497 [Test worker] DEBUG org.evosuite.runtime.classhandling.ClassResetter - __STATIC_RESET() method does not exists in class org.apache.log4j.ProvisionNode
09:31:09.497 [Test worker] DEBUG org.evosuite.runtime.classhandling.ClassResetter - __STATIC_RESET() method does not exists in class org.apache.axis.handlers.BasicHandler
09:31:09.497 [Test worker] DEBUG org.evosuite.runtime.classhandling.ClassResetter - __STATIC_RESET() method does not exists in class org.apache.axis.AxisEngine
09:31:09.497 [Test worker] DEBUG org.evosuite.runtime.classhandling.ClassResetter - __STATIC_RESET() method does not exists in class org.apache.axis.server.AxisServer
09:31:09.497 [Test worker] DEBUG org.evosuite.runtime.classhandling.ClassResetter - __STATIC_RESET() method does not exists in class org.apache.axis.AxisProperties
09:31:09.497 [Test worker] DEBUG org.evosuite.runtime.classhandling.ClassResetter - __STATIC_RESET() method does not exists in class org.apache.commons.discovery.resource.names.ResourceNameDiscoverImpl
09:31:09.497 [Test worker] DEBUG org.evosuite.runtime.classhandling.ClassResetter - __STATIC_RESET() method does not exists in class org.apache.commons.discovery.log.SimpleLog
09:31:09.497 [Test worker] DEBUG org.evosuite.runtime.classhandling.ClassResetter - __STATIC_RESET() method does not exists in class org.apache.commons.discovery.log.DiscoveryLogFactory
09:31:09.497 [Test worker] DEBUG org.evosuite.runtime.classhandling.ClassResetter - __STATIC_RESET() method does not exists in class org.apache.commons.discovery.tools.ClassUtils
09:31:09.497 [Test worker] DEBUG org.evosuite.runtime.classhandling.ClassResetter - __STATIC_RESET() method does not exists in class org.apache.commons.discovery.resource.names.DiscoverNamesInAlternateManagedProperties
09:31:09.497 [Test worker] DEBUG org.evosuite.runtime.classhandling.ClassResetter - __STATIC_RESET() method does not exists in class org.apache.commons.discovery.resource.names.DiscoverMappedNames
09:31:09.497 [Test worker] DEBUG org.evosuite.runtime.classhandling.ClassResetter - __STATIC_RESET() method does not exists in class org.apache.axis.configuration.EngineConfigurationFactoryFinder
09:31:09.498 [Test worker] DEBUG org.evosuite.runtime.classhandling.ClassResetter - __STATIC_RESET() method does not exists in class org.apache.axis.configuration.EngineConfigurationFactoryFinder$1
09:31:09.498 [Test worker] DEBUG org.evosuite.runtime.classhandling.ClassResetter - __STATIC_RESET() method does not exists in class org.apache.commons.discovery.resource.names.NameDiscoverers
09:31:09.498 [Test worker] DEBUG org.evosuite.runtime.classhandling.ClassResetter - __STATIC_RESET() method does not exists in class org.apache.commons.discovery.resource.names.DiscoverNamesInManagedProperties
09:31:09.498 [Test worker] DEBUG org.evosuite.runtime.classhandling.ClassResetter - __STATIC_RESET() method does not exists in class org.apache.commons.discovery.resource.names.DiscoverNamesInFile
09:31:09.498 [Test worker] DEBUG org.evosuite.runtime.classhandling.ClassResetter - __STATIC_RESET() method does not exists in class org.apache.commons.discovery.resource.names.DiscoverServiceNames
09:31:09.498 [Test worker] DEBUG org.evosuite.runtime.classhandling.ClassResetter - __STATIC_RESET() method does not exists in class org.apache.commons.discovery.resource.ResourceDiscoverImpl
09:31:09.498 [Test worker] DEBUG org.evosuite.runtime.classhandling.ClassResetter - __STATIC_RESET() method does not exists in class org.apache.commons.discovery.resource.DiscoverResources
09:31:09.498 [Test worker] DEBUG org.evosuite.runtime.classhandling.ClassResetter - __STATIC_RESET() method does not exists in class org.apache.commons.discovery.resource.names.NameDiscoverers$1
09:31:09.498 [Test worker] DEBUG org.evosuite.runtime.classhandling.ClassResetter - __STATIC_RESET() method does not exists in class org.apache.xalan.processor.XSLTElementDef
09:31:09.498 [Test worker] DEBUG org.evosuite.runtime.classhandling.ClassResetter - __STATIC_RESET() method does not exists in class org.apache.xalan.processor.XSLTSchema
09:31:09.502 [Test worker] DEBUG org.evosuite.runtime.classhandling.ClassResetter - __STATIC_RESET() method does not exists in class com.browsersoft.openhre.hl7.impl.regular.ExpressionImpl
09:31:09.502 [Test worker] DEBUG org.evosuite.runtime.classhandling.ClassResetter - __STATIC_RESET() method does not exists in class com.browsersoft.openhre.hl7.impl.regular.ExpressionPartImpl
09:31:09.502 [Test worker] DEBUG org.evosuite.runtime.classhandling.ClassResetter - __STATIC_RESET() method does not exists in class com.browsersoft.openhre.hl7.impl.regular.MessageTracerImpl
09:31:09.502 [Test worker] DEBUG org.evosuite.runtime.classhandling.ClassResetter - __STATIC_RESET() method does not exists in class com.browsersoft.openhre.hl7.impl.config.HL7MessageImpl
09:31:09.502 [Test worker] DEBUG org.evosuite.runtime.classhandling.ClassResetter - __STATIC_RESET() method does not exists in class com.browsersoft.openhre.hl7.impl.regular.ExpressionElementMapperImpl
09:31:09.502 [Test worker] DEBUG org.evosuite.runtime.classhandling.ClassResetter - __STATIC_RESET() method does not exists in class com.browsersoft.openhre.hl7.impl.regular.ExpressionElementMapperItemImpl
09:31:09.502 [Test worker] DEBUG org.evosuite.runtime.classhandling.ClassResetter - __STATIC_RESET() method does not exists in class com.browsersoft.openhre.hl7.impl.config.HL7MessageGroupItemImpl
09:31:09.502 [Test worker] DEBUG org.evosuite.runtime.classhandling.ClassResetter - __STATIC_RESET() method does not exists in class com.browsersoft.openhre.hl7.impl.config.HL7MessageGroupImpl
09:31:09.502 [Test worker] DEBUG org.evosuite.runtime.classhandling.ClassResetter - __STATIC_RESET() method does not exists in class com.browsersoft.openhre.hl7.impl.config.HL7MessageSegmentImpl
09:31:09.513 [Test worker] DEBUG org.evosuite.runtime.classhandling.ClassResetter - __STATIC_RESET() method does not exists in class com.browsersoft.openhre.hl7.impl.config.HL7MessageMapImpl
09:31:09.513 [Test worker] DEBUG org.evosuite.runtime.classhandling.ClassResetter - __STATIC_RESET() method does not exists in class com.browsersoft.openhre.hl7.impl.regular.ExpressionMatrixImpl
09:31:09.514 [Test worker] DEBUG org.evosuite.runtime.classhandling.ClassResetter - __STATIC_RESET() method does not exists in class com.browsersoft.openhre.hl7.impl.config.HL7SegmentImpl
09:31:09.514 [Test worker] DEBUG org.evosuite.runtime.classhandling.ClassResetter - __STATIC_RESET() method does not exists in class com.browsersoft.openhre.hl7.impl.config.HL7FieldListImpl
09:31:09.514 [Test worker] DEBUG org.evosuite.runtime.classhandling.ClassResetter - __STATIC_RESET() method does not exists in class com.browsersoft.openhre.hl7.impl.parser.HL7CheckerImpl
09:31:09.514 [Test worker] DEBUG org.evosuite.runtime.classhandling.ClassResetter - __STATIC_RESET() method does not exists in class com.browsersoft.openhre.hl7.impl.parser.HL7ParserImpl
09:31:09.514 [Test worker] DEBUG org.evosuite.runtime.classhandling.ClassResetter - __STATIC_RESET() method does not exists in class com.browsersoft.openhre.hl7.impl.parser.HL7CheckerStateImpl
09:31:09.514 [Test worker] DEBUG org.evosuite.runtime.classhandling.ClassResetter - __STATIC_RESET() method does not exists in class com.browsersoft.openhre.hl7.impl.parser.HL7SAXEventGeneratorImpl
09:31:09.514 [Test worker] DEBUG org.evosuite.runtime.classhandling.ClassResetter - __STATIC_RESET() method does not exists in class com.browsersoft.openhre.hl7.impl.parser.HL72XMLImpl
09:31:09.514 [Test worker] DEBUG org.evosuite.runtime.classhandling.ClassResetter - __STATIC_RESET() method does not exists in class com.browsersoft.openhre.hl7.impl.parser.XMLUtils
09:31:09.514 [Test worker] DEBUG org.evosuite.runtime.classhandling.ClassResetter - __STATIC_RESET() method does not exists in class com.browsersoft.openhre.hl7.impl.config.HL7SegmentMapImpl
09:31:09.514 [Test worker] DEBUG org.evosuite.runtime.classhandling.ClassResetter - __STATIC_RESET() method does not exists in class com.browsersoft.openhre.hl7.impl.regular.ExpressionMatrixBuilderImpl
09:31:09.514 [Test worker] DEBUG org.evosuite.runtime.classhandling.ClassResetter - __STATIC_RESET() method does not exists in class com.browsersoft.openhre.hl7.impl.regular.NodeStack
09:31:09.514 [Test worker] DEBUG org.evosuite.runtime.classhandling.ClassResetter - __STATIC_RESET() method does not exists in class com.browsersoft.openhre.hl7.impl.regular.ExpressionNodeList
09:31:09.514 [Test worker] DEBUG org.evosuite.runtime.classhandling.ClassResetter - __STATIC_RESET() method does not exists in class com.browsersoft.openhre.hl7.api.regular.InvalidExpressionException
09:31:09.514 [Test worker] DEBUG org.evosuite.runtime.classhandling.ClassResetter - __STATIC_RESET() method does not exists in class com.browsersoft.openhre.hl7.impl.config.HL7FieldImpl
09:31:09.514 [Test worker] DEBUG org.evosuite.runtime.classhandling.ClassResetter - __STATIC_RESET() method does not exists in class com.browsersoft.openhre.hl7.impl.config.HL7VersionConfigurationMapImpl
09:31:09.514 [Test worker] DEBUG org.evosuite.runtime.classhandling.ClassResetter - __STATIC_RESET() method does not exists in class com.browsersoft.openhre.hl7.impl.regular.ConnectionList
09:31:09.514 [Test worker] DEBUG org.evosuite.runtime.classhandling.ClassResetter - __STATIC_RESET() method does not exists in class com.browsersoft.openhre.hl7.impl.regular.Connection
09:31:09.514 [Test worker] DEBUG org.evosuite.runtime.classhandling.ClassResetter - __STATIC_RESET() method does not exists in class org.apache.axis.components.logger.LogFactory$1
09:31:09.514 [Test worker] DEBUG org.evosuite.runtime.classhandling.ClassResetter - __STATIC_RESET() method does not exists in class org.apache.axis.components.logger.LogFactory
09:31:09.514 [Test worker] DEBUG org.evosuite.runtime.classhandling.ClassResetter - __STATIC_RESET() method does not exists in class org.apache.log4j.Level
09:31:09.514 [Test worker] DEBUG org.evosuite.runtime.classhandling.ClassResetter - __STATIC_RESET() method does not exists in class org.apache.log4j.Priority
09:31:09.514 [Test worker] DEBUG org.evosuite.runtime.classhandling.ClassResetter - __STATIC_RESET() method does not exists in class org.apache.commons.logging.impl.Log4JLogger
09:31:09.514 [Test worker] DEBUG org.evosuite.runtime.classhandling.ClassResetter - __STATIC_RESET() method does not exists in class org.apache.log4j.Category
09:31:09.514 [Test worker] DEBUG org.evosuite.runtime.classhandling.ClassResetter - __STATIC_RESET() method does not exists in class org.apache.log4j.Logger
09:31:09.514 [Test worker] DEBUG org.evosuite.runtime.classhandling.ClassResetter - __STATIC_RESET() method does not exists in class org.apache.log4j.Hierarchy
09:31:09.515 [Test worker] DEBUG org.evosuite.runtime.classhandling.ClassResetter - __STATIC_RESET() method does not exists in class org.apache.log4j.spi.RootCategory
09:31:09.515 [Test worker] DEBUG org.evosuite.runtime.classhandling.ClassResetter - __STATIC_RESET() method does not exists in class org.apache.log4j.or.DefaultRenderer
09:31:09.515 [Test worker] DEBUG org.evosuite.runtime.classhandling.ClassResetter - __STATIC_RESET() method does not exists in class org.apache.log4j.or.RendererMap
09:31:09.515 [Test worker] DEBUG org.evosuite.runtime.classhandling.ClassResetter - __STATIC_RESET() method does not exists in class org.apache.log4j.DefaultCategoryFactory
09:31:09.515 [Test worker] DEBUG org.evosuite.runtime.classhandling.ClassResetter - __STATIC_RESET() method does not exists in class org.apache.log4j.spi.DefaultRepositorySelector
09:31:09.515 [Test worker] DEBUG org.evosuite.runtime.classhandling.ClassResetter - __STATIC_RESET() method does not exists in class org.apache.log4j.helpers.OptionConverter
09:31:09.515 [Test worker] DEBUG org.evosuite.runtime.classhandling.ClassResetter - __STATIC_RESET() method does not exists in class org.apache.log4j.helpers.Loader
09:31:09.515 [Test worker] DEBUG org.evosuite.runtime.classhandling.ClassResetter - __STATIC_RESET() method does not exists in class org.apache.log4j.helpers.LogLog
09:31:09.515 [Test worker] DEBUG org.evosuite.runtime.classhandling.ClassResetter - __STATIC_RESET() method does not exists in class org.apache.log4j.PropertyConfigurator
09:31:09.515 [Test worker] DEBUG org.evosuite.runtime.classhandling.ClassResetter - __STATIC_RESET() method does not exists in class org.apache.log4j.LogManager
09:31:09.515 [Test worker] DEBUG org.evosuite.runtime.classhandling.ClassResetter - __STATIC_RESET() method does not exists in class org.apache.log4j.CategoryKey
09:31:09.515 [Test worker] DEBUG org.evosuite.runtime.classhandling.ClassResetter - __STATIC_RESET() method does not exists in class org.apache.log4j.ProvisionNode
09:31:09.515 [Test worker] DEBUG org.evosuite.runtime.classhandling.ClassResetter - __STATIC_RESET() method does not exists in class org.apache.axis.handlers.BasicHandler
09:31:09.515 [Test worker] DEBUG org.evosuite.runtime.classhandling.ClassResetter - __STATIC_RESET() method does not exists in class org.apache.axis.AxisEngine
09:31:09.515 [Test worker] DEBUG org.evosuite.runtime.classhandling.ClassResetter - __STATIC_RESET() method does not exists in class org.apache.axis.server.AxisServer
09:31:09.515 [Test worker] DEBUG org.evosuite.runtime.classhandling.ClassResetter - __STATIC_RESET() method does not exists in class org.apache.axis.AxisProperties
09:31:09.515 [Test worker] DEBUG org.evosuite.runtime.classhandling.ClassResetter - __STATIC_RESET() method does not exists in class org.apache.commons.discovery.resource.names.ResourceNameDiscoverImpl
09:31:09.515 [Test worker] DEBUG org.evosuite.runtime.classhandling.ClassResetter - __STATIC_RESET() method does not exists in class org.apache.commons.discovery.log.SimpleLog
09:31:09.515 [Test worker] DEBUG org.evosuite.runtime.classhandling.ClassResetter - __STATIC_RESET() method does not exists in class org.apache.commons.discovery.log.DiscoveryLogFactory
09:31:09.515 [Test worker] DEBUG org.evosuite.runtime.classhandling.ClassResetter - __STATIC_RESET() method does not exists in class org.apache.commons.discovery.tools.ClassUtils
09:31:09.515 [Test worker] DEBUG org.evosuite.runtime.classhandling.ClassResetter - __STATIC_RESET() method does not exists in class org.apache.commons.discovery.resource.names.DiscoverNamesInAlternateManagedProperties
09:31:09.515 [Test worker] DEBUG org.evosuite.runtime.classhandling.ClassResetter - __STATIC_RESET() method does not exists in class org.apache.commons.discovery.resource.names.DiscoverMappedNames
09:31:09.515 [Test worker] DEBUG org.evosuite.runtime.classhandling.ClassResetter - __STATIC_RESET() method does not exists in class org.apache.axis.configuration.EngineConfigurationFactoryFinder
09:31:09.515 [Test worker] DEBUG org.evosuite.runtime.classhandling.ClassResetter - __STATIC_RESET() method does not exists in class org.apache.axis.configuration.EngineConfigurationFactoryFinder$1
09:31:09.515 [Test worker] DEBUG org.evosuite.runtime.classhandling.ClassResetter - __STATIC_RESET() method does not exists in class org.apache.commons.discovery.resource.names.NameDiscoverers
09:31:09.515 [Test worker] DEBUG org.evosuite.runtime.classhandling.ClassResetter - __STATIC_RESET() method does not exists in class org.apache.commons.discovery.resource.names.DiscoverNamesInManagedProperties
09:31:09.515 [Test worker] DEBUG org.evosuite.runtime.classhandling.ClassResetter - __STATIC_RESET() method does not exists in class org.apache.commons.discovery.resource.names.DiscoverNamesInFile
09:31:09.516 [Test worker] DEBUG org.evosuite.runtime.classhandling.ClassResetter - __STATIC_RESET() method does not exists in class org.apache.commons.discovery.resource.names.DiscoverServiceNames
09:31:09.516 [Test worker] DEBUG org.evosuite.runtime.classhandling.ClassResetter - __STATIC_RESET() method does not exists in class org.apache.commons.discovery.resource.ResourceDiscoverImpl
09:31:09.516 [Test worker] DEBUG org.evosuite.runtime.classhandling.ClassResetter - __STATIC_RESET() method does not exists in class org.apache.commons.discovery.resource.DiscoverResources
09:31:09.516 [Test worker] DEBUG org.evosuite.runtime.classhandling.ClassResetter - __STATIC_RESET() method does not exists in class org.apache.commons.discovery.resource.names.NameDiscoverers$1
09:31:09.516 [Test worker] DEBUG org.evosuite.runtime.classhandling.ClassResetter - __STATIC_RESET() method does not exists in class org.apache.xalan.processor.XSLTElementDef
09:31:09.516 [Test worker] DEBUG org.evosuite.runtime.classhandling.ClassResetter - __STATIC_RESET() method does not exists in class org.apache.xalan.processor.XSLTSchema
09:31:09.523 [Test worker] DEBUG org.evosuite.runtime.classhandling.ClassResetter - __STATIC_RESET() method does not exists in class com.browsersoft.openhre.hl7.impl.regular.ExpressionImpl
09:31:09.523 [Test worker] DEBUG org.evosuite.runtime.classhandling.ClassResetter - __STATIC_RESET() method does not exists in class com.browsersoft.openhre.hl7.impl.regular.ExpressionPartImpl
09:31:09.523 [Test worker] DEBUG org.evosuite.runtime.classhandling.ClassResetter - __STATIC_RESET() method does not exists in class com.browsersoft.openhre.hl7.impl.regular.MessageTracerImpl
09:31:09.523 [Test worker] DEBUG org.evosuite.runtime.classhandling.ClassResetter - __STATIC_RESET() method does not exists in class com.browsersoft.openhre.hl7.impl.config.HL7MessageImpl
09:31:09.523 [Test worker] DEBUG org.evosuite.runtime.classhandling.ClassResetter - __STATIC_RESET() method does not exists in class com.browsersoft.openhre.hl7.impl.regular.ExpressionElementMapperImpl
09:31:09.523 [Test worker] DEBUG org.evosuite.runtime.classhandling.ClassResetter - __STATIC_RESET() method does not exists in class com.browsersoft.openhre.hl7.impl.regular.ExpressionElementMapperItemImpl
09:31:09.523 [Test worker] DEBUG org.evosuite.runtime.classhandling.ClassResetter - __STATIC_RESET() method does not exists in class com.browsersoft.openhre.hl7.impl.config.HL7MessageGroupItemImpl
09:31:09.523 [Test worker] DEBUG org.evosuite.runtime.classhandling.ClassResetter - __STATIC_RESET() method does not exists in class com.browsersoft.openhre.hl7.impl.config.HL7MessageGroupImpl
09:31:09.523 [Test worker] DEBUG org.evosuite.runtime.classhandling.ClassResetter - __STATIC_RESET() method does not exists in class com.browsersoft.openhre.hl7.impl.config.HL7MessageSegmentImpl
09:31:09.523 [Test worker] DEBUG org.evosuite.runtime.classhandling.ClassResetter - __STATIC_RESET() method does not exists in class com.browsersoft.openhre.hl7.impl.config.HL7MessageMapImpl
09:31:09.523 [Test worker] DEBUG org.evosuite.runtime.classhandling.ClassResetter - __STATIC_RESET() method does not exists in class com.browsersoft.openhre.hl7.impl.regular.ExpressionMatrixImpl
09:31:09.523 [Test worker] DEBUG org.evosuite.runtime.classhandling.ClassResetter - __STATIC_RESET() method does not exists in class com.browsersoft.openhre.hl7.impl.config.HL7SegmentImpl
09:31:09.523 [Test worker] DEBUG org.evosuite.runtime.classhandling.ClassResetter - __STATIC_RESET() method does not exists in class com.browsersoft.openhre.hl7.impl.config.HL7FieldListImpl
09:31:09.523 [Test worker] DEBUG org.evosuite.runtime.classhandling.ClassResetter - __STATIC_RESET() method does not exists in class com.browsersoft.openhre.hl7.impl.parser.HL7CheckerImpl
09:31:09.523 [Test worker] DEBUG org.evosuite.runtime.classhandling.ClassResetter - __STATIC_RESET() method does not exists in class com.browsersoft.openhre.hl7.impl.parser.HL7ParserImpl
09:31:09.527 [Test worker] DEBUG org.evosuite.runtime.classhandling.ClassResetter - __STATIC_RESET() method does not exists in class com.browsersoft.openhre.hl7.impl.parser.HL7CheckerStateImpl
09:31:09.527 [Test worker] DEBUG org.evosuite.runtime.classhandling.ClassResetter - __STATIC_RESET() method does not exists in class com.browsersoft.openhre.hl7.impl.parser.HL7SAXEventGeneratorImpl
09:31:09.527 [Test worker] DEBUG org.evosuite.runtime.classhandling.ClassResetter - __STATIC_RESET() method does not exists in class com.browsersoft.openhre.hl7.impl.parser.HL72XMLImpl
09:31:09.527 [Test worker] DEBUG org.evosuite.runtime.classhandling.ClassResetter - __STATIC_RESET() method does not exists in class com.browsersoft.openhre.hl7.impl.parser.XMLUtils
09:31:09.527 [Test worker] DEBUG org.evosuite.runtime.classhandling.ClassResetter - __STATIC_RESET() method does not exists in class com.browsersoft.openhre.hl7.impl.config.HL7SegmentMapImpl
09:31:09.527 [Test worker] DEBUG org.evosuite.runtime.classhandling.ClassResetter - __STATIC_RESET() method does not exists in class com.browsersoft.openhre.hl7.impl.regular.ExpressionMatrixBuilderImpl
09:31:09.527 [Test worker] DEBUG org.evosuite.runtime.classhandling.ClassResetter - __STATIC_RESET() method does not exists in class com.browsersoft.openhre.hl7.impl.regular.NodeStack
09:31:09.527 [Test worker] DEBUG org.evosuite.runtime.classhandling.ClassResetter - __STATIC_RESET() method does not exists in class com.browsersoft.openhre.hl7.impl.regular.ExpressionNodeList
09:31:09.527 [Test worker] DEBUG org.evosuite.runtime.classhandling.ClassResetter - __STATIC_RESET() method does not exists in class com.browsersoft.openhre.hl7.api.regular.InvalidExpressionException
09:31:09.527 [Test worker] DEBUG org.evosuite.runtime.classhandling.ClassResetter - __STATIC_RESET() method does not exists in class com.browsersoft.openhre.hl7.impl.config.HL7FieldImpl
09:31:09.527 [Test worker] DEBUG org.evosuite.runtime.classhandling.ClassResetter - __STATIC_RESET() method does not exists in class com.browsersoft.openhre.hl7.impl.config.HL7VersionConfigurationMapImpl
09:31:09.527 [Test worker] DEBUG org.evosuite.runtime.classhandling.ClassResetter - __STATIC_RESET() method does not exists in class com.browsersoft.openhre.hl7.impl.regular.ConnectionList
09:31:09.527 [Test worker] DEBUG org.evosuite.runtime.classhandling.ClassResetter - __STATIC_RESET() method does not exists in class com.browsersoft.openhre.hl7.impl.regular.Connection
09:31:09.527 [Test worker] DEBUG org.evosuite.runtime.classhandling.ClassResetter - __STATIC_RESET() method does not exists in class org.apache.axis.components.logger.LogFactory$1
09:31:09.527 [Test worker] DEBUG org.evosuite.runtime.classhandling.ClassResetter - __STATIC_RESET() method does not exists in class org.apache.axis.components.logger.LogFactory
09:31:09.527 [Test worker] DEBUG org.evosuite.runtime.classhandling.ClassResetter - __STATIC_RESET() method does not exists in class org.apache.log4j.Level
09:31:09.527 [Test worker] DEBUG org.evosuite.runtime.classhandling.ClassResetter - __STATIC_RESET() method does not exists in class org.apache.log4j.Priority
09:31:09.528 [Test worker] DEBUG org.evosuite.runtime.classhandling.ClassResetter - __STATIC_RESET() method does not exists in class org.apache.commons.logging.impl.Log4JLogger
09:31:09.528 [Test worker] DEBUG org.evosuite.runtime.classhandling.ClassResetter - __STATIC_RESET() method does not exists in class org.apache.log4j.Category
09:31:09.528 [Test worker] DEBUG org.evosuite.runtime.classhandling.ClassResetter - __STATIC_RESET() method does not exists in class org.apache.log4j.Logger
09:31:09.528 [Test worker] DEBUG org.evosuite.runtime.classhandling.ClassResetter - __STATIC_RESET() method does not exists in class org.apache.log4j.Hierarchy
09:31:09.528 [Test worker] DEBUG org.evosuite.runtime.classhandling.ClassResetter - __STATIC_RESET() method does not exists in class org.apache.log4j.spi.RootCategory
09:31:09.528 [Test worker] DEBUG org.evosuite.runtime.classhandling.ClassResetter - __STATIC_RESET() method does not exists in class org.apache.log4j.or.DefaultRenderer
09:31:09.528 [Test worker] DEBUG org.evosuite.runtime.classhandling.ClassResetter - __STATIC_RESET() method does not exists in class org.apache.log4j.or.RendererMap
09:31:09.528 [Test worker] DEBUG org.evosuite.runtime.classhandling.ClassResetter - __STATIC_RESET() method does not exists in class org.apache.log4j.DefaultCategoryFactory
09:31:09.528 [Test worker] DEBUG org.evosuite.runtime.classhandling.ClassResetter - __STATIC_RESET() method does not exists in class org.apache.log4j.spi.DefaultRepositorySelector
09:31:09.528 [Test worker] DEBUG org.evosuite.runtime.classhandling.ClassResetter - __STATIC_RESET() method does not exists in class org.apache.log4j.helpers.OptionConverter
09:31:09.528 [Test worker] DEBUG org.evosuite.runtime.classhandling.ClassResetter - __STATIC_RESET() method does not exists in class org.apache.log4j.helpers.Loader
09:31:09.528 [Test worker] DEBUG org.evosuite.runtime.classhandling.ClassResetter - __STATIC_RESET() method does not exists in class org.apache.log4j.helpers.LogLog
09:31:09.528 [Test worker] DEBUG org.evosuite.runtime.classhandling.ClassResetter - __STATIC_RESET() method does not exists in class org.apache.log4j.PropertyConfigurator
09:31:09.528 [Test worker] DEBUG org.evosuite.runtime.classhandling.ClassResetter - __STATIC_RESET() method does not exists in class org.apache.log4j.LogManager
09:31:09.528 [Test worker] DEBUG org.evosuite.runtime.classhandling.ClassResetter - __STATIC_RESET() method does not exists in class org.apache.log4j.CategoryKey
09:31:09.528 [Test worker] DEBUG org.evosuite.runtime.classhandling.ClassResetter - __STATIC_RESET() method does not exists in class org.apache.log4j.ProvisionNode
09:31:09.528 [Test worker] DEBUG org.evosuite.runtime.classhandling.ClassResetter - __STATIC_RESET() method does not exists in class org.apache.axis.handlers.BasicHandler
09:31:09.528 [Test worker] DEBUG org.evosuite.runtime.classhandling.ClassResetter - __STATIC_RESET() method does not exists in class org.apache.axis.AxisEngine
09:31:09.528 [Test worker] DEBUG org.evosuite.runtime.classhandling.ClassResetter - __STATIC_RESET() method does not exists in class org.apache.axis.server.AxisServer
09:31:09.528 [Test worker] DEBUG org.evosuite.runtime.classhandling.ClassResetter - __STATIC_RESET() method does not exists in class org.apache.axis.AxisProperties
09:31:09.528 [Test worker] DEBUG org.evosuite.runtime.classhandling.ClassResetter - __STATIC_RESET() method does not exists in class org.apache.commons.discovery.resource.names.ResourceNameDiscoverImpl
09:31:09.528 [Test worker] DEBUG org.evosuite.runtime.classhandling.ClassResetter - __STATIC_RESET() method does not exists in class org.apache.commons.discovery.log.SimpleLog
09:31:09.528 [Test worker] DEBUG org.evosuite.runtime.classhandling.ClassResetter - __STATIC_RESET() method does not exists in class org.apache.commons.discovery.log.DiscoveryLogFactory
09:31:09.528 [Test worker] DEBUG org.evosuite.runtime.classhandling.ClassResetter - __STATIC_RESET() method does not exists in class org.apache.commons.discovery.tools.ClassUtils
09:31:09.528 [Test worker] DEBUG org.evosuite.runtime.classhandling.ClassResetter - __STATIC_RESET() method does not exists in class org.apache.commons.discovery.resource.names.DiscoverNamesInAlternateManagedProperties
09:31:09.528 [Test worker] DEBUG org.evosuite.runtime.classhandling.ClassResetter - __STATIC_RESET() method does not exists in class org.apache.commons.discovery.resource.names.DiscoverMappedNames
09:31:09.528 [Test worker] DEBUG org.evosuite.runtime.classhandling.ClassResetter - __STATIC_RESET() method does not exists in class org.apache.axis.configuration.EngineConfigurationFactoryFinder
09:31:09.528 [Test worker] DEBUG org.evosuite.runtime.classhandling.ClassResetter - __STATIC_RESET() method does not exists in class org.apache.axis.configuration.EngineConfigurationFactoryFinder$1
09:31:09.529 [Test worker] DEBUG org.evosuite.runtime.classhandling.ClassResetter - __STATIC_RESET() method does not exists in class org.apache.commons.discovery.resource.names.NameDiscoverers
09:31:09.529 [Test worker] DEBUG org.evosuite.runtime.classhandling.ClassResetter - __STATIC_RESET() method does not exists in class org.apache.commons.discovery.resource.names.DiscoverNamesInManagedProperties
09:31:09.529 [Test worker] DEBUG org.evosuite.runtime.classhandling.ClassResetter - __STATIC_RESET() method does not exists in class org.apache.commons.discovery.resource.names.DiscoverNamesInFile
09:31:09.529 [Test worker] DEBUG org.evosuite.runtime.classhandling.ClassResetter - __STATIC_RESET() method does not exists in class org.apache.commons.discovery.resource.names.DiscoverServiceNames
09:31:09.529 [Test worker] DEBUG org.evosuite.runtime.classhandling.ClassResetter - __STATIC_RESET() method does not exists in class org.apache.commons.discovery.resource.ResourceDiscoverImpl
09:31:09.529 [Test worker] DEBUG org.evosuite.runtime.classhandling.ClassResetter - __STATIC_RESET() method does not exists in class org.apache.commons.discovery.resource.DiscoverResources
09:31:09.529 [Test worker] DEBUG org.evosuite.runtime.classhandling.ClassResetter - __STATIC_RESET() method does not exists in class org.apache.commons.discovery.resource.names.NameDiscoverers$1
09:31:09.529 [Test worker] DEBUG org.evosuite.runtime.classhandling.ClassResetter - __STATIC_RESET() method does not exists in class org.apache.xalan.processor.XSLTElementDef
09:31:09.529 [Test worker] DEBUG org.evosuite.runtime.classhandling.ClassResetter - __STATIC_RESET() method does not exists in class org.apache.xalan.processor.XSLTSchema
09:31:09.535 [Test worker] DEBUG org.evosuite.runtime.classhandling.ClassResetter - __STATIC_RESET() method does not exists in class com.browsersoft.openhre.hl7.impl.regular.ExpressionImpl
09:31:09.535 [Test worker] DEBUG org.evosuite.runtime.classhandling.ClassResetter - __STATIC_RESET() method does not exists in class com.browsersoft.openhre.hl7.impl.regular.ExpressionPartImpl
09:31:09.535 [Test worker] DEBUG org.evosuite.runtime.classhandling.ClassResetter - __STATIC_RESET() method does not exists in class com.browsersoft.openhre.hl7.impl.regular.MessageTracerImpl
09:31:09.535 [Test worker] DEBUG org.evosuite.runtime.classhandling.ClassResetter - __STATIC_RESET() method does not exists in class com.browsersoft.openhre.hl7.impl.config.HL7MessageImpl
09:31:09.535 [Test worker] DEBUG org.evosuite.runtime.classhandling.ClassResetter - __STATIC_RESET() method does not exists in class com.browsersoft.openhre.hl7.impl.regular.ExpressionElementMapperImpl
09:31:09.535 [Test worker] DEBUG org.evosuite.runtime.classhandling.ClassResetter - __STATIC_RESET() method does not exists in class com.browsersoft.openhre.hl7.impl.regular.ExpressionElementMapperItemImpl
09:31:09.536 [Test worker] DEBUG org.evosuite.runtime.classhandling.ClassResetter - __STATIC_RESET() method does not exists in class com.browsersoft.openhre.hl7.impl.config.HL7MessageGroupItemImpl
09:31:09.536 [Test worker] DEBUG org.evosuite.runtime.classhandling.ClassResetter - __STATIC_RESET() method does not exists in class com.browsersoft.openhre.hl7.impl.config.HL7MessageGroupImpl
09:31:09.536 [Test worker] DEBUG org.evosuite.runtime.classhandling.ClassResetter - __STATIC_RESET() method does not exists in class com.browsersoft.openhre.hl7.impl.config.HL7MessageSegmentImpl
09:31:09.536 [Test worker] DEBUG org.evosuite.runtime.classhandling.ClassResetter - __STATIC_RESET() method does not exists in class com.browsersoft.openhre.hl7.impl.config.HL7MessageMapImpl
09:31:09.536 [Test worker] DEBUG org.evosuite.runtime.classhandling.ClassResetter - __STATIC_RESET() method does not exists in class com.browsersoft.openhre.hl7.impl.regular.ExpressionMatrixImpl
09:31:09.536 [Test worker] DEBUG org.evosuite.runtime.classhandling.ClassResetter - __STATIC_RESET() method does not exists in class com.browsersoft.openhre.hl7.impl.config.HL7SegmentImpl
09:31:09.536 [Test worker] DEBUG org.evosuite.runtime.classhandling.ClassResetter - __STATIC_RESET() method does not exists in class com.browsersoft.openhre.hl7.impl.config.HL7FieldListImpl
09:31:09.536 [Test worker] DEBUG org.evosuite.runtime.classhandling.ClassResetter - __STATIC_RESET() method does not exists in class com.browsersoft.openhre.hl7.impl.parser.HL7CheckerImpl
09:31:09.536 [Test worker] DEBUG org.evosuite.runtime.classhandling.ClassResetter - __STATIC_RESET() method does not exists in class com.browsersoft.openhre.hl7.impl.parser.HL7ParserImpl
09:31:09.536 [Test worker] DEBUG org.evosuite.runtime.classhandling.ClassResetter - __STATIC_RESET() method does not exists in class com.browsersoft.openhre.hl7.impl.parser.HL7CheckerStateImpl
09:31:09.536 [Test worker] DEBUG org.evosuite.runtime.classhandling.ClassResetter - __STATIC_RESET() method does not exists in class com.browsersoft.openhre.hl7.impl.parser.HL7SAXEventGeneratorImpl
09:31:09.536 [Test worker] DEBUG org.evosuite.runtime.classhandling.ClassResetter - __STATIC_RESET() method does not exists in class com.browsersoft.openhre.hl7.impl.parser.HL72XMLImpl
09:31:09.536 [Test worker] DEBUG org.evosuite.runtime.classhandling.ClassResetter - __STATIC_RESET() method does not exists in class com.browsersoft.openhre.hl7.impl.parser.XMLUtils
09:31:09.536 [Test worker] DEBUG org.evosuite.runtime.classhandling.ClassResetter - __STATIC_RESET() method does not exists in class com.browsersoft.openhre.hl7.impl.config.HL7SegmentMapImpl
09:31:09.536 [Test worker] DEBUG org.evosuite.runtime.classhandling.ClassResetter - __STATIC_RESET() method does not exists in class com.browsersoft.openhre.hl7.impl.regular.ExpressionMatrixBuilderImpl
09:31:09.536 [Test worker] DEBUG org.evosuite.runtime.classhandling.ClassResetter - __STATIC_RESET() method does not exists in class com.browsersoft.openhre.hl7.impl.regular.NodeStack
09:31:09.536 [Test worker] DEBUG org.evosuite.runtime.classhandling.ClassResetter - __STATIC_RESET() method does not exists in class com.browsersoft.openhre.hl7.impl.regular.ExpressionNodeList
09:31:09.536 [Test worker] DEBUG org.evosuite.runtime.classhandling.ClassResetter - __STATIC_RESET() method does not exists in class com.browsersoft.openhre.hl7.api.regular.InvalidExpressionException
09:31:09.536 [Test worker] DEBUG org.evosuite.runtime.classhandling.ClassResetter - __STATIC_RESET() method does not exists in class com.browsersoft.openhre.hl7.impl.config.HL7FieldImpl
09:31:09.536 [Test worker] DEBUG org.evosuite.runtime.classhandling.ClassResetter - __STATIC_RESET() method does not exists in class com.browsersoft.openhre.hl7.impl.config.HL7VersionConfigurationMapImpl
09:31:09.536 [Test worker] DEBUG org.evosuite.runtime.classhandling.ClassResetter - __STATIC_RESET() method does not exists in class com.browsersoft.openhre.hl7.impl.regular.ConnectionList
09:31:09.536 [Test worker] DEBUG org.evosuite.runtime.classhandling.ClassResetter - __STATIC_RESET() method does not exists in class com.browsersoft.openhre.hl7.impl.regular.Connection
09:31:09.536 [Test worker] DEBUG org.evosuite.runtime.classhandling.ClassResetter - __STATIC_RESET() method does not exists in class org.apache.axis.components.logger.LogFactory$1
09:31:09.536 [Test worker] DEBUG org.evosuite.runtime.classhandling.ClassResetter - __STATIC_RESET() method does not exists in class org.apache.axis.components.logger.LogFactory
09:31:09.536 [Test worker] DEBUG org.evosuite.runtime.classhandling.ClassResetter - __STATIC_RESET() method does not exists in class org.apache.log4j.Level
09:31:09.536 [Test worker] DEBUG org.evosuite.runtime.classhandling.ClassResetter - __STATIC_RESET() method does not exists in class org.apache.log4j.Priority
09:31:09.536 [Test worker] DEBUG org.evosuite.runtime.classhandling.ClassResetter - __STATIC_RESET() method does not exists in class org.apache.commons.logging.impl.Log4JLogger
09:31:09.536 [Test worker] DEBUG org.evosuite.runtime.classhandling.ClassResetter - __STATIC_RESET() method does not exists in class org.apache.log4j.Category
09:31:09.537 [Test worker] DEBUG org.evosuite.runtime.classhandling.ClassResetter - __STATIC_RESET() method does not exists in class org.apache.log4j.Logger
09:31:09.537 [Test worker] DEBUG org.evosuite.runtime.classhandling.ClassResetter - __STATIC_RESET() method does not exists in class org.apache.log4j.Hierarchy
09:31:09.537 [Test worker] DEBUG org.evosuite.runtime.classhandling.ClassResetter - __STATIC_RESET() method does not exists in class org.apache.log4j.spi.RootCategory
09:31:09.537 [Test worker] DEBUG org.evosuite.runtime.classhandling.ClassResetter - __STATIC_RESET() method does not exists in class org.apache.log4j.or.DefaultRenderer
09:31:09.537 [Test worker] DEBUG org.evosuite.runtime.classhandling.ClassResetter - __STATIC_RESET() method does not exists in class org.apache.log4j.or.RendererMap
09:31:09.537 [Test worker] DEBUG org.evosuite.runtime.classhandling.ClassResetter - __STATIC_RESET() method does not exists in class org.apache.log4j.DefaultCategoryFactory
09:31:09.537 [Test worker] DEBUG org.evosuite.runtime.classhandling.ClassResetter - __STATIC_RESET() method does not exists in class org.apache.log4j.spi.DefaultRepositorySelector
09:31:09.537 [Test worker] DEBUG org.evosuite.runtime.classhandling.ClassResetter - __STATIC_RESET() method does not exists in class org.apache.log4j.helpers.OptionConverter
09:31:09.537 [Test worker] DEBUG org.evosuite.runtime.classhandling.ClassResetter - __STATIC_RESET() method does not exists in class org.apache.log4j.helpers.Loader
09:31:09.537 [Test worker] DEBUG org.evosuite.runtime.classhandling.ClassResetter - __STATIC_RESET() method does not exists in class org.apache.log4j.helpers.LogLog
09:31:09.537 [Test worker] DEBUG org.evosuite.runtime.classhandling.ClassResetter - __STATIC_RESET() method does not exists in class org.apache.log4j.PropertyConfigurator
09:31:09.537 [Test worker] DEBUG org.evosuite.runtime.classhandling.ClassResetter - __STATIC_RESET() method does not exists in class org.apache.log4j.LogManager
09:31:09.537 [Test worker] DEBUG org.evosuite.runtime.classhandling.ClassResetter - __STATIC_RESET() method does not exists in class org.apache.log4j.CategoryKey
09:31:09.537 [Test worker] DEBUG org.evosuite.runtime.classhandling.ClassResetter - __STATIC_RESET() method does not exists in class org.apache.log4j.ProvisionNode
09:31:09.537 [Test worker] DEBUG org.evosuite.runtime.classhandling.ClassResetter - __STATIC_RESET() method does not exists in class org.apache.axis.handlers.BasicHandler
09:31:09.537 [Test worker] DEBUG org.evosuite.runtime.classhandling.ClassResetter - __STATIC_RESET() method does not exists in class org.apache.axis.AxisEngine
09:31:09.537 [Test worker] DEBUG org.evosuite.runtime.classhandling.ClassResetter - __STATIC_RESET() method does not exists in class org.apache.axis.server.AxisServer
09:31:09.537 [Test worker] DEBUG org.evosuite.runtime.classhandling.ClassResetter - __STATIC_RESET() method does not exists in class org.apache.axis.AxisProperties
09:31:09.537 [Test worker] DEBUG org.evosuite.runtime.classhandling.ClassResetter - __STATIC_RESET() method does not exists in class org.apache.commons.discovery.resource.names.ResourceNameDiscoverImpl
09:31:09.537 [Test worker] DEBUG org.evosuite.runtime.classhandling.ClassResetter - __STATIC_RESET() method does not exists in class org.apache.commons.discovery.log.SimpleLog
09:31:09.537 [Test worker] DEBUG org.evosuite.runtime.classhandling.ClassResetter - __STATIC_RESET() method does not exists in class org.apache.commons.discovery.log.DiscoveryLogFactory
09:31:09.537 [Test worker] DEBUG org.evosuite.runtime.classhandling.ClassResetter - __STATIC_RESET() method does not exists in class org.apache.commons.discovery.tools.ClassUtils
09:31:09.537 [Test worker] DEBUG org.evosuite.runtime.classhandling.ClassResetter - __STATIC_RESET() method does not exists in class org.apache.commons.discovery.resource.names.DiscoverNamesInAlternateManagedProperties
09:31:09.537 [Test worker] DEBUG org.evosuite.runtime.classhandling.ClassResetter - __STATIC_RESET() method does not exists in class org.apache.commons.discovery.resource.names.DiscoverMappedNames
09:31:09.537 [Test worker] DEBUG org.evosuite.runtime.classhandling.ClassResetter - __STATIC_RESET() method does not exists in class org.apache.axis.configuration.EngineConfigurationFactoryFinder
09:31:09.537 [Test worker] DEBUG org.evosuite.runtime.classhandling.ClassResetter - __STATIC_RESET() method does not exists in class org.apache.axis.configuration.EngineConfigurationFactoryFinder$1
09:31:09.537 [Test worker] DEBUG org.evosuite.runtime.classhandling.ClassResetter - __STATIC_RESET() method does not exists in class org.apache.commons.discovery.resource.names.NameDiscoverers
09:31:09.537 [Test worker] DEBUG org.evosuite.runtime.classhandling.ClassResetter - __STATIC_RESET() method does not exists in class org.apache.commons.discovery.resource.names.DiscoverNamesInManagedProperties
09:31:09.537 [Test worker] DEBUG org.evosuite.runtime.classhandling.ClassResetter - __STATIC_RESET() method does not exists in class org.apache.commons.discovery.resource.names.DiscoverNamesInFile
09:31:09.538 [Test worker] DEBUG org.evosuite.runtime.classhandling.ClassResetter - __STATIC_RESET() method does not exists in class org.apache.commons.discovery.resource.names.DiscoverServiceNames
09:31:09.538 [Test worker] DEBUG org.evosuite.runtime.classhandling.ClassResetter - __STATIC_RESET() method does not exists in class org.apache.commons.discovery.resource.ResourceDiscoverImpl
09:31:09.538 [Test worker] DEBUG org.evosuite.runtime.classhandling.ClassResetter - __STATIC_RESET() method does not exists in class org.apache.commons.discovery.resource.DiscoverResources
09:31:09.538 [Test worker] DEBUG org.evosuite.runtime.classhandling.ClassResetter - __STATIC_RESET() method does not exists in class org.apache.commons.discovery.resource.names.NameDiscoverers$1
09:31:09.538 [Test worker] DEBUG org.evosuite.runtime.classhandling.ClassResetter - __STATIC_RESET() method does not exists in class org.apache.xalan.processor.XSLTElementDef
09:31:09.538 [Test worker] DEBUG org.evosuite.runtime.classhandling.ClassResetter - __STATIC_RESET() method does not exists in class org.apache.xalan.processor.XSLTSchema
09:31:09.545 [Test worker] DEBUG org.evosuite.runtime.classhandling.ClassResetter - __STATIC_RESET() method does not exists in class com.browsersoft.openhre.hl7.impl.regular.ExpressionImpl
09:31:09.546 [Test worker] DEBUG org.evosuite.runtime.classhandling.ClassResetter - __STATIC_RESET() method does not exists in class com.browsersoft.openhre.hl7.impl.regular.ExpressionPartImpl
09:31:09.546 [Test worker] DEBUG org.evosuite.runtime.classhandling.ClassResetter - __STATIC_RESET() method does not exists in class com.browsersoft.openhre.hl7.impl.regular.MessageTracerImpl
09:31:09.546 [Test worker] DEBUG org.evosuite.runtime.classhandling.ClassResetter - __STATIC_RESET() method does not exists in class com.browsersoft.openhre.hl7.impl.config.HL7MessageImpl
09:31:09.546 [Test worker] DEBUG org.evosuite.runtime.classhandling.ClassResetter - __STATIC_RESET() method does not exists in class com.browsersoft.openhre.hl7.impl.regular.ExpressionElementMapperImpl
09:31:09.546 [Test worker] DEBUG org.evosuite.runtime.classhandling.ClassResetter - __STATIC_RESET() method does not exists in class com.browsersoft.openhre.hl7.impl.regular.ExpressionElementMapperItemImpl
09:31:09.546 [Test worker] DEBUG org.evosuite.runtime.classhandling.ClassResetter - __STATIC_RESET() method does not exists in class com.browsersoft.openhre.hl7.impl.config.HL7MessageGroupItemImpl
09:31:09.546 [Test worker] DEBUG org.evosuite.runtime.classhandling.ClassResetter - __STATIC_RESET() method does not exists in class com.browsersoft.openhre.hl7.impl.config.HL7MessageGroupImpl
09:31:09.546 [Test worker] DEBUG org.evosuite.runtime.classhandling.ClassResetter - __STATIC_RESET() method does not exists in class com.browsersoft.openhre.hl7.impl.config.HL7MessageSegmentImpl
09:31:09.546 [Test worker] DEBUG org.evosuite.runtime.classhandling.ClassResetter - __STATIC_RESET() method does not exists in class com.browsersoft.openhre.hl7.impl.config.HL7MessageMapImpl
09:31:09.546 [Test worker] DEBUG org.evosuite.runtime.classhandling.ClassResetter - __STATIC_RESET() method does not exists in class com.browsersoft.openhre.hl7.impl.regular.ExpressionMatrixImpl
09:31:09.546 [Test worker] DEBUG org.evosuite.runtime.classhandling.ClassResetter - __STATIC_RESET() method does not exists in class com.browsersoft.openhre.hl7.impl.config.HL7SegmentImpl
09:31:09.546 [Test worker] DEBUG org.evosuite.runtime.classhandling.ClassResetter - __STATIC_RESET() method does not exists in class com.browsersoft.openhre.hl7.impl.config.HL7FieldListImpl
09:31:09.546 [Test worker] DEBUG org.evosuite.runtime.classhandling.ClassResetter - __STATIC_RESET() method does not exists in class com.browsersoft.openhre.hl7.impl.parser.HL7CheckerImpl
09:31:09.546 [Test worker] DEBUG org.evosuite.runtime.classhandling.ClassResetter - __STATIC_RESET() method does not exists in class com.browsersoft.openhre.hl7.impl.parser.HL7ParserImpl
09:31:09.546 [Test worker] DEBUG org.evosuite.runtime.classhandling.ClassResetter - __STATIC_RESET() method does not exists in class com.browsersoft.openhre.hl7.impl.parser.HL7CheckerStateImpl
09:31:09.546 [Test worker] DEBUG org.evosuite.runtime.classhandling.ClassResetter - __STATIC_RESET() method does not exists in class com.browsersoft.openhre.hl7.impl.parser.HL7SAXEventGeneratorImpl
09:31:09.546 [Test worker] DEBUG org.evosuite.runtime.classhandling.ClassResetter - __STATIC_RESET() method does not exists in class com.browsersoft.openhre.hl7.impl.parser.HL72XMLImpl
09:31:09.546 [Test worker] DEBUG org.evosuite.runtime.classhandling.ClassResetter - __STATIC_RESET() method does not exists in class com.browsersoft.openhre.hl7.impl.parser.XMLUtils
09:31:09.546 [Test worker] DEBUG org.evosuite.runtime.classhandling.ClassResetter - __STATIC_RESET() method does not exists in class com.browsersoft.openhre.hl7.impl.config.HL7SegmentMapImpl
09:31:09.546 [Test worker] DEBUG org.evosuite.runtime.classhandling.ClassResetter - __STATIC_RESET() method does not exists in class com.browsersoft.openhre.hl7.impl.regular.ExpressionMatrixBuilderImpl
09:31:09.546 [Test worker] DEBUG org.evosuite.runtime.classhandling.ClassResetter - __STATIC_RESET() method does not exists in class com.browsersoft.openhre.hl7.impl.regular.NodeStack
09:31:09.546 [Test worker] DEBUG org.evosuite.runtime.classhandling.ClassResetter - __STATIC_RESET() method does not exists in class com.browsersoft.openhre.hl7.impl.regular.ExpressionNodeList
09:31:09.546 [Test worker] DEBUG org.evosuite.runtime.classhandling.ClassResetter - __STATIC_RESET() method does not exists in class com.browsersoft.openhre.hl7.api.regular.InvalidExpressionException
09:31:09.546 [Test worker] DEBUG org.evosuite.runtime.classhandling.ClassResetter - __STATIC_RESET() method does not exists in class com.browsersoft.openhre.hl7.impl.config.HL7FieldImpl
09:31:09.546 [Test worker] DEBUG org.evosuite.runtime.classhandling.ClassResetter - __STATIC_RESET() method does not exists in class com.browsersoft.openhre.hl7.impl.config.HL7VersionConfigurationMapImpl
09:31:09.547 [Test worker] DEBUG org.evosuite.runtime.classhandling.ClassResetter - __STATIC_RESET() method does not exists in class com.browsersoft.openhre.hl7.impl.regular.ConnectionList
09:31:09.547 [Test worker] DEBUG org.evosuite.runtime.classhandling.ClassResetter - __STATIC_RESET() method does not exists in class com.browsersoft.openhre.hl7.impl.regular.Connection
09:31:09.547 [Test worker] DEBUG org.evosuite.runtime.classhandling.ClassResetter - __STATIC_RESET() method does not exists in class org.apache.axis.components.logger.LogFactory$1
09:31:09.547 [Test worker] DEBUG org.evosuite.runtime.classhandling.ClassResetter - __STATIC_RESET() method does not exists in class org.apache.axis.components.logger.LogFactory
09:31:09.547 [Test worker] DEBUG org.evosuite.runtime.classhandling.ClassResetter - __STATIC_RESET() method does not exists in class org.apache.log4j.Level
09:31:09.547 [Test worker] DEBUG org.evosuite.runtime.classhandling.ClassResetter - __STATIC_RESET() method does not exists in class org.apache.log4j.Priority
09:31:09.547 [Test worker] DEBUG org.evosuite.runtime.classhandling.ClassResetter - __STATIC_RESET() method does not exists in class org.apache.commons.logging.impl.Log4JLogger
09:31:09.547 [Test worker] DEBUG org.evosuite.runtime.classhandling.ClassResetter - __STATIC_RESET() method does not exists in class org.apache.log4j.Category
09:31:09.547 [Test worker] DEBUG org.evosuite.runtime.classhandling.ClassResetter - __STATIC_RESET() method does not exists in class org.apache.log4j.Logger
09:31:09.547 [Test worker] DEBUG org.evosuite.runtime.classhandling.ClassResetter - __STATIC_RESET() method does not exists in class org.apache.log4j.Hierarchy
09:31:09.547 [Test worker] DEBUG org.evosuite.runtime.classhandling.ClassResetter - __STATIC_RESET() method does not exists in class org.apache.log4j.spi.RootCategory
09:31:09.547 [Test worker] DEBUG org.evosuite.runtime.classhandling.ClassResetter - __STATIC_RESET() method does not exists in class org.apache.log4j.or.DefaultRenderer
09:31:09.547 [Test worker] DEBUG org.evosuite.runtime.classhandling.ClassResetter - __STATIC_RESET() method does not exists in class org.apache.log4j.or.RendererMap
09:31:09.547 [Test worker] DEBUG org.evosuite.runtime.classhandling.ClassResetter - __STATIC_RESET() method does not exists in class org.apache.log4j.DefaultCategoryFactory
09:31:09.547 [Test worker] DEBUG org.evosuite.runtime.classhandling.ClassResetter - __STATIC_RESET() method does not exists in class org.apache.log4j.spi.DefaultRepositorySelector
09:31:09.547 [Test worker] DEBUG org.evosuite.runtime.classhandling.ClassResetter - __STATIC_RESET() method does not exists in class org.apache.log4j.helpers.OptionConverter
09:31:09.547 [Test worker] DEBUG org.evosuite.runtime.classhandling.ClassResetter - __STATIC_RESET() method does not exists in class org.apache.log4j.helpers.Loader
09:31:09.547 [Test worker] DEBUG org.evosuite.runtime.classhandling.ClassResetter - __STATIC_RESET() method does not exists in class org.apache.log4j.helpers.LogLog
09:31:09.547 [Test worker] DEBUG org.evosuite.runtime.classhandling.ClassResetter - __STATIC_RESET() method does not exists in class org.apache.log4j.PropertyConfigurator
09:31:09.547 [Test worker] DEBUG org.evosuite.runtime.classhandling.ClassResetter - __STATIC_RESET() method does not exists in class org.apache.log4j.LogManager
09:31:09.547 [Test worker] DEBUG org.evosuite.runtime.classhandling.ClassResetter - __STATIC_RESET() method does not exists in class org.apache.log4j.CategoryKey
09:31:09.547 [Test worker] DEBUG org.evosuite.runtime.classhandling.ClassResetter - __STATIC_RESET() method does not exists in class org.apache.log4j.ProvisionNode
09:31:09.547 [Test worker] DEBUG org.evosuite.runtime.classhandling.ClassResetter - __STATIC_RESET() method does not exists in class org.apache.axis.handlers.BasicHandler
09:31:09.552 [Test worker] DEBUG org.evosuite.runtime.classhandling.ClassResetter - __STATIC_RESET() method does not exists in class org.apache.axis.AxisEngine
09:31:09.552 [Test worker] DEBUG org.evosuite.runtime.classhandling.ClassResetter - __STATIC_RESET() method does not exists in class org.apache.axis.server.AxisServer
09:31:09.552 [Test worker] DEBUG org.evosuite.runtime.classhandling.ClassResetter - __STATIC_RESET() method does not exists in class org.apache.axis.AxisProperties
09:31:09.552 [Test worker] DEBUG org.evosuite.runtime.classhandling.ClassResetter - __STATIC_RESET() method does not exists in class org.apache.commons.discovery.resource.names.ResourceNameDiscoverImpl
09:31:09.552 [Test worker] DEBUG org.evosuite.runtime.classhandling.ClassResetter - __STATIC_RESET() method does not exists in class org.apache.commons.discovery.log.SimpleLog
09:31:09.552 [Test worker] DEBUG org.evosuite.runtime.classhandling.ClassResetter - __STATIC_RESET() method does not exists in class org.apache.commons.discovery.log.DiscoveryLogFactory
09:31:09.552 [Test worker] DEBUG org.evosuite.runtime.classhandling.ClassResetter - __STATIC_RESET() method does not exists in class org.apache.commons.discovery.tools.ClassUtils
09:31:09.552 [Test worker] DEBUG org.evosuite.runtime.classhandling.ClassResetter - __STATIC_RESET() method does not exists in class org.apache.commons.discovery.resource.names.DiscoverNamesInAlternateManagedProperties
09:31:09.552 [Test worker] DEBUG org.evosuite.runtime.classhandling.ClassResetter - __STATIC_RESET() method does not exists in class org.apache.commons.discovery.resource.names.DiscoverMappedNames
09:31:09.552 [Test worker] DEBUG org.evosuite.runtime.classhandling.ClassResetter - __STATIC_RESET() method does not exists in class org.apache.axis.configuration.EngineConfigurationFactoryFinder
09:31:09.552 [Test worker] DEBUG org.evosuite.runtime.classhandling.ClassResetter - __STATIC_RESET() method does not exists in class org.apache.axis.configuration.EngineConfigurationFactoryFinder$1
09:31:09.553 [Test worker] DEBUG org.evosuite.runtime.classhandling.ClassResetter - __STATIC_RESET() method does not exists in class org.apache.commons.discovery.resource.names.NameDiscoverers
09:31:09.553 [Test worker] DEBUG org.evosuite.runtime.classhandling.ClassResetter - __STATIC_RESET() method does not exists in class org.apache.commons.discovery.resource.names.DiscoverNamesInManagedProperties
09:31:09.553 [Test worker] DEBUG org.evosuite.runtime.classhandling.ClassResetter - __STATIC_RESET() method does not exists in class org.apache.commons.discovery.resource.names.DiscoverNamesInFile
09:31:09.553 [Test worker] DEBUG org.evosuite.runtime.classhandling.ClassResetter - __STATIC_RESET() method does not exists in class org.apache.commons.discovery.resource.names.DiscoverServiceNames
09:31:09.553 [Test worker] DEBUG org.evosuite.runtime.classhandling.ClassResetter - __STATIC_RESET() method does not exists in class org.apache.commons.discovery.resource.ResourceDiscoverImpl
09:31:09.553 [Test worker] DEBUG org.evosuite.runtime.classhandling.ClassResetter - __STATIC_RESET() method does not exists in class org.apache.commons.discovery.resource.DiscoverResources
09:31:09.553 [Test worker] DEBUG org.evosuite.runtime.classhandling.ClassResetter - __STATIC_RESET() method does not exists in class org.apache.commons.discovery.resource.names.NameDiscoverers$1
09:31:09.553 [Test worker] DEBUG org.evosuite.runtime.classhandling.ClassResetter - __STATIC_RESET() method does not exists in class org.apache.xalan.processor.XSLTElementDef
09:31:09.553 [Test worker] DEBUG org.evosuite.runtime.classhandling.ClassResetter - __STATIC_RESET() method does not exists in class org.apache.xalan.processor.XSLTSchema
09:31:09.570 [Test worker] DEBUG org.evosuite.runtime.classhandling.ClassResetter - __STATIC_RESET() method does not exists in class com.browsersoft.openhre.hl7.impl.regular.ExpressionImpl
09:31:09.571 [Test worker] DEBUG org.evosuite.runtime.classhandling.ClassResetter - __STATIC_RESET() method does not exists in class com.browsersoft.openhre.hl7.impl.regular.ExpressionPartImpl
09:31:09.571 [Test worker] DEBUG org.evosuite.runtime.classhandling.ClassResetter - __STATIC_RESET() method does not exists in class com.browsersoft.openhre.hl7.impl.regular.MessageTracerImpl
09:31:09.571 [Test worker] DEBUG org.evosuite.runtime.classhandling.ClassResetter - __STATIC_RESET() method does not exists in class com.browsersoft.openhre.hl7.impl.config.HL7MessageImpl
09:31:09.571 [Test worker] DEBUG org.evosuite.runtime.classhandling.ClassResetter - __STATIC_RESET() method does not exists in class com.browsersoft.openhre.hl7.impl.regular.ExpressionElementMapperImpl
09:31:09.571 [Test worker] DEBUG org.evosuite.runtime.classhandling.ClassResetter - __STATIC_RESET() method does not exists in class com.browsersoft.openhre.hl7.impl.regular.ExpressionElementMapperItemImpl
09:31:09.571 [Test worker] DEBUG org.evosuite.runtime.classhandling.ClassResetter - __STATIC_RESET() method does not exists in class com.browsersoft.openhre.hl7.impl.config.HL7MessageGroupItemImpl
09:31:09.571 [Test worker] DEBUG org.evosuite.runtime.classhandling.ClassResetter - __STATIC_RESET() method does not exists in class com.browsersoft.openhre.hl7.impl.config.HL7MessageGroupImpl
09:31:09.571 [Test worker] DEBUG org.evosuite.runtime.classhandling.ClassResetter - __STATIC_RESET() method does not exists in class com.browsersoft.openhre.hl7.impl.config.HL7MessageSegmentImpl
09:31:09.571 [Test worker] DEBUG org.evosuite.runtime.classhandling.ClassResetter - __STATIC_RESET() method does not exists in class com.browsersoft.openhre.hl7.impl.config.HL7MessageMapImpl
09:31:09.571 [Test worker] DEBUG org.evosuite.runtime.classhandling.ClassResetter - __STATIC_RESET() method does not exists in class com.browsersoft.openhre.hl7.impl.regular.ExpressionMatrixImpl
09:31:09.571 [Test worker] DEBUG org.evosuite.runtime.classhandling.ClassResetter - __STATIC_RESET() method does not exists in class com.browsersoft.openhre.hl7.impl.config.HL7SegmentImpl
09:31:09.571 [Test worker] DEBUG org.evosuite.runtime.classhandling.ClassResetter - __STATIC_RESET() method does not exists in class com.browsersoft.openhre.hl7.impl.config.HL7FieldListImpl
09:31:09.571 [Test worker] DEBUG org.evosuite.runtime.classhandling.ClassResetter - __STATIC_RESET() method does not exists in class com.browsersoft.openhre.hl7.impl.parser.HL7CheckerImpl
09:31:09.571 [Test worker] DEBUG org.evosuite.runtime.classhandling.ClassResetter - __STATIC_RESET() method does not exists in class com.browsersoft.openhre.hl7.impl.parser.HL7ParserImpl
09:31:09.571 [Test worker] DEBUG org.evosuite.runtime.classhandling.ClassResetter - __STATIC_RESET() method does not exists in class com.browsersoft.openhre.hl7.impl.parser.HL7CheckerStateImpl
09:31:09.571 [Test worker] DEBUG org.evosuite.runtime.classhandling.ClassResetter - __STATIC_RESET() method does not exists in class com.browsersoft.openhre.hl7.impl.parser.HL7SAXEventGeneratorImpl
09:31:09.571 [Test worker] DEBUG org.evosuite.runtime.classhandling.ClassResetter - __STATIC_RESET() method does not exists in class com.browsersoft.openhre.hl7.impl.parser.HL72XMLImpl
09:31:09.571 [Test worker] DEBUG org.evosuite.runtime.classhandling.ClassResetter - __STATIC_RESET() method does not exists in class com.browsersoft.openhre.hl7.impl.parser.XMLUtils
09:31:09.571 [Test worker] DEBUG org.evosuite.runtime.classhandling.ClassResetter - __STATIC_RESET() method does not exists in class com.browsersoft.openhre.hl7.impl.config.HL7SegmentMapImpl
09:31:09.571 [Test worker] DEBUG org.evosuite.runtime.classhandling.ClassResetter - __STATIC_RESET() method does not exists in class com.browsersoft.openhre.hl7.impl.regular.ExpressionMatrixBuilderImpl
09:31:09.571 [Test worker] DEBUG org.evosuite.runtime.classhandling.ClassResetter - __STATIC_RESET() method does not exists in class com.browsersoft.openhre.hl7.impl.regular.NodeStack
09:31:09.571 [Test worker] DEBUG org.evosuite.runtime.classhandling.ClassResetter - __STATIC_RESET() method does not exists in class com.browsersoft.openhre.hl7.impl.regular.ExpressionNodeList
09:31:09.571 [Test worker] DEBUG org.evosuite.runtime.classhandling.ClassResetter - __STATIC_RESET() method does not exists in class com.browsersoft.openhre.hl7.api.regular.InvalidExpressionException
09:31:09.571 [Test worker] DEBUG org.evosuite.runtime.classhandling.ClassResetter - __STATIC_RESET() method does not exists in class com.browsersoft.openhre.hl7.impl.config.HL7FieldImpl
09:31:09.571 [Test worker] DEBUG org.evosuite.runtime.classhandling.ClassResetter - __STATIC_RESET() method does not exists in class com.browsersoft.openhre.hl7.impl.config.HL7VersionConfigurationMapImpl
09:31:09.571 [Test worker] DEBUG org.evosuite.runtime.classhandling.ClassResetter - __STATIC_RESET() method does not exists in class com.browsersoft.openhre.hl7.impl.regular.ConnectionList
09:31:09.571 [Test worker] DEBUG org.evosuite.runtime.classhandling.ClassResetter - __STATIC_RESET() method does not exists in class com.browsersoft.openhre.hl7.impl.regular.Connection
09:31:09.571 [Test worker] DEBUG org.evosuite.runtime.classhandling.ClassResetter - __STATIC_RESET() method does not exists in class org.apache.axis.components.logger.LogFactory$1
09:31:09.572 [Test worker] DEBUG org.evosuite.runtime.classhandling.ClassResetter - __STATIC_RESET() method does not exists in class org.apache.axis.components.logger.LogFactory
09:31:09.572 [Test worker] DEBUG org.evosuite.runtime.classhandling.ClassResetter - __STATIC_RESET() method does not exists in class org.apache.log4j.Level
09:31:09.572 [Test worker] DEBUG org.evosuite.runtime.classhandling.ClassResetter - __STATIC_RESET() method does not exists in class org.apache.log4j.Priority
09:31:09.572 [Test worker] DEBUG org.evosuite.runtime.classhandling.ClassResetter - __STATIC_RESET() method does not exists in class org.apache.commons.logging.impl.Log4JLogger
09:31:09.572 [Test worker] DEBUG org.evosuite.runtime.classhandling.ClassResetter - __STATIC_RESET() method does not exists in class org.apache.log4j.Category
09:31:09.572 [Test worker] DEBUG org.evosuite.runtime.classhandling.ClassResetter - __STATIC_RESET() method does not exists in class org.apache.log4j.Logger
09:31:09.572 [Test worker] DEBUG org.evosuite.runtime.classhandling.ClassResetter - __STATIC_RESET() method does not exists in class org.apache.log4j.Hierarchy
09:31:09.572 [Test worker] DEBUG org.evosuite.runtime.classhandling.ClassResetter - __STATIC_RESET() method does not exists in class org.apache.log4j.spi.RootCategory
09:31:09.572 [Test worker] DEBUG org.evosuite.runtime.classhandling.ClassResetter - __STATIC_RESET() method does not exists in class org.apache.log4j.or.DefaultRenderer
09:31:09.572 [Test worker] DEBUG org.evosuite.runtime.classhandling.ClassResetter - __STATIC_RESET() method does not exists in class org.apache.log4j.or.RendererMap
09:31:09.572 [Test worker] DEBUG org.evosuite.runtime.classhandling.ClassResetter - __STATIC_RESET() method does not exists in class org.apache.log4j.DefaultCategoryFactory
09:31:09.572 [Test worker] DEBUG org.evosuite.runtime.classhandling.ClassResetter - __STATIC_RESET() method does not exists in class org.apache.log4j.spi.DefaultRepositorySelector
09:31:09.572 [Test worker] DEBUG org.evosuite.runtime.classhandling.ClassResetter - __STATIC_RESET() method does not exists in class org.apache.log4j.helpers.OptionConverter
09:31:09.572 [Test worker] DEBUG org.evosuite.runtime.classhandling.ClassResetter - __STATIC_RESET() method does not exists in class org.apache.log4j.helpers.Loader
09:31:09.572 [Test worker] DEBUG org.evosuite.runtime.classhandling.ClassResetter - __STATIC_RESET() method does not exists in class org.apache.log4j.helpers.LogLog
09:31:09.572 [Test worker] DEBUG org.evosuite.runtime.classhandling.ClassResetter - __STATIC_RESET() method does not exists in class org.apache.log4j.PropertyConfigurator
09:31:09.572 [Test worker] DEBUG org.evosuite.runtime.classhandling.ClassResetter - __STATIC_RESET() method does not exists in class org.apache.log4j.LogManager
09:31:09.572 [Test worker] DEBUG org.evosuite.runtime.classhandling.ClassResetter - __STATIC_RESET() method does not exists in class org.apache.log4j.CategoryKey
09:31:09.572 [Test worker] DEBUG org.evosuite.runtime.classhandling.ClassResetter - __STATIC_RESET() method does not exists in class org.apache.log4j.ProvisionNode
09:31:09.572 [Test worker] DEBUG org.evosuite.runtime.classhandling.ClassResetter - __STATIC_RESET() method does not exists in class org.apache.axis.handlers.BasicHandler
09:31:09.572 [Test worker] DEBUG org.evosuite.runtime.classhandling.ClassResetter - __STATIC_RESET() method does not exists in class org.apache.axis.AxisEngine
09:31:09.572 [Test worker] DEBUG org.evosuite.runtime.classhandling.ClassResetter - __STATIC_RESET() method does not exists in class org.apache.axis.server.AxisServer
09:31:09.572 [Test worker] DEBUG org.evosuite.runtime.classhandling.ClassResetter - __STATIC_RESET() method does not exists in class org.apache.axis.AxisProperties
09:31:09.572 [Test worker] DEBUG org.evosuite.runtime.classhandling.ClassResetter - __STATIC_RESET() method does not exists in class org.apache.commons.discovery.resource.names.ResourceNameDiscoverImpl
09:31:09.572 [Test worker] DEBUG org.evosuite.runtime.classhandling.ClassResetter - __STATIC_RESET() method does not exists in class org.apache.commons.discovery.log.SimpleLog
09:31:09.572 [Test worker] DEBUG org.evosuite.runtime.classhandling.ClassResetter - __STATIC_RESET() method does not exists in class org.apache.commons.discovery.log.DiscoveryLogFactory
09:31:09.572 [Test worker] DEBUG org.evosuite.runtime.classhandling.ClassResetter - __STATIC_RESET() method does not exists in class org.apache.commons.discovery.tools.ClassUtils
09:31:09.572 [Test worker] DEBUG org.evosuite.runtime.classhandling.ClassResetter - __STATIC_RESET() method does not exists in class org.apache.commons.discovery.resource.names.DiscoverNamesInAlternateManagedProperties
09:31:09.572 [Test worker] DEBUG org.evosuite.runtime.classhandling.ClassResetter - __STATIC_RESET() method does not exists in class org.apache.commons.discovery.resource.names.DiscoverMappedNames
09:31:09.572 [Test worker] DEBUG org.evosuite.runtime.classhandling.ClassResetter - __STATIC_RESET() method does not exists in class org.apache.axis.configuration.EngineConfigurationFactoryFinder
09:31:09.572 [Test worker] DEBUG org.evosuite.runtime.classhandling.ClassResetter - __STATIC_RESET() method does not exists in class org.apache.axis.configuration.EngineConfigurationFactoryFinder$1
09:31:09.572 [Test worker] DEBUG org.evosuite.runtime.classhandling.ClassResetter - __STATIC_RESET() method does not exists in class org.apache.commons.discovery.resource.names.NameDiscoverers
09:31:09.572 [Test worker] DEBUG org.evosuite.runtime.classhandling.ClassResetter - __STATIC_RESET() method does not exists in class org.apache.commons.discovery.resource.names.DiscoverNamesInManagedProperties
09:31:09.572 [Test worker] DEBUG org.evosuite.runtime.classhandling.ClassResetter - __STATIC_RESET() method does not exists in class org.apache.commons.discovery.resource.names.DiscoverNamesInFile
09:31:09.572 [Test worker] DEBUG org.evosuite.runtime.classhandling.ClassResetter - __STATIC_RESET() method does not exists in class org.apache.commons.discovery.resource.names.DiscoverServiceNames
09:31:09.572 [Test worker] DEBUG org.evosuite.runtime.classhandling.ClassResetter - __STATIC_RESET() method does not exists in class org.apache.commons.discovery.resource.ResourceDiscoverImpl
09:31:09.572 [Test worker] DEBUG org.evosuite.runtime.classhandling.ClassResetter - __STATIC_RESET() method does not exists in class org.apache.commons.discovery.resource.DiscoverResources
09:31:09.573 [Test worker] DEBUG org.evosuite.runtime.classhandling.ClassResetter - __STATIC_RESET() method does not exists in class org.apache.commons.discovery.resource.names.NameDiscoverers$1
09:31:09.573 [Test worker] DEBUG org.evosuite.runtime.classhandling.ClassResetter - __STATIC_RESET() method does not exists in class org.apache.xalan.processor.XSLTElementDef
09:31:09.573 [Test worker] DEBUG org.evosuite.runtime.classhandling.ClassResetter - __STATIC_RESET() method does not exists in class org.apache.xalan.processor.XSLTSchema
09:31:09.576 [Test worker] DEBUG org.evosuite.runtime.classhandling.ClassResetter - __STATIC_RESET() method does not exists in class com.browsersoft.openhre.hl7.impl.regular.ExpressionImpl
09:31:09.576 [Test worker] DEBUG org.evosuite.runtime.classhandling.ClassResetter - __STATIC_RESET() method does not exists in class com.browsersoft.openhre.hl7.impl.regular.ExpressionPartImpl
09:31:09.576 [Test worker] DEBUG org.evosuite.runtime.classhandling.ClassResetter - __STATIC_RESET() method does not exists in class com.browsersoft.openhre.hl7.impl.regular.MessageTracerImpl
09:31:09.576 [Test worker] DEBUG org.evosuite.runtime.classhandling.ClassResetter - __STATIC_RESET() method does not exists in class com.browsersoft.openhre.hl7.impl.config.HL7MessageImpl
09:31:09.576 [Test worker] DEBUG org.evosuite.runtime.classhandling.ClassResetter - __STATIC_RESET() method does not exists in class com.browsersoft.openhre.hl7.impl.regular.ExpressionElementMapperImpl
09:31:09.576 [Test worker] DEBUG org.evosuite.runtime.classhandling.ClassResetter - __STATIC_RESET() method does not exists in class com.browsersoft.openhre.hl7.impl.regular.ExpressionElementMapperItemImpl
09:31:09.576 [Test worker] DEBUG org.evosuite.runtime.classhandling.ClassResetter - __STATIC_RESET() method does not exists in class com.browsersoft.openhre.hl7.impl.config.HL7MessageGroupItemImpl
09:31:09.576 [Test worker] DEBUG org.evosuite.runtime.classhandling.ClassResetter - __STATIC_RESET() method does not exists in class com.browsersoft.openhre.hl7.impl.config.HL7MessageGroupImpl
09:31:09.576 [Test worker] DEBUG org.evosuite.runtime.classhandling.ClassResetter - __STATIC_RESET() method does not exists in class com.browsersoft.openhre.hl7.impl.config.HL7MessageSegmentImpl
09:31:09.576 [Test worker] DEBUG org.evosuite.runtime.classhandling.ClassResetter - __STATIC_RESET() method does not exists in class com.browsersoft.openhre.hl7.impl.config.HL7MessageMapImpl
09:31:09.576 [Test worker] DEBUG org.evosuite.runtime.classhandling.ClassResetter - __STATIC_RESET() method does not exists in class com.browsersoft.openhre.hl7.impl.regular.ExpressionMatrixImpl
09:31:09.576 [Test worker] DEBUG org.evosuite.runtime.classhandling.ClassResetter - __STATIC_RESET() method does not exists in class com.browsersoft.openhre.hl7.impl.config.HL7SegmentImpl
09:31:09.576 [Test worker] DEBUG org.evosuite.runtime.classhandling.ClassResetter - __STATIC_RESET() method does not exists in class com.browsersoft.openhre.hl7.impl.config.HL7FieldListImpl
09:31:09.576 [Test worker] DEBUG org.evosuite.runtime.classhandling.ClassResetter - __STATIC_RESET() method does not exists in class com.browsersoft.openhre.hl7.impl.parser.HL7CheckerImpl
09:31:09.576 [Test worker] DEBUG org.evosuite.runtime.classhandling.ClassResetter - __STATIC_RESET() method does not exists in class com.browsersoft.openhre.hl7.impl.parser.HL7ParserImpl
09:31:09.577 [Test worker] DEBUG org.evosuite.runtime.classhandling.ClassResetter - __STATIC_RESET() method does not exists in class com.browsersoft.openhre.hl7.impl.parser.HL7CheckerStateImpl
09:31:09.577 [Test worker] DEBUG org.evosuite.runtime.classhandling.ClassResetter - __STATIC_RESET() method does not exists in class com.browsersoft.openhre.hl7.impl.parser.HL7SAXEventGeneratorImpl
09:31:09.577 [Test worker] DEBUG org.evosuite.runtime.classhandling.ClassResetter - __STATIC_RESET() method does not exists in class com.browsersoft.openhre.hl7.impl.parser.HL72XMLImpl
09:31:09.577 [Test worker] DEBUG org.evosuite.runtime.classhandling.ClassResetter - __STATIC_RESET() method does not exists in class com.browsersoft.openhre.hl7.impl.parser.XMLUtils
09:31:09.577 [Test worker] DEBUG org.evosuite.runtime.classhandling.ClassResetter - __STATIC_RESET() method does not exists in class com.browsersoft.openhre.hl7.impl.config.HL7SegmentMapImpl
09:31:09.577 [Test worker] DEBUG org.evosuite.runtime.classhandling.ClassResetter - __STATIC_RESET() method does not exists in class com.browsersoft.openhre.hl7.impl.regular.ExpressionMatrixBuilderImpl
09:31:09.577 [Test worker] DEBUG org.evosuite.runtime.classhandling.ClassResetter - __STATIC_RESET() method does not exists in class com.browsersoft.openhre.hl7.impl.regular.NodeStack
09:31:09.577 [Test worker] DEBUG org.evosuite.runtime.classhandling.ClassResetter - __STATIC_RESET() method does not exists in class com.browsersoft.openhre.hl7.impl.regular.ExpressionNodeList
09:31:09.577 [Test worker] DEBUG org.evosuite.runtime.classhandling.ClassResetter - __STATIC_RESET() method does not exists in class com.browsersoft.openhre.hl7.api.regular.InvalidExpressionException
09:31:09.577 [Test worker] DEBUG org.evosuite.runtime.classhandling.ClassResetter - __STATIC_RESET() method does not exists in class com.browsersoft.openhre.hl7.impl.config.HL7FieldImpl
09:31:09.577 [Test worker] DEBUG org.evosuite.runtime.classhandling.ClassResetter - __STATIC_RESET() method does not exists in class com.browsersoft.openhre.hl7.impl.config.HL7VersionConfigurationMapImpl
09:31:09.577 [Test worker] DEBUG org.evosuite.runtime.classhandling.ClassResetter - __STATIC_RESET() method does not exists in class com.browsersoft.openhre.hl7.impl.regular.ConnectionList
09:31:09.577 [Test worker] DEBUG org.evosuite.runtime.classhandling.ClassResetter - __STATIC_RESET() method does not exists in class com.browsersoft.openhre.hl7.impl.regular.Connection
09:31:09.577 [Test worker] DEBUG org.evosuite.runtime.classhandling.ClassResetter - __STATIC_RESET() method does not exists in class org.apache.axis.components.logger.LogFactory$1
09:31:09.577 [Test worker] DEBUG org.evosuite.runtime.classhandling.ClassResetter - __STATIC_RESET() method does not exists in class org.apache.axis.components.logger.LogFactory
09:31:09.577 [Test worker] DEBUG org.evosuite.runtime.classhandling.ClassResetter - __STATIC_RESET() method does not exists in class org.apache.log4j.Level
09:31:09.577 [Test worker] DEBUG org.evosuite.runtime.classhandling.ClassResetter - __STATIC_RESET() method does not exists in class org.apache.log4j.Priority
09:31:09.577 [Test worker] DEBUG org.evosuite.runtime.classhandling.ClassResetter - __STATIC_RESET() method does not exists in class org.apache.commons.logging.impl.Log4JLogger
09:31:09.577 [Test worker] DEBUG org.evosuite.runtime.classhandling.ClassResetter - __STATIC_RESET() method does not exists in class org.apache.log4j.Category
09:31:09.577 [Test worker] DEBUG org.evosuite.runtime.classhandling.ClassResetter - __STATIC_RESET() method does not exists in class org.apache.log4j.Logger
09:31:09.577 [Test worker] DEBUG org.evosuite.runtime.classhandling.ClassResetter - __STATIC_RESET() method does not exists in class org.apache.log4j.Hierarchy
09:31:09.577 [Test worker] DEBUG org.evosuite.runtime.classhandling.ClassResetter - __STATIC_RESET() method does not exists in class org.apache.log4j.spi.RootCategory
09:31:09.577 [Test worker] DEBUG org.evosuite.runtime.classhandling.ClassResetter - __STATIC_RESET() method does not exists in class org.apache.log4j.or.DefaultRenderer
09:31:09.577 [Test worker] DEBUG org.evosuite.runtime.classhandling.ClassResetter - __STATIC_RESET() method does not exists in class org.apache.log4j.or.RendererMap
09:31:09.577 [Test worker] DEBUG org.evosuite.runtime.classhandling.ClassResetter - __STATIC_RESET() method does not exists in class org.apache.log4j.DefaultCategoryFactory
09:31:09.577 [Test worker] DEBUG org.evosuite.runtime.classhandling.ClassResetter - __STATIC_RESET() method does not exists in class org.apache.log4j.spi.DefaultRepositorySelector
09:31:09.577 [Test worker] DEBUG org.evosuite.runtime.classhandling.ClassResetter - __STATIC_RESET() method does not exists in class org.apache.log4j.helpers.OptionConverter
09:31:09.577 [Test worker] DEBUG org.evosuite.runtime.classhandling.ClassResetter - __STATIC_RESET() method does not exists in class org.apache.log4j.helpers.Loader
09:31:09.577 [Test worker] DEBUG org.evosuite.runtime.classhandling.ClassResetter - __STATIC_RESET() method does not exists in class org.apache.log4j.helpers.LogLog
09:31:09.577 [Test worker] DEBUG org.evosuite.runtime.classhandling.ClassResetter - __STATIC_RESET() method does not exists in class org.apache.log4j.PropertyConfigurator
09:31:09.577 [Test worker] DEBUG org.evosuite.runtime.classhandling.ClassResetter - __STATIC_RESET() method does not exists in class org.apache.log4j.LogManager
09:31:09.577 [Test worker] DEBUG org.evosuite.runtime.classhandling.ClassResetter - __STATIC_RESET() method does not exists in class org.apache.log4j.CategoryKey
09:31:09.577 [Test worker] DEBUG org.evosuite.runtime.classhandling.ClassResetter - __STATIC_RESET() method does not exists in class org.apache.log4j.ProvisionNode
09:31:09.577 [Test worker] DEBUG org.evosuite.runtime.classhandling.ClassResetter - __STATIC_RESET() method does not exists in class org.apache.axis.handlers.BasicHandler
09:31:09.577 [Test worker] DEBUG org.evosuite.runtime.classhandling.ClassResetter - __STATIC_RESET() method does not exists in class org.apache.axis.AxisEngine
09:31:09.578 [Test worker] DEBUG org.evosuite.runtime.classhandling.ClassResetter - __STATIC_RESET() method does not exists in class org.apache.axis.server.AxisServer
09:31:09.578 [Test worker] DEBUG org.evosuite.runtime.classhandling.ClassResetter - __STATIC_RESET() method does not exists in class org.apache.axis.AxisProperties
09:31:09.578 [Test worker] DEBUG org.evosuite.runtime.classhandling.ClassResetter - __STATIC_RESET() method does not exists in class org.apache.commons.discovery.resource.names.ResourceNameDiscoverImpl
09:31:09.578 [Test worker] DEBUG org.evosuite.runtime.classhandling.ClassResetter - __STATIC_RESET() method does not exists in class org.apache.commons.discovery.log.SimpleLog
09:31:09.578 [Test worker] DEBUG org.evosuite.runtime.classhandling.ClassResetter - __STATIC_RESET() method does not exists in class org.apache.commons.discovery.log.DiscoveryLogFactory
09:31:09.578 [Test worker] DEBUG org.evosuite.runtime.classhandling.ClassResetter - __STATIC_RESET() method does not exists in class org.apache.commons.discovery.tools.ClassUtils
09:31:09.578 [Test worker] DEBUG org.evosuite.runtime.classhandling.ClassResetter - __STATIC_RESET() method does not exists in class org.apache.commons.discovery.resource.names.DiscoverNamesInAlternateManagedProperties
09:31:09.578 [Test worker] DEBUG org.evosuite.runtime.classhandling.ClassResetter - __STATIC_RESET() method does not exists in class org.apache.commons.discovery.resource.names.DiscoverMappedNames
09:31:09.578 [Test worker] DEBUG org.evosuite.runtime.classhandling.ClassResetter - __STATIC_RESET() method does not exists in class org.apache.axis.configuration.EngineConfigurationFactoryFinder
09:31:09.578 [Test worker] DEBUG org.evosuite.runtime.classhandling.ClassResetter - __STATIC_RESET() method does not exists in class org.apache.axis.configuration.EngineConfigurationFactoryFinder$1
09:31:09.578 [Test worker] DEBUG org.evosuite.runtime.classhandling.ClassResetter - __STATIC_RESET() method does not exists in class org.apache.commons.discovery.resource.names.NameDiscoverers
09:31:09.578 [Test worker] DEBUG org.evosuite.runtime.classhandling.ClassResetter - __STATIC_RESET() method does not exists in class org.apache.commons.discovery.resource.names.DiscoverNamesInManagedProperties
09:31:09.578 [Test worker] DEBUG org.evosuite.runtime.classhandling.ClassResetter - __STATIC_RESET() method does not exists in class org.apache.commons.discovery.resource.names.DiscoverNamesInFile
09:31:09.578 [Test worker] DEBUG org.evosuite.runtime.classhandling.ClassResetter - __STATIC_RESET() method does not exists in class org.apache.commons.discovery.resource.names.DiscoverServiceNames
09:31:09.578 [Test worker] DEBUG org.evosuite.runtime.classhandling.ClassResetter - __STATIC_RESET() method does not exists in class org.apache.commons.discovery.resource.ResourceDiscoverImpl
09:31:09.578 [Test worker] DEBUG org.evosuite.runtime.classhandling.ClassResetter - __STATIC_RESET() method does not exists in class org.apache.commons.discovery.resource.DiscoverResources
09:31:09.578 [Test worker] DEBUG org.evosuite.runtime.classhandling.ClassResetter - __STATIC_RESET() method does not exists in class org.apache.commons.discovery.resource.names.NameDiscoverers$1
09:31:09.578 [Test worker] DEBUG org.evosuite.runtime.classhandling.ClassResetter - __STATIC_RESET() method does not exists in class org.apache.xalan.processor.XSLTElementDef
09:31:09.578 [Test worker] DEBUG org.evosuite.runtime.classhandling.ClassResetter - __STATIC_RESET() method does not exists in class org.apache.xalan.processor.XSLTSchema
09:31:09.581 [Test worker] DEBUG org.evosuite.runtime.classhandling.ClassResetter - __STATIC_RESET() method does not exists in class com.browsersoft.openhre.hl7.impl.regular.ExpressionImpl
09:31:09.581 [Test worker] DEBUG org.evosuite.runtime.classhandling.ClassResetter - __STATIC_RESET() method does not exists in class com.browsersoft.openhre.hl7.impl.regular.ExpressionPartImpl
09:31:09.581 [Test worker] DEBUG org.evosuite.runtime.classhandling.ClassResetter - __STATIC_RESET() method does not exists in class com.browsersoft.openhre.hl7.impl.regular.MessageTracerImpl
09:31:09.581 [Test worker] DEBUG org.evosuite.runtime.classhandling.ClassResetter - __STATIC_RESET() method does not exists in class com.browsersoft.openhre.hl7.impl.config.HL7MessageImpl
09:31:09.581 [Test worker] DEBUG org.evosuite.runtime.classhandling.ClassResetter - __STATIC_RESET() method does not exists in class com.browsersoft.openhre.hl7.impl.regular.ExpressionElementMapperImpl
09:31:09.581 [Test worker] DEBUG org.evosuite.runtime.classhandling.ClassResetter - __STATIC_RESET() method does not exists in class com.browsersoft.openhre.hl7.impl.regular.ExpressionElementMapperItemImpl
09:31:09.581 [Test worker] DEBUG org.evosuite.runtime.classhandling.ClassResetter - __STATIC_RESET() method does not exists in class com.browsersoft.openhre.hl7.impl.config.HL7MessageGroupItemImpl
09:31:09.581 [Test worker] DEBUG org.evosuite.runtime.classhandling.ClassResetter - __STATIC_RESET() method does not exists in class com.browsersoft.openhre.hl7.impl.config.HL7MessageGroupImpl
09:31:09.581 [Test worker] DEBUG org.evosuite.runtime.classhandling.ClassResetter - __STATIC_RESET() method does not exists in class com.browsersoft.openhre.hl7.impl.config.HL7MessageSegmentImpl
09:31:09.581 [Test worker] DEBUG org.evosuite.runtime.classhandling.ClassResetter - __STATIC_RESET() method does not exists in class com.browsersoft.openhre.hl7.impl.config.HL7MessageMapImpl
09:31:09.581 [Test worker] DEBUG org.evosuite.runtime.classhandling.ClassResetter - __STATIC_RESET() method does not exists in class com.browsersoft.openhre.hl7.impl.regular.ExpressionMatrixImpl
09:31:09.581 [Test worker] DEBUG org.evosuite.runtime.classhandling.ClassResetter - __STATIC_RESET() method does not exists in class com.browsersoft.openhre.hl7.impl.config.HL7SegmentImpl
09:31:09.581 [Test worker] DEBUG org.evosuite.runtime.classhandling.ClassResetter - __STATIC_RESET() method does not exists in class com.browsersoft.openhre.hl7.impl.config.HL7FieldListImpl
09:31:09.581 [Test worker] DEBUG org.evosuite.runtime.classhandling.ClassResetter - __STATIC_RESET() method does not exists in class com.browsersoft.openhre.hl7.impl.parser.HL7CheckerImpl
09:31:09.581 [Test worker] DEBUG org.evosuite.runtime.classhandling.ClassResetter - __STATIC_RESET() method does not exists in class com.browsersoft.openhre.hl7.impl.parser.HL7ParserImpl
09:31:09.581 [Test worker] DEBUG org.evosuite.runtime.classhandling.ClassResetter - __STATIC_RESET() method does not exists in class com.browsersoft.openhre.hl7.impl.parser.HL7CheckerStateImpl
09:31:09.581 [Test worker] DEBUG org.evosuite.runtime.classhandling.ClassResetter - __STATIC_RESET() method does not exists in class com.browsersoft.openhre.hl7.impl.parser.HL7SAXEventGeneratorImpl
09:31:09.582 [Test worker] DEBUG org.evosuite.runtime.classhandling.ClassResetter - __STATIC_RESET() method does not exists in class com.browsersoft.openhre.hl7.impl.parser.HL72XMLImpl
09:31:09.582 [Test worker] DEBUG org.evosuite.runtime.classhandling.ClassResetter - __STATIC_RESET() method does not exists in class com.browsersoft.openhre.hl7.impl.parser.XMLUtils
09:31:09.582 [Test worker] DEBUG org.evosuite.runtime.classhandling.ClassResetter - __STATIC_RESET() method does not exists in class com.browsersoft.openhre.hl7.impl.config.HL7SegmentMapImpl
09:31:09.582 [Test worker] DEBUG org.evosuite.runtime.classhandling.ClassResetter - __STATIC_RESET() method does not exists in class com.browsersoft.openhre.hl7.impl.regular.ExpressionMatrixBuilderImpl
09:31:09.582 [Test worker] DEBUG org.evosuite.runtime.classhandling.ClassResetter - __STATIC_RESET() method does not exists in class com.browsersoft.openhre.hl7.impl.regular.NodeStack
09:31:09.582 [Test worker] DEBUG org.evosuite.runtime.classhandling.ClassResetter - __STATIC_RESET() method does not exists in class com.browsersoft.openhre.hl7.impl.regular.ExpressionNodeList
09:31:09.582 [Test worker] DEBUG org.evosuite.runtime.classhandling.ClassResetter - __STATIC_RESET() method does not exists in class com.browsersoft.openhre.hl7.api.regular.InvalidExpressionException
09:31:09.582 [Test worker] DEBUG org.evosuite.runtime.classhandling.ClassResetter - __STATIC_RESET() method does not exists in class com.browsersoft.openhre.hl7.impl.config.HL7FieldImpl
09:31:09.582 [Test worker] DEBUG org.evosuite.runtime.classhandling.ClassResetter - __STATIC_RESET() method does not exists in class com.browsersoft.openhre.hl7.impl.config.HL7VersionConfigurationMapImpl
09:31:09.582 [Test worker] DEBUG org.evosuite.runtime.classhandling.ClassResetter - __STATIC_RESET() method does not exists in class com.browsersoft.openhre.hl7.impl.regular.ConnectionList
09:31:09.582 [Test worker] DEBUG org.evosuite.runtime.classhandling.ClassResetter - __STATIC_RESET() method does not exists in class com.browsersoft.openhre.hl7.impl.regular.Connection
09:31:09.582 [Test worker] DEBUG org.evosuite.runtime.classhandling.ClassResetter - __STATIC_RESET() method does not exists in class org.apache.axis.components.logger.LogFactory$1
09:31:09.582 [Test worker] DEBUG org.evosuite.runtime.classhandling.ClassResetter - __STATIC_RESET() method does not exists in class org.apache.axis.components.logger.LogFactory
09:31:09.582 [Test worker] DEBUG org.evosuite.runtime.classhandling.ClassResetter - __STATIC_RESET() method does not exists in class org.apache.log4j.Level
09:31:09.582 [Test worker] DEBUG org.evosuite.runtime.classhandling.ClassResetter - __STATIC_RESET() method does not exists in class org.apache.log4j.Priority
09:31:09.582 [Test worker] DEBUG org.evosuite.runtime.classhandling.ClassResetter - __STATIC_RESET() method does not exists in class org.apache.commons.logging.impl.Log4JLogger
09:31:09.582 [Test worker] DEBUG org.evosuite.runtime.classhandling.ClassResetter - __STATIC_RESET() method does not exists in class org.apache.log4j.Category
09:31:09.582 [Test worker] DEBUG org.evosuite.runtime.classhandling.ClassResetter - __STATIC_RESET() method does not exists in class org.apache.log4j.Logger
09:31:09.582 [Test worker] DEBUG org.evosuite.runtime.classhandling.ClassResetter - __STATIC_RESET() method does not exists in class org.apache.log4j.Hierarchy
09:31:09.582 [Test worker] DEBUG org.evosuite.runtime.classhandling.ClassResetter - __STATIC_RESET() method does not exists in class org.apache.log4j.spi.RootCategory
09:31:09.582 [Test worker] DEBUG org.evosuite.runtime.classhandling.ClassResetter - __STATIC_RESET() method does not exists in class org.apache.log4j.or.DefaultRenderer
09:31:09.582 [Test worker] DEBUG org.evosuite.runtime.classhandling.ClassResetter - __STATIC_RESET() method does not exists in class org.apache.log4j.or.RendererMap
09:31:09.582 [Test worker] DEBUG org.evosuite.runtime.classhandling.ClassResetter - __STATIC_RESET() method does not exists in class org.apache.log4j.DefaultCategoryFactory
09:31:09.582 [Test worker] DEBUG org.evosuite.runtime.classhandling.ClassResetter - __STATIC_RESET() method does not exists in class org.apache.log4j.spi.DefaultRepositorySelector
09:31:09.582 [Test worker] DEBUG org.evosuite.runtime.classhandling.ClassResetter - __STATIC_RESET() method does not exists in class org.apache.log4j.helpers.OptionConverter
09:31:09.582 [Test worker] DEBUG org.evosuite.runtime.classhandling.ClassResetter - __STATIC_RESET() method does not exists in class org.apache.log4j.helpers.Loader
09:31:09.582 [Test worker] DEBUG org.evosuite.runtime.classhandling.ClassResetter - __STATIC_RESET() method does not exists in class org.apache.log4j.helpers.LogLog
09:31:09.582 [Test worker] DEBUG org.evosuite.runtime.classhandling.ClassResetter - __STATIC_RESET() method does not exists in class org.apache.log4j.PropertyConfigurator
09:31:09.582 [Test worker] DEBUG org.evosuite.runtime.classhandling.ClassResetter - __STATIC_RESET() method does not exists in class org.apache.log4j.LogManager
09:31:09.582 [Test worker] DEBUG org.evosuite.runtime.classhandling.ClassResetter - __STATIC_RESET() method does not exists in class org.apache.log4j.CategoryKey
09:31:09.582 [Test worker] DEBUG org.evosuite.runtime.classhandling.ClassResetter - __STATIC_RESET() method does not exists in class org.apache.log4j.ProvisionNode
09:31:09.582 [Test worker] DEBUG org.evosuite.runtime.classhandling.ClassResetter - __STATIC_RESET() method does not exists in class org.apache.axis.handlers.BasicHandler
09:31:09.582 [Test worker] DEBUG org.evosuite.runtime.classhandling.ClassResetter - __STATIC_RESET() method does not exists in class org.apache.axis.AxisEngine
09:31:09.582 [Test worker] DEBUG org.evosuite.runtime.classhandling.ClassResetter - __STATIC_RESET() method does not exists in class org.apache.axis.server.AxisServer
09:31:09.582 [Test worker] DEBUG org.evosuite.runtime.classhandling.ClassResetter - __STATIC_RESET() method does not exists in class org.apache.axis.AxisProperties
09:31:09.582 [Test worker] DEBUG org.evosuite.runtime.classhandling.ClassResetter - __STATIC_RESET() method does not exists in class org.apache.commons.discovery.resource.names.ResourceNameDiscoverImpl
09:31:09.583 [Test worker] DEBUG org.evosuite.runtime.classhandling.ClassResetter - __STATIC_RESET() method does not exists in class org.apache.commons.discovery.log.SimpleLog
09:31:09.583 [Test worker] DEBUG org.evosuite.runtime.classhandling.ClassResetter - __STATIC_RESET() method does not exists in class org.apache.commons.discovery.log.DiscoveryLogFactory
09:31:09.583 [Test worker] DEBUG org.evosuite.runtime.classhandling.ClassResetter - __STATIC_RESET() method does not exists in class org.apache.commons.discovery.tools.ClassUtils
09:31:09.583 [Test worker] DEBUG org.evosuite.runtime.classhandling.ClassResetter - __STATIC_RESET() method does not exists in class org.apache.commons.discovery.resource.names.DiscoverNamesInAlternateManagedProperties
09:31:09.583 [Test worker] DEBUG org.evosuite.runtime.classhandling.ClassResetter - __STATIC_RESET() method does not exists in class org.apache.commons.discovery.resource.names.DiscoverMappedNames
09:31:09.583 [Test worker] DEBUG org.evosuite.runtime.classhandling.ClassResetter - __STATIC_RESET() method does not exists in class org.apache.axis.configuration.EngineConfigurationFactoryFinder
09:31:09.583 [Test worker] DEBUG org.evosuite.runtime.classhandling.ClassResetter - __STATIC_RESET() method does not exists in class org.apache.axis.configuration.EngineConfigurationFactoryFinder$1
09:31:09.583 [Test worker] DEBUG org.evosuite.runtime.classhandling.ClassResetter - __STATIC_RESET() method does not exists in class org.apache.commons.discovery.resource.names.NameDiscoverers
09:31:09.583 [Test worker] DEBUG org.evosuite.runtime.classhandling.ClassResetter - __STATIC_RESET() method does not exists in class org.apache.commons.discovery.resource.names.DiscoverNamesInManagedProperties
09:31:09.583 [Test worker] DEBUG org.evosuite.runtime.classhandling.ClassResetter - __STATIC_RESET() method does not exists in class org.apache.commons.discovery.resource.names.DiscoverNamesInFile
09:31:09.583 [Test worker] DEBUG org.evosuite.runtime.classhandling.ClassResetter - __STATIC_RESET() method does not exists in class org.apache.commons.discovery.resource.names.DiscoverServiceNames
09:31:09.583 [Test worker] DEBUG org.evosuite.runtime.classhandling.ClassResetter - __STATIC_RESET() method does not exists in class org.apache.commons.discovery.resource.ResourceDiscoverImpl
09:31:09.583 [Test worker] DEBUG org.evosuite.runtime.classhandling.ClassResetter - __STATIC_RESET() method does not exists in class org.apache.commons.discovery.resource.DiscoverResources
09:31:09.583 [Test worker] DEBUG org.evosuite.runtime.classhandling.ClassResetter - __STATIC_RESET() method does not exists in class org.apache.commons.discovery.resource.names.NameDiscoverers$1
09:31:09.583 [Test worker] DEBUG org.evosuite.runtime.classhandling.ClassResetter - __STATIC_RESET() method does not exists in class org.apache.xalan.processor.XSLTElementDef
09:31:09.583 [Test worker] DEBUG org.evosuite.runtime.classhandling.ClassResetter - __STATIC_RESET() method does not exists in class org.apache.xalan.processor.XSLTSchema
09:31:09.587 [Test worker] DEBUG org.evosuite.runtime.classhandling.ClassResetter - __STATIC_RESET() method does not exists in class com.browsersoft.openhre.hl7.impl.regular.ExpressionImpl
09:31:09.588 [Test worker] DEBUG org.evosuite.runtime.classhandling.ClassResetter - __STATIC_RESET() method does not exists in class com.browsersoft.openhre.hl7.impl.regular.ExpressionPartImpl
09:31:09.588 [Test worker] DEBUG org.evosuite.runtime.classhandling.ClassResetter - __STATIC_RESET() method does not exists in class com.browsersoft.openhre.hl7.impl.regular.MessageTracerImpl
09:31:09.588 [Test worker] DEBUG org.evosuite.runtime.classhandling.ClassResetter - __STATIC_RESET() method does not exists in class com.browsersoft.openhre.hl7.impl.config.HL7MessageImpl
09:31:09.588 [Test worker] DEBUG org.evosuite.runtime.classhandling.ClassResetter - __STATIC_RESET() method does not exists in class com.browsersoft.openhre.hl7.impl.regular.ExpressionElementMapperImpl
09:31:09.588 [Test worker] DEBUG org.evosuite.runtime.classhandling.ClassResetter - __STATIC_RESET() method does not exists in class com.browsersoft.openhre.hl7.impl.regular.ExpressionElementMapperItemImpl
09:31:09.588 [Test worker] DEBUG org.evosuite.runtime.classhandling.ClassResetter - __STATIC_RESET() method does not exists in class com.browsersoft.openhre.hl7.impl.config.HL7MessageGroupItemImpl
09:31:09.588 [Test worker] DEBUG org.evosuite.runtime.classhandling.ClassResetter - __STATIC_RESET() method does not exists in class com.browsersoft.openhre.hl7.impl.config.HL7MessageGroupImpl
09:31:09.588 [Test worker] DEBUG org.evosuite.runtime.classhandling.ClassResetter - __STATIC_RESET() method does not exists in class com.browsersoft.openhre.hl7.impl.config.HL7MessageSegmentImpl
09:31:09.588 [Test worker] DEBUG org.evosuite.runtime.classhandling.ClassResetter - __STATIC_RESET() method does not exists in class com.browsersoft.openhre.hl7.impl.config.HL7MessageMapImpl
09:31:09.588 [Test worker] DEBUG org.evosuite.runtime.classhandling.ClassResetter - __STATIC_RESET() method does not exists in class com.browsersoft.openhre.hl7.impl.regular.ExpressionMatrixImpl
09:31:09.588 [Test worker] DEBUG org.evosuite.runtime.classhandling.ClassResetter - __STATIC_RESET() method does not exists in class com.browsersoft.openhre.hl7.impl.config.HL7SegmentImpl
09:31:09.588 [Test worker] DEBUG org.evosuite.runtime.classhandling.ClassResetter - __STATIC_RESET() method does not exists in class com.browsersoft.openhre.hl7.impl.config.HL7FieldListImpl
09:31:09.588 [Test worker] DEBUG org.evosuite.runtime.classhandling.ClassResetter - __STATIC_RESET() method does not exists in class com.browsersoft.openhre.hl7.impl.parser.HL7CheckerImpl
09:31:09.588 [Test worker] DEBUG org.evosuite.runtime.classhandling.ClassResetter - __STATIC_RESET() method does not exists in class com.browsersoft.openhre.hl7.impl.parser.HL7ParserImpl
09:31:09.588 [Test worker] DEBUG org.evosuite.runtime.classhandling.ClassResetter - __STATIC_RESET() method does not exists in class com.browsersoft.openhre.hl7.impl.parser.HL7CheckerStateImpl
09:31:09.588 [Test worker] DEBUG org.evosuite.runtime.classhandling.ClassResetter - __STATIC_RESET() method does not exists in class com.browsersoft.openhre.hl7.impl.parser.HL7SAXEventGeneratorImpl
09:31:09.588 [Test worker] DEBUG org.evosuite.runtime.classhandling.ClassResetter - __STATIC_RESET() method does not exists in class com.browsersoft.openhre.hl7.impl.parser.HL72XMLImpl
09:31:09.588 [Test worker] DEBUG org.evosuite.runtime.classhandling.ClassResetter - __STATIC_RESET() method does not exists in class com.browsersoft.openhre.hl7.impl.parser.XMLUtils
09:31:09.588 [Test worker] DEBUG org.evosuite.runtime.classhandling.ClassResetter - __STATIC_RESET() method does not exists in class com.browsersoft.openhre.hl7.impl.config.HL7SegmentMapImpl
09:31:09.588 [Test worker] DEBUG org.evosuite.runtime.classhandling.ClassResetter - __STATIC_RESET() method does not exists in class com.browsersoft.openhre.hl7.impl.regular.ExpressionMatrixBuilderImpl
09:31:09.588 [Test worker] DEBUG org.evosuite.runtime.classhandling.ClassResetter - __STATIC_RESET() method does not exists in class com.browsersoft.openhre.hl7.impl.regular.NodeStack
09:31:09.588 [Test worker] DEBUG org.evosuite.runtime.classhandling.ClassResetter - __STATIC_RESET() method does not exists in class com.browsersoft.openhre.hl7.impl.regular.ExpressionNodeList
09:31:09.588 [Test worker] DEBUG org.evosuite.runtime.classhandling.ClassResetter - __STATIC_RESET() method does not exists in class com.browsersoft.openhre.hl7.api.regular.InvalidExpressionException
09:31:09.588 [Test worker] DEBUG org.evosuite.runtime.classhandling.ClassResetter - __STATIC_RESET() method does not exists in class com.browsersoft.openhre.hl7.impl.config.HL7FieldImpl
09:31:09.588 [Test worker] DEBUG org.evosuite.runtime.classhandling.ClassResetter - __STATIC_RESET() method does not exists in class com.browsersoft.openhre.hl7.impl.config.HL7VersionConfigurationMapImpl
09:31:09.588 [Test worker] DEBUG org.evosuite.runtime.classhandling.ClassResetter - __STATIC_RESET() method does not exists in class com.browsersoft.openhre.hl7.impl.regular.ConnectionList
09:31:09.588 [Test worker] DEBUG org.evosuite.runtime.classhandling.ClassResetter - __STATIC_RESET() method does not exists in class com.browsersoft.openhre.hl7.impl.regular.Connection
09:31:09.588 [Test worker] DEBUG org.evosuite.runtime.classhandling.ClassResetter - __STATIC_RESET() method does not exists in class org.apache.axis.components.logger.LogFactory$1
09:31:09.588 [Test worker] DEBUG org.evosuite.runtime.classhandling.ClassResetter - __STATIC_RESET() method does not exists in class org.apache.axis.components.logger.LogFactory
09:31:09.588 [Test worker] DEBUG org.evosuite.runtime.classhandling.ClassResetter - __STATIC_RESET() method does not exists in class org.apache.log4j.Level
09:31:09.588 [Test worker] DEBUG org.evosuite.runtime.classhandling.ClassResetter - __STATIC_RESET() method does not exists in class org.apache.log4j.Priority
09:31:09.588 [Test worker] DEBUG org.evosuite.runtime.classhandling.ClassResetter - __STATIC_RESET() method does not exists in class org.apache.commons.logging.impl.Log4JLogger
09:31:09.588 [Test worker] DEBUG org.evosuite.runtime.classhandling.ClassResetter - __STATIC_RESET() method does not exists in class org.apache.log4j.Category
09:31:09.588 [Test worker] DEBUG org.evosuite.runtime.classhandling.ClassResetter - __STATIC_RESET() method does not exists in class org.apache.log4j.Logger
09:31:09.588 [Test worker] DEBUG org.evosuite.runtime.classhandling.ClassResetter - __STATIC_RESET() method does not exists in class org.apache.log4j.Hierarchy
09:31:09.589 [Test worker] DEBUG org.evosuite.runtime.classhandling.ClassResetter - __STATIC_RESET() method does not exists in class org.apache.log4j.spi.RootCategory
09:31:09.589 [Test worker] DEBUG org.evosuite.runtime.classhandling.ClassResetter - __STATIC_RESET() method does not exists in class org.apache.log4j.or.DefaultRenderer
09:31:09.589 [Test worker] DEBUG org.evosuite.runtime.classhandling.ClassResetter - __STATIC_RESET() method does not exists in class org.apache.log4j.or.RendererMap
09:31:09.589 [Test worker] DEBUG org.evosuite.runtime.classhandling.ClassResetter - __STATIC_RESET() method does not exists in class org.apache.log4j.DefaultCategoryFactory
09:31:09.589 [Test worker] DEBUG org.evosuite.runtime.classhandling.ClassResetter - __STATIC_RESET() method does not exists in class org.apache.log4j.spi.DefaultRepositorySelector
09:31:09.589 [Test worker] DEBUG org.evosuite.runtime.classhandling.ClassResetter - __STATIC_RESET() method does not exists in class org.apache.log4j.helpers.OptionConverter
09:31:09.589 [Test worker] DEBUG org.evosuite.runtime.classhandling.ClassResetter - __STATIC_RESET() method does not exists in class org.apache.log4j.helpers.Loader
09:31:09.589 [Test worker] DEBUG org.evosuite.runtime.classhandling.ClassResetter - __STATIC_RESET() method does not exists in class org.apache.log4j.helpers.LogLog
09:31:09.589 [Test worker] DEBUG org.evosuite.runtime.classhandling.ClassResetter - __STATIC_RESET() method does not exists in class org.apache.log4j.PropertyConfigurator
09:31:09.589 [Test worker] DEBUG org.evosuite.runtime.classhandling.ClassResetter - __STATIC_RESET() method does not exists in class org.apache.log4j.LogManager
09:31:09.589 [Test worker] DEBUG org.evosuite.runtime.classhandling.ClassResetter - __STATIC_RESET() method does not exists in class org.apache.log4j.CategoryKey
09:31:09.589 [Test worker] DEBUG org.evosuite.runtime.classhandling.ClassResetter - __STATIC_RESET() method does not exists in class org.apache.log4j.ProvisionNode
09:31:09.589 [Test worker] DEBUG org.evosuite.runtime.classhandling.ClassResetter - __STATIC_RESET() method does not exists in class org.apache.axis.handlers.BasicHandler
09:31:09.589 [Test worker] DEBUG org.evosuite.runtime.classhandling.ClassResetter - __STATIC_RESET() method does not exists in class org.apache.axis.AxisEngine
09:31:09.589 [Test worker] DEBUG org.evosuite.runtime.classhandling.ClassResetter - __STATIC_RESET() method does not exists in class org.apache.axis.server.AxisServer
09:31:09.589 [Test worker] DEBUG org.evosuite.runtime.classhandling.ClassResetter - __STATIC_RESET() method does not exists in class org.apache.axis.AxisProperties
09:31:09.589 [Test worker] DEBUG org.evosuite.runtime.classhandling.ClassResetter - __STATIC_RESET() method does not exists in class org.apache.commons.discovery.resource.names.ResourceNameDiscoverImpl
09:31:09.589 [Test worker] DEBUG org.evosuite.runtime.classhandling.ClassResetter - __STATIC_RESET() method does not exists in class org.apache.commons.discovery.log.SimpleLog
09:31:09.589 [Test worker] DEBUG org.evosuite.runtime.classhandling.ClassResetter - __STATIC_RESET() method does not exists in class org.apache.commons.discovery.log.DiscoveryLogFactory
09:31:09.589 [Test worker] DEBUG org.evosuite.runtime.classhandling.ClassResetter - __STATIC_RESET() method does not exists in class org.apache.commons.discovery.tools.ClassUtils
09:31:09.589 [Test worker] DEBUG org.evosuite.runtime.classhandling.ClassResetter - __STATIC_RESET() method does not exists in class org.apache.commons.discovery.resource.names.DiscoverNamesInAlternateManagedProperties
09:31:09.589 [Test worker] DEBUG org.evosuite.runtime.classhandling.ClassResetter - __STATIC_RESET() method does not exists in class org.apache.commons.discovery.resource.names.DiscoverMappedNames
09:31:09.589 [Test worker] DEBUG org.evosuite.runtime.classhandling.ClassResetter - __STATIC_RESET() method does not exists in class org.apache.axis.configuration.EngineConfigurationFactoryFinder
09:31:09.589 [Test worker] DEBUG org.evosuite.runtime.classhandling.ClassResetter - __STATIC_RESET() method does not exists in class org.apache.axis.configuration.EngineConfigurationFactoryFinder$1
09:31:09.589 [Test worker] DEBUG org.evosuite.runtime.classhandling.ClassResetter - __STATIC_RESET() method does not exists in class org.apache.commons.discovery.resource.names.NameDiscoverers
09:31:09.589 [Test worker] DEBUG org.evosuite.runtime.classhandling.ClassResetter - __STATIC_RESET() method does not exists in class org.apache.commons.discovery.resource.names.DiscoverNamesInManagedProperties
09:31:09.589 [Test worker] DEBUG org.evosuite.runtime.classhandling.ClassResetter - __STATIC_RESET() method does not exists in class org.apache.commons.discovery.resource.names.DiscoverNamesInFile
09:31:09.589 [Test worker] DEBUG org.evosuite.runtime.classhandling.ClassResetter - __STATIC_RESET() method does not exists in class org.apache.commons.discovery.resource.names.DiscoverServiceNames
09:31:09.589 [Test worker] DEBUG org.evosuite.runtime.classhandling.ClassResetter - __STATIC_RESET() method does not exists in class org.apache.commons.discovery.resource.ResourceDiscoverImpl
09:31:09.589 [Test worker] DEBUG org.evosuite.runtime.classhandling.ClassResetter - __STATIC_RESET() method does not exists in class org.apache.commons.discovery.resource.DiscoverResources
09:31:09.589 [Test worker] DEBUG org.evosuite.runtime.classhandling.ClassResetter - __STATIC_RESET() method does not exists in class org.apache.commons.discovery.resource.names.NameDiscoverers$1
09:31:09.589 [Test worker] DEBUG org.evosuite.runtime.classhandling.ClassResetter - __STATIC_RESET() method does not exists in class org.apache.xalan.processor.XSLTElementDef
09:31:09.589 [Test worker] DEBUG org.evosuite.runtime.classhandling.ClassResetter - __STATIC_RESET() method does not exists in class org.apache.xalan.processor.XSLTSchema
09:31:09.593 [Test worker] DEBUG org.evosuite.runtime.classhandling.ClassResetter - __STATIC_RESET() method does not exists in class com.browsersoft.openhre.hl7.impl.regular.ExpressionImpl
09:31:09.593 [Test worker] DEBUG org.evosuite.runtime.classhandling.ClassResetter - __STATIC_RESET() method does not exists in class com.browsersoft.openhre.hl7.impl.regular.ExpressionPartImpl
09:31:09.593 [Test worker] DEBUG org.evosuite.runtime.classhandling.ClassResetter - __STATIC_RESET() method does not exists in class com.browsersoft.openhre.hl7.impl.regular.MessageTracerImpl
09:31:09.593 [Test worker] DEBUG org.evosuite.runtime.classhandling.ClassResetter - __STATIC_RESET() method does not exists in class com.browsersoft.openhre.hl7.impl.config.HL7MessageImpl
09:31:09.593 [Test worker] DEBUG org.evosuite.runtime.classhandling.ClassResetter - __STATIC_RESET() method does not exists in class com.browsersoft.openhre.hl7.impl.regular.ExpressionElementMapperImpl
09:31:09.593 [Test worker] DEBUG org.evosuite.runtime.classhandling.ClassResetter - __STATIC_RESET() method does not exists in class com.browsersoft.openhre.hl7.impl.regular.ExpressionElementMapperItemImpl
09:31:09.593 [Test worker] DEBUG org.evosuite.runtime.classhandling.ClassResetter - __STATIC_RESET() method does not exists in class com.browsersoft.openhre.hl7.impl.config.HL7MessageGroupItemImpl
09:31:09.593 [Test worker] DEBUG org.evosuite.runtime.classhandling.ClassResetter - __STATIC_RESET() method does not exists in class com.browsersoft.openhre.hl7.impl.config.HL7MessageGroupImpl
09:31:09.593 [Test worker] DEBUG org.evosuite.runtime.classhandling.ClassResetter - __STATIC_RESET() method does not exists in class com.browsersoft.openhre.hl7.impl.config.HL7MessageSegmentImpl
09:31:09.593 [Test worker] DEBUG org.evosuite.runtime.classhandling.ClassResetter - __STATIC_RESET() method does not exists in class com.browsersoft.openhre.hl7.impl.config.HL7MessageMapImpl
09:31:09.593 [Test worker] DEBUG org.evosuite.runtime.classhandling.ClassResetter - __STATIC_RESET() method does not exists in class com.browsersoft.openhre.hl7.impl.regular.ExpressionMatrixImpl
09:31:09.593 [Test worker] DEBUG org.evosuite.runtime.classhandling.ClassResetter - __STATIC_RESET() method does not exists in class com.browsersoft.openhre.hl7.impl.config.HL7SegmentImpl
09:31:09.593 [Test worker] DEBUG org.evosuite.runtime.classhandling.ClassResetter - __STATIC_RESET() method does not exists in class com.browsersoft.openhre.hl7.impl.config.HL7FieldListImpl
09:31:09.593 [Test worker] DEBUG org.evosuite.runtime.classhandling.ClassResetter - __STATIC_RESET() method does not exists in class com.browsersoft.openhre.hl7.impl.parser.HL7CheckerImpl
09:31:09.593 [Test worker] DEBUG org.evosuite.runtime.classhandling.ClassResetter - __STATIC_RESET() method does not exists in class com.browsersoft.openhre.hl7.impl.parser.HL7ParserImpl
09:31:09.593 [Test worker] DEBUG org.evosuite.runtime.classhandling.ClassResetter - __STATIC_RESET() method does not exists in class com.browsersoft.openhre.hl7.impl.parser.HL7CheckerStateImpl
09:31:09.593 [Test worker] DEBUG org.evosuite.runtime.classhandling.ClassResetter - __STATIC_RESET() method does not exists in class com.browsersoft.openhre.hl7.impl.parser.HL7SAXEventGeneratorImpl
09:31:09.593 [Test worker] DEBUG org.evosuite.runtime.classhandling.ClassResetter - __STATIC_RESET() method does not exists in class com.browsersoft.openhre.hl7.impl.parser.HL72XMLImpl
09:31:09.593 [Test worker] DEBUG org.evosuite.runtime.classhandling.ClassResetter - __STATIC_RESET() method does not exists in class com.browsersoft.openhre.hl7.impl.parser.XMLUtils
09:31:09.593 [Test worker] DEBUG org.evosuite.runtime.classhandling.ClassResetter - __STATIC_RESET() method does not exists in class com.browsersoft.openhre.hl7.impl.config.HL7SegmentMapImpl
09:31:09.593 [Test worker] DEBUG org.evosuite.runtime.classhandling.ClassResetter - __STATIC_RESET() method does not exists in class com.browsersoft.openhre.hl7.impl.regular.ExpressionMatrixBuilderImpl
09:31:09.593 [Test worker] DEBUG org.evosuite.runtime.classhandling.ClassResetter - __STATIC_RESET() method does not exists in class com.browsersoft.openhre.hl7.impl.regular.NodeStack
09:31:09.593 [Test worker] DEBUG org.evosuite.runtime.classhandling.ClassResetter - __STATIC_RESET() method does not exists in class com.browsersoft.openhre.hl7.impl.regular.ExpressionNodeList
09:31:09.593 [Test worker] DEBUG org.evosuite.runtime.classhandling.ClassResetter - __STATIC_RESET() method does not exists in class com.browsersoft.openhre.hl7.api.regular.InvalidExpressionException
09:31:09.593 [Test worker] DEBUG org.evosuite.runtime.classhandling.ClassResetter - __STATIC_RESET() method does not exists in class com.browsersoft.openhre.hl7.impl.config.HL7FieldImpl
09:31:09.593 [Test worker] DEBUG org.evosuite.runtime.classhandling.ClassResetter - __STATIC_RESET() method does not exists in class com.browsersoft.openhre.hl7.impl.config.HL7VersionConfigurationMapImpl
09:31:09.593 [Test worker] DEBUG org.evosuite.runtime.classhandling.ClassResetter - __STATIC_RESET() method does not exists in class com.browsersoft.openhre.hl7.impl.regular.ConnectionList
09:31:09.593 [Test worker] DEBUG org.evosuite.runtime.classhandling.ClassResetter - __STATIC_RESET() method does not exists in class com.browsersoft.openhre.hl7.impl.regular.Connection
09:31:09.593 [Test worker] DEBUG org.evosuite.runtime.classhandling.ClassResetter - __STATIC_RESET() method does not exists in class org.apache.axis.components.logger.LogFactory$1
09:31:09.593 [Test worker] DEBUG org.evosuite.runtime.classhandling.ClassResetter - __STATIC_RESET() method does not exists in class org.apache.axis.components.logger.LogFactory
09:31:09.593 [Test worker] DEBUG org.evosuite.runtime.classhandling.ClassResetter - __STATIC_RESET() method does not exists in class org.apache.log4j.Level
09:31:09.593 [Test worker] DEBUG org.evosuite.runtime.classhandling.ClassResetter - __STATIC_RESET() method does not exists in class org.apache.log4j.Priority
09:31:09.593 [Test worker] DEBUG org.evosuite.runtime.classhandling.ClassResetter - __STATIC_RESET() method does not exists in class org.apache.commons.logging.impl.Log4JLogger
09:31:09.593 [Test worker] DEBUG org.evosuite.runtime.classhandling.ClassResetter - __STATIC_RESET() method does not exists in class org.apache.log4j.Category
09:31:09.593 [Test worker] DEBUG org.evosuite.runtime.classhandling.ClassResetter - __STATIC_RESET() method does not exists in class org.apache.log4j.Logger
09:31:09.593 [Test worker] DEBUG org.evosuite.runtime.classhandling.ClassResetter - __STATIC_RESET() method does not exists in class org.apache.log4j.Hierarchy
09:31:09.593 [Test worker] DEBUG org.evosuite.runtime.classhandling.ClassResetter - __STATIC_RESET() method does not exists in class org.apache.log4j.spi.RootCategory
09:31:09.594 [Test worker] DEBUG org.evosuite.runtime.classhandling.ClassResetter - __STATIC_RESET() method does not exists in class org.apache.log4j.or.DefaultRenderer
09:31:09.594 [Test worker] DEBUG org.evosuite.runtime.classhandling.ClassResetter - __STATIC_RESET() method does not exists in class org.apache.log4j.or.RendererMap
09:31:09.594 [Test worker] DEBUG org.evosuite.runtime.classhandling.ClassResetter - __STATIC_RESET() method does not exists in class org.apache.log4j.DefaultCategoryFactory
09:31:09.594 [Test worker] DEBUG org.evosuite.runtime.classhandling.ClassResetter - __STATIC_RESET() method does not exists in class org.apache.log4j.spi.DefaultRepositorySelector
09:31:09.594 [Test worker] DEBUG org.evosuite.runtime.classhandling.ClassResetter - __STATIC_RESET() method does not exists in class org.apache.log4j.helpers.OptionConverter
09:31:09.594 [Test worker] DEBUG org.evosuite.runtime.classhandling.ClassResetter - __STATIC_RESET() method does not exists in class org.apache.log4j.helpers.Loader
09:31:09.594 [Test worker] DEBUG org.evosuite.runtime.classhandling.ClassResetter - __STATIC_RESET() method does not exists in class org.apache.log4j.helpers.LogLog
09:31:09.594 [Test worker] DEBUG org.evosuite.runtime.classhandling.ClassResetter - __STATIC_RESET() method does not exists in class org.apache.log4j.PropertyConfigurator
09:31:09.594 [Test worker] DEBUG org.evosuite.runtime.classhandling.ClassResetter - __STATIC_RESET() method does not exists in class org.apache.log4j.LogManager
09:31:09.594 [Test worker] DEBUG org.evosuite.runtime.classhandling.ClassResetter - __STATIC_RESET() method does not exists in class org.apache.log4j.CategoryKey
09:31:09.594 [Test worker] DEBUG org.evosuite.runtime.classhandling.ClassResetter - __STATIC_RESET() method does not exists in class org.apache.log4j.ProvisionNode
09:31:09.594 [Test worker] DEBUG org.evosuite.runtime.classhandling.ClassResetter - __STATIC_RESET() method does not exists in class org.apache.axis.handlers.BasicHandler
09:31:09.594 [Test worker] DEBUG org.evosuite.runtime.classhandling.ClassResetter - __STATIC_RESET() method does not exists in class org.apache.axis.AxisEngine
09:31:09.594 [Test worker] DEBUG org.evosuite.runtime.classhandling.ClassResetter - __STATIC_RESET() method does not exists in class org.apache.axis.server.AxisServer
09:31:09.594 [Test worker] DEBUG org.evosuite.runtime.classhandling.ClassResetter - __STATIC_RESET() method does not exists in class org.apache.axis.AxisProperties
09:31:09.594 [Test worker] DEBUG org.evosuite.runtime.classhandling.ClassResetter - __STATIC_RESET() method does not exists in class org.apache.commons.discovery.resource.names.ResourceNameDiscoverImpl
09:31:09.594 [Test worker] DEBUG org.evosuite.runtime.classhandling.ClassResetter - __STATIC_RESET() method does not exists in class org.apache.commons.discovery.log.SimpleLog
09:31:09.594 [Test worker] DEBUG org.evosuite.runtime.classhandling.ClassResetter - __STATIC_RESET() method does not exists in class org.apache.commons.discovery.log.DiscoveryLogFactory
09:31:09.594 [Test worker] DEBUG org.evosuite.runtime.classhandling.ClassResetter - __STATIC_RESET() method does not exists in class org.apache.commons.discovery.tools.ClassUtils
09:31:09.594 [Test worker] DEBUG org.evosuite.runtime.classhandling.ClassResetter - __STATIC_RESET() method does not exists in class org.apache.commons.discovery.resource.names.DiscoverNamesInAlternateManagedProperties
09:31:09.594 [Test worker] DEBUG org.evosuite.runtime.classhandling.ClassResetter - __STATIC_RESET() method does not exists in class org.apache.commons.discovery.resource.names.DiscoverMappedNames
09:31:09.594 [Test worker] DEBUG org.evosuite.runtime.classhandling.ClassResetter - __STATIC_RESET() method does not exists in class org.apache.axis.configuration.EngineConfigurationFactoryFinder
09:31:09.594 [Test worker] DEBUG org.evosuite.runtime.classhandling.ClassResetter - __STATIC_RESET() method does not exists in class org.apache.axis.configuration.EngineConfigurationFactoryFinder$1
09:31:09.594 [Test worker] DEBUG org.evosuite.runtime.classhandling.ClassResetter - __STATIC_RESET() method does not exists in class org.apache.commons.discovery.resource.names.NameDiscoverers
09:31:09.594 [Test worker] DEBUG org.evosuite.runtime.classhandling.ClassResetter - __STATIC_RESET() method does not exists in class org.apache.commons.discovery.resource.names.DiscoverNamesInManagedProperties
09:31:09.594 [Test worker] DEBUG org.evosuite.runtime.classhandling.ClassResetter - __STATIC_RESET() method does not exists in class org.apache.commons.discovery.resource.names.DiscoverNamesInFile
09:31:09.594 [Test worker] DEBUG org.evosuite.runtime.classhandling.ClassResetter - __STATIC_RESET() method does not exists in class org.apache.commons.discovery.resource.names.DiscoverServiceNames
09:31:09.594 [Test worker] DEBUG org.evosuite.runtime.classhandling.ClassResetter - __STATIC_RESET() method does not exists in class org.apache.commons.discovery.resource.ResourceDiscoverImpl
09:31:09.594 [Test worker] DEBUG org.evosuite.runtime.classhandling.ClassResetter - __STATIC_RESET() method does not exists in class org.apache.commons.discovery.resource.DiscoverResources
09:31:09.594 [Test worker] DEBUG org.evosuite.runtime.classhandling.ClassResetter - __STATIC_RESET() method does not exists in class org.apache.commons.discovery.resource.names.NameDiscoverers$1
09:31:09.594 [Test worker] DEBUG org.evosuite.runtime.classhandling.ClassResetter - __STATIC_RESET() method does not exists in class org.apache.xalan.processor.XSLTElementDef
09:31:09.594 [Test worker] DEBUG org.evosuite.runtime.classhandling.ClassResetter - __STATIC_RESET() method does not exists in class org.apache.xalan.processor.XSLTSchema
09:31:09.597 [Test worker] DEBUG org.evosuite.runtime.classhandling.ClassResetter - __STATIC_RESET() method does not exists in class com.browsersoft.openhre.hl7.impl.regular.ExpressionImpl
09:31:09.597 [Test worker] DEBUG org.evosuite.runtime.classhandling.ClassResetter - __STATIC_RESET() method does not exists in class com.browsersoft.openhre.hl7.impl.regular.ExpressionPartImpl
09:31:09.598 [Test worker] DEBUG org.evosuite.runtime.classhandling.ClassResetter - __STATIC_RESET() method does not exists in class com.browsersoft.openhre.hl7.impl.regular.MessageTracerImpl
09:31:09.598 [Test worker] DEBUG org.evosuite.runtime.classhandling.ClassResetter - __STATIC_RESET() method does not exists in class com.browsersoft.openhre.hl7.impl.config.HL7MessageImpl
09:31:09.598 [Test worker] DEBUG org.evosuite.runtime.classhandling.ClassResetter - __STATIC_RESET() method does not exists in class com.browsersoft.openhre.hl7.impl.regular.ExpressionElementMapperImpl
09:31:09.598 [Test worker] DEBUG org.evosuite.runtime.classhandling.ClassResetter - __STATIC_RESET() method does not exists in class com.browsersoft.openhre.hl7.impl.regular.ExpressionElementMapperItemImpl
09:31:09.598 [Test worker] DEBUG org.evosuite.runtime.classhandling.ClassResetter - __STATIC_RESET() method does not exists in class com.browsersoft.openhre.hl7.impl.config.HL7MessageGroupItemImpl
09:31:09.598 [Test worker] DEBUG org.evosuite.runtime.classhandling.ClassResetter - __STATIC_RESET() method does not exists in class com.browsersoft.openhre.hl7.impl.config.HL7MessageGroupImpl
09:31:09.598 [Test worker] DEBUG org.evosuite.runtime.classhandling.ClassResetter - __STATIC_RESET() method does not exists in class com.browsersoft.openhre.hl7.impl.config.HL7MessageSegmentImpl
09:31:09.598 [Test worker] DEBUG org.evosuite.runtime.classhandling.ClassResetter - __STATIC_RESET() method does not exists in class com.browsersoft.openhre.hl7.impl.config.HL7MessageMapImpl
09:31:09.598 [Test worker] DEBUG org.evosuite.runtime.classhandling.ClassResetter - __STATIC_RESET() method does not exists in class com.browsersoft.openhre.hl7.impl.regular.ExpressionMatrixImpl
09:31:09.598 [Test worker] DEBUG org.evosuite.runtime.classhandling.ClassResetter - __STATIC_RESET() method does not exists in class com.browsersoft.openhre.hl7.impl.config.HL7SegmentImpl
09:31:09.598 [Test worker] DEBUG org.evosuite.runtime.classhandling.ClassResetter - __STATIC_RESET() method does not exists in class com.browsersoft.openhre.hl7.impl.config.HL7FieldListImpl
09:31:09.598 [Test worker] DEBUG org.evosuite.runtime.classhandling.ClassResetter - __STATIC_RESET() method does not exists in class com.browsersoft.openhre.hl7.impl.parser.HL7CheckerImpl
09:31:09.598 [Test worker] DEBUG org.evosuite.runtime.classhandling.ClassResetter - __STATIC_RESET() method does not exists in class com.browsersoft.openhre.hl7.impl.parser.HL7ParserImpl
09:31:09.598 [Test worker] DEBUG org.evosuite.runtime.classhandling.ClassResetter - __STATIC_RESET() method does not exists in class com.browsersoft.openhre.hl7.impl.parser.HL7CheckerStateImpl
09:31:09.598 [Test worker] DEBUG org.evosuite.runtime.classhandling.ClassResetter - __STATIC_RESET() method does not exists in class com.browsersoft.openhre.hl7.impl.parser.HL7SAXEventGeneratorImpl
09:31:09.598 [Test worker] DEBUG org.evosuite.runtime.classhandling.ClassResetter - __STATIC_RESET() method does not exists in class com.browsersoft.openhre.hl7.impl.parser.HL72XMLImpl
09:31:09.598 [Test worker] DEBUG org.evosuite.runtime.classhandling.ClassResetter - __STATIC_RESET() method does not exists in class com.browsersoft.openhre.hl7.impl.parser.XMLUtils
09:31:09.598 [Test worker] DEBUG org.evosuite.runtime.classhandling.ClassResetter - __STATIC_RESET() method does not exists in class com.browsersoft.openhre.hl7.impl.config.HL7SegmentMapImpl
09:31:09.598 [Test worker] DEBUG org.evosuite.runtime.classhandling.ClassResetter - __STATIC_RESET() method does not exists in class com.browsersoft.openhre.hl7.impl.regular.ExpressionMatrixBuilderImpl
09:31:09.598 [Test worker] DEBUG org.evosuite.runtime.classhandling.ClassResetter - __STATIC_RESET() method does not exists in class com.browsersoft.openhre.hl7.impl.regular.NodeStack
09:31:09.598 [Test worker] DEBUG org.evosuite.runtime.classhandling.ClassResetter - __STATIC_RESET() method does not exists in class com.browsersoft.openhre.hl7.impl.regular.ExpressionNodeList
09:31:09.598 [Test worker] DEBUG org.evosuite.runtime.classhandling.ClassResetter - __STATIC_RESET() method does not exists in class com.browsersoft.openhre.hl7.api.regular.InvalidExpressionException
09:31:09.598 [Test worker] DEBUG org.evosuite.runtime.classhandling.ClassResetter - __STATIC_RESET() method does not exists in class com.browsersoft.openhre.hl7.impl.config.HL7FieldImpl
09:31:09.598 [Test worker] DEBUG org.evosuite.runtime.classhandling.ClassResetter - __STATIC_RESET() method does not exists in class com.browsersoft.openhre.hl7.impl.config.HL7VersionConfigurationMapImpl
09:31:09.598 [Test worker] DEBUG org.evosuite.runtime.classhandling.ClassResetter - __STATIC_RESET() method does not exists in class com.browsersoft.openhre.hl7.impl.regular.ConnectionList
09:31:09.598 [Test worker] DEBUG org.evosuite.runtime.classhandling.ClassResetter - __STATIC_RESET() method does not exists in class com.browsersoft.openhre.hl7.impl.regular.Connection
09:31:09.598 [Test worker] DEBUG org.evosuite.runtime.classhandling.ClassResetter - __STATIC_RESET() method does not exists in class org.apache.axis.components.logger.LogFactory$1
09:31:09.598 [Test worker] DEBUG org.evosuite.runtime.classhandling.ClassResetter - __STATIC_RESET() method does not exists in class org.apache.axis.components.logger.LogFactory
09:31:09.598 [Test worker] DEBUG org.evosuite.runtime.classhandling.ClassResetter - __STATIC_RESET() method does not exists in class org.apache.log4j.Level
09:31:09.598 [Test worker] DEBUG org.evosuite.runtime.classhandling.ClassResetter - __STATIC_RESET() method does not exists in class org.apache.log4j.Priority
09:31:09.598 [Test worker] DEBUG org.evosuite.runtime.classhandling.ClassResetter - __STATIC_RESET() method does not exists in class org.apache.commons.logging.impl.Log4JLogger
09:31:09.598 [Test worker] DEBUG org.evosuite.runtime.classhandling.ClassResetter - __STATIC_RESET() method does not exists in class org.apache.log4j.Category
09:31:09.598 [Test worker] DEBUG org.evosuite.runtime.classhandling.ClassResetter - __STATIC_RESET() method does not exists in class org.apache.log4j.Logger
09:31:09.598 [Test worker] DEBUG org.evosuite.runtime.classhandling.ClassResetter - __STATIC_RESET() method does not exists in class org.apache.log4j.Hierarchy
09:31:09.598 [Test worker] DEBUG org.evosuite.runtime.classhandling.ClassResetter - __STATIC_RESET() method does not exists in class org.apache.log4j.spi.RootCategory
09:31:09.598 [Test worker] DEBUG org.evosuite.runtime.classhandling.ClassResetter - __STATIC_RESET() method does not exists in class org.apache.log4j.or.DefaultRenderer
09:31:09.598 [Test worker] DEBUG org.evosuite.runtime.classhandling.ClassResetter - __STATIC_RESET() method does not exists in class org.apache.log4j.or.RendererMap
09:31:09.599 [Test worker] DEBUG org.evosuite.runtime.classhandling.ClassResetter - __STATIC_RESET() method does not exists in class org.apache.log4j.DefaultCategoryFactory
09:31:09.599 [Test worker] DEBUG org.evosuite.runtime.classhandling.ClassResetter - __STATIC_RESET() method does not exists in class org.apache.log4j.spi.DefaultRepositorySelector
09:31:09.599 [Test worker] DEBUG org.evosuite.runtime.classhandling.ClassResetter - __STATIC_RESET() method does not exists in class org.apache.log4j.helpers.OptionConverter
09:31:09.599 [Test worker] DEBUG org.evosuite.runtime.classhandling.ClassResetter - __STATIC_RESET() method does not exists in class org.apache.log4j.helpers.Loader
09:31:09.599 [Test worker] DEBUG org.evosuite.runtime.classhandling.ClassResetter - __STATIC_RESET() method does not exists in class org.apache.log4j.helpers.LogLog
09:31:09.599 [Test worker] DEBUG org.evosuite.runtime.classhandling.ClassResetter - __STATIC_RESET() method does not exists in class org.apache.log4j.PropertyConfigurator
09:31:09.599 [Test worker] DEBUG org.evosuite.runtime.classhandling.ClassResetter - __STATIC_RESET() method does not exists in class org.apache.log4j.LogManager
09:31:09.599 [Test worker] DEBUG org.evosuite.runtime.classhandling.ClassResetter - __STATIC_RESET() method does not exists in class org.apache.log4j.CategoryKey
09:31:09.599 [Test worker] DEBUG org.evosuite.runtime.classhandling.ClassResetter - __STATIC_RESET() method does not exists in class org.apache.log4j.ProvisionNode
09:31:09.599 [Test worker] DEBUG org.evosuite.runtime.classhandling.ClassResetter - __STATIC_RESET() method does not exists in class org.apache.axis.handlers.BasicHandler
09:31:09.599 [Test worker] DEBUG org.evosuite.runtime.classhandling.ClassResetter - __STATIC_RESET() method does not exists in class org.apache.axis.AxisEngine
09:31:09.599 [Test worker] DEBUG org.evosuite.runtime.classhandling.ClassResetter - __STATIC_RESET() method does not exists in class org.apache.axis.server.AxisServer
09:31:09.599 [Test worker] DEBUG org.evosuite.runtime.classhandling.ClassResetter - __STATIC_RESET() method does not exists in class org.apache.axis.AxisProperties
09:31:09.599 [Test worker] DEBUG org.evosuite.runtime.classhandling.ClassResetter - __STATIC_RESET() method does not exists in class org.apache.commons.discovery.resource.names.ResourceNameDiscoverImpl
09:31:09.599 [Test worker] DEBUG org.evosuite.runtime.classhandling.ClassResetter - __STATIC_RESET() method does not exists in class org.apache.commons.discovery.log.SimpleLog
09:31:09.599 [Test worker] DEBUG org.evosuite.runtime.classhandling.ClassResetter - __STATIC_RESET() method does not exists in class org.apache.commons.discovery.log.DiscoveryLogFactory
09:31:09.599 [Test worker] DEBUG org.evosuite.runtime.classhandling.ClassResetter - __STATIC_RESET() method does not exists in class org.apache.commons.discovery.tools.ClassUtils
09:31:09.599 [Test worker] DEBUG org.evosuite.runtime.classhandling.ClassResetter - __STATIC_RESET() method does not exists in class org.apache.commons.discovery.resource.names.DiscoverNamesInAlternateManagedProperties
09:31:09.599 [Test worker] DEBUG org.evosuite.runtime.classhandling.ClassResetter - __STATIC_RESET() method does not exists in class org.apache.commons.discovery.resource.names.DiscoverMappedNames
09:31:09.599 [Test worker] DEBUG org.evosuite.runtime.classhandling.ClassResetter - __STATIC_RESET() method does not exists in class org.apache.axis.configuration.EngineConfigurationFactoryFinder
09:31:09.599 [Test worker] DEBUG org.evosuite.runtime.classhandling.ClassResetter - __STATIC_RESET() method does not exists in class org.apache.axis.configuration.EngineConfigurationFactoryFinder$1
09:31:09.599 [Test worker] DEBUG org.evosuite.runtime.classhandling.ClassResetter - __STATIC_RESET() method does not exists in class org.apache.commons.discovery.resource.names.NameDiscoverers
09:31:09.599 [Test worker] DEBUG org.evosuite.runtime.classhandling.ClassResetter - __STATIC_RESET() method does not exists in class org.apache.commons.discovery.resource.names.DiscoverNamesInManagedProperties
09:31:09.599 [Test worker] DEBUG org.evosuite.runtime.classhandling.ClassResetter - __STATIC_RESET() method does not exists in class org.apache.commons.discovery.resource.names.DiscoverNamesInFile
09:31:09.599 [Test worker] DEBUG org.evosuite.runtime.classhandling.ClassResetter - __STATIC_RESET() method does not exists in class org.apache.commons.discovery.resource.names.DiscoverServiceNames
09:31:09.599 [Test worker] DEBUG org.evosuite.runtime.classhandling.ClassResetter - __STATIC_RESET() method does not exists in class org.apache.commons.discovery.resource.ResourceDiscoverImpl
09:31:09.599 [Test worker] DEBUG org.evosuite.runtime.classhandling.ClassResetter - __STATIC_RESET() method does not exists in class org.apache.commons.discovery.resource.DiscoverResources
09:31:09.599 [Test worker] DEBUG org.evosuite.runtime.classhandling.ClassResetter - __STATIC_RESET() method does not exists in class org.apache.commons.discovery.resource.names.NameDiscoverers$1
09:31:09.599 [Test worker] DEBUG org.evosuite.runtime.classhandling.ClassResetter - __STATIC_RESET() method does not exists in class org.apache.xalan.processor.XSLTElementDef
09:31:09.599 [Test worker] DEBUG org.evosuite.runtime.classhandling.ClassResetter - __STATIC_RESET() method does not exists in class org.apache.xalan.processor.XSLTSchema
09:31:09.612 [Test worker] DEBUG org.evosuite.runtime.classhandling.ClassResetter - __STATIC_RESET() method does not exists in class com.browsersoft.openhre.hl7.impl.regular.ExpressionImpl
09:31:09.612 [Test worker] DEBUG org.evosuite.runtime.classhandling.ClassResetter - __STATIC_RESET() method does not exists in class com.browsersoft.openhre.hl7.impl.regular.ExpressionPartImpl
09:31:09.612 [Test worker] DEBUG org.evosuite.runtime.classhandling.ClassResetter - __STATIC_RESET() method does not exists in class com.browsersoft.openhre.hl7.impl.regular.MessageTracerImpl
09:31:09.612 [Test worker] DEBUG org.evosuite.runtime.classhandling.ClassResetter - __STATIC_RESET() method does not exists in class com.browsersoft.openhre.hl7.impl.config.HL7MessageImpl
09:31:09.612 [Test worker] DEBUG org.evosuite.runtime.classhandling.ClassResetter - __STATIC_RESET() method does not exists in class com.browsersoft.openhre.hl7.impl.regular.ExpressionElementMapperImpl
09:31:09.612 [Test worker] DEBUG org.evosuite.runtime.classhandling.ClassResetter - __STATIC_RESET() method does not exists in class com.browsersoft.openhre.hl7.impl.regular.ExpressionElementMapperItemImpl
09:31:09.612 [Test worker] DEBUG org.evosuite.runtime.classhandling.ClassResetter - __STATIC_RESET() method does not exists in class com.browsersoft.openhre.hl7.impl.config.HL7MessageGroupItemImpl
09:31:09.612 [Test worker] DEBUG org.evosuite.runtime.classhandling.ClassResetter - __STATIC_RESET() method does not exists in class com.browsersoft.openhre.hl7.impl.config.HL7MessageGroupImpl
09:31:09.612 [Test worker] DEBUG org.evosuite.runtime.classhandling.ClassResetter - __STATIC_RESET() method does not exists in class com.browsersoft.openhre.hl7.impl.config.HL7MessageSegmentImpl
09:31:09.612 [Test worker] DEBUG org.evosuite.runtime.classhandling.ClassResetter - __STATIC_RESET() method does not exists in class com.browsersoft.openhre.hl7.impl.config.HL7MessageMapImpl
09:31:09.612 [Test worker] DEBUG org.evosuite.runtime.classhandling.ClassResetter - __STATIC_RESET() method does not exists in class com.browsersoft.openhre.hl7.impl.regular.ExpressionMatrixImpl
09:31:09.612 [Test worker] DEBUG org.evosuite.runtime.classhandling.ClassResetter - __STATIC_RESET() method does not exists in class com.browsersoft.openhre.hl7.impl.config.HL7SegmentImpl
09:31:09.612 [Test worker] DEBUG org.evosuite.runtime.classhandling.ClassResetter - __STATIC_RESET() method does not exists in class com.browsersoft.openhre.hl7.impl.config.HL7FieldListImpl
09:31:09.612 [Test worker] DEBUG org.evosuite.runtime.classhandling.ClassResetter - __STATIC_RESET() method does not exists in class com.browsersoft.openhre.hl7.impl.parser.HL7CheckerImpl
09:31:09.613 [Test worker] DEBUG org.evosuite.runtime.classhandling.ClassResetter - __STATIC_RESET() method does not exists in class com.browsersoft.openhre.hl7.impl.parser.HL7ParserImpl
09:31:09.613 [Test worker] DEBUG org.evosuite.runtime.classhandling.ClassResetter - __STATIC_RESET() method does not exists in class com.browsersoft.openhre.hl7.impl.parser.HL7CheckerStateImpl
09:31:09.613 [Test worker] DEBUG org.evosuite.runtime.classhandling.ClassResetter - __STATIC_RESET() method does not exists in class com.browsersoft.openhre.hl7.impl.parser.HL7SAXEventGeneratorImpl
09:31:09.613 [Test worker] DEBUG org.evosuite.runtime.classhandling.ClassResetter - __STATIC_RESET() method does not exists in class com.browsersoft.openhre.hl7.impl.parser.HL72XMLImpl
09:31:09.613 [Test worker] DEBUG org.evosuite.runtime.classhandling.ClassResetter - __STATIC_RESET() method does not exists in class com.browsersoft.openhre.hl7.impl.parser.XMLUtils
09:31:09.613 [Test worker] DEBUG org.evosuite.runtime.classhandling.ClassResetter - __STATIC_RESET() method does not exists in class com.browsersoft.openhre.hl7.impl.config.HL7SegmentMapImpl
09:31:09.613 [Test worker] DEBUG org.evosuite.runtime.classhandling.ClassResetter - __STATIC_RESET() method does not exists in class com.browsersoft.openhre.hl7.impl.regular.ExpressionMatrixBuilderImpl
09:31:09.613 [Test worker] DEBUG org.evosuite.runtime.classhandling.ClassResetter - __STATIC_RESET() method does not exists in class com.browsersoft.openhre.hl7.impl.regular.NodeStack
09:31:09.613 [Test worker] DEBUG org.evosuite.runtime.classhandling.ClassResetter - __STATIC_RESET() method does not exists in class com.browsersoft.openhre.hl7.impl.regular.ExpressionNodeList
09:31:09.613 [Test worker] DEBUG org.evosuite.runtime.classhandling.ClassResetter - __STATIC_RESET() method does not exists in class com.browsersoft.openhre.hl7.api.regular.InvalidExpressionException
09:31:09.613 [Test worker] DEBUG org.evosuite.runtime.classhandling.ClassResetter - __STATIC_RESET() method does not exists in class com.browsersoft.openhre.hl7.impl.config.HL7FieldImpl
09:31:09.613 [Test worker] DEBUG org.evosuite.runtime.classhandling.ClassResetter - __STATIC_RESET() method does not exists in class com.browsersoft.openhre.hl7.impl.config.HL7VersionConfigurationMapImpl
09:31:09.613 [Test worker] DEBUG org.evosuite.runtime.classhandling.ClassResetter - __STATIC_RESET() method does not exists in class com.browsersoft.openhre.hl7.impl.regular.ConnectionList
09:31:09.613 [Test worker] DEBUG org.evosuite.runtime.classhandling.ClassResetter - __STATIC_RESET() method does not exists in class com.browsersoft.openhre.hl7.impl.regular.Connection
09:31:09.613 [Test worker] DEBUG org.evosuite.runtime.classhandling.ClassResetter - __STATIC_RESET() method does not exists in class org.apache.axis.components.logger.LogFactory$1
09:31:09.613 [Test worker] DEBUG org.evosuite.runtime.classhandling.ClassResetter - __STATIC_RESET() method does not exists in class org.apache.axis.components.logger.LogFactory
09:31:09.613 [Test worker] DEBUG org.evosuite.runtime.classhandling.ClassResetter - __STATIC_RESET() method does not exists in class org.apache.log4j.Level
09:31:09.613 [Test worker] DEBUG org.evosuite.runtime.classhandling.ClassResetter - __STATIC_RESET() method does not exists in class org.apache.log4j.Priority
09:31:09.613 [Test worker] DEBUG org.evosuite.runtime.classhandling.ClassResetter - __STATIC_RESET() method does not exists in class org.apache.commons.logging.impl.Log4JLogger
09:31:09.613 [Test worker] DEBUG org.evosuite.runtime.classhandling.ClassResetter - __STATIC_RESET() method does not exists in class org.apache.log4j.Category
09:31:09.613 [Test worker] DEBUG org.evosuite.runtime.classhandling.ClassResetter - __STATIC_RESET() method does not exists in class org.apache.log4j.Logger
09:31:09.613 [Test worker] DEBUG org.evosuite.runtime.classhandling.ClassResetter - __STATIC_RESET() method does not exists in class org.apache.log4j.Hierarchy
09:31:09.613 [Test worker] DEBUG org.evosuite.runtime.classhandling.ClassResetter - __STATIC_RESET() method does not exists in class org.apache.log4j.spi.RootCategory
09:31:09.613 [Test worker] DEBUG org.evosuite.runtime.classhandling.ClassResetter - __STATIC_RESET() method does not exists in class org.apache.log4j.or.DefaultRenderer
09:31:09.613 [Test worker] DEBUG org.evosuite.runtime.classhandling.ClassResetter - __STATIC_RESET() method does not exists in class org.apache.log4j.or.RendererMap
09:31:09.613 [Test worker] DEBUG org.evosuite.runtime.classhandling.ClassResetter - __STATIC_RESET() method does not exists in class org.apache.log4j.DefaultCategoryFactory
09:31:09.613 [Test worker] DEBUG org.evosuite.runtime.classhandling.ClassResetter - __STATIC_RESET() method does not exists in class org.apache.log4j.spi.DefaultRepositorySelector
09:31:09.613 [Test worker] DEBUG org.evosuite.runtime.classhandling.ClassResetter - __STATIC_RESET() method does not exists in class org.apache.log4j.helpers.OptionConverter
09:31:09.613 [Test worker] DEBUG org.evosuite.runtime.classhandling.ClassResetter - __STATIC_RESET() method does not exists in class org.apache.log4j.helpers.Loader
09:31:09.613 [Test worker] DEBUG org.evosuite.runtime.classhandling.ClassResetter - __STATIC_RESET() method does not exists in class org.apache.log4j.helpers.LogLog
09:31:09.613 [Test worker] DEBUG org.evosuite.runtime.classhandling.ClassResetter - __STATIC_RESET() method does not exists in class org.apache.log4j.PropertyConfigurator
09:31:09.613 [Test worker] DEBUG org.evosuite.runtime.classhandling.ClassResetter - __STATIC_RESET() method does not exists in class org.apache.log4j.LogManager
09:31:09.613 [Test worker] DEBUG org.evosuite.runtime.classhandling.ClassResetter - __STATIC_RESET() method does not exists in class org.apache.log4j.CategoryKey
09:31:09.613 [Test worker] DEBUG org.evosuite.runtime.classhandling.ClassResetter - __STATIC_RESET() method does not exists in class org.apache.log4j.ProvisionNode
09:31:09.613 [Test worker] DEBUG org.evosuite.runtime.classhandling.ClassResetter - __STATIC_RESET() method does not exists in class org.apache.axis.handlers.BasicHandler
09:31:09.613 [Test worker] DEBUG org.evosuite.runtime.classhandling.ClassResetter - __STATIC_RESET() method does not exists in class org.apache.axis.AxisEngine
09:31:09.613 [Test worker] DEBUG org.evosuite.runtime.classhandling.ClassResetter - __STATIC_RESET() method does not exists in class org.apache.axis.server.AxisServer
09:31:09.613 [Test worker] DEBUG org.evosuite.runtime.classhandling.ClassResetter - __STATIC_RESET() method does not exists in class org.apache.axis.AxisProperties
09:31:09.613 [Test worker] DEBUG org.evosuite.runtime.classhandling.ClassResetter - __STATIC_RESET() method does not exists in class org.apache.commons.discovery.resource.names.ResourceNameDiscoverImpl
09:31:09.614 [Test worker] DEBUG org.evosuite.runtime.classhandling.ClassResetter - __STATIC_RESET() method does not exists in class org.apache.commons.discovery.log.SimpleLog
09:31:09.614 [Test worker] DEBUG org.evosuite.runtime.classhandling.ClassResetter - __STATIC_RESET() method does not exists in class org.apache.commons.discovery.log.DiscoveryLogFactory
09:31:09.614 [Test worker] DEBUG org.evosuite.runtime.classhandling.ClassResetter - __STATIC_RESET() method does not exists in class org.apache.commons.discovery.tools.ClassUtils
09:31:09.614 [Test worker] DEBUG org.evosuite.runtime.classhandling.ClassResetter - __STATIC_RESET() method does not exists in class org.apache.commons.discovery.resource.names.DiscoverNamesInAlternateManagedProperties
09:31:09.614 [Test worker] DEBUG org.evosuite.runtime.classhandling.ClassResetter - __STATIC_RESET() method does not exists in class org.apache.commons.discovery.resource.names.DiscoverMappedNames
09:31:09.614 [Test worker] DEBUG org.evosuite.runtime.classhandling.ClassResetter - __STATIC_RESET() method does not exists in class org.apache.axis.configuration.EngineConfigurationFactoryFinder
09:31:09.614 [Test worker] DEBUG org.evosuite.runtime.classhandling.ClassResetter - __STATIC_RESET() method does not exists in class org.apache.axis.configuration.EngineConfigurationFactoryFinder$1
09:31:09.614 [Test worker] DEBUG org.evosuite.runtime.classhandling.ClassResetter - __STATIC_RESET() method does not exists in class org.apache.commons.discovery.resource.names.NameDiscoverers
09:31:09.614 [Test worker] DEBUG org.evosuite.runtime.classhandling.ClassResetter - __STATIC_RESET() method does not exists in class org.apache.commons.discovery.resource.names.DiscoverNamesInManagedProperties
09:31:09.614 [Test worker] DEBUG org.evosuite.runtime.classhandling.ClassResetter - __STATIC_RESET() method does not exists in class org.apache.commons.discovery.resource.names.DiscoverNamesInFile
09:31:09.614 [Test worker] DEBUG org.evosuite.runtime.classhandling.ClassResetter - __STATIC_RESET() method does not exists in class org.apache.commons.discovery.resource.names.DiscoverServiceNames
09:31:09.614 [Test worker] DEBUG org.evosuite.runtime.classhandling.ClassResetter - __STATIC_RESET() method does not exists in class org.apache.commons.discovery.resource.ResourceDiscoverImpl
09:31:09.614 [Test worker] DEBUG org.evosuite.runtime.classhandling.ClassResetter - __STATIC_RESET() method does not exists in class org.apache.commons.discovery.resource.DiscoverResources
09:31:09.614 [Test worker] DEBUG org.evosuite.runtime.classhandling.ClassResetter - __STATIC_RESET() method does not exists in class org.apache.commons.discovery.resource.names.NameDiscoverers$1
09:31:09.614 [Test worker] DEBUG org.evosuite.runtime.classhandling.ClassResetter - __STATIC_RESET() method does not exists in class org.apache.xalan.processor.XSLTElementDef
09:31:09.614 [Test worker] DEBUG org.evosuite.runtime.classhandling.ClassResetter - __STATIC_RESET() method does not exists in class org.apache.xalan.processor.XSLTSchema
09:31:09.617 [Test worker] DEBUG org.evosuite.runtime.classhandling.ClassResetter - __STATIC_RESET() method does not exists in class com.browsersoft.openhre.hl7.impl.regular.ExpressionImpl
09:31:09.617 [Test worker] DEBUG org.evosuite.runtime.classhandling.ClassResetter - __STATIC_RESET() method does not exists in class com.browsersoft.openhre.hl7.impl.regular.ExpressionPartImpl
09:31:09.617 [Test worker] DEBUG org.evosuite.runtime.classhandling.ClassResetter - __STATIC_RESET() method does not exists in class com.browsersoft.openhre.hl7.impl.regular.MessageTracerImpl
09:31:09.617 [Test worker] DEBUG org.evosuite.runtime.classhandling.ClassResetter - __STATIC_RESET() method does not exists in class com.browsersoft.openhre.hl7.impl.config.HL7MessageImpl
09:31:09.617 [Test worker] DEBUG org.evosuite.runtime.classhandling.ClassResetter - __STATIC_RESET() method does not exists in class com.browsersoft.openhre.hl7.impl.regular.ExpressionElementMapperImpl
09:31:09.617 [Test worker] DEBUG org.evosuite.runtime.classhandling.ClassResetter - __STATIC_RESET() method does not exists in class com.browsersoft.openhre.hl7.impl.regular.ExpressionElementMapperItemImpl
09:31:09.617 [Test worker] DEBUG org.evosuite.runtime.classhandling.ClassResetter - __STATIC_RESET() method does not exists in class com.browsersoft.openhre.hl7.impl.config.HL7MessageGroupItemImpl
09:31:09.617 [Test worker] DEBUG org.evosuite.runtime.classhandling.ClassResetter - __STATIC_RESET() method does not exists in class com.browsersoft.openhre.hl7.impl.config.HL7MessageGroupImpl
09:31:09.617 [Test worker] DEBUG org.evosuite.runtime.classhandling.ClassResetter - __STATIC_RESET() method does not exists in class com.browsersoft.openhre.hl7.impl.config.HL7MessageSegmentImpl
09:31:09.617 [Test worker] DEBUG org.evosuite.runtime.classhandling.ClassResetter - __STATIC_RESET() method does not exists in class com.browsersoft.openhre.hl7.impl.config.HL7MessageMapImpl
09:31:09.617 [Test worker] DEBUG org.evosuite.runtime.classhandling.ClassResetter - __STATIC_RESET() method does not exists in class com.browsersoft.openhre.hl7.impl.regular.ExpressionMatrixImpl
09:31:09.617 [Test worker] DEBUG org.evosuite.runtime.classhandling.ClassResetter - __STATIC_RESET() method does not exists in class com.browsersoft.openhre.hl7.impl.config.HL7SegmentImpl
09:31:09.617 [Test worker] DEBUG org.evosuite.runtime.classhandling.ClassResetter - __STATIC_RESET() method does not exists in class com.browsersoft.openhre.hl7.impl.config.HL7FieldListImpl
09:31:09.618 [Test worker] DEBUG org.evosuite.runtime.classhandling.ClassResetter - __STATIC_RESET() method does not exists in class com.browsersoft.openhre.hl7.impl.parser.HL7CheckerImpl
09:31:09.618 [Test worker] DEBUG org.evosuite.runtime.classhandling.ClassResetter - __STATIC_RESET() method does not exists in class com.browsersoft.openhre.hl7.impl.parser.HL7ParserImpl
09:31:09.618 [Test worker] DEBUG org.evosuite.runtime.classhandling.ClassResetter - __STATIC_RESET() method does not exists in class com.browsersoft.openhre.hl7.impl.parser.HL7CheckerStateImpl
09:31:09.618 [Test worker] DEBUG org.evosuite.runtime.classhandling.ClassResetter - __STATIC_RESET() method does not exists in class com.browsersoft.openhre.hl7.impl.parser.HL7SAXEventGeneratorImpl
09:31:09.618 [Test worker] DEBUG org.evosuite.runtime.classhandling.ClassResetter - __STATIC_RESET() method does not exists in class com.browsersoft.openhre.hl7.impl.parser.HL72XMLImpl
09:31:09.618 [Test worker] DEBUG org.evosuite.runtime.classhandling.ClassResetter - __STATIC_RESET() method does not exists in class com.browsersoft.openhre.hl7.impl.parser.XMLUtils
09:31:09.618 [Test worker] DEBUG org.evosuite.runtime.classhandling.ClassResetter - __STATIC_RESET() method does not exists in class com.browsersoft.openhre.hl7.impl.config.HL7SegmentMapImpl
09:31:09.618 [Test worker] DEBUG org.evosuite.runtime.classhandling.ClassResetter - __STATIC_RESET() method does not exists in class com.browsersoft.openhre.hl7.impl.regular.ExpressionMatrixBuilderImpl
09:31:09.618 [Test worker] DEBUG org.evosuite.runtime.classhandling.ClassResetter - __STATIC_RESET() method does not exists in class com.browsersoft.openhre.hl7.impl.regular.NodeStack
09:31:09.618 [Test worker] DEBUG org.evosuite.runtime.classhandling.ClassResetter - __STATIC_RESET() method does not exists in class com.browsersoft.openhre.hl7.impl.regular.ExpressionNodeList
09:31:09.618 [Test worker] DEBUG org.evosuite.runtime.classhandling.ClassResetter - __STATIC_RESET() method does not exists in class com.browsersoft.openhre.hl7.api.regular.InvalidExpressionException
09:31:09.618 [Test worker] DEBUG org.evosuite.runtime.classhandling.ClassResetter - __STATIC_RESET() method does not exists in class com.browsersoft.openhre.hl7.impl.config.HL7FieldImpl
09:31:09.618 [Test worker] DEBUG org.evosuite.runtime.classhandling.ClassResetter - __STATIC_RESET() method does not exists in class com.browsersoft.openhre.hl7.impl.config.HL7VersionConfigurationMapImpl
09:31:09.618 [Test worker] DEBUG org.evosuite.runtime.classhandling.ClassResetter - __STATIC_RESET() method does not exists in class com.browsersoft.openhre.hl7.impl.regular.ConnectionList
09:31:09.618 [Test worker] DEBUG org.evosuite.runtime.classhandling.ClassResetter - __STATIC_RESET() method does not exists in class com.browsersoft.openhre.hl7.impl.regular.Connection
09:31:09.618 [Test worker] DEBUG org.evosuite.runtime.classhandling.ClassResetter - __STATIC_RESET() method does not exists in class org.apache.axis.components.logger.LogFactory$1
09:31:09.618 [Test worker] DEBUG org.evosuite.runtime.classhandling.ClassResetter - __STATIC_RESET() method does not exists in class org.apache.axis.components.logger.LogFactory
09:31:09.618 [Test worker] DEBUG org.evosuite.runtime.classhandling.ClassResetter - __STATIC_RESET() method does not exists in class org.apache.log4j.Level
09:31:09.618 [Test worker] DEBUG org.evosuite.runtime.classhandling.ClassResetter - __STATIC_RESET() method does not exists in class org.apache.log4j.Priority
09:31:09.618 [Test worker] DEBUG org.evosuite.runtime.classhandling.ClassResetter - __STATIC_RESET() method does not exists in class org.apache.commons.logging.impl.Log4JLogger
09:31:09.618 [Test worker] DEBUG org.evosuite.runtime.classhandling.ClassResetter - __STATIC_RESET() method does not exists in class org.apache.log4j.Category
09:31:09.618 [Test worker] DEBUG org.evosuite.runtime.classhandling.ClassResetter - __STATIC_RESET() method does not exists in class org.apache.log4j.Logger
09:31:09.618 [Test worker] DEBUG org.evosuite.runtime.classhandling.ClassResetter - __STATIC_RESET() method does not exists in class org.apache.log4j.Hierarchy
09:31:09.618 [Test worker] DEBUG org.evosuite.runtime.classhandling.ClassResetter - __STATIC_RESET() method does not exists in class org.apache.log4j.spi.RootCategory
09:31:09.618 [Test worker] DEBUG org.evosuite.runtime.classhandling.ClassResetter - __STATIC_RESET() method does not exists in class org.apache.log4j.or.DefaultRenderer
09:31:09.618 [Test worker] DEBUG org.evosuite.runtime.classhandling.ClassResetter - __STATIC_RESET() method does not exists in class org.apache.log4j.or.RendererMap
09:31:09.618 [Test worker] DEBUG org.evosuite.runtime.classhandling.ClassResetter - __STATIC_RESET() method does not exists in class org.apache.log4j.DefaultCategoryFactory
09:31:09.618 [Test worker] DEBUG org.evosuite.runtime.classhandling.ClassResetter - __STATIC_RESET() method does not exists in class org.apache.log4j.spi.DefaultRepositorySelector
09:31:09.618 [Test worker] DEBUG org.evosuite.runtime.classhandling.ClassResetter - __STATIC_RESET() method does not exists in class org.apache.log4j.helpers.OptionConverter
09:31:09.618 [Test worker] DEBUG org.evosuite.runtime.classhandling.ClassResetter - __STATIC_RESET() method does not exists in class org.apache.log4j.helpers.Loader
09:31:09.618 [Test worker] DEBUG org.evosuite.runtime.classhandling.ClassResetter - __STATIC_RESET() method does not exists in class org.apache.log4j.helpers.LogLog
09:31:09.618 [Test worker] DEBUG org.evosuite.runtime.classhandling.ClassResetter - __STATIC_RESET() method does not exists in class org.apache.log4j.PropertyConfigurator
09:31:09.618 [Test worker] DEBUG org.evosuite.runtime.classhandling.ClassResetter - __STATIC_RESET() method does not exists in class org.apache.log4j.LogManager
09:31:09.618 [Test worker] DEBUG org.evosuite.runtime.classhandling.ClassResetter - __STATIC_RESET() method does not exists in class org.apache.log4j.CategoryKey
09:31:09.618 [Test worker] DEBUG org.evosuite.runtime.classhandling.ClassResetter - __STATIC_RESET() method does not exists in class org.apache.log4j.ProvisionNode
09:31:09.618 [Test worker] DEBUG org.evosuite.runtime.classhandling.ClassResetter - __STATIC_RESET() method does not exists in class org.apache.axis.handlers.BasicHandler
09:31:09.618 [Test worker] DEBUG org.evosuite.runtime.classhandling.ClassResetter - __STATIC_RESET() method does not exists in class org.apache.axis.AxisEngine
09:31:09.618 [Test worker] DEBUG org.evosuite.runtime.classhandling.ClassResetter - __STATIC_RESET() method does not exists in class org.apache.axis.server.AxisServer
09:31:09.618 [Test worker] DEBUG org.evosuite.runtime.classhandling.ClassResetter - __STATIC_RESET() method does not exists in class org.apache.axis.AxisProperties
09:31:09.618 [Test worker] DEBUG org.evosuite.runtime.classhandling.ClassResetter - __STATIC_RESET() method does not exists in class org.apache.commons.discovery.resource.names.ResourceNameDiscoverImpl
09:31:09.618 [Test worker] DEBUG org.evosuite.runtime.classhandling.ClassResetter - __STATIC_RESET() method does not exists in class org.apache.commons.discovery.log.SimpleLog
09:31:09.618 [Test worker] DEBUG org.evosuite.runtime.classhandling.ClassResetter - __STATIC_RESET() method does not exists in class org.apache.commons.discovery.log.DiscoveryLogFactory
09:31:09.619 [Test worker] DEBUG org.evosuite.runtime.classhandling.ClassResetter - __STATIC_RESET() method does not exists in class org.apache.commons.discovery.tools.ClassUtils
09:31:09.619 [Test worker] DEBUG org.evosuite.runtime.classhandling.ClassResetter - __STATIC_RESET() method does not exists in class org.apache.commons.discovery.resource.names.DiscoverNamesInAlternateManagedProperties
09:31:09.619 [Test worker] DEBUG org.evosuite.runtime.classhandling.ClassResetter - __STATIC_RESET() method does not exists in class org.apache.commons.discovery.resource.names.DiscoverMappedNames
09:31:09.619 [Test worker] DEBUG org.evosuite.runtime.classhandling.ClassResetter - __STATIC_RESET() method does not exists in class org.apache.axis.configuration.EngineConfigurationFactoryFinder
09:31:09.619 [Test worker] DEBUG org.evosuite.runtime.classhandling.ClassResetter - __STATIC_RESET() method does not exists in class org.apache.axis.configuration.EngineConfigurationFactoryFinder$1
09:31:09.619 [Test worker] DEBUG org.evosuite.runtime.classhandling.ClassResetter - __STATIC_RESET() method does not exists in class org.apache.commons.discovery.resource.names.NameDiscoverers
09:31:09.619 [Test worker] DEBUG org.evosuite.runtime.classhandling.ClassResetter - __STATIC_RESET() method does not exists in class org.apache.commons.discovery.resource.names.DiscoverNamesInManagedProperties
09:31:09.619 [Test worker] DEBUG org.evosuite.runtime.classhandling.ClassResetter - __STATIC_RESET() method does not exists in class org.apache.commons.discovery.resource.names.DiscoverNamesInFile
09:31:09.619 [Test worker] DEBUG org.evosuite.runtime.classhandling.ClassResetter - __STATIC_RESET() method does not exists in class org.apache.commons.discovery.resource.names.DiscoverServiceNames
09:31:09.619 [Test worker] DEBUG org.evosuite.runtime.classhandling.ClassResetter - __STATIC_RESET() method does not exists in class org.apache.commons.discovery.resource.ResourceDiscoverImpl
09:31:09.619 [Test worker] DEBUG org.evosuite.runtime.classhandling.ClassResetter - __STATIC_RESET() method does not exists in class org.apache.commons.discovery.resource.DiscoverResources
09:31:09.619 [Test worker] DEBUG org.evosuite.runtime.classhandling.ClassResetter - __STATIC_RESET() method does not exists in class org.apache.commons.discovery.resource.names.NameDiscoverers$1
09:31:09.619 [Test worker] DEBUG org.evosuite.runtime.classhandling.ClassResetter - __STATIC_RESET() method does not exists in class org.apache.xalan.processor.XSLTElementDef
09:31:09.619 [Test worker] DEBUG org.evosuite.runtime.classhandling.ClassResetter - __STATIC_RESET() method does not exists in class org.apache.xalan.processor.XSLTSchema
09:31:09.622 [Test worker] DEBUG org.evosuite.runtime.classhandling.ClassResetter - __STATIC_RESET() method does not exists in class com.browsersoft.openhre.hl7.impl.regular.ExpressionImpl
09:31:09.622 [Test worker] DEBUG org.evosuite.runtime.classhandling.ClassResetter - __STATIC_RESET() method does not exists in class com.browsersoft.openhre.hl7.impl.regular.ExpressionPartImpl
09:31:09.622 [Test worker] DEBUG org.evosuite.runtime.classhandling.ClassResetter - __STATIC_RESET() method does not exists in class com.browsersoft.openhre.hl7.impl.regular.MessageTracerImpl
09:31:09.622 [Test worker] DEBUG org.evosuite.runtime.classhandling.ClassResetter - __STATIC_RESET() method does not exists in class com.browsersoft.openhre.hl7.impl.config.HL7MessageImpl
09:31:09.622 [Test worker] DEBUG org.evosuite.runtime.classhandling.ClassResetter - __STATIC_RESET() method does not exists in class com.browsersoft.openhre.hl7.impl.regular.ExpressionElementMapperImpl
09:31:09.622 [Test worker] DEBUG org.evosuite.runtime.classhandling.ClassResetter - __STATIC_RESET() method does not exists in class com.browsersoft.openhre.hl7.impl.regular.ExpressionElementMapperItemImpl
09:31:09.622 [Test worker] DEBUG org.evosuite.runtime.classhandling.ClassResetter - __STATIC_RESET() method does not exists in class com.browsersoft.openhre.hl7.impl.config.HL7MessageGroupItemImpl
09:31:09.622 [Test worker] DEBUG org.evosuite.runtime.classhandling.ClassResetter - __STATIC_RESET() method does not exists in class com.browsersoft.openhre.hl7.impl.config.HL7MessageGroupImpl
09:31:09.622 [Test worker] DEBUG org.evosuite.runtime.classhandling.ClassResetter - __STATIC_RESET() method does not exists in class com.browsersoft.openhre.hl7.impl.config.HL7MessageSegmentImpl
09:31:09.622 [Test worker] DEBUG org.evosuite.runtime.classhandling.ClassResetter - __STATIC_RESET() method does not exists in class com.browsersoft.openhre.hl7.impl.config.HL7MessageMapImpl
09:31:09.622 [Test worker] DEBUG org.evosuite.runtime.classhandling.ClassResetter - __STATIC_RESET() method does not exists in class com.browsersoft.openhre.hl7.impl.regular.ExpressionMatrixImpl
09:31:09.622 [Test worker] DEBUG org.evosuite.runtime.classhandling.ClassResetter - __STATIC_RESET() method does not exists in class com.browsersoft.openhre.hl7.impl.config.HL7SegmentImpl
09:31:09.622 [Test worker] DEBUG org.evosuite.runtime.classhandling.ClassResetter - __STATIC_RESET() method does not exists in class com.browsersoft.openhre.hl7.impl.config.HL7FieldListImpl
09:31:09.623 [Test worker] DEBUG org.evosuite.runtime.classhandling.ClassResetter - __STATIC_RESET() method does not exists in class com.browsersoft.openhre.hl7.impl.parser.HL7CheckerImpl
09:31:09.623 [Test worker] DEBUG org.evosuite.runtime.classhandling.ClassResetter - __STATIC_RESET() method does not exists in class com.browsersoft.openhre.hl7.impl.parser.HL7ParserImpl
09:31:09.623 [Test worker] DEBUG org.evosuite.runtime.classhandling.ClassResetter - __STATIC_RESET() method does not exists in class com.browsersoft.openhre.hl7.impl.parser.HL7CheckerStateImpl
09:31:09.623 [Test worker] DEBUG org.evosuite.runtime.classhandling.ClassResetter - __STATIC_RESET() method does not exists in class com.browsersoft.openhre.hl7.impl.parser.HL7SAXEventGeneratorImpl
09:31:09.623 [Test worker] DEBUG org.evosuite.runtime.classhandling.ClassResetter - __STATIC_RESET() method does not exists in class com.browsersoft.openhre.hl7.impl.parser.HL72XMLImpl
09:31:09.623 [Test worker] DEBUG org.evosuite.runtime.classhandling.ClassResetter - __STATIC_RESET() method does not exists in class com.browsersoft.openhre.hl7.impl.parser.XMLUtils
09:31:09.623 [Test worker] DEBUG org.evosuite.runtime.classhandling.ClassResetter - __STATIC_RESET() method does not exists in class com.browsersoft.openhre.hl7.impl.config.HL7SegmentMapImpl
09:31:09.623 [Test worker] DEBUG org.evosuite.runtime.classhandling.ClassResetter - __STATIC_RESET() method does not exists in class com.browsersoft.openhre.hl7.impl.regular.ExpressionMatrixBuilderImpl
09:31:09.623 [Test worker] DEBUG org.evosuite.runtime.classhandling.ClassResetter - __STATIC_RESET() method does not exists in class com.browsersoft.openhre.hl7.impl.regular.NodeStack
09:31:09.623 [Test worker] DEBUG org.evosuite.runtime.classhandling.ClassResetter - __STATIC_RESET() method does not exists in class com.browsersoft.openhre.hl7.impl.regular.ExpressionNodeList
09:31:09.623 [Test worker] DEBUG org.evosuite.runtime.classhandling.ClassResetter - __STATIC_RESET() method does not exists in class com.browsersoft.openhre.hl7.api.regular.InvalidExpressionException
09:31:09.623 [Test worker] DEBUG org.evosuite.runtime.classhandling.ClassResetter - __STATIC_RESET() method does not exists in class com.browsersoft.openhre.hl7.impl.config.HL7FieldImpl
09:31:09.623 [Test worker] DEBUG org.evosuite.runtime.classhandling.ClassResetter - __STATIC_RESET() method does not exists in class com.browsersoft.openhre.hl7.impl.config.HL7VersionConfigurationMapImpl
09:31:09.623 [Test worker] DEBUG org.evosuite.runtime.classhandling.ClassResetter - __STATIC_RESET() method does not exists in class com.browsersoft.openhre.hl7.impl.regular.ConnectionList
09:31:09.623 [Test worker] DEBUG org.evosuite.runtime.classhandling.ClassResetter - __STATIC_RESET() method does not exists in class com.browsersoft.openhre.hl7.impl.regular.Connection
09:31:09.623 [Test worker] DEBUG org.evosuite.runtime.classhandling.ClassResetter - __STATIC_RESET() method does not exists in class org.apache.axis.components.logger.LogFactory$1
09:31:09.623 [Test worker] DEBUG org.evosuite.runtime.classhandling.ClassResetter - __STATIC_RESET() method does not exists in class org.apache.axis.components.logger.LogFactory
09:31:09.623 [Test worker] DEBUG org.evosuite.runtime.classhandling.ClassResetter - __STATIC_RESET() method does not exists in class org.apache.log4j.Level
09:31:09.623 [Test worker] DEBUG org.evosuite.runtime.classhandling.ClassResetter - __STATIC_RESET() method does not exists in class org.apache.log4j.Priority
09:31:09.623 [Test worker] DEBUG org.evosuite.runtime.classhandling.ClassResetter - __STATIC_RESET() method does not exists in class org.apache.commons.logging.impl.Log4JLogger
09:31:09.623 [Test worker] DEBUG org.evosuite.runtime.classhandling.ClassResetter - __STATIC_RESET() method does not exists in class org.apache.log4j.Category
09:31:09.623 [Test worker] DEBUG org.evosuite.runtime.classhandling.ClassResetter - __STATIC_RESET() method does not exists in class org.apache.log4j.Logger
09:31:09.623 [Test worker] DEBUG org.evosuite.runtime.classhandling.ClassResetter - __STATIC_RESET() method does not exists in class org.apache.log4j.Hierarchy
09:31:09.623 [Test worker] DEBUG org.evosuite.runtime.classhandling.ClassResetter - __STATIC_RESET() method does not exists in class org.apache.log4j.spi.RootCategory
09:31:09.623 [Test worker] DEBUG org.evosuite.runtime.classhandling.ClassResetter - __STATIC_RESET() method does not exists in class org.apache.log4j.or.DefaultRenderer
09:31:09.623 [Test worker] DEBUG org.evosuite.runtime.classhandling.ClassResetter - __STATIC_RESET() method does not exists in class org.apache.log4j.or.RendererMap
09:31:09.623 [Test worker] DEBUG org.evosuite.runtime.classhandling.ClassResetter - __STATIC_RESET() method does not exists in class org.apache.log4j.DefaultCategoryFactory
09:31:09.623 [Test worker] DEBUG org.evosuite.runtime.classhandling.ClassResetter - __STATIC_RESET() method does not exists in class org.apache.log4j.spi.DefaultRepositorySelector
09:31:09.623 [Test worker] DEBUG org.evosuite.runtime.classhandling.ClassResetter - __STATIC_RESET() method does not exists in class org.apache.log4j.helpers.OptionConverter
09:31:09.623 [Test worker] DEBUG org.evosuite.runtime.classhandling.ClassResetter - __STATIC_RESET() method does not exists in class org.apache.log4j.helpers.Loader
09:31:09.623 [Test worker] DEBUG org.evosuite.runtime.classhandling.ClassResetter - __STATIC_RESET() method does not exists in class org.apache.log4j.helpers.LogLog
09:31:09.623 [Test worker] DEBUG org.evosuite.runtime.classhandling.ClassResetter - __STATIC_RESET() method does not exists in class org.apache.log4j.PropertyConfigurator
09:31:09.623 [Test worker] DEBUG org.evosuite.runtime.classhandling.ClassResetter - __STATIC_RESET() method does not exists in class org.apache.log4j.LogManager
09:31:09.623 [Test worker] DEBUG org.evosuite.runtime.classhandling.ClassResetter - __STATIC_RESET() method does not exists in class org.apache.log4j.CategoryKey
09:31:09.623 [Test worker] DEBUG org.evosuite.runtime.classhandling.ClassResetter - __STATIC_RESET() method does not exists in class org.apache.log4j.ProvisionNode
09:31:09.623 [Test worker] DEBUG org.evosuite.runtime.classhandling.ClassResetter - __STATIC_RESET() method does not exists in class org.apache.axis.handlers.BasicHandler
09:31:09.623 [Test worker] DEBUG org.evosuite.runtime.classhandling.ClassResetter - __STATIC_RESET() method does not exists in class org.apache.axis.AxisEngine
09:31:09.623 [Test worker] DEBUG org.evosuite.runtime.classhandling.ClassResetter - __STATIC_RESET() method does not exists in class org.apache.axis.server.AxisServer
09:31:09.623 [Test worker] DEBUG org.evosuite.runtime.classhandling.ClassResetter - __STATIC_RESET() method does not exists in class org.apache.axis.AxisProperties
09:31:09.623 [Test worker] DEBUG org.evosuite.runtime.classhandling.ClassResetter - __STATIC_RESET() method does not exists in class org.apache.commons.discovery.resource.names.ResourceNameDiscoverImpl
09:31:09.623 [Test worker] DEBUG org.evosuite.runtime.classhandling.ClassResetter - __STATIC_RESET() method does not exists in class org.apache.commons.discovery.log.SimpleLog
09:31:09.623 [Test worker] DEBUG org.evosuite.runtime.classhandling.ClassResetter - __STATIC_RESET() method does not exists in class org.apache.commons.discovery.log.DiscoveryLogFactory
09:31:09.623 [Test worker] DEBUG org.evosuite.runtime.classhandling.ClassResetter - __STATIC_RESET() method does not exists in class org.apache.commons.discovery.tools.ClassUtils
09:31:09.624 [Test worker] DEBUG org.evosuite.runtime.classhandling.ClassResetter - __STATIC_RESET() method does not exists in class org.apache.commons.discovery.resource.names.DiscoverNamesInAlternateManagedProperties
09:31:09.624 [Test worker] DEBUG org.evosuite.runtime.classhandling.ClassResetter - __STATIC_RESET() method does not exists in class org.apache.commons.discovery.resource.names.DiscoverMappedNames
09:31:09.624 [Test worker] DEBUG org.evosuite.runtime.classhandling.ClassResetter - __STATIC_RESET() method does not exists in class org.apache.axis.configuration.EngineConfigurationFactoryFinder
09:31:09.624 [Test worker] DEBUG org.evosuite.runtime.classhandling.ClassResetter - __STATIC_RESET() method does not exists in class org.apache.axis.configuration.EngineConfigurationFactoryFinder$1
09:31:09.624 [Test worker] DEBUG org.evosuite.runtime.classhandling.ClassResetter - __STATIC_RESET() method does not exists in class org.apache.commons.discovery.resource.names.NameDiscoverers
09:31:09.624 [Test worker] DEBUG org.evosuite.runtime.classhandling.ClassResetter - __STATIC_RESET() method does not exists in class org.apache.commons.discovery.resource.names.DiscoverNamesInManagedProperties
09:31:09.624 [Test worker] DEBUG org.evosuite.runtime.classhandling.ClassResetter - __STATIC_RESET() method does not exists in class org.apache.commons.discovery.resource.names.DiscoverNamesInFile
09:31:09.624 [Test worker] DEBUG org.evosuite.runtime.classhandling.ClassResetter - __STATIC_RESET() method does not exists in class org.apache.commons.discovery.resource.names.DiscoverServiceNames
09:31:09.624 [Test worker] DEBUG org.evosuite.runtime.classhandling.ClassResetter - __STATIC_RESET() method does not exists in class org.apache.commons.discovery.resource.ResourceDiscoverImpl
09:31:09.624 [Test worker] DEBUG org.evosuite.runtime.classhandling.ClassResetter - __STATIC_RESET() method does not exists in class org.apache.commons.discovery.resource.DiscoverResources
09:31:09.624 [Test worker] DEBUG org.evosuite.runtime.classhandling.ClassResetter - __STATIC_RESET() method does not exists in class org.apache.commons.discovery.resource.names.NameDiscoverers$1
09:31:09.624 [Test worker] DEBUG org.evosuite.runtime.classhandling.ClassResetter - __STATIC_RESET() method does not exists in class org.apache.xalan.processor.XSLTElementDef
09:31:09.624 [Test worker] DEBUG org.evosuite.runtime.classhandling.ClassResetter - __STATIC_RESET() method does not exists in class org.apache.xalan.processor.XSLTSchema
09:31:09.627 [Test worker] DEBUG org.evosuite.runtime.classhandling.ClassResetter - __STATIC_RESET() method does not exists in class com.browsersoft.openhre.hl7.impl.regular.ExpressionImpl
09:31:09.627 [Test worker] DEBUG org.evosuite.runtime.classhandling.ClassResetter - __STATIC_RESET() method does not exists in class com.browsersoft.openhre.hl7.impl.regular.ExpressionPartImpl
09:31:09.627 [Test worker] DEBUG org.evosuite.runtime.classhandling.ClassResetter - __STATIC_RESET() method does not exists in class com.browsersoft.openhre.hl7.impl.regular.MessageTracerImpl
09:31:09.627 [Test worker] DEBUG org.evosuite.runtime.classhandling.ClassResetter - __STATIC_RESET() method does not exists in class com.browsersoft.openhre.hl7.impl.config.HL7MessageImpl
09:31:09.627 [Test worker] DEBUG org.evosuite.runtime.classhandling.ClassResetter - __STATIC_RESET() method does not exists in class com.browsersoft.openhre.hl7.impl.regular.ExpressionElementMapperImpl
09:31:09.627 [Test worker] DEBUG org.evosuite.runtime.classhandling.ClassResetter - __STATIC_RESET() method does not exists in class com.browsersoft.openhre.hl7.impl.regular.ExpressionElementMapperItemImpl
09:31:09.627 [Test worker] DEBUG org.evosuite.runtime.classhandling.ClassResetter - __STATIC_RESET() method does not exists in class com.browsersoft.openhre.hl7.impl.config.HL7MessageGroupItemImpl
09:31:09.627 [Test worker] DEBUG org.evosuite.runtime.classhandling.ClassResetter - __STATIC_RESET() method does not exists in class com.browsersoft.openhre.hl7.impl.config.HL7MessageGroupImpl
09:31:09.627 [Test worker] DEBUG org.evosuite.runtime.classhandling.ClassResetter - __STATIC_RESET() method does not exists in class com.browsersoft.openhre.hl7.impl.config.HL7MessageSegmentImpl
09:31:09.627 [Test worker] DEBUG org.evosuite.runtime.classhandling.ClassResetter - __STATIC_RESET() method does not exists in class com.browsersoft.openhre.hl7.impl.config.HL7MessageMapImpl
09:31:09.627 [Test worker] DEBUG org.evosuite.runtime.classhandling.ClassResetter - __STATIC_RESET() method does not exists in class com.browsersoft.openhre.hl7.impl.regular.ExpressionMatrixImpl
09:31:09.627 [Test worker] DEBUG org.evosuite.runtime.classhandling.ClassResetter - __STATIC_RESET() method does not exists in class com.browsersoft.openhre.hl7.impl.config.HL7SegmentImpl
09:31:09.627 [Test worker] DEBUG org.evosuite.runtime.classhandling.ClassResetter - __STATIC_RESET() method does not exists in class com.browsersoft.openhre.hl7.impl.config.HL7FieldListImpl
09:31:09.627 [Test worker] DEBUG org.evosuite.runtime.classhandling.ClassResetter - __STATIC_RESET() method does not exists in class com.browsersoft.openhre.hl7.impl.parser.HL7CheckerImpl
09:31:09.627 [Test worker] DEBUG org.evosuite.runtime.classhandling.ClassResetter - __STATIC_RESET() method does not exists in class com.browsersoft.openhre.hl7.impl.parser.HL7ParserImpl
09:31:09.627 [Test worker] DEBUG org.evosuite.runtime.classhandling.ClassResetter - __STATIC_RESET() method does not exists in class com.browsersoft.openhre.hl7.impl.parser.HL7CheckerStateImpl
09:31:09.627 [Test worker] DEBUG org.evosuite.runtime.classhandling.ClassResetter - __STATIC_RESET() method does not exists in class com.browsersoft.openhre.hl7.impl.parser.HL7SAXEventGeneratorImpl
09:31:09.627 [Test worker] DEBUG org.evosuite.runtime.classhandling.ClassResetter - __STATIC_RESET() method does not exists in class com.browsersoft.openhre.hl7.impl.parser.HL72XMLImpl
09:31:09.627 [Test worker] DEBUG org.evosuite.runtime.classhandling.ClassResetter - __STATIC_RESET() method does not exists in class com.browsersoft.openhre.hl7.impl.parser.XMLUtils
09:31:09.627 [Test worker] DEBUG org.evosuite.runtime.classhandling.ClassResetter - __STATIC_RESET() method does not exists in class com.browsersoft.openhre.hl7.impl.config.HL7SegmentMapImpl
09:31:09.627 [Test worker] DEBUG org.evosuite.runtime.classhandling.ClassResetter - __STATIC_RESET() method does not exists in class com.browsersoft.openhre.hl7.impl.regular.ExpressionMatrixBuilderImpl
09:31:09.627 [Test worker] DEBUG org.evosuite.runtime.classhandling.ClassResetter - __STATIC_RESET() method does not exists in class com.browsersoft.openhre.hl7.impl.regular.NodeStack
09:31:09.627 [Test worker] DEBUG org.evosuite.runtime.classhandling.ClassResetter - __STATIC_RESET() method does not exists in class com.browsersoft.openhre.hl7.impl.regular.ExpressionNodeList
09:31:09.627 [Test worker] DEBUG org.evosuite.runtime.classhandling.ClassResetter - __STATIC_RESET() method does not exists in class com.browsersoft.openhre.hl7.api.regular.InvalidExpressionException
09:31:09.627 [Test worker] DEBUG org.evosuite.runtime.classhandling.ClassResetter - __STATIC_RESET() method does not exists in class com.browsersoft.openhre.hl7.impl.config.HL7FieldImpl
09:31:09.627 [Test worker] DEBUG org.evosuite.runtime.classhandling.ClassResetter - __STATIC_RESET() method does not exists in class com.browsersoft.openhre.hl7.impl.config.HL7VersionConfigurationMapImpl
09:31:09.627 [Test worker] DEBUG org.evosuite.runtime.classhandling.ClassResetter - __STATIC_RESET() method does not exists in class com.browsersoft.openhre.hl7.impl.regular.ConnectionList
09:31:09.627 [Test worker] DEBUG org.evosuite.runtime.classhandling.ClassResetter - __STATIC_RESET() method does not exists in class com.browsersoft.openhre.hl7.impl.regular.Connection
09:31:09.627 [Test worker] DEBUG org.evosuite.runtime.classhandling.ClassResetter - __STATIC_RESET() method does not exists in class org.apache.axis.components.logger.LogFactory$1
09:31:09.627 [Test worker] DEBUG org.evosuite.runtime.classhandling.ClassResetter - __STATIC_RESET() method does not exists in class org.apache.axis.components.logger.LogFactory
09:31:09.627 [Test worker] DEBUG org.evosuite.runtime.classhandling.ClassResetter - __STATIC_RESET() method does not exists in class org.apache.log4j.Level
09:31:09.628 [Test worker] DEBUG org.evosuite.runtime.classhandling.ClassResetter - __STATIC_RESET() method does not exists in class org.apache.log4j.Priority
09:31:09.628 [Test worker] DEBUG org.evosuite.runtime.classhandling.ClassResetter - __STATIC_RESET() method does not exists in class org.apache.commons.logging.impl.Log4JLogger
09:31:09.628 [Test worker] DEBUG org.evosuite.runtime.classhandling.ClassResetter - __STATIC_RESET() method does not exists in class org.apache.log4j.Category
09:31:09.628 [Test worker] DEBUG org.evosuite.runtime.classhandling.ClassResetter - __STATIC_RESET() method does not exists in class org.apache.log4j.Logger
09:31:09.628 [Test worker] DEBUG org.evosuite.runtime.classhandling.ClassResetter - __STATIC_RESET() method does not exists in class org.apache.log4j.Hierarchy
09:31:09.628 [Test worker] DEBUG org.evosuite.runtime.classhandling.ClassResetter - __STATIC_RESET() method does not exists in class org.apache.log4j.spi.RootCategory
09:31:09.628 [Test worker] DEBUG org.evosuite.runtime.classhandling.ClassResetter - __STATIC_RESET() method does not exists in class org.apache.log4j.or.DefaultRenderer
09:31:09.628 [Test worker] DEBUG org.evosuite.runtime.classhandling.ClassResetter - __STATIC_RESET() method does not exists in class org.apache.log4j.or.RendererMap
09:31:09.628 [Test worker] DEBUG org.evosuite.runtime.classhandling.ClassResetter - __STATIC_RESET() method does not exists in class org.apache.log4j.DefaultCategoryFactory
09:31:09.628 [Test worker] DEBUG org.evosuite.runtime.classhandling.ClassResetter - __STATIC_RESET() method does not exists in class org.apache.log4j.spi.DefaultRepositorySelector
09:31:09.628 [Test worker] DEBUG org.evosuite.runtime.classhandling.ClassResetter - __STATIC_RESET() method does not exists in class org.apache.log4j.helpers.OptionConverter
09:31:09.628 [Test worker] DEBUG org.evosuite.runtime.classhandling.ClassResetter - __STATIC_RESET() method does not exists in class org.apache.log4j.helpers.Loader
09:31:09.628 [Test worker] DEBUG org.evosuite.runtime.classhandling.ClassResetter - __STATIC_RESET() method does not exists in class org.apache.log4j.helpers.LogLog
09:31:09.628 [Test worker] DEBUG org.evosuite.runtime.classhandling.ClassResetter - __STATIC_RESET() method does not exists in class org.apache.log4j.PropertyConfigurator
09:31:09.628 [Test worker] DEBUG org.evosuite.runtime.classhandling.ClassResetter - __STATIC_RESET() method does not exists in class org.apache.log4j.LogManager
09:31:09.628 [Test worker] DEBUG org.evosuite.runtime.classhandling.ClassResetter - __STATIC_RESET() method does not exists in class org.apache.log4j.CategoryKey
09:31:09.628 [Test worker] DEBUG org.evosuite.runtime.classhandling.ClassResetter - __STATIC_RESET() method does not exists in class org.apache.log4j.ProvisionNode
09:31:09.628 [Test worker] DEBUG org.evosuite.runtime.classhandling.ClassResetter - __STATIC_RESET() method does not exists in class org.apache.axis.handlers.BasicHandler
09:31:09.628 [Test worker] DEBUG org.evosuite.runtime.classhandling.ClassResetter - __STATIC_RESET() method does not exists in class org.apache.axis.AxisEngine
09:31:09.628 [Test worker] DEBUG org.evosuite.runtime.classhandling.ClassResetter - __STATIC_RESET() method does not exists in class org.apache.axis.server.AxisServer
09:31:09.628 [Test worker] DEBUG org.evosuite.runtime.classhandling.ClassResetter - __STATIC_RESET() method does not exists in class org.apache.axis.AxisProperties
09:31:09.628 [Test worker] DEBUG org.evosuite.runtime.classhandling.ClassResetter - __STATIC_RESET() method does not exists in class org.apache.commons.discovery.resource.names.ResourceNameDiscoverImpl
09:31:09.628 [Test worker] DEBUG org.evosuite.runtime.classhandling.ClassResetter - __STATIC_RESET() method does not exists in class org.apache.commons.discovery.log.SimpleLog
09:31:09.628 [Test worker] DEBUG org.evosuite.runtime.classhandling.ClassResetter - __STATIC_RESET() method does not exists in class org.apache.commons.discovery.log.DiscoveryLogFactory
09:31:09.628 [Test worker] DEBUG org.evosuite.runtime.classhandling.ClassResetter - __STATIC_RESET() method does not exists in class org.apache.commons.discovery.tools.ClassUtils
09:31:09.628 [Test worker] DEBUG org.evosuite.runtime.classhandling.ClassResetter - __STATIC_RESET() method does not exists in class org.apache.commons.discovery.resource.names.DiscoverNamesInAlternateManagedProperties
09:31:09.628 [Test worker] DEBUG org.evosuite.runtime.classhandling.ClassResetter - __STATIC_RESET() method does not exists in class org.apache.commons.discovery.resource.names.DiscoverMappedNames
09:31:09.628 [Test worker] DEBUG org.evosuite.runtime.classhandling.ClassResetter - __STATIC_RESET() method does not exists in class org.apache.axis.configuration.EngineConfigurationFactoryFinder
09:31:09.628 [Test worker] DEBUG org.evosuite.runtime.classhandling.ClassResetter - __STATIC_RESET() method does not exists in class org.apache.axis.configuration.EngineConfigurationFactoryFinder$1
09:31:09.628 [Test worker] DEBUG org.evosuite.runtime.classhandling.ClassResetter - __STATIC_RESET() method does not exists in class org.apache.commons.discovery.resource.names.NameDiscoverers
09:31:09.628 [Test worker] DEBUG org.evosuite.runtime.classhandling.ClassResetter - __STATIC_RESET() method does not exists in class org.apache.commons.discovery.resource.names.DiscoverNamesInManagedProperties
09:31:09.628 [Test worker] DEBUG org.evosuite.runtime.classhandling.ClassResetter - __STATIC_RESET() method does not exists in class org.apache.commons.discovery.resource.names.DiscoverNamesInFile
09:31:09.628 [Test worker] DEBUG org.evosuite.runtime.classhandling.ClassResetter - __STATIC_RESET() method does not exists in class org.apache.commons.discovery.resource.names.DiscoverServiceNames
09:31:09.628 [Test worker] DEBUG org.evosuite.runtime.classhandling.ClassResetter - __STATIC_RESET() method does not exists in class org.apache.commons.discovery.resource.ResourceDiscoverImpl
09:31:09.628 [Test worker] DEBUG org.evosuite.runtime.classhandling.ClassResetter - __STATIC_RESET() method does not exists in class org.apache.commons.discovery.resource.DiscoverResources
09:31:09.628 [Test worker] DEBUG org.evosuite.runtime.classhandling.ClassResetter - __STATIC_RESET() method does not exists in class org.apache.commons.discovery.resource.names.NameDiscoverers$1
09:31:09.628 [Test worker] DEBUG org.evosuite.runtime.classhandling.ClassResetter - __STATIC_RESET() method does not exists in class org.apache.xalan.processor.XSLTElementDef
09:31:09.628 [Test worker] DEBUG org.evosuite.runtime.classhandling.ClassResetter - __STATIC_RESET() method does not exists in class org.apache.xalan.processor.XSLTSchema
09:31:09.631 [Test worker] DEBUG org.evosuite.runtime.classhandling.ClassResetter - __STATIC_RESET() method does not exists in class com.browsersoft.openhre.hl7.impl.regular.ExpressionImpl
09:31:09.632 [Test worker] DEBUG org.evosuite.runtime.classhandling.ClassResetter - __STATIC_RESET() method does not exists in class com.browsersoft.openhre.hl7.impl.regular.ExpressionPartImpl
09:31:09.632 [Test worker] DEBUG org.evosuite.runtime.classhandling.ClassResetter - __STATIC_RESET() method does not exists in class com.browsersoft.openhre.hl7.impl.regular.MessageTracerImpl
09:31:09.632 [Test worker] DEBUG org.evosuite.runtime.classhandling.ClassResetter - __STATIC_RESET() method does not exists in class com.browsersoft.openhre.hl7.impl.config.HL7MessageImpl
09:31:09.632 [Test worker] DEBUG org.evosuite.runtime.classhandling.ClassResetter - __STATIC_RESET() method does not exists in class com.browsersoft.openhre.hl7.impl.regular.ExpressionElementMapperImpl
09:31:09.632 [Test worker] DEBUG org.evosuite.runtime.classhandling.ClassResetter - __STATIC_RESET() method does not exists in class com.browsersoft.openhre.hl7.impl.regular.ExpressionElementMapperItemImpl
09:31:09.632 [Test worker] DEBUG org.evosuite.runtime.classhandling.ClassResetter - __STATIC_RESET() method does not exists in class com.browsersoft.openhre.hl7.impl.config.HL7MessageGroupItemImpl
09:31:09.632 [Test worker] DEBUG org.evosuite.runtime.classhandling.ClassResetter - __STATIC_RESET() method does not exists in class com.browsersoft.openhre.hl7.impl.config.HL7MessageGroupImpl
09:31:09.632 [Test worker] DEBUG org.evosuite.runtime.classhandling.ClassResetter - __STATIC_RESET() method does not exists in class com.browsersoft.openhre.hl7.impl.config.HL7MessageSegmentImpl
09:31:09.632 [Test worker] DEBUG org.evosuite.runtime.classhandling.ClassResetter - __STATIC_RESET() method does not exists in class com.browsersoft.openhre.hl7.impl.config.HL7MessageMapImpl
09:31:09.632 [Test worker] DEBUG org.evosuite.runtime.classhandling.ClassResetter - __STATIC_RESET() method does not exists in class com.browsersoft.openhre.hl7.impl.regular.ExpressionMatrixImpl
09:31:09.632 [Test worker] DEBUG org.evosuite.runtime.classhandling.ClassResetter - __STATIC_RESET() method does not exists in class com.browsersoft.openhre.hl7.impl.config.HL7SegmentImpl
09:31:09.632 [Test worker] DEBUG org.evosuite.runtime.classhandling.ClassResetter - __STATIC_RESET() method does not exists in class com.browsersoft.openhre.hl7.impl.config.HL7FieldListImpl
09:31:09.632 [Test worker] DEBUG org.evosuite.runtime.classhandling.ClassResetter - __STATIC_RESET() method does not exists in class com.browsersoft.openhre.hl7.impl.parser.HL7CheckerImpl
09:31:09.632 [Test worker] DEBUG org.evosuite.runtime.classhandling.ClassResetter - __STATIC_RESET() method does not exists in class com.browsersoft.openhre.hl7.impl.parser.HL7ParserImpl
09:31:09.632 [Test worker] DEBUG org.evosuite.runtime.classhandling.ClassResetter - __STATIC_RESET() method does not exists in class com.browsersoft.openhre.hl7.impl.parser.HL7CheckerStateImpl
09:31:09.632 [Test worker] DEBUG org.evosuite.runtime.classhandling.ClassResetter - __STATIC_RESET() method does not exists in class com.browsersoft.openhre.hl7.impl.parser.HL7SAXEventGeneratorImpl
09:31:09.632 [Test worker] DEBUG org.evosuite.runtime.classhandling.ClassResetter - __STATIC_RESET() method does not exists in class com.browsersoft.openhre.hl7.impl.parser.HL72XMLImpl
09:31:09.632 [Test worker] DEBUG org.evosuite.runtime.classhandling.ClassResetter - __STATIC_RESET() method does not exists in class com.browsersoft.openhre.hl7.impl.parser.XMLUtils
09:31:09.632 [Test worker] DEBUG org.evosuite.runtime.classhandling.ClassResetter - __STATIC_RESET() method does not exists in class com.browsersoft.openhre.hl7.impl.config.HL7SegmentMapImpl
09:31:09.632 [Test worker] DEBUG org.evosuite.runtime.classhandling.ClassResetter - __STATIC_RESET() method does not exists in class com.browsersoft.openhre.hl7.impl.regular.ExpressionMatrixBuilderImpl
09:31:09.632 [Test worker] DEBUG org.evosuite.runtime.classhandling.ClassResetter - __STATIC_RESET() method does not exists in class com.browsersoft.openhre.hl7.impl.regular.NodeStack
09:31:09.632 [Test worker] DEBUG org.evosuite.runtime.classhandling.ClassResetter - __STATIC_RESET() method does not exists in class com.browsersoft.openhre.hl7.impl.regular.ExpressionNodeList
09:31:09.632 [Test worker] DEBUG org.evosuite.runtime.classhandling.ClassResetter - __STATIC_RESET() method does not exists in class com.browsersoft.openhre.hl7.api.regular.InvalidExpressionException
09:31:09.632 [Test worker] DEBUG org.evosuite.runtime.classhandling.ClassResetter - __STATIC_RESET() method does not exists in class com.browsersoft.openhre.hl7.impl.config.HL7FieldImpl
09:31:09.632 [Test worker] DEBUG org.evosuite.runtime.classhandling.ClassResetter - __STATIC_RESET() method does not exists in class com.browsersoft.openhre.hl7.impl.config.HL7VersionConfigurationMapImpl
09:31:09.632 [Test worker] DEBUG org.evosuite.runtime.classhandling.ClassResetter - __STATIC_RESET() method does not exists in class com.browsersoft.openhre.hl7.impl.regular.ConnectionList
09:31:09.632 [Test worker] DEBUG org.evosuite.runtime.classhandling.ClassResetter - __STATIC_RESET() method does not exists in class com.browsersoft.openhre.hl7.impl.regular.Connection
09:31:09.632 [Test worker] DEBUG org.evosuite.runtime.classhandling.ClassResetter - __STATIC_RESET() method does not exists in class org.apache.axis.components.logger.LogFactory$1
09:31:09.632 [Test worker] DEBUG org.evosuite.runtime.classhandling.ClassResetter - __STATIC_RESET() method does not exists in class org.apache.axis.components.logger.LogFactory
09:31:09.632 [Test worker] DEBUG org.evosuite.runtime.classhandling.ClassResetter - __STATIC_RESET() method does not exists in class org.apache.log4j.Level
09:31:09.632 [Test worker] DEBUG org.evosuite.runtime.classhandling.ClassResetter - __STATIC_RESET() method does not exists in class org.apache.log4j.Priority
09:31:09.632 [Test worker] DEBUG org.evosuite.runtime.classhandling.ClassResetter - __STATIC_RESET() method does not exists in class org.apache.commons.logging.impl.Log4JLogger
09:31:09.633 [Test worker] DEBUG org.evosuite.runtime.classhandling.ClassResetter - __STATIC_RESET() method does not exists in class org.apache.log4j.Category
09:31:09.633 [Test worker] DEBUG org.evosuite.runtime.classhandling.ClassResetter - __STATIC_RESET() method does not exists in class org.apache.log4j.Logger
09:31:09.633 [Test worker] DEBUG org.evosuite.runtime.classhandling.ClassResetter - __STATIC_RESET() method does not exists in class org.apache.log4j.Hierarchy
09:31:09.633 [Test worker] DEBUG org.evosuite.runtime.classhandling.ClassResetter - __STATIC_RESET() method does not exists in class org.apache.log4j.spi.RootCategory
09:31:09.633 [Test worker] DEBUG org.evosuite.runtime.classhandling.ClassResetter - __STATIC_RESET() method does not exists in class org.apache.log4j.or.DefaultRenderer
09:31:09.633 [Test worker] DEBUG org.evosuite.runtime.classhandling.ClassResetter - __STATIC_RESET() method does not exists in class org.apache.log4j.or.RendererMap
09:31:09.633 [Test worker] DEBUG org.evosuite.runtime.classhandling.ClassResetter - __STATIC_RESET() method does not exists in class org.apache.log4j.DefaultCategoryFactory
09:31:09.633 [Test worker] DEBUG org.evosuite.runtime.classhandling.ClassResetter - __STATIC_RESET() method does not exists in class org.apache.log4j.spi.DefaultRepositorySelector
09:31:09.633 [Test worker] DEBUG org.evosuite.runtime.classhandling.ClassResetter - __STATIC_RESET() method does not exists in class org.apache.log4j.helpers.OptionConverter
09:31:09.633 [Test worker] DEBUG org.evosuite.runtime.classhandling.ClassResetter - __STATIC_RESET() method does not exists in class org.apache.log4j.helpers.Loader
09:31:09.633 [Test worker] DEBUG org.evosuite.runtime.classhandling.ClassResetter - __STATIC_RESET() method does not exists in class org.apache.log4j.helpers.LogLog
09:31:09.633 [Test worker] DEBUG org.evosuite.runtime.classhandling.ClassResetter - __STATIC_RESET() method does not exists in class org.apache.log4j.PropertyConfigurator
09:31:09.633 [Test worker] DEBUG org.evosuite.runtime.classhandling.ClassResetter - __STATIC_RESET() method does not exists in class org.apache.log4j.LogManager
09:31:09.633 [Test worker] DEBUG org.evosuite.runtime.classhandling.ClassResetter - __STATIC_RESET() method does not exists in class org.apache.log4j.CategoryKey
09:31:09.633 [Test worker] DEBUG org.evosuite.runtime.classhandling.ClassResetter - __STATIC_RESET() method does not exists in class org.apache.log4j.ProvisionNode
09:31:09.633 [Test worker] DEBUG org.evosuite.runtime.classhandling.ClassResetter - __STATIC_RESET() method does not exists in class org.apache.axis.handlers.BasicHandler
09:31:09.633 [Test worker] DEBUG org.evosuite.runtime.classhandling.ClassResetter - __STATIC_RESET() method does not exists in class org.apache.axis.AxisEngine
09:31:09.633 [Test worker] DEBUG org.evosuite.runtime.classhandling.ClassResetter - __STATIC_RESET() method does not exists in class org.apache.axis.server.AxisServer
09:31:09.633 [Test worker] DEBUG org.evosuite.runtime.classhandling.ClassResetter - __STATIC_RESET() method does not exists in class org.apache.axis.AxisProperties
09:31:09.633 [Test worker] DEBUG org.evosuite.runtime.classhandling.ClassResetter - __STATIC_RESET() method does not exists in class org.apache.commons.discovery.resource.names.ResourceNameDiscoverImpl
09:31:09.633 [Test worker] DEBUG org.evosuite.runtime.classhandling.ClassResetter - __STATIC_RESET() method does not exists in class org.apache.commons.discovery.log.SimpleLog
09:31:09.633 [Test worker] DEBUG org.evosuite.runtime.classhandling.ClassResetter - __STATIC_RESET() method does not exists in class org.apache.commons.discovery.log.DiscoveryLogFactory
09:31:09.633 [Test worker] DEBUG org.evosuite.runtime.classhandling.ClassResetter - __STATIC_RESET() method does not exists in class org.apache.commons.discovery.tools.ClassUtils
09:31:09.633 [Test worker] DEBUG org.evosuite.runtime.classhandling.ClassResetter - __STATIC_RESET() method does not exists in class org.apache.commons.discovery.resource.names.DiscoverNamesInAlternateManagedProperties
09:31:09.633 [Test worker] DEBUG org.evosuite.runtime.classhandling.ClassResetter - __STATIC_RESET() method does not exists in class org.apache.commons.discovery.resource.names.DiscoverMappedNames
09:31:09.633 [Test worker] DEBUG org.evosuite.runtime.classhandling.ClassResetter - __STATIC_RESET() method does not exists in class org.apache.axis.configuration.EngineConfigurationFactoryFinder
09:31:09.633 [Test worker] DEBUG org.evosuite.runtime.classhandling.ClassResetter - __STATIC_RESET() method does not exists in class org.apache.axis.configuration.EngineConfigurationFactoryFinder$1
09:31:09.633 [Test worker] DEBUG org.evosuite.runtime.classhandling.ClassResetter - __STATIC_RESET() method does not exists in class org.apache.commons.discovery.resource.names.NameDiscoverers
09:31:09.633 [Test worker] DEBUG org.evosuite.runtime.classhandling.ClassResetter - __STATIC_RESET() method does not exists in class org.apache.commons.discovery.resource.names.DiscoverNamesInManagedProperties
09:31:09.633 [Test worker] DEBUG org.evosuite.runtime.classhandling.ClassResetter - __STATIC_RESET() method does not exists in class org.apache.commons.discovery.resource.names.DiscoverNamesInFile
09:31:09.633 [Test worker] DEBUG org.evosuite.runtime.classhandling.ClassResetter - __STATIC_RESET() method does not exists in class org.apache.commons.discovery.resource.names.DiscoverServiceNames
09:31:09.633 [Test worker] DEBUG org.evosuite.runtime.classhandling.ClassResetter - __STATIC_RESET() method does not exists in class org.apache.commons.discovery.resource.ResourceDiscoverImpl
09:31:09.633 [Test worker] DEBUG org.evosuite.runtime.classhandling.ClassResetter - __STATIC_RESET() method does not exists in class org.apache.commons.discovery.resource.DiscoverResources
09:31:09.633 [Test worker] DEBUG org.evosuite.runtime.classhandling.ClassResetter - __STATIC_RESET() method does not exists in class org.apache.commons.discovery.resource.names.NameDiscoverers$1
09:31:09.633 [Test worker] DEBUG org.evosuite.runtime.classhandling.ClassResetter - __STATIC_RESET() method does not exists in class org.apache.xalan.processor.XSLTElementDef
09:31:09.633 [Test worker] DEBUG org.evosuite.runtime.classhandling.ClassResetter - __STATIC_RESET() method does not exists in class org.apache.xalan.processor.XSLTSchema
]]></system-out>
  <system-err><![CDATA[]]></system-err>
</testsuite>
