<?xml version="1.0" encoding="UTF-8"?>
<testsuite name="net.virtualinfinity.atrobots.gui.renderers.RobotRenderer_ESTest" tests="11" skipped="2" failures="1" errors="0" timestamp="2024-03-15T09:51:03" hostname="dark-cable-rests-fin-01" time="3.237">
  <properties/>
  <testcase name="testSetShowStatusBars()" classname="net.virtualinfinity.atrobots.gui.renderers.RobotRenderer_ESTest" time="3.036"/>
  <testcase name="testIsShowStatusBarsReturningTrue()" classname="net.virtualinfinity.atrobots.gui.renderers.RobotRenderer_ESTest" time="0.008"/>
  <testcase name="testIsShowNameReturningTrue()" classname="net.virtualinfinity.atrobots.gui.renderers.RobotRenderer_ESTest" time="0.011"/>
  <testcase name="testIsRenderDeadReturningTrue()" classname="net.virtualinfinity.atrobots.gui.renderers.RobotRenderer_ESTest" time="0.006"/>
  <testcase name="testIsFillShieldReturningTrue()" classname="net.virtualinfinity.atrobots.gui.renderers.RobotRenderer_ESTest" time="0.005"/>
  <testcase name="testSetShowName()" classname="net.virtualinfinity.atrobots.gui.renderers.RobotRenderer_ESTest" time="0.004"/>
  <testcase name="testRenderThrowsNullPointerException()" classname="net.virtualinfinity.atrobots.gui.renderers.RobotRenderer_ESTest" time="0.055">
    <skipped/>
  </testcase>
  <testcase name="testRender()" classname="net.virtualinfinity.atrobots.gui.renderers.RobotRenderer_ESTest" time="0.007">
    <skipped/>
  </testcase>
  <testcase name="testSetFillShield()" classname="net.virtualinfinity.atrobots.gui.renderers.RobotRenderer_ESTest" time="0.004"/>
  <testcase name="testIsRenderDeadReturningFalse()" classname="net.virtualinfinity.atrobots.gui.renderers.RobotRenderer_ESTest" time="0.004"/>
  <testcase name="initializationError" classname="net.virtualinfinity.atrobots.gui.renderers.RobotRenderer_ESTest" time="0.014">
    <failure message="org.junit.runners.model.InvalidTestClassError: Invalid test class 'net.virtualinfinity.atrobots.gui.renderers.RobotRenderer_ESTest':&#10;  1. No runnable methods" type="org.junit.runners.model.InvalidTestClassError">org.junit.runners.model.InvalidTestClassError: Invalid test class 'net.virtualinfinity.atrobots.gui.renderers.RobotRenderer_ESTest':
  1. No runnable methods
	at org.junit.runners.ParentRunner.validate(ParentRunner.java:525)
	at org.junit.runners.ParentRunner.&lt;init&gt;(ParentRunner.java:92)
	at org.junit.runners.BlockJUnit4ClassRunner.&lt;init&gt;(BlockJUnit4ClassRunner.java:74)
	at org.evosuite.runtime.EvoRunner.&lt;init&gt;(EvoRunner.java:76)
	at sun.reflect.NativeConstructorAccessorImpl.newInstance0(Native Method)
	at sun.reflect.NativeConstructorAccessorImpl.newInstance(NativeConstructorAccessorImpl.java:62)
	at sun.reflect.DelegatingConstructorAccessorImpl.newInstance(DelegatingConstructorAccessorImpl.java:45)
	at java.lang.reflect.Constructor.newInstance(Constructor.java:423)
	at org.junit.internal.builders.AnnotatedBuilder.buildRunner(AnnotatedBuilder.java:104)
	at org.junit.vintage.engine.discovery.DefensiveAllDefaultPossibilitiesBuilder$DefensiveAnnotatedBuilder.buildRunner(DefensiveAllDefaultPossibilitiesBuilder.java:114)
	at org.junit.internal.builders.AnnotatedBuilder.runnerForClass(AnnotatedBuilder.java:86)
	at org.junit.runners.model.RunnerBuilder.safeRunnerForClass(RunnerBuilder.java:70)
	at org.junit.internal.builders.AllDefaultPossibilitiesBuilder.runnerForClass(AllDefaultPossibilitiesBuilder.java:37)
	at org.junit.vintage.engine.discovery.DefensiveAllDefaultPossibilitiesBuilder.runnerForClass(DefensiveAllDefaultPossibilitiesBuilder.java:57)
	at org.junit.runners.model.RunnerBuilder.safeRunnerForClass(RunnerBuilder.java:70)
	at org.junit.vintage.engine.discovery.ClassSelectorResolver.resolveTestClass(ClassSelectorResolver.java:66)
	at org.junit.vintage.engine.discovery.ClassSelectorResolver.resolve(ClassSelectorResolver.java:47)
	at org.junit.platform.engine.support.discovery.EngineDiscoveryRequestResolution.lambda$resolve$2(EngineDiscoveryRequestResolution.java:134)
	at java.util.stream.ReferencePipeline$3$1.accept(ReferencePipeline.java:193)
	at java.util.ArrayList$ArrayListSpliterator.tryAdvance(ArrayList.java:1361)
	at java.util.stream.ReferencePipeline.forEachWithCancel(ReferencePipeline.java:126)
	at java.util.stream.AbstractPipeline.copyIntoWithCancel(AbstractPipeline.java:499)
	at java.util.stream.AbstractPipeline.copyInto(AbstractPipeline.java:486)
	at java.util.stream.AbstractPipeline.wrapAndCopyInto(AbstractPipeline.java:472)
	at java.util.stream.FindOps$FindOp.evaluateSequential(FindOps.java:152)
	at java.util.stream.AbstractPipeline.evaluate(AbstractPipeline.java:234)
	at java.util.stream.ReferencePipeline.findFirst(ReferencePipeline.java:531)
	at org.junit.platform.engine.support.discovery.EngineDiscoveryRequestResolution.resolve(EngineDiscoveryRequestResolution.java:185)
	at org.junit.platform.engine.support.discovery.EngineDiscoveryRequestResolution.resolve(EngineDiscoveryRequestResolution.java:125)
	at org.junit.platform.engine.support.discovery.EngineDiscoveryRequestResolution.resolveCompletely(EngineDiscoveryRequestResolution.java:91)
	at org.junit.platform.engine.support.discovery.EngineDiscoveryRequestResolution.run(EngineDiscoveryRequestResolution.java:82)
	at org.junit.platform.engine.support.discovery.EngineDiscoveryRequestResolver.resolve(EngineDiscoveryRequestResolver.java:113)
	at org.junit.vintage.engine.discovery.VintageDiscoverer.discover(VintageDiscoverer.java:42)
	at org.junit.vintage.engine.VintageTestEngine.discover(VintageTestEngine.java:64)
	at org.junit.platform.launcher.core.EngineDiscoveryOrchestrator.discoverEngineRoot(EngineDiscoveryOrchestrator.java:152)
	at org.junit.platform.launcher.core.EngineDiscoveryOrchestrator.discoverSafely(EngineDiscoveryOrchestrator.java:134)
	at org.junit.platform.launcher.core.EngineDiscoveryOrchestrator.discover(EngineDiscoveryOrchestrator.java:108)
	at org.junit.platform.launcher.core.EngineDiscoveryOrchestrator.discover(EngineDiscoveryOrchestrator.java:80)
	at org.junit.platform.launcher.core.DefaultLauncher.discover(DefaultLauncher.java:110)
	at org.junit.platform.launcher.core.DefaultLauncher.execute(DefaultLauncher.java:86)
	at org.junit.platform.launcher.core.DefaultLauncherSession$DelegatingLauncher.execute(DefaultLauncherSession.java:86)
	at org.gradle.api.internal.tasks.testing.junitplatform.JUnitPlatformTestClassProcessor$CollectAllTestClassesExecutor.processAllTestClasses(JUnitPlatformTestClassProcessor.java:119)
	at org.gradle.api.internal.tasks.testing.junitplatform.JUnitPlatformTestClassProcessor$CollectAllTestClassesExecutor.access$000(JUnitPlatformTestClassProcessor.java:94)
	at org.gradle.api.internal.tasks.testing.junitplatform.JUnitPlatformTestClassProcessor.stop(JUnitPlatformTestClassProcessor.java:89)
	at org.gradle.api.internal.tasks.testing.SuiteTestClassProcessor.stop(SuiteTestClassProcessor.java:62)
	at sun.reflect.NativeMethodAccessorImpl.invoke0(Native Method)
	at sun.reflect.NativeMethodAccessorImpl.invoke(NativeMethodAccessorImpl.java:62)
	at sun.reflect.DelegatingMethodAccessorImpl.invoke(DelegatingMethodAccessorImpl.java:43)
	at java.lang.reflect.Method.invoke(Method.java:498)
	at org.gradle.internal.dispatch.ReflectionDispatch.dispatch(ReflectionDispatch.java:36)
	at org.gradle.internal.dispatch.ReflectionDispatch.dispatch(ReflectionDispatch.java:24)
	at org.gradle.internal.dispatch.ContextClassLoaderDispatch.dispatch(ContextClassLoaderDispatch.java:33)
	at org.gradle.internal.dispatch.ProxyDispatchAdapter$DispatchingInvocationHandler.invoke(ProxyDispatchAdapter.java:94)
	at com.sun.proxy.$Proxy2.stop(Unknown Source)
	at org.gradle.api.internal.tasks.testing.worker.TestWorker$3.run(TestWorker.java:193)
	at org.gradle.api.internal.tasks.testing.worker.TestWorker.executeAndMaintainThreadName(TestWorker.java:129)
	at org.gradle.api.internal.tasks.testing.worker.TestWorker.execute(TestWorker.java:100)
	at org.gradle.api.internal.tasks.testing.worker.TestWorker.execute(TestWorker.java:60)
	at org.gradle.process.internal.worker.child.ActionExecutionWorker.execute(ActionExecutionWorker.java:56)
	at org.gradle.process.internal.worker.child.SystemApplicationClassLoaderWorker.call(SystemApplicationClassLoaderWorker.java:113)
	at org.gradle.process.internal.worker.child.SystemApplicationClassLoaderWorker.call(SystemApplicationClassLoaderWorker.java:65)
	at worker.org.gradle.process.internal.worker.GradleWorkerMain.run(GradleWorkerMain.java:69)
	at worker.org.gradle.process.internal.worker.GradleWorkerMain.main(GradleWorkerMain.java:74)
</failure>
  </testcase>
  <system-out><![CDATA[09:51:01.771 [Test worker] DEBUG org.evosuite.runtime.sandbox.MSecurityManager - Adding privileged thread: "Reference Handler"
09:51:01.772 [Test worker] DEBUG org.evosuite.runtime.sandbox.MSecurityManager - Adding privileged thread: "Finalizer"
09:51:01.772 [Test worker] DEBUG org.evosuite.runtime.sandbox.MSecurityManager - Adding privileged thread: "Signal Dispatcher"
09:51:01.774 [Test worker] DEBUG org.evosuite.runtime.sandbox.MSecurityManager - Adding privileged thread: "Java2D Disposer"
09:51:01.775 [Test worker] DEBUG org.evosuite.runtime.sandbox.MSecurityManager - Adding privileged thread: "Test worker"
09:51:01.775 [Test worker] DEBUG org.evosuite.runtime.sandbox.MSecurityManager - Adding privileged thread: "/127.0.0.1:32858 to /127.0.0.1:36621 workers"
09:51:01.779 [Test worker] DEBUG org.evosuite.runtime.sandbox.MSecurityManager - Adding privileged thread: "/127.0.0.1:32858 to /127.0.0.1:36621 workers Thread 2"
09:51:01.780 [Test worker] DEBUG org.evosuite.runtime.sandbox.MSecurityManager - Adding privileged thread: "/127.0.0.1:32858 to /127.0.0.1:36621 workers Thread 3"
09:51:01.903 [Test worker] ERROR org.evosuite.runtime.classhandling.ClassStateSupport - Found $jacocoInit in class net.virtualinfinity.atrobots.snapshots.ArenaObjectSnapshot
09:51:01.914 [Test worker] ERROR org.evosuite.runtime.classhandling.ClassStateSupport - Class net.virtualinfinity.atrobots.snapshots.ArenaObjectSnapshot was not instrumented by EvoSuite. This could happen if you are running JUnit tests in a way that is not handled by EvoSuite, in which some classes are loaded be reflection before the tests are run. Consult the EvoSuite documentation for possible workarounds for this issue.
09:51:01.915 [Test worker] ERROR org.evosuite.runtime.classhandling.ClassStateSupport - Class net.virtualinfinity.atrobots.snapshots.RobotSnapshot was not instrumented by EvoSuite. This could happen if you are running JUnit tests in a way that is not handled by EvoSuite, in which some classes are loaded be reflection before the tests are run. Consult the EvoSuite documentation for possible workarounds for this issue.
09:51:01.915 [Test worker] ERROR org.evosuite.runtime.classhandling.ClassStateSupport - Class net.virtualinfinity.atrobots.measures.RelativeAngle was not instrumented by EvoSuite. This could happen if you are running JUnit tests in a way that is not handled by EvoSuite, in which some classes are loaded be reflection before the tests are run. Consult the EvoSuite documentation for possible workarounds for this issue.
09:51:01.915 [Test worker] ERROR org.evosuite.runtime.classhandling.ClassStateSupport - Class net.virtualinfinity.atrobots.measures.Temperature was not instrumented by EvoSuite. This could happen if you are running JUnit tests in a way that is not handled by EvoSuite, in which some classes are loaded be reflection before the tests are run. Consult the EvoSuite documentation for possible workarounds for this issue.
09:51:01.916 [Test worker] ERROR org.evosuite.runtime.classhandling.ClassStateSupport - Class net.virtualinfinity.atrobots.gui.renderers.RobotRenderer was not instrumented by EvoSuite. This could happen if you are running JUnit tests in a way that is not handled by EvoSuite, in which some classes are loaded be reflection before the tests are run. Consult the EvoSuite documentation for possible workarounds for this issue.
09:51:01.916 [Test worker] ERROR org.evosuite.runtime.classhandling.ClassStateSupport - Class net.virtualinfinity.atrobots.measures.Vector was not instrumented by EvoSuite. This could happen if you are running JUnit tests in a way that is not handled by EvoSuite, in which some classes are loaded be reflection before the tests are run. Consult the EvoSuite documentation for possible workarounds for this issue.
09:51:01.916 [Test worker] ERROR org.evosuite.runtime.classhandling.ClassStateSupport - Class net.virtualinfinity.atrobots.measures.AbsoluteAngle$AbsoluateBygreeAngle was not instrumented by EvoSuite. This could happen if you are running JUnit tests in a way that is not handled by EvoSuite, in which some classes are loaded be reflection before the tests are run. Consult the EvoSuite documentation for possible workarounds for this issue.
09:51:01.917 [Test worker] ERROR org.evosuite.runtime.classhandling.ClassStateSupport - Class net.virtualinfinity.atrobots.measures.RelativeAngle$RelativeBygreeAngle was not instrumented by EvoSuite. This could happen if you are running JUnit tests in a way that is not handled by EvoSuite, in which some classes are loaded be reflection before the tests are run. Consult the EvoSuite documentation for possible workarounds for this issue.
09:51:01.919 [Test worker] ERROR org.evosuite.runtime.classhandling.ClassStateSupport - Class net.virtualinfinity.atrobots.measures.PolarVector was not instrumented by EvoSuite. This could happen if you are running JUnit tests in a way that is not handled by EvoSuite, in which some classes are loaded be reflection before the tests are run. Consult the EvoSuite documentation for possible workarounds for this issue.
09:51:01.919 [Test worker] ERROR org.evosuite.runtime.classhandling.ClassStateSupport - Class net.virtualinfinity.atrobots.measures.CartesianVector was not instrumented by EvoSuite. This could happen if you are running JUnit tests in a way that is not handled by EvoSuite, in which some classes are loaded be reflection before the tests are run. Consult the EvoSuite documentation for possible workarounds for this issue.
09:51:01.920 [Test worker] ERROR org.evosuite.runtime.classhandling.ClassStateSupport - Class net.virtualinfinity.atrobots.measures.AbsoluteAngle was not instrumented by EvoSuite. This could happen if you are running JUnit tests in a way that is not handled by EvoSuite, in which some classes are loaded be reflection before the tests are run. Consult the EvoSuite documentation for possible workarounds for this issue.
09:51:03.483 [Test worker] INFO org.evosuite.runtime.thread.ThreadStopper - Found new thread
09:51:06.449 [Test worker] INFO org.evosuite.runtime.thread.ThreadStopper - Thread is still alive: junit-jupiter-timeout-watcher
09:51:06.452 [Test worker] DEBUG org.evosuite.runtime.classhandling.ClassResetter - __STATIC_RESET() method does not exists in class net.virtualinfinity.atrobots.gui.renderers.RobotRenderer
09:51:06.452 [Test worker] DEBUG org.evosuite.runtime.classhandling.ClassResetter - __STATIC_RESET() method does not exists in class net.virtualinfinity.atrobots.measures.RelativeAngle$RelativeBygreeAngle
09:51:06.452 [Test worker] DEBUG org.evosuite.runtime.classhandling.ClassResetter - __STATIC_RESET() method does not exists in class net.virtualinfinity.atrobots.measures.RelativeAngle
09:51:06.453 [Test worker] DEBUG org.evosuite.runtime.classhandling.ClassResetter - __STATIC_RESET() method does not exists in class net.virtualinfinity.atrobots.snapshots.ArenaObjectSnapshot
09:51:06.453 [Test worker] DEBUG org.evosuite.runtime.classhandling.ClassResetter - __STATIC_RESET() method does not exists in class net.virtualinfinity.atrobots.snapshots.RobotSnapshot
09:51:06.453 [Test worker] DEBUG org.evosuite.runtime.classhandling.ClassResetter - __STATIC_RESET() method does not exists in class net.virtualinfinity.atrobots.measures.Temperature
09:51:06.453 [Test worker] DEBUG org.evosuite.runtime.classhandling.ClassResetter - __STATIC_RESET() method does not exists in class net.virtualinfinity.atrobots.measures.AbsoluteAngle$AbsoluateBygreeAngle
09:51:06.453 [Test worker] DEBUG org.evosuite.runtime.classhandling.ClassResetter - __STATIC_RESET() method does not exists in class net.virtualinfinity.atrobots.measures.AbsoluteAngle
09:51:06.456 [Test worker] DEBUG org.evosuite.runtime.classhandling.ClassResetter - __STATIC_RESET() method does not exists in class net.virtualinfinity.atrobots.measures.AngleBracket
09:51:06.456 [Test worker] DEBUG org.evosuite.runtime.classhandling.ClassResetter - __STATIC_RESET() method does not exists in class net.virtualinfinity.atrobots.measures.Vector
09:51:06.456 [Test worker] DEBUG org.evosuite.runtime.classhandling.ClassResetter - __STATIC_RESET() method does not exists in class net.virtualinfinity.atrobots.measures.PolarVector
09:51:06.457 [Test worker] DEBUG org.evosuite.runtime.classhandling.ClassResetter - __STATIC_RESET() method does not exists in class net.virtualinfinity.atrobots.measures.CartesianVector
09:51:06.497 [Test worker] DEBUG org.evosuite.runtime.classhandling.ClassResetter - __STATIC_RESET() method does not exists in class net.virtualinfinity.atrobots.gui.renderers.RobotRenderer
09:51:06.498 [Test worker] DEBUG org.evosuite.runtime.classhandling.ClassResetter - __STATIC_RESET() method does not exists in class net.virtualinfinity.atrobots.measures.RelativeAngle$RelativeBygreeAngle
09:51:06.498 [Test worker] DEBUG org.evosuite.runtime.classhandling.ClassResetter - __STATIC_RESET() method does not exists in class net.virtualinfinity.atrobots.measures.RelativeAngle
09:51:06.498 [Test worker] DEBUG org.evosuite.runtime.classhandling.ClassResetter - __STATIC_RESET() method does not exists in class net.virtualinfinity.atrobots.snapshots.ArenaObjectSnapshot
09:51:06.498 [Test worker] DEBUG org.evosuite.runtime.classhandling.ClassResetter - __STATIC_RESET() method does not exists in class net.virtualinfinity.atrobots.snapshots.RobotSnapshot
09:51:06.499 [Test worker] DEBUG org.evosuite.runtime.classhandling.ClassResetter - __STATIC_RESET() method does not exists in class net.virtualinfinity.atrobots.measures.Temperature
09:51:06.499 [Test worker] DEBUG org.evosuite.runtime.classhandling.ClassResetter - __STATIC_RESET() method does not exists in class net.virtualinfinity.atrobots.measures.AbsoluteAngle$AbsoluateBygreeAngle
09:51:06.499 [Test worker] DEBUG org.evosuite.runtime.classhandling.ClassResetter - __STATIC_RESET() method does not exists in class net.virtualinfinity.atrobots.measures.AbsoluteAngle
09:51:06.499 [Test worker] DEBUG org.evosuite.runtime.classhandling.ClassResetter - __STATIC_RESET() method does not exists in class net.virtualinfinity.atrobots.measures.AngleBracket
09:51:06.499 [Test worker] DEBUG org.evosuite.runtime.classhandling.ClassResetter - __STATIC_RESET() method does not exists in class net.virtualinfinity.atrobots.measures.Vector
09:51:06.499 [Test worker] DEBUG org.evosuite.runtime.classhandling.ClassResetter - __STATIC_RESET() method does not exists in class net.virtualinfinity.atrobots.measures.PolarVector
09:51:06.500 [Test worker] DEBUG org.evosuite.runtime.classhandling.ClassResetter - __STATIC_RESET() method does not exists in class net.virtualinfinity.atrobots.measures.CartesianVector
09:51:06.511 [Test worker] DEBUG org.evosuite.runtime.classhandling.ClassResetter - __STATIC_RESET() method does not exists in class net.virtualinfinity.atrobots.gui.renderers.RobotRenderer
09:51:06.511 [Test worker] DEBUG org.evosuite.runtime.classhandling.ClassResetter - __STATIC_RESET() method does not exists in class net.virtualinfinity.atrobots.measures.RelativeAngle$RelativeBygreeAngle
09:51:06.511 [Test worker] DEBUG org.evosuite.runtime.classhandling.ClassResetter - __STATIC_RESET() method does not exists in class net.virtualinfinity.atrobots.measures.RelativeAngle
09:51:06.512 [Test worker] DEBUG org.evosuite.runtime.classhandling.ClassResetter - __STATIC_RESET() method does not exists in class net.virtualinfinity.atrobots.snapshots.ArenaObjectSnapshot
09:51:06.512 [Test worker] DEBUG org.evosuite.runtime.classhandling.ClassResetter - __STATIC_RESET() method does not exists in class net.virtualinfinity.atrobots.snapshots.RobotSnapshot
09:51:06.512 [Test worker] DEBUG org.evosuite.runtime.classhandling.ClassResetter - __STATIC_RESET() method does not exists in class net.virtualinfinity.atrobots.measures.Temperature
09:51:06.512 [Test worker] DEBUG org.evosuite.runtime.classhandling.ClassResetter - __STATIC_RESET() method does not exists in class net.virtualinfinity.atrobots.measures.AbsoluteAngle$AbsoluateBygreeAngle
09:51:06.512 [Test worker] DEBUG org.evosuite.runtime.classhandling.ClassResetter - __STATIC_RESET() method does not exists in class net.virtualinfinity.atrobots.measures.AbsoluteAngle
09:51:06.513 [Test worker] DEBUG org.evosuite.runtime.classhandling.ClassResetter - __STATIC_RESET() method does not exists in class net.virtualinfinity.atrobots.measures.AngleBracket
09:51:06.513 [Test worker] DEBUG org.evosuite.runtime.classhandling.ClassResetter - __STATIC_RESET() method does not exists in class net.virtualinfinity.atrobots.measures.Vector
09:51:06.513 [Test worker] DEBUG org.evosuite.runtime.classhandling.ClassResetter - __STATIC_RESET() method does not exists in class net.virtualinfinity.atrobots.measures.PolarVector
09:51:06.514 [Test worker] DEBUG org.evosuite.runtime.classhandling.ClassResetter - __STATIC_RESET() method does not exists in class net.virtualinfinity.atrobots.measures.CartesianVector
09:51:06.519 [Test worker] DEBUG org.evosuite.runtime.classhandling.ClassResetter - __STATIC_RESET() method does not exists in class net.virtualinfinity.atrobots.gui.renderers.RobotRenderer
09:51:06.519 [Test worker] DEBUG org.evosuite.runtime.classhandling.ClassResetter - __STATIC_RESET() method does not exists in class net.virtualinfinity.atrobots.measures.RelativeAngle$RelativeBygreeAngle
09:51:06.520 [Test worker] DEBUG org.evosuite.runtime.classhandling.ClassResetter - __STATIC_RESET() method does not exists in class net.virtualinfinity.atrobots.measures.RelativeAngle
09:51:06.520 [Test worker] DEBUG org.evosuite.runtime.classhandling.ClassResetter - __STATIC_RESET() method does not exists in class net.virtualinfinity.atrobots.snapshots.ArenaObjectSnapshot
09:51:06.520 [Test worker] DEBUG org.evosuite.runtime.classhandling.ClassResetter - __STATIC_RESET() method does not exists in class net.virtualinfinity.atrobots.snapshots.RobotSnapshot
09:51:06.520 [Test worker] DEBUG org.evosuite.runtime.classhandling.ClassResetter - __STATIC_RESET() method does not exists in class net.virtualinfinity.atrobots.measures.Temperature
09:51:06.520 [Test worker] DEBUG org.evosuite.runtime.classhandling.ClassResetter - __STATIC_RESET() method does not exists in class net.virtualinfinity.atrobots.measures.AbsoluteAngle$AbsoluateBygreeAngle
09:51:06.521 [Test worker] DEBUG org.evosuite.runtime.classhandling.ClassResetter - __STATIC_RESET() method does not exists in class net.virtualinfinity.atrobots.measures.AbsoluteAngle
09:51:06.521 [Test worker] DEBUG org.evosuite.runtime.classhandling.ClassResetter - __STATIC_RESET() method does not exists in class net.virtualinfinity.atrobots.measures.AngleBracket
09:51:06.521 [Test worker] DEBUG org.evosuite.runtime.classhandling.ClassResetter - __STATIC_RESET() method does not exists in class net.virtualinfinity.atrobots.measures.Vector
09:51:06.521 [Test worker] DEBUG org.evosuite.runtime.classhandling.ClassResetter - __STATIC_RESET() method does not exists in class net.virtualinfinity.atrobots.measures.PolarVector
09:51:06.522 [Test worker] DEBUG org.evosuite.runtime.classhandling.ClassResetter - __STATIC_RESET() method does not exists in class net.virtualinfinity.atrobots.measures.CartesianVector
09:51:06.529 [Test worker] DEBUG org.evosuite.runtime.classhandling.ClassResetter - __STATIC_RESET() method does not exists in class net.virtualinfinity.atrobots.gui.renderers.RobotRenderer
09:51:06.529 [Test worker] DEBUG org.evosuite.runtime.classhandling.ClassResetter - __STATIC_RESET() method does not exists in class net.virtualinfinity.atrobots.measures.RelativeAngle$RelativeBygreeAngle
09:51:06.530 [Test worker] DEBUG org.evosuite.runtime.classhandling.ClassResetter - __STATIC_RESET() method does not exists in class net.virtualinfinity.atrobots.measures.RelativeAngle
09:51:06.530 [Test worker] DEBUG org.evosuite.runtime.classhandling.ClassResetter - __STATIC_RESET() method does not exists in class net.virtualinfinity.atrobots.snapshots.ArenaObjectSnapshot
09:51:06.530 [Test worker] DEBUG org.evosuite.runtime.classhandling.ClassResetter - __STATIC_RESET() method does not exists in class net.virtualinfinity.atrobots.snapshots.RobotSnapshot
09:51:06.530 [Test worker] DEBUG org.evosuite.runtime.classhandling.ClassResetter - __STATIC_RESET() method does not exists in class net.virtualinfinity.atrobots.measures.Temperature
09:51:06.530 [Test worker] DEBUG org.evosuite.runtime.classhandling.ClassResetter - __STATIC_RESET() method does not exists in class net.virtualinfinity.atrobots.measures.AbsoluteAngle$AbsoluateBygreeAngle
09:51:06.530 [Test worker] DEBUG org.evosuite.runtime.classhandling.ClassResetter - __STATIC_RESET() method does not exists in class net.virtualinfinity.atrobots.measures.AbsoluteAngle
09:51:06.530 [Test worker] DEBUG org.evosuite.runtime.classhandling.ClassResetter - __STATIC_RESET() method does not exists in class net.virtualinfinity.atrobots.measures.AngleBracket
09:51:06.531 [Test worker] DEBUG org.evosuite.runtime.classhandling.ClassResetter - __STATIC_RESET() method does not exists in class net.virtualinfinity.atrobots.measures.Vector
09:51:06.531 [Test worker] DEBUG org.evosuite.runtime.classhandling.ClassResetter - __STATIC_RESET() method does not exists in class net.virtualinfinity.atrobots.measures.PolarVector
09:51:06.531 [Test worker] DEBUG org.evosuite.runtime.classhandling.ClassResetter - __STATIC_RESET() method does not exists in class net.virtualinfinity.atrobots.measures.CartesianVector
09:51:06.534 [Test worker] DEBUG org.evosuite.runtime.classhandling.ClassResetter - __STATIC_RESET() method does not exists in class net.virtualinfinity.atrobots.gui.renderers.RobotRenderer
09:51:06.535 [Test worker] DEBUG org.evosuite.runtime.classhandling.ClassResetter - __STATIC_RESET() method does not exists in class net.virtualinfinity.atrobots.measures.RelativeAngle$RelativeBygreeAngle
09:51:06.535 [Test worker] DEBUG org.evosuite.runtime.classhandling.ClassResetter - __STATIC_RESET() method does not exists in class net.virtualinfinity.atrobots.measures.RelativeAngle
09:51:06.535 [Test worker] DEBUG org.evosuite.runtime.classhandling.ClassResetter - __STATIC_RESET() method does not exists in class net.virtualinfinity.atrobots.snapshots.ArenaObjectSnapshot
09:51:06.535 [Test worker] DEBUG org.evosuite.runtime.classhandling.ClassResetter - __STATIC_RESET() method does not exists in class net.virtualinfinity.atrobots.snapshots.RobotSnapshot
09:51:06.535 [Test worker] DEBUG org.evosuite.runtime.classhandling.ClassResetter - __STATIC_RESET() method does not exists in class net.virtualinfinity.atrobots.measures.Temperature
09:51:06.535 [Test worker] DEBUG org.evosuite.runtime.classhandling.ClassResetter - __STATIC_RESET() method does not exists in class net.virtualinfinity.atrobots.measures.AbsoluteAngle$AbsoluateBygreeAngle
09:51:06.535 [Test worker] DEBUG org.evosuite.runtime.classhandling.ClassResetter - __STATIC_RESET() method does not exists in class net.virtualinfinity.atrobots.measures.AbsoluteAngle
09:51:06.536 [Test worker] DEBUG org.evosuite.runtime.classhandling.ClassResetter - __STATIC_RESET() method does not exists in class net.virtualinfinity.atrobots.measures.AngleBracket
09:51:06.536 [Test worker] DEBUG org.evosuite.runtime.classhandling.ClassResetter - __STATIC_RESET() method does not exists in class net.virtualinfinity.atrobots.measures.Vector
09:51:06.536 [Test worker] DEBUG org.evosuite.runtime.classhandling.ClassResetter - __STATIC_RESET() method does not exists in class net.virtualinfinity.atrobots.measures.PolarVector
09:51:06.536 [Test worker] DEBUG org.evosuite.runtime.classhandling.ClassResetter - __STATIC_RESET() method does not exists in class net.virtualinfinity.atrobots.measures.CartesianVector
09:51:06.589 [Test worker] DEBUG org.evosuite.runtime.classhandling.ClassResetter - __STATIC_RESET() method does not exists in class net.virtualinfinity.atrobots.gui.renderers.RobotRenderer
09:51:06.589 [Test worker] DEBUG org.evosuite.runtime.classhandling.ClassResetter - __STATIC_RESET() method does not exists in class net.virtualinfinity.atrobots.measures.RelativeAngle$RelativeBygreeAngle
09:51:06.589 [Test worker] DEBUG org.evosuite.runtime.classhandling.ClassResetter - __STATIC_RESET() method does not exists in class net.virtualinfinity.atrobots.measures.RelativeAngle
09:51:06.589 [Test worker] DEBUG org.evosuite.runtime.classhandling.ClassResetter - __STATIC_RESET() method does not exists in class net.virtualinfinity.atrobots.snapshots.ArenaObjectSnapshot
09:51:06.590 [Test worker] DEBUG org.evosuite.runtime.classhandling.ClassResetter - __STATIC_RESET() method does not exists in class net.virtualinfinity.atrobots.snapshots.RobotSnapshot
09:51:06.590 [Test worker] DEBUG org.evosuite.runtime.classhandling.ClassResetter - __STATIC_RESET() method does not exists in class net.virtualinfinity.atrobots.measures.Temperature
09:51:06.590 [Test worker] DEBUG org.evosuite.runtime.classhandling.ClassResetter - __STATIC_RESET() method does not exists in class net.virtualinfinity.atrobots.measures.AbsoluteAngle$AbsoluateBygreeAngle
09:51:06.590 [Test worker] DEBUG org.evosuite.runtime.classhandling.ClassResetter - __STATIC_RESET() method does not exists in class net.virtualinfinity.atrobots.measures.AbsoluteAngle
09:51:06.590 [Test worker] DEBUG org.evosuite.runtime.classhandling.ClassResetter - __STATIC_RESET() method does not exists in class net.virtualinfinity.atrobots.measures.AngleBracket
09:51:06.590 [Test worker] DEBUG org.evosuite.runtime.classhandling.ClassResetter - __STATIC_RESET() method does not exists in class net.virtualinfinity.atrobots.measures.Vector
09:51:06.590 [Test worker] DEBUG org.evosuite.runtime.classhandling.ClassResetter - __STATIC_RESET() method does not exists in class net.virtualinfinity.atrobots.measures.PolarVector
09:51:06.590 [Test worker] DEBUG org.evosuite.runtime.classhandling.ClassResetter - __STATIC_RESET() method does not exists in class net.virtualinfinity.atrobots.measures.CartesianVector
09:51:06.599 [Test worker] DEBUG org.evosuite.runtime.classhandling.ClassResetter - __STATIC_RESET() method does not exists in class net.virtualinfinity.atrobots.gui.renderers.RobotRenderer
09:51:06.600 [Test worker] DEBUG org.evosuite.runtime.classhandling.ClassResetter - __STATIC_RESET() method does not exists in class net.virtualinfinity.atrobots.measures.RelativeAngle$RelativeBygreeAngle
09:51:06.600 [Test worker] DEBUG org.evosuite.runtime.classhandling.ClassResetter - __STATIC_RESET() method does not exists in class net.virtualinfinity.atrobots.measures.RelativeAngle
09:51:06.600 [Test worker] DEBUG org.evosuite.runtime.classhandling.ClassResetter - __STATIC_RESET() method does not exists in class net.virtualinfinity.atrobots.snapshots.ArenaObjectSnapshot
09:51:06.600 [Test worker] DEBUG org.evosuite.runtime.classhandling.ClassResetter - __STATIC_RESET() method does not exists in class net.virtualinfinity.atrobots.snapshots.RobotSnapshot
09:51:06.600 [Test worker] DEBUG org.evosuite.runtime.classhandling.ClassResetter - __STATIC_RESET() method does not exists in class net.virtualinfinity.atrobots.measures.Temperature
09:51:06.600 [Test worker] DEBUG org.evosuite.runtime.classhandling.ClassResetter - __STATIC_RESET() method does not exists in class net.virtualinfinity.atrobots.measures.AbsoluteAngle$AbsoluateBygreeAngle
09:51:06.601 [Test worker] DEBUG org.evosuite.runtime.classhandling.ClassResetter - __STATIC_RESET() method does not exists in class net.virtualinfinity.atrobots.measures.AbsoluteAngle
09:51:06.601 [Test worker] DEBUG org.evosuite.runtime.classhandling.ClassResetter - __STATIC_RESET() method does not exists in class net.virtualinfinity.atrobots.measures.AngleBracket
09:51:06.601 [Test worker] DEBUG org.evosuite.runtime.classhandling.ClassResetter - __STATIC_RESET() method does not exists in class net.virtualinfinity.atrobots.measures.Vector
09:51:06.601 [Test worker] DEBUG org.evosuite.runtime.classhandling.ClassResetter - __STATIC_RESET() method does not exists in class net.virtualinfinity.atrobots.measures.PolarVector
09:51:06.601 [Test worker] DEBUG org.evosuite.runtime.classhandling.ClassResetter - __STATIC_RESET() method does not exists in class net.virtualinfinity.atrobots.measures.CartesianVector
09:51:06.606 [Test worker] DEBUG org.evosuite.runtime.classhandling.ClassResetter - __STATIC_RESET() method does not exists in class net.virtualinfinity.atrobots.gui.renderers.RobotRenderer
09:51:06.606 [Test worker] DEBUG org.evosuite.runtime.classhandling.ClassResetter - __STATIC_RESET() method does not exists in class net.virtualinfinity.atrobots.measures.RelativeAngle$RelativeBygreeAngle
09:51:06.606 [Test worker] DEBUG org.evosuite.runtime.classhandling.ClassResetter - __STATIC_RESET() method does not exists in class net.virtualinfinity.atrobots.measures.RelativeAngle
09:51:06.606 [Test worker] DEBUG org.evosuite.runtime.classhandling.ClassResetter - __STATIC_RESET() method does not exists in class net.virtualinfinity.atrobots.snapshots.ArenaObjectSnapshot
09:51:06.607 [Test worker] DEBUG org.evosuite.runtime.classhandling.ClassResetter - __STATIC_RESET() method does not exists in class net.virtualinfinity.atrobots.snapshots.RobotSnapshot
09:51:06.607 [Test worker] DEBUG org.evosuite.runtime.classhandling.ClassResetter - __STATIC_RESET() method does not exists in class net.virtualinfinity.atrobots.measures.Temperature
09:51:06.607 [Test worker] DEBUG org.evosuite.runtime.classhandling.ClassResetter - __STATIC_RESET() method does not exists in class net.virtualinfinity.atrobots.measures.AbsoluteAngle$AbsoluateBygreeAngle
09:51:06.607 [Test worker] DEBUG org.evosuite.runtime.classhandling.ClassResetter - __STATIC_RESET() method does not exists in class net.virtualinfinity.atrobots.measures.AbsoluteAngle
09:51:06.607 [Test worker] DEBUG org.evosuite.runtime.classhandling.ClassResetter - __STATIC_RESET() method does not exists in class net.virtualinfinity.atrobots.measures.AngleBracket
09:51:06.607 [Test worker] DEBUG org.evosuite.runtime.classhandling.ClassResetter - __STATIC_RESET() method does not exists in class net.virtualinfinity.atrobots.measures.Vector
09:51:06.607 [Test worker] DEBUG org.evosuite.runtime.classhandling.ClassResetter - __STATIC_RESET() method does not exists in class net.virtualinfinity.atrobots.measures.PolarVector
09:51:06.607 [Test worker] DEBUG org.evosuite.runtime.classhandling.ClassResetter - __STATIC_RESET() method does not exists in class net.virtualinfinity.atrobots.measures.CartesianVector
09:51:06.612 [Test worker] DEBUG org.evosuite.runtime.classhandling.ClassResetter - __STATIC_RESET() method does not exists in class net.virtualinfinity.atrobots.gui.renderers.RobotRenderer
09:51:06.612 [Test worker] DEBUG org.evosuite.runtime.classhandling.ClassResetter - __STATIC_RESET() method does not exists in class net.virtualinfinity.atrobots.measures.RelativeAngle$RelativeBygreeAngle
09:51:06.612 [Test worker] DEBUG org.evosuite.runtime.classhandling.ClassResetter - __STATIC_RESET() method does not exists in class net.virtualinfinity.atrobots.measures.RelativeAngle
09:51:06.613 [Test worker] DEBUG org.evosuite.runtime.classhandling.ClassResetter - __STATIC_RESET() method does not exists in class net.virtualinfinity.atrobots.snapshots.ArenaObjectSnapshot
09:51:06.613 [Test worker] DEBUG org.evosuite.runtime.classhandling.ClassResetter - __STATIC_RESET() method does not exists in class net.virtualinfinity.atrobots.snapshots.RobotSnapshot
09:51:06.613 [Test worker] DEBUG org.evosuite.runtime.classhandling.ClassResetter - __STATIC_RESET() method does not exists in class net.virtualinfinity.atrobots.measures.Temperature
09:51:06.613 [Test worker] DEBUG org.evosuite.runtime.classhandling.ClassResetter - __STATIC_RESET() method does not exists in class net.virtualinfinity.atrobots.measures.AbsoluteAngle$AbsoluateBygreeAngle
09:51:06.613 [Test worker] DEBUG org.evosuite.runtime.classhandling.ClassResetter - __STATIC_RESET() method does not exists in class net.virtualinfinity.atrobots.measures.AbsoluteAngle
09:51:06.613 [Test worker] DEBUG org.evosuite.runtime.classhandling.ClassResetter - __STATIC_RESET() method does not exists in class net.virtualinfinity.atrobots.measures.AngleBracket
09:51:06.613 [Test worker] DEBUG org.evosuite.runtime.classhandling.ClassResetter - __STATIC_RESET() method does not exists in class net.virtualinfinity.atrobots.measures.Vector
09:51:06.613 [Test worker] DEBUG org.evosuite.runtime.classhandling.ClassResetter - __STATIC_RESET() method does not exists in class net.virtualinfinity.atrobots.measures.PolarVector
09:51:06.613 [Test worker] DEBUG org.evosuite.runtime.classhandling.ClassResetter - __STATIC_RESET() method does not exists in class net.virtualinfinity.atrobots.measures.CartesianVector
]]></system-out>
  <system-err><![CDATA[]]></system-err>
</testsuite>
