<?xml version="1.0" encoding="UTF-8"?>
<testsuite name="jaw.entrada.Abrir_ESTest" tests="4" skipped="0" failures="1" errors="0" timestamp="2024-03-15T09:43:46" hostname="dark-cable-rests-fin-01" time="3.607">
  <properties/>
  <testcase name="testFailsToCreateAbrirTaking2ArgumentsThrowsHeadlessException0()" classname="jaw.entrada.Abrir_ESTest" time="3.149"/>
  <testcase name="testFailsToCreateAbrirTaking2ArgumentsThrowsHeadlessException1()" classname="jaw.entrada.Abrir_ESTest" time="0.112"/>
  <testcase name="testFailsToCreateAbrirTaking2ArgumentsThrowsNullPointerException()" classname="jaw.entrada.Abrir_ESTest" time="0.188"/>
  <testcase name="initializationError" classname="jaw.entrada.Abrir_ESTest" time="0.008">
    <failure message="org.junit.runners.model.InvalidTestClassError: Invalid test class 'jaw.entrada.Abrir_ESTest':&#10;  1. No runnable methods" type="org.junit.runners.model.InvalidTestClassError">org.junit.runners.model.InvalidTestClassError: Invalid test class 'jaw.entrada.Abrir_ESTest':
  1. No runnable methods
	at org.junit.runners.ParentRunner.validate(ParentRunner.java:525)
	at org.junit.runners.ParentRunner.&lt;init&gt;(ParentRunner.java:92)
	at org.junit.runners.BlockJUnit4ClassRunner.&lt;init&gt;(BlockJUnit4ClassRunner.java:74)
	at org.evosuite.runtime.EvoRunner.&lt;init&gt;(EvoRunner.java:76)
	at sun.reflect.NativeConstructorAccessorImpl.newInstance0(Native Method)
	at sun.reflect.NativeConstructorAccessorImpl.newInstance(NativeConstructorAccessorImpl.java:62)
	at sun.reflect.DelegatingConstructorAccessorImpl.newInstance(DelegatingConstructorAccessorImpl.java:45)
	at java.lang.reflect.Constructor.newInstance(Constructor.java:423)
	at org.junit.internal.builders.AnnotatedBuilder.buildRunner(AnnotatedBuilder.java:104)
	at org.junit.vintage.engine.discovery.DefensiveAllDefaultPossibilitiesBuilder$DefensiveAnnotatedBuilder.buildRunner(DefensiveAllDefaultPossibilitiesBuilder.java:114)
	at org.junit.internal.builders.AnnotatedBuilder.runnerForClass(AnnotatedBuilder.java:86)
	at org.junit.runners.model.RunnerBuilder.safeRunnerForClass(RunnerBuilder.java:70)
	at org.junit.internal.builders.AllDefaultPossibilitiesBuilder.runnerForClass(AllDefaultPossibilitiesBuilder.java:37)
	at org.junit.vintage.engine.discovery.DefensiveAllDefaultPossibilitiesBuilder.runnerForClass(DefensiveAllDefaultPossibilitiesBuilder.java:57)
	at org.junit.runners.model.RunnerBuilder.safeRunnerForClass(RunnerBuilder.java:70)
	at org.junit.vintage.engine.discovery.ClassSelectorResolver.resolveTestClass(ClassSelectorResolver.java:66)
	at org.junit.vintage.engine.discovery.ClassSelectorResolver.resolve(ClassSelectorResolver.java:47)
	at org.junit.platform.engine.support.discovery.EngineDiscoveryRequestResolution.lambda$resolve$2(EngineDiscoveryRequestResolution.java:134)
	at java.util.stream.ReferencePipeline$3$1.accept(ReferencePipeline.java:193)
	at java.util.ArrayList$ArrayListSpliterator.tryAdvance(ArrayList.java:1361)
	at java.util.stream.ReferencePipeline.forEachWithCancel(ReferencePipeline.java:126)
	at java.util.stream.AbstractPipeline.copyIntoWithCancel(AbstractPipeline.java:499)
	at java.util.stream.AbstractPipeline.copyInto(AbstractPipeline.java:486)
	at java.util.stream.AbstractPipeline.wrapAndCopyInto(AbstractPipeline.java:472)
	at java.util.stream.FindOps$FindOp.evaluateSequential(FindOps.java:152)
	at java.util.stream.AbstractPipeline.evaluate(AbstractPipeline.java:234)
	at java.util.stream.ReferencePipeline.findFirst(ReferencePipeline.java:531)
	at org.junit.platform.engine.support.discovery.EngineDiscoveryRequestResolution.resolve(EngineDiscoveryRequestResolution.java:185)
	at org.junit.platform.engine.support.discovery.EngineDiscoveryRequestResolution.resolve(EngineDiscoveryRequestResolution.java:125)
	at org.junit.platform.engine.support.discovery.EngineDiscoveryRequestResolution.resolveCompletely(EngineDiscoveryRequestResolution.java:91)
	at org.junit.platform.engine.support.discovery.EngineDiscoveryRequestResolution.run(EngineDiscoveryRequestResolution.java:82)
	at org.junit.platform.engine.support.discovery.EngineDiscoveryRequestResolver.resolve(EngineDiscoveryRequestResolver.java:113)
	at org.junit.vintage.engine.discovery.VintageDiscoverer.discover(VintageDiscoverer.java:42)
	at org.junit.vintage.engine.VintageTestEngine.discover(VintageTestEngine.java:64)
	at org.junit.platform.launcher.core.EngineDiscoveryOrchestrator.discoverEngineRoot(EngineDiscoveryOrchestrator.java:152)
	at org.junit.platform.launcher.core.EngineDiscoveryOrchestrator.discoverSafely(EngineDiscoveryOrchestrator.java:134)
	at org.junit.platform.launcher.core.EngineDiscoveryOrchestrator.discover(EngineDiscoveryOrchestrator.java:108)
	at org.junit.platform.launcher.core.EngineDiscoveryOrchestrator.discover(EngineDiscoveryOrchestrator.java:80)
	at org.junit.platform.launcher.core.DefaultLauncher.discover(DefaultLauncher.java:110)
	at org.junit.platform.launcher.core.DefaultLauncher.execute(DefaultLauncher.java:86)
	at org.junit.platform.launcher.core.DefaultLauncherSession$DelegatingLauncher.execute(DefaultLauncherSession.java:86)
	at org.gradle.api.internal.tasks.testing.junitplatform.JUnitPlatformTestClassProcessor$CollectAllTestClassesExecutor.processAllTestClasses(JUnitPlatformTestClassProcessor.java:119)
	at org.gradle.api.internal.tasks.testing.junitplatform.JUnitPlatformTestClassProcessor$CollectAllTestClassesExecutor.access$000(JUnitPlatformTestClassProcessor.java:94)
	at org.gradle.api.internal.tasks.testing.junitplatform.JUnitPlatformTestClassProcessor.stop(JUnitPlatformTestClassProcessor.java:89)
	at org.gradle.api.internal.tasks.testing.SuiteTestClassProcessor.stop(SuiteTestClassProcessor.java:62)
	at sun.reflect.NativeMethodAccessorImpl.invoke0(Native Method)
	at sun.reflect.NativeMethodAccessorImpl.invoke(NativeMethodAccessorImpl.java:62)
	at sun.reflect.DelegatingMethodAccessorImpl.invoke(DelegatingMethodAccessorImpl.java:43)
	at java.lang.reflect.Method.invoke(Method.java:498)
	at org.gradle.internal.dispatch.ReflectionDispatch.dispatch(ReflectionDispatch.java:36)
	at org.gradle.internal.dispatch.ReflectionDispatch.dispatch(ReflectionDispatch.java:24)
	at org.gradle.internal.dispatch.ContextClassLoaderDispatch.dispatch(ContextClassLoaderDispatch.java:33)
	at org.gradle.internal.dispatch.ProxyDispatchAdapter$DispatchingInvocationHandler.invoke(ProxyDispatchAdapter.java:94)
	at com.sun.proxy.$Proxy2.stop(Unknown Source)
	at org.gradle.api.internal.tasks.testing.worker.TestWorker$3.run(TestWorker.java:193)
	at org.gradle.api.internal.tasks.testing.worker.TestWorker.executeAndMaintainThreadName(TestWorker.java:129)
	at org.gradle.api.internal.tasks.testing.worker.TestWorker.execute(TestWorker.java:100)
	at org.gradle.api.internal.tasks.testing.worker.TestWorker.execute(TestWorker.java:60)
	at org.gradle.process.internal.worker.child.ActionExecutionWorker.execute(ActionExecutionWorker.java:56)
	at org.gradle.process.internal.worker.child.SystemApplicationClassLoaderWorker.call(SystemApplicationClassLoaderWorker.java:113)
	at org.gradle.process.internal.worker.child.SystemApplicationClassLoaderWorker.call(SystemApplicationClassLoaderWorker.java:65)
	at worker.org.gradle.process.internal.worker.GradleWorkerMain.run(GradleWorkerMain.java:69)
	at worker.org.gradle.process.internal.worker.GradleWorkerMain.main(GradleWorkerMain.java:74)
</failure>
  </testcase>
  <system-out><![CDATA[09:43:45.577 [Test worker] DEBUG org.evosuite.runtime.sandbox.MSecurityManager - Adding privileged thread: "Reference Handler"
09:43:45.577 [Test worker] DEBUG org.evosuite.runtime.sandbox.MSecurityManager - Adding privileged thread: "Finalizer"
09:43:45.577 [Test worker] DEBUG org.evosuite.runtime.sandbox.MSecurityManager - Adding privileged thread: "Signal Dispatcher"
09:43:45.578 [Test worker] DEBUG org.evosuite.runtime.sandbox.MSecurityManager - Adding privileged thread: "Java2D Disposer"
09:43:45.578 [Test worker] DEBUG org.evosuite.runtime.sandbox.MSecurityManager - Adding privileged thread: "Test worker"
09:43:45.578 [Test worker] DEBUG org.evosuite.runtime.sandbox.MSecurityManager - Adding privileged thread: "/127.0.0.1:56400 to /127.0.0.1:36131 workers"
09:43:45.578 [Test worker] DEBUG org.evosuite.runtime.sandbox.MSecurityManager - Adding privileged thread: "/127.0.0.1:56400 to /127.0.0.1:36131 workers Thread 2"
09:43:45.594 [Test worker] DEBUG org.evosuite.runtime.sandbox.MSecurityManager - Adding privileged thread: "/127.0.0.1:56400 to /127.0.0.1:36131 workers Thread 3"
09:43:46.162 [Test worker] ERROR org.evosuite.runtime.classhandling.ClassStateSupport - Found $jacocoInit in class jaw.gui.ProcessarEntidadesTabela$2
09:43:46.179 [Test worker] ERROR org.evosuite.runtime.classhandling.ClassStateSupport - Class jaw.gui.ProcessarEntidadesTabela$2 was not instrumented by EvoSuite. This could happen if you are running JUnit tests in a way that is not handled by EvoSuite, in which some classes are loaded be reflection before the tests are run. Consult the EvoSuite documentation for possible workarounds for this issue.
09:43:46.183 [Test worker] ERROR org.evosuite.runtime.classhandling.ClassStateSupport - Class jaw.gui.ProcessarEntidadesTabela$1 was not instrumented by EvoSuite. This could happen if you are running JUnit tests in a way that is not handled by EvoSuite, in which some classes are loaded be reflection before the tests are run. Consult the EvoSuite documentation for possible workarounds for this issue.
09:43:46.184 [Test worker] ERROR org.evosuite.runtime.classhandling.ClassStateSupport - Class com.thoughtworks.xstream.XStream was not instrumented by EvoSuite. This could happen if you are running JUnit tests in a way that is not handled by EvoSuite, in which some classes are loaded be reflection before the tests are run. Consult the EvoSuite documentation for possible workarounds for this issue.
09:43:46.184 [Test worker] ERROR org.evosuite.runtime.classhandling.ClassStateSupport - Class net.sf.cglib.core.EmitUtils$ArrayDelimiters was not instrumented by EvoSuite. This could happen if you are running JUnit tests in a way that is not handled by EvoSuite, in which some classes are loaded be reflection before the tests are run. Consult the EvoSuite documentation for possible workarounds for this issue.
09:43:46.185 [Test worker] ERROR org.evosuite.runtime.classhandling.ClassStateSupport - Class jaw.gui.ProcessarEntidadesTabela$4 was not instrumented by EvoSuite. This could happen if you are running JUnit tests in a way that is not handled by EvoSuite, in which some classes are loaded be reflection before the tests are run. Consult the EvoSuite documentation for possible workarounds for this issue.
09:43:46.185 [Test worker] ERROR org.evosuite.runtime.classhandling.ClassStateSupport - Class com.thoughtworks.xstream.converters.extended.StackTraceElementFactory was not instrumented by EvoSuite. This could happen if you are running JUnit tests in a way that is not handled by EvoSuite, in which some classes are loaded be reflection before the tests are run. Consult the EvoSuite documentation for possible workarounds for this issue.
09:43:46.187 [Test worker] ERROR org.evosuite.runtime.classhandling.ClassStateSupport - Class jaw.gui.ProcessarEntidadesTabela$3 was not instrumented by EvoSuite. This could happen if you are running JUnit tests in a way that is not handled by EvoSuite, in which some classes are loaded be reflection before the tests are run. Consult the EvoSuite documentation for possible workarounds for this issue.
09:43:46.187 [Test worker] ERROR org.evosuite.runtime.classhandling.ClassStateSupport - Class net.sf.cglib.core.RemappingCodeVisitor$State was not instrumented by EvoSuite. This could happen if you are running JUnit tests in a way that is not handled by EvoSuite, in which some classes are loaded be reflection before the tests are run. Consult the EvoSuite documentation for possible workarounds for this issue.
09:43:46.187 [Test worker] ERROR org.evosuite.runtime.classhandling.ClassStateSupport - Class com.thoughtworks.xstream.XStream$InitializationException was not instrumented by EvoSuite. This could happen if you are running JUnit tests in a way that is not handled by EvoSuite, in which some classes are loaded be reflection before the tests are run. Consult the EvoSuite documentation for possible workarounds for this issue.
09:43:46.188 [Test worker] ERROR org.evosuite.runtime.classhandling.ClassStateSupport - Class com.thoughtworks.xstream.converters.extended.EncodedByteArrayConverter was not instrumented by EvoSuite. This could happen if you are running JUnit tests in a way that is not handled by EvoSuite, in which some classes are loaded be reflection before the tests are run. Consult the EvoSuite documentation for possible workarounds for this issue.
09:43:46.188 [Test worker] ERROR org.evosuite.runtime.classhandling.ClassStateSupport - Class com.thoughtworks.xstream.io.xml.XppReader was not instrumented by EvoSuite. This could happen if you are running JUnit tests in a way that is not handled by EvoSuite, in which some classes are loaded be reflection before the tests are run. Consult the EvoSuite documentation for possible workarounds for this issue.
09:43:46.191 [Test worker] ERROR org.evosuite.runtime.classhandling.ClassStateSupport - Class jaw.entrada.SerializacaoXML was not instrumented by EvoSuite. This could happen if you are running JUnit tests in a way that is not handled by EvoSuite, in which some classes are loaded be reflection before the tests are run. Consult the EvoSuite documentation for possible workarounds for this issue.
09:43:46.191 [Test worker] ERROR org.evosuite.runtime.classhandling.ClassStateSupport - Class com.thoughtworks.xstream.converters.extended.CurrencyConverter was not instrumented by EvoSuite. This could happen if you are running JUnit tests in a way that is not handled by EvoSuite, in which some classes are loaded be reflection before the tests are run. Consult the EvoSuite documentation for possible workarounds for this issue.
09:43:46.192 [Test worker] ERROR org.evosuite.runtime.classhandling.ClassStateSupport - Class net.sf.cglib.core.KeyFactory$Generator was not instrumented by EvoSuite. This could happen if you are running JUnit tests in a way that is not handled by EvoSuite, in which some classes are loaded be reflection before the tests are run. Consult the EvoSuite documentation for possible workarounds for this issue.
09:43:46.193 [Test worker] ERROR org.evosuite.runtime.classhandling.ClassStateSupport - Class com.thoughtworks.xstream.converters.reflection.SelfStreamingInstanceChecker was not instrumented by EvoSuite. This could happen if you are running JUnit tests in a way that is not handled by EvoSuite, in which some classes are loaded be reflection before the tests are run. Consult the EvoSuite documentation for possible workarounds for this issue.
09:43:46.194 [Test worker] ERROR org.evosuite.runtime.classhandling.ClassStateSupport - Class com.thoughtworks.xstream.core.util.Base64Encoder was not instrumented by EvoSuite. This could happen if you are running JUnit tests in a way that is not handled by EvoSuite, in which some classes are loaded be reflection before the tests are run. Consult the EvoSuite documentation for possible workarounds for this issue.
09:43:46.195 [Test worker] ERROR org.evosuite.runtime.classhandling.ClassStateSupport - Class com.thoughtworks.xstream.converters.basic.BigDecimalConverter was not instrumented by EvoSuite. This could happen if you are running JUnit tests in a way that is not handled by EvoSuite, in which some classes are loaded be reflection before the tests are run. Consult the EvoSuite documentation for possible workarounds for this issue.
09:43:46.196 [Test worker] ERROR org.evosuite.runtime.classhandling.ClassStateSupport - Class net.sf.cglib.core.CodeEmitter$State was not instrumented by EvoSuite. This could happen if you are running JUnit tests in a way that is not handled by EvoSuite, in which some classes are loaded be reflection before the tests are run. Consult the EvoSuite documentation for possible workarounds for this issue.
09:43:46.196 [Test worker] ERROR org.evosuite.runtime.classhandling.ClassStateSupport - Class com.thoughtworks.xstream.mapper.OuterClassMapper was not instrumented by EvoSuite. This could happen if you are running JUnit tests in a way that is not handled by EvoSuite, in which some classes are loaded be reflection before the tests are run. Consult the EvoSuite documentation for possible workarounds for this issue.
09:43:46.198 [Test worker] ERROR org.evosuite.runtime.classhandling.ClassStateSupport - Class com.thoughtworks.xstream.converters.reflection.SerializableConverter$UnserializableParentsReflectionProvider was not instrumented by EvoSuite. This could happen if you are running JUnit tests in a way that is not handled by EvoSuite, in which some classes are loaded be reflection before the tests are run. Consult the EvoSuite documentation for possible workarounds for this issue.
09:43:46.198 [Test worker] ERROR org.evosuite.runtime.classhandling.ClassStateSupport - Class com.thoughtworks.xstream.core.util.CompositeClassLoader was not instrumented by EvoSuite. This could happen if you are running JUnit tests in a way that is not handled by EvoSuite, in which some classes are loaded be reflection before the tests are run. Consult the EvoSuite documentation for possible workarounds for this issue.
09:43:46.198 [Test worker] ERROR org.evosuite.runtime.classhandling.ClassStateSupport - Class com.thoughtworks.xstream.mapper.ClassAliasingMapper was not instrumented by EvoSuite. This could happen if you are running JUnit tests in a way that is not handled by EvoSuite, in which some classes are loaded be reflection before the tests are run. Consult the EvoSuite documentation for possible workarounds for this issue.
09:43:46.199 [Test worker] ERROR org.evosuite.runtime.classhandling.ClassStateSupport - Class com.thoughtworks.xstream.mapper.CannotResolveClassException was not instrumented by EvoSuite. This could happen if you are running JUnit tests in a way that is not handled by EvoSuite, in which some classes are loaded be reflection before the tests are run. Consult the EvoSuite documentation for possible workarounds for this issue.
09:43:46.199 [Test worker] ERROR org.evosuite.runtime.classhandling.ClassStateSupport - Class net.sf.cglib.core.AbstractClassGenerator was not instrumented by EvoSuite. This could happen if you are running JUnit tests in a way that is not handled by EvoSuite, in which some classes are loaded be reflection before the tests are run. Consult the EvoSuite documentation for possible workarounds for this issue.
09:43:46.199 [Test worker] ERROR org.evosuite.runtime.classhandling.ClassStateSupport - Class com.thoughtworks.xstream.converters.reflection.FieldDictionary was not instrumented by EvoSuite. This could happen if you are running JUnit tests in a way that is not handled by EvoSuite, in which some classes are loaded be reflection before the tests are run. Consult the EvoSuite documentation for possible workarounds for this issue.
09:43:46.200 [Test worker] ERROR org.evosuite.runtime.classhandling.ClassStateSupport - Class com.thoughtworks.xstream.mapper.EnumMapper was not instrumented by EvoSuite. This could happen if you are running JUnit tests in a way that is not handled by EvoSuite, in which some classes are loaded be reflection before the tests are run. Consult the EvoSuite documentation for possible workarounds for this issue.
09:43:46.201 [Test worker] ERROR org.evosuite.runtime.classhandling.ClassStateSupport - Class jaw.gui.ProcessarEntidades was not instrumented by EvoSuite. This could happen if you are running JUnit tests in a way that is not handled by EvoSuite, in which some classes are loaded be reflection before the tests are run. Consult the EvoSuite documentation for possible workarounds for this issue.
09:43:46.202 [Test worker] ERROR org.evosuite.runtime.classhandling.ClassStateSupport - Class com.thoughtworks.xstream.core.util.FastStack was not instrumented by EvoSuite. This could happen if you are running JUnit tests in a way that is not handled by EvoSuite, in which some classes are loaded be reflection before the tests are run. Consult the EvoSuite documentation for possible workarounds for this issue.
09:43:46.203 [Test worker] ERROR org.evosuite.runtime.classhandling.ClassStateSupport - Class jaw.entrada.Serializacao was not instrumented by EvoSuite. This could happen if you are running JUnit tests in a way that is not handled by EvoSuite, in which some classes are loaded be reflection before the tests are run. Consult the EvoSuite documentation for possible workarounds for this issue.
09:43:46.203 [Test worker] ERROR org.evosuite.runtime.classhandling.ClassStateSupport - Class net.sf.cglib.proxy.Enhancer$1 was not instrumented by EvoSuite. This could happen if you are running JUnit tests in a way that is not handled by EvoSuite, in which some classes are loaded be reflection before the tests are run. Consult the EvoSuite documentation for possible workarounds for this issue.
09:43:46.204 [Test worker] ERROR org.evosuite.runtime.classhandling.ClassStateSupport - Class com.thoughtworks.xstream.converters.ConversionException was not instrumented by EvoSuite. This could happen if you are running JUnit tests in a way that is not handled by EvoSuite, in which some classes are loaded be reflection before the tests are run. Consult the EvoSuite documentation for possible workarounds for this issue.
09:43:46.204 [Test worker] ERROR org.evosuite.runtime.classhandling.ClassStateSupport - Class com.thoughtworks.xstream.mapper.MapperWrapper was not instrumented by EvoSuite. This could happen if you are running JUnit tests in a way that is not handled by EvoSuite, in which some classes are loaded be reflection before the tests are run. Consult the EvoSuite documentation for possible workarounds for this issue.
09:43:46.204 [Test worker] ERROR org.evosuite.runtime.classhandling.ClassStateSupport - Class com.thoughtworks.xstream.converters.extended.FileConverter was not instrumented by EvoSuite. This could happen if you are running JUnit tests in a way that is not handled by EvoSuite, in which some classes are loaded be reflection before the tests are run. Consult the EvoSuite documentation for possible workarounds for this issue.
09:43:46.204 [Test worker] ERROR org.evosuite.runtime.classhandling.ClassStateSupport - Class com.thoughtworks.xstream.core.util.PrioritizedList$PrioritizedItem was not instrumented by EvoSuite. This could happen if you are running JUnit tests in a way that is not handled by EvoSuite, in which some classes are loaded be reflection before the tests are run. Consult the EvoSuite documentation for possible workarounds for this issue.
09:43:46.205 [Test worker] ERROR org.evosuite.runtime.classhandling.ClassStateSupport - Class com.thoughtworks.xstream.mapper.CGLIBMapper was not instrumented by EvoSuite. This could happen if you are running JUnit tests in a way that is not handled by EvoSuite, in which some classes are loaded be reflection before the tests are run. Consult the EvoSuite documentation for possible workarounds for this issue.
09:43:46.205 [Test worker] ERROR org.evosuite.runtime.classhandling.ClassStateSupport - Class net.sf.cglib.core.ReflectUtils$4 was not instrumented by EvoSuite. This could happen if you are running JUnit tests in a way that is not handled by EvoSuite, in which some classes are loaded be reflection before the tests are run. Consult the EvoSuite documentation for possible workarounds for this issue.
09:43:46.211 [Test worker] ERROR org.evosuite.runtime.classhandling.ClassStateSupport - Class com.thoughtworks.xstream.converters.extended.SqlTimestampConverter was not instrumented by EvoSuite. This could happen if you are running JUnit tests in a way that is not handled by EvoSuite, in which some classes are loaded be reflection before the tests are run. Consult the EvoSuite documentation for possible workarounds for this issue.
09:43:46.211 [Test worker] ERROR org.evosuite.runtime.classhandling.ClassStateSupport - Class net.sf.cglib.core.ClassNameReader$EarlyExitException was not instrumented by EvoSuite. This could happen if you are running JUnit tests in a way that is not handled by EvoSuite, in which some classes are loaded be reflection before the tests are run. Consult the EvoSuite documentation for possible workarounds for this issue.
09:43:46.213 [Test worker] ERROR org.evosuite.runtime.classhandling.ClassStateSupport - Class net.sf.cglib.core.ReflectUtils$1 was not instrumented by EvoSuite. This could happen if you are running JUnit tests in a way that is not handled by EvoSuite, in which some classes are loaded be reflection before the tests are run. Consult the EvoSuite documentation for possible workarounds for this issue.
09:43:46.213 [Test worker] ERROR org.evosuite.runtime.classhandling.ClassStateSupport - Class com.thoughtworks.xstream.converters.extended.ColorConverter was not instrumented by EvoSuite. This could happen if you are running JUnit tests in a way that is not handled by EvoSuite, in which some classes are loaded be reflection before the tests are run. Consult the EvoSuite documentation for possible workarounds for this issue.
09:43:46.213 [Test worker] ERROR org.evosuite.runtime.classhandling.ClassStateSupport - Class net.sf.cglib.core.ReflectUtils$2 was not instrumented by EvoSuite. This could happen if you are running JUnit tests in a way that is not handled by EvoSuite, in which some classes are loaded be reflection before the tests are run. Consult the EvoSuite documentation for possible workarounds for this issue.
09:43:46.213 [Test worker] ERROR org.evosuite.runtime.classhandling.ClassStateSupport - Class net.sf.cglib.core.ReflectUtils$3 was not instrumented by EvoSuite. This could happen if you are running JUnit tests in a way that is not handled by EvoSuite, in which some classes are loaded be reflection before the tests are run. Consult the EvoSuite documentation for possible workarounds for this issue.
09:43:46.214 [Test worker] ERROR org.evosuite.runtime.classhandling.ClassStateSupport - Class net.sf.cglib.core.ReflectUtils was not instrumented by EvoSuite. This could happen if you are running JUnit tests in a way that is not handled by EvoSuite, in which some classes are loaded be reflection before the tests are run. Consult the EvoSuite documentation for possible workarounds for this issue.
09:43:46.214 [Test worker] ERROR org.evosuite.runtime.classhandling.ClassStateSupport - Class com.thoughtworks.xstream.converters.basic.DoubleConverter was not instrumented by EvoSuite. This could happen if you are running JUnit tests in a way that is not handled by EvoSuite, in which some classes are loaded be reflection before the tests are run. Consult the EvoSuite documentation for possible workarounds for this issue.
09:43:46.214 [Test worker] ERROR org.evosuite.runtime.classhandling.ClassStateSupport - Class jaw.metamodelo.Entidade was not instrumented by EvoSuite. This could happen if you are running JUnit tests in a way that is not handled by EvoSuite, in which some classes are loaded be reflection before the tests are run. Consult the EvoSuite documentation for possible workarounds for this issue.
09:43:46.214 [Test worker] ERROR org.evosuite.runtime.classhandling.ClassStateSupport - Class com.thoughtworks.xstream.converters.collections.CharArrayConverter was not instrumented by EvoSuite. This could happen if you are running JUnit tests in a way that is not handled by EvoSuite, in which some classes are loaded be reflection before the tests are run. Consult the EvoSuite documentation for possible workarounds for this issue.
09:43:46.214 [Test worker] ERROR org.evosuite.runtime.classhandling.ClassStateSupport - Class com.thoughtworks.xstream.converters.collections.ArrayConverter was not instrumented by EvoSuite. This could happen if you are running JUnit tests in a way that is not handled by EvoSuite, in which some classes are loaded be reflection before the tests are run. Consult the EvoSuite documentation for possible workarounds for this issue.
09:43:46.215 [Test worker] ERROR org.evosuite.runtime.classhandling.ClassStateSupport - Class com.thoughtworks.xstream.converters.extended.JavaMethodConverter was not instrumented by EvoSuite. This could happen if you are running JUnit tests in a way that is not handled by EvoSuite, in which some classes are loaded be reflection before the tests are run. Consult the EvoSuite documentation for possible workarounds for this issue.
09:43:46.218 [Test worker] ERROR org.evosuite.runtime.classhandling.ClassStateSupport - Class com.thoughtworks.xstream.converters.enums.EnumConverter was not instrumented by EvoSuite. This could happen if you are running JUnit tests in a way that is not handled by EvoSuite, in which some classes are loaded be reflection before the tests are run. Consult the EvoSuite documentation for possible workarounds for this issue.
09:43:46.218 [Test worker] ERROR org.evosuite.runtime.classhandling.ClassStateSupport - Class com.thoughtworks.xstream.converters.collections.MapConverter was not instrumented by EvoSuite. This could happen if you are running JUnit tests in a way that is not handled by EvoSuite, in which some classes are loaded be reflection before the tests are run. Consult the EvoSuite documentation for possible workarounds for this issue.
09:43:46.227 [Test worker] ERROR org.evosuite.runtime.classhandling.ClassStateSupport - Class com.thoughtworks.xstream.io.xml.AbstractPullReader$Event was not instrumented by EvoSuite. This could happen if you are running JUnit tests in a way that is not handled by EvoSuite, in which some classes are loaded be reflection before the tests are run. Consult the EvoSuite documentation for possible workarounds for this issue.
09:43:46.227 [Test worker] ERROR org.evosuite.runtime.classhandling.ClassStateSupport - Class net.sf.cglib.core.AbstractClassGenerator$1 was not instrumented by EvoSuite. This could happen if you are running JUnit tests in a way that is not handled by EvoSuite, in which some classes are loaded be reflection before the tests are run. Consult the EvoSuite documentation for possible workarounds for this issue.
09:43:46.230 [Test worker] ERROR org.evosuite.runtime.classhandling.ClassStateSupport - Class org.xmlpull.mxp1.MXParser was not instrumented by EvoSuite. This could happen if you are running JUnit tests in a way that is not handled by EvoSuite, in which some classes are loaded be reflection before the tests are run. Consult the EvoSuite documentation for possible workarounds for this issue.
09:43:46.230 [Test worker] ERROR org.evosuite.runtime.classhandling.ClassStateSupport - Class com.thoughtworks.xstream.io.xml.XppDriver was not instrumented by EvoSuite. This could happen if you are running JUnit tests in a way that is not handled by EvoSuite, in which some classes are loaded be reflection before the tests are run. Consult the EvoSuite documentation for possible workarounds for this issue.
09:43:46.231 [Test worker] ERROR org.evosuite.runtime.classhandling.ClassStateSupport - Class net.sf.cglib.core.DefaultGeneratorStrategy was not instrumented by EvoSuite. This could happen if you are running JUnit tests in a way that is not handled by EvoSuite, in which some classes are loaded be reflection before the tests are run. Consult the EvoSuite documentation for possible workarounds for this issue.
09:43:46.231 [Test worker] ERROR org.evosuite.runtime.classhandling.ClassStateSupport - Class com.thoughtworks.xstream.converters.basic.AbstractSingleValueConverter was not instrumented by EvoSuite. This could happen if you are running JUnit tests in a way that is not handled by EvoSuite, in which some classes are loaded be reflection before the tests are run. Consult the EvoSuite documentation for possible workarounds for this issue.
09:43:46.231 [Test worker] ERROR org.evosuite.runtime.classhandling.ClassStateSupport - Class com.thoughtworks.xstream.converters.reflection.CGLIBEnhancedConverter$CGLIBFilteringReflectionProvider was not instrumented by EvoSuite. This could happen if you are running JUnit tests in a way that is not handled by EvoSuite, in which some classes are loaded be reflection before the tests are run. Consult the EvoSuite documentation for possible workarounds for this issue.
09:43:46.232 [Test worker] ERROR org.evosuite.runtime.classhandling.ClassStateSupport - Class com.thoughtworks.xstream.core.util.CustomObjectOutputStream was not instrumented by EvoSuite. This could happen if you are running JUnit tests in a way that is not handled by EvoSuite, in which some classes are loaded be reflection before the tests are run. Consult the EvoSuite documentation for possible workarounds for this issue.
09:43:46.232 [Test worker] ERROR org.evosuite.runtime.classhandling.ClassStateSupport - Class net.sf.cglib.core.DebuggingClassWriter$1 was not instrumented by EvoSuite. This could happen if you are running JUnit tests in a way that is not handled by EvoSuite, in which some classes are loaded be reflection before the tests are run. Consult the EvoSuite documentation for possible workarounds for this issue.
09:43:46.232 [Test worker] ERROR org.evosuite.runtime.classhandling.ClassStateSupport - Class com.thoughtworks.xstream.annotations.AnnotationProvider was not instrumented by EvoSuite. This could happen if you are running JUnit tests in a way that is not handled by EvoSuite, in which some classes are loaded be reflection before the tests are run. Consult the EvoSuite documentation for possible workarounds for this issue.
09:43:46.232 [Test worker] ERROR org.evosuite.runtime.classhandling.ClassStateSupport - Class com.thoughtworks.xstream.core.util.OrderRetainingMap was not instrumented by EvoSuite. This could happen if you are running JUnit tests in a way that is not handled by EvoSuite, in which some classes are loaded be reflection before the tests are run. Consult the EvoSuite documentation for possible workarounds for this issue.
09:43:46.233 [Test worker] ERROR org.evosuite.runtime.classhandling.ClassStateSupport - Class com.thoughtworks.xstream.mapper.DynamicProxyMapper was not instrumented by EvoSuite. This could happen if you are running JUnit tests in a way that is not handled by EvoSuite, in which some classes are loaded be reflection before the tests are run. Consult the EvoSuite documentation for possible workarounds for this issue.
09:43:46.233 [Test worker] ERROR org.evosuite.runtime.classhandling.ClassStateSupport - Class com.thoughtworks.xstream.converters.enums.EnumMapConverter was not instrumented by EvoSuite. This could happen if you are running JUnit tests in a way that is not handled by EvoSuite, in which some classes are loaded be reflection before the tests are run. Consult the EvoSuite documentation for possible workarounds for this issue.
09:43:46.234 [Test worker] ERROR org.evosuite.runtime.classhandling.ClassStateSupport - Class com.thoughtworks.xstream.converters.basic.ByteConverter was not instrumented by EvoSuite. This could happen if you are running JUnit tests in a way that is not handled by EvoSuite, in which some classes are loaded be reflection before the tests are run. Consult the EvoSuite documentation for possible workarounds for this issue.
09:43:46.234 [Test worker] ERROR org.evosuite.runtime.classhandling.ClassStateSupport - Class com.thoughtworks.xstream.converters.collections.TreeSetConverter was not instrumented by EvoSuite. This could happen if you are running JUnit tests in a way that is not handled by EvoSuite, in which some classes are loaded be reflection before the tests are run. Consult the EvoSuite documentation for possible workarounds for this issue.
09:43:46.234 [Test worker] ERROR org.evosuite.runtime.classhandling.ClassStateSupport - Class com.thoughtworks.xstream.converters.extended.LocaleConverter was not instrumented by EvoSuite. This could happen if you are running JUnit tests in a way that is not handled by EvoSuite, in which some classes are loaded be reflection before the tests are run. Consult the EvoSuite documentation for possible workarounds for this issue.
09:43:46.234 [Test worker] ERROR org.evosuite.runtime.classhandling.ClassStateSupport - Class com.thoughtworks.xstream.core.BaseException was not instrumented by EvoSuite. This could happen if you are running JUnit tests in a way that is not handled by EvoSuite, in which some classes are loaded be reflection before the tests are run. Consult the EvoSuite documentation for possible workarounds for this issue.
09:43:46.235 [Test worker] ERROR org.evosuite.runtime.classhandling.ClassStateSupport - Class net.sf.cglib.core.RemappingCodeVisitor$IntRef was not instrumented by EvoSuite. This could happen if you are running JUnit tests in a way that is not handled by EvoSuite, in which some classes are loaded be reflection before the tests are run. Consult the EvoSuite documentation for possible workarounds for this issue.
09:43:46.236 [Test worker] ERROR org.evosuite.runtime.classhandling.ClassStateSupport - Class com.thoughtworks.xstream.converters.collections.PropertiesConverter was not instrumented by EvoSuite. This could happen if you are running JUnit tests in a way that is not handled by EvoSuite, in which some classes are loaded be reflection before the tests are run. Consult the EvoSuite documentation for possible workarounds for this issue.
09:43:46.236 [Test worker] ERROR org.evosuite.runtime.classhandling.ClassStateSupport - Class jaw.entrada.Abrir was not instrumented by EvoSuite. This could happen if you are running JUnit tests in a way that is not handled by EvoSuite, in which some classes are loaded be reflection before the tests are run. Consult the EvoSuite documentation for possible workarounds for this issue.
09:43:46.236 [Test worker] ERROR org.evosuite.runtime.classhandling.ClassStateSupport - Class net.sf.cglib.core.KeyFactory$2 was not instrumented by EvoSuite. This could happen if you are running JUnit tests in a way that is not handled by EvoSuite, in which some classes are loaded be reflection before the tests are run. Consult the EvoSuite documentation for possible workarounds for this issue.
09:43:46.236 [Test worker] ERROR org.evosuite.runtime.classhandling.ClassStateSupport - Class net.sf.cglib.core.KeyFactory$1 was not instrumented by EvoSuite. This could happen if you are running JUnit tests in a way that is not handled by EvoSuite, in which some classes are loaded be reflection before the tests are run. Consult the EvoSuite documentation for possible workarounds for this issue.
09:43:46.237 [Test worker] ERROR org.evosuite.runtime.classhandling.ClassStateSupport - Class org.xmlpull.v1.XmlPullParserException was not instrumented by EvoSuite. This could happen if you are running JUnit tests in a way that is not handled by EvoSuite, in which some classes are loaded be reflection before the tests are run. Consult the EvoSuite documentation for possible workarounds for this issue.
09:43:46.238 [Test worker] ERROR org.evosuite.runtime.classhandling.ClassStateSupport - Class net.sf.cglib.core.ClassInfo was not instrumented by EvoSuite. This could happen if you are running JUnit tests in a way that is not handled by EvoSuite, in which some classes are loaded be reflection before the tests are run. Consult the EvoSuite documentation for possible workarounds for this issue.
09:43:46.238 [Test worker] ERROR org.evosuite.runtime.classhandling.ClassStateSupport - Class net.sf.cglib.core.ClassEmitter$3 was not instrumented by EvoSuite. This could happen if you are running JUnit tests in a way that is not handled by EvoSuite, in which some classes are loaded be reflection before the tests are run. Consult the EvoSuite documentation for possible workarounds for this issue.
09:43:46.238 [Test worker] ERROR org.evosuite.runtime.classhandling.ClassStateSupport - Class net.sf.cglib.core.EmitUtils$9 was not instrumented by EvoSuite. This could happen if you are running JUnit tests in a way that is not handled by EvoSuite, in which some classes are loaded be reflection before the tests are run. Consult the EvoSuite documentation for possible workarounds for this issue.
09:43:46.239 [Test worker] ERROR org.evosuite.runtime.classhandling.ClassStateSupport - Class net.sf.cglib.core.ClassEmitter$1 was not instrumented by EvoSuite. This could happen if you are running JUnit tests in a way that is not handled by EvoSuite, in which some classes are loaded be reflection before the tests are run. Consult the EvoSuite documentation for possible workarounds for this issue.
09:43:46.240 [Test worker] ERROR org.evosuite.runtime.classhandling.ClassStateSupport - Class net.sf.cglib.core.EmitUtils$8 was not instrumented by EvoSuite. This could happen if you are running JUnit tests in a way that is not handled by EvoSuite, in which some classes are loaded be reflection before the tests are run. Consult the EvoSuite documentation for possible workarounds for this issue.
09:43:46.243 [Test worker] ERROR org.evosuite.runtime.classhandling.ClassStateSupport - Class net.sf.cglib.core.EmitUtils$7 was not instrumented by EvoSuite. This could happen if you are running JUnit tests in a way that is not handled by EvoSuite, in which some classes are loaded be reflection before the tests are run. Consult the EvoSuite documentation for possible workarounds for this issue.
09:43:46.243 [Test worker] ERROR org.evosuite.runtime.classhandling.ClassStateSupport - Class net.sf.cglib.core.CodeEmitter was not instrumented by EvoSuite. This could happen if you are running JUnit tests in a way that is not handled by EvoSuite, in which some classes are loaded be reflection before the tests are run. Consult the EvoSuite documentation for possible workarounds for this issue.
09:43:46.243 [Test worker] ERROR org.evosuite.runtime.classhandling.ClassStateSupport - Class com.thoughtworks.xstream.converters.extended.SubjectConverter was not instrumented by EvoSuite. This could happen if you are running JUnit tests in a way that is not handled by EvoSuite, in which some classes are loaded be reflection before the tests are run. Consult the EvoSuite documentation for possible workarounds for this issue.
09:43:46.243 [Test worker] ERROR org.evosuite.runtime.classhandling.ClassStateSupport - Class com.thoughtworks.xstream.mapper.DefaultMapper was not instrumented by EvoSuite. This could happen if you are running JUnit tests in a way that is not handled by EvoSuite, in which some classes are loaded be reflection before the tests are run. Consult the EvoSuite documentation for possible workarounds for this issue.
09:43:46.243 [Test worker] ERROR org.evosuite.runtime.classhandling.ClassStateSupport - Class com.thoughtworks.xstream.converters.basic.StringConverter was not instrumented by EvoSuite. This could happen if you are running JUnit tests in a way that is not handled by EvoSuite, in which some classes are loaded be reflection before the tests are run. Consult the EvoSuite documentation for possible workarounds for this issue.
09:43:46.244 [Test worker] ERROR org.evosuite.runtime.classhandling.ClassStateSupport - Class net.sf.cglib.core.ClassEmitter was not instrumented by EvoSuite. This could happen if you are running JUnit tests in a way that is not handled by EvoSuite, in which some classes are loaded be reflection before the tests are run. Consult the EvoSuite documentation for possible workarounds for this issue.
09:43:46.244 [Test worker] ERROR org.evosuite.runtime.classhandling.ClassStateSupport - Class com.thoughtworks.xstream.mapper.ImmutableTypesMapper was not instrumented by EvoSuite. This could happen if you are running JUnit tests in a way that is not handled by EvoSuite, in which some classes are loaded be reflection before the tests are run. Consult the EvoSuite documentation for possible workarounds for this issue.
09:43:46.244 [Test worker] ERROR org.evosuite.runtime.classhandling.ClassStateSupport - Class com.thoughtworks.xstream.converters.collections.BitSetConverter was not instrumented by EvoSuite. This could happen if you are running JUnit tests in a way that is not handled by EvoSuite, in which some classes are loaded be reflection before the tests are run. Consult the EvoSuite documentation for possible workarounds for this issue.
09:43:46.244 [Test worker] ERROR org.evosuite.runtime.classhandling.ClassStateSupport - Class com.thoughtworks.xstream.converters.extended.ThrowableConverter was not instrumented by EvoSuite. This could happen if you are running JUnit tests in a way that is not handled by EvoSuite, in which some classes are loaded be reflection before the tests are run. Consult the EvoSuite documentation for possible workarounds for this issue.
09:43:46.244 [Test worker] ERROR org.evosuite.runtime.classhandling.ClassStateSupport - Class net.sf.cglib.core.ClassNameReader was not instrumented by EvoSuite. This could happen if you are running JUnit tests in a way that is not handled by EvoSuite, in which some classes are loaded be reflection before the tests are run. Consult the EvoSuite documentation for possible workarounds for this issue.
09:43:46.244 [Test worker] ERROR org.evosuite.runtime.classhandling.ClassStateSupport - Class com.thoughtworks.xstream.converters.reflection.ObjectAccessException was not instrumented by EvoSuite. This could happen if you are running JUnit tests in a way that is not handled by EvoSuite, in which some classes are loaded be reflection before the tests are run. Consult the EvoSuite documentation for possible workarounds for this issue.
09:43:46.244 [Test worker] ERROR org.evosuite.runtime.classhandling.ClassStateSupport - Class com.thoughtworks.xstream.converters.extended.SqlTimeConverter was not instrumented by EvoSuite. This could happen if you are running JUnit tests in a way that is not handled by EvoSuite, in which some classes are loaded be reflection before the tests are run. Consult the EvoSuite documentation for possible workarounds for this issue.
09:43:46.244 [Test worker] ERROR org.evosuite.runtime.classhandling.ClassStateSupport - Class jaw.Main was not instrumented by EvoSuite. This could happen if you are running JUnit tests in a way that is not handled by EvoSuite, in which some classes are loaded be reflection before the tests are run. Consult the EvoSuite documentation for possible workarounds for this issue.
09:43:46.244 [Test worker] ERROR org.evosuite.runtime.classhandling.ClassStateSupport - Class com.thoughtworks.xstream.mapper.AttributeMapper was not instrumented by EvoSuite. This could happen if you are running JUnit tests in a way that is not handled by EvoSuite, in which some classes are loaded be reflection before the tests are run. Consult the EvoSuite documentation for possible workarounds for this issue.
09:43:46.245 [Test worker] ERROR org.evosuite.runtime.classhandling.ClassStateSupport - Class com.thoughtworks.xstream.mapper.DynamicProxyMapper$DynamicProxy was not instrumented by EvoSuite. This could happen if you are running JUnit tests in a way that is not handled by EvoSuite, in which some classes are loaded be reflection before the tests are run. Consult the EvoSuite documentation for possible workarounds for this issue.
09:43:46.245 [Test worker] ERROR org.evosuite.runtime.classhandling.ClassStateSupport - Class net.sf.cglib.core.ClassNameReader$1 was not instrumented by EvoSuite. This could happen if you are running JUnit tests in a way that is not handled by EvoSuite, in which some classes are loaded be reflection before the tests are run. Consult the EvoSuite documentation for possible workarounds for this issue.
09:43:46.245 [Test worker] ERROR org.evosuite.runtime.classhandling.ClassStateSupport - Class com.thoughtworks.xstream.mapper.AttributeAliasingMapper was not instrumented by EvoSuite. This could happen if you are running JUnit tests in a way that is not handled by EvoSuite, in which some classes are loaded be reflection before the tests are run. Consult the EvoSuite documentation for possible workarounds for this issue.
09:43:46.245 [Test worker] ERROR org.evosuite.runtime.classhandling.ClassStateSupport - Class com.thoughtworks.xstream.annotations.AnnotationReflectionConverter was not instrumented by EvoSuite. This could happen if you are running JUnit tests in a way that is not handled by EvoSuite, in which some classes are loaded be reflection before the tests are run. Consult the EvoSuite documentation for possible workarounds for this issue.
09:43:46.245 [Test worker] ERROR org.evosuite.runtime.classhandling.ClassStateSupport - Class com.thoughtworks.xstream.converters.reflection.PureJavaReflectionProvider was not instrumented by EvoSuite. This could happen if you are running JUnit tests in a way that is not handled by EvoSuite, in which some classes are loaded be reflection before the tests are run. Consult the EvoSuite documentation for possible workarounds for this issue.
09:43:46.246 [Test worker] ERROR org.evosuite.runtime.classhandling.ClassStateSupport - Class jaw.entrada.Abrir$1 was not instrumented by EvoSuite. This could happen if you are running JUnit tests in a way that is not handled by EvoSuite, in which some classes are loaded be reflection before the tests are run. Consult the EvoSuite documentation for possible workarounds for this issue.
09:43:46.246 [Test worker] ERROR org.evosuite.runtime.classhandling.ClassStateSupport - Class net.sf.cglib.core.Local was not instrumented by EvoSuite. This could happen if you are running JUnit tests in a way that is not handled by EvoSuite, in which some classes are loaded be reflection before the tests are run. Consult the EvoSuite documentation for possible workarounds for this issue.
09:43:46.247 [Test worker] ERROR org.evosuite.runtime.classhandling.ClassStateSupport - Class jaw.metamodelo.Atributo was not instrumented by EvoSuite. This could happen if you are running JUnit tests in a way that is not handled by EvoSuite, in which some classes are loaded be reflection before the tests are run. Consult the EvoSuite documentation for possible workarounds for this issue.
09:43:46.247 [Test worker] ERROR org.evosuite.runtime.classhandling.ClassStateSupport - Class jaw.entrada.Abrir$Filtro was not instrumented by EvoSuite. This could happen if you are running JUnit tests in a way that is not handled by EvoSuite, in which some classes are loaded be reflection before the tests are run. Consult the EvoSuite documentation for possible workarounds for this issue.
09:43:46.248 [Test worker] ERROR org.evosuite.runtime.classhandling.ClassStateSupport - Class net.sf.cglib.asm.Edge was not instrumented by EvoSuite. This could happen if you are running JUnit tests in a way that is not handled by EvoSuite, in which some classes are loaded be reflection before the tests are run. Consult the EvoSuite documentation for possible workarounds for this issue.
09:43:46.248 [Test worker] ERROR org.evosuite.runtime.classhandling.ClassStateSupport - Class com.thoughtworks.xstream.mapper.CachingMapper was not instrumented by EvoSuite. This could happen if you are running JUnit tests in a way that is not handled by EvoSuite, in which some classes are loaded be reflection before the tests are run. Consult the EvoSuite documentation for possible workarounds for this issue.
09:43:46.248 [Test worker] ERROR org.evosuite.runtime.classhandling.ClassStateSupport - Class com.thoughtworks.xstream.converters.extended.RegexPatternConverter was not instrumented by EvoSuite. This could happen if you are running JUnit tests in a way that is not handled by EvoSuite, in which some classes are loaded be reflection before the tests are run. Consult the EvoSuite documentation for possible workarounds for this issue.
09:43:46.249 [Test worker] ERROR org.evosuite.runtime.classhandling.ClassStateSupport - Class com.thoughtworks.xstream.core.util.OrderRetainingMap$ArraySet was not instrumented by EvoSuite. This could happen if you are running JUnit tests in a way that is not handled by EvoSuite, in which some classes are loaded be reflection before the tests are run. Consult the EvoSuite documentation for possible workarounds for this issue.
09:43:46.249 [Test worker] ERROR org.evosuite.runtime.classhandling.ClassStateSupport - Class net.sf.cglib.asm.ClassWriter was not instrumented by EvoSuite. This could happen if you are running JUnit tests in a way that is not handled by EvoSuite, in which some classes are loaded be reflection before the tests are run. Consult the EvoSuite documentation for possible workarounds for this issue.
09:43:46.249 [Test worker] ERROR org.evosuite.runtime.classhandling.ClassStateSupport - Class com.thoughtworks.xstream.converters.reflection.SerializableConverter was not instrumented by EvoSuite. This could happen if you are running JUnit tests in a way that is not handled by EvoSuite, in which some classes are loaded be reflection before the tests are run. Consult the EvoSuite documentation for possible workarounds for this issue.
09:43:46.250 [Test worker] ERROR org.evosuite.runtime.classhandling.ClassStateSupport - Class net.sf.cglib.core.DefaultNamingPolicy was not instrumented by EvoSuite. This could happen if you are running JUnit tests in a way that is not handled by EvoSuite, in which some classes are loaded be reflection before the tests are run. Consult the EvoSuite documentation for possible workarounds for this issue.
09:43:46.250 [Test worker] ERROR org.evosuite.runtime.classhandling.ClassStateSupport - Class jaw.gui.ProcessarEntidadesTabela was not instrumented by EvoSuite. This could happen if you are running JUnit tests in a way that is not handled by EvoSuite, in which some classes are loaded be reflection before the tests are run. Consult the EvoSuite documentation for possible workarounds for this issue.
09:43:46.251 [Test worker] ERROR org.evosuite.runtime.classhandling.ClassStateSupport - Class com.thoughtworks.xstream.converters.basic.CharConverter was not instrumented by EvoSuite. This could happen if you are running JUnit tests in a way that is not handled by EvoSuite, in which some classes are loaded be reflection before the tests are run. Consult the EvoSuite documentation for possible workarounds for this issue.
09:43:46.251 [Test worker] ERROR org.evosuite.runtime.classhandling.ClassStateSupport - Class net.sf.cglib.core.AbstractClassGenerator$Source was not instrumented by EvoSuite. This could happen if you are running JUnit tests in a way that is not handled by EvoSuite, in which some classes are loaded be reflection before the tests are run. Consult the EvoSuite documentation for possible workarounds for this issue.
09:43:46.251 [Test worker] ERROR org.evosuite.runtime.classhandling.ClassStateSupport - Class com.thoughtworks.xstream.core.util.PrioritizedList$PrioritizedItemIterator was not instrumented by EvoSuite. This could happen if you are running JUnit tests in a way that is not handled by EvoSuite, in which some classes are loaded be reflection before the tests are run. Consult the EvoSuite documentation for possible workarounds for this issue.
09:43:46.251 [Test worker] ERROR org.evosuite.runtime.classhandling.ClassStateSupport - Class com.thoughtworks.xstream.converters.reflection.FieldKey was not instrumented by EvoSuite. This could happen if you are running JUnit tests in a way that is not handled by EvoSuite, in which some classes are loaded be reflection before the tests are run. Consult the EvoSuite documentation for possible workarounds for this issue.
09:43:46.252 [Test worker] ERROR org.evosuite.runtime.classhandling.ClassStateSupport - Class com.thoughtworks.xstream.core.DefaultConverterLookup was not instrumented by EvoSuite. This could happen if you are running JUnit tests in a way that is not handled by EvoSuite, in which some classes are loaded be reflection before the tests are run. Consult the EvoSuite documentation for possible workarounds for this issue.
09:43:46.252 [Test worker] ERROR org.evosuite.runtime.classhandling.ClassStateSupport - Class net.sf.cglib.core.DebuggingClassWriter was not instrumented by EvoSuite. This could happen if you are running JUnit tests in a way that is not handled by EvoSuite, in which some classes are loaded be reflection before the tests are run. Consult the EvoSuite documentation for possible workarounds for this issue.
09:43:46.252 [Test worker] ERROR org.evosuite.runtime.classhandling.ClassStateSupport - Class net.sf.cglib.core.ClassEmitter$FieldInfo was not instrumented by EvoSuite. This could happen if you are running JUnit tests in a way that is not handled by EvoSuite, in which some classes are loaded be reflection before the tests are run. Consult the EvoSuite documentation for possible workarounds for this issue.
09:43:46.252 [Test worker] ERROR org.evosuite.runtime.classhandling.ClassStateSupport - Class com.thoughtworks.xstream.converters.reflection.SerializationMethodInvoker was not instrumented by EvoSuite. This could happen if you are running JUnit tests in a way that is not handled by EvoSuite, in which some classes are loaded be reflection before the tests are run. Consult the EvoSuite documentation for possible workarounds for this issue.
09:43:46.252 [Test worker] ERROR org.evosuite.runtime.classhandling.ClassStateSupport - Class com.thoughtworks.xstream.converters.basic.ShortConverter was not instrumented by EvoSuite. This could happen if you are running JUnit tests in a way that is not handled by EvoSuite, in which some classes are loaded be reflection before the tests are run. Consult the EvoSuite documentation for possible workarounds for this issue.
09:43:46.252 [Test worker] ERROR org.evosuite.runtime.classhandling.ClassStateSupport - Class net.sf.cglib.asm.CodeAdapter was not instrumented by EvoSuite. This could happen if you are running JUnit tests in a way that is not handled by EvoSuite, in which some classes are loaded be reflection before the tests are run. Consult the EvoSuite documentation for possible workarounds for this issue.
09:43:46.252 [Test worker] ERROR org.evosuite.runtime.classhandling.ClassStateSupport - Class com.thoughtworks.xstream.converters.reflection.CGLIBEnhancedConverter was not instrumented by EvoSuite. This could happen if you are running JUnit tests in a way that is not handled by EvoSuite, in which some classes are loaded be reflection before the tests are run. Consult the EvoSuite documentation for possible workarounds for this issue.
09:43:46.252 [Test worker] ERROR org.evosuite.runtime.classhandling.ClassStateSupport - Class com.thoughtworks.xstream.core.JVM was not instrumented by EvoSuite. This could happen if you are running JUnit tests in a way that is not handled by EvoSuite, in which some classes are loaded be reflection before the tests are run. Consult the EvoSuite documentation for possible workarounds for this issue.
09:43:46.252 [Test worker] ERROR org.evosuite.runtime.classhandling.ClassStateSupport - Class com.thoughtworks.xstream.io.xml.AbstractXmlDriver was not instrumented by EvoSuite. This could happen if you are running JUnit tests in a way that is not handled by EvoSuite, in which some classes are loaded be reflection before the tests are run. Consult the EvoSuite documentation for possible workarounds for this issue.
09:43:46.252 [Test worker] ERROR org.evosuite.runtime.classhandling.ClassStateSupport - Class net.sf.cglib.asm.CodeWriter was not instrumented by EvoSuite. This could happen if you are running JUnit tests in a way that is not handled by EvoSuite, in which some classes are loaded be reflection before the tests are run. Consult the EvoSuite documentation for possible workarounds for this issue.
09:43:46.252 [Test worker] ERROR org.evosuite.runtime.classhandling.ClassStateSupport - Class com.thoughtworks.xstream.converters.basic.BigIntegerConverter was not instrumented by EvoSuite. This could happen if you are running JUnit tests in a way that is not handled by EvoSuite, in which some classes are loaded be reflection before the tests are run. Consult the EvoSuite documentation for possible workarounds for this issue.
09:43:46.252 [Test worker] ERROR org.evosuite.runtime.classhandling.ClassStateSupport - Class com.thoughtworks.xstream.converters.basic.StringBufferConverter was not instrumented by EvoSuite. This could happen if you are running JUnit tests in a way that is not handled by EvoSuite, in which some classes are loaded be reflection before the tests are run. Consult the EvoSuite documentation for possible workarounds for this issue.
09:43:46.252 [Test worker] ERROR org.evosuite.runtime.classhandling.ClassStateSupport - Class com.thoughtworks.xstream.core.util.ThreadSafeSimpleDateFormat$1 was not instrumented by EvoSuite. This could happen if you are running JUnit tests in a way that is not handled by EvoSuite, in which some classes are loaded be reflection before the tests are run. Consult the EvoSuite documentation for possible workarounds for this issue.
09:43:46.253 [Test worker] ERROR org.evosuite.runtime.classhandling.ClassStateSupport - Class jaw.entrada.Abrir$Filtro2 was not instrumented by EvoSuite. This could happen if you are running JUnit tests in a way that is not handled by EvoSuite, in which some classes are loaded be reflection before the tests are run. Consult the EvoSuite documentation for possible workarounds for this issue.
09:43:46.253 [Test worker] ERROR org.evosuite.runtime.classhandling.ClassStateSupport - Class com.thoughtworks.xstream.converters.reflection.AbstractAttributedCharacterIteratorAttributeConverter was not instrumented by EvoSuite. This could happen if you are running JUnit tests in a way that is not handled by EvoSuite, in which some classes are loaded be reflection before the tests are run. Consult the EvoSuite documentation for possible workarounds for this issue.
09:43:46.253 [Test worker] ERROR org.evosuite.runtime.classhandling.ClassStateSupport - Class com.thoughtworks.xstream.mapper.FieldAliasingMapper was not instrumented by EvoSuite. This could happen if you are running JUnit tests in a way that is not handled by EvoSuite, in which some classes are loaded be reflection before the tests are run. Consult the EvoSuite documentation for possible workarounds for this issue.
09:43:46.253 [Test worker] ERROR org.evosuite.runtime.classhandling.ClassStateSupport - Class com.thoughtworks.xstream.converters.basic.IntConverter was not instrumented by EvoSuite. This could happen if you are running JUnit tests in a way that is not handled by EvoSuite, in which some classes are loaded be reflection before the tests are run. Consult the EvoSuite documentation for possible workarounds for this issue.
09:43:46.253 [Test worker] ERROR org.evosuite.runtime.classhandling.ClassStateSupport - Class com.thoughtworks.xstream.converters.extended.StackTraceElementConverter was not instrumented by EvoSuite. This could happen if you are running JUnit tests in a way that is not handled by EvoSuite, in which some classes are loaded be reflection before the tests are run. Consult the EvoSuite documentation for possible workarounds for this issue.
09:43:46.253 [Test worker] ERROR org.evosuite.runtime.classhandling.ClassStateSupport - Class net.sf.cglib.core.KeyFactory was not instrumented by EvoSuite. This could happen if you are running JUnit tests in a way that is not handled by EvoSuite, in which some classes are loaded be reflection before the tests are run. Consult the EvoSuite documentation for possible workarounds for this issue.
09:43:46.253 [Test worker] ERROR org.evosuite.runtime.classhandling.ClassStateSupport - Class com.thoughtworks.xstream.converters.extended.JavaClassConverter was not instrumented by EvoSuite. This could happen if you are running JUnit tests in a way that is not handled by EvoSuite, in which some classes are loaded be reflection before the tests are run. Consult the EvoSuite documentation for possible workarounds for this issue.
09:43:46.254 [Test worker] ERROR org.evosuite.runtime.classhandling.ClassStateSupport - Class com.thoughtworks.xstream.converters.basic.DateConverter was not instrumented by EvoSuite. This could happen if you are running JUnit tests in a way that is not handled by EvoSuite, in which some classes are loaded be reflection before the tests are run. Consult the EvoSuite documentation for possible workarounds for this issue.
09:43:46.254 [Test worker] ERROR org.evosuite.runtime.classhandling.ClassStateSupport - Class com.thoughtworks.xstream.converters.SingleValueConverterWrapper was not instrumented by EvoSuite. This could happen if you are running JUnit tests in a way that is not handled by EvoSuite, in which some classes are loaded be reflection before the tests are run. Consult the EvoSuite documentation for possible workarounds for this issue.
09:43:46.254 [Test worker] ERROR org.evosuite.runtime.classhandling.ClassStateSupport - Class net.sf.cglib.core.EmitUtils was not instrumented by EvoSuite. This could happen if you are running JUnit tests in a way that is not handled by EvoSuite, in which some classes are loaded be reflection before the tests are run. Consult the EvoSuite documentation for possible workarounds for this issue.
09:43:46.254 [Test worker] ERROR org.evosuite.runtime.classhandling.ClassStateSupport - Class jaw.gui.ProcessarEntidadesTree was not instrumented by EvoSuite. This could happen if you are running JUnit tests in a way that is not handled by EvoSuite, in which some classes are loaded be reflection before the tests are run. Consult the EvoSuite documentation for possible workarounds for this issue.
09:43:46.254 [Test worker] ERROR org.evosuite.runtime.classhandling.ClassStateSupport - Class net.sf.cglib.core.CollectionUtils was not instrumented by EvoSuite. This could happen if you are running JUnit tests in a way that is not handled by EvoSuite, in which some classes are loaded be reflection before the tests are run. Consult the EvoSuite documentation for possible workarounds for this issue.
09:43:46.254 [Test worker] ERROR org.evosuite.runtime.classhandling.ClassStateSupport - Class com.thoughtworks.xstream.converters.reflection.ReflectionConverter was not instrumented by EvoSuite. This could happen if you are running JUnit tests in a way that is not handled by EvoSuite, in which some classes are loaded be reflection before the tests are run. Consult the EvoSuite documentation for possible workarounds for this issue.
09:43:46.254 [Test worker] ERROR org.evosuite.runtime.classhandling.ClassStateSupport - Class net.sf.cglib.core.TypeUtils was not instrumented by EvoSuite. This could happen if you are running JUnit tests in a way that is not handled by EvoSuite, in which some classes are loaded be reflection before the tests are run. Consult the EvoSuite documentation for possible workarounds for this issue.
09:43:46.254 [Test worker] ERROR org.evosuite.runtime.classhandling.ClassStateSupport - Class com.thoughtworks.xstream.converters.basic.LongConverter was not instrumented by EvoSuite. This could happen if you are running JUnit tests in a way that is not handled by EvoSuite, in which some classes are loaded be reflection before the tests are run. Consult the EvoSuite documentation for possible workarounds for this issue.
09:43:46.254 [Test worker] ERROR org.evosuite.runtime.classhandling.ClassStateSupport - Class com.thoughtworks.xstream.io.StreamException was not instrumented by EvoSuite. This could happen if you are running JUnit tests in a way that is not handled by EvoSuite, in which some classes are loaded be reflection before the tests are run. Consult the EvoSuite documentation for possible workarounds for this issue.
09:43:46.254 [Test worker] ERROR org.evosuite.runtime.classhandling.ClassStateSupport - Class com.thoughtworks.xstream.converters.extended.GregorianCalendarConverter was not instrumented by EvoSuite. This could happen if you are running JUnit tests in a way that is not handled by EvoSuite, in which some classes are loaded be reflection before the tests are run. Consult the EvoSuite documentation for possible workarounds for this issue.
09:43:46.254 [Test worker] ERROR org.evosuite.runtime.classhandling.ClassStateSupport - Class com.thoughtworks.xstream.converters.extended.TextAttributeConverter was not instrumented by EvoSuite. This could happen if you are running JUnit tests in a way that is not handled by EvoSuite, in which some classes are loaded be reflection before the tests are run. Consult the EvoSuite documentation for possible workarounds for this issue.
09:43:46.254 [Test worker] ERROR org.evosuite.runtime.classhandling.ClassStateSupport - Class com.thoughtworks.xstream.converters.extended.CharsetConverter was not instrumented by EvoSuite. This could happen if you are running JUnit tests in a way that is not handled by EvoSuite, in which some classes are loaded be reflection before the tests are run. Consult the EvoSuite documentation for possible workarounds for this issue.
09:43:46.254 [Test worker] ERROR org.evosuite.runtime.classhandling.ClassStateSupport - Class net.sf.cglib.asm.Type was not instrumented by EvoSuite. This could happen if you are running JUnit tests in a way that is not handled by EvoSuite, in which some classes are loaded be reflection before the tests are run. Consult the EvoSuite documentation for possible workarounds for this issue.
09:43:46.254 [Test worker] ERROR org.evosuite.runtime.classhandling.ClassStateSupport - Class net.sf.cglib.core.MethodInfo was not instrumented by EvoSuite. This could happen if you are running JUnit tests in a way that is not handled by EvoSuite, in which some classes are loaded be reflection before the tests are run. Consult the EvoSuite documentation for possible workarounds for this issue.
09:43:46.255 [Test worker] ERROR org.evosuite.runtime.classhandling.ClassStateSupport - Class com.thoughtworks.xstream.io.xml.AbstractXmlReader was not instrumented by EvoSuite. This could happen if you are running JUnit tests in a way that is not handled by EvoSuite, in which some classes are loaded be reflection before the tests are run. Consult the EvoSuite documentation for possible workarounds for this issue.
09:43:46.255 [Test worker] ERROR org.evosuite.runtime.classhandling.ClassStateSupport - Class com.thoughtworks.xstream.converters.reflection.ImmutableFieldKeySorter was not instrumented by EvoSuite. This could happen if you are running JUnit tests in a way that is not handled by EvoSuite, in which some classes are loaded be reflection before the tests are run. Consult the EvoSuite documentation for possible workarounds for this issue.
09:43:46.255 [Test worker] ERROR org.evosuite.runtime.classhandling.ClassStateSupport - Class com.thoughtworks.xstream.converters.enums.EnumSetConverter was not instrumented by EvoSuite. This could happen if you are running JUnit tests in a way that is not handled by EvoSuite, in which some classes are loaded be reflection before the tests are run. Consult the EvoSuite documentation for possible workarounds for this issue.
09:43:46.255 [Test worker] ERROR org.evosuite.runtime.classhandling.ClassStateSupport - Class com.thoughtworks.xstream.mapper.AbstractXmlFriendlyMapper was not instrumented by EvoSuite. This could happen if you are running JUnit tests in a way that is not handled by EvoSuite, in which some classes are loaded be reflection before the tests are run. Consult the EvoSuite documentation for possible workarounds for this issue.
09:43:46.255 [Test worker] ERROR org.evosuite.runtime.classhandling.ClassStateSupport - Class com.thoughtworks.xstream.alias.CannotResolveClassException was not instrumented by EvoSuite. This could happen if you are running JUnit tests in a way that is not handled by EvoSuite, in which some classes are loaded be reflection before the tests are run. Consult the EvoSuite documentation for possible workarounds for this issue.
09:43:46.255 [Test worker] ERROR org.evosuite.runtime.classhandling.ClassStateSupport - Class com.thoughtworks.xstream.core.util.Fields was not instrumented by EvoSuite. This could happen if you are running JUnit tests in a way that is not handled by EvoSuite, in which some classes are loaded be reflection before the tests are run. Consult the EvoSuite documentation for possible workarounds for this issue.
09:43:46.255 [Test worker] ERROR org.evosuite.runtime.classhandling.ClassStateSupport - Class com.thoughtworks.xstream.mapper.Mapper$Null was not instrumented by EvoSuite. This could happen if you are running JUnit tests in a way that is not handled by EvoSuite, in which some classes are loaded be reflection before the tests are run. Consult the EvoSuite documentation for possible workarounds for this issue.
09:43:46.255 [Test worker] ERROR org.evosuite.runtime.classhandling.ClassStateSupport - Class com.thoughtworks.xstream.core.util.ThreadSafeSimpleDateFormat was not instrumented by EvoSuite. This could happen if you are running JUnit tests in a way that is not handled by EvoSuite, in which some classes are loaded be reflection before the tests are run. Consult the EvoSuite documentation for possible workarounds for this issue.
09:43:46.255 [Test worker] ERROR org.evosuite.runtime.classhandling.ClassStateSupport - Class com.thoughtworks.xstream.converters.reflection.ExternalizableConverter was not instrumented by EvoSuite. This could happen if you are running JUnit tests in a way that is not handled by EvoSuite, in which some classes are loaded be reflection before the tests are run. Consult the EvoSuite documentation for possible workarounds for this issue.
09:43:46.255 [Test worker] ERROR org.evosuite.runtime.classhandling.ClassStateSupport - Class com.thoughtworks.xstream.converters.collections.AbstractCollectionConverter was not instrumented by EvoSuite. This could happen if you are running JUnit tests in a way that is not handled by EvoSuite, in which some classes are loaded be reflection before the tests are run. Consult the EvoSuite documentation for possible workarounds for this issue.
09:43:46.255 [Test worker] ERROR org.evosuite.runtime.classhandling.ClassStateSupport - Class net.sf.cglib.core.RemappingCodeVisitor was not instrumented by EvoSuite. This could happen if you are running JUnit tests in a way that is not handled by EvoSuite, in which some classes are loaded be reflection before the tests are run. Consult the EvoSuite documentation for possible workarounds for this issue.
09:43:46.255 [Test worker] ERROR org.evosuite.runtime.classhandling.ClassStateSupport - Class com.thoughtworks.xstream.mapper.ImplicitCollectionMapper was not instrumented by EvoSuite. This could happen if you are running JUnit tests in a way that is not handled by EvoSuite, in which some classes are loaded be reflection before the tests are run. Consult the EvoSuite documentation for possible workarounds for this issue.
09:43:46.255 [Test worker] ERROR org.evosuite.runtime.classhandling.ClassStateSupport - Class net.sf.cglib.core.Signature was not instrumented by EvoSuite. This could happen if you are running JUnit tests in a way that is not handled by EvoSuite, in which some classes are loaded be reflection before the tests are run. Consult the EvoSuite documentation for possible workarounds for this issue.
09:43:46.255 [Test worker] ERROR org.evosuite.runtime.classhandling.ClassStateSupport - Class net.sf.cglib.asm.ByteVector was not instrumented by EvoSuite. This could happen if you are running JUnit tests in a way that is not handled by EvoSuite, in which some classes are loaded be reflection before the tests are run. Consult the EvoSuite documentation for possible workarounds for this issue.
09:43:46.256 [Test worker] ERROR org.evosuite.runtime.classhandling.ClassStateSupport - Class com.thoughtworks.xstream.core.util.CustomObjectInputStream was not instrumented by EvoSuite. This could happen if you are running JUnit tests in a way that is not handled by EvoSuite, in which some classes are loaded be reflection before the tests are run. Consult the EvoSuite documentation for possible workarounds for this issue.
09:43:46.256 [Test worker] ERROR org.evosuite.runtime.classhandling.ClassStateSupport - Class com.thoughtworks.xstream.converters.extended.DynamicProxyConverter was not instrumented by EvoSuite. This could happen if you are running JUnit tests in a way that is not handled by EvoSuite, in which some classes are loaded be reflection before the tests are run. Consult the EvoSuite documentation for possible workarounds for this issue.
09:43:46.256 [Test worker] ERROR org.evosuite.runtime.classhandling.ClassStateSupport - Class com.thoughtworks.xstream.mapper.ArrayMapper was not instrumented by EvoSuite. This could happen if you are running JUnit tests in a way that is not handled by EvoSuite, in which some classes are loaded be reflection before the tests are run. Consult the EvoSuite documentation for possible workarounds for this issue.
09:43:46.256 [Test worker] ERROR org.evosuite.runtime.classhandling.ClassStateSupport - Class com.thoughtworks.xstream.converters.basic.NullConverter was not instrumented by EvoSuite. This could happen if you are running JUnit tests in a way that is not handled by EvoSuite, in which some classes are loaded be reflection before the tests are run. Consult the EvoSuite documentation for possible workarounds for this issue.
09:43:46.256 [Test worker] ERROR org.evosuite.runtime.classhandling.ClassStateSupport - Class jaw.configuracoes.Configuracao was not instrumented by EvoSuite. This could happen if you are running JUnit tests in a way that is not handled by EvoSuite, in which some classes are loaded be reflection before the tests are run. Consult the EvoSuite documentation for possible workarounds for this issue.
09:43:46.256 [Test worker] ERROR org.evosuite.runtime.classhandling.ClassStateSupport - Class com.thoughtworks.xstream.core.util.ClassLoaderReference was not instrumented by EvoSuite. This could happen if you are running JUnit tests in a way that is not handled by EvoSuite, in which some classes are loaded be reflection before the tests are run. Consult the EvoSuite documentation for possible workarounds for this issue.
09:43:46.256 [Test worker] ERROR org.evosuite.runtime.classhandling.ClassStateSupport - Class com.thoughtworks.xstream.io.xml.XmlFriendlyReplacer was not instrumented by EvoSuite. This could happen if you are running JUnit tests in a way that is not handled by EvoSuite, in which some classes are loaded be reflection before the tests are run. Consult the EvoSuite documentation for possible workarounds for this issue.
09:43:46.256 [Test worker] ERROR org.evosuite.runtime.classhandling.ClassStateSupport - Class com.thoughtworks.xstream.converters.basic.FloatConverter was not instrumented by EvoSuite. This could happen if you are running JUnit tests in a way that is not handled by EvoSuite, in which some classes are loaded be reflection before the tests are run. Consult the EvoSuite documentation for possible workarounds for this issue.
09:43:46.256 [Test worker] ERROR org.evosuite.runtime.classhandling.ClassStateSupport - Class com.thoughtworks.xstream.converters.extended.SqlDateConverter was not instrumented by EvoSuite. This could happen if you are running JUnit tests in a way that is not handled by EvoSuite, in which some classes are loaded be reflection before the tests are run. Consult the EvoSuite documentation for possible workarounds for this issue.
09:43:46.256 [Test worker] ERROR org.evosuite.runtime.classhandling.ClassStateSupport - Class com.thoughtworks.xstream.io.xml.AbstractPullReader was not instrumented by EvoSuite. This could happen if you are running JUnit tests in a way that is not handled by EvoSuite, in which some classes are loaded be reflection before the tests are run. Consult the EvoSuite documentation for possible workarounds for this issue.
09:43:46.264 [Test worker] ERROR org.evosuite.runtime.classhandling.ClassStateSupport - Class com.thoughtworks.xstream.converters.extended.FontConverter was not instrumented by EvoSuite. This could happen if you are running JUnit tests in a way that is not handled by EvoSuite, in which some classes are loaded be reflection before the tests are run. Consult the EvoSuite documentation for possible workarounds for this issue.
09:43:46.264 [Test worker] ERROR org.evosuite.runtime.classhandling.ClassStateSupport - Class com.thoughtworks.xstream.converters.collections.TreeMapConverter was not instrumented by EvoSuite. This could happen if you are running JUnit tests in a way that is not handled by EvoSuite, in which some classes are loaded be reflection before the tests are run. Consult the EvoSuite documentation for possible workarounds for this issue.
09:43:46.264 [Test worker] ERROR org.evosuite.runtime.classhandling.ClassStateSupport - Class net.sf.cglib.asm.Item was not instrumented by EvoSuite. This could happen if you are running JUnit tests in a way that is not handled by EvoSuite, in which some classes are loaded be reflection before the tests are run. Consult the EvoSuite documentation for possible workarounds for this issue.
09:43:46.264 [Test worker] ERROR org.evosuite.runtime.classhandling.ClassStateSupport - Class net.sf.cglib.asm.Attribute was not instrumented by EvoSuite. This could happen if you are running JUnit tests in a way that is not handled by EvoSuite, in which some classes are loaded be reflection before the tests are run. Consult the EvoSuite documentation for possible workarounds for this issue.
09:43:46.265 [Test worker] ERROR org.evosuite.runtime.classhandling.ClassStateSupport - Class net.sf.cglib.asm.ClassAdapter was not instrumented by EvoSuite. This could happen if you are running JUnit tests in a way that is not handled by EvoSuite, in which some classes are loaded be reflection before the tests are run. Consult the EvoSuite documentation for possible workarounds for this issue.
09:43:46.265 [Test worker] ERROR org.evosuite.runtime.classhandling.ClassStateSupport - Class com.thoughtworks.xstream.core.ReferenceByXPathMarshallingStrategy was not instrumented by EvoSuite. This could happen if you are running JUnit tests in a way that is not handled by EvoSuite, in which some classes are loaded be reflection before the tests are run. Consult the EvoSuite documentation for possible workarounds for this issue.
09:43:46.265 [Test worker] ERROR org.evosuite.runtime.classhandling.ClassStateSupport - Class com.thoughtworks.xstream.mapper.DefaultImplementationsMapper was not instrumented by EvoSuite. This could happen if you are running JUnit tests in a way that is not handled by EvoSuite, in which some classes are loaded be reflection before the tests are run. Consult the EvoSuite documentation for possible workarounds for this issue.
09:43:46.266 [Test worker] ERROR org.evosuite.runtime.classhandling.ClassStateSupport - Class net.sf.cglib.core.CodeGenerationException was not instrumented by EvoSuite. This could happen if you are running JUnit tests in a way that is not handled by EvoSuite, in which some classes are loaded be reflection before the tests are run. Consult the EvoSuite documentation for possible workarounds for this issue.
09:43:46.266 [Test worker] ERROR org.evosuite.runtime.classhandling.ClassStateSupport - Class net.sf.cglib.proxy.Enhancer was not instrumented by EvoSuite. This could happen if you are running JUnit tests in a way that is not handled by EvoSuite, in which some classes are loaded be reflection before the tests are run. Consult the EvoSuite documentation for possible workarounds for this issue.
09:43:46.266 [Test worker] ERROR org.evosuite.runtime.classhandling.ClassStateSupport - Class com.thoughtworks.xstream.converters.reflection.ReflectionProviderWrapper was not instrumented by EvoSuite. This could happen if you are running JUnit tests in a way that is not handled by EvoSuite, in which some classes are loaded be reflection before the tests are run. Consult the EvoSuite documentation for possible workarounds for this issue.
09:43:46.266 [Test worker] ERROR org.evosuite.runtime.classhandling.ClassStateSupport - Class com.thoughtworks.xstream.core.util.Pool was not instrumented by EvoSuite. This could happen if you are running JUnit tests in a way that is not handled by EvoSuite, in which some classes are loaded be reflection before the tests are run. Consult the EvoSuite documentation for possible workarounds for this issue.
09:43:46.266 [Test worker] ERROR org.evosuite.runtime.classhandling.ClassStateSupport - Class com.thoughtworks.xstream.mapper.XStream11XmlFriendlyMapper was not instrumented by EvoSuite. This could happen if you are running JUnit tests in a way that is not handled by EvoSuite, in which some classes are loaded be reflection before the tests are run. Consult the EvoSuite documentation for possible workarounds for this issue.
09:43:46.266 [Test worker] ERROR org.evosuite.runtime.classhandling.ClassStateSupport - Class com.thoughtworks.xstream.converters.basic.URLConverter was not instrumented by EvoSuite. This could happen if you are running JUnit tests in a way that is not handled by EvoSuite, in which some classes are loaded be reflection before the tests are run. Consult the EvoSuite documentation for possible workarounds for this issue.
09:43:46.267 [Test worker] ERROR org.evosuite.runtime.classhandling.ClassStateSupport - Class com.thoughtworks.xstream.core.util.PrioritizedList was not instrumented by EvoSuite. This could happen if you are running JUnit tests in a way that is not handled by EvoSuite, in which some classes are loaded be reflection before the tests are run. Consult the EvoSuite documentation for possible workarounds for this issue.
09:43:46.267 [Test worker] ERROR org.evosuite.runtime.classhandling.ClassStateSupport - Class net.sf.cglib.asm.Label was not instrumented by EvoSuite. This could happen if you are running JUnit tests in a way that is not handled by EvoSuite, in which some classes are loaded be reflection before the tests are run. Consult the EvoSuite documentation for possible workarounds for this issue.
09:43:46.267 [Test worker] ERROR org.evosuite.runtime.classhandling.ClassStateSupport - Class net.sf.cglib.asm.ClassReader was not instrumented by EvoSuite. This could happen if you are running JUnit tests in a way that is not handled by EvoSuite, in which some classes are loaded be reflection before the tests are run. Consult the EvoSuite documentation for possible workarounds for this issue.
09:43:46.267 [Test worker] ERROR org.evosuite.runtime.classhandling.ClassStateSupport - Class com.thoughtworks.xstream.converters.collections.CollectionConverter was not instrumented by EvoSuite. This could happen if you are running JUnit tests in a way that is not handled by EvoSuite, in which some classes are loaded be reflection before the tests are run. Consult the EvoSuite documentation for possible workarounds for this issue.
09:43:46.267 [Test worker] ERROR org.evosuite.runtime.classhandling.ClassStateSupport - Class com.thoughtworks.xstream.converters.reflection.AbstractReflectionConverter was not instrumented by EvoSuite. This could happen if you are running JUnit tests in a way that is not handled by EvoSuite, in which some classes are loaded be reflection before the tests are run. Consult the EvoSuite documentation for possible workarounds for this issue.
09:43:46.267 [Test worker] ERROR org.evosuite.runtime.classhandling.ClassStateSupport - Class com.thoughtworks.xstream.converters.basic.BooleanConverter was not instrumented by EvoSuite. This could happen if you are running JUnit tests in a way that is not handled by EvoSuite, in which some classes are loaded be reflection before the tests are run. Consult the EvoSuite documentation for possible workarounds for this issue.
09:43:46.387 [Test worker] INFO org.evosuite.runtime.thread.ThreadStopper - Found new thread
09:43:49.312 [Test worker] INFO org.evosuite.runtime.thread.ThreadStopper - Thread is still alive: junit-jupiter-timeout-watcher
09:43:49.320 [Test worker] DEBUG org.evosuite.runtime.classhandling.ClassResetter - __STATIC_RESET() method does not exists in class jaw.entrada.Abrir
09:43:49.320 [Test worker] DEBUG org.evosuite.runtime.classhandling.ClassResetter - __STATIC_RESET() method does not exists in class jaw.entrada.Abrir$Filtro2
09:43:49.321 [Test worker] DEBUG org.evosuite.runtime.classhandling.ClassResetter - __STATIC_RESET() method does not exists in class jaw.entrada.Abrir$Filtro
09:43:49.322 [Test worker] DEBUG org.evosuite.runtime.classhandling.ClassResetter - __STATIC_RESET() method does not exists in class jaw.Main
09:43:49.323 [Test worker] DEBUG org.evosuite.runtime.classhandling.ClassResetter - __STATIC_RESET() method does not exists in class jaw.gui.ProcessarEntidades
09:43:49.324 [Test worker] DEBUG org.evosuite.runtime.classhandling.ClassResetter - __STATIC_RESET() method does not exists in class jaw.gui.ProcessarEntidadesTree
09:43:49.338 [Test worker] DEBUG org.evosuite.runtime.classhandling.ClassResetter - __STATIC_RESET() method does not exists in class jaw.gui.JanelaPrincipal
09:43:49.339 [Test worker] DEBUG org.evosuite.runtime.classhandling.ClassResetter - __STATIC_RESET() method does not exists in class jaw.gui.ProcessarEntidadesTabela
09:43:49.339 [Test worker] DEBUG org.evosuite.runtime.classhandling.ClassResetter - __STATIC_RESET() method does not exists in class jaw.metamodelo.Atributo
09:43:49.339 [Test worker] DEBUG org.evosuite.runtime.classhandling.ClassResetter - __STATIC_RESET() method does not exists in class jaw.metamodelo.Entidade
09:43:49.341 [Test worker] DEBUG org.evosuite.runtime.classhandling.ClassResetter - __STATIC_RESET() method does not exists in class jaw.util.Conversor
09:43:49.342 [Test worker] DEBUG org.evosuite.runtime.classhandling.ClassResetter - __STATIC_RESET() method does not exists in class jaw.entrada.Serializacao
09:43:49.343 [Test worker] DEBUG org.evosuite.runtime.classhandling.ClassResetter - __STATIC_RESET() method does not exists in class jaw.entrada.SerializacaoXML
09:43:49.343 [Test worker] DEBUG org.evosuite.runtime.classhandling.ClassResetter - __STATIC_RESET() method does not exists in class com.thoughtworks.xstream.XStream
09:43:49.349 [Test worker] DEBUG org.evosuite.runtime.classhandling.ClassResetter - __STATIC_RESET() method does not exists in class com.thoughtworks.xstream.io.xml.AbstractXmlDriver
09:43:49.349 [Test worker] DEBUG org.evosuite.runtime.classhandling.ClassResetter - __STATIC_RESET() method does not exists in class com.thoughtworks.xstream.io.xml.XppDriver
09:43:49.351 [Test worker] DEBUG org.evosuite.runtime.classhandling.ClassResetter - __STATIC_RESET() method does not exists in class com.thoughtworks.xstream.io.xml.XmlFriendlyReplacer
09:43:49.351 [Test worker] DEBUG org.evosuite.runtime.classhandling.ClassResetter - __STATIC_RESET() method does not exists in class com.thoughtworks.xstream.core.JVM
09:43:49.355 [Test worker] DEBUG org.evosuite.runtime.classhandling.ClassResetter - __STATIC_RESET() method does not exists in class com.thoughtworks.xstream.converters.reflection.PureJavaReflectionProvider
09:43:49.355 [Test worker] DEBUG org.evosuite.runtime.classhandling.ClassResetter - __STATIC_RESET() method does not exists in class com.thoughtworks.xstream.converters.reflection.FieldDictionary
09:43:49.355 [Test worker] DEBUG org.evosuite.runtime.classhandling.ClassResetter - __STATIC_RESET() method does not exists in class com.thoughtworks.xstream.converters.reflection.ImmutableFieldKeySorter
09:43:49.355 [Test worker] DEBUG org.evosuite.runtime.classhandling.ClassResetter - __STATIC_RESET() method does not exists in class com.thoughtworks.xstream.core.util.ClassLoaderReference
09:43:49.355 [Test worker] DEBUG org.evosuite.runtime.classhandling.ClassResetter - __STATIC_RESET() method does not exists in class com.thoughtworks.xstream.core.util.CompositeClassLoader
09:43:49.355 [Test worker] DEBUG org.evosuite.runtime.classhandling.ClassResetter - __STATIC_RESET() method does not exists in class com.thoughtworks.xstream.mapper.DefaultMapper
09:43:49.355 [Test worker] DEBUG org.evosuite.runtime.classhandling.ClassResetter - __STATIC_RESET() method does not exists in class com.thoughtworks.xstream.mapper.MapperWrapper
09:43:49.356 [Test worker] DEBUG org.evosuite.runtime.classhandling.ClassResetter - __STATIC_RESET() method does not exists in class com.thoughtworks.xstream.mapper.ClassAliasingMapper
09:43:49.356 [Test worker] DEBUG org.evosuite.runtime.classhandling.ClassResetter - __STATIC_RESET() method does not exists in class com.thoughtworks.xstream.mapper.FieldAliasingMapper
09:43:49.356 [Test worker] DEBUG org.evosuite.runtime.classhandling.ClassResetter - __STATIC_RESET() method does not exists in class com.thoughtworks.xstream.mapper.AttributeAliasingMapper
09:43:49.356 [Test worker] DEBUG org.evosuite.runtime.classhandling.ClassResetter - __STATIC_RESET() method does not exists in class com.thoughtworks.xstream.mapper.AttributeMapper
09:43:49.356 [Test worker] DEBUG org.evosuite.runtime.classhandling.ClassResetter - __STATIC_RESET() method does not exists in class com.thoughtworks.xstream.mapper.ImplicitCollectionMapper
09:43:49.356 [Test worker] DEBUG org.evosuite.runtime.classhandling.ClassResetter - __STATIC_RESET() method does not exists in class com.thoughtworks.xstream.mapper.CGLIBMapper
09:43:49.356 [Test worker] DEBUG org.evosuite.runtime.classhandling.ClassResetter - __STATIC_RESET() method does not exists in class com.thoughtworks.xstream.mapper.DynamicProxyMapper
09:43:49.356 [Test worker] DEBUG org.evosuite.runtime.classhandling.ClassResetter - __STATIC_RESET() method does not exists in class com.thoughtworks.xstream.mapper.EnumMapper
09:43:49.356 [Test worker] DEBUG org.evosuite.runtime.classhandling.ClassResetter - __STATIC_RESET() method does not exists in class com.thoughtworks.xstream.mapper.OuterClassMapper
09:43:49.357 [Test worker] DEBUG org.evosuite.runtime.classhandling.ClassResetter - __STATIC_RESET() method does not exists in class com.thoughtworks.xstream.mapper.ArrayMapper
09:43:49.357 [Test worker] DEBUG org.evosuite.runtime.classhandling.ClassResetter - __STATIC_RESET() method does not exists in class com.thoughtworks.xstream.mapper.DefaultImplementationsMapper
09:43:49.357 [Test worker] DEBUG org.evosuite.runtime.classhandling.ClassResetter - __STATIC_RESET() method does not exists in class com.thoughtworks.xstream.mapper.Mapper$Null
09:43:49.357 [Test worker] DEBUG org.evosuite.runtime.classhandling.ClassResetter - __STATIC_RESET() method does not exists in class com.thoughtworks.xstream.mapper.ImmutableTypesMapper
09:43:49.357 [Test worker] DEBUG org.evosuite.runtime.classhandling.ClassResetter - __STATIC_RESET() method does not exists in class com.thoughtworks.xstream.mapper.CachingMapper
09:43:49.357 [Test worker] DEBUG org.evosuite.runtime.classhandling.ClassResetter - __STATIC_RESET() method does not exists in class com.thoughtworks.xstream.core.DefaultConverterLookup
09:43:49.357 [Test worker] DEBUG org.evosuite.runtime.classhandling.ClassResetter - __STATIC_RESET() method does not exists in class com.thoughtworks.xstream.core.util.PrioritizedList
09:43:49.357 [Test worker] DEBUG org.evosuite.runtime.classhandling.ClassResetter - __STATIC_RESET() method does not exists in class com.thoughtworks.xstream.annotations.AnnotationProvider
09:43:49.357 [Test worker] DEBUG org.evosuite.runtime.classhandling.ClassResetter - __STATIC_RESET() method does not exists in class com.thoughtworks.xstream.converters.reflection.AbstractReflectionConverter
09:43:49.358 [Test worker] DEBUG org.evosuite.runtime.classhandling.ClassResetter - __STATIC_RESET() method does not exists in class com.thoughtworks.xstream.converters.reflection.ReflectionConverter
09:43:49.358 [Test worker] DEBUG org.evosuite.runtime.classhandling.ClassResetter - __STATIC_RESET() method does not exists in class com.thoughtworks.xstream.annotations.AnnotationReflectionConverter
09:43:49.358 [Test worker] DEBUG org.evosuite.runtime.classhandling.ClassResetter - __STATIC_RESET() method does not exists in class com.thoughtworks.xstream.converters.reflection.SerializationMethodInvoker
09:43:49.358 [Test worker] DEBUG org.evosuite.runtime.classhandling.ClassResetter - __STATIC_RESET() method does not exists in class com.thoughtworks.xstream.core.util.PrioritizedList$PrioritizedItem
09:43:49.358 [Test worker] DEBUG org.evosuite.runtime.classhandling.ClassResetter - __STATIC_RESET() method does not exists in class com.thoughtworks.xstream.core.util.PrioritizedList$PrioritizedItemIterator
09:43:49.358 [Test worker] DEBUG org.evosuite.runtime.classhandling.ClassResetter - __STATIC_RESET() method does not exists in class com.thoughtworks.xstream.converters.reflection.SerializableConverter
09:43:49.358 [Test worker] DEBUG org.evosuite.runtime.classhandling.ClassResetter - __STATIC_RESET() method does not exists in class com.thoughtworks.xstream.converters.reflection.ReflectionProviderWrapper
09:43:49.358 [Test worker] DEBUG org.evosuite.runtime.classhandling.ClassResetter - __STATIC_RESET() method does not exists in class com.thoughtworks.xstream.converters.reflection.SerializableConverter$UnserializableParentsReflectionProvider
09:43:49.359 [Test worker] DEBUG org.evosuite.runtime.classhandling.ClassResetter - __STATIC_RESET() method does not exists in class com.thoughtworks.xstream.converters.reflection.ExternalizableConverter
09:43:49.362 [Test worker] DEBUG org.evosuite.runtime.classhandling.ClassResetter - __STATIC_RESET() method does not exists in class com.thoughtworks.xstream.converters.basic.NullConverter
09:43:49.362 [Test worker] DEBUG org.evosuite.runtime.classhandling.ClassResetter - __STATIC_RESET() method does not exists in class com.thoughtworks.xstream.converters.basic.AbstractSingleValueConverter
09:43:49.362 [Test worker] DEBUG org.evosuite.runtime.classhandling.ClassResetter - __STATIC_RESET() method does not exists in class com.thoughtworks.xstream.converters.basic.IntConverter
09:43:49.362 [Test worker] DEBUG org.evosuite.runtime.classhandling.ClassResetter - __STATIC_RESET() method does not exists in class com.thoughtworks.xstream.converters.SingleValueConverterWrapper
09:43:49.363 [Test worker] DEBUG org.evosuite.runtime.classhandling.ClassResetter - __STATIC_RESET() method does not exists in class com.thoughtworks.xstream.converters.basic.FloatConverter
09:43:49.363 [Test worker] DEBUG org.evosuite.runtime.classhandling.ClassResetter - __STATIC_RESET() method does not exists in class com.thoughtworks.xstream.converters.basic.DoubleConverter
09:43:49.363 [Test worker] DEBUG org.evosuite.runtime.classhandling.ClassResetter - __STATIC_RESET() method does not exists in class com.thoughtworks.xstream.converters.basic.LongConverter
09:43:49.363 [Test worker] DEBUG org.evosuite.runtime.classhandling.ClassResetter - __STATIC_RESET() method does not exists in class com.thoughtworks.xstream.converters.basic.ShortConverter
09:43:49.363 [Test worker] DEBUG org.evosuite.runtime.classhandling.ClassResetter - __STATIC_RESET() method does not exists in class com.thoughtworks.xstream.converters.basic.CharConverter
09:43:49.363 [Test worker] DEBUG org.evosuite.runtime.classhandling.ClassResetter - __STATIC_RESET() method does not exists in class com.thoughtworks.xstream.converters.basic.BooleanConverter
09:43:49.363 [Test worker] DEBUG org.evosuite.runtime.classhandling.ClassResetter - __STATIC_RESET() method does not exists in class com.thoughtworks.xstream.converters.basic.ByteConverter
09:43:49.363 [Test worker] DEBUG org.evosuite.runtime.classhandling.ClassResetter - __STATIC_RESET() method does not exists in class com.thoughtworks.xstream.converters.basic.StringConverter
09:43:49.363 [Test worker] DEBUG org.evosuite.runtime.classhandling.ClassResetter - __STATIC_RESET() method does not exists in class com.thoughtworks.xstream.converters.basic.StringBufferConverter
09:43:49.363 [Test worker] DEBUG org.evosuite.runtime.classhandling.ClassResetter - __STATIC_RESET() method does not exists in class com.thoughtworks.xstream.converters.basic.DateConverter
09:43:49.364 [Test worker] DEBUG org.evosuite.runtime.classhandling.ClassResetter - __STATIC_RESET() method does not exists in class com.thoughtworks.xstream.core.util.ThreadSafeSimpleDateFormat
09:43:49.364 [Test worker] DEBUG org.evosuite.runtime.classhandling.ClassResetter - __STATIC_RESET() method does not exists in class com.thoughtworks.xstream.core.util.Pool
09:43:49.364 [Test worker] DEBUG org.evosuite.runtime.classhandling.ClassResetter - __STATIC_RESET() method does not exists in class com.thoughtworks.xstream.core.util.ThreadSafeSimpleDateFormat$1
09:43:49.364 [Test worker] DEBUG org.evosuite.runtime.classhandling.ClassResetter - __STATIC_RESET() method does not exists in class com.thoughtworks.xstream.converters.collections.BitSetConverter
09:43:49.364 [Test worker] DEBUG org.evosuite.runtime.classhandling.ClassResetter - __STATIC_RESET() method does not exists in class com.thoughtworks.xstream.converters.basic.URLConverter
09:43:49.364 [Test worker] DEBUG org.evosuite.runtime.classhandling.ClassResetter - __STATIC_RESET() method does not exists in class com.thoughtworks.xstream.converters.basic.BigIntegerConverter
09:43:49.364 [Test worker] DEBUG org.evosuite.runtime.classhandling.ClassResetter - __STATIC_RESET() method does not exists in class com.thoughtworks.xstream.converters.basic.BigDecimalConverter
09:43:49.364 [Test worker] DEBUG org.evosuite.runtime.classhandling.ClassResetter - __STATIC_RESET() method does not exists in class com.thoughtworks.xstream.converters.collections.AbstractCollectionConverter
09:43:49.364 [Test worker] DEBUG org.evosuite.runtime.classhandling.ClassResetter - __STATIC_RESET() method does not exists in class com.thoughtworks.xstream.converters.collections.ArrayConverter
09:43:49.365 [Test worker] DEBUG org.evosuite.runtime.classhandling.ClassResetter - __STATIC_RESET() method does not exists in class com.thoughtworks.xstream.converters.collections.CharArrayConverter
09:43:49.365 [Test worker] DEBUG org.evosuite.runtime.classhandling.ClassResetter - __STATIC_RESET() method does not exists in class com.thoughtworks.xstream.converters.collections.CollectionConverter
09:43:49.365 [Test worker] DEBUG org.evosuite.runtime.classhandling.ClassResetter - __STATIC_RESET() method does not exists in class com.thoughtworks.xstream.converters.collections.MapConverter
09:43:49.365 [Test worker] DEBUG org.evosuite.runtime.classhandling.ClassResetter - __STATIC_RESET() method does not exists in class com.thoughtworks.xstream.converters.collections.TreeMapConverter
09:43:49.365 [Test worker] DEBUG org.evosuite.runtime.classhandling.ClassResetter - __STATIC_RESET() method does not exists in class com.thoughtworks.xstream.converters.collections.TreeSetConverter
09:43:49.365 [Test worker] DEBUG org.evosuite.runtime.classhandling.ClassResetter - __STATIC_RESET() method does not exists in class com.thoughtworks.xstream.core.util.Fields
09:43:49.365 [Test worker] DEBUG org.evosuite.runtime.classhandling.ClassResetter - __STATIC_RESET() method does not exists in class com.thoughtworks.xstream.converters.collections.PropertiesConverter
09:43:49.365 [Test worker] DEBUG org.evosuite.runtime.classhandling.ClassResetter - __STATIC_RESET() method does not exists in class com.thoughtworks.xstream.core.util.Base64Encoder
09:43:49.365 [Test worker] DEBUG org.evosuite.runtime.classhandling.ClassResetter - __STATIC_RESET() method does not exists in class com.thoughtworks.xstream.converters.extended.EncodedByteArrayConverter
09:43:49.366 [Test worker] DEBUG org.evosuite.runtime.classhandling.ClassResetter - __STATIC_RESET() method does not exists in class com.thoughtworks.xstream.converters.extended.FileConverter
09:43:49.366 [Test worker] DEBUG org.evosuite.runtime.classhandling.ClassResetter - __STATIC_RESET() method does not exists in class com.thoughtworks.xstream.converters.extended.SqlTimestampConverter
09:43:49.366 [Test worker] DEBUG org.evosuite.runtime.classhandling.ClassResetter - __STATIC_RESET() method does not exists in class com.thoughtworks.xstream.converters.extended.SqlTimeConverter
09:43:49.366 [Test worker] DEBUG org.evosuite.runtime.classhandling.ClassResetter - __STATIC_RESET() method does not exists in class com.thoughtworks.xstream.converters.extended.SqlDateConverter
09:43:49.366 [Test worker] DEBUG org.evosuite.runtime.classhandling.ClassResetter - __STATIC_RESET() method does not exists in class com.thoughtworks.xstream.converters.extended.DynamicProxyConverter
09:43:49.366 [Test worker] DEBUG org.evosuite.runtime.classhandling.ClassResetter - __STATIC_RESET() method does not exists in class com.thoughtworks.xstream.mapper.DynamicProxyMapper$DynamicProxy
09:43:49.366 [Test worker] DEBUG org.evosuite.runtime.classhandling.ClassResetter - __STATIC_RESET() method does not exists in class com.thoughtworks.xstream.converters.extended.JavaClassConverter
09:43:49.366 [Test worker] DEBUG org.evosuite.runtime.classhandling.ClassResetter - __STATIC_RESET() method does not exists in class com.thoughtworks.xstream.converters.extended.JavaMethodConverter
09:43:49.366 [Test worker] DEBUG org.evosuite.runtime.classhandling.ClassResetter - __STATIC_RESET() method does not exists in class com.thoughtworks.xstream.converters.extended.FontConverter
09:43:49.367 [Test worker] DEBUG org.evosuite.runtime.classhandling.ClassResetter - __STATIC_RESET() method does not exists in class com.thoughtworks.xstream.converters.extended.ColorConverter
09:43:49.367 [Test worker] DEBUG org.evosuite.runtime.classhandling.ClassResetter - __STATIC_RESET() method does not exists in class com.thoughtworks.xstream.converters.reflection.AbstractAttributedCharacterIteratorAttributeConverter
09:43:49.367 [Test worker] DEBUG org.evosuite.runtime.classhandling.ClassResetter - __STATIC_RESET() method does not exists in class com.thoughtworks.xstream.converters.extended.TextAttributeConverter
09:43:49.367 [Test worker] DEBUG org.evosuite.runtime.classhandling.ClassResetter - __STATIC_RESET() method does not exists in class com.thoughtworks.xstream.core.util.OrderRetainingMap
09:43:49.372 [Test worker] DEBUG org.evosuite.runtime.classhandling.ClassResetter - __STATIC_RESET() method does not exists in class com.thoughtworks.xstream.core.util.OrderRetainingMap$ArraySet
09:43:49.373 [Test worker] DEBUG org.evosuite.runtime.classhandling.ClassResetter - __STATIC_RESET() method does not exists in class com.thoughtworks.xstream.converters.reflection.FieldKey
09:43:49.373 [Test worker] DEBUG org.evosuite.runtime.classhandling.ClassResetter - __STATIC_RESET() method does not exists in class com.thoughtworks.xstream.converters.extended.LocaleConverter
09:43:49.374 [Test worker] DEBUG org.evosuite.runtime.classhandling.ClassResetter - __STATIC_RESET() method does not exists in class com.thoughtworks.xstream.converters.extended.GregorianCalendarConverter
09:43:49.374 [Test worker] DEBUG org.evosuite.runtime.classhandling.ClassResetter - __STATIC_RESET() method does not exists in class com.thoughtworks.xstream.converters.extended.SubjectConverter
09:43:49.374 [Test worker] DEBUG org.evosuite.runtime.classhandling.ClassResetter - __STATIC_RESET() method does not exists in class com.thoughtworks.xstream.converters.extended.ThrowableConverter
09:43:49.375 [Test worker] DEBUG org.evosuite.runtime.classhandling.ClassResetter - __STATIC_RESET() method does not exists in class com.thoughtworks.xstream.converters.extended.StackTraceElementFactory
09:43:49.375 [Test worker] DEBUG org.evosuite.runtime.classhandling.ClassResetter - __STATIC_RESET() method does not exists in class com.thoughtworks.xstream.converters.extended.StackTraceElementConverter
09:43:49.376 [Test worker] DEBUG org.evosuite.runtime.classhandling.ClassResetter - __STATIC_RESET() method does not exists in class com.thoughtworks.xstream.converters.extended.CurrencyConverter
09:43:49.376 [Test worker] DEBUG org.evosuite.runtime.classhandling.ClassResetter - __STATIC_RESET() method does not exists in class com.thoughtworks.xstream.converters.extended.RegexPatternConverter
09:43:49.376 [Test worker] DEBUG org.evosuite.runtime.classhandling.ClassResetter - __STATIC_RESET() method does not exists in class com.thoughtworks.xstream.converters.extended.CharsetConverter
09:43:49.377 [Test worker] DEBUG org.evosuite.runtime.classhandling.ClassResetter - __STATIC_RESET() method does not exists in class com.thoughtworks.xstream.converters.enums.EnumConverter
09:43:49.377 [Test worker] DEBUG org.evosuite.runtime.classhandling.ClassResetter - __STATIC_RESET() method does not exists in class com.thoughtworks.xstream.converters.enums.EnumSetConverter
09:43:49.377 [Test worker] DEBUG org.evosuite.runtime.classhandling.ClassResetter - __STATIC_RESET() method does not exists in class com.thoughtworks.xstream.converters.enums.EnumMapConverter
09:43:49.377 [Test worker] DEBUG org.evosuite.runtime.classhandling.ClassResetter - __STATIC_RESET() method does not exists in class com.thoughtworks.xstream.converters.reflection.CGLIBEnhancedConverter
09:43:49.377 [Test worker] DEBUG org.evosuite.runtime.classhandling.ClassResetter - __STATIC_RESET() method does not exists in class com.thoughtworks.xstream.converters.reflection.CGLIBEnhancedConverter$CGLIBFilteringReflectionProvider
09:43:49.377 [Test worker] DEBUG org.evosuite.runtime.classhandling.ClassResetter - __STATIC_RESET() method does not exists in class net.sf.cglib.core.AbstractClassGenerator
09:43:49.377 [Test worker] DEBUG org.evosuite.runtime.classhandling.ClassResetter - __STATIC_RESET() method does not exists in class net.sf.cglib.proxy.Enhancer$1
09:43:49.378 [Test worker] DEBUG org.evosuite.runtime.classhandling.ClassResetter - __STATIC_RESET() method does not exists in class net.sf.cglib.core.AbstractClassGenerator$Source
09:43:49.379 [Test worker] DEBUG org.evosuite.runtime.classhandling.ClassResetter - __STATIC_RESET() method does not exists in class net.sf.cglib.core.CollectionUtils
09:43:49.379 [Test worker] DEBUG org.evosuite.runtime.classhandling.ClassResetter - __STATIC_RESET() method does not exists in class net.sf.cglib.core.TypeUtils
09:43:49.381 [Test worker] DEBUG org.evosuite.runtime.classhandling.ClassResetter - __STATIC_RESET() method does not exists in class net.sf.cglib.core.Signature
09:43:49.381 [Test worker] DEBUG org.evosuite.runtime.classhandling.ClassResetter - __STATIC_RESET() method does not exists in class net.sf.cglib.asm.Type
09:43:49.383 [Test worker] DEBUG org.evosuite.runtime.classhandling.ClassResetter - __STATIC_RESET() method does not exists in class net.sf.cglib.core.KeyFactory$1
09:43:49.383 [Test worker] DEBUG org.evosuite.runtime.classhandling.ClassResetter - __STATIC_RESET() method does not exists in class net.sf.cglib.core.KeyFactory$2
09:43:49.383 [Test worker] DEBUG org.evosuite.runtime.classhandling.ClassResetter - __STATIC_RESET() method does not exists in class net.sf.cglib.core.KeyFactory
09:43:49.383 [Test worker] DEBUG org.evosuite.runtime.classhandling.ClassResetter - __STATIC_RESET() method does not exists in class net.sf.cglib.core.KeyFactory$Generator
09:43:49.383 [Test worker] DEBUG org.evosuite.runtime.classhandling.ClassResetter - __STATIC_RESET() method does not exists in class net.sf.cglib.core.DefaultGeneratorStrategy
09:43:49.383 [Test worker] DEBUG org.evosuite.runtime.classhandling.ClassResetter - __STATIC_RESET() method does not exists in class net.sf.cglib.core.DefaultNamingPolicy
09:43:49.384 [Test worker] DEBUG org.evosuite.runtime.classhandling.ClassResetter - __STATIC_RESET() method does not exists in class net.sf.cglib.core.AbstractClassGenerator$1
09:43:49.384 [Test worker] DEBUG org.evosuite.runtime.classhandling.ClassResetter - __STATIC_RESET() method does not exists in class net.sf.cglib.asm.ClassWriter
09:43:49.384 [Test worker] DEBUG org.evosuite.runtime.classhandling.ClassResetter - __STATIC_RESET() method does not exists in class net.sf.cglib.core.DebuggingClassWriter
09:43:49.384 [Test worker] DEBUG org.evosuite.runtime.classhandling.ClassResetter - __STATIC_RESET() method does not exists in class net.sf.cglib.asm.ByteVector
09:43:49.384 [Test worker] DEBUG org.evosuite.runtime.classhandling.ClassResetter - __STATIC_RESET() method does not exists in class net.sf.cglib.asm.Item
09:43:49.384 [Test worker] DEBUG org.evosuite.runtime.classhandling.ClassResetter - __STATIC_RESET() method does not exists in class net.sf.cglib.asm.ClassAdapter
09:43:49.384 [Test worker] DEBUG org.evosuite.runtime.classhandling.ClassResetter - __STATIC_RESET() method does not exists in class net.sf.cglib.core.ClassEmitter
09:43:49.384 [Test worker] DEBUG org.evosuite.runtime.classhandling.ClassResetter - __STATIC_RESET() method does not exists in class net.sf.cglib.core.ReflectUtils$1
09:43:49.384 [Test worker] DEBUG org.evosuite.runtime.classhandling.ClassResetter - __STATIC_RESET() method does not exists in class net.sf.cglib.core.ReflectUtils$2
09:43:49.384 [Test worker] DEBUG org.evosuite.runtime.classhandling.ClassResetter - __STATIC_RESET() method does not exists in class net.sf.cglib.core.ReflectUtils
09:43:49.384 [Test worker] DEBUG org.evosuite.runtime.classhandling.ClassResetter - __STATIC_RESET() method does not exists in class net.sf.cglib.core.ClassInfo
09:43:49.384 [Test worker] DEBUG org.evosuite.runtime.classhandling.ClassResetter - __STATIC_RESET() method does not exists in class net.sf.cglib.core.ClassEmitter$1
09:43:49.385 [Test worker] DEBUG org.evosuite.runtime.classhandling.ClassResetter - __STATIC_RESET() method does not exists in class net.sf.cglib.core.EmitUtils$ArrayDelimiters
09:43:49.385 [Test worker] DEBUG org.evosuite.runtime.classhandling.ClassResetter - __STATIC_RESET() method does not exists in class net.sf.cglib.core.EmitUtils
09:43:49.385 [Test worker] DEBUG org.evosuite.runtime.classhandling.ClassResetter - __STATIC_RESET() method does not exists in class net.sf.cglib.asm.CodeWriter
09:43:49.385 [Test worker] DEBUG org.evosuite.runtime.classhandling.ClassResetter - __STATIC_RESET() method does not exists in class net.sf.cglib.asm.Label
09:43:49.385 [Test worker] DEBUG org.evosuite.runtime.classhandling.ClassResetter - __STATIC_RESET() method does not exists in class net.sf.cglib.asm.CodeAdapter
09:43:49.385 [Test worker] DEBUG org.evosuite.runtime.classhandling.ClassResetter - __STATIC_RESET() method does not exists in class net.sf.cglib.core.RemappingCodeVisitor
09:43:49.385 [Test worker] DEBUG org.evosuite.runtime.classhandling.ClassResetter - __STATIC_RESET() method does not exists in class net.sf.cglib.core.CodeEmitter
09:43:49.386 [Test worker] DEBUG org.evosuite.runtime.classhandling.ClassResetter - __STATIC_RESET() method does not exists in class net.sf.cglib.core.RemappingCodeVisitor$IntRef
09:43:49.387 [Test worker] DEBUG org.evosuite.runtime.classhandling.ClassResetter - __STATIC_RESET() method does not exists in class net.sf.cglib.core.RemappingCodeVisitor$State
09:43:49.387 [Test worker] DEBUG org.evosuite.runtime.classhandling.ClassResetter - __STATIC_RESET() method does not exists in class net.sf.cglib.core.MethodInfo
09:43:49.387 [Test worker] DEBUG org.evosuite.runtime.classhandling.ClassResetter - __STATIC_RESET() method does not exists in class net.sf.cglib.core.CodeEmitter$State
09:43:49.387 [Test worker] DEBUG org.evosuite.runtime.classhandling.ClassResetter - __STATIC_RESET() method does not exists in class net.sf.cglib.core.ClassEmitter$FieldInfo
09:43:49.387 [Test worker] DEBUG org.evosuite.runtime.classhandling.ClassResetter - __STATIC_RESET() method does not exists in class net.sf.cglib.asm.Edge
09:43:49.387 [Test worker] DEBUG org.evosuite.runtime.classhandling.ClassResetter - __STATIC_RESET() method does not exists in class net.sf.cglib.core.EmitUtils$7
09:43:49.387 [Test worker] DEBUG org.evosuite.runtime.classhandling.ClassResetter - __STATIC_RESET() method does not exists in class net.sf.cglib.core.Local
09:43:49.387 [Test worker] DEBUG org.evosuite.runtime.classhandling.ClassResetter - __STATIC_RESET() method does not exists in class net.sf.cglib.core.EmitUtils$8
09:43:49.387 [Test worker] DEBUG org.evosuite.runtime.classhandling.ClassResetter - __STATIC_RESET() method does not exists in class net.sf.cglib.core.EmitUtils$9
09:43:49.390 [Test worker] DEBUG org.evosuite.runtime.classhandling.ClassResetter - __STATIC_RESET() method does not exists in class net.sf.cglib.core.DebuggingClassWriter$1
09:43:49.391 [Test worker] DEBUG org.evosuite.runtime.classhandling.ClassResetter - __STATIC_RESET() method does not exists in class net.sf.cglib.asm.ClassReader
09:43:49.391 [Test worker] DEBUG org.evosuite.runtime.classhandling.ClassResetter - __STATIC_RESET() method does not exists in class net.sf.cglib.core.ClassNameReader$EarlyExitException
09:43:49.391 [Test worker] DEBUG org.evosuite.runtime.classhandling.ClassResetter - __STATIC_RESET() method does not exists in class net.sf.cglib.core.ClassNameReader
09:43:49.391 [Test worker] DEBUG org.evosuite.runtime.classhandling.ClassResetter - __STATIC_RESET() method does not exists in class net.sf.cglib.core.ClassNameReader$1
09:43:49.391 [Test worker] DEBUG org.evosuite.runtime.classhandling.ClassResetter - __STATIC_RESET() method does not exists in class net.sf.cglib.proxy.Enhancer
09:43:49.392 [Test worker] DEBUG org.evosuite.runtime.classhandling.ClassResetter - __STATIC_RESET() method does not exists in class com.thoughtworks.xstream.converters.reflection.SelfStreamingInstanceChecker
09:43:49.393 [Test worker] DEBUG org.evosuite.runtime.classhandling.ClassResetter - __STATIC_RESET() method does not exists in class com.thoughtworks.xstream.core.ReferenceByXPathMarshallingStrategy
09:43:49.393 [Test worker] DEBUG org.evosuite.runtime.classhandling.ClassResetter - __STATIC_RESET() method does not exists in class org.xmlpull.mxp1.MXParser
09:43:49.393 [Test worker] DEBUG org.evosuite.runtime.classhandling.ClassResetter - __STATIC_RESET() method does not exists in class com.thoughtworks.xstream.io.xml.AbstractXmlReader
09:43:49.393 [Test worker] DEBUG org.evosuite.runtime.classhandling.ClassResetter - __STATIC_RESET() method does not exists in class com.thoughtworks.xstream.io.xml.AbstractPullReader
09:43:49.393 [Test worker] DEBUG org.evosuite.runtime.classhandling.ClassResetter - __STATIC_RESET() method does not exists in class com.thoughtworks.xstream.io.xml.XppReader
09:43:49.393 [Test worker] DEBUG org.evosuite.runtime.classhandling.ClassResetter - __STATIC_RESET() method does not exists in class com.thoughtworks.xstream.core.util.FastStack
09:43:49.394 [Test worker] DEBUG org.evosuite.runtime.classhandling.ClassResetter - __STATIC_RESET() method does not exists in class com.thoughtworks.xstream.io.xml.AbstractPullReader$Event
09:43:49.394 [Test worker] DEBUG org.evosuite.runtime.classhandling.ClassResetter - __STATIC_RESET() method does not exists in class org.xmlpull.v1.XmlPullParserException
09:43:49.395 [Test worker] DEBUG org.evosuite.runtime.classhandling.ClassResetter - __STATIC_RESET() method does not exists in class com.thoughtworks.xstream.core.BaseException
09:43:49.395 [Test worker] DEBUG org.evosuite.runtime.classhandling.ClassResetter - __STATIC_RESET() method does not exists in class com.thoughtworks.xstream.io.StreamException
09:43:49.397 [Test worker] DEBUG org.evosuite.runtime.classhandling.ClassResetter - __STATIC_RESET() method does not exists in class com.thoughtworks.xstream.core.TreeUnmarshaller
09:43:49.398 [Test worker] DEBUG org.evosuite.runtime.classhandling.ClassResetter - __STATIC_RESET() method does not exists in class com.thoughtworks.xstream.core.AbstractReferenceUnmarshaller
09:43:49.401 [Test worker] DEBUG org.evosuite.runtime.classhandling.ClassResetter - __STATIC_RESET() method does not exists in class com.thoughtworks.xstream.core.ReferenceByXPathUnmarshaller
09:43:49.404 [Test worker] DEBUG org.evosuite.runtime.classhandling.ClassResetter - __STATIC_RESET() method does not exists in class com.thoughtworks.xstream.io.path.PathTracker
09:43:49.405 [Test worker] DEBUG org.evosuite.runtime.classhandling.ClassResetter - __STATIC_RESET() method does not exists in class com.thoughtworks.xstream.io.ReaderWrapper
09:43:49.406 [Test worker] DEBUG org.evosuite.runtime.classhandling.ClassResetter - __STATIC_RESET() method does not exists in class com.thoughtworks.xstream.io.path.PathTrackingReader
09:43:49.406 [Test worker] DEBUG org.evosuite.runtime.classhandling.ClassResetter - __STATIC_RESET() method does not exists in class com.thoughtworks.xstream.alias.CannotResolveClassException
09:43:49.406 [Test worker] DEBUG org.evosuite.runtime.classhandling.ClassResetter - __STATIC_RESET() method does not exists in class com.thoughtworks.xstream.mapper.CannotResolveClassException
09:43:49.507 [Test worker] INFO org.evosuite.runtime.thread.ThreadStopper - Found new thread
09:43:49.513 [Test worker] DEBUG org.evosuite.runtime.classhandling.ClassResetter - __STATIC_RESET() method does not exists in class jaw.entrada.Abrir
09:43:49.513 [Test worker] DEBUG org.evosuite.runtime.classhandling.ClassResetter - __STATIC_RESET() method does not exists in class jaw.entrada.Abrir$Filtro2
09:43:49.514 [Test worker] DEBUG org.evosuite.runtime.classhandling.ClassResetter - __STATIC_RESET() method does not exists in class jaw.entrada.Abrir$Filtro
09:43:49.514 [Test worker] DEBUG org.evosuite.runtime.classhandling.ClassResetter - __STATIC_RESET() method does not exists in class jaw.Main
09:43:49.514 [Test worker] DEBUG org.evosuite.runtime.classhandling.ClassResetter - __STATIC_RESET() method does not exists in class jaw.gui.ProcessarEntidades
09:43:49.514 [Test worker] DEBUG org.evosuite.runtime.classhandling.ClassResetter - __STATIC_RESET() method does not exists in class jaw.gui.ProcessarEntidadesTree
09:43:49.514 [Test worker] DEBUG org.evosuite.runtime.classhandling.ClassResetter - __STATIC_RESET() method does not exists in class jaw.gui.JanelaPrincipal
09:43:49.516 [Test worker] DEBUG org.evosuite.runtime.classhandling.ClassResetter - __STATIC_RESET() method does not exists in class jaw.gui.ProcessarEntidadesTabela
09:43:49.516 [Test worker] DEBUG org.evosuite.runtime.classhandling.ClassResetter - __STATIC_RESET() method does not exists in class jaw.metamodelo.Atributo
09:43:49.516 [Test worker] DEBUG org.evosuite.runtime.classhandling.ClassResetter - __STATIC_RESET() method does not exists in class jaw.metamodelo.Entidade
09:43:49.517 [Test worker] DEBUG org.evosuite.runtime.classhandling.ClassResetter - __STATIC_RESET() method does not exists in class jaw.util.Conversor
09:43:49.519 [Test worker] DEBUG org.evosuite.runtime.classhandling.ClassResetter - __STATIC_RESET() method does not exists in class jaw.entrada.Serializacao
09:43:49.519 [Test worker] DEBUG org.evosuite.runtime.classhandling.ClassResetter - __STATIC_RESET() method does not exists in class jaw.entrada.SerializacaoXML
09:43:49.520 [Test worker] DEBUG org.evosuite.runtime.classhandling.ClassResetter - __STATIC_RESET() method does not exists in class com.thoughtworks.xstream.XStream
09:43:49.520 [Test worker] DEBUG org.evosuite.runtime.classhandling.ClassResetter - __STATIC_RESET() method does not exists in class com.thoughtworks.xstream.io.xml.AbstractXmlDriver
09:43:49.520 [Test worker] DEBUG org.evosuite.runtime.classhandling.ClassResetter - __STATIC_RESET() method does not exists in class com.thoughtworks.xstream.io.xml.XppDriver
09:43:49.520 [Test worker] DEBUG org.evosuite.runtime.classhandling.ClassResetter - __STATIC_RESET() method does not exists in class com.thoughtworks.xstream.io.xml.XmlFriendlyReplacer
09:43:49.520 [Test worker] DEBUG org.evosuite.runtime.classhandling.ClassResetter - __STATIC_RESET() method does not exists in class com.thoughtworks.xstream.core.JVM
09:43:49.520 [Test worker] DEBUG org.evosuite.runtime.classhandling.ClassResetter - __STATIC_RESET() method does not exists in class com.thoughtworks.xstream.converters.reflection.PureJavaReflectionProvider
09:43:49.521 [Test worker] DEBUG org.evosuite.runtime.classhandling.ClassResetter - __STATIC_RESET() method does not exists in class com.thoughtworks.xstream.converters.reflection.FieldDictionary
09:43:49.521 [Test worker] DEBUG org.evosuite.runtime.classhandling.ClassResetter - __STATIC_RESET() method does not exists in class com.thoughtworks.xstream.converters.reflection.ImmutableFieldKeySorter
09:43:49.522 [Test worker] DEBUG org.evosuite.runtime.classhandling.ClassResetter - __STATIC_RESET() method does not exists in class com.thoughtworks.xstream.core.util.ClassLoaderReference
09:43:49.522 [Test worker] DEBUG org.evosuite.runtime.classhandling.ClassResetter - __STATIC_RESET() method does not exists in class com.thoughtworks.xstream.core.util.CompositeClassLoader
09:43:49.522 [Test worker] DEBUG org.evosuite.runtime.classhandling.ClassResetter - __STATIC_RESET() method does not exists in class com.thoughtworks.xstream.mapper.DefaultMapper
09:43:49.522 [Test worker] DEBUG org.evosuite.runtime.classhandling.ClassResetter - __STATIC_RESET() method does not exists in class com.thoughtworks.xstream.mapper.MapperWrapper
09:43:49.522 [Test worker] DEBUG org.evosuite.runtime.classhandling.ClassResetter - __STATIC_RESET() method does not exists in class com.thoughtworks.xstream.mapper.ClassAliasingMapper
09:43:49.522 [Test worker] DEBUG org.evosuite.runtime.classhandling.ClassResetter - __STATIC_RESET() method does not exists in class com.thoughtworks.xstream.mapper.FieldAliasingMapper
09:43:49.522 [Test worker] DEBUG org.evosuite.runtime.classhandling.ClassResetter - __STATIC_RESET() method does not exists in class com.thoughtworks.xstream.mapper.AttributeAliasingMapper
09:43:49.522 [Test worker] DEBUG org.evosuite.runtime.classhandling.ClassResetter - __STATIC_RESET() method does not exists in class com.thoughtworks.xstream.mapper.AttributeMapper
09:43:49.523 [Test worker] DEBUG org.evosuite.runtime.classhandling.ClassResetter - __STATIC_RESET() method does not exists in class com.thoughtworks.xstream.mapper.ImplicitCollectionMapper
09:43:49.523 [Test worker] DEBUG org.evosuite.runtime.classhandling.ClassResetter - __STATIC_RESET() method does not exists in class com.thoughtworks.xstream.mapper.CGLIBMapper
09:43:49.524 [Test worker] DEBUG org.evosuite.runtime.classhandling.ClassResetter - __STATIC_RESET() method does not exists in class com.thoughtworks.xstream.mapper.DynamicProxyMapper
09:43:49.524 [Test worker] DEBUG org.evosuite.runtime.classhandling.ClassResetter - __STATIC_RESET() method does not exists in class com.thoughtworks.xstream.mapper.EnumMapper
09:43:49.524 [Test worker] DEBUG org.evosuite.runtime.classhandling.ClassResetter - __STATIC_RESET() method does not exists in class com.thoughtworks.xstream.mapper.OuterClassMapper
09:43:49.524 [Test worker] DEBUG org.evosuite.runtime.classhandling.ClassResetter - __STATIC_RESET() method does not exists in class com.thoughtworks.xstream.mapper.ArrayMapper
09:43:49.524 [Test worker] DEBUG org.evosuite.runtime.classhandling.ClassResetter - __STATIC_RESET() method does not exists in class com.thoughtworks.xstream.mapper.DefaultImplementationsMapper
09:43:49.524 [Test worker] DEBUG org.evosuite.runtime.classhandling.ClassResetter - __STATIC_RESET() method does not exists in class com.thoughtworks.xstream.mapper.Mapper$Null
09:43:49.524 [Test worker] DEBUG org.evosuite.runtime.classhandling.ClassResetter - __STATIC_RESET() method does not exists in class com.thoughtworks.xstream.mapper.ImmutableTypesMapper
09:43:49.524 [Test worker] DEBUG org.evosuite.runtime.classhandling.ClassResetter - __STATIC_RESET() method does not exists in class com.thoughtworks.xstream.mapper.CachingMapper
09:43:49.524 [Test worker] DEBUG org.evosuite.runtime.classhandling.ClassResetter - __STATIC_RESET() method does not exists in class com.thoughtworks.xstream.core.DefaultConverterLookup
09:43:49.524 [Test worker] DEBUG org.evosuite.runtime.classhandling.ClassResetter - __STATIC_RESET() method does not exists in class com.thoughtworks.xstream.core.util.PrioritizedList
09:43:49.524 [Test worker] DEBUG org.evosuite.runtime.classhandling.ClassResetter - __STATIC_RESET() method does not exists in class com.thoughtworks.xstream.annotations.AnnotationProvider
09:43:49.525 [Test worker] DEBUG org.evosuite.runtime.classhandling.ClassResetter - __STATIC_RESET() method does not exists in class com.thoughtworks.xstream.converters.reflection.AbstractReflectionConverter
09:43:49.525 [Test worker] DEBUG org.evosuite.runtime.classhandling.ClassResetter - __STATIC_RESET() method does not exists in class com.thoughtworks.xstream.converters.reflection.ReflectionConverter
09:43:49.525 [Test worker] DEBUG org.evosuite.runtime.classhandling.ClassResetter - __STATIC_RESET() method does not exists in class com.thoughtworks.xstream.annotations.AnnotationReflectionConverter
09:43:49.525 [Test worker] DEBUG org.evosuite.runtime.classhandling.ClassResetter - __STATIC_RESET() method does not exists in class com.thoughtworks.xstream.converters.reflection.SerializationMethodInvoker
09:43:49.525 [Test worker] DEBUG org.evosuite.runtime.classhandling.ClassResetter - __STATIC_RESET() method does not exists in class com.thoughtworks.xstream.core.util.PrioritizedList$PrioritizedItem
09:43:49.525 [Test worker] DEBUG org.evosuite.runtime.classhandling.ClassResetter - __STATIC_RESET() method does not exists in class com.thoughtworks.xstream.core.util.PrioritizedList$PrioritizedItemIterator
09:43:49.525 [Test worker] DEBUG org.evosuite.runtime.classhandling.ClassResetter - __STATIC_RESET() method does not exists in class com.thoughtworks.xstream.converters.reflection.SerializableConverter
09:43:49.525 [Test worker] DEBUG org.evosuite.runtime.classhandling.ClassResetter - __STATIC_RESET() method does not exists in class com.thoughtworks.xstream.converters.reflection.ReflectionProviderWrapper
09:43:49.525 [Test worker] DEBUG org.evosuite.runtime.classhandling.ClassResetter - __STATIC_RESET() method does not exists in class com.thoughtworks.xstream.converters.reflection.SerializableConverter$UnserializableParentsReflectionProvider
09:43:49.525 [Test worker] DEBUG org.evosuite.runtime.classhandling.ClassResetter - __STATIC_RESET() method does not exists in class com.thoughtworks.xstream.converters.reflection.ExternalizableConverter
09:43:49.525 [Test worker] DEBUG org.evosuite.runtime.classhandling.ClassResetter - __STATIC_RESET() method does not exists in class com.thoughtworks.xstream.converters.basic.NullConverter
09:43:49.526 [Test worker] DEBUG org.evosuite.runtime.classhandling.ClassResetter - __STATIC_RESET() method does not exists in class com.thoughtworks.xstream.converters.basic.AbstractSingleValueConverter
09:43:49.526 [Test worker] DEBUG org.evosuite.runtime.classhandling.ClassResetter - __STATIC_RESET() method does not exists in class com.thoughtworks.xstream.converters.basic.IntConverter
09:43:49.526 [Test worker] DEBUG org.evosuite.runtime.classhandling.ClassResetter - __STATIC_RESET() method does not exists in class com.thoughtworks.xstream.converters.SingleValueConverterWrapper
09:43:49.526 [Test worker] DEBUG org.evosuite.runtime.classhandling.ClassResetter - __STATIC_RESET() method does not exists in class com.thoughtworks.xstream.converters.basic.FloatConverter
09:43:49.526 [Test worker] DEBUG org.evosuite.runtime.classhandling.ClassResetter - __STATIC_RESET() method does not exists in class com.thoughtworks.xstream.converters.basic.DoubleConverter
09:43:49.526 [Test worker] DEBUG org.evosuite.runtime.classhandling.ClassResetter - __STATIC_RESET() method does not exists in class com.thoughtworks.xstream.converters.basic.LongConverter
09:43:49.526 [Test worker] DEBUG org.evosuite.runtime.classhandling.ClassResetter - __STATIC_RESET() method does not exists in class com.thoughtworks.xstream.converters.basic.ShortConverter
09:43:49.526 [Test worker] DEBUG org.evosuite.runtime.classhandling.ClassResetter - __STATIC_RESET() method does not exists in class com.thoughtworks.xstream.converters.basic.CharConverter
09:43:49.527 [Test worker] DEBUG org.evosuite.runtime.classhandling.ClassResetter - __STATIC_RESET() method does not exists in class com.thoughtworks.xstream.converters.basic.BooleanConverter
09:43:49.527 [Test worker] DEBUG org.evosuite.runtime.classhandling.ClassResetter - __STATIC_RESET() method does not exists in class com.thoughtworks.xstream.converters.basic.ByteConverter
09:43:49.534 [Test worker] DEBUG org.evosuite.runtime.classhandling.ClassResetter - __STATIC_RESET() method does not exists in class com.thoughtworks.xstream.converters.basic.StringConverter
09:43:49.535 [Test worker] DEBUG org.evosuite.runtime.classhandling.ClassResetter - __STATIC_RESET() method does not exists in class com.thoughtworks.xstream.converters.basic.StringBufferConverter
09:43:49.535 [Test worker] DEBUG org.evosuite.runtime.classhandling.ClassResetter - __STATIC_RESET() method does not exists in class com.thoughtworks.xstream.converters.basic.DateConverter
09:43:49.535 [Test worker] DEBUG org.evosuite.runtime.classhandling.ClassResetter - __STATIC_RESET() method does not exists in class com.thoughtworks.xstream.core.util.ThreadSafeSimpleDateFormat
09:43:49.535 [Test worker] DEBUG org.evosuite.runtime.classhandling.ClassResetter - __STATIC_RESET() method does not exists in class com.thoughtworks.xstream.core.util.Pool
09:43:49.535 [Test worker] DEBUG org.evosuite.runtime.classhandling.ClassResetter - __STATIC_RESET() method does not exists in class com.thoughtworks.xstream.core.util.ThreadSafeSimpleDateFormat$1
09:43:49.535 [Test worker] DEBUG org.evosuite.runtime.classhandling.ClassResetter - __STATIC_RESET() method does not exists in class com.thoughtworks.xstream.converters.collections.BitSetConverter
09:43:49.535 [Test worker] DEBUG org.evosuite.runtime.classhandling.ClassResetter - __STATIC_RESET() method does not exists in class com.thoughtworks.xstream.converters.basic.URLConverter
09:43:49.536 [Test worker] DEBUG org.evosuite.runtime.classhandling.ClassResetter - __STATIC_RESET() method does not exists in class com.thoughtworks.xstream.converters.basic.BigIntegerConverter
09:43:49.536 [Test worker] DEBUG org.evosuite.runtime.classhandling.ClassResetter - __STATIC_RESET() method does not exists in class com.thoughtworks.xstream.converters.basic.BigDecimalConverter
09:43:49.536 [Test worker] DEBUG org.evosuite.runtime.classhandling.ClassResetter - __STATIC_RESET() method does not exists in class com.thoughtworks.xstream.converters.collections.AbstractCollectionConverter
09:43:49.536 [Test worker] DEBUG org.evosuite.runtime.classhandling.ClassResetter - __STATIC_RESET() method does not exists in class com.thoughtworks.xstream.converters.collections.ArrayConverter
09:43:49.536 [Test worker] DEBUG org.evosuite.runtime.classhandling.ClassResetter - __STATIC_RESET() method does not exists in class com.thoughtworks.xstream.converters.collections.CharArrayConverter
09:43:49.536 [Test worker] DEBUG org.evosuite.runtime.classhandling.ClassResetter - __STATIC_RESET() method does not exists in class com.thoughtworks.xstream.converters.collections.CollectionConverter
09:43:49.536 [Test worker] DEBUG org.evosuite.runtime.classhandling.ClassResetter - __STATIC_RESET() method does not exists in class com.thoughtworks.xstream.converters.collections.MapConverter
09:43:49.537 [Test worker] DEBUG org.evosuite.runtime.classhandling.ClassResetter - __STATIC_RESET() method does not exists in class com.thoughtworks.xstream.converters.collections.TreeMapConverter
09:43:49.537 [Test worker] DEBUG org.evosuite.runtime.classhandling.ClassResetter - __STATIC_RESET() method does not exists in class com.thoughtworks.xstream.converters.collections.TreeSetConverter
09:43:49.537 [Test worker] DEBUG org.evosuite.runtime.classhandling.ClassResetter - __STATIC_RESET() method does not exists in class com.thoughtworks.xstream.core.util.Fields
09:43:49.537 [Test worker] DEBUG org.evosuite.runtime.classhandling.ClassResetter - __STATIC_RESET() method does not exists in class com.thoughtworks.xstream.converters.collections.PropertiesConverter
09:43:49.537 [Test worker] DEBUG org.evosuite.runtime.classhandling.ClassResetter - __STATIC_RESET() method does not exists in class com.thoughtworks.xstream.core.util.Base64Encoder
09:43:49.537 [Test worker] DEBUG org.evosuite.runtime.classhandling.ClassResetter - __STATIC_RESET() method does not exists in class com.thoughtworks.xstream.converters.extended.EncodedByteArrayConverter
09:43:49.537 [Test worker] DEBUG org.evosuite.runtime.classhandling.ClassResetter - __STATIC_RESET() method does not exists in class com.thoughtworks.xstream.converters.extended.FileConverter
09:43:49.538 [Test worker] DEBUG org.evosuite.runtime.classhandling.ClassResetter - __STATIC_RESET() method does not exists in class com.thoughtworks.xstream.converters.extended.SqlTimestampConverter
09:43:49.538 [Test worker] DEBUG org.evosuite.runtime.classhandling.ClassResetter - __STATIC_RESET() method does not exists in class com.thoughtworks.xstream.converters.extended.SqlTimeConverter
09:43:49.538 [Test worker] DEBUG org.evosuite.runtime.classhandling.ClassResetter - __STATIC_RESET() method does not exists in class com.thoughtworks.xstream.converters.extended.SqlDateConverter
09:43:49.538 [Test worker] DEBUG org.evosuite.runtime.classhandling.ClassResetter - __STATIC_RESET() method does not exists in class com.thoughtworks.xstream.converters.extended.DynamicProxyConverter
09:43:49.543 [Test worker] DEBUG org.evosuite.runtime.classhandling.ClassResetter - __STATIC_RESET() method does not exists in class com.thoughtworks.xstream.mapper.DynamicProxyMapper$DynamicProxy
09:43:49.543 [Test worker] DEBUG org.evosuite.runtime.classhandling.ClassResetter - __STATIC_RESET() method does not exists in class com.thoughtworks.xstream.converters.extended.JavaClassConverter
09:43:49.543 [Test worker] DEBUG org.evosuite.runtime.classhandling.ClassResetter - __STATIC_RESET() method does not exists in class com.thoughtworks.xstream.converters.extended.JavaMethodConverter
09:43:49.543 [Test worker] DEBUG org.evosuite.runtime.classhandling.ClassResetter - __STATIC_RESET() method does not exists in class com.thoughtworks.xstream.converters.extended.FontConverter
09:43:49.544 [Test worker] DEBUG org.evosuite.runtime.classhandling.ClassResetter - __STATIC_RESET() method does not exists in class com.thoughtworks.xstream.converters.extended.ColorConverter
09:43:49.544 [Test worker] DEBUG org.evosuite.runtime.classhandling.ClassResetter - __STATIC_RESET() method does not exists in class com.thoughtworks.xstream.converters.reflection.AbstractAttributedCharacterIteratorAttributeConverter
09:43:49.544 [Test worker] DEBUG org.evosuite.runtime.classhandling.ClassResetter - __STATIC_RESET() method does not exists in class com.thoughtworks.xstream.converters.extended.TextAttributeConverter
09:43:49.544 [Test worker] DEBUG org.evosuite.runtime.classhandling.ClassResetter - __STATIC_RESET() method does not exists in class com.thoughtworks.xstream.core.util.OrderRetainingMap
09:43:49.544 [Test worker] DEBUG org.evosuite.runtime.classhandling.ClassResetter - __STATIC_RESET() method does not exists in class com.thoughtworks.xstream.core.util.OrderRetainingMap$ArraySet
09:43:49.544 [Test worker] DEBUG org.evosuite.runtime.classhandling.ClassResetter - __STATIC_RESET() method does not exists in class com.thoughtworks.xstream.converters.reflection.FieldKey
09:43:49.544 [Test worker] DEBUG org.evosuite.runtime.classhandling.ClassResetter - __STATIC_RESET() method does not exists in class com.thoughtworks.xstream.converters.extended.LocaleConverter
09:43:49.544 [Test worker] DEBUG org.evosuite.runtime.classhandling.ClassResetter - __STATIC_RESET() method does not exists in class com.thoughtworks.xstream.converters.extended.GregorianCalendarConverter
09:43:49.544 [Test worker] DEBUG org.evosuite.runtime.classhandling.ClassResetter - __STATIC_RESET() method does not exists in class com.thoughtworks.xstream.converters.extended.SubjectConverter
09:43:49.545 [Test worker] DEBUG org.evosuite.runtime.classhandling.ClassResetter - __STATIC_RESET() method does not exists in class com.thoughtworks.xstream.converters.extended.ThrowableConverter
09:43:49.545 [Test worker] DEBUG org.evosuite.runtime.classhandling.ClassResetter - __STATIC_RESET() method does not exists in class com.thoughtworks.xstream.converters.extended.StackTraceElementFactory
09:43:49.545 [Test worker] DEBUG org.evosuite.runtime.classhandling.ClassResetter - __STATIC_RESET() method does not exists in class com.thoughtworks.xstream.converters.extended.StackTraceElementConverter
09:43:49.545 [Test worker] DEBUG org.evosuite.runtime.classhandling.ClassResetter - __STATIC_RESET() method does not exists in class com.thoughtworks.xstream.converters.extended.CurrencyConverter
09:43:49.545 [Test worker] DEBUG org.evosuite.runtime.classhandling.ClassResetter - __STATIC_RESET() method does not exists in class com.thoughtworks.xstream.converters.extended.RegexPatternConverter
09:43:49.545 [Test worker] DEBUG org.evosuite.runtime.classhandling.ClassResetter - __STATIC_RESET() method does not exists in class com.thoughtworks.xstream.converters.extended.CharsetConverter
09:43:49.545 [Test worker] DEBUG org.evosuite.runtime.classhandling.ClassResetter - __STATIC_RESET() method does not exists in class com.thoughtworks.xstream.converters.enums.EnumConverter
09:43:49.545 [Test worker] DEBUG org.evosuite.runtime.classhandling.ClassResetter - __STATIC_RESET() method does not exists in class com.thoughtworks.xstream.converters.enums.EnumSetConverter
09:43:49.545 [Test worker] DEBUG org.evosuite.runtime.classhandling.ClassResetter - __STATIC_RESET() method does not exists in class com.thoughtworks.xstream.converters.enums.EnumMapConverter
09:43:49.545 [Test worker] DEBUG org.evosuite.runtime.classhandling.ClassResetter - __STATIC_RESET() method does not exists in class com.thoughtworks.xstream.converters.reflection.CGLIBEnhancedConverter
09:43:49.546 [Test worker] DEBUG org.evosuite.runtime.classhandling.ClassResetter - __STATIC_RESET() method does not exists in class com.thoughtworks.xstream.converters.reflection.CGLIBEnhancedConverter$CGLIBFilteringReflectionProvider
09:43:49.546 [Test worker] DEBUG org.evosuite.runtime.classhandling.ClassResetter - __STATIC_RESET() method does not exists in class net.sf.cglib.core.AbstractClassGenerator
09:43:49.546 [Test worker] DEBUG org.evosuite.runtime.classhandling.ClassResetter - __STATIC_RESET() method does not exists in class net.sf.cglib.proxy.Enhancer$1
09:43:49.546 [Test worker] DEBUG org.evosuite.runtime.classhandling.ClassResetter - __STATIC_RESET() method does not exists in class net.sf.cglib.core.AbstractClassGenerator$Source
09:43:49.546 [Test worker] DEBUG org.evosuite.runtime.classhandling.ClassResetter - __STATIC_RESET() method does not exists in class net.sf.cglib.core.CollectionUtils
09:43:49.546 [Test worker] DEBUG org.evosuite.runtime.classhandling.ClassResetter - __STATIC_RESET() method does not exists in class net.sf.cglib.core.TypeUtils
09:43:49.546 [Test worker] DEBUG org.evosuite.runtime.classhandling.ClassResetter - __STATIC_RESET() method does not exists in class net.sf.cglib.core.Signature
09:43:49.546 [Test worker] DEBUG org.evosuite.runtime.classhandling.ClassResetter - __STATIC_RESET() method does not exists in class net.sf.cglib.asm.Type
09:43:49.546 [Test worker] DEBUG org.evosuite.runtime.classhandling.ClassResetter - __STATIC_RESET() method does not exists in class net.sf.cglib.core.KeyFactory$1
09:43:49.546 [Test worker] DEBUG org.evosuite.runtime.classhandling.ClassResetter - __STATIC_RESET() method does not exists in class net.sf.cglib.core.KeyFactory$2
09:43:49.547 [Test worker] DEBUG org.evosuite.runtime.classhandling.ClassResetter - __STATIC_RESET() method does not exists in class net.sf.cglib.core.KeyFactory
09:43:49.547 [Test worker] DEBUG org.evosuite.runtime.classhandling.ClassResetter - __STATIC_RESET() method does not exists in class net.sf.cglib.core.KeyFactory$Generator
09:43:49.547 [Test worker] DEBUG org.evosuite.runtime.classhandling.ClassResetter - __STATIC_RESET() method does not exists in class net.sf.cglib.core.DefaultGeneratorStrategy
09:43:49.547 [Test worker] DEBUG org.evosuite.runtime.classhandling.ClassResetter - __STATIC_RESET() method does not exists in class net.sf.cglib.core.DefaultNamingPolicy
09:43:49.547 [Test worker] DEBUG org.evosuite.runtime.classhandling.ClassResetter - __STATIC_RESET() method does not exists in class net.sf.cglib.core.AbstractClassGenerator$1
09:43:49.547 [Test worker] DEBUG org.evosuite.runtime.classhandling.ClassResetter - __STATIC_RESET() method does not exists in class net.sf.cglib.asm.ClassWriter
09:43:49.547 [Test worker] DEBUG org.evosuite.runtime.classhandling.ClassResetter - __STATIC_RESET() method does not exists in class net.sf.cglib.core.DebuggingClassWriter
09:43:49.547 [Test worker] DEBUG org.evosuite.runtime.classhandling.ClassResetter - __STATIC_RESET() method does not exists in class net.sf.cglib.asm.ByteVector
09:43:49.547 [Test worker] DEBUG org.evosuite.runtime.classhandling.ClassResetter - __STATIC_RESET() method does not exists in class net.sf.cglib.asm.Item
09:43:49.547 [Test worker] DEBUG org.evosuite.runtime.classhandling.ClassResetter - __STATIC_RESET() method does not exists in class net.sf.cglib.asm.ClassAdapter
09:43:49.548 [Test worker] DEBUG org.evosuite.runtime.classhandling.ClassResetter - __STATIC_RESET() method does not exists in class net.sf.cglib.core.ClassEmitter
09:43:49.548 [Test worker] DEBUG org.evosuite.runtime.classhandling.ClassResetter - __STATIC_RESET() method does not exists in class net.sf.cglib.core.ReflectUtils$1
09:43:49.548 [Test worker] DEBUG org.evosuite.runtime.classhandling.ClassResetter - __STATIC_RESET() method does not exists in class net.sf.cglib.core.ReflectUtils$2
09:43:49.548 [Test worker] DEBUG org.evosuite.runtime.classhandling.ClassResetter - __STATIC_RESET() method does not exists in class net.sf.cglib.core.ReflectUtils
09:43:49.548 [Test worker] DEBUG org.evosuite.runtime.classhandling.ClassResetter - __STATIC_RESET() method does not exists in class net.sf.cglib.core.ClassInfo
09:43:49.548 [Test worker] DEBUG org.evosuite.runtime.classhandling.ClassResetter - __STATIC_RESET() method does not exists in class net.sf.cglib.core.ClassEmitter$1
09:43:49.548 [Test worker] DEBUG org.evosuite.runtime.classhandling.ClassResetter - __STATIC_RESET() method does not exists in class net.sf.cglib.core.EmitUtils$ArrayDelimiters
09:43:49.548 [Test worker] DEBUG org.evosuite.runtime.classhandling.ClassResetter - __STATIC_RESET() method does not exists in class net.sf.cglib.core.EmitUtils
09:43:49.548 [Test worker] DEBUG org.evosuite.runtime.classhandling.ClassResetter - __STATIC_RESET() method does not exists in class net.sf.cglib.asm.CodeWriter
09:43:49.548 [Test worker] DEBUG org.evosuite.runtime.classhandling.ClassResetter - __STATIC_RESET() method does not exists in class net.sf.cglib.asm.Label
09:43:49.549 [Test worker] DEBUG org.evosuite.runtime.classhandling.ClassResetter - __STATIC_RESET() method does not exists in class net.sf.cglib.asm.CodeAdapter
09:43:49.549 [Test worker] DEBUG org.evosuite.runtime.classhandling.ClassResetter - __STATIC_RESET() method does not exists in class net.sf.cglib.core.RemappingCodeVisitor
09:43:49.549 [Test worker] DEBUG org.evosuite.runtime.classhandling.ClassResetter - __STATIC_RESET() method does not exists in class net.sf.cglib.core.CodeEmitter
09:43:49.549 [Test worker] DEBUG org.evosuite.runtime.classhandling.ClassResetter - __STATIC_RESET() method does not exists in class net.sf.cglib.core.RemappingCodeVisitor$IntRef
09:43:49.549 [Test worker] DEBUG org.evosuite.runtime.classhandling.ClassResetter - __STATIC_RESET() method does not exists in class net.sf.cglib.core.RemappingCodeVisitor$State
09:43:49.549 [Test worker] DEBUG org.evosuite.runtime.classhandling.ClassResetter - __STATIC_RESET() method does not exists in class net.sf.cglib.core.MethodInfo
09:43:49.549 [Test worker] DEBUG org.evosuite.runtime.classhandling.ClassResetter - __STATIC_RESET() method does not exists in class net.sf.cglib.core.CodeEmitter$State
09:43:49.549 [Test worker] DEBUG org.evosuite.runtime.classhandling.ClassResetter - __STATIC_RESET() method does not exists in class net.sf.cglib.core.ClassEmitter$FieldInfo
09:43:49.549 [Test worker] DEBUG org.evosuite.runtime.classhandling.ClassResetter - __STATIC_RESET() method does not exists in class net.sf.cglib.asm.Edge
09:43:49.549 [Test worker] DEBUG org.evosuite.runtime.classhandling.ClassResetter - __STATIC_RESET() method does not exists in class net.sf.cglib.core.EmitUtils$7
09:43:49.550 [Test worker] DEBUG org.evosuite.runtime.classhandling.ClassResetter - __STATIC_RESET() method does not exists in class net.sf.cglib.core.Local
09:43:49.550 [Test worker] DEBUG org.evosuite.runtime.classhandling.ClassResetter - __STATIC_RESET() method does not exists in class net.sf.cglib.core.EmitUtils$8
09:43:49.550 [Test worker] DEBUG org.evosuite.runtime.classhandling.ClassResetter - __STATIC_RESET() method does not exists in class net.sf.cglib.core.EmitUtils$9
09:43:49.550 [Test worker] DEBUG org.evosuite.runtime.classhandling.ClassResetter - __STATIC_RESET() method does not exists in class net.sf.cglib.core.DebuggingClassWriter$1
09:43:49.550 [Test worker] DEBUG org.evosuite.runtime.classhandling.ClassResetter - __STATIC_RESET() method does not exists in class net.sf.cglib.asm.ClassReader
09:43:49.550 [Test worker] DEBUG org.evosuite.runtime.classhandling.ClassResetter - __STATIC_RESET() method does not exists in class net.sf.cglib.core.ClassNameReader$EarlyExitException
09:43:49.550 [Test worker] DEBUG org.evosuite.runtime.classhandling.ClassResetter - __STATIC_RESET() method does not exists in class net.sf.cglib.core.ClassNameReader
09:43:49.550 [Test worker] DEBUG org.evosuite.runtime.classhandling.ClassResetter - __STATIC_RESET() method does not exists in class net.sf.cglib.core.ClassNameReader$1
09:43:49.550 [Test worker] DEBUG org.evosuite.runtime.classhandling.ClassResetter - __STATIC_RESET() method does not exists in class net.sf.cglib.proxy.Enhancer
09:43:49.550 [Test worker] DEBUG org.evosuite.runtime.classhandling.ClassResetter - __STATIC_RESET() method does not exists in class com.thoughtworks.xstream.converters.reflection.SelfStreamingInstanceChecker
09:43:49.550 [Test worker] DEBUG org.evosuite.runtime.classhandling.ClassResetter - __STATIC_RESET() method does not exists in class com.thoughtworks.xstream.core.ReferenceByXPathMarshallingStrategy
09:43:49.551 [Test worker] DEBUG org.evosuite.runtime.classhandling.ClassResetter - __STATIC_RESET() method does not exists in class org.xmlpull.mxp1.MXParser
09:43:49.551 [Test worker] DEBUG org.evosuite.runtime.classhandling.ClassResetter - __STATIC_RESET() method does not exists in class com.thoughtworks.xstream.io.xml.AbstractXmlReader
09:43:49.551 [Test worker] DEBUG org.evosuite.runtime.classhandling.ClassResetter - __STATIC_RESET() method does not exists in class com.thoughtworks.xstream.io.xml.AbstractPullReader
09:43:49.551 [Test worker] DEBUG org.evosuite.runtime.classhandling.ClassResetter - __STATIC_RESET() method does not exists in class com.thoughtworks.xstream.io.xml.XppReader
09:43:49.551 [Test worker] DEBUG org.evosuite.runtime.classhandling.ClassResetter - __STATIC_RESET() method does not exists in class com.thoughtworks.xstream.core.util.FastStack
09:43:49.551 [Test worker] DEBUG org.evosuite.runtime.classhandling.ClassResetter - __STATIC_RESET() method does not exists in class com.thoughtworks.xstream.io.xml.AbstractPullReader$Event
09:43:49.551 [Test worker] DEBUG org.evosuite.runtime.classhandling.ClassResetter - __STATIC_RESET() method does not exists in class org.xmlpull.v1.XmlPullParserException
09:43:49.551 [Test worker] DEBUG org.evosuite.runtime.classhandling.ClassResetter - __STATIC_RESET() method does not exists in class com.thoughtworks.xstream.core.BaseException
09:43:49.551 [Test worker] DEBUG org.evosuite.runtime.classhandling.ClassResetter - __STATIC_RESET() method does not exists in class com.thoughtworks.xstream.io.StreamException
09:43:49.551 [Test worker] DEBUG org.evosuite.runtime.classhandling.ClassResetter - __STATIC_RESET() method does not exists in class com.thoughtworks.xstream.core.TreeUnmarshaller
09:43:49.552 [Test worker] DEBUG org.evosuite.runtime.classhandling.ClassResetter - __STATIC_RESET() method does not exists in class com.thoughtworks.xstream.core.AbstractReferenceUnmarshaller
09:43:49.552 [Test worker] DEBUG org.evosuite.runtime.classhandling.ClassResetter - __STATIC_RESET() method does not exists in class com.thoughtworks.xstream.core.ReferenceByXPathUnmarshaller
09:43:49.552 [Test worker] DEBUG org.evosuite.runtime.classhandling.ClassResetter - __STATIC_RESET() method does not exists in class com.thoughtworks.xstream.io.path.PathTracker
09:43:49.552 [Test worker] DEBUG org.evosuite.runtime.classhandling.ClassResetter - __STATIC_RESET() method does not exists in class com.thoughtworks.xstream.io.ReaderWrapper
09:43:49.552 [Test worker] DEBUG org.evosuite.runtime.classhandling.ClassResetter - __STATIC_RESET() method does not exists in class com.thoughtworks.xstream.io.path.PathTrackingReader
09:43:49.552 [Test worker] DEBUG org.evosuite.runtime.classhandling.ClassResetter - __STATIC_RESET() method does not exists in class com.thoughtworks.xstream.alias.CannotResolveClassException
09:43:49.552 [Test worker] DEBUG org.evosuite.runtime.classhandling.ClassResetter - __STATIC_RESET() method does not exists in class com.thoughtworks.xstream.mapper.CannotResolveClassException
09:43:49.709 [Test worker] INFO org.evosuite.runtime.thread.ThreadStopper - Found new thread
09:43:49.710 [Test worker] INFO org.evosuite.runtime.thread.ThreadStopper - Found new thread
09:43:49.713 [Test worker] DEBUG org.evosuite.runtime.classhandling.ClassResetter - __STATIC_RESET() method does not exists in class jaw.entrada.Abrir
09:43:49.713 [Test worker] DEBUG org.evosuite.runtime.classhandling.ClassResetter - __STATIC_RESET() method does not exists in class jaw.entrada.Abrir$Filtro2
09:43:49.714 [Test worker] DEBUG org.evosuite.runtime.classhandling.ClassResetter - __STATIC_RESET() method does not exists in class jaw.entrada.Abrir$Filtro
09:43:49.714 [Test worker] DEBUG org.evosuite.runtime.classhandling.ClassResetter - __STATIC_RESET() method does not exists in class jaw.Main
09:43:49.714 [Test worker] DEBUG org.evosuite.runtime.classhandling.ClassResetter - __STATIC_RESET() method does not exists in class jaw.gui.ProcessarEntidades
09:43:49.714 [Test worker] DEBUG org.evosuite.runtime.classhandling.ClassResetter - __STATIC_RESET() method does not exists in class jaw.gui.ProcessarEntidadesTree
09:43:49.714 [Test worker] DEBUG org.evosuite.runtime.classhandling.ClassResetter - __STATIC_RESET() method does not exists in class jaw.gui.JanelaPrincipal
09:43:49.714 [Test worker] DEBUG org.evosuite.runtime.classhandling.ClassResetter - __STATIC_RESET() method does not exists in class jaw.gui.ProcessarEntidadesTabela
09:43:49.715 [Test worker] DEBUG org.evosuite.runtime.classhandling.ClassResetter - __STATIC_RESET() method does not exists in class jaw.metamodelo.Atributo
09:43:49.715 [Test worker] DEBUG org.evosuite.runtime.classhandling.ClassResetter - __STATIC_RESET() method does not exists in class jaw.metamodelo.Entidade
09:43:49.715 [Test worker] DEBUG org.evosuite.runtime.classhandling.ClassResetter - __STATIC_RESET() method does not exists in class jaw.util.Conversor
09:43:49.715 [Test worker] DEBUG org.evosuite.runtime.classhandling.ClassResetter - __STATIC_RESET() method does not exists in class jaw.entrada.Serializacao
09:43:49.715 [Test worker] DEBUG org.evosuite.runtime.classhandling.ClassResetter - __STATIC_RESET() method does not exists in class jaw.entrada.SerializacaoXML
09:43:49.715 [Test worker] DEBUG org.evosuite.runtime.classhandling.ClassResetter - __STATIC_RESET() method does not exists in class com.thoughtworks.xstream.XStream
09:43:49.717 [Test worker] DEBUG org.evosuite.runtime.classhandling.ClassResetter - __STATIC_RESET() method does not exists in class com.thoughtworks.xstream.io.xml.AbstractXmlDriver
09:43:49.717 [Test worker] DEBUG org.evosuite.runtime.classhandling.ClassResetter - __STATIC_RESET() method does not exists in class com.thoughtworks.xstream.io.xml.XppDriver
09:43:49.717 [Test worker] DEBUG org.evosuite.runtime.classhandling.ClassResetter - __STATIC_RESET() method does not exists in class com.thoughtworks.xstream.io.xml.XmlFriendlyReplacer
09:43:49.718 [Test worker] DEBUG org.evosuite.runtime.classhandling.ClassResetter - __STATIC_RESET() method does not exists in class com.thoughtworks.xstream.core.JVM
09:43:49.722 [Test worker] DEBUG org.evosuite.runtime.classhandling.ClassResetter - __STATIC_RESET() method does not exists in class com.thoughtworks.xstream.converters.reflection.PureJavaReflectionProvider
09:43:49.723 [Test worker] DEBUG org.evosuite.runtime.classhandling.ClassResetter - __STATIC_RESET() method does not exists in class com.thoughtworks.xstream.converters.reflection.FieldDictionary
09:43:49.723 [Test worker] DEBUG org.evosuite.runtime.classhandling.ClassResetter - __STATIC_RESET() method does not exists in class com.thoughtworks.xstream.converters.reflection.ImmutableFieldKeySorter
09:43:49.723 [Test worker] DEBUG org.evosuite.runtime.classhandling.ClassResetter - __STATIC_RESET() method does not exists in class com.thoughtworks.xstream.core.util.ClassLoaderReference
09:43:49.723 [Test worker] DEBUG org.evosuite.runtime.classhandling.ClassResetter - __STATIC_RESET() method does not exists in class com.thoughtworks.xstream.core.util.CompositeClassLoader
09:43:49.723 [Test worker] DEBUG org.evosuite.runtime.classhandling.ClassResetter - __STATIC_RESET() method does not exists in class com.thoughtworks.xstream.mapper.DefaultMapper
09:43:49.723 [Test worker] DEBUG org.evosuite.runtime.classhandling.ClassResetter - __STATIC_RESET() method does not exists in class com.thoughtworks.xstream.mapper.MapperWrapper
09:43:49.724 [Test worker] DEBUG org.evosuite.runtime.classhandling.ClassResetter - __STATIC_RESET() method does not exists in class com.thoughtworks.xstream.mapper.ClassAliasingMapper
09:43:49.724 [Test worker] DEBUG org.evosuite.runtime.classhandling.ClassResetter - __STATIC_RESET() method does not exists in class com.thoughtworks.xstream.mapper.FieldAliasingMapper
09:43:49.724 [Test worker] DEBUG org.evosuite.runtime.classhandling.ClassResetter - __STATIC_RESET() method does not exists in class com.thoughtworks.xstream.mapper.AttributeAliasingMapper
09:43:49.724 [Test worker] DEBUG org.evosuite.runtime.classhandling.ClassResetter - __STATIC_RESET() method does not exists in class com.thoughtworks.xstream.mapper.AttributeMapper
09:43:49.724 [Test worker] DEBUG org.evosuite.runtime.classhandling.ClassResetter - __STATIC_RESET() method does not exists in class com.thoughtworks.xstream.mapper.ImplicitCollectionMapper
09:43:49.724 [Test worker] DEBUG org.evosuite.runtime.classhandling.ClassResetter - __STATIC_RESET() method does not exists in class com.thoughtworks.xstream.mapper.CGLIBMapper
09:43:49.724 [Test worker] DEBUG org.evosuite.runtime.classhandling.ClassResetter - __STATIC_RESET() method does not exists in class com.thoughtworks.xstream.mapper.DynamicProxyMapper
09:43:49.724 [Test worker] DEBUG org.evosuite.runtime.classhandling.ClassResetter - __STATIC_RESET() method does not exists in class com.thoughtworks.xstream.mapper.EnumMapper
09:43:49.724 [Test worker] DEBUG org.evosuite.runtime.classhandling.ClassResetter - __STATIC_RESET() method does not exists in class com.thoughtworks.xstream.mapper.OuterClassMapper
09:43:49.724 [Test worker] DEBUG org.evosuite.runtime.classhandling.ClassResetter - __STATIC_RESET() method does not exists in class com.thoughtworks.xstream.mapper.ArrayMapper
09:43:49.724 [Test worker] DEBUG org.evosuite.runtime.classhandling.ClassResetter - __STATIC_RESET() method does not exists in class com.thoughtworks.xstream.mapper.DefaultImplementationsMapper
09:43:49.725 [Test worker] DEBUG org.evosuite.runtime.classhandling.ClassResetter - __STATIC_RESET() method does not exists in class com.thoughtworks.xstream.mapper.Mapper$Null
09:43:49.725 [Test worker] DEBUG org.evosuite.runtime.classhandling.ClassResetter - __STATIC_RESET() method does not exists in class com.thoughtworks.xstream.mapper.ImmutableTypesMapper
09:43:49.725 [Test worker] DEBUG org.evosuite.runtime.classhandling.ClassResetter - __STATIC_RESET() method does not exists in class com.thoughtworks.xstream.mapper.CachingMapper
09:43:49.725 [Test worker] DEBUG org.evosuite.runtime.classhandling.ClassResetter - __STATIC_RESET() method does not exists in class com.thoughtworks.xstream.core.DefaultConverterLookup
09:43:49.725 [Test worker] DEBUG org.evosuite.runtime.classhandling.ClassResetter - __STATIC_RESET() method does not exists in class com.thoughtworks.xstream.core.util.PrioritizedList
09:43:49.725 [Test worker] DEBUG org.evosuite.runtime.classhandling.ClassResetter - __STATIC_RESET() method does not exists in class com.thoughtworks.xstream.annotations.AnnotationProvider
09:43:49.725 [Test worker] DEBUG org.evosuite.runtime.classhandling.ClassResetter - __STATIC_RESET() method does not exists in class com.thoughtworks.xstream.converters.reflection.AbstractReflectionConverter
09:43:49.725 [Test worker] DEBUG org.evosuite.runtime.classhandling.ClassResetter - __STATIC_RESET() method does not exists in class com.thoughtworks.xstream.converters.reflection.ReflectionConverter
09:43:49.725 [Test worker] DEBUG org.evosuite.runtime.classhandling.ClassResetter - __STATIC_RESET() method does not exists in class com.thoughtworks.xstream.annotations.AnnotationReflectionConverter
09:43:49.725 [Test worker] DEBUG org.evosuite.runtime.classhandling.ClassResetter - __STATIC_RESET() method does not exists in class com.thoughtworks.xstream.converters.reflection.SerializationMethodInvoker
09:43:49.725 [Test worker] DEBUG org.evosuite.runtime.classhandling.ClassResetter - __STATIC_RESET() method does not exists in class com.thoughtworks.xstream.core.util.PrioritizedList$PrioritizedItem
09:43:49.725 [Test worker] DEBUG org.evosuite.runtime.classhandling.ClassResetter - __STATIC_RESET() method does not exists in class com.thoughtworks.xstream.core.util.PrioritizedList$PrioritizedItemIterator
09:43:49.726 [Test worker] DEBUG org.evosuite.runtime.classhandling.ClassResetter - __STATIC_RESET() method does not exists in class com.thoughtworks.xstream.converters.reflection.SerializableConverter
09:43:49.726 [Test worker] DEBUG org.evosuite.runtime.classhandling.ClassResetter - __STATIC_RESET() method does not exists in class com.thoughtworks.xstream.converters.reflection.ReflectionProviderWrapper
09:43:49.726 [Test worker] DEBUG org.evosuite.runtime.classhandling.ClassResetter - __STATIC_RESET() method does not exists in class com.thoughtworks.xstream.converters.reflection.SerializableConverter$UnserializableParentsReflectionProvider
09:43:49.726 [Test worker] DEBUG org.evosuite.runtime.classhandling.ClassResetter - __STATIC_RESET() method does not exists in class com.thoughtworks.xstream.converters.reflection.ExternalizableConverter
09:43:49.726 [Test worker] DEBUG org.evosuite.runtime.classhandling.ClassResetter - __STATIC_RESET() method does not exists in class com.thoughtworks.xstream.converters.basic.NullConverter
09:43:49.726 [Test worker] DEBUG org.evosuite.runtime.classhandling.ClassResetter - __STATIC_RESET() method does not exists in class com.thoughtworks.xstream.converters.basic.AbstractSingleValueConverter
09:43:49.726 [Test worker] DEBUG org.evosuite.runtime.classhandling.ClassResetter - __STATIC_RESET() method does not exists in class com.thoughtworks.xstream.converters.basic.IntConverter
09:43:49.726 [Test worker] DEBUG org.evosuite.runtime.classhandling.ClassResetter - __STATIC_RESET() method does not exists in class com.thoughtworks.xstream.converters.SingleValueConverterWrapper
09:43:49.726 [Test worker] DEBUG org.evosuite.runtime.classhandling.ClassResetter - __STATIC_RESET() method does not exists in class com.thoughtworks.xstream.converters.basic.FloatConverter
09:43:49.726 [Test worker] DEBUG org.evosuite.runtime.classhandling.ClassResetter - __STATIC_RESET() method does not exists in class com.thoughtworks.xstream.converters.basic.DoubleConverter
09:43:49.726 [Test worker] DEBUG org.evosuite.runtime.classhandling.ClassResetter - __STATIC_RESET() method does not exists in class com.thoughtworks.xstream.converters.basic.LongConverter
09:43:49.726 [Test worker] DEBUG org.evosuite.runtime.classhandling.ClassResetter - __STATIC_RESET() method does not exists in class com.thoughtworks.xstream.converters.basic.ShortConverter
09:43:49.727 [Test worker] DEBUG org.evosuite.runtime.classhandling.ClassResetter - __STATIC_RESET() method does not exists in class com.thoughtworks.xstream.converters.basic.CharConverter
09:43:49.727 [Test worker] DEBUG org.evosuite.runtime.classhandling.ClassResetter - __STATIC_RESET() method does not exists in class com.thoughtworks.xstream.converters.basic.BooleanConverter
09:43:49.727 [Test worker] DEBUG org.evosuite.runtime.classhandling.ClassResetter - __STATIC_RESET() method does not exists in class com.thoughtworks.xstream.converters.basic.ByteConverter
09:43:49.727 [Test worker] DEBUG org.evosuite.runtime.classhandling.ClassResetter - __STATIC_RESET() method does not exists in class com.thoughtworks.xstream.converters.basic.StringConverter
09:43:49.727 [Test worker] DEBUG org.evosuite.runtime.classhandling.ClassResetter - __STATIC_RESET() method does not exists in class com.thoughtworks.xstream.converters.basic.StringBufferConverter
09:43:49.727 [Test worker] DEBUG org.evosuite.runtime.classhandling.ClassResetter - __STATIC_RESET() method does not exists in class com.thoughtworks.xstream.converters.basic.DateConverter
09:43:49.727 [Test worker] DEBUG org.evosuite.runtime.classhandling.ClassResetter - __STATIC_RESET() method does not exists in class com.thoughtworks.xstream.core.util.ThreadSafeSimpleDateFormat
09:43:49.727 [Test worker] DEBUG org.evosuite.runtime.classhandling.ClassResetter - __STATIC_RESET() method does not exists in class com.thoughtworks.xstream.core.util.Pool
09:43:49.727 [Test worker] DEBUG org.evosuite.runtime.classhandling.ClassResetter - __STATIC_RESET() method does not exists in class com.thoughtworks.xstream.core.util.ThreadSafeSimpleDateFormat$1
09:43:49.727 [Test worker] DEBUG org.evosuite.runtime.classhandling.ClassResetter - __STATIC_RESET() method does not exists in class com.thoughtworks.xstream.converters.collections.BitSetConverter
09:43:49.727 [Test worker] DEBUG org.evosuite.runtime.classhandling.ClassResetter - __STATIC_RESET() method does not exists in class com.thoughtworks.xstream.converters.basic.URLConverter
09:43:49.728 [Test worker] DEBUG org.evosuite.runtime.classhandling.ClassResetter - __STATIC_RESET() method does not exists in class com.thoughtworks.xstream.converters.basic.BigIntegerConverter
09:43:49.728 [Test worker] DEBUG org.evosuite.runtime.classhandling.ClassResetter - __STATIC_RESET() method does not exists in class com.thoughtworks.xstream.converters.basic.BigDecimalConverter
09:43:49.728 [Test worker] DEBUG org.evosuite.runtime.classhandling.ClassResetter - __STATIC_RESET() method does not exists in class com.thoughtworks.xstream.converters.collections.AbstractCollectionConverter
09:43:49.728 [Test worker] DEBUG org.evosuite.runtime.classhandling.ClassResetter - __STATIC_RESET() method does not exists in class com.thoughtworks.xstream.converters.collections.ArrayConverter
09:43:49.733 [Test worker] DEBUG org.evosuite.runtime.classhandling.ClassResetter - __STATIC_RESET() method does not exists in class com.thoughtworks.xstream.converters.collections.CharArrayConverter
09:43:49.734 [Test worker] DEBUG org.evosuite.runtime.classhandling.ClassResetter - __STATIC_RESET() method does not exists in class com.thoughtworks.xstream.converters.collections.CollectionConverter
09:43:49.734 [Test worker] DEBUG org.evosuite.runtime.classhandling.ClassResetter - __STATIC_RESET() method does not exists in class com.thoughtworks.xstream.converters.collections.MapConverter
09:43:49.734 [Test worker] DEBUG org.evosuite.runtime.classhandling.ClassResetter - __STATIC_RESET() method does not exists in class com.thoughtworks.xstream.converters.collections.TreeMapConverter
09:43:49.734 [Test worker] DEBUG org.evosuite.runtime.classhandling.ClassResetter - __STATIC_RESET() method does not exists in class com.thoughtworks.xstream.converters.collections.TreeSetConverter
09:43:49.734 [Test worker] DEBUG org.evosuite.runtime.classhandling.ClassResetter - __STATIC_RESET() method does not exists in class com.thoughtworks.xstream.core.util.Fields
09:43:49.734 [Test worker] DEBUG org.evosuite.runtime.classhandling.ClassResetter - __STATIC_RESET() method does not exists in class com.thoughtworks.xstream.converters.collections.PropertiesConverter
09:43:49.734 [Test worker] DEBUG org.evosuite.runtime.classhandling.ClassResetter - __STATIC_RESET() method does not exists in class com.thoughtworks.xstream.core.util.Base64Encoder
09:43:49.734 [Test worker] DEBUG org.evosuite.runtime.classhandling.ClassResetter - __STATIC_RESET() method does not exists in class com.thoughtworks.xstream.converters.extended.EncodedByteArrayConverter
09:43:49.734 [Test worker] DEBUG org.evosuite.runtime.classhandling.ClassResetter - __STATIC_RESET() method does not exists in class com.thoughtworks.xstream.converters.extended.FileConverter
09:43:49.735 [Test worker] DEBUG org.evosuite.runtime.classhandling.ClassResetter - __STATIC_RESET() method does not exists in class com.thoughtworks.xstream.converters.extended.SqlTimestampConverter
09:43:49.735 [Test worker] DEBUG org.evosuite.runtime.classhandling.ClassResetter - __STATIC_RESET() method does not exists in class com.thoughtworks.xstream.converters.extended.SqlTimeConverter
09:43:49.735 [Test worker] DEBUG org.evosuite.runtime.classhandling.ClassResetter - __STATIC_RESET() method does not exists in class com.thoughtworks.xstream.converters.extended.SqlDateConverter
09:43:49.735 [Test worker] DEBUG org.evosuite.runtime.classhandling.ClassResetter - __STATIC_RESET() method does not exists in class com.thoughtworks.xstream.converters.extended.DynamicProxyConverter
09:43:49.735 [Test worker] DEBUG org.evosuite.runtime.classhandling.ClassResetter - __STATIC_RESET() method does not exists in class com.thoughtworks.xstream.mapper.DynamicProxyMapper$DynamicProxy
09:43:49.735 [Test worker] DEBUG org.evosuite.runtime.classhandling.ClassResetter - __STATIC_RESET() method does not exists in class com.thoughtworks.xstream.converters.extended.JavaClassConverter
09:43:49.735 [Test worker] DEBUG org.evosuite.runtime.classhandling.ClassResetter - __STATIC_RESET() method does not exists in class com.thoughtworks.xstream.converters.extended.JavaMethodConverter
09:43:49.735 [Test worker] DEBUG org.evosuite.runtime.classhandling.ClassResetter - __STATIC_RESET() method does not exists in class com.thoughtworks.xstream.converters.extended.FontConverter
09:43:49.735 [Test worker] DEBUG org.evosuite.runtime.classhandling.ClassResetter - __STATIC_RESET() method does not exists in class com.thoughtworks.xstream.converters.extended.ColorConverter
09:43:49.735 [Test worker] DEBUG org.evosuite.runtime.classhandling.ClassResetter - __STATIC_RESET() method does not exists in class com.thoughtworks.xstream.converters.reflection.AbstractAttributedCharacterIteratorAttributeConverter
09:43:49.735 [Test worker] DEBUG org.evosuite.runtime.classhandling.ClassResetter - __STATIC_RESET() method does not exists in class com.thoughtworks.xstream.converters.extended.TextAttributeConverter
09:43:49.735 [Test worker] DEBUG org.evosuite.runtime.classhandling.ClassResetter - __STATIC_RESET() method does not exists in class com.thoughtworks.xstream.core.util.OrderRetainingMap
09:43:49.735 [Test worker] DEBUG org.evosuite.runtime.classhandling.ClassResetter - __STATIC_RESET() method does not exists in class com.thoughtworks.xstream.core.util.OrderRetainingMap$ArraySet
09:43:49.736 [Test worker] DEBUG org.evosuite.runtime.classhandling.ClassResetter - __STATIC_RESET() method does not exists in class com.thoughtworks.xstream.converters.reflection.FieldKey
09:43:49.736 [Test worker] DEBUG org.evosuite.runtime.classhandling.ClassResetter - __STATIC_RESET() method does not exists in class com.thoughtworks.xstream.converters.extended.LocaleConverter
09:43:49.736 [Test worker] DEBUG org.evosuite.runtime.classhandling.ClassResetter - __STATIC_RESET() method does not exists in class com.thoughtworks.xstream.converters.extended.GregorianCalendarConverter
09:43:49.736 [Test worker] DEBUG org.evosuite.runtime.classhandling.ClassResetter - __STATIC_RESET() method does not exists in class com.thoughtworks.xstream.converters.extended.SubjectConverter
09:43:49.736 [Test worker] DEBUG org.evosuite.runtime.classhandling.ClassResetter - __STATIC_RESET() method does not exists in class com.thoughtworks.xstream.converters.extended.ThrowableConverter
09:43:49.736 [Test worker] DEBUG org.evosuite.runtime.classhandling.ClassResetter - __STATIC_RESET() method does not exists in class com.thoughtworks.xstream.converters.extended.StackTraceElementFactory
09:43:49.736 [Test worker] DEBUG org.evosuite.runtime.classhandling.ClassResetter - __STATIC_RESET() method does not exists in class com.thoughtworks.xstream.converters.extended.StackTraceElementConverter
09:43:49.736 [Test worker] DEBUG org.evosuite.runtime.classhandling.ClassResetter - __STATIC_RESET() method does not exists in class com.thoughtworks.xstream.converters.extended.CurrencyConverter
09:43:49.736 [Test worker] DEBUG org.evosuite.runtime.classhandling.ClassResetter - __STATIC_RESET() method does not exists in class com.thoughtworks.xstream.converters.extended.RegexPatternConverter
09:43:49.736 [Test worker] DEBUG org.evosuite.runtime.classhandling.ClassResetter - __STATIC_RESET() method does not exists in class com.thoughtworks.xstream.converters.extended.CharsetConverter
09:43:49.736 [Test worker] DEBUG org.evosuite.runtime.classhandling.ClassResetter - __STATIC_RESET() method does not exists in class com.thoughtworks.xstream.converters.enums.EnumConverter
09:43:49.736 [Test worker] DEBUG org.evosuite.runtime.classhandling.ClassResetter - __STATIC_RESET() method does not exists in class com.thoughtworks.xstream.converters.enums.EnumSetConverter
09:43:49.736 [Test worker] DEBUG org.evosuite.runtime.classhandling.ClassResetter - __STATIC_RESET() method does not exists in class com.thoughtworks.xstream.converters.enums.EnumMapConverter
09:43:49.737 [Test worker] DEBUG org.evosuite.runtime.classhandling.ClassResetter - __STATIC_RESET() method does not exists in class com.thoughtworks.xstream.converters.reflection.CGLIBEnhancedConverter
09:43:49.737 [Test worker] DEBUG org.evosuite.runtime.classhandling.ClassResetter - __STATIC_RESET() method does not exists in class com.thoughtworks.xstream.converters.reflection.CGLIBEnhancedConverter$CGLIBFilteringReflectionProvider
09:43:49.737 [Test worker] DEBUG org.evosuite.runtime.classhandling.ClassResetter - __STATIC_RESET() method does not exists in class net.sf.cglib.core.AbstractClassGenerator
09:43:49.737 [Test worker] DEBUG org.evosuite.runtime.classhandling.ClassResetter - __STATIC_RESET() method does not exists in class net.sf.cglib.proxy.Enhancer$1
09:43:49.737 [Test worker] DEBUG org.evosuite.runtime.classhandling.ClassResetter - __STATIC_RESET() method does not exists in class net.sf.cglib.core.AbstractClassGenerator$Source
09:43:49.737 [Test worker] DEBUG org.evosuite.runtime.classhandling.ClassResetter - __STATIC_RESET() method does not exists in class net.sf.cglib.core.CollectionUtils
09:43:49.737 [Test worker] DEBUG org.evosuite.runtime.classhandling.ClassResetter - __STATIC_RESET() method does not exists in class net.sf.cglib.core.TypeUtils
09:43:49.737 [Test worker] DEBUG org.evosuite.runtime.classhandling.ClassResetter - __STATIC_RESET() method does not exists in class net.sf.cglib.core.Signature
09:43:49.737 [Test worker] DEBUG org.evosuite.runtime.classhandling.ClassResetter - __STATIC_RESET() method does not exists in class net.sf.cglib.asm.Type
09:43:49.737 [Test worker] DEBUG org.evosuite.runtime.classhandling.ClassResetter - __STATIC_RESET() method does not exists in class net.sf.cglib.core.KeyFactory$1
09:43:49.737 [Test worker] DEBUG org.evosuite.runtime.classhandling.ClassResetter - __STATIC_RESET() method does not exists in class net.sf.cglib.core.KeyFactory$2
09:43:49.737 [Test worker] DEBUG org.evosuite.runtime.classhandling.ClassResetter - __STATIC_RESET() method does not exists in class net.sf.cglib.core.KeyFactory
09:43:49.737 [Test worker] DEBUG org.evosuite.runtime.classhandling.ClassResetter - __STATIC_RESET() method does not exists in class net.sf.cglib.core.KeyFactory$Generator
09:43:49.737 [Test worker] DEBUG org.evosuite.runtime.classhandling.ClassResetter - __STATIC_RESET() method does not exists in class net.sf.cglib.core.DefaultGeneratorStrategy
09:43:49.738 [Test worker] DEBUG org.evosuite.runtime.classhandling.ClassResetter - __STATIC_RESET() method does not exists in class net.sf.cglib.core.DefaultNamingPolicy
09:43:49.738 [Test worker] DEBUG org.evosuite.runtime.classhandling.ClassResetter - __STATIC_RESET() method does not exists in class net.sf.cglib.core.AbstractClassGenerator$1
09:43:49.738 [Test worker] DEBUG org.evosuite.runtime.classhandling.ClassResetter - __STATIC_RESET() method does not exists in class net.sf.cglib.asm.ClassWriter
09:43:49.738 [Test worker] DEBUG org.evosuite.runtime.classhandling.ClassResetter - __STATIC_RESET() method does not exists in class net.sf.cglib.core.DebuggingClassWriter
09:43:49.738 [Test worker] DEBUG org.evosuite.runtime.classhandling.ClassResetter - __STATIC_RESET() method does not exists in class net.sf.cglib.asm.ByteVector
09:43:49.738 [Test worker] DEBUG org.evosuite.runtime.classhandling.ClassResetter - __STATIC_RESET() method does not exists in class net.sf.cglib.asm.Item
09:43:49.738 [Test worker] DEBUG org.evosuite.runtime.classhandling.ClassResetter - __STATIC_RESET() method does not exists in class net.sf.cglib.asm.ClassAdapter
09:43:49.738 [Test worker] DEBUG org.evosuite.runtime.classhandling.ClassResetter - __STATIC_RESET() method does not exists in class net.sf.cglib.core.ClassEmitter
09:43:49.738 [Test worker] DEBUG org.evosuite.runtime.classhandling.ClassResetter - __STATIC_RESET() method does not exists in class net.sf.cglib.core.ReflectUtils$1
09:43:49.738 [Test worker] DEBUG org.evosuite.runtime.classhandling.ClassResetter - __STATIC_RESET() method does not exists in class net.sf.cglib.core.ReflectUtils$2
09:43:49.738 [Test worker] DEBUG org.evosuite.runtime.classhandling.ClassResetter - __STATIC_RESET() method does not exists in class net.sf.cglib.core.ReflectUtils
09:43:49.738 [Test worker] DEBUG org.evosuite.runtime.classhandling.ClassResetter - __STATIC_RESET() method does not exists in class net.sf.cglib.core.ClassInfo
09:43:49.738 [Test worker] DEBUG org.evosuite.runtime.classhandling.ClassResetter - __STATIC_RESET() method does not exists in class net.sf.cglib.core.ClassEmitter$1
09:43:49.739 [Test worker] DEBUG org.evosuite.runtime.classhandling.ClassResetter - __STATIC_RESET() method does not exists in class net.sf.cglib.core.EmitUtils$ArrayDelimiters
09:43:49.739 [Test worker] DEBUG org.evosuite.runtime.classhandling.ClassResetter - __STATIC_RESET() method does not exists in class net.sf.cglib.core.EmitUtils
09:43:49.739 [Test worker] DEBUG org.evosuite.runtime.classhandling.ClassResetter - __STATIC_RESET() method does not exists in class net.sf.cglib.asm.CodeWriter
09:43:49.739 [Test worker] DEBUG org.evosuite.runtime.classhandling.ClassResetter - __STATIC_RESET() method does not exists in class net.sf.cglib.asm.Label
09:43:49.742 [Test worker] DEBUG org.evosuite.runtime.classhandling.ClassResetter - __STATIC_RESET() method does not exists in class net.sf.cglib.asm.CodeAdapter
09:43:49.742 [Test worker] DEBUG org.evosuite.runtime.classhandling.ClassResetter - __STATIC_RESET() method does not exists in class net.sf.cglib.core.RemappingCodeVisitor
09:43:49.742 [Test worker] DEBUG org.evosuite.runtime.classhandling.ClassResetter - __STATIC_RESET() method does not exists in class net.sf.cglib.core.CodeEmitter
09:43:49.742 [Test worker] DEBUG org.evosuite.runtime.classhandling.ClassResetter - __STATIC_RESET() method does not exists in class net.sf.cglib.core.RemappingCodeVisitor$IntRef
09:43:49.742 [Test worker] DEBUG org.evosuite.runtime.classhandling.ClassResetter - __STATIC_RESET() method does not exists in class net.sf.cglib.core.RemappingCodeVisitor$State
09:43:49.742 [Test worker] DEBUG org.evosuite.runtime.classhandling.ClassResetter - __STATIC_RESET() method does not exists in class net.sf.cglib.core.MethodInfo
09:43:49.743 [Test worker] DEBUG org.evosuite.runtime.classhandling.ClassResetter - __STATIC_RESET() method does not exists in class net.sf.cglib.core.CodeEmitter$State
09:43:49.743 [Test worker] DEBUG org.evosuite.runtime.classhandling.ClassResetter - __STATIC_RESET() method does not exists in class net.sf.cglib.core.ClassEmitter$FieldInfo
09:43:49.743 [Test worker] DEBUG org.evosuite.runtime.classhandling.ClassResetter - __STATIC_RESET() method does not exists in class net.sf.cglib.asm.Edge
09:43:49.744 [Test worker] DEBUG org.evosuite.runtime.classhandling.ClassResetter - __STATIC_RESET() method does not exists in class net.sf.cglib.core.EmitUtils$7
09:43:49.744 [Test worker] DEBUG org.evosuite.runtime.classhandling.ClassResetter - __STATIC_RESET() method does not exists in class net.sf.cglib.core.Local
09:43:49.744 [Test worker] DEBUG org.evosuite.runtime.classhandling.ClassResetter - __STATIC_RESET() method does not exists in class net.sf.cglib.core.EmitUtils$8
09:43:49.744 [Test worker] DEBUG org.evosuite.runtime.classhandling.ClassResetter - __STATIC_RESET() method does not exists in class net.sf.cglib.core.EmitUtils$9
09:43:49.744 [Test worker] DEBUG org.evosuite.runtime.classhandling.ClassResetter - __STATIC_RESET() method does not exists in class net.sf.cglib.core.DebuggingClassWriter$1
09:43:49.746 [Test worker] DEBUG org.evosuite.runtime.classhandling.ClassResetter - __STATIC_RESET() method does not exists in class net.sf.cglib.asm.ClassReader
09:43:49.747 [Test worker] DEBUG org.evosuite.runtime.classhandling.ClassResetter - __STATIC_RESET() method does not exists in class net.sf.cglib.core.ClassNameReader$EarlyExitException
09:43:49.747 [Test worker] DEBUG org.evosuite.runtime.classhandling.ClassResetter - __STATIC_RESET() method does not exists in class net.sf.cglib.core.ClassNameReader
09:43:49.748 [Test worker] DEBUG org.evosuite.runtime.classhandling.ClassResetter - __STATIC_RESET() method does not exists in class net.sf.cglib.core.ClassNameReader$1
09:43:49.748 [Test worker] DEBUG org.evosuite.runtime.classhandling.ClassResetter - __STATIC_RESET() method does not exists in class net.sf.cglib.proxy.Enhancer
09:43:49.748 [Test worker] DEBUG org.evosuite.runtime.classhandling.ClassResetter - __STATIC_RESET() method does not exists in class com.thoughtworks.xstream.converters.reflection.SelfStreamingInstanceChecker
09:43:49.749 [Test worker] DEBUG org.evosuite.runtime.classhandling.ClassResetter - __STATIC_RESET() method does not exists in class com.thoughtworks.xstream.core.ReferenceByXPathMarshallingStrategy
09:43:49.749 [Test worker] DEBUG org.evosuite.runtime.classhandling.ClassResetter - __STATIC_RESET() method does not exists in class org.xmlpull.mxp1.MXParser
09:43:49.749 [Test worker] DEBUG org.evosuite.runtime.classhandling.ClassResetter - __STATIC_RESET() method does not exists in class com.thoughtworks.xstream.io.xml.AbstractXmlReader
09:43:49.749 [Test worker] DEBUG org.evosuite.runtime.classhandling.ClassResetter - __STATIC_RESET() method does not exists in class com.thoughtworks.xstream.io.xml.AbstractPullReader
09:43:49.749 [Test worker] DEBUG org.evosuite.runtime.classhandling.ClassResetter - __STATIC_RESET() method does not exists in class com.thoughtworks.xstream.io.xml.XppReader
09:43:49.749 [Test worker] DEBUG org.evosuite.runtime.classhandling.ClassResetter - __STATIC_RESET() method does not exists in class com.thoughtworks.xstream.core.util.FastStack
09:43:49.749 [Test worker] DEBUG org.evosuite.runtime.classhandling.ClassResetter - __STATIC_RESET() method does not exists in class com.thoughtworks.xstream.io.xml.AbstractPullReader$Event
09:43:49.749 [Test worker] DEBUG org.evosuite.runtime.classhandling.ClassResetter - __STATIC_RESET() method does not exists in class org.xmlpull.v1.XmlPullParserException
09:43:49.749 [Test worker] DEBUG org.evosuite.runtime.classhandling.ClassResetter - __STATIC_RESET() method does not exists in class com.thoughtworks.xstream.core.BaseException
09:43:49.749 [Test worker] DEBUG org.evosuite.runtime.classhandling.ClassResetter - __STATIC_RESET() method does not exists in class com.thoughtworks.xstream.io.StreamException
09:43:49.749 [Test worker] DEBUG org.evosuite.runtime.classhandling.ClassResetter - __STATIC_RESET() method does not exists in class com.thoughtworks.xstream.core.TreeUnmarshaller
09:43:49.749 [Test worker] DEBUG org.evosuite.runtime.classhandling.ClassResetter - __STATIC_RESET() method does not exists in class com.thoughtworks.xstream.core.AbstractReferenceUnmarshaller
09:43:49.749 [Test worker] DEBUG org.evosuite.runtime.classhandling.ClassResetter - __STATIC_RESET() method does not exists in class com.thoughtworks.xstream.core.ReferenceByXPathUnmarshaller
09:43:49.749 [Test worker] DEBUG org.evosuite.runtime.classhandling.ClassResetter - __STATIC_RESET() method does not exists in class com.thoughtworks.xstream.io.path.PathTracker
09:43:49.749 [Test worker] DEBUG org.evosuite.runtime.classhandling.ClassResetter - __STATIC_RESET() method does not exists in class com.thoughtworks.xstream.io.ReaderWrapper
09:43:49.750 [Test worker] DEBUG org.evosuite.runtime.classhandling.ClassResetter - __STATIC_RESET() method does not exists in class com.thoughtworks.xstream.io.path.PathTrackingReader
09:43:49.750 [Test worker] DEBUG org.evosuite.runtime.classhandling.ClassResetter - __STATIC_RESET() method does not exists in class com.thoughtworks.xstream.alias.CannotResolveClassException
09:43:49.750 [Test worker] DEBUG org.evosuite.runtime.classhandling.ClassResetter - __STATIC_RESET() method does not exists in class com.thoughtworks.xstream.mapper.CannotResolveClassException
]]></system-out>
  <system-err><![CDATA[]]></system-err>
</testsuite>
