<?xml version="1.0" encoding="UTF-8"?>
<testsuite name="net.sourceforge.ext4j.log.log4j.ExtrasPatternParser_ESTest" tests="7" skipped="0" failures="1" errors="0" timestamp="2024-03-15T09:34:23" hostname="dark-cable-rests-fin-01" time="4.715">
  <properties/>
  <testcase name="testCreatesExtrasPatternParser0()" classname="net.sourceforge.ext4j.log.log4j.ExtrasPatternParser_ESTest" time="3.037"/>
  <testcase name="testCreatesExtrasPatternParser1()" classname="net.sourceforge.ext4j.log.log4j.ExtrasPatternParser_ESTest" time="0.015"/>
  <testcase name="testCreatesExtrasPatternParser2()" classname="net.sourceforge.ext4j.log.log4j.ExtrasPatternParser_ESTest" time="0.009"/>
  <testcase name="testCreatesExtrasPatternParser3()" classname="net.sourceforge.ext4j.log.log4j.ExtrasPatternParser_ESTest" time="0.011"/>
  <testcase name="testCreatesExtrasPatternParser4()" classname="net.sourceforge.ext4j.log.log4j.ExtrasPatternParser_ESTest" time="0.007"/>
  <testcase name="testFinalizeConverterWithOtherChar()" classname="net.sourceforge.ext4j.log.log4j.ExtrasPatternParser_ESTest" time="0.023"/>
  <testcase name="initializationError" classname="net.sourceforge.ext4j.log.log4j.ExtrasPatternParser_ESTest" time="0.008">
    <failure message="org.junit.runners.model.InvalidTestClassError: Invalid test class 'net.sourceforge.ext4j.log.log4j.ExtrasPatternParser_ESTest':&#10;  1. No runnable methods" type="org.junit.runners.model.InvalidTestClassError">org.junit.runners.model.InvalidTestClassError: Invalid test class 'net.sourceforge.ext4j.log.log4j.ExtrasPatternParser_ESTest':
  1. No runnable methods
	at org.junit.runners.ParentRunner.validate(ParentRunner.java:525)
	at org.junit.runners.ParentRunner.&lt;init&gt;(ParentRunner.java:92)
	at org.junit.runners.BlockJUnit4ClassRunner.&lt;init&gt;(BlockJUnit4ClassRunner.java:74)
	at org.evosuite.runtime.EvoRunner.&lt;init&gt;(EvoRunner.java:76)
	at sun.reflect.NativeConstructorAccessorImpl.newInstance0(Native Method)
	at sun.reflect.NativeConstructorAccessorImpl.newInstance(NativeConstructorAccessorImpl.java:62)
	at sun.reflect.DelegatingConstructorAccessorImpl.newInstance(DelegatingConstructorAccessorImpl.java:45)
	at java.lang.reflect.Constructor.newInstance(Constructor.java:423)
	at org.junit.internal.builders.AnnotatedBuilder.buildRunner(AnnotatedBuilder.java:104)
	at org.junit.vintage.engine.discovery.DefensiveAllDefaultPossibilitiesBuilder$DefensiveAnnotatedBuilder.buildRunner(DefensiveAllDefaultPossibilitiesBuilder.java:114)
	at org.junit.internal.builders.AnnotatedBuilder.runnerForClass(AnnotatedBuilder.java:86)
	at org.junit.runners.model.RunnerBuilder.safeRunnerForClass(RunnerBuilder.java:70)
	at org.junit.internal.builders.AllDefaultPossibilitiesBuilder.runnerForClass(AllDefaultPossibilitiesBuilder.java:37)
	at org.junit.vintage.engine.discovery.DefensiveAllDefaultPossibilitiesBuilder.runnerForClass(DefensiveAllDefaultPossibilitiesBuilder.java:57)
	at org.junit.runners.model.RunnerBuilder.safeRunnerForClass(RunnerBuilder.java:70)
	at org.junit.vintage.engine.discovery.ClassSelectorResolver.resolveTestClass(ClassSelectorResolver.java:66)
	at org.junit.vintage.engine.discovery.ClassSelectorResolver.resolve(ClassSelectorResolver.java:47)
	at org.junit.platform.engine.support.discovery.EngineDiscoveryRequestResolution.lambda$resolve$2(EngineDiscoveryRequestResolution.java:134)
	at java.util.stream.ReferencePipeline$3$1.accept(ReferencePipeline.java:193)
	at java.util.ArrayList$ArrayListSpliterator.tryAdvance(ArrayList.java:1361)
	at java.util.stream.ReferencePipeline.forEachWithCancel(ReferencePipeline.java:126)
	at java.util.stream.AbstractPipeline.copyIntoWithCancel(AbstractPipeline.java:499)
	at java.util.stream.AbstractPipeline.copyInto(AbstractPipeline.java:486)
	at java.util.stream.AbstractPipeline.wrapAndCopyInto(AbstractPipeline.java:472)
	at java.util.stream.FindOps$FindOp.evaluateSequential(FindOps.java:152)
	at java.util.stream.AbstractPipeline.evaluate(AbstractPipeline.java:234)
	at java.util.stream.ReferencePipeline.findFirst(ReferencePipeline.java:531)
	at org.junit.platform.engine.support.discovery.EngineDiscoveryRequestResolution.resolve(EngineDiscoveryRequestResolution.java:185)
	at org.junit.platform.engine.support.discovery.EngineDiscoveryRequestResolution.resolve(EngineDiscoveryRequestResolution.java:125)
	at org.junit.platform.engine.support.discovery.EngineDiscoveryRequestResolution.resolveCompletely(EngineDiscoveryRequestResolution.java:91)
	at org.junit.platform.engine.support.discovery.EngineDiscoveryRequestResolution.run(EngineDiscoveryRequestResolution.java:82)
	at org.junit.platform.engine.support.discovery.EngineDiscoveryRequestResolver.resolve(EngineDiscoveryRequestResolver.java:113)
	at org.junit.vintage.engine.discovery.VintageDiscoverer.discover(VintageDiscoverer.java:42)
	at org.junit.vintage.engine.VintageTestEngine.discover(VintageTestEngine.java:64)
	at org.junit.platform.launcher.core.EngineDiscoveryOrchestrator.discoverEngineRoot(EngineDiscoveryOrchestrator.java:152)
	at org.junit.platform.launcher.core.EngineDiscoveryOrchestrator.discoverSafely(EngineDiscoveryOrchestrator.java:134)
	at org.junit.platform.launcher.core.EngineDiscoveryOrchestrator.discover(EngineDiscoveryOrchestrator.java:108)
	at org.junit.platform.launcher.core.EngineDiscoveryOrchestrator.discover(EngineDiscoveryOrchestrator.java:80)
	at org.junit.platform.launcher.core.DefaultLauncher.discover(DefaultLauncher.java:110)
	at org.junit.platform.launcher.core.DefaultLauncher.execute(DefaultLauncher.java:86)
	at org.junit.platform.launcher.core.DefaultLauncherSession$DelegatingLauncher.execute(DefaultLauncherSession.java:86)
	at org.gradle.api.internal.tasks.testing.junitplatform.JUnitPlatformTestClassProcessor$CollectAllTestClassesExecutor.processAllTestClasses(JUnitPlatformTestClassProcessor.java:119)
	at org.gradle.api.internal.tasks.testing.junitplatform.JUnitPlatformTestClassProcessor$CollectAllTestClassesExecutor.access$000(JUnitPlatformTestClassProcessor.java:94)
	at org.gradle.api.internal.tasks.testing.junitplatform.JUnitPlatformTestClassProcessor.stop(JUnitPlatformTestClassProcessor.java:89)
	at org.gradle.api.internal.tasks.testing.SuiteTestClassProcessor.stop(SuiteTestClassProcessor.java:62)
	at sun.reflect.NativeMethodAccessorImpl.invoke0(Native Method)
	at sun.reflect.NativeMethodAccessorImpl.invoke(NativeMethodAccessorImpl.java:62)
	at sun.reflect.DelegatingMethodAccessorImpl.invoke(DelegatingMethodAccessorImpl.java:43)
	at java.lang.reflect.Method.invoke(Method.java:498)
	at org.gradle.internal.dispatch.ReflectionDispatch.dispatch(ReflectionDispatch.java:36)
	at org.gradle.internal.dispatch.ReflectionDispatch.dispatch(ReflectionDispatch.java:24)
	at org.gradle.internal.dispatch.ContextClassLoaderDispatch.dispatch(ContextClassLoaderDispatch.java:33)
	at org.gradle.internal.dispatch.ProxyDispatchAdapter$DispatchingInvocationHandler.invoke(ProxyDispatchAdapter.java:94)
	at com.sun.proxy.$Proxy2.stop(Unknown Source)
	at org.gradle.api.internal.tasks.testing.worker.TestWorker$3.run(TestWorker.java:193)
	at org.gradle.api.internal.tasks.testing.worker.TestWorker.executeAndMaintainThreadName(TestWorker.java:129)
	at org.gradle.api.internal.tasks.testing.worker.TestWorker.execute(TestWorker.java:100)
	at org.gradle.api.internal.tasks.testing.worker.TestWorker.execute(TestWorker.java:60)
	at org.gradle.process.internal.worker.child.ActionExecutionWorker.execute(ActionExecutionWorker.java:56)
	at org.gradle.process.internal.worker.child.SystemApplicationClassLoaderWorker.call(SystemApplicationClassLoaderWorker.java:113)
	at org.gradle.process.internal.worker.child.SystemApplicationClassLoaderWorker.call(SystemApplicationClassLoaderWorker.java:65)
	at worker.org.gradle.process.internal.worker.GradleWorkerMain.run(GradleWorkerMain.java:69)
	at worker.org.gradle.process.internal.worker.GradleWorkerMain.main(GradleWorkerMain.java:74)
</failure>
  </testcase>
  <system-out><![CDATA[09:34:23.413 [Test worker] DEBUG o.e.runtime.sandbox.MSecurityManager - Adding privileged thread: "Reference Handler"
09:34:23.414 [Test worker] DEBUG o.e.runtime.sandbox.MSecurityManager - Adding privileged thread: "Finalizer"
09:34:23.414 [Test worker] DEBUG o.e.runtime.sandbox.MSecurityManager - Adding privileged thread: "Signal Dispatcher"
09:34:23.414 [Test worker] DEBUG o.e.runtime.sandbox.MSecurityManager - Adding privileged thread: "Java2D Disposer"
09:34:23.417 [Test worker] DEBUG o.e.runtime.sandbox.MSecurityManager - Adding privileged thread: "Test worker"
09:34:23.417 [Test worker] DEBUG o.e.runtime.sandbox.MSecurityManager - Adding privileged thread: "/127.0.0.1:47798 to /127.0.0.1:42129 workers"
09:34:23.418 [Test worker] DEBUG o.e.runtime.sandbox.MSecurityManager - Adding privileged thread: "/127.0.0.1:47798 to /127.0.0.1:42129 workers Thread 2"
09:34:23.418 [Test worker] DEBUG o.e.runtime.sandbox.MSecurityManager - Adding privileged thread: "/127.0.0.1:47798 to /127.0.0.1:42129 workers Thread 3"
09:34:23.551 [Test worker] ERROR o.e.r.c.ClassStateSupport - Found $jacocoInit in class net.sourceforge.ext4j.log.Server
09:34:23.556 [Test worker] ERROR o.e.r.c.ClassStateSupport - Class net.sourceforge.ext4j.log.Server was not instrumented by EvoSuite. This could happen if you are running JUnit tests in a way that is not handled by EvoSuite, in which some classes are loaded be reflection before the tests are run. Consult the EvoSuite documentation for possible workarounds for this issue.
09:34:23.556 [Test worker] ERROR o.e.r.c.ClassStateSupport - Class org.apache.log4j.helpers.PatternConverter was not instrumented by EvoSuite. This could happen if you are running JUnit tests in a way that is not handled by EvoSuite, in which some classes are loaded be reflection before the tests are run. Consult the EvoSuite documentation for possible workarounds for this issue.
09:34:23.556 [Test worker] ERROR o.e.r.c.ClassStateSupport - Class org.apache.log4j.helpers.AbsoluteTimeDateFormat was not instrumented by EvoSuite. This could happen if you are running JUnit tests in a way that is not handled by EvoSuite, in which some classes are loaded be reflection before the tests are run. Consult the EvoSuite documentation for possible workarounds for this issue.
09:34:23.557 [Test worker] ERROR o.e.r.c.ClassStateSupport - Class org.apache.log4j.helpers.PatternParser$NamedPatternConverter was not instrumented by EvoSuite. This could happen if you are running JUnit tests in a way that is not handled by EvoSuite, in which some classes are loaded be reflection before the tests are run. Consult the EvoSuite documentation for possible workarounds for this issue.
09:34:23.557 [Test worker] ERROR o.e.r.c.ClassStateSupport - Class net.sourceforge.ext4j.log.log4j.RequestURIConverter was not instrumented by EvoSuite. This could happen if you are running JUnit tests in a way that is not handled by EvoSuite, in which some classes are loaded be reflection before the tests are run. Consult the EvoSuite documentation for possible workarounds for this issue.
09:34:23.557 [Test worker] ERROR o.e.r.c.ClassStateSupport - Class org.apache.log4j.helpers.PatternParser$ClassNamePatternConverter was not instrumented by EvoSuite. This could happen if you are running JUnit tests in a way that is not handled by EvoSuite, in which some classes are loaded be reflection before the tests are run. Consult the EvoSuite documentation for possible workarounds for this issue.
09:34:23.558 [Test worker] ERROR o.e.r.c.ClassStateSupport - Class net.sourceforge.ext4j.log.log4j.SimpleStringConverter was not instrumented by EvoSuite. This could happen if you are running JUnit tests in a way that is not handled by EvoSuite, in which some classes are loaded be reflection before the tests are run. Consult the EvoSuite documentation for possible workarounds for this issue.
09:34:23.558 [Test worker] ERROR o.e.r.c.ClassStateSupport - Class org.apache.log4j.helpers.PatternParser$CategoryPatternConverter was not instrumented by EvoSuite. This could happen if you are running JUnit tests in a way that is not handled by EvoSuite, in which some classes are loaded be reflection before the tests are run. Consult the EvoSuite documentation for possible workarounds for this issue.
09:34:23.558 [Test worker] ERROR o.e.r.c.ClassStateSupport - Class org.apache.log4j.helpers.DateTimeDateFormat was not instrumented by EvoSuite. This could happen if you are running JUnit tests in a way that is not handled by EvoSuite, in which some classes are loaded be reflection before the tests are run. Consult the EvoSuite documentation for possible workarounds for this issue.
09:34:23.559 [Test worker] ERROR o.e.r.c.ClassStateSupport - Class org.apache.log4j.Level was not instrumented by EvoSuite. This could happen if you are running JUnit tests in a way that is not handled by EvoSuite, in which some classes are loaded be reflection before the tests are run. Consult the EvoSuite documentation for possible workarounds for this issue.
09:34:23.559 [Test worker] ERROR o.e.r.c.ClassStateSupport - Class org.apache.log4j.helpers.PatternParser was not instrumented by EvoSuite. This could happen if you are running JUnit tests in a way that is not handled by EvoSuite, in which some classes are loaded be reflection before the tests are run. Consult the EvoSuite documentation for possible workarounds for this issue.
09:34:23.560 [Test worker] ERROR o.e.r.c.ClassStateSupport - Class net.sourceforge.ext4j.log.log4j.ExtrasPatternParser was not instrumented by EvoSuite. This could happen if you are running JUnit tests in a way that is not handled by EvoSuite, in which some classes are loaded be reflection before the tests are run. Consult the EvoSuite documentation for possible workarounds for this issue.
09:34:23.560 [Test worker] ERROR o.e.r.c.ClassStateSupport - Class org.apache.log4j.helpers.LogLog was not instrumented by EvoSuite. This could happen if you are running JUnit tests in a way that is not handled by EvoSuite, in which some classes are loaded be reflection before the tests are run. Consult the EvoSuite documentation for possible workarounds for this issue.
09:34:23.560 [Test worker] ERROR o.e.r.c.ClassStateSupport - Class org.apache.log4j.helpers.PatternParser$LiteralPatternConverter was not instrumented by EvoSuite. This could happen if you are running JUnit tests in a way that is not handled by EvoSuite, in which some classes are loaded be reflection before the tests are run. Consult the EvoSuite documentation for possible workarounds for this issue.
09:34:23.560 [Test worker] ERROR o.e.r.c.ClassStateSupport - Class org.apache.log4j.helpers.ISO8601DateFormat was not instrumented by EvoSuite. This could happen if you are running JUnit tests in a way that is not handled by EvoSuite, in which some classes are loaded be reflection before the tests are run. Consult the EvoSuite documentation for possible workarounds for this issue.
09:34:23.561 [Test worker] ERROR o.e.r.c.ClassStateSupport - Class net.sourceforge.ext4j.log.log4j.QueryStringConverter was not instrumented by EvoSuite. This could happen if you are running JUnit tests in a way that is not handled by EvoSuite, in which some classes are loaded be reflection before the tests are run. Consult the EvoSuite documentation for possible workarounds for this issue.
09:34:23.561 [Test worker] ERROR o.e.r.c.ClassStateSupport - Class org.apache.log4j.helpers.PatternParser$DatePatternConverter was not instrumented by EvoSuite. This could happen if you are running JUnit tests in a way that is not handled by EvoSuite, in which some classes are loaded be reflection before the tests are run. Consult the EvoSuite documentation for possible workarounds for this issue.
09:34:23.561 [Test worker] ERROR o.e.r.c.ClassStateSupport - Class org.apache.log4j.helpers.PatternParser$MDCPatternConverter was not instrumented by EvoSuite. This could happen if you are running JUnit tests in a way that is not handled by EvoSuite, in which some classes are loaded be reflection before the tests are run. Consult the EvoSuite documentation for possible workarounds for this issue.
09:34:23.561 [Test worker] ERROR o.e.r.c.ClassStateSupport - Class org.apache.log4j.Priority was not instrumented by EvoSuite. This could happen if you are running JUnit tests in a way that is not handled by EvoSuite, in which some classes are loaded be reflection before the tests are run. Consult the EvoSuite documentation for possible workarounds for this issue.
09:34:23.562 [Test worker] ERROR o.e.r.c.ClassStateSupport - Class org.apache.log4j.helpers.PatternParser$LocationPatternConverter was not instrumented by EvoSuite. This could happen if you are running JUnit tests in a way that is not handled by EvoSuite, in which some classes are loaded be reflection before the tests are run. Consult the EvoSuite documentation for possible workarounds for this issue.
09:34:23.562 [Test worker] ERROR o.e.r.c.ClassStateSupport - Class org.apache.log4j.helpers.PatternParser$BasicPatternConverter was not instrumented by EvoSuite. This could happen if you are running JUnit tests in a way that is not handled by EvoSuite, in which some classes are loaded be reflection before the tests are run. Consult the EvoSuite documentation for possible workarounds for this issue.
09:34:23.562 [Test worker] ERROR o.e.r.c.ClassStateSupport - Class net.sourceforge.ext4j.log.log4j.RemoteAddrConverter was not instrumented by EvoSuite. This could happen if you are running JUnit tests in a way that is not handled by EvoSuite, in which some classes are loaded be reflection before the tests are run. Consult the EvoSuite documentation for possible workarounds for this issue.
09:34:23.563 [Test worker] ERROR o.e.r.c.ClassStateSupport - Class org.apache.log4j.helpers.FormattingInfo was not instrumented by EvoSuite. This could happen if you are running JUnit tests in a way that is not handled by EvoSuite, in which some classes are loaded be reflection before the tests are run. Consult the EvoSuite documentation for possible workarounds for this issue.
09:34:23.563 [Test worker] ERROR o.e.r.c.ClassStateSupport - Class org.apache.log4j.helpers.OptionConverter was not instrumented by EvoSuite. This could happen if you are running JUnit tests in a way that is not handled by EvoSuite, in which some classes are loaded be reflection before the tests are run. Consult the EvoSuite documentation for possible workarounds for this issue.
09:34:23.614 [Test worker] INFO  o.e.runtime.thread.ThreadStopper - Found new thread
09:34:26.593 [Test worker] INFO  o.e.runtime.thread.ThreadStopper - Thread is still alive: junit-jupiter-timeout-watcher
09:34:26.599 [Test worker] DEBUG o.e.r.classhandling.ClassResetter - __STATIC_RESET() method does not exists in class org.apache.log4j.helpers.PatternParser
09:34:26.600 [Test worker] DEBUG o.e.r.classhandling.ClassResetter - __STATIC_RESET() method does not exists in class net.sourceforge.ext4j.log.log4j.ExtrasPatternParser
09:34:26.600 [Test worker] DEBUG o.e.r.classhandling.ClassResetter - __STATIC_RESET() method does not exists in class net.sourceforge.ext4j.log.Server
09:34:26.601 [Test worker] DEBUG o.e.r.classhandling.ClassResetter - __STATIC_RESET() method does not exists in class org.apache.log4j.helpers.FormattingInfo
09:34:26.601 [Test worker] DEBUG o.e.r.classhandling.ClassResetter - __STATIC_RESET() method does not exists in class org.apache.log4j.helpers.PatternConverter
09:34:26.601 [Test worker] DEBUG o.e.r.classhandling.ClassResetter - __STATIC_RESET() method does not exists in class org.apache.log4j.helpers.PatternParser$LiteralPatternConverter
09:34:26.602 [Test worker] DEBUG o.e.r.classhandling.ClassResetter - __STATIC_RESET() method does not exists in class org.apache.log4j.helpers.OptionConverter
09:34:26.602 [Test worker] DEBUG o.e.r.classhandling.ClassResetter - __STATIC_RESET() method does not exists in class org.apache.log4j.helpers.LogLog
09:34:26.602 [Test worker] DEBUG o.e.r.classhandling.ClassResetter - __STATIC_RESET() method does not exists in class org.apache.log4j.helpers.AbsoluteTimeDateFormat
09:34:26.602 [Test worker] DEBUG o.e.r.classhandling.ClassResetter - __STATIC_RESET() method does not exists in class org.apache.log4j.helpers.ISO8601DateFormat
09:34:26.603 [Test worker] DEBUG o.e.r.classhandling.ClassResetter - __STATIC_RESET() method does not exists in class org.apache.log4j.helpers.PatternParser$DatePatternConverter
09:34:26.603 [Test worker] DEBUG o.e.r.classhandling.ClassResetter - __STATIC_RESET() method does not exists in class org.apache.log4j.helpers.PatternParser$LocationPatternConverter
09:34:26.603 [Test worker] DEBUG o.e.r.classhandling.ClassResetter - __STATIC_RESET() method does not exists in class org.apache.log4j.helpers.PatternParser$NamedPatternConverter
09:34:26.603 [Test worker] DEBUG o.e.r.classhandling.ClassResetter - __STATIC_RESET() method does not exists in class org.apache.log4j.helpers.PatternParser$CategoryPatternConverter
09:34:26.603 [Test worker] DEBUG o.e.r.classhandling.ClassResetter - __STATIC_RESET() method does not exists in class org.apache.log4j.helpers.PatternParser$BasicPatternConverter
09:34:26.604 [Test worker] DEBUG o.e.r.classhandling.ClassResetter - __STATIC_RESET() method does not exists in class org.apache.log4j.helpers.PatternParser$MDCPatternConverter
09:34:26.604 [Test worker] DEBUG o.e.r.classhandling.ClassResetter - __STATIC_RESET() method does not exists in class net.sourceforge.ext4j.log.log4j.RemoteAddrConverter
09:34:26.604 [Test worker] DEBUG o.e.r.classhandling.ClassResetter - __STATIC_RESET() method does not exists in class net.sourceforge.ext4j.log.log4j.SimpleStringConverter
09:34:26.604 [Test worker] DEBUG o.e.r.classhandling.ClassResetter - __STATIC_RESET() method does not exists in class net.sourceforge.ext4j.log.log4j.QueryStringConverter
09:34:26.604 [Test worker] DEBUG o.e.r.classhandling.ClassResetter - __STATIC_RESET() method does not exists in class org.apache.log4j.helpers.PatternParser$ClassNamePatternConverter
09:34:26.605 [Test worker] DEBUG o.e.r.classhandling.ClassResetter - __STATIC_RESET() method does not exists in class net.sourceforge.ext4j.log.log4j.RequestURIConverter
09:34:26.627 [Test worker] DEBUG o.e.r.classhandling.ClassResetter - __STATIC_RESET() method does not exists in class org.apache.log4j.helpers.PatternParser
09:34:26.627 [Test worker] DEBUG o.e.r.classhandling.ClassResetter - __STATIC_RESET() method does not exists in class net.sourceforge.ext4j.log.log4j.ExtrasPatternParser
09:34:26.627 [Test worker] DEBUG o.e.r.classhandling.ClassResetter - __STATIC_RESET() method does not exists in class net.sourceforge.ext4j.log.Server
09:34:26.628 [Test worker] DEBUG o.e.r.classhandling.ClassResetter - __STATIC_RESET() method does not exists in class org.apache.log4j.helpers.FormattingInfo
09:34:26.628 [Test worker] DEBUG o.e.r.classhandling.ClassResetter - __STATIC_RESET() method does not exists in class org.apache.log4j.helpers.PatternConverter
09:34:26.628 [Test worker] DEBUG o.e.r.classhandling.ClassResetter - __STATIC_RESET() method does not exists in class org.apache.log4j.helpers.PatternParser$LiteralPatternConverter
09:34:26.628 [Test worker] DEBUG o.e.r.classhandling.ClassResetter - __STATIC_RESET() method does not exists in class org.apache.log4j.helpers.OptionConverter
09:34:26.628 [Test worker] DEBUG o.e.r.classhandling.ClassResetter - __STATIC_RESET() method does not exists in class org.apache.log4j.helpers.LogLog
09:34:26.628 [Test worker] DEBUG o.e.r.classhandling.ClassResetter - __STATIC_RESET() method does not exists in class org.apache.log4j.helpers.AbsoluteTimeDateFormat
09:34:26.630 [Test worker] DEBUG o.e.r.classhandling.ClassResetter - __STATIC_RESET() method does not exists in class org.apache.log4j.helpers.ISO8601DateFormat
09:34:26.630 [Test worker] DEBUG o.e.r.classhandling.ClassResetter - __STATIC_RESET() method does not exists in class org.apache.log4j.helpers.PatternParser$DatePatternConverter
09:34:26.631 [Test worker] DEBUG o.e.r.classhandling.ClassResetter - __STATIC_RESET() method does not exists in class org.apache.log4j.helpers.PatternParser$LocationPatternConverter
09:34:26.633 [Test worker] DEBUG o.e.r.classhandling.ClassResetter - __STATIC_RESET() method does not exists in class org.apache.log4j.helpers.PatternParser$NamedPatternConverter
09:34:26.633 [Test worker] DEBUG o.e.r.classhandling.ClassResetter - __STATIC_RESET() method does not exists in class org.apache.log4j.helpers.PatternParser$CategoryPatternConverter
09:34:26.634 [Test worker] DEBUG o.e.r.classhandling.ClassResetter - __STATIC_RESET() method does not exists in class org.apache.log4j.helpers.PatternParser$BasicPatternConverter
09:34:26.634 [Test worker] DEBUG o.e.r.classhandling.ClassResetter - __STATIC_RESET() method does not exists in class org.apache.log4j.helpers.PatternParser$MDCPatternConverter
09:34:26.634 [Test worker] DEBUG o.e.r.classhandling.ClassResetter - __STATIC_RESET() method does not exists in class net.sourceforge.ext4j.log.log4j.RemoteAddrConverter
09:34:26.634 [Test worker] DEBUG o.e.r.classhandling.ClassResetter - __STATIC_RESET() method does not exists in class net.sourceforge.ext4j.log.log4j.SimpleStringConverter
09:34:26.634 [Test worker] DEBUG o.e.r.classhandling.ClassResetter - __STATIC_RESET() method does not exists in class net.sourceforge.ext4j.log.log4j.QueryStringConverter
09:34:26.635 [Test worker] DEBUG o.e.r.classhandling.ClassResetter - __STATIC_RESET() method does not exists in class org.apache.log4j.helpers.PatternParser$ClassNamePatternConverter
09:34:26.635 [Test worker] DEBUG o.e.r.classhandling.ClassResetter - __STATIC_RESET() method does not exists in class net.sourceforge.ext4j.log.log4j.RequestURIConverter
09:34:26.642 [Test worker] DEBUG o.e.r.classhandling.ClassResetter - __STATIC_RESET() method does not exists in class org.apache.log4j.helpers.PatternParser
09:34:26.642 [Test worker] DEBUG o.e.r.classhandling.ClassResetter - __STATIC_RESET() method does not exists in class net.sourceforge.ext4j.log.log4j.ExtrasPatternParser
09:34:26.643 [Test worker] DEBUG o.e.r.classhandling.ClassResetter - __STATIC_RESET() method does not exists in class net.sourceforge.ext4j.log.Server
09:34:26.643 [Test worker] DEBUG o.e.r.classhandling.ClassResetter - __STATIC_RESET() method does not exists in class org.apache.log4j.helpers.FormattingInfo
09:34:26.643 [Test worker] DEBUG o.e.r.classhandling.ClassResetter - __STATIC_RESET() method does not exists in class org.apache.log4j.helpers.PatternConverter
09:34:26.643 [Test worker] DEBUG o.e.r.classhandling.ClassResetter - __STATIC_RESET() method does not exists in class org.apache.log4j.helpers.PatternParser$LiteralPatternConverter
09:34:26.643 [Test worker] DEBUG o.e.r.classhandling.ClassResetter - __STATIC_RESET() method does not exists in class org.apache.log4j.helpers.OptionConverter
09:34:26.643 [Test worker] DEBUG o.e.r.classhandling.ClassResetter - __STATIC_RESET() method does not exists in class org.apache.log4j.helpers.LogLog
09:34:26.644 [Test worker] DEBUG o.e.r.classhandling.ClassResetter - __STATIC_RESET() method does not exists in class org.apache.log4j.helpers.AbsoluteTimeDateFormat
09:34:26.644 [Test worker] DEBUG o.e.r.classhandling.ClassResetter - __STATIC_RESET() method does not exists in class org.apache.log4j.helpers.ISO8601DateFormat
09:34:26.644 [Test worker] DEBUG o.e.r.classhandling.ClassResetter - __STATIC_RESET() method does not exists in class org.apache.log4j.helpers.PatternParser$DatePatternConverter
09:34:26.644 [Test worker] DEBUG o.e.r.classhandling.ClassResetter - __STATIC_RESET() method does not exists in class org.apache.log4j.helpers.PatternParser$LocationPatternConverter
09:34:26.644 [Test worker] DEBUG o.e.r.classhandling.ClassResetter - __STATIC_RESET() method does not exists in class org.apache.log4j.helpers.PatternParser$NamedPatternConverter
09:34:26.644 [Test worker] DEBUG o.e.r.classhandling.ClassResetter - __STATIC_RESET() method does not exists in class org.apache.log4j.helpers.PatternParser$CategoryPatternConverter
09:34:26.645 [Test worker] DEBUG o.e.r.classhandling.ClassResetter - __STATIC_RESET() method does not exists in class org.apache.log4j.helpers.PatternParser$BasicPatternConverter
09:34:26.645 [Test worker] DEBUG o.e.r.classhandling.ClassResetter - __STATIC_RESET() method does not exists in class org.apache.log4j.helpers.PatternParser$MDCPatternConverter
09:34:26.645 [Test worker] DEBUG o.e.r.classhandling.ClassResetter - __STATIC_RESET() method does not exists in class net.sourceforge.ext4j.log.log4j.RemoteAddrConverter
09:34:26.645 [Test worker] DEBUG o.e.r.classhandling.ClassResetter - __STATIC_RESET() method does not exists in class net.sourceforge.ext4j.log.log4j.SimpleStringConverter
09:34:26.645 [Test worker] DEBUG o.e.r.classhandling.ClassResetter - __STATIC_RESET() method does not exists in class net.sourceforge.ext4j.log.log4j.QueryStringConverter
09:34:26.646 [Test worker] DEBUG o.e.r.classhandling.ClassResetter - __STATIC_RESET() method does not exists in class org.apache.log4j.helpers.PatternParser$ClassNamePatternConverter
09:34:26.646 [Test worker] DEBUG o.e.r.classhandling.ClassResetter - __STATIC_RESET() method does not exists in class net.sourceforge.ext4j.log.log4j.RequestURIConverter
09:34:26.655 [Test worker] DEBUG o.e.r.classhandling.ClassResetter - __STATIC_RESET() method does not exists in class org.apache.log4j.helpers.PatternParser
09:34:26.655 [Test worker] DEBUG o.e.r.classhandling.ClassResetter - __STATIC_RESET() method does not exists in class net.sourceforge.ext4j.log.log4j.ExtrasPatternParser
09:34:26.656 [Test worker] DEBUG o.e.r.classhandling.ClassResetter - __STATIC_RESET() method does not exists in class net.sourceforge.ext4j.log.Server
09:34:26.656 [Test worker] DEBUG o.e.r.classhandling.ClassResetter - __STATIC_RESET() method does not exists in class org.apache.log4j.helpers.FormattingInfo
09:34:26.656 [Test worker] DEBUG o.e.r.classhandling.ClassResetter - __STATIC_RESET() method does not exists in class org.apache.log4j.helpers.PatternConverter
09:34:26.656 [Test worker] DEBUG o.e.r.classhandling.ClassResetter - __STATIC_RESET() method does not exists in class org.apache.log4j.helpers.PatternParser$LiteralPatternConverter
09:34:26.657 [Test worker] DEBUG o.e.r.classhandling.ClassResetter - __STATIC_RESET() method does not exists in class org.apache.log4j.helpers.OptionConverter
09:34:26.657 [Test worker] DEBUG o.e.r.classhandling.ClassResetter - __STATIC_RESET() method does not exists in class org.apache.log4j.helpers.LogLog
09:34:26.657 [Test worker] DEBUG o.e.r.classhandling.ClassResetter - __STATIC_RESET() method does not exists in class org.apache.log4j.helpers.AbsoluteTimeDateFormat
09:34:26.657 [Test worker] DEBUG o.e.r.classhandling.ClassResetter - __STATIC_RESET() method does not exists in class org.apache.log4j.helpers.ISO8601DateFormat
09:34:26.658 [Test worker] DEBUG o.e.r.classhandling.ClassResetter - __STATIC_RESET() method does not exists in class org.apache.log4j.helpers.PatternParser$DatePatternConverter
09:34:26.658 [Test worker] DEBUG o.e.r.classhandling.ClassResetter - __STATIC_RESET() method does not exists in class org.apache.log4j.helpers.PatternParser$LocationPatternConverter
09:34:26.658 [Test worker] DEBUG o.e.r.classhandling.ClassResetter - __STATIC_RESET() method does not exists in class org.apache.log4j.helpers.PatternParser$NamedPatternConverter
09:34:26.658 [Test worker] DEBUG o.e.r.classhandling.ClassResetter - __STATIC_RESET() method does not exists in class org.apache.log4j.helpers.PatternParser$CategoryPatternConverter
09:34:26.658 [Test worker] DEBUG o.e.r.classhandling.ClassResetter - __STATIC_RESET() method does not exists in class org.apache.log4j.helpers.PatternParser$BasicPatternConverter
09:34:26.658 [Test worker] DEBUG o.e.r.classhandling.ClassResetter - __STATIC_RESET() method does not exists in class org.apache.log4j.helpers.PatternParser$MDCPatternConverter
09:34:26.659 [Test worker] DEBUG o.e.r.classhandling.ClassResetter - __STATIC_RESET() method does not exists in class net.sourceforge.ext4j.log.log4j.RemoteAddrConverter
09:34:26.659 [Test worker] DEBUG o.e.r.classhandling.ClassResetter - __STATIC_RESET() method does not exists in class net.sourceforge.ext4j.log.log4j.SimpleStringConverter
09:34:26.659 [Test worker] DEBUG o.e.r.classhandling.ClassResetter - __STATIC_RESET() method does not exists in class net.sourceforge.ext4j.log.log4j.QueryStringConverter
09:34:26.659 [Test worker] DEBUG o.e.r.classhandling.ClassResetter - __STATIC_RESET() method does not exists in class org.apache.log4j.helpers.PatternParser$ClassNamePatternConverter
09:34:26.659 [Test worker] DEBUG o.e.r.classhandling.ClassResetter - __STATIC_RESET() method does not exists in class net.sourceforge.ext4j.log.log4j.RequestURIConverter
09:34:26.664 [Test worker] DEBUG o.e.r.classhandling.ClassResetter - __STATIC_RESET() method does not exists in class org.apache.log4j.helpers.PatternParser
09:34:26.664 [Test worker] DEBUG o.e.r.classhandling.ClassResetter - __STATIC_RESET() method does not exists in class net.sourceforge.ext4j.log.log4j.ExtrasPatternParser
09:34:26.664 [Test worker] DEBUG o.e.r.classhandling.ClassResetter - __STATIC_RESET() method does not exists in class net.sourceforge.ext4j.log.Server
09:34:26.665 [Test worker] DEBUG o.e.r.classhandling.ClassResetter - __STATIC_RESET() method does not exists in class org.apache.log4j.helpers.FormattingInfo
09:34:26.665 [Test worker] DEBUG o.e.r.classhandling.ClassResetter - __STATIC_RESET() method does not exists in class org.apache.log4j.helpers.PatternConverter
09:34:26.665 [Test worker] DEBUG o.e.r.classhandling.ClassResetter - __STATIC_RESET() method does not exists in class org.apache.log4j.helpers.PatternParser$LiteralPatternConverter
09:34:26.665 [Test worker] DEBUG o.e.r.classhandling.ClassResetter - __STATIC_RESET() method does not exists in class org.apache.log4j.helpers.OptionConverter
09:34:26.665 [Test worker] DEBUG o.e.r.classhandling.ClassResetter - __STATIC_RESET() method does not exists in class org.apache.log4j.helpers.LogLog
09:34:26.665 [Test worker] DEBUG o.e.r.classhandling.ClassResetter - __STATIC_RESET() method does not exists in class org.apache.log4j.helpers.AbsoluteTimeDateFormat
09:34:26.666 [Test worker] DEBUG o.e.r.classhandling.ClassResetter - __STATIC_RESET() method does not exists in class org.apache.log4j.helpers.ISO8601DateFormat
09:34:26.666 [Test worker] DEBUG o.e.r.classhandling.ClassResetter - __STATIC_RESET() method does not exists in class org.apache.log4j.helpers.PatternParser$DatePatternConverter
09:34:26.666 [Test worker] DEBUG o.e.r.classhandling.ClassResetter - __STATIC_RESET() method does not exists in class org.apache.log4j.helpers.PatternParser$LocationPatternConverter
09:34:26.666 [Test worker] DEBUG o.e.r.classhandling.ClassResetter - __STATIC_RESET() method does not exists in class org.apache.log4j.helpers.PatternParser$NamedPatternConverter
09:34:26.666 [Test worker] DEBUG o.e.r.classhandling.ClassResetter - __STATIC_RESET() method does not exists in class org.apache.log4j.helpers.PatternParser$CategoryPatternConverter
09:34:26.667 [Test worker] DEBUG o.e.r.classhandling.ClassResetter - __STATIC_RESET() method does not exists in class org.apache.log4j.helpers.PatternParser$BasicPatternConverter
09:34:26.667 [Test worker] DEBUG o.e.r.classhandling.ClassResetter - __STATIC_RESET() method does not exists in class org.apache.log4j.helpers.PatternParser$MDCPatternConverter
09:34:26.667 [Test worker] DEBUG o.e.r.classhandling.ClassResetter - __STATIC_RESET() method does not exists in class net.sourceforge.ext4j.log.log4j.RemoteAddrConverter
09:34:26.667 [Test worker] DEBUG o.e.r.classhandling.ClassResetter - __STATIC_RESET() method does not exists in class net.sourceforge.ext4j.log.log4j.SimpleStringConverter
09:34:26.667 [Test worker] DEBUG o.e.r.classhandling.ClassResetter - __STATIC_RESET() method does not exists in class net.sourceforge.ext4j.log.log4j.QueryStringConverter
09:34:26.667 [Test worker] DEBUG o.e.r.classhandling.ClassResetter - __STATIC_RESET() method does not exists in class org.apache.log4j.helpers.PatternParser$ClassNamePatternConverter
09:34:26.668 [Test worker] DEBUG o.e.r.classhandling.ClassResetter - __STATIC_RESET() method does not exists in class net.sourceforge.ext4j.log.log4j.RequestURIConverter
09:34:26.676 [Test worker] DEBUG o.e.r.classhandling.ClassResetter - __STATIC_RESET() method does not exists in class org.apache.log4j.helpers.PatternParser
09:34:26.677 [Test worker] DEBUG o.e.r.classhandling.ClassResetter - __STATIC_RESET() method does not exists in class net.sourceforge.ext4j.log.log4j.ExtrasPatternParser
09:34:26.677 [Test worker] DEBUG o.e.r.classhandling.ClassResetter - __STATIC_RESET() method does not exists in class net.sourceforge.ext4j.log.Server
09:34:26.677 [Test worker] DEBUG o.e.r.classhandling.ClassResetter - __STATIC_RESET() method does not exists in class org.apache.log4j.helpers.FormattingInfo
09:34:26.677 [Test worker] DEBUG o.e.r.classhandling.ClassResetter - __STATIC_RESET() method does not exists in class org.apache.log4j.helpers.PatternConverter
09:34:26.678 [Test worker] DEBUG o.e.r.classhandling.ClassResetter - __STATIC_RESET() method does not exists in class org.apache.log4j.helpers.PatternParser$LiteralPatternConverter
09:34:26.678 [Test worker] DEBUG o.e.r.classhandling.ClassResetter - __STATIC_RESET() method does not exists in class org.apache.log4j.helpers.OptionConverter
09:34:26.678 [Test worker] DEBUG o.e.r.classhandling.ClassResetter - __STATIC_RESET() method does not exists in class org.apache.log4j.helpers.LogLog
09:34:26.678 [Test worker] DEBUG o.e.r.classhandling.ClassResetter - __STATIC_RESET() method does not exists in class org.apache.log4j.helpers.AbsoluteTimeDateFormat
09:34:26.678 [Test worker] DEBUG o.e.r.classhandling.ClassResetter - __STATIC_RESET() method does not exists in class org.apache.log4j.helpers.ISO8601DateFormat
09:34:26.679 [Test worker] DEBUG o.e.r.classhandling.ClassResetter - __STATIC_RESET() method does not exists in class org.apache.log4j.helpers.PatternParser$DatePatternConverter
09:34:26.679 [Test worker] DEBUG o.e.r.classhandling.ClassResetter - __STATIC_RESET() method does not exists in class org.apache.log4j.helpers.PatternParser$LocationPatternConverter
09:34:26.679 [Test worker] DEBUG o.e.r.classhandling.ClassResetter - __STATIC_RESET() method does not exists in class org.apache.log4j.helpers.PatternParser$NamedPatternConverter
09:34:26.679 [Test worker] DEBUG o.e.r.classhandling.ClassResetter - __STATIC_RESET() method does not exists in class org.apache.log4j.helpers.PatternParser$CategoryPatternConverter
09:34:26.679 [Test worker] DEBUG o.e.r.classhandling.ClassResetter - __STATIC_RESET() method does not exists in class org.apache.log4j.helpers.PatternParser$BasicPatternConverter
09:34:26.679 [Test worker] DEBUG o.e.r.classhandling.ClassResetter - __STATIC_RESET() method does not exists in class org.apache.log4j.helpers.PatternParser$MDCPatternConverter
09:34:26.683 [Test worker] DEBUG o.e.r.classhandling.ClassResetter - __STATIC_RESET() method does not exists in class net.sourceforge.ext4j.log.log4j.RemoteAddrConverter
09:34:26.684 [Test worker] DEBUG o.e.r.classhandling.ClassResetter - __STATIC_RESET() method does not exists in class net.sourceforge.ext4j.log.log4j.SimpleStringConverter
09:34:26.684 [Test worker] DEBUG o.e.r.classhandling.ClassResetter - __STATIC_RESET() method does not exists in class net.sourceforge.ext4j.log.log4j.QueryStringConverter
09:34:26.687 [Test worker] DEBUG o.e.r.classhandling.ClassResetter - __STATIC_RESET() method does not exists in class org.apache.log4j.helpers.PatternParser$ClassNamePatternConverter
09:34:26.688 [Test worker] DEBUG o.e.r.classhandling.ClassResetter - __STATIC_RESET() method does not exists in class net.sourceforge.ext4j.log.log4j.RequestURIConverter
]]></system-out>
  <system-err><![CDATA[log4j:ERROR Unexpected char [^] at position 0 in conversion patterrn.
]]></system-err>
</testsuite>
