<?xml version="1.0" encoding="UTF-8"?>
<testsuite name="net.sourceforge.squirrel_sql.fw.gui.CascadeInternalFramePositioner_ESTest" tests="2" skipped="0" failures="1" errors="0" timestamp="2024-03-15T09:39:31" hostname="dark-cable-rests-fin-01" time="3.452">
  <properties/>
  <testcase name="testPositionInternalFrameThrowsIllegalArgumentException()" classname="net.sourceforge.squirrel_sql.fw.gui.CascadeInternalFramePositioner_ESTest" time="3.308"/>
  <testcase name="initializationError" classname="net.sourceforge.squirrel_sql.fw.gui.CascadeInternalFramePositioner_ESTest" time="0.011">
    <failure message="org.junit.runners.model.InvalidTestClassError: Invalid test class 'net.sourceforge.squirrel_sql.fw.gui.CascadeInternalFramePositioner_ESTest':&#10;  1. No runnable methods" type="org.junit.runners.model.InvalidTestClassError">org.junit.runners.model.InvalidTestClassError: Invalid test class 'net.sourceforge.squirrel_sql.fw.gui.CascadeInternalFramePositioner_ESTest':
  1. No runnable methods
	at org.junit.runners.ParentRunner.validate(ParentRunner.java:525)
	at org.junit.runners.ParentRunner.&lt;init&gt;(ParentRunner.java:92)
	at org.junit.runners.BlockJUnit4ClassRunner.&lt;init&gt;(BlockJUnit4ClassRunner.java:74)
	at org.evosuite.runtime.EvoRunner.&lt;init&gt;(EvoRunner.java:76)
	at sun.reflect.NativeConstructorAccessorImpl.newInstance0(Native Method)
	at sun.reflect.NativeConstructorAccessorImpl.newInstance(NativeConstructorAccessorImpl.java:62)
	at sun.reflect.DelegatingConstructorAccessorImpl.newInstance(DelegatingConstructorAccessorImpl.java:45)
	at java.lang.reflect.Constructor.newInstance(Constructor.java:423)
	at org.junit.internal.builders.AnnotatedBuilder.buildRunner(AnnotatedBuilder.java:104)
	at org.junit.vintage.engine.discovery.DefensiveAllDefaultPossibilitiesBuilder$DefensiveAnnotatedBuilder.buildRunner(DefensiveAllDefaultPossibilitiesBuilder.java:114)
	at org.junit.internal.builders.AnnotatedBuilder.runnerForClass(AnnotatedBuilder.java:86)
	at org.junit.runners.model.RunnerBuilder.safeRunnerForClass(RunnerBuilder.java:70)
	at org.junit.internal.builders.AllDefaultPossibilitiesBuilder.runnerForClass(AllDefaultPossibilitiesBuilder.java:37)
	at org.junit.vintage.engine.discovery.DefensiveAllDefaultPossibilitiesBuilder.runnerForClass(DefensiveAllDefaultPossibilitiesBuilder.java:57)
	at org.junit.runners.model.RunnerBuilder.safeRunnerForClass(RunnerBuilder.java:70)
	at org.junit.vintage.engine.discovery.ClassSelectorResolver.resolveTestClass(ClassSelectorResolver.java:66)
	at org.junit.vintage.engine.discovery.ClassSelectorResolver.resolve(ClassSelectorResolver.java:47)
	at org.junit.platform.engine.support.discovery.EngineDiscoveryRequestResolution.lambda$resolve$2(EngineDiscoveryRequestResolution.java:134)
	at java.util.stream.ReferencePipeline$3$1.accept(ReferencePipeline.java:193)
	at java.util.ArrayList$ArrayListSpliterator.tryAdvance(ArrayList.java:1361)
	at java.util.stream.ReferencePipeline.forEachWithCancel(ReferencePipeline.java:126)
	at java.util.stream.AbstractPipeline.copyIntoWithCancel(AbstractPipeline.java:499)
	at java.util.stream.AbstractPipeline.copyInto(AbstractPipeline.java:486)
	at java.util.stream.AbstractPipeline.wrapAndCopyInto(AbstractPipeline.java:472)
	at java.util.stream.FindOps$FindOp.evaluateSequential(FindOps.java:152)
	at java.util.stream.AbstractPipeline.evaluate(AbstractPipeline.java:234)
	at java.util.stream.ReferencePipeline.findFirst(ReferencePipeline.java:531)
	at org.junit.platform.engine.support.discovery.EngineDiscoveryRequestResolution.resolve(EngineDiscoveryRequestResolution.java:185)
	at org.junit.platform.engine.support.discovery.EngineDiscoveryRequestResolution.resolve(EngineDiscoveryRequestResolution.java:125)
	at org.junit.platform.engine.support.discovery.EngineDiscoveryRequestResolution.resolveCompletely(EngineDiscoveryRequestResolution.java:91)
	at org.junit.platform.engine.support.discovery.EngineDiscoveryRequestResolution.run(EngineDiscoveryRequestResolution.java:82)
	at org.junit.platform.engine.support.discovery.EngineDiscoveryRequestResolver.resolve(EngineDiscoveryRequestResolver.java:113)
	at org.junit.vintage.engine.discovery.VintageDiscoverer.discover(VintageDiscoverer.java:42)
	at org.junit.vintage.engine.VintageTestEngine.discover(VintageTestEngine.java:64)
	at org.junit.platform.launcher.core.EngineDiscoveryOrchestrator.discoverEngineRoot(EngineDiscoveryOrchestrator.java:152)
	at org.junit.platform.launcher.core.EngineDiscoveryOrchestrator.discoverSafely(EngineDiscoveryOrchestrator.java:134)
	at org.junit.platform.launcher.core.EngineDiscoveryOrchestrator.discover(EngineDiscoveryOrchestrator.java:108)
	at org.junit.platform.launcher.core.EngineDiscoveryOrchestrator.discover(EngineDiscoveryOrchestrator.java:80)
	at org.junit.platform.launcher.core.DefaultLauncher.discover(DefaultLauncher.java:110)
	at org.junit.platform.launcher.core.DefaultLauncher.execute(DefaultLauncher.java:86)
	at org.junit.platform.launcher.core.DefaultLauncherSession$DelegatingLauncher.execute(DefaultLauncherSession.java:86)
	at org.gradle.api.internal.tasks.testing.junitplatform.JUnitPlatformTestClassProcessor$CollectAllTestClassesExecutor.processAllTestClasses(JUnitPlatformTestClassProcessor.java:119)
	at org.gradle.api.internal.tasks.testing.junitplatform.JUnitPlatformTestClassProcessor$CollectAllTestClassesExecutor.access$000(JUnitPlatformTestClassProcessor.java:94)
	at org.gradle.api.internal.tasks.testing.junitplatform.JUnitPlatformTestClassProcessor.stop(JUnitPlatformTestClassProcessor.java:89)
	at org.gradle.api.internal.tasks.testing.SuiteTestClassProcessor.stop(SuiteTestClassProcessor.java:62)
	at sun.reflect.NativeMethodAccessorImpl.invoke0(Native Method)
	at sun.reflect.NativeMethodAccessorImpl.invoke(NativeMethodAccessorImpl.java:62)
	at sun.reflect.DelegatingMethodAccessorImpl.invoke(DelegatingMethodAccessorImpl.java:43)
	at java.lang.reflect.Method.invoke(Method.java:498)
	at org.gradle.internal.dispatch.ReflectionDispatch.dispatch(ReflectionDispatch.java:36)
	at org.gradle.internal.dispatch.ReflectionDispatch.dispatch(ReflectionDispatch.java:24)
	at org.gradle.internal.dispatch.ContextClassLoaderDispatch.dispatch(ContextClassLoaderDispatch.java:33)
	at org.gradle.internal.dispatch.ProxyDispatchAdapter$DispatchingInvocationHandler.invoke(ProxyDispatchAdapter.java:94)
	at com.sun.proxy.$Proxy2.stop(Unknown Source)
	at org.gradle.api.internal.tasks.testing.worker.TestWorker$3.run(TestWorker.java:193)
	at org.gradle.api.internal.tasks.testing.worker.TestWorker.executeAndMaintainThreadName(TestWorker.java:129)
	at org.gradle.api.internal.tasks.testing.worker.TestWorker.execute(TestWorker.java:100)
	at org.gradle.api.internal.tasks.testing.worker.TestWorker.execute(TestWorker.java:60)
	at org.gradle.process.internal.worker.child.ActionExecutionWorker.execute(ActionExecutionWorker.java:56)
	at org.gradle.process.internal.worker.child.SystemApplicationClassLoaderWorker.call(SystemApplicationClassLoaderWorker.java:113)
	at org.gradle.process.internal.worker.child.SystemApplicationClassLoaderWorker.call(SystemApplicationClassLoaderWorker.java:65)
	at worker.org.gradle.process.internal.worker.GradleWorkerMain.run(GradleWorkerMain.java:69)
	at worker.org.gradle.process.internal.worker.GradleWorkerMain.main(GradleWorkerMain.java:74)
</failure>
  </testcase>
  <system-out><![CDATA[09:39:31.133 [Test worker] DEBUG org.evosuite.runtime.sandbox.MSecurityManager - Adding privileged thread: "Reference Handler"
09:39:31.134 [Test worker] DEBUG org.evosuite.runtime.sandbox.MSecurityManager - Adding privileged thread: "Finalizer"
09:39:31.134 [Test worker] DEBUG org.evosuite.runtime.sandbox.MSecurityManager - Adding privileged thread: "Signal Dispatcher"
09:39:31.134 [Test worker] DEBUG org.evosuite.runtime.sandbox.MSecurityManager - Adding privileged thread: "Java2D Disposer"
09:39:31.135 [Test worker] DEBUG org.evosuite.runtime.sandbox.MSecurityManager - Adding privileged thread: "Test worker"
09:39:31.139 [Test worker] DEBUG org.evosuite.runtime.sandbox.MSecurityManager - Adding privileged thread: "/127.0.0.1:46316 to /127.0.0.1:37403 workers"
09:39:31.140 [Test worker] DEBUG org.evosuite.runtime.sandbox.MSecurityManager - Adding privileged thread: "/127.0.0.1:46316 to /127.0.0.1:37403 workers Thread 2"
09:39:31.140 [Test worker] DEBUG org.evosuite.runtime.sandbox.MSecurityManager - Adding privileged thread: "/127.0.0.1:46316 to /127.0.0.1:37403 workers Thread 3"
09:39:31.242 [Test worker] ERROR org.evosuite.runtime.classhandling.ClassStateSupport - Found $jacocoInit in class net.sourceforge.squirrel_sql.fw.gui.CascadeInternalFramePositioner
09:39:31.248 [Test worker] ERROR org.evosuite.runtime.classhandling.ClassStateSupport - Class net.sourceforge.squirrel_sql.fw.gui.CascadeInternalFramePositioner was not instrumented by EvoSuite. This could happen if you are running JUnit tests in a way that is not handled by EvoSuite, in which some classes are loaded be reflection before the tests are run. Consult the EvoSuite documentation for possible workarounds for this issue.
09:39:31.310 [Test worker] INFO org.evosuite.runtime.thread.ThreadStopper - Found new thread
09:39:34.279 [Test worker] INFO org.evosuite.runtime.thread.ThreadStopper - Thread is still alive: junit-jupiter-timeout-watcher
09:39:34.290 [Test worker] DEBUG org.evosuite.runtime.classhandling.ClassResetter - __STATIC_RESET() method does not exists in class net.sourceforge.squirrel_sql.fw.gui.CascadeInternalFramePositioner
09:39:34.304 [Test worker] DEBUG org.evosuite.runtime.classhandling.ClassResetter - __STATIC_RESET() method does not exists in class org.jfree.data.xy.XYDatasetTableModel
09:39:34.324 [Test worker] DEBUG org.evosuite.runtime.classhandling.ClassResetter - __STATIC_RESET() method does not exists in class org.fest.swing.applet.AppletViewer
09:39:34.325 [Test worker] DEBUG org.evosuite.runtime.classhandling.ClassResetter - __STATIC_RESET() method does not exists in class org.fest.swing.edt.GuiAction
09:39:34.328 [Test worker] DEBUG org.evosuite.runtime.classhandling.ClassResetter - __STATIC_RESET() method does not exists in class org.fest.swing.edt.GuiQuery
09:39:34.332 [Test worker] DEBUG org.evosuite.runtime.classhandling.ClassResetter - __STATIC_RESET() method does not exists in class org.fest.swing.edt.GuiActionRunner
09:39:34.334 [Test worker] DEBUG org.evosuite.runtime.classhandling.ClassResetter - __STATIC_RESET() method does not exists in class org.fest.util.Throwables
09:39:34.336 [Test worker] DEBUG org.evosuite.runtime.classhandling.ClassResetter - __STATIC_RESET() method does not exists in class org.fest.util.Collections
09:39:34.337 [Test worker] DEBUG org.evosuite.runtime.classhandling.ClassResetter - __STATIC_RESET() method does not exists in class org.fest.util.StackTraces
09:39:34.340 [Test worker] DEBUG org.evosuite.runtime.classhandling.ClassResetter - __STATIC_RESET() method does not exists in class org.jfree.data.general.AbstractDataset
09:39:34.344 [Test worker] DEBUG org.evosuite.runtime.classhandling.ClassResetter - __STATIC_RESET() method does not exists in class org.jfree.data.general.AbstractSeriesDataset
09:39:34.356 [Test worker] DEBUG org.evosuite.runtime.classhandling.ClassResetter - __STATIC_RESET() method does not exists in class org.jfree.data.gantt.TaskSeriesCollection
09:39:34.357 [Test worker] DEBUG org.evosuite.runtime.classhandling.ClassResetter - __STATIC_RESET() method does not exists in class org.jfree.data.general.DatasetGroup
09:39:34.359 [Test worker] DEBUG org.evosuite.runtime.classhandling.ClassResetter - __STATIC_RESET() method does not exists in class org.jfree.data.xy.AbstractXYDataset
09:39:34.363 [Test worker] DEBUG org.evosuite.runtime.classhandling.ClassResetter - __STATIC_RESET() method does not exists in class org.jfree.data.gantt.XYTaskDataset
09:39:34.367 [Test worker] DEBUG org.evosuite.runtime.classhandling.ClassResetter - __STATIC_RESET() method does not exists in class org.jfree.data.time.RegularTimePeriod
09:39:34.369 [Test worker] DEBUG org.evosuite.runtime.classhandling.ClassResetter - __STATIC_RESET() method does not exists in class org.jfree.data.time.FixedMillisecond
09:39:34.372 [Test worker] DEBUG org.evosuite.runtime.classhandling.ClassResetter - __STATIC_RESET() method does not exists in class org.springframework.util.CustomizableThreadCreator
09:39:34.374 [Test worker] DEBUG org.evosuite.runtime.classhandling.ClassResetter - __STATIC_RESET() method does not exists in class org.springframework.scheduling.concurrent.CustomizableThreadFactory
09:39:34.378 [Test worker] DEBUG org.evosuite.runtime.classhandling.ClassResetter - __STATIC_RESET() method does not exists in class org.apache.log4j.Level
09:39:34.379 [Test worker] DEBUG org.evosuite.runtime.classhandling.ClassResetter - __STATIC_RESET() method does not exists in class org.apache.log4j.Priority
09:39:34.386 [Test worker] DEBUG org.evosuite.runtime.classhandling.ClassResetter - __STATIC_RESET() method does not exists in class org.apache.commons.logging.impl.Log4JLogger
09:39:34.392 [Test worker] DEBUG org.evosuite.runtime.classhandling.ClassResetter - __STATIC_RESET() method does not exists in class org.apache.log4j.Category
09:39:34.394 [Test worker] DEBUG org.evosuite.runtime.classhandling.ClassResetter - __STATIC_RESET() method does not exists in class org.apache.log4j.Logger
09:39:34.401 [Test worker] DEBUG org.evosuite.runtime.classhandling.ClassResetter - __STATIC_RESET() method does not exists in class org.apache.log4j.Hierarchy
09:39:34.403 [Test worker] DEBUG org.evosuite.runtime.classhandling.ClassResetter - __STATIC_RESET() method does not exists in class org.apache.log4j.spi.RootLogger
09:39:34.405 [Test worker] DEBUG org.evosuite.runtime.classhandling.ClassResetter - __STATIC_RESET() method does not exists in class org.apache.log4j.or.DefaultRenderer
09:39:34.406 [Test worker] DEBUG org.evosuite.runtime.classhandling.ClassResetter - __STATIC_RESET() method does not exists in class org.apache.log4j.or.RendererMap
09:39:34.407 [Test worker] DEBUG org.evosuite.runtime.classhandling.ClassResetter - __STATIC_RESET() method does not exists in class org.apache.log4j.DefaultCategoryFactory
09:39:34.409 [Test worker] DEBUG org.evosuite.runtime.classhandling.ClassResetter - __STATIC_RESET() method does not exists in class org.apache.log4j.spi.DefaultRepositorySelector
09:39:34.413 [Test worker] DEBUG org.evosuite.runtime.classhandling.ClassResetter - __STATIC_RESET() method does not exists in class org.apache.log4j.helpers.OptionConverter
09:39:34.415 [Test worker] DEBUG org.evosuite.runtime.classhandling.ClassResetter - __STATIC_RESET() method does not exists in class org.apache.log4j.helpers.Loader
09:39:34.417 [Test worker] DEBUG org.evosuite.runtime.classhandling.ClassResetter - __STATIC_RESET() method does not exists in class org.apache.log4j.helpers.LogLog
09:39:34.423 [Test worker] DEBUG org.evosuite.runtime.classhandling.ClassResetter - __STATIC_RESET() method does not exists in class org.apache.log4j.PropertyConfigurator
09:39:34.425 [Test worker] DEBUG org.evosuite.runtime.classhandling.ClassResetter - __STATIC_RESET() method does not exists in class org.apache.log4j.LogManager
09:39:34.427 [Test worker] DEBUG org.evosuite.runtime.classhandling.ClassResetter - __STATIC_RESET() method does not exists in class org.apache.log4j.CategoryKey
09:39:34.427 [Test worker] DEBUG org.evosuite.runtime.classhandling.ClassResetter - __STATIC_RESET() method does not exists in class org.apache.log4j.ProvisionNode
09:39:34.432 [Test worker] DEBUG org.evosuite.runtime.classhandling.ClassResetter - __STATIC_RESET() method does not exists in class org.springframework.util.ClassUtils
09:39:34.434 [Test worker] DEBUG org.evosuite.runtime.classhandling.ClassResetter - __STATIC_RESET() method does not exists in class org.springframework.util.Assert
09:39:34.438 [Test worker] DEBUG org.evosuite.runtime.classhandling.ClassResetter - __STATIC_RESET() method does not exists in class org.springframework.util.StringUtils
09:39:34.442 [Test worker] DEBUG org.evosuite.runtime.classhandling.ClassResetter - __STATIC_RESET() method does not exists in class org.jboss.net.protocol.file.Handler
09:39:34.443 [Test worker] DEBUG org.evosuite.runtime.classhandling.ClassResetter - __STATIC_RESET() method does not exists in class org.jfree.data.general.Series
09:39:34.450 [Test worker] DEBUG org.evosuite.runtime.classhandling.ClassResetter - __STATIC_RESET() method does not exists in class org.jfree.data.xy.XYSeries
09:39:34.452 [Test worker] DEBUG org.evosuite.runtime.classhandling.ClassResetter - __STATIC_RESET() method does not exists in class org.jfree.data.xy.AbstractIntervalXYDataset
09:39:34.454 [Test worker] DEBUG org.evosuite.runtime.classhandling.ClassResetter - __STATIC_RESET() method does not exists in class org.jfree.data.xy.DefaultIntervalXYDataset
09:39:34.460 [Test worker] DEBUG org.evosuite.runtime.classhandling.ClassResetter - __STATIC_RESET() method does not exists in class org.jfree.data.time.TimeTableXYDataset
09:39:34.464 [Test worker] DEBUG org.evosuite.runtime.classhandling.ClassResetter - __STATIC_RESET() method does not exists in class org.jfree.data.DefaultKeyedValues2D
09:39:34.464 [Test worker] DEBUG org.evosuite.runtime.classhandling.ClassResetter - __STATIC_RESET() method does not exists in class org.jfree.data.time.TimePeriodAnchor
09:39:34.467 [Test worker] DEBUG org.evosuite.runtime.classhandling.ClassResetter - __STATIC_RESET() method does not exists in class org.jfree.data.xy.CategoryTableXYDataset
09:39:34.469 [Test worker] DEBUG org.evosuite.runtime.classhandling.ClassResetter - __STATIC_RESET() method does not exists in class org.jfree.data.xy.IntervalXYDelegate
09:39:34.477 [Test worker] DEBUG org.evosuite.runtime.classhandling.ClassResetter - __STATIC_RESET() method does not exists in class com.gargoylesoftware.base.resource.jdbc.ConnectionWrapper
09:39:34.481 [Test worker] DEBUG org.evosuite.runtime.classhandling.ClassResetter - __STATIC_RESET() method does not exists in class org.jfree.data.jdbc.JDBCXYDataset
09:39:34.485 [Test worker] DEBUG org.evosuite.runtime.classhandling.ClassResetter - __STATIC_RESET() method does not exists in class org.jfree.data.time.Second
09:39:34.489 [Test worker] DEBUG org.evosuite.runtime.classhandling.ClassResetter - __STATIC_RESET() method does not exists in class org.jfree.data.time.Minute
09:39:34.490 [Test worker] DEBUG org.evosuite.runtime.classhandling.ClassResetter - __STATIC_RESET() method does not exists in class org.jfree.data.time.Hour
09:39:34.494 [Test worker] DEBUG org.evosuite.runtime.classhandling.ClassResetter - __STATIC_RESET() method does not exists in class org.jfree.data.time.Day
09:39:34.496 [Test worker] DEBUG org.evosuite.runtime.classhandling.ClassResetter - __STATIC_RESET() method does not exists in class org.jfree.date.SerialDate
09:39:34.497 [Test worker] DEBUG org.evosuite.runtime.classhandling.ClassResetter - __STATIC_RESET() method does not exists in class org.jfree.date.SpreadsheetDate
09:39:34.500 [Test worker] DEBUG org.evosuite.runtime.classhandling.ClassResetter - __STATIC_RESET() method does not exists in class org.jfree.data.xy.XYSeriesCollection
09:39:34.514 [Test worker] DEBUG org.evosuite.runtime.classhandling.ClassResetter - __STATIC_RESET() method does not exists in class org.jfree.data.general.DatasetUtilities
09:39:34.515 [Test worker] DEBUG org.evosuite.runtime.classhandling.ClassResetter - __STATIC_RESET() method does not exists in class org.jboss.net.protocol.file.FileURLConnection
09:39:34.518 [Test worker] DEBUG org.evosuite.runtime.classhandling.ClassResetter - __STATIC_RESET() method does not exists in class org.jboss.net.protocol.njar.Handler
09:39:34.519 [Test worker] DEBUG org.evosuite.runtime.classhandling.ClassResetter - __STATIC_RESET() method does not exists in class org.jfree.data.xy.AbstractXYZDataset
09:39:34.523 [Test worker] DEBUG org.evosuite.runtime.classhandling.ClassResetter - __STATIC_RESET() method does not exists in class org.jfree.data.contour.DefaultContourDataset
09:39:34.525 [Test worker] DEBUG org.evosuite.runtime.classhandling.ClassResetter - __STATIC_RESET() method does not exists in class org.jfree.data.contour.NonGridContourDataset
09:39:34.527 [Test worker] DEBUG org.evosuite.runtime.classhandling.ClassResetter - __STATIC_RESET() method does not exists in class org.jfree.data.time.Millisecond
09:39:34.530 [Test worker] DEBUG org.evosuite.runtime.classhandling.ClassResetter - __STATIC_RESET() method does not exists in class org.fest.swing.applet.BasicAppletContext$EmptyAppletEnumeration
09:39:34.531 [Test worker] DEBUG org.evosuite.runtime.classhandling.ClassResetter - __STATIC_RESET() method does not exists in class org.fest.swing.applet.BasicAppletContext
09:39:34.536 [Test worker] DEBUG org.evosuite.runtime.classhandling.ClassResetter - __STATIC_RESET() method does not exists in class org.jboss.net.protocol.resource.Handler
09:39:34.543 [Test worker] DEBUG org.evosuite.runtime.classhandling.ClassResetter - __STATIC_RESET() method does not exists in class org.jfree.data.xy.DefaultTableXYDataset
09:39:34.546 [Test worker] DEBUG org.evosuite.runtime.classhandling.ClassResetter - __STATIC_RESET() method does not exists in class org.jfree.data.time.Year
09:39:34.547 [Test worker] DEBUG org.evosuite.runtime.classhandling.ClassResetter - __STATIC_RESET() method does not exists in class org.jfree.data.general.DatasetChangeEvent
09:39:34.550 [Test worker] DEBUG org.evosuite.runtime.classhandling.ClassResetter - __STATIC_RESET() method does not exists in class org.jfree.data.statistics.HistogramDataset
09:39:34.551 [Test worker] DEBUG org.evosuite.runtime.classhandling.ClassResetter - __STATIC_RESET() method does not exists in class org.jfree.data.statistics.HistogramType
09:39:34.551 [Test worker] DEBUG org.evosuite.runtime.classhandling.ClassResetter - __STATIC_RESET() method does not exists in class org.jboss.net.protocol.DelegatingURLConnection
09:39:34.552 [Test worker] DEBUG org.evosuite.runtime.classhandling.ClassResetter - __STATIC_RESET() method does not exists in class org.jboss.net.protocol.resource.ResourceURLConnection
09:39:34.552 [Test worker] DEBUG org.evosuite.runtime.classhandling.ClassResetter - __STATIC_RESET() method does not exists in class org.jfree.data.Range
09:39:34.558 [Test worker] DEBUG org.evosuite.runtime.classhandling.ClassResetter - __STATIC_RESET() method does not exists in class org.jfree.chart.HashUtilities
09:39:34.561 [Test worker] DEBUG org.evosuite.runtime.classhandling.ClassResetter - __STATIC_RESET() method does not exists in class com.gargoylesoftware.base.resource.jdbc.StatementWrapper
09:39:34.563 [Test worker] DEBUG org.evosuite.runtime.classhandling.ClassResetter - __STATIC_RESET() method does not exists in class org.jfree.data.time.SimpleTimePeriod
]]></system-out>
  <system-err><![CDATA[]]></system-err>
</testsuite>
