<?xml version="1.0" encoding="UTF-8"?>
<testsuite name="org.asphodel.DefaultRepositoryManager_ESTest" tests="2" skipped="0" failures="1" errors="0" timestamp="2024-03-15T09:55:51" hostname="dark-cable-rests-fin-01" time="3.106">
  <properties/>
  <testcase name="testFailsToCreateDefaultRepositoryManagerThrowsNullPointerException()" classname="org.asphodel.DefaultRepositoryManager_ESTest" time="3.039"/>
  <testcase name="initializationError" classname="org.asphodel.DefaultRepositoryManager_ESTest" time="0.009">
    <failure message="org.junit.runners.model.InvalidTestClassError: Invalid test class 'org.asphodel.DefaultRepositoryManager_ESTest':&#10;  1. No runnable methods" type="org.junit.runners.model.InvalidTestClassError">org.junit.runners.model.InvalidTestClassError: Invalid test class 'org.asphodel.DefaultRepositoryManager_ESTest':
  1. No runnable methods
	at org.junit.runners.ParentRunner.validate(ParentRunner.java:525)
	at org.junit.runners.ParentRunner.&lt;init&gt;(ParentRunner.java:92)
	at org.junit.runners.BlockJUnit4ClassRunner.&lt;init&gt;(BlockJUnit4ClassRunner.java:74)
	at org.evosuite.runtime.EvoRunner.&lt;init&gt;(EvoRunner.java:76)
	at sun.reflect.NativeConstructorAccessorImpl.newInstance0(Native Method)
	at sun.reflect.NativeConstructorAccessorImpl.newInstance(NativeConstructorAccessorImpl.java:62)
	at sun.reflect.DelegatingConstructorAccessorImpl.newInstance(DelegatingConstructorAccessorImpl.java:45)
	at java.lang.reflect.Constructor.newInstance(Constructor.java:423)
	at org.junit.internal.builders.AnnotatedBuilder.buildRunner(AnnotatedBuilder.java:104)
	at org.junit.vintage.engine.discovery.DefensiveAllDefaultPossibilitiesBuilder$DefensiveAnnotatedBuilder.buildRunner(DefensiveAllDefaultPossibilitiesBuilder.java:114)
	at org.junit.internal.builders.AnnotatedBuilder.runnerForClass(AnnotatedBuilder.java:86)
	at org.junit.runners.model.RunnerBuilder.safeRunnerForClass(RunnerBuilder.java:70)
	at org.junit.internal.builders.AllDefaultPossibilitiesBuilder.runnerForClass(AllDefaultPossibilitiesBuilder.java:37)
	at org.junit.vintage.engine.discovery.DefensiveAllDefaultPossibilitiesBuilder.runnerForClass(DefensiveAllDefaultPossibilitiesBuilder.java:57)
	at org.junit.runners.model.RunnerBuilder.safeRunnerForClass(RunnerBuilder.java:70)
	at org.junit.vintage.engine.discovery.ClassSelectorResolver.resolveTestClass(ClassSelectorResolver.java:66)
	at org.junit.vintage.engine.discovery.ClassSelectorResolver.resolve(ClassSelectorResolver.java:47)
	at org.junit.platform.engine.support.discovery.EngineDiscoveryRequestResolution.lambda$resolve$2(EngineDiscoveryRequestResolution.java:134)
	at java.util.stream.ReferencePipeline$3$1.accept(ReferencePipeline.java:193)
	at java.util.ArrayList$ArrayListSpliterator.tryAdvance(ArrayList.java:1361)
	at java.util.stream.ReferencePipeline.forEachWithCancel(ReferencePipeline.java:126)
	at java.util.stream.AbstractPipeline.copyIntoWithCancel(AbstractPipeline.java:499)
	at java.util.stream.AbstractPipeline.copyInto(AbstractPipeline.java:486)
	at java.util.stream.AbstractPipeline.wrapAndCopyInto(AbstractPipeline.java:472)
	at java.util.stream.FindOps$FindOp.evaluateSequential(FindOps.java:152)
	at java.util.stream.AbstractPipeline.evaluate(AbstractPipeline.java:234)
	at java.util.stream.ReferencePipeline.findFirst(ReferencePipeline.java:531)
	at org.junit.platform.engine.support.discovery.EngineDiscoveryRequestResolution.resolve(EngineDiscoveryRequestResolution.java:185)
	at org.junit.platform.engine.support.discovery.EngineDiscoveryRequestResolution.resolve(EngineDiscoveryRequestResolution.java:125)
	at org.junit.platform.engine.support.discovery.EngineDiscoveryRequestResolution.resolveCompletely(EngineDiscoveryRequestResolution.java:91)
	at org.junit.platform.engine.support.discovery.EngineDiscoveryRequestResolution.run(EngineDiscoveryRequestResolution.java:82)
	at org.junit.platform.engine.support.discovery.EngineDiscoveryRequestResolver.resolve(EngineDiscoveryRequestResolver.java:113)
	at org.junit.vintage.engine.discovery.VintageDiscoverer.discover(VintageDiscoverer.java:42)
	at org.junit.vintage.engine.VintageTestEngine.discover(VintageTestEngine.java:64)
	at org.junit.platform.launcher.core.EngineDiscoveryOrchestrator.discoverEngineRoot(EngineDiscoveryOrchestrator.java:152)
	at org.junit.platform.launcher.core.EngineDiscoveryOrchestrator.discoverSafely(EngineDiscoveryOrchestrator.java:134)
	at org.junit.platform.launcher.core.EngineDiscoveryOrchestrator.discover(EngineDiscoveryOrchestrator.java:108)
	at org.junit.platform.launcher.core.EngineDiscoveryOrchestrator.discover(EngineDiscoveryOrchestrator.java:80)
	at org.junit.platform.launcher.core.DefaultLauncher.discover(DefaultLauncher.java:110)
	at org.junit.platform.launcher.core.DefaultLauncher.execute(DefaultLauncher.java:86)
	at org.junit.platform.launcher.core.DefaultLauncherSession$DelegatingLauncher.execute(DefaultLauncherSession.java:86)
	at org.gradle.api.internal.tasks.testing.junitplatform.JUnitPlatformTestClassProcessor$CollectAllTestClassesExecutor.processAllTestClasses(JUnitPlatformTestClassProcessor.java:119)
	at org.gradle.api.internal.tasks.testing.junitplatform.JUnitPlatformTestClassProcessor$CollectAllTestClassesExecutor.access$000(JUnitPlatformTestClassProcessor.java:94)
	at org.gradle.api.internal.tasks.testing.junitplatform.JUnitPlatformTestClassProcessor.stop(JUnitPlatformTestClassProcessor.java:89)
	at org.gradle.api.internal.tasks.testing.SuiteTestClassProcessor.stop(SuiteTestClassProcessor.java:62)
	at sun.reflect.NativeMethodAccessorImpl.invoke0(Native Method)
	at sun.reflect.NativeMethodAccessorImpl.invoke(NativeMethodAccessorImpl.java:62)
	at sun.reflect.DelegatingMethodAccessorImpl.invoke(DelegatingMethodAccessorImpl.java:43)
	at java.lang.reflect.Method.invoke(Method.java:498)
	at org.gradle.internal.dispatch.ReflectionDispatch.dispatch(ReflectionDispatch.java:36)
	at org.gradle.internal.dispatch.ReflectionDispatch.dispatch(ReflectionDispatch.java:24)
	at org.gradle.internal.dispatch.ContextClassLoaderDispatch.dispatch(ContextClassLoaderDispatch.java:33)
	at org.gradle.internal.dispatch.ProxyDispatchAdapter$DispatchingInvocationHandler.invoke(ProxyDispatchAdapter.java:94)
	at com.sun.proxy.$Proxy2.stop(Unknown Source)
	at org.gradle.api.internal.tasks.testing.worker.TestWorker$3.run(TestWorker.java:193)
	at org.gradle.api.internal.tasks.testing.worker.TestWorker.executeAndMaintainThreadName(TestWorker.java:129)
	at org.gradle.api.internal.tasks.testing.worker.TestWorker.execute(TestWorker.java:100)
	at org.gradle.api.internal.tasks.testing.worker.TestWorker.execute(TestWorker.java:60)
	at org.gradle.process.internal.worker.child.ActionExecutionWorker.execute(ActionExecutionWorker.java:56)
	at org.gradle.process.internal.worker.child.SystemApplicationClassLoaderWorker.call(SystemApplicationClassLoaderWorker.java:113)
	at org.gradle.process.internal.worker.child.SystemApplicationClassLoaderWorker.call(SystemApplicationClassLoaderWorker.java:65)
	at worker.org.gradle.process.internal.worker.GradleWorkerMain.run(GradleWorkerMain.java:69)
	at worker.org.gradle.process.internal.worker.GradleWorkerMain.main(GradleWorkerMain.java:74)
</failure>
  </testcase>
  <system-out><![CDATA[09:55:50.378 [Test worker] DEBUG org.evosuite.runtime.sandbox.MSecurityManager - Adding privileged thread: "Reference Handler"
09:55:50.378 [Test worker] DEBUG org.evosuite.runtime.sandbox.MSecurityManager - Adding privileged thread: "Finalizer"
09:55:50.379 [Test worker] DEBUG org.evosuite.runtime.sandbox.MSecurityManager - Adding privileged thread: "Signal Dispatcher"
09:55:50.379 [Test worker] DEBUG org.evosuite.runtime.sandbox.MSecurityManager - Adding privileged thread: "Java2D Disposer"
09:55:50.379 [Test worker] DEBUG org.evosuite.runtime.sandbox.MSecurityManager - Adding privileged thread: "Test worker"
09:55:50.380 [Test worker] DEBUG org.evosuite.runtime.sandbox.MSecurityManager - Adding privileged thread: "/127.0.0.1:41374 to /127.0.0.1:46531 workers"
09:55:50.380 [Test worker] DEBUG org.evosuite.runtime.sandbox.MSecurityManager - Adding privileged thread: "/127.0.0.1:41374 to /127.0.0.1:46531 workers Thread 2"
09:55:50.380 [Test worker] DEBUG org.evosuite.runtime.sandbox.MSecurityManager - Adding privileged thread: "/127.0.0.1:41374 to /127.0.0.1:46531 workers Thread 3"
09:55:50.553 [Test worker] INFO org.evosuite.runtime.instrumentation.EvoClassLoader - Seeing class for first time: org.apache.log4j.Logger
09:55:50.553 [Test worker] INFO org.evosuite.runtime.instrumentation.EvoClassLoader - Instrumenting class 'org.apache.log4j.Logger'.
09:55:50.578 [Test worker] INFO org.evosuite.runtime.instrumentation.MethodCallReplacementClassAdapter - Adding mock interface to class org/apache/log4j/Logger
09:55:50.948 [Test worker] INFO org.evosuite.runtime.instrumentation.CreateClassResetClassAdapter - Found static initializer in class org/apache/log4j/Logger
09:55:50.951 [Test worker] INFO org.evosuite.runtime.instrumentation.EvoClassLoader - Seeing class for first time: org.apache.log4j.Category
09:55:50.952 [Test worker] INFO org.evosuite.runtime.instrumentation.EvoClassLoader - Instrumenting class 'org.apache.log4j.Category'.
09:55:50.956 [Test worker] INFO org.evosuite.runtime.instrumentation.MethodCallReplacementClassAdapter - Adding mock interface to class org/apache/log4j/Category
09:55:50.974 [Test worker] INFO org.evosuite.runtime.instrumentation.CreateClassResetClassAdapter - Found static initializer in class org/apache/log4j/Category
09:55:50.976 [Test worker] INFO org.evosuite.runtime.instrumentation.EvoClassLoader - Seeing class for first time: org.apache.log4j.spi.AppenderAttachable
09:55:50.976 [Test worker] INFO org.evosuite.runtime.instrumentation.EvoClassLoader - Instrumenting class 'org.apache.log4j.spi.AppenderAttachable'.
09:55:50.979 [Test worker] INFO org.evosuite.runtime.instrumentation.EvoClassLoader - Keeping class: org.apache.log4j.spi.AppenderAttachable
09:55:50.979 [Test worker] INFO org.evosuite.runtime.instrumentation.EvoClassLoader - Keeping class: org.apache.log4j.Category
09:55:50.980 [Test worker] INFO org.evosuite.runtime.instrumentation.EvoClassLoader - Keeping class: org.apache.log4j.Logger
09:55:50.980 [Test worker] INFO org.evosuite.runtime.instrumentation.EvoClassLoader - Seeing class for first time: org.apache.commons.logging.impl.Log4JLogger
09:55:50.980 [Test worker] INFO org.evosuite.runtime.instrumentation.EvoClassLoader - Instrumenting class 'org.apache.commons.logging.impl.Log4JLogger'.
09:55:50.983 [Test worker] INFO org.evosuite.runtime.instrumentation.MethodCallReplacementClassAdapter - Adding mock interface to class org/apache/commons/logging/impl/Log4JLogger
09:55:50.990 [Test worker] INFO org.evosuite.runtime.instrumentation.CreateClassResetClassAdapter - Found static initializer in class org/apache/commons/logging/impl/Log4JLogger
09:55:50.992 [Test worker] INFO org.evosuite.runtime.instrumentation.EvoClassLoader - Keeping class: org.apache.commons.logging.impl.Log4JLogger
09:55:50.994 [Test worker] INFO org.evosuite.runtime.instrumentation.EvoClassLoader - Seeing class for first time: org.apache.log4j.Priority
09:55:50.994 [Test worker] INFO org.evosuite.runtime.instrumentation.EvoClassLoader - Instrumenting class 'org.apache.log4j.Priority'.
09:55:50.996 [Test worker] INFO org.evosuite.runtime.instrumentation.MethodCallReplacementClassAdapter - Adding mock interface to class org/apache/log4j/Priority
09:55:50.998 [Test worker] INFO org.evosuite.runtime.instrumentation.CreateClassResetClassAdapter - Found static initializer in class org/apache/log4j/Priority
09:55:51.000 [Test worker] INFO org.evosuite.runtime.instrumentation.EvoClassLoader - Keeping class: org.apache.log4j.Priority
09:55:51.001 [Test worker] INFO org.evosuite.runtime.instrumentation.EvoClassLoader - Seeing class for first time: org.apache.log4j.Level
09:55:51.001 [Test worker] INFO org.evosuite.runtime.instrumentation.EvoClassLoader - Instrumenting class 'org.apache.log4j.Level'.
09:55:51.004 [Test worker] INFO org.evosuite.runtime.instrumentation.MethodCallReplacementClassAdapter - Adding mock interface to class org/apache/log4j/Level
09:55:51.006 [Test worker] INFO org.evosuite.runtime.instrumentation.CreateClassResetClassAdapter - Found static initializer in class org/apache/log4j/Level
09:55:51.007 [Test worker] INFO org.evosuite.runtime.instrumentation.EvoClassLoader - Keeping class: org.apache.log4j.Level
09:55:51.010 [Test worker] INFO org.evosuite.runtime.instrumentation.EvoClassLoader - Seeing class for first time: org.apache.log4j.LogManager
09:55:51.010 [Test worker] INFO org.evosuite.runtime.instrumentation.EvoClassLoader - Instrumenting class 'org.apache.log4j.LogManager'.
09:55:51.012 [Test worker] INFO org.evosuite.runtime.instrumentation.MethodCallReplacementClassAdapter - Adding mock interface to class org/apache/log4j/LogManager
09:55:51.016 [Test worker] INFO org.evosuite.runtime.instrumentation.CreateClassResetClassAdapter - Found static initializer in class org/apache/log4j/LogManager
09:55:51.018 [Test worker] INFO org.evosuite.runtime.instrumentation.EvoClassLoader - Keeping class: org.apache.log4j.LogManager
09:55:51.019 [Test worker] INFO org.evosuite.runtime.instrumentation.EvoClassLoader - Seeing class for first time: org.apache.log4j.spi.RootCategory
09:55:51.020 [Test worker] INFO org.evosuite.runtime.instrumentation.EvoClassLoader - Instrumenting class 'org.apache.log4j.spi.RootCategory'.
09:55:51.021 [Test worker] INFO org.evosuite.runtime.instrumentation.MethodCallReplacementClassAdapter - Adding mock interface to class org/apache/log4j/spi/RootCategory
09:55:51.025 [Test worker] INFO org.evosuite.runtime.instrumentation.CreateClassResetClassAdapter - Creating brand-new static initializer in class org/apache/log4j/spi/RootCategory
09:55:51.026 [Test worker] INFO org.evosuite.runtime.instrumentation.EvoClassLoader - Keeping class: org.apache.log4j.spi.RootCategory
09:55:51.026 [Test worker] INFO org.evosuite.runtime.instrumentation.EvoClassLoader - Seeing class for first time: org.apache.log4j.spi.LoggerRepository
09:55:51.026 [Test worker] INFO org.evosuite.runtime.instrumentation.EvoClassLoader - Instrumenting class 'org.apache.log4j.spi.LoggerRepository'.
09:55:51.029 [Test worker] INFO org.evosuite.runtime.instrumentation.EvoClassLoader - Keeping class: org.apache.log4j.spi.LoggerRepository
09:55:51.030 [Test worker] INFO org.evosuite.runtime.instrumentation.EvoClassLoader - Seeing class for first time: org.apache.log4j.spi.RepositorySelector
09:55:51.030 [Test worker] INFO org.evosuite.runtime.instrumentation.EvoClassLoader - Instrumenting class 'org.apache.log4j.spi.RepositorySelector'.
09:55:51.032 [Test worker] INFO org.evosuite.runtime.instrumentation.EvoClassLoader - Keeping class: org.apache.log4j.spi.RepositorySelector
09:55:51.033 [Test worker] INFO org.evosuite.runtime.instrumentation.EvoClassLoader - Seeing class for first time: org.apache.log4j.Hierarchy
09:55:51.033 [Test worker] INFO org.evosuite.runtime.instrumentation.EvoClassLoader - Instrumenting class 'org.apache.log4j.Hierarchy'.
09:55:51.036 [Test worker] INFO org.evosuite.runtime.instrumentation.MethodCallReplacementClassAdapter - Adding mock interface to class org/apache/log4j/Hierarchy
09:55:51.044 [Test worker] INFO org.evosuite.runtime.instrumentation.CreateClassResetClassAdapter - Creating brand-new static initializer in class org/apache/log4j/Hierarchy
09:55:51.045 [Test worker] INFO org.evosuite.runtime.instrumentation.EvoClassLoader - Seeing class for first time: org.apache.log4j.spi.RendererSupport
09:55:51.046 [Test worker] INFO org.evosuite.runtime.instrumentation.EvoClassLoader - Instrumenting class 'org.apache.log4j.spi.RendererSupport'.
09:55:51.048 [Test worker] INFO org.evosuite.runtime.instrumentation.EvoClassLoader - Keeping class: org.apache.log4j.spi.RendererSupport
09:55:51.049 [Test worker] INFO org.evosuite.runtime.instrumentation.EvoClassLoader - Keeping class: org.apache.log4j.Hierarchy
09:55:51.050 [Test worker] INFO org.evosuite.runtime.instrumentation.EvoClassLoader - Seeing class for first time: org.apache.log4j.spi.LoggerFactory
09:55:51.050 [Test worker] INFO org.evosuite.runtime.instrumentation.EvoClassLoader - Instrumenting class 'org.apache.log4j.spi.LoggerFactory'.
09:55:51.052 [Test worker] INFO org.evosuite.runtime.instrumentation.EvoClassLoader - Keeping class: org.apache.log4j.spi.LoggerFactory
09:55:51.053 [Test worker] INFO org.evosuite.runtime.instrumentation.EvoClassLoader - Seeing class for first time: org.apache.log4j.or.RendererMap
09:55:51.054 [Test worker] INFO org.evosuite.runtime.instrumentation.EvoClassLoader - Instrumenting class 'org.apache.log4j.or.RendererMap'.
09:55:51.055 [Test worker] INFO org.evosuite.runtime.instrumentation.MethodCallReplacementClassAdapter - Adding mock interface to class org/apache/log4j/or/RendererMap
09:55:51.060 [Test worker] INFO org.evosuite.runtime.instrumentation.CreateClassResetClassAdapter - Found static initializer in class org/apache/log4j/or/RendererMap
09:55:51.061 [Test worker] INFO org.evosuite.runtime.instrumentation.EvoClassLoader - Keeping class: org.apache.log4j.or.RendererMap
09:55:51.061 [Test worker] INFO org.evosuite.runtime.instrumentation.EvoClassLoader - Seeing class for first time: org.apache.log4j.or.ObjectRenderer
09:55:51.061 [Test worker] INFO org.evosuite.runtime.instrumentation.EvoClassLoader - Instrumenting class 'org.apache.log4j.or.ObjectRenderer'.
09:55:51.072 [Test worker] INFO org.evosuite.runtime.instrumentation.EvoClassLoader - Keeping class: org.apache.log4j.or.ObjectRenderer
09:55:51.072 [Test worker] INFO org.evosuite.runtime.instrumentation.EvoClassLoader - Seeing class for first time: org.apache.log4j.or.DefaultRenderer
09:55:51.073 [Test worker] INFO org.evosuite.runtime.instrumentation.EvoClassLoader - Instrumenting class 'org.apache.log4j.or.DefaultRenderer'.
09:55:51.074 [Test worker] INFO org.evosuite.runtime.instrumentation.MethodCallReplacementClassAdapter - Adding mock interface to class org/apache/log4j/or/DefaultRenderer
09:55:51.076 [Test worker] INFO org.evosuite.runtime.instrumentation.CreateClassResetClassAdapter - Creating brand-new static initializer in class org/apache/log4j/or/DefaultRenderer
09:55:51.076 [Test worker] INFO org.evosuite.runtime.instrumentation.EvoClassLoader - Keeping class: org.apache.log4j.or.DefaultRenderer
09:55:51.077 [Test worker] INFO org.evosuite.runtime.instrumentation.EvoClassLoader - Seeing class for first time: org.apache.log4j.DefaultCategoryFactory
09:55:51.077 [Test worker] INFO org.evosuite.runtime.instrumentation.EvoClassLoader - Instrumenting class 'org.apache.log4j.DefaultCategoryFactory'.
09:55:51.078 [Test worker] INFO org.evosuite.runtime.instrumentation.MethodCallReplacementClassAdapter - Adding mock interface to class org/apache/log4j/DefaultCategoryFactory
09:55:51.079 [Test worker] INFO org.evosuite.runtime.instrumentation.CreateClassResetClassAdapter - Creating brand-new static initializer in class org/apache/log4j/DefaultCategoryFactory
09:55:51.080 [Test worker] INFO org.evosuite.runtime.instrumentation.EvoClassLoader - Keeping class: org.apache.log4j.DefaultCategoryFactory
09:55:51.080 [Test worker] INFO org.evosuite.runtime.instrumentation.EvoClassLoader - Seeing class for first time: org.apache.log4j.spi.DefaultRepositorySelector
09:55:51.081 [Test worker] INFO org.evosuite.runtime.instrumentation.EvoClassLoader - Instrumenting class 'org.apache.log4j.spi.DefaultRepositorySelector'.
09:55:51.082 [Test worker] INFO org.evosuite.runtime.instrumentation.MethodCallReplacementClassAdapter - Adding mock interface to class org/apache/log4j/spi/DefaultRepositorySelector
09:55:51.083 [Test worker] INFO org.evosuite.runtime.instrumentation.CreateClassResetClassAdapter - Creating brand-new static initializer in class org/apache/log4j/spi/DefaultRepositorySelector
09:55:51.083 [Test worker] INFO org.evosuite.runtime.instrumentation.EvoClassLoader - Keeping class: org.apache.log4j.spi.DefaultRepositorySelector
09:55:51.084 [Test worker] INFO org.evosuite.runtime.instrumentation.EvoClassLoader - Seeing class for first time: org.apache.log4j.helpers.OptionConverter
09:55:51.084 [Test worker] INFO org.evosuite.runtime.instrumentation.EvoClassLoader - Instrumenting class 'org.apache.log4j.helpers.OptionConverter'.
09:55:51.086 [Test worker] INFO org.evosuite.runtime.instrumentation.MethodCallReplacementClassAdapter - Adding mock interface to class org/apache/log4j/helpers/OptionConverter
09:55:51.096 [Test worker] INFO org.evosuite.runtime.instrumentation.CreateClassResetClassAdapter - Found static initializer in class org/apache/log4j/helpers/OptionConverter
09:55:51.097 [Test worker] INFO org.evosuite.runtime.instrumentation.EvoClassLoader - Keeping class: org.apache.log4j.helpers.OptionConverter
09:55:51.098 [Test worker] INFO org.evosuite.runtime.instrumentation.EvoClassLoader - Seeing class for first time: org.apache.log4j.spi.Configurator
09:55:51.098 [Test worker] INFO org.evosuite.runtime.instrumentation.EvoClassLoader - Instrumenting class 'org.apache.log4j.spi.Configurator'.
09:55:51.100 [Test worker] INFO org.evosuite.runtime.instrumentation.EvoClassLoader - Keeping class: org.apache.log4j.spi.Configurator
09:55:51.101 [Test worker] INFO org.evosuite.runtime.instrumentation.EvoClassLoader - Seeing class for first time: org.apache.log4j.helpers.Loader
09:55:51.101 [Test worker] INFO org.evosuite.runtime.instrumentation.EvoClassLoader - Instrumenting class 'org.apache.log4j.helpers.Loader'.
09:55:51.103 [Test worker] INFO org.evosuite.runtime.instrumentation.MethodCallReplacementClassAdapter - Adding mock interface to class org/apache/log4j/helpers/Loader
09:55:51.105 [Test worker] INFO org.evosuite.runtime.instrumentation.CreateClassResetClassAdapter - Found static initializer in class org/apache/log4j/helpers/Loader
09:55:51.106 [Test worker] INFO org.evosuite.runtime.instrumentation.EvoClassLoader - Keeping class: org.apache.log4j.helpers.Loader
09:55:51.108 [Test worker] INFO org.evosuite.runtime.instrumentation.EvoClassLoader - Seeing class for first time: org.apache.log4j.helpers.LogLog
09:55:51.108 [Test worker] INFO org.evosuite.runtime.instrumentation.EvoClassLoader - Instrumenting class 'org.apache.log4j.helpers.LogLog'.
09:55:51.109 [Test worker] INFO org.evosuite.runtime.instrumentation.MethodCallReplacementClassAdapter - Adding mock interface to class org/apache/log4j/helpers/LogLog
09:55:51.112 [Test worker] INFO org.evosuite.runtime.instrumentation.CreateClassResetClassAdapter - Found static initializer in class org/apache/log4j/helpers/LogLog
09:55:51.113 [Test worker] INFO org.evosuite.runtime.instrumentation.EvoClassLoader - Keeping class: org.apache.log4j.helpers.LogLog
09:55:51.114 [Test worker] INFO org.evosuite.runtime.instrumentation.EvoClassLoader - Seeing class for first time: org.apache.log4j.xml.DOMConfigurator
09:55:51.114 [Test worker] INFO org.evosuite.runtime.instrumentation.EvoClassLoader - Instrumenting class 'org.apache.log4j.xml.DOMConfigurator'.
09:55:51.117 [Test worker] INFO org.evosuite.runtime.instrumentation.MethodCallReplacementClassAdapter - Adding mock interface to class org/apache/log4j/xml/DOMConfigurator
09:55:51.128 [Test worker] INFO org.evosuite.runtime.instrumentation.CreateClassResetClassAdapter - Found static initializer in class org/apache/log4j/xml/DOMConfigurator
09:55:51.129 [Test worker] INFO org.evosuite.runtime.instrumentation.EvoClassLoader - Defined package (3): package org.apache.log4j.xml, 916418125
09:55:51.131 [Test worker] INFO org.evosuite.runtime.instrumentation.EvoClassLoader - Keeping class: org.apache.log4j.xml.DOMConfigurator
09:55:51.160 [Test worker] INFO org.evosuite.runtime.instrumentation.EvoClassLoader - Seeing class for first time: org.apache.log4j.xml.SAXErrorHandler
09:55:51.160 [Test worker] INFO org.evosuite.runtime.instrumentation.EvoClassLoader - Instrumenting class 'org.apache.log4j.xml.SAXErrorHandler'.
09:55:51.162 [Test worker] INFO org.evosuite.runtime.instrumentation.MethodCallReplacementClassAdapter - Adding mock interface to class org/apache/log4j/xml/SAXErrorHandler
09:55:51.163 [Test worker] INFO org.evosuite.runtime.instrumentation.CreateClassResetClassAdapter - Creating brand-new static initializer in class org/apache/log4j/xml/SAXErrorHandler
09:55:51.164 [Test worker] INFO org.evosuite.runtime.instrumentation.EvoClassLoader - Keeping class: org.apache.log4j.xml.SAXErrorHandler
09:55:51.165 [Test worker] INFO org.evosuite.runtime.instrumentation.EvoClassLoader - Seeing class for first time: org.apache.log4j.xml.Log4jEntityResolver
09:55:51.165 [Test worker] INFO org.evosuite.runtime.instrumentation.EvoClassLoader - Instrumenting class 'org.apache.log4j.xml.Log4jEntityResolver'.
09:55:51.166 [Test worker] INFO org.evosuite.runtime.instrumentation.MethodCallReplacementClassAdapter - Adding mock interface to class org/apache/log4j/xml/Log4jEntityResolver
09:55:51.167 [Test worker] INFO org.evosuite.runtime.instrumentation.CreateClassResetClassAdapter - Creating brand-new static initializer in class org/apache/log4j/xml/Log4jEntityResolver
09:55:51.168 [Test worker] INFO org.evosuite.runtime.instrumentation.EvoClassLoader - Keeping class: org.apache.log4j.xml.Log4jEntityResolver
09:55:51.198 [Test worker] INFO org.evosuite.runtime.instrumentation.EvoClassLoader - Seeing class for first time: org.apache.log4j.CategoryKey
09:55:51.198 [Test worker] INFO org.evosuite.runtime.instrumentation.EvoClassLoader - Instrumenting class 'org.apache.log4j.CategoryKey'.
09:55:51.200 [Test worker] INFO org.evosuite.runtime.instrumentation.MethodCallReplacementClassAdapter - Adding mock interface to class org/apache/log4j/CategoryKey
09:55:51.201 [Test worker] INFO org.evosuite.runtime.instrumentation.CreateClassResetClassAdapter - Creating brand-new static initializer in class org/apache/log4j/CategoryKey
09:55:51.201 [Test worker] INFO org.evosuite.runtime.instrumentation.CreateClassResetClassAdapter - Adding bytecode for initializing field class$org$apache$log4j$CategoryKey
09:55:51.202 [Test worker] INFO org.evosuite.runtime.instrumentation.EvoClassLoader - Keeping class: org.apache.log4j.CategoryKey
09:55:51.202 [Test worker] INFO org.evosuite.runtime.instrumentation.EvoClassLoader - Seeing class for first time: org.apache.log4j.ProvisionNode
09:55:51.203 [Test worker] INFO org.evosuite.runtime.instrumentation.EvoClassLoader - Instrumenting class 'org.apache.log4j.ProvisionNode'.
09:55:51.204 [Test worker] INFO org.evosuite.runtime.instrumentation.MethodCallReplacementClassAdapter - Adding mock interface to class org/apache/log4j/ProvisionNode
09:55:51.204 [Test worker] INFO org.evosuite.runtime.instrumentation.CreateClassResetClassAdapter - Creating brand-new static initializer in class org/apache/log4j/ProvisionNode
09:55:51.205 [Test worker] INFO org.evosuite.runtime.instrumentation.EvoClassLoader - Keeping class: org.apache.log4j.ProvisionNode
09:55:51.205 [Test worker] INFO org.evosuite.runtime.instrumentation.EvoClassLoader - Seeing class for first time: org.apache.log4j.config.PropertySetter
09:55:51.206 [Test worker] INFO org.evosuite.runtime.instrumentation.EvoClassLoader - Instrumenting class 'org.apache.log4j.config.PropertySetter'.
09:55:51.207 [Test worker] INFO org.evosuite.runtime.instrumentation.MethodCallReplacementClassAdapter - Adding mock interface to class org/apache/log4j/config/PropertySetter
09:55:51.211 [Test worker] INFO org.evosuite.runtime.instrumentation.CreateClassResetClassAdapter - Creating brand-new static initializer in class org/apache/log4j/config/PropertySetter
09:55:51.211 [Test worker] INFO org.evosuite.runtime.instrumentation.CreateClassResetClassAdapter - Adding bytecode for initializing field class$java$lang$String
09:55:51.211 [Test worker] INFO org.evosuite.runtime.instrumentation.CreateClassResetClassAdapter - Adding bytecode for initializing field class$org$apache$log4j$Priority
09:55:51.212 [Test worker] INFO org.evosuite.runtime.instrumentation.EvoClassLoader - Defined package (3): package org.apache.log4j.config, 1601024332
09:55:51.212 [Test worker] INFO org.evosuite.runtime.instrumentation.EvoClassLoader - Keeping class: org.apache.log4j.config.PropertySetter
09:55:51.213 [Test worker] INFO org.evosuite.runtime.instrumentation.EvoClassLoader - Seeing class for first time: org.apache.log4j.config.PropertySetterException
09:55:51.213 [Test worker] INFO org.evosuite.runtime.instrumentation.EvoClassLoader - Instrumenting class 'org.apache.log4j.config.PropertySetterException'.
09:55:51.214 [Test worker] INFO org.evosuite.runtime.instrumentation.MethodCallReplacementClassAdapter - Adding mock interface to class org/apache/log4j/config/PropertySetterException
09:55:51.215 [Test worker] INFO org.evosuite.runtime.instrumentation.CreateClassResetClassAdapter - Creating brand-new static initializer in class org/apache/log4j/config/PropertySetterException
09:55:51.216 [Test worker] INFO org.evosuite.runtime.instrumentation.EvoClassLoader - Keeping class: org.apache.log4j.config.PropertySetterException
09:55:51.217 [Test worker] INFO org.evosuite.runtime.instrumentation.EvoClassLoader - Seeing class for first time: org.apache.log4j.spi.OptionHandler
09:55:51.217 [Test worker] INFO org.evosuite.runtime.instrumentation.EvoClassLoader - Instrumenting class 'org.apache.log4j.spi.OptionHandler'.
09:55:51.219 [Test worker] INFO org.evosuite.runtime.instrumentation.EvoClassLoader - Keeping class: org.apache.log4j.spi.OptionHandler
09:55:51.220 [Test worker] INFO org.evosuite.runtime.instrumentation.EvoClassLoader - Seeing class for first time: org.apache.log4j.ConsoleAppender
09:55:51.220 [Test worker] INFO org.evosuite.runtime.instrumentation.EvoClassLoader - Instrumenting class 'org.apache.log4j.ConsoleAppender'.
09:55:51.221 [Test worker] INFO org.evosuite.runtime.instrumentation.MethodCallReplacementClassAdapter - Adding mock interface to class org/apache/log4j/ConsoleAppender
09:55:51.223 [Test worker] INFO org.evosuite.runtime.instrumentation.CreateClassResetClassAdapter - Creating brand-new static initializer in class org/apache/log4j/ConsoleAppender
09:55:51.223 [Test worker] INFO org.evosuite.runtime.instrumentation.CreateClassResetClassAdapter - Adding bytecode for initializing field SYSTEM_OUT
09:55:51.223 [Test worker] INFO org.evosuite.runtime.instrumentation.CreateClassResetClassAdapter - Adding bytecode for initializing field SYSTEM_ERR
09:55:51.224 [Test worker] INFO org.evosuite.runtime.instrumentation.EvoClassLoader - Seeing class for first time: org.apache.log4j.WriterAppender
09:55:51.224 [Test worker] INFO org.evosuite.runtime.instrumentation.EvoClassLoader - Instrumenting class 'org.apache.log4j.WriterAppender'.
09:55:51.225 [Test worker] INFO org.evosuite.runtime.instrumentation.MethodCallReplacementClassAdapter - Adding mock interface to class org/apache/log4j/WriterAppender
09:55:51.227 [Test worker] INFO org.evosuite.runtime.instrumentation.CreateClassResetClassAdapter - Creating brand-new static initializer in class org/apache/log4j/WriterAppender
09:55:51.228 [Test worker] INFO org.evosuite.runtime.instrumentation.EvoClassLoader - Seeing class for first time: org.apache.log4j.AppenderSkeleton
09:55:51.228 [Test worker] INFO org.evosuite.runtime.instrumentation.EvoClassLoader - Instrumenting class 'org.apache.log4j.AppenderSkeleton'.
09:55:51.230 [Test worker] INFO org.evosuite.runtime.instrumentation.MethodCallReplacementClassAdapter - Adding mock interface to class org/apache/log4j/AppenderSkeleton
09:55:51.232 [Test worker] INFO org.evosuite.runtime.instrumentation.CreateClassResetClassAdapter - Creating brand-new static initializer in class org/apache/log4j/AppenderSkeleton
09:55:51.233 [Test worker] INFO org.evosuite.runtime.instrumentation.EvoClassLoader - Seeing class for first time: org.apache.log4j.Appender
09:55:51.233 [Test worker] INFO org.evosuite.runtime.instrumentation.EvoClassLoader - Instrumenting class 'org.apache.log4j.Appender'.
09:55:51.235 [Test worker] INFO org.evosuite.runtime.instrumentation.EvoClassLoader - Keeping class: org.apache.log4j.Appender
09:55:51.235 [Test worker] INFO org.evosuite.runtime.instrumentation.EvoClassLoader - Keeping class: org.apache.log4j.AppenderSkeleton
09:55:51.235 [Test worker] INFO org.evosuite.runtime.instrumentation.EvoClassLoader - Keeping class: org.apache.log4j.WriterAppender
09:55:51.235 [Test worker] INFO org.evosuite.runtime.instrumentation.EvoClassLoader - Keeping class: org.apache.log4j.ConsoleAppender
09:55:51.236 [Test worker] INFO org.evosuite.runtime.instrumentation.EvoClassLoader - Seeing class for first time: org.apache.log4j.spi.ErrorHandler
09:55:51.236 [Test worker] INFO org.evosuite.runtime.instrumentation.EvoClassLoader - Instrumenting class 'org.apache.log4j.spi.ErrorHandler'.
09:55:51.238 [Test worker] INFO org.evosuite.runtime.instrumentation.EvoClassLoader - Keeping class: org.apache.log4j.spi.ErrorHandler
09:55:51.239 [Test worker] INFO org.evosuite.runtime.instrumentation.EvoClassLoader - Seeing class for first time: org.apache.log4j.Layout
09:55:51.239 [Test worker] INFO org.evosuite.runtime.instrumentation.EvoClassLoader - Instrumenting class 'org.apache.log4j.Layout'.
09:55:51.240 [Test worker] INFO org.evosuite.runtime.instrumentation.MethodCallReplacementClassAdapter - Adding mock interface to class org/apache/log4j/Layout
09:55:51.241 [Test worker] INFO org.evosuite.runtime.instrumentation.CreateClassResetClassAdapter - Found static initializer in class org/apache/log4j/Layout
09:55:51.242 [Test worker] INFO org.evosuite.runtime.instrumentation.EvoClassLoader - Keeping class: org.apache.log4j.Layout
09:55:51.242 [Test worker] INFO org.evosuite.runtime.instrumentation.EvoClassLoader - Seeing class for first time: org.apache.log4j.helpers.OnlyOnceErrorHandler
09:55:51.242 [Test worker] INFO org.evosuite.runtime.instrumentation.EvoClassLoader - Instrumenting class 'org.apache.log4j.helpers.OnlyOnceErrorHandler'.
09:55:51.244 [Test worker] INFO org.evosuite.runtime.instrumentation.MethodCallReplacementClassAdapter - Adding mock interface to class org/apache/log4j/helpers/OnlyOnceErrorHandler
09:55:51.245 [Test worker] INFO org.evosuite.runtime.instrumentation.CreateClassResetClassAdapter - Creating brand-new static initializer in class org/apache/log4j/helpers/OnlyOnceErrorHandler
09:55:51.245 [Test worker] INFO org.evosuite.runtime.instrumentation.EvoClassLoader - Keeping class: org.apache.log4j.helpers.OnlyOnceErrorHandler
09:55:51.248 [Test worker] INFO org.evosuite.runtime.instrumentation.EvoClassLoader - Seeing class for first time: org.apache.log4j.ConsoleAppenderBeanInfo
09:55:51.248 [Test worker] INFO org.evosuite.runtime.instrumentation.EvoClassLoader - Instrumenting class 'org.apache.log4j.ConsoleAppenderBeanInfo'.
09:55:51.249 [Test worker] INFO org.evosuite.runtime.instrumentation.EvoClassLoader - Error while loading class: java.lang.ClassNotFoundException: Class 'org/apache/log4j/ConsoleAppenderBeanInfo.class' should be in target project, but could not be found!
09:55:51.249 [Test worker] INFO org.evosuite.runtime.instrumentation.EvoClassLoader - Seeing class for first time: org.apache.log4j.ConsoleAppenderBeanInfo
09:55:51.249 [Test worker] INFO org.evosuite.runtime.instrumentation.EvoClassLoader - Instrumenting class 'org.apache.log4j.ConsoleAppenderBeanInfo'.
09:55:51.250 [Test worker] INFO org.evosuite.runtime.instrumentation.EvoClassLoader - Error while loading class: java.lang.ClassNotFoundException: Class 'org/apache/log4j/ConsoleAppenderBeanInfo.class' should be in target project, but could not be found!
09:55:51.250 [Test worker] INFO org.evosuite.runtime.instrumentation.EvoClassLoader - Seeing class for first time: org.apache.log4j.WriterAppenderBeanInfo
09:55:51.250 [Test worker] INFO org.evosuite.runtime.instrumentation.EvoClassLoader - Instrumenting class 'org.apache.log4j.WriterAppenderBeanInfo'.
09:55:51.251 [Test worker] INFO org.evosuite.runtime.instrumentation.EvoClassLoader - Error while loading class: java.lang.ClassNotFoundException: Class 'org/apache/log4j/WriterAppenderBeanInfo.class' should be in target project, but could not be found!
09:55:51.252 [Test worker] INFO org.evosuite.runtime.instrumentation.EvoClassLoader - Seeing class for first time: org.apache.log4j.WriterAppenderBeanInfo
09:55:51.252 [Test worker] INFO org.evosuite.runtime.instrumentation.EvoClassLoader - Instrumenting class 'org.apache.log4j.WriterAppenderBeanInfo'.
09:55:51.252 [Test worker] INFO org.evosuite.runtime.instrumentation.EvoClassLoader - Error while loading class: java.lang.ClassNotFoundException: Class 'org/apache/log4j/WriterAppenderBeanInfo.class' should be in target project, but could not be found!
09:55:51.252 [Test worker] INFO org.evosuite.runtime.instrumentation.EvoClassLoader - Seeing class for first time: org.apache.log4j.AppenderSkeletonBeanInfo
09:55:51.253 [Test worker] INFO org.evosuite.runtime.instrumentation.EvoClassLoader - Instrumenting class 'org.apache.log4j.AppenderSkeletonBeanInfo'.
09:55:51.253 [Test worker] INFO org.evosuite.runtime.instrumentation.EvoClassLoader - Error while loading class: java.lang.ClassNotFoundException: Class 'org/apache/log4j/AppenderSkeletonBeanInfo.class' should be in target project, but could not be found!
09:55:51.254 [Test worker] INFO org.evosuite.runtime.instrumentation.EvoClassLoader - Seeing class for first time: org.apache.log4j.AppenderSkeletonBeanInfo
09:55:51.254 [Test worker] INFO org.evosuite.runtime.instrumentation.EvoClassLoader - Instrumenting class 'org.apache.log4j.AppenderSkeletonBeanInfo'.
09:55:51.254 [Test worker] INFO org.evosuite.runtime.instrumentation.EvoClassLoader - Error while loading class: java.lang.ClassNotFoundException: Class 'org/apache/log4j/AppenderSkeletonBeanInfo.class' should be in target project, but could not be found!
09:55:51.260 [Test worker] INFO org.evosuite.runtime.instrumentation.EvoClassLoader - Seeing class for first time: org.apache.log4j.AppenderSkeletonCustomizer
09:55:51.260 [Test worker] INFO org.evosuite.runtime.instrumentation.EvoClassLoader - Instrumenting class 'org.apache.log4j.AppenderSkeletonCustomizer'.
09:55:51.261 [Test worker] INFO org.evosuite.runtime.instrumentation.EvoClassLoader - Error while loading class: java.lang.ClassNotFoundException: Class 'org/apache/log4j/AppenderSkeletonCustomizer.class' should be in target project, but could not be found!
09:55:51.261 [Test worker] INFO org.evosuite.runtime.instrumentation.EvoClassLoader - Seeing class for first time: org.apache.log4j.AppenderSkeletonCustomizer
09:55:51.262 [Test worker] INFO org.evosuite.runtime.instrumentation.EvoClassLoader - Instrumenting class 'org.apache.log4j.AppenderSkeletonCustomizer'.
09:55:51.262 [Test worker] INFO org.evosuite.runtime.instrumentation.EvoClassLoader - Error while loading class: java.lang.ClassNotFoundException: Class 'org/apache/log4j/AppenderSkeletonCustomizer.class' should be in target project, but could not be found!
09:55:51.263 [Test worker] INFO org.evosuite.runtime.instrumentation.EvoClassLoader - Seeing class for first time: org.apache.log4j.spi.Filter
09:55:51.263 [Test worker] INFO org.evosuite.runtime.instrumentation.EvoClassLoader - Instrumenting class 'org.apache.log4j.spi.Filter'.
09:55:51.264 [Test worker] INFO org.evosuite.runtime.instrumentation.MethodCallReplacementClassAdapter - Adding mock interface to class org/apache/log4j/spi/Filter
09:55:51.265 [Test worker] INFO org.evosuite.runtime.instrumentation.CreateClassResetClassAdapter - Creating brand-new static initializer in class org/apache/log4j/spi/Filter
09:55:51.265 [Test worker] INFO org.evosuite.runtime.instrumentation.CreateClassResetClassAdapter - Adding bytecode for initializing field DENY
09:55:51.265 [Test worker] INFO org.evosuite.runtime.instrumentation.CreateClassResetClassAdapter - Adding bytecode for initializing field NEUTRAL
09:55:51.265 [Test worker] INFO org.evosuite.runtime.instrumentation.CreateClassResetClassAdapter - Adding bytecode for initializing field ACCEPT
09:55:51.266 [Test worker] INFO org.evosuite.runtime.instrumentation.EvoClassLoader - Keeping class: org.apache.log4j.spi.Filter
09:55:51.266 [Test worker] INFO org.evosuite.runtime.instrumentation.EvoClassLoader - Seeing class for first time: org.apache.log4j.spi.LoggingEvent
09:55:51.266 [Test worker] INFO org.evosuite.runtime.instrumentation.EvoClassLoader - Instrumenting class 'org.apache.log4j.spi.LoggingEvent'.
09:55:51.267 [Test worker] INFO org.evosuite.runtime.instrumentation.MethodCallReplacementClassAdapter - Adding mock interface to class org/apache/log4j/spi/LoggingEvent
09:55:51.272 [Test worker] INFO org.evosuite.runtime.instrumentation.CreateClassResetClassAdapter - Found static initializer in class org/apache/log4j/spi/LoggingEvent
09:55:51.273 [Test worker] INFO org.evosuite.runtime.instrumentation.EvoClassLoader - Keeping class: org.apache.log4j.spi.LoggingEvent
09:55:51.275 [Test worker] INFO org.evosuite.runtime.instrumentation.EvoClassLoader - Seeing class for first time: org.apache.log4j.WriterAppenderCustomizer
09:55:51.276 [Test worker] INFO org.evosuite.runtime.instrumentation.EvoClassLoader - Instrumenting class 'org.apache.log4j.WriterAppenderCustomizer'.
09:55:51.277 [Test worker] INFO org.evosuite.runtime.instrumentation.EvoClassLoader - Error while loading class: java.lang.ClassNotFoundException: Class 'org/apache/log4j/WriterAppenderCustomizer.class' should be in target project, but could not be found!
09:55:51.277 [Test worker] INFO org.evosuite.runtime.instrumentation.EvoClassLoader - Seeing class for first time: org.apache.log4j.WriterAppenderCustomizer
09:55:51.277 [Test worker] INFO org.evosuite.runtime.instrumentation.EvoClassLoader - Instrumenting class 'org.apache.log4j.WriterAppenderCustomizer'.
09:55:51.277 [Test worker] INFO org.evosuite.runtime.instrumentation.EvoClassLoader - Error while loading class: java.lang.ClassNotFoundException: Class 'org/apache/log4j/WriterAppenderCustomizer.class' should be in target project, but could not be found!
09:55:51.279 [Test worker] INFO org.evosuite.runtime.instrumentation.EvoClassLoader - Seeing class for first time: org.apache.log4j.ConsoleAppenderCustomizer
09:55:51.279 [Test worker] INFO org.evosuite.runtime.instrumentation.EvoClassLoader - Instrumenting class 'org.apache.log4j.ConsoleAppenderCustomizer'.
09:55:51.280 [Test worker] INFO org.evosuite.runtime.instrumentation.EvoClassLoader - Error while loading class: java.lang.ClassNotFoundException: Class 'org/apache/log4j/ConsoleAppenderCustomizer.class' should be in target project, but could not be found!
09:55:51.280 [Test worker] INFO org.evosuite.runtime.instrumentation.EvoClassLoader - Seeing class for first time: org.apache.log4j.ConsoleAppenderCustomizer
09:55:51.281 [Test worker] INFO org.evosuite.runtime.instrumentation.EvoClassLoader - Instrumenting class 'org.apache.log4j.ConsoleAppenderCustomizer'.
09:55:51.281 [Test worker] INFO org.evosuite.runtime.instrumentation.EvoClassLoader - Error while loading class: java.lang.ClassNotFoundException: Class 'org/apache/log4j/ConsoleAppenderCustomizer.class' should be in target project, but could not be found!
09:55:51.283 [Test worker] INFO org.evosuite.runtime.instrumentation.EvoClassLoader - Seeing class for first time: org.apache.log4j.PatternLayout
09:55:51.283 [Test worker] INFO org.evosuite.runtime.instrumentation.EvoClassLoader - Instrumenting class 'org.apache.log4j.PatternLayout'.
09:55:51.284 [Test worker] INFO org.evosuite.runtime.instrumentation.MethodCallReplacementClassAdapter - Adding mock interface to class org/apache/log4j/PatternLayout
09:55:51.285 [Test worker] INFO org.evosuite.runtime.instrumentation.CreateClassResetClassAdapter - Creating brand-new static initializer in class org/apache/log4j/PatternLayout
09:55:51.285 [Test worker] INFO org.evosuite.runtime.instrumentation.CreateClassResetClassAdapter - Adding bytecode for initializing field DEFAULT_CONVERSION_PATTERN
09:55:51.285 [Test worker] INFO org.evosuite.runtime.instrumentation.CreateClassResetClassAdapter - Adding bytecode for initializing field TTCC_CONVERSION_PATTERN
09:55:51.286 [Test worker] INFO org.evosuite.runtime.instrumentation.EvoClassLoader - Keeping class: org.apache.log4j.PatternLayout
09:55:51.286 [Test worker] INFO org.evosuite.runtime.instrumentation.EvoClassLoader - Seeing class for first time: org.apache.log4j.helpers.PatternParser
09:55:51.286 [Test worker] INFO org.evosuite.runtime.instrumentation.EvoClassLoader - Instrumenting class 'org.apache.log4j.helpers.PatternParser'.
09:55:51.288 [Test worker] INFO org.evosuite.runtime.instrumentation.MethodCallReplacementClassAdapter - Adding mock interface to class org/apache/log4j/helpers/PatternParser
09:55:51.306 [Test worker] INFO org.evosuite.runtime.instrumentation.CreateClassResetClassAdapter - Creating brand-new static initializer in class org/apache/log4j/helpers/PatternParser
09:55:51.306 [Test worker] INFO org.evosuite.runtime.instrumentation.CreateClassResetClassAdapter - Adding bytecode for initializing field ESCAPE_CHAR
09:55:51.306 [Test worker] INFO org.evosuite.runtime.instrumentation.CreateClassResetClassAdapter - Adding bytecode for initializing field LITERAL_STATE
09:55:51.306 [Test worker] INFO org.evosuite.runtime.instrumentation.CreateClassResetClassAdapter - Adding bytecode for initializing field CONVERTER_STATE
09:55:51.306 [Test worker] INFO org.evosuite.runtime.instrumentation.CreateClassResetClassAdapter - Adding bytecode for initializing field MINUS_STATE
09:55:51.306 [Test worker] INFO org.evosuite.runtime.instrumentation.CreateClassResetClassAdapter - Adding bytecode for initializing field DOT_STATE
09:55:51.306 [Test worker] INFO org.evosuite.runtime.instrumentation.CreateClassResetClassAdapter - Adding bytecode for initializing field MIN_STATE
09:55:51.306 [Test worker] INFO org.evosuite.runtime.instrumentation.CreateClassResetClassAdapter - Adding bytecode for initializing field MAX_STATE
09:55:51.307 [Test worker] INFO org.evosuite.runtime.instrumentation.CreateClassResetClassAdapter - Adding bytecode for initializing field FULL_LOCATION_CONVERTER
09:55:51.307 [Test worker] INFO org.evosuite.runtime.instrumentation.CreateClassResetClassAdapter - Adding bytecode for initializing field METHOD_LOCATION_CONVERTER
09:55:51.307 [Test worker] INFO org.evosuite.runtime.instrumentation.CreateClassResetClassAdapter - Adding bytecode for initializing field CLASS_LOCATION_CONVERTER
09:55:51.307 [Test worker] INFO org.evosuite.runtime.instrumentation.CreateClassResetClassAdapter - Adding bytecode for initializing field LINE_LOCATION_CONVERTER
09:55:51.307 [Test worker] INFO org.evosuite.runtime.instrumentation.CreateClassResetClassAdapter - Adding bytecode for initializing field FILE_LOCATION_CONVERTER
09:55:51.307 [Test worker] INFO org.evosuite.runtime.instrumentation.CreateClassResetClassAdapter - Adding bytecode for initializing field RELATIVE_TIME_CONVERTER
09:55:51.307 [Test worker] INFO org.evosuite.runtime.instrumentation.CreateClassResetClassAdapter - Adding bytecode for initializing field THREAD_CONVERTER
09:55:51.307 [Test worker] INFO org.evosuite.runtime.instrumentation.CreateClassResetClassAdapter - Adding bytecode for initializing field LEVEL_CONVERTER
09:55:51.307 [Test worker] INFO org.evosuite.runtime.instrumentation.CreateClassResetClassAdapter - Adding bytecode for initializing field NDC_CONVERTER
09:55:51.307 [Test worker] INFO org.evosuite.runtime.instrumentation.CreateClassResetClassAdapter - Adding bytecode for initializing field MESSAGE_CONVERTER
09:55:51.307 [Test worker] INFO org.evosuite.runtime.instrumentation.CreateClassResetClassAdapter - Adding bytecode for initializing field class$java$text$DateFormat
09:55:51.308 [Test worker] INFO org.evosuite.runtime.instrumentation.EvoClassLoader - Keeping class: org.apache.log4j.helpers.PatternParser
09:55:51.308 [Test worker] INFO org.evosuite.runtime.instrumentation.EvoClassLoader - Seeing class for first time: org.apache.log4j.helpers.PatternConverter
09:55:51.308 [Test worker] INFO org.evosuite.runtime.instrumentation.EvoClassLoader - Instrumenting class 'org.apache.log4j.helpers.PatternConverter'.
09:55:51.309 [Test worker] INFO org.evosuite.runtime.instrumentation.MethodCallReplacementClassAdapter - Adding mock interface to class org/apache/log4j/helpers/PatternConverter
09:55:51.311 [Test worker] INFO org.evosuite.runtime.instrumentation.CreateClassResetClassAdapter - Found static initializer in class org/apache/log4j/helpers/PatternConverter
09:55:51.311 [Test worker] INFO org.evosuite.runtime.instrumentation.EvoClassLoader - Keeping class: org.apache.log4j.helpers.PatternConverter
09:55:51.311 [Test worker] INFO org.evosuite.runtime.instrumentation.EvoClassLoader - Seeing class for first time: org.apache.log4j.helpers.PatternParser$LiteralPatternConverter
09:55:51.311 [Test worker] INFO org.evosuite.runtime.instrumentation.EvoClassLoader - Instrumenting class 'org.apache.log4j.helpers.PatternParser$LiteralPatternConverter'.
09:55:51.312 [Test worker] INFO org.evosuite.runtime.instrumentation.MethodCallReplacementClassAdapter - Adding mock interface to class org/apache/log4j/helpers/PatternParser$LiteralPatternConverter
09:55:51.313 [Test worker] INFO org.evosuite.runtime.instrumentation.CreateClassResetClassAdapter - Creating brand-new static initializer in class org/apache/log4j/helpers/PatternParser$LiteralPatternConverter
09:55:51.313 [Test worker] INFO org.evosuite.runtime.instrumentation.EvoClassLoader - Keeping class: org.apache.log4j.helpers.PatternParser$LiteralPatternConverter
09:55:51.313 [Test worker] INFO org.evosuite.runtime.instrumentation.EvoClassLoader - Seeing class for first time: org.apache.log4j.helpers.PatternParser$CategoryPatternConverter
09:55:51.313 [Test worker] INFO org.evosuite.runtime.instrumentation.EvoClassLoader - Instrumenting class 'org.apache.log4j.helpers.PatternParser$CategoryPatternConverter'.
09:55:51.314 [Test worker] INFO org.evosuite.runtime.instrumentation.MethodCallReplacementClassAdapter - Adding mock interface to class org/apache/log4j/helpers/PatternParser$CategoryPatternConverter
09:55:51.314 [Test worker] INFO org.evosuite.runtime.instrumentation.CreateClassResetClassAdapter - Creating brand-new static initializer in class org/apache/log4j/helpers/PatternParser$CategoryPatternConverter
09:55:51.315 [Test worker] INFO org.evosuite.runtime.instrumentation.EvoClassLoader - Seeing class for first time: org.apache.log4j.helpers.PatternParser$NamedPatternConverter
09:55:51.315 [Test worker] INFO org.evosuite.runtime.instrumentation.EvoClassLoader - Instrumenting class 'org.apache.log4j.helpers.PatternParser$NamedPatternConverter'.
09:55:51.315 [Test worker] INFO org.evosuite.runtime.instrumentation.MethodCallReplacementClassAdapter - Adding mock interface to class org/apache/log4j/helpers/PatternParser$NamedPatternConverter
09:55:51.316 [Test worker] INFO org.evosuite.runtime.instrumentation.CreateClassResetClassAdapter - Creating brand-new static initializer in class org/apache/log4j/helpers/PatternParser$NamedPatternConverter
09:55:51.316 [Test worker] INFO org.evosuite.runtime.instrumentation.EvoClassLoader - Keeping class: org.apache.log4j.helpers.PatternParser$NamedPatternConverter
09:55:51.316 [Test worker] INFO org.evosuite.runtime.instrumentation.EvoClassLoader - Keeping class: org.apache.log4j.helpers.PatternParser$CategoryPatternConverter
09:55:51.317 [Test worker] INFO org.evosuite.runtime.instrumentation.EvoClassLoader - Seeing class for first time: org.apache.log4j.helpers.PatternParser$ClassNamePatternConverter
09:55:51.317 [Test worker] INFO org.evosuite.runtime.instrumentation.EvoClassLoader - Instrumenting class 'org.apache.log4j.helpers.PatternParser$ClassNamePatternConverter'.
09:55:51.317 [Test worker] INFO org.evosuite.runtime.instrumentation.MethodCallReplacementClassAdapter - Adding mock interface to class org/apache/log4j/helpers/PatternParser$ClassNamePatternConverter
09:55:51.318 [Test worker] INFO org.evosuite.runtime.instrumentation.CreateClassResetClassAdapter - Creating brand-new static initializer in class org/apache/log4j/helpers/PatternParser$ClassNamePatternConverter
09:55:51.318 [Test worker] INFO org.evosuite.runtime.instrumentation.EvoClassLoader - Keeping class: org.apache.log4j.helpers.PatternParser$ClassNamePatternConverter
09:55:51.318 [Test worker] INFO org.evosuite.runtime.instrumentation.EvoClassLoader - Seeing class for first time: org.apache.log4j.helpers.ISO8601DateFormat
09:55:51.318 [Test worker] INFO org.evosuite.runtime.instrumentation.EvoClassLoader - Instrumenting class 'org.apache.log4j.helpers.ISO8601DateFormat'.
09:55:51.319 [Test worker] INFO org.evosuite.runtime.instrumentation.MethodCallReplacementClassAdapter - Adding mock interface to class org/apache/log4j/helpers/ISO8601DateFormat
09:55:51.320 [Test worker] INFO org.evosuite.runtime.instrumentation.CreateClassResetClassAdapter - Found static initializer in class org/apache/log4j/helpers/ISO8601DateFormat
09:55:51.320 [Test worker] INFO org.evosuite.runtime.instrumentation.EvoClassLoader - Seeing class for first time: org.apache.log4j.helpers.AbsoluteTimeDateFormat
09:55:51.321 [Test worker] INFO org.evosuite.runtime.instrumentation.EvoClassLoader - Instrumenting class 'org.apache.log4j.helpers.AbsoluteTimeDateFormat'.
09:55:51.321 [Test worker] INFO org.evosuite.runtime.instrumentation.MethodCallReplacementClassAdapter - Adding mock interface to class org/apache/log4j/helpers/AbsoluteTimeDateFormat
09:55:51.322 [Test worker] INFO org.evosuite.runtime.instrumentation.CreateClassResetClassAdapter - Found static initializer in class org/apache/log4j/helpers/AbsoluteTimeDateFormat
09:55:51.324 [Test worker] INFO org.evosuite.runtime.instrumentation.EvoClassLoader - Keeping class: org.apache.log4j.helpers.AbsoluteTimeDateFormat
09:55:51.324 [Test worker] INFO org.evosuite.runtime.instrumentation.EvoClassLoader - Keeping class: org.apache.log4j.helpers.ISO8601DateFormat
09:55:51.324 [Test worker] INFO org.evosuite.runtime.instrumentation.EvoClassLoader - Seeing class for first time: org.apache.log4j.helpers.DateTimeDateFormat
09:55:51.324 [Test worker] INFO org.evosuite.runtime.instrumentation.EvoClassLoader - Instrumenting class 'org.apache.log4j.helpers.DateTimeDateFormat'.
09:55:51.325 [Test worker] INFO org.evosuite.runtime.instrumentation.MethodCallReplacementClassAdapter - Adding mock interface to class org/apache/log4j/helpers/DateTimeDateFormat
09:55:51.325 [Test worker] INFO org.evosuite.runtime.instrumentation.CreateClassResetClassAdapter - Creating brand-new static initializer in class org/apache/log4j/helpers/DateTimeDateFormat
09:55:51.326 [Test worker] INFO org.evosuite.runtime.instrumentation.EvoClassLoader - Keeping class: org.apache.log4j.helpers.DateTimeDateFormat
09:55:51.326 [Test worker] INFO org.evosuite.runtime.instrumentation.EvoClassLoader - Seeing class for first time: org.apache.log4j.helpers.PatternParser$DatePatternConverter
09:55:51.326 [Test worker] INFO org.evosuite.runtime.instrumentation.EvoClassLoader - Instrumenting class 'org.apache.log4j.helpers.PatternParser$DatePatternConverter'.
09:55:51.327 [Test worker] INFO org.evosuite.runtime.instrumentation.MethodCallReplacementClassAdapter - Adding mock interface to class org/apache/log4j/helpers/PatternParser$DatePatternConverter
09:55:51.328 [Test worker] INFO org.evosuite.runtime.instrumentation.CreateClassResetClassAdapter - Creating brand-new static initializer in class org/apache/log4j/helpers/PatternParser$DatePatternConverter
09:55:51.329 [Test worker] INFO org.evosuite.runtime.instrumentation.EvoClassLoader - Keeping class: org.apache.log4j.helpers.PatternParser$DatePatternConverter
09:55:51.329 [Test worker] INFO org.evosuite.runtime.instrumentation.EvoClassLoader - Seeing class for first time: org.apache.log4j.helpers.PatternParser$LocationPatternConverter
09:55:51.329 [Test worker] INFO org.evosuite.runtime.instrumentation.EvoClassLoader - Instrumenting class 'org.apache.log4j.helpers.PatternParser$LocationPatternConverter'.
09:55:51.330 [Test worker] INFO org.evosuite.runtime.instrumentation.MethodCallReplacementClassAdapter - Adding mock interface to class org/apache/log4j/helpers/PatternParser$LocationPatternConverter
09:55:51.331 [Test worker] INFO org.evosuite.runtime.instrumentation.CreateClassResetClassAdapter - Creating brand-new static initializer in class org/apache/log4j/helpers/PatternParser$LocationPatternConverter
09:55:51.331 [Test worker] INFO org.evosuite.runtime.instrumentation.EvoClassLoader - Keeping class: org.apache.log4j.helpers.PatternParser$LocationPatternConverter
09:55:51.331 [Test worker] INFO org.evosuite.runtime.instrumentation.EvoClassLoader - Seeing class for first time: org.apache.log4j.helpers.PatternParser$BasicPatternConverter
09:55:51.331 [Test worker] INFO org.evosuite.runtime.instrumentation.EvoClassLoader - Instrumenting class 'org.apache.log4j.helpers.PatternParser$BasicPatternConverter'.
09:55:51.332 [Test worker] INFO org.evosuite.runtime.instrumentation.MethodCallReplacementClassAdapter - Adding mock interface to class org/apache/log4j/helpers/PatternParser$BasicPatternConverter
09:55:51.332 [Test worker] INFO org.evosuite.runtime.instrumentation.CreateClassResetClassAdapter - Creating brand-new static initializer in class org/apache/log4j/helpers/PatternParser$BasicPatternConverter
09:55:51.333 [Test worker] INFO org.evosuite.runtime.instrumentation.EvoClassLoader - Keeping class: org.apache.log4j.helpers.PatternParser$BasicPatternConverter
09:55:51.333 [Test worker] INFO org.evosuite.runtime.instrumentation.EvoClassLoader - Seeing class for first time: org.apache.log4j.helpers.PatternParser$MDCPatternConverter
09:55:51.333 [Test worker] INFO org.evosuite.runtime.instrumentation.EvoClassLoader - Instrumenting class 'org.apache.log4j.helpers.PatternParser$MDCPatternConverter'.
09:55:51.333 [Test worker] INFO org.evosuite.runtime.instrumentation.MethodCallReplacementClassAdapter - Adding mock interface to class org/apache/log4j/helpers/PatternParser$MDCPatternConverter
09:55:51.334 [Test worker] INFO org.evosuite.runtime.instrumentation.CreateClassResetClassAdapter - Creating brand-new static initializer in class org/apache/log4j/helpers/PatternParser$MDCPatternConverter
09:55:51.334 [Test worker] INFO org.evosuite.runtime.instrumentation.EvoClassLoader - Keeping class: org.apache.log4j.helpers.PatternParser$MDCPatternConverter
09:55:51.335 [Test worker] INFO org.evosuite.runtime.instrumentation.EvoClassLoader - Seeing class for first time: org.apache.log4j.helpers.FormattingInfo
09:55:51.335 [Test worker] INFO org.evosuite.runtime.instrumentation.EvoClassLoader - Instrumenting class 'org.apache.log4j.helpers.FormattingInfo'.
09:55:51.336 [Test worker] INFO org.evosuite.runtime.instrumentation.MethodCallReplacementClassAdapter - Adding mock interface to class org/apache/log4j/helpers/FormattingInfo
09:55:51.336 [Test worker] INFO org.evosuite.runtime.instrumentation.CreateClassResetClassAdapter - Creating brand-new static initializer in class org/apache/log4j/helpers/FormattingInfo
09:55:51.337 [Test worker] INFO org.evosuite.runtime.instrumentation.EvoClassLoader - Keeping class: org.apache.log4j.helpers.FormattingInfo
09:55:51.338 [Test worker] INFO org.evosuite.runtime.instrumentation.EvoClassLoader - Seeing class for first time: org.apache.log4j.PatternLayoutBeanInfo
09:55:51.338 [Test worker] INFO org.evosuite.runtime.instrumentation.EvoClassLoader - Instrumenting class 'org.apache.log4j.PatternLayoutBeanInfo'.
09:55:51.338 [Test worker] INFO org.evosuite.runtime.instrumentation.EvoClassLoader - Error while loading class: java.lang.ClassNotFoundException: Class 'org/apache/log4j/PatternLayoutBeanInfo.class' should be in target project, but could not be found!
09:55:51.339 [Test worker] INFO org.evosuite.runtime.instrumentation.EvoClassLoader - Seeing class for first time: org.apache.log4j.PatternLayoutBeanInfo
09:55:51.339 [Test worker] INFO org.evosuite.runtime.instrumentation.EvoClassLoader - Instrumenting class 'org.apache.log4j.PatternLayoutBeanInfo'.
09:55:51.339 [Test worker] INFO org.evosuite.runtime.instrumentation.EvoClassLoader - Error while loading class: java.lang.ClassNotFoundException: Class 'org/apache/log4j/PatternLayoutBeanInfo.class' should be in target project, but could not be found!
09:55:51.339 [Test worker] INFO org.evosuite.runtime.instrumentation.EvoClassLoader - Seeing class for first time: org.apache.log4j.LayoutBeanInfo
09:55:51.339 [Test worker] INFO org.evosuite.runtime.instrumentation.EvoClassLoader - Instrumenting class 'org.apache.log4j.LayoutBeanInfo'.
09:55:51.340 [Test worker] INFO org.evosuite.runtime.instrumentation.EvoClassLoader - Error while loading class: java.lang.ClassNotFoundException: Class 'org/apache/log4j/LayoutBeanInfo.class' should be in target project, but could not be found!
09:55:51.340 [Test worker] INFO org.evosuite.runtime.instrumentation.EvoClassLoader - Seeing class for first time: org.apache.log4j.LayoutBeanInfo
09:55:51.340 [Test worker] INFO org.evosuite.runtime.instrumentation.EvoClassLoader - Instrumenting class 'org.apache.log4j.LayoutBeanInfo'.
09:55:51.340 [Test worker] INFO org.evosuite.runtime.instrumentation.EvoClassLoader - Error while loading class: java.lang.ClassNotFoundException: Class 'org/apache/log4j/LayoutBeanInfo.class' should be in target project, but could not be found!
09:55:51.340 [Test worker] INFO org.evosuite.runtime.instrumentation.EvoClassLoader - Seeing class for first time: org.apache.log4j.LayoutCustomizer
09:55:51.340 [Test worker] INFO org.evosuite.runtime.instrumentation.EvoClassLoader - Instrumenting class 'org.apache.log4j.LayoutCustomizer'.
09:55:51.341 [Test worker] INFO org.evosuite.runtime.instrumentation.EvoClassLoader - Error while loading class: java.lang.ClassNotFoundException: Class 'org/apache/log4j/LayoutCustomizer.class' should be in target project, but could not be found!
09:55:51.341 [Test worker] INFO org.evosuite.runtime.instrumentation.EvoClassLoader - Seeing class for first time: org.apache.log4j.LayoutCustomizer
09:55:51.341 [Test worker] INFO org.evosuite.runtime.instrumentation.EvoClassLoader - Instrumenting class 'org.apache.log4j.LayoutCustomizer'.
09:55:51.341 [Test worker] INFO org.evosuite.runtime.instrumentation.EvoClassLoader - Error while loading class: java.lang.ClassNotFoundException: Class 'org/apache/log4j/LayoutCustomizer.class' should be in target project, but could not be found!
09:55:51.342 [Test worker] INFO org.evosuite.runtime.instrumentation.EvoClassLoader - Seeing class for first time: org.apache.log4j.PatternLayoutCustomizer
09:55:51.342 [Test worker] INFO org.evosuite.runtime.instrumentation.EvoClassLoader - Instrumenting class 'org.apache.log4j.PatternLayoutCustomizer'.
09:55:51.343 [Test worker] INFO org.evosuite.runtime.instrumentation.EvoClassLoader - Error while loading class: java.lang.ClassNotFoundException: Class 'org/apache/log4j/PatternLayoutCustomizer.class' should be in target project, but could not be found!
09:55:51.343 [Test worker] INFO org.evosuite.runtime.instrumentation.EvoClassLoader - Seeing class for first time: org.apache.log4j.PatternLayoutCustomizer
09:55:51.343 [Test worker] INFO org.evosuite.runtime.instrumentation.EvoClassLoader - Instrumenting class 'org.apache.log4j.PatternLayoutCustomizer'.
09:55:51.343 [Test worker] INFO org.evosuite.runtime.instrumentation.EvoClassLoader - Error while loading class: java.lang.ClassNotFoundException: Class 'org/apache/log4j/PatternLayoutCustomizer.class' should be in target project, but could not be found!
09:55:51.344 [Test worker] INFO org.evosuite.runtime.instrumentation.EvoClassLoader - Seeing class for first time: org.apache.log4j.helpers.QuietWriter
09:55:51.344 [Test worker] INFO org.evosuite.runtime.instrumentation.EvoClassLoader - Instrumenting class 'org.apache.log4j.helpers.QuietWriter'.
09:55:51.345 [Test worker] INFO org.evosuite.runtime.instrumentation.MethodCallReplacementClassAdapter - Adding mock interface to class org/apache/log4j/helpers/QuietWriter
09:55:51.348 [Test worker] INFO org.evosuite.runtime.instrumentation.CreateClassResetClassAdapter - Creating brand-new static initializer in class org/apache/log4j/helpers/QuietWriter
09:55:51.348 [Test worker] INFO org.evosuite.runtime.instrumentation.EvoClassLoader - Keeping class: org.apache.log4j.helpers.QuietWriter
09:55:51.349 [Test worker] INFO org.evosuite.runtime.instrumentation.EvoClassLoader - Seeing class for first time: org.apache.log4j.helpers.AppenderAttachableImpl
09:55:51.349 [Test worker] INFO org.evosuite.runtime.instrumentation.EvoClassLoader - Instrumenting class 'org.apache.log4j.helpers.AppenderAttachableImpl'.
09:55:51.350 [Test worker] INFO org.evosuite.runtime.instrumentation.MethodCallReplacementClassAdapter - Adding mock interface to class org/apache/log4j/helpers/AppenderAttachableImpl
09:55:51.351 [Test worker] INFO org.evosuite.runtime.instrumentation.CreateClassResetClassAdapter - Creating brand-new static initializer in class org/apache/log4j/helpers/AppenderAttachableImpl
09:55:51.352 [Test worker] INFO org.evosuite.runtime.instrumentation.EvoClassLoader - Keeping class: org.apache.log4j.helpers.AppenderAttachableImpl
09:55:51.352 [Test worker] INFO org.evosuite.runtime.instrumentation.EvoClassLoader - Seeing class for first time: org.apache.log4j.RollingFileAppender
09:55:51.352 [Test worker] INFO org.evosuite.runtime.instrumentation.EvoClassLoader - Instrumenting class 'org.apache.log4j.RollingFileAppender'.
09:55:51.353 [Test worker] INFO org.evosuite.runtime.instrumentation.MethodCallReplacementClassAdapter - Adding mock interface to class org/apache/log4j/RollingFileAppender
09:55:51.356 [Test worker] INFO org.evosuite.runtime.instrumentation.CreateClassResetClassAdapter - Creating brand-new static initializer in class org/apache/log4j/RollingFileAppender
09:55:51.357 [Test worker] INFO org.evosuite.runtime.instrumentation.EvoClassLoader - Seeing class for first time: org.apache.log4j.FileAppender
09:55:51.357 [Test worker] INFO org.evosuite.runtime.instrumentation.EvoClassLoader - Instrumenting class 'org.apache.log4j.FileAppender'.
09:55:51.358 [Test worker] INFO org.evosuite.runtime.instrumentation.MethodCallReplacementClassAdapter - Adding mock interface to class org/apache/log4j/FileAppender
09:55:51.361 [Test worker] INFO org.evosuite.runtime.instrumentation.CreateClassResetClassAdapter - Creating brand-new static initializer in class org/apache/log4j/FileAppender
09:55:51.362 [Test worker] INFO org.evosuite.runtime.instrumentation.EvoClassLoader - Keeping class: org.apache.log4j.FileAppender
09:55:51.362 [Test worker] INFO org.evosuite.runtime.instrumentation.EvoClassLoader - Keeping class: org.apache.log4j.RollingFileAppender
09:55:51.362 [Test worker] INFO org.evosuite.runtime.instrumentation.EvoClassLoader - Seeing class for first time: org.apache.log4j.helpers.CountingQuietWriter
09:55:51.363 [Test worker] INFO org.evosuite.runtime.instrumentation.EvoClassLoader - Instrumenting class 'org.apache.log4j.helpers.CountingQuietWriter'.
09:55:51.363 [Test worker] INFO org.evosuite.runtime.instrumentation.MethodCallReplacementClassAdapter - Adding mock interface to class org/apache/log4j/helpers/CountingQuietWriter
09:55:51.364 [Test worker] INFO org.evosuite.runtime.instrumentation.CreateClassResetClassAdapter - Creating brand-new static initializer in class org/apache/log4j/helpers/CountingQuietWriter
09:55:51.365 [Test worker] INFO org.evosuite.runtime.instrumentation.EvoClassLoader - Keeping class: org.apache.log4j.helpers.CountingQuietWriter
09:55:51.365 [Test worker] INFO org.evosuite.runtime.instrumentation.EvoClassLoader - Seeing class for first time: org.apache.log4j.RollingFileAppenderBeanInfo
09:55:51.365 [Test worker] INFO org.evosuite.runtime.instrumentation.EvoClassLoader - Instrumenting class 'org.apache.log4j.RollingFileAppenderBeanInfo'.
09:55:51.366 [Test worker] INFO org.evosuite.runtime.instrumentation.EvoClassLoader - Error while loading class: java.lang.ClassNotFoundException: Class 'org/apache/log4j/RollingFileAppenderBeanInfo.class' should be in target project, but could not be found!
09:55:51.367 [Test worker] INFO org.evosuite.runtime.instrumentation.EvoClassLoader - Seeing class for first time: org.apache.log4j.RollingFileAppenderBeanInfo
09:55:51.368 [Test worker] INFO org.evosuite.runtime.instrumentation.EvoClassLoader - Instrumenting class 'org.apache.log4j.RollingFileAppenderBeanInfo'.
09:55:51.368 [Test worker] INFO org.evosuite.runtime.instrumentation.EvoClassLoader - Error while loading class: java.lang.ClassNotFoundException: Class 'org/apache/log4j/RollingFileAppenderBeanInfo.class' should be in target project, but could not be found!
09:55:51.368 [Test worker] INFO org.evosuite.runtime.instrumentation.EvoClassLoader - Seeing class for first time: org.apache.log4j.FileAppenderBeanInfo
09:55:51.368 [Test worker] INFO org.evosuite.runtime.instrumentation.EvoClassLoader - Instrumenting class 'org.apache.log4j.FileAppenderBeanInfo'.
09:55:51.369 [Test worker] INFO org.evosuite.runtime.instrumentation.EvoClassLoader - Error while loading class: java.lang.ClassNotFoundException: Class 'org/apache/log4j/FileAppenderBeanInfo.class' should be in target project, but could not be found!
09:55:51.369 [Test worker] INFO org.evosuite.runtime.instrumentation.EvoClassLoader - Seeing class for first time: org.apache.log4j.FileAppenderBeanInfo
09:55:51.369 [Test worker] INFO org.evosuite.runtime.instrumentation.EvoClassLoader - Instrumenting class 'org.apache.log4j.FileAppenderBeanInfo'.
09:55:51.369 [Test worker] INFO org.evosuite.runtime.instrumentation.EvoClassLoader - Error while loading class: java.lang.ClassNotFoundException: Class 'org/apache/log4j/FileAppenderBeanInfo.class' should be in target project, but could not be found!
09:55:51.369 [Test worker] INFO org.evosuite.runtime.instrumentation.EvoClassLoader - Seeing class for first time: org.apache.log4j.FileAppenderCustomizer
09:55:51.369 [Test worker] INFO org.evosuite.runtime.instrumentation.EvoClassLoader - Instrumenting class 'org.apache.log4j.FileAppenderCustomizer'.
09:55:51.370 [Test worker] INFO org.evosuite.runtime.instrumentation.EvoClassLoader - Error while loading class: java.lang.ClassNotFoundException: Class 'org/apache/log4j/FileAppenderCustomizer.class' should be in target project, but could not be found!
09:55:51.370 [Test worker] INFO org.evosuite.runtime.instrumentation.EvoClassLoader - Seeing class for first time: org.apache.log4j.FileAppenderCustomizer
09:55:51.370 [Test worker] INFO org.evosuite.runtime.instrumentation.EvoClassLoader - Instrumenting class 'org.apache.log4j.FileAppenderCustomizer'.
09:55:51.370 [Test worker] INFO org.evosuite.runtime.instrumentation.EvoClassLoader - Error while loading class: java.lang.ClassNotFoundException: Class 'org/apache/log4j/FileAppenderCustomizer.class' should be in target project, but could not be found!
09:55:51.372 [Test worker] INFO org.evosuite.runtime.instrumentation.EvoClassLoader - Seeing class for first time: org.apache.log4j.RollingFileAppenderCustomizer
09:55:51.372 [Test worker] INFO org.evosuite.runtime.instrumentation.EvoClassLoader - Instrumenting class 'org.apache.log4j.RollingFileAppenderCustomizer'.
09:55:51.373 [Test worker] INFO org.evosuite.runtime.instrumentation.EvoClassLoader - Error while loading class: java.lang.ClassNotFoundException: Class 'org/apache/log4j/RollingFileAppenderCustomizer.class' should be in target project, but could not be found!
09:55:51.373 [Test worker] INFO org.evosuite.runtime.instrumentation.EvoClassLoader - Seeing class for first time: org.apache.log4j.RollingFileAppenderCustomizer
09:55:51.373 [Test worker] INFO org.evosuite.runtime.instrumentation.EvoClassLoader - Instrumenting class 'org.apache.log4j.RollingFileAppenderCustomizer'.
09:55:51.373 [Test worker] INFO org.evosuite.runtime.instrumentation.EvoClassLoader - Error while loading class: java.lang.ClassNotFoundException: Class 'org/apache/log4j/RollingFileAppenderCustomizer.class' should be in target project, but could not be found!
09:55:51.396 [Test worker] ERROR org.evosuite.runtime.classhandling.ClassStateSupport - Found $jacocoInit in class org.apache.log4j.DefaultCategoryFactory
09:55:51.404 [Test worker] ERROR org.evosuite.runtime.classhandling.ClassStateSupport - Class org.apache.log4j.DefaultCategoryFactory was not instrumented by EvoSuite. This could happen if you are running JUnit tests in a way that is not handled by EvoSuite, in which some classes are loaded be reflection before the tests are run. Consult the EvoSuite documentation for possible workarounds for this issue.
09:55:51.404 [Test worker] ERROR org.evosuite.runtime.classhandling.ClassStateSupport - Class org.apache.log4j.PropertyConfigurator was not instrumented by EvoSuite. This could happen if you are running JUnit tests in a way that is not handled by EvoSuite, in which some classes are loaded be reflection before the tests are run. Consult the EvoSuite documentation for possible workarounds for this issue.
09:55:51.404 [Test worker] ERROR org.evosuite.runtime.classhandling.ClassStateSupport - Class org.apache.log4j.helpers.Loader was not instrumented by EvoSuite. This could happen if you are running JUnit tests in a way that is not handled by EvoSuite, in which some classes are loaded be reflection before the tests are run. Consult the EvoSuite documentation for possible workarounds for this issue.
09:55:51.404 [Test worker] ERROR org.evosuite.runtime.classhandling.ClassStateSupport - Class org.apache.log4j.or.RendererMap was not instrumented by EvoSuite. This could happen if you are running JUnit tests in a way that is not handled by EvoSuite, in which some classes are loaded be reflection before the tests are run. Consult the EvoSuite documentation for possible workarounds for this issue.
09:55:51.404 [Test worker] ERROR org.evosuite.runtime.classhandling.ClassStateSupport - Class org.apache.commons.logging.impl.Log4JLogger was not instrumented by EvoSuite. This could happen if you are running JUnit tests in a way that is not handled by EvoSuite, in which some classes are loaded be reflection before the tests are run. Consult the EvoSuite documentation for possible workarounds for this issue.
09:55:51.404 [Test worker] ERROR org.evosuite.runtime.classhandling.ClassStateSupport - Class org.apache.log4j.ProvisionNode was not instrumented by EvoSuite. This could happen if you are running JUnit tests in a way that is not handled by EvoSuite, in which some classes are loaded be reflection before the tests are run. Consult the EvoSuite documentation for possible workarounds for this issue.
09:55:51.404 [Test worker] ERROR org.evosuite.runtime.classhandling.ClassStateSupport - Class org.apache.log4j.Hierarchy was not instrumented by EvoSuite. This could happen if you are running JUnit tests in a way that is not handled by EvoSuite, in which some classes are loaded be reflection before the tests are run. Consult the EvoSuite documentation for possible workarounds for this issue.
09:55:51.404 [Test worker] ERROR org.evosuite.runtime.classhandling.ClassStateSupport - Class org.apache.log4j.Logger was not instrumented by EvoSuite. This could happen if you are running JUnit tests in a way that is not handled by EvoSuite, in which some classes are loaded be reflection before the tests are run. Consult the EvoSuite documentation for possible workarounds for this issue.
09:55:51.404 [Test worker] ERROR org.evosuite.runtime.classhandling.ClassStateSupport - Class org.apache.lucene.store.Directory was not instrumented by EvoSuite. This could happen if you are running JUnit tests in a way that is not handled by EvoSuite, in which some classes are loaded be reflection before the tests are run. Consult the EvoSuite documentation for possible workarounds for this issue.
09:55:51.404 [Test worker] ERROR org.evosuite.runtime.classhandling.ClassStateSupport - Class org.apache.log4j.Level was not instrumented by EvoSuite. This could happen if you are running JUnit tests in a way that is not handled by EvoSuite, in which some classes are loaded be reflection before the tests are run. Consult the EvoSuite documentation for possible workarounds for this issue.
09:55:51.405 [Test worker] ERROR org.evosuite.runtime.classhandling.ClassStateSupport - Class org.apache.lucene.store.FSDirectory was not instrumented by EvoSuite. This could happen if you are running JUnit tests in a way that is not handled by EvoSuite, in which some classes are loaded be reflection before the tests are run. Consult the EvoSuite documentation for possible workarounds for this issue.
09:55:51.405 [Test worker] ERROR org.evosuite.runtime.classhandling.ClassStateSupport - Class org.apache.log4j.helpers.LogLog was not instrumented by EvoSuite. This could happen if you are running JUnit tests in a way that is not handled by EvoSuite, in which some classes are loaded be reflection before the tests are run. Consult the EvoSuite documentation for possible workarounds for this issue.
09:55:51.405 [Test worker] ERROR org.evosuite.runtime.classhandling.ClassStateSupport - Class org.apache.log4j.Category was not instrumented by EvoSuite. This could happen if you are running JUnit tests in a way that is not handled by EvoSuite, in which some classes are loaded be reflection before the tests are run. Consult the EvoSuite documentation for possible workarounds for this issue.
09:55:51.405 [Test worker] ERROR org.evosuite.runtime.classhandling.ClassStateSupport - Class org.apache.log4j.spi.DefaultRepositorySelector was not instrumented by EvoSuite. This could happen if you are running JUnit tests in a way that is not handled by EvoSuite, in which some classes are loaded be reflection before the tests are run. Consult the EvoSuite documentation for possible workarounds for this issue.
09:55:51.405 [Test worker] ERROR org.evosuite.runtime.classhandling.ClassStateSupport - Class org.asphodel.FtrException was not instrumented by EvoSuite. This could happen if you are running JUnit tests in a way that is not handled by EvoSuite, in which some classes are loaded be reflection before the tests are run. Consult the EvoSuite documentation for possible workarounds for this issue.
09:55:51.405 [Test worker] ERROR org.evosuite.runtime.classhandling.ClassStateSupport - Class org.asphodel.AsphodelConfig was not instrumented by EvoSuite. This could happen if you are running JUnit tests in a way that is not handled by EvoSuite, in which some classes are loaded be reflection before the tests are run. Consult the EvoSuite documentation for possible workarounds for this issue.
09:55:51.405 [Test worker] ERROR org.evosuite.runtime.classhandling.ClassStateSupport - Class org.asphodel.DefaultRepositoryManager was not instrumented by EvoSuite. This could happen if you are running JUnit tests in a way that is not handled by EvoSuite, in which some classes are loaded be reflection before the tests are run. Consult the EvoSuite documentation for possible workarounds for this issue.
09:55:51.405 [Test worker] ERROR org.evosuite.runtime.classhandling.ClassStateSupport - Class org.apache.lucene.analysis.Analyzer was not instrumented by EvoSuite. This could happen if you are running JUnit tests in a way that is not handled by EvoSuite, in which some classes are loaded be reflection before the tests are run. Consult the EvoSuite documentation for possible workarounds for this issue.
09:55:51.405 [Test worker] ERROR org.evosuite.runtime.classhandling.ClassStateSupport - Class org.apache.log4j.spi.RootCategory was not instrumented by EvoSuite. This could happen if you are running JUnit tests in a way that is not handled by EvoSuite, in which some classes are loaded be reflection before the tests are run. Consult the EvoSuite documentation for possible workarounds for this issue.
09:55:51.405 [Test worker] ERROR org.evosuite.runtime.classhandling.ClassStateSupport - Class org.apache.lucene.analysis.standard.StandardAnalyzer was not instrumented by EvoSuite. This could happen if you are running JUnit tests in a way that is not handled by EvoSuite, in which some classes are loaded be reflection before the tests are run. Consult the EvoSuite documentation for possible workarounds for this issue.
09:55:51.405 [Test worker] ERROR org.evosuite.runtime.classhandling.ClassStateSupport - Class org.apache.log4j.Priority was not instrumented by EvoSuite. This could happen if you are running JUnit tests in a way that is not handled by EvoSuite, in which some classes are loaded be reflection before the tests are run. Consult the EvoSuite documentation for possible workarounds for this issue.
09:55:51.405 [Test worker] ERROR org.evosuite.runtime.classhandling.ClassStateSupport - Class org.apache.log4j.CategoryKey was not instrumented by EvoSuite. This could happen if you are running JUnit tests in a way that is not handled by EvoSuite, in which some classes are loaded be reflection before the tests are run. Consult the EvoSuite documentation for possible workarounds for this issue.
09:55:51.405 [Test worker] ERROR org.evosuite.runtime.classhandling.ClassStateSupport - Class org.apache.log4j.LogManager was not instrumented by EvoSuite. This could happen if you are running JUnit tests in a way that is not handled by EvoSuite, in which some classes are loaded be reflection before the tests are run. Consult the EvoSuite documentation for possible workarounds for this issue.
09:55:51.405 [Test worker] ERROR org.evosuite.runtime.classhandling.ClassStateSupport - Class org.apache.log4j.or.DefaultRenderer was not instrumented by EvoSuite. This could happen if you are running JUnit tests in a way that is not handled by EvoSuite, in which some classes are loaded be reflection before the tests are run. Consult the EvoSuite documentation for possible workarounds for this issue.
09:55:51.405 [Test worker] ERROR org.evosuite.runtime.classhandling.ClassStateSupport - Class org.apache.log4j.helpers.OptionConverter was not instrumented by EvoSuite. This could happen if you are running JUnit tests in a way that is not handled by EvoSuite, in which some classes are loaded be reflection before the tests are run. Consult the EvoSuite documentation for possible workarounds for this issue.
09:55:51.454 [Test worker] INFO org.evosuite.runtime.thread.ThreadStopper - Found new thread
09:55:54.431 [Test worker] INFO org.evosuite.runtime.thread.ThreadStopper - Thread is still alive: junit-jupiter-timeout-watcher
09:55:54.437 [Test worker] DEBUG org.evosuite.runtime.classhandling.ClassResetter - __STATIC_RESET() method does not exists in class org.apache.log4j.Level
09:55:54.438 [Test worker] DEBUG org.evosuite.runtime.classhandling.ClassResetter - __STATIC_RESET() method does not exists in class org.apache.log4j.Priority
09:55:54.438 [Test worker] DEBUG org.evosuite.runtime.classhandling.ClassResetter - __STATIC_RESET() method does not exists in class org.apache.commons.logging.impl.Log4JLogger
09:55:54.439 [Test worker] DEBUG org.evosuite.runtime.classhandling.ClassResetter - __STATIC_RESET() method does not exists in class org.apache.log4j.Category
09:55:54.439 [Test worker] DEBUG org.evosuite.runtime.classhandling.ClassResetter - __STATIC_RESET() method does not exists in class org.apache.log4j.Logger
09:55:54.439 [Test worker] DEBUG org.evosuite.runtime.classhandling.ClassResetter - __STATIC_RESET() method does not exists in class org.apache.log4j.Hierarchy
09:55:54.439 [Test worker] DEBUG org.evosuite.runtime.classhandling.ClassResetter - __STATIC_RESET() method does not exists in class org.apache.log4j.spi.RootCategory
09:55:54.439 [Test worker] DEBUG org.evosuite.runtime.classhandling.ClassResetter - __STATIC_RESET() method does not exists in class org.apache.log4j.or.DefaultRenderer
09:55:54.440 [Test worker] DEBUG org.evosuite.runtime.classhandling.ClassResetter - __STATIC_RESET() method does not exists in class org.apache.log4j.or.RendererMap
09:55:54.440 [Test worker] DEBUG org.evosuite.runtime.classhandling.ClassResetter - __STATIC_RESET() method does not exists in class org.apache.log4j.DefaultCategoryFactory
09:55:54.440 [Test worker] DEBUG org.evosuite.runtime.classhandling.ClassResetter - __STATIC_RESET() method does not exists in class org.apache.log4j.spi.DefaultRepositorySelector
09:55:54.441 [Test worker] DEBUG org.evosuite.runtime.classhandling.ClassResetter - __STATIC_RESET() method does not exists in class org.apache.log4j.helpers.OptionConverter
09:55:54.442 [Test worker] DEBUG org.evosuite.runtime.classhandling.ClassResetter - __STATIC_RESET() method does not exists in class org.apache.log4j.helpers.Loader
09:55:54.442 [Test worker] DEBUG org.evosuite.runtime.classhandling.ClassResetter - __STATIC_RESET() method does not exists in class org.apache.log4j.helpers.LogLog
09:55:54.443 [Test worker] DEBUG org.evosuite.runtime.classhandling.ClassResetter - __STATIC_RESET() method does not exists in class org.apache.log4j.PropertyConfigurator
09:55:54.443 [Test worker] DEBUG org.evosuite.runtime.classhandling.ClassResetter - __STATIC_RESET() method does not exists in class org.apache.log4j.LogManager
09:55:54.443 [Test worker] DEBUG org.evosuite.runtime.classhandling.ClassResetter - __STATIC_RESET() method does not exists in class org.apache.log4j.CategoryKey
09:55:54.444 [Test worker] DEBUG org.evosuite.runtime.classhandling.ClassResetter - __STATIC_RESET() method does not exists in class org.apache.log4j.ProvisionNode
09:55:54.444 [Test worker] DEBUG org.evosuite.runtime.classhandling.ClassResetter - __STATIC_RESET() method does not exists in class org.asphodel.DefaultRepositoryManager
09:55:54.444 [Test worker] DEBUG org.evosuite.runtime.classhandling.ClassResetter - __STATIC_RESET() method does not exists in class org.asphodel.AsphodelConfig
09:55:54.444 [Test worker] DEBUG org.evosuite.runtime.classhandling.ClassResetter - __STATIC_RESET() method does not exists in class org.apache.lucene.store.Directory
09:55:54.444 [Test worker] DEBUG org.evosuite.runtime.classhandling.ClassResetter - __STATIC_RESET() method does not exists in class org.apache.lucene.store.FSDirectory
]]></system-out>
  <system-err><![CDATA[log4j:ERROR A "org.apache.log4j.xml.DOMConfigurator" object is not assignable to a "org.apache.log4j.spi.Configurator" variable.
log4j:ERROR The class "org.apache.log4j.spi.Configurator" was loaded by 
log4j:ERROR [sun.misc.Launcher$AppClassLoader@659e0bfd] whereas object of type 
log4j:ERROR "org.apache.log4j.xml.DOMConfigurator" was loaded by [org.evosuite.runtime.instrumentation.EvoClassLoader@2fcd7d3f].
log4j:ERROR Could not instantiate configurator [org.apache.log4j.xml.DOMConfigurator].
]]></system-err>
</testsuite>
